0	09:29:05.594	SupResZone_MTF XAUUSD.,H4: uninit reason 3
0	09:29:05.604	SupResZone_MTF XAUUSD.,H4: uninit reason 3
0	09:29:05.604	SupResZone_MTF XAUUSD.,H4: uninit reason 3
0	09:29:05.604	SupResZone_MTF XAUUSD.,H4: uninit reason 3
0	09:29:05.607	MACD-2x XAUUSD.,H4: uninit reason 3
0	09:29:05.607	Laguerre-ACS1 XAUUSD.,H4: deinitialized
0	09:29:05.607	Laguerre-ACS1 XAUUSD.,H4: uninit reason 3
0	09:29:05.612	SupResZone_MTF XAUUSD.,H1: initialized
0	09:29:05.612	SupResZone_MTF XAUUSD.,H1: initialized
0	09:29:05.612	SupResZone_MTF XAUUSD.,H1: Alert: Smaller TimeFrame selected!
0	09:29:05.612	SupResZone_MTF XAUUSD.,H1: initialized
0	09:29:05.612	SupResZone_MTF XAUUSD.,H1: initialized
0	09:29:05.613	MACD-2x XAUUSD.,H1: initialized
0	09:29:05.613	Laguerre-ACS1 XAUUSD.,H1: initialized
0	09:29:07.163	SupResZone_MTF XAUUSD.,H1: uninit reason 3
0	09:29:07.168	SupResZone_MTF XAUUSD.,H1: uninit reason 3
0	09:29:07.171	SupResZone_MTF XAUUSD.,H1: uninit reason 3
0	09:29:07.171	SupResZone_MTF XAUUSD.,H1: uninit reason 3
0	09:29:07.171	MACD-2x XAUUSD.,H1: uninit reason 3
0	09:29:07.171	Laguerre-ACS1 XAUUSD.,H1: deinitialized
0	09:29:07.171	Laguerre-ACS1 XAUUSD.,H1: uninit reason 3
0	09:29:07.171	SupResZone_MTF XAUUSD.,H4: initialized
0	09:29:07.171	SupResZone_MTF XAUUSD.,H4: Alert: Smaller TimeFrame selected!
0	09:29:07.171	SupResZone_MTF XAUUSD.,H4: initialized
0	09:29:07.171	SupResZone_MTF XAUUSD.,H4: Alert: Smaller TimeFrame selected!
0	09:29:07.171	SupResZone_MTF XAUUSD.,H4: initialized
0	09:29:07.171	SupResZone_MTF XAUUSD.,H4: initialized
0	09:29:07.171	MACD-2x XAUUSD.,H4: initialized
0	09:29:07.171	Laguerre-ACS1 XAUUSD.,H4: initialized
0	09:29:10.616	SupResZone_MTF XAGUSD.,H4: uninit reason 3
0	09:29:10.619	SupResZone_MTF XAGUSD.,H4: uninit reason 3
0	09:29:10.619	SupResZone_MTF XAGUSD.,H4: uninit reason 3
0	09:29:10.619	SupResZone_MTF XAGUSD.,H4: uninit reason 3
0	09:29:10.622	MACD-2x XAGUSD.,H4: uninit reason 3
0	09:29:10.622	Laguerre-ACS1 XAGUSD.,H4: deinitialized
0	09:29:10.622	Laguerre-ACS1 XAGUSD.,H4: uninit reason 3
0	09:29:10.630	SupResZone_MTF XAGUSD.,H1: initialized
0	09:29:10.630	SupResZone_MTF XAGUSD.,H1: initialized
0	09:29:10.630	SupResZone_MTF XAGUSD.,H1: Alert: Smaller TimeFrame selected!
0	09:29:10.630	SupResZone_MTF XAGUSD.,H1: initialized
0	09:29:10.630	SupResZone_MTF XAGUSD.,H1: initialized
0	09:29:10.631	MACD-2x XAGUSD.,H1: initialized
0	09:29:10.631	Laguerre-ACS1 XAGUSD.,H1: initialized
0	09:29:13.069	SupResZone_MTF XAGUSD.,H1: uninit reason 3
0	09:29:13.073	SupResZone_MTF XAGUSD.,H1: uninit reason 3
0	09:29:13.077	SupResZone_MTF XAGUSD.,H1: uninit reason 3
0	09:29:13.077	SupResZone_MTF XAGUSD.,H1: uninit reason 3
0	09:29:13.077	MACD-2x XAGUSD.,H1: uninit reason 3
0	09:29:13.077	Laguerre-ACS1 XAGUSD.,H1: deinitialized
0	09:29:13.077	Laguerre-ACS1 XAGUSD.,H1: uninit reason 3
0	09:29:13.077	SupResZone_MTF XAGUSD.,H4: initialized
0	09:29:13.077	SupResZone_MTF XAGUSD.,H4: Alert: Smaller TimeFrame selected!
0	09:29:13.077	SupResZone_MTF XAGUSD.,H4: initialized
0	09:29:13.077	SupResZone_MTF XAGUSD.,H4: Alert: Smaller TimeFrame selected!
0	09:29:13.077	SupResZone_MTF XAGUSD.,H4: initialized
0	09:29:13.077	SupResZone_MTF XAGUSD.,H4: initialized
0	09:29:13.077	MACD-2x XAGUSD.,H4: initialized
0	09:29:13.078	Laguerre-ACS1 XAGUSD.,H4: initialized
0	09:29:17.811	SupResZone_MTF XAGUSD.,H4: uninit reason 3
0	09:29:17.814	SupResZone_MTF XAGUSD.,H4: uninit reason 3
0	09:29:17.814	SupResZone_MTF XAGUSD.,H4: uninit reason 3
0	09:29:17.814	SupResZone_MTF XAGUSD.,H4: uninit reason 3
0	09:29:17.817	MACD-2x XAGUSD.,H4: uninit reason 3
0	09:29:17.817	Laguerre-ACS1 XAGUSD.,H4: deinitialized
0	09:29:17.817	Laguerre-ACS1 XAGUSD.,H4: uninit reason 3
0	09:29:17.817	SupResZone_MTF XAGUSD.,H1: initialized
0	09:29:17.817	SupResZone_MTF XAGUSD.,H1: initialized
0	09:29:17.817	SupResZone_MTF XAGUSD.,H1: Alert: Smaller TimeFrame selected!
0	09:29:17.817	SupResZone_MTF XAGUSD.,H1: initialized
0	09:29:17.817	SupResZone_MTF XAGUSD.,H1: initialized
0	09:29:17.817	MACD-2x XAGUSD.,H1: initialized
0	09:29:17.817	Laguerre-ACS1 XAGUSD.,H1: initialized
0	09:29:20.501	SupResZone_MTF XAGUSD.,H1: uninit reason 3
0	09:29:20.504	SupResZone_MTF XAGUSD.,H1: uninit reason 3
0	09:29:20.507	SupResZone_MTF XAGUSD.,H1: uninit reason 3
0	09:29:20.507	SupResZone_MTF XAGUSD.,H1: uninit reason 3
0	09:29:20.507	MACD-2x XAGUSD.,H1: uninit reason 3
0	09:29:20.507	Laguerre-ACS1 XAGUSD.,H1: deinitialized
0	09:29:20.507	Laguerre-ACS1 XAGUSD.,H1: uninit reason 3
0	09:29:20.507	SupResZone_MTF XAGUSD.,H4: initialized
0	09:29:20.507	SupResZone_MTF XAGUSD.,H4: Alert: Smaller TimeFrame selected!
0	09:29:20.507	SupResZone_MTF XAGUSD.,H4: initialized
0	09:29:20.507	SupResZone_MTF XAGUSD.,H4: Alert: Smaller TimeFrame selected!
0	09:29:20.507	SupResZone_MTF XAGUSD.,H4: initialized
0	09:29:20.507	SupResZone_MTF XAGUSD.,H4: initialized
0	09:29:20.507	MACD-2x XAGUSD.,H4: initialized
0	09:29:20.507	Laguerre-ACS1 XAGUSD.,H4: initialized
0	09:29:28.429	SupResZone_MTF JP225,H1: uninit reason 3
0	09:29:28.431	SupResZone_MTF JP225,H1: uninit reason 3
0	09:29:28.435	SupResZone_MTF JP225,H1: uninit reason 3
0	09:29:28.435	SupResZone_MTF JP225,H1: uninit reason 3
0	09:29:28.435	MACD-2x JP225,H1: uninit reason 3
0	09:29:28.435	Laguerre-ACS1 JP225,H1: deinitialized
0	09:29:28.435	Laguerre-ACS1 JP225,H1: uninit reason 3
0	09:29:28.436	SupResZone_MTF JP225,H4: initialized
0	09:29:28.436	SupResZone_MTF JP225,H4: Alert: Smaller TimeFrame selected!
0	09:29:28.436	SupResZone_MTF JP225,H4: initialized
0	09:29:28.437	SupResZone_MTF JP225,H4: Alert: Smaller TimeFrame selected!
0	09:29:28.437	SupResZone_MTF JP225,H4: initialized
0	09:29:28.437	SupResZone_MTF JP225,H4: initialized
0	09:29:28.437	MACD-2x JP225,H4: initialized
0	09:29:28.437	Laguerre-ACS1 JP225,H4: initialized
0	09:29:34.538	SupResZone_MTF JP225,H4: uninit reason 3
0	09:29:34.541	SupResZone_MTF JP225,H4: uninit reason 3
0	09:29:34.541	SupResZone_MTF JP225,H4: uninit reason 3
0	09:29:34.541	SupResZone_MTF JP225,H4: uninit reason 3
0	09:29:34.544	MACD-2x JP225,H4: uninit reason 3
0	09:29:34.544	Laguerre-ACS1 JP225,H4: deinitialized
0	09:29:34.544	Laguerre-ACS1 JP225,H4: uninit reason 3
0	09:29:34.544	SupResZone_MTF JP225,H1: initialized
0	09:29:34.544	SupResZone_MTF JP225,H1: initialized
0	09:29:34.544	SupResZone_MTF JP225,H1: Alert: Smaller TimeFrame selected!
0	09:29:34.544	SupResZone_MTF JP225,H1: initialized
0	09:29:34.544	SupResZone_MTF JP225,H1: initialized
0	09:29:34.544	MACD-2x JP225,H1: initialized
0	09:29:34.544	Laguerre-ACS1 JP225,H1: initialized
0	09:29:35.959	SupResZone_MTF JP225,H1: uninit reason 3
0	09:29:35.963	SupResZone_MTF JP225,H1: uninit reason 3
0	09:29:35.967	SupResZone_MTF JP225,H1: uninit reason 3
0	09:29:35.967	SupResZone_MTF JP225,H1: uninit reason 3
0	09:29:35.967	MACD-2x JP225,H1: uninit reason 3
0	09:29:35.967	Laguerre-ACS1 JP225,H1: deinitialized
0	09:29:35.967	Laguerre-ACS1 JP225,H1: uninit reason 3
0	09:29:35.967	SupResZone_MTF JP225,H4: initialized
0	09:29:35.967	SupResZone_MTF JP225,H4: Alert: Smaller TimeFrame selected!
0	09:29:35.967	SupResZone_MTF JP225,H4: initialized
0	09:29:35.967	SupResZone_MTF JP225,H4: Alert: Smaller TimeFrame selected!
0	09:29:35.967	SupResZone_MTF JP225,H4: initialized
0	09:29:35.967	SupResZone_MTF JP225,H4: initialized
0	09:29:35.967	MACD-2x JP225,H4: initialized
0	09:29:35.967	Laguerre-ACS1 JP225,H4: initialized
0	09:29:56.390	SupResZone_MTF JP225,H4: uninit reason 3
0	09:29:56.393	SupResZone_MTF JP225,H4: uninit reason 3
0	09:29:56.393	SupResZone_MTF JP225,H4: uninit reason 3
0	09:29:56.393	SupResZone_MTF JP225,H4: uninit reason 3
0	09:29:56.397	MACD-2x JP225,H4: uninit reason 3
0	09:29:56.397	Laguerre-ACS1 JP225,H4: deinitialized
0	09:29:56.397	Laguerre-ACS1 JP225,H4: uninit reason 3
0	09:29:56.398	SupResZone_MTF JP225,H1: initialized
0	09:29:56.398	SupResZone_MTF JP225,H1: initialized
0	09:29:56.398	SupResZone_MTF JP225,H1: Alert: Smaller TimeFrame selected!
0	09:29:56.398	SupResZone_MTF JP225,H1: initialized
0	09:29:56.398	SupResZone_MTF JP225,H1: initialized
0	09:29:56.398	MACD-2x JP225,H1: initialized
0	09:29:56.398	Laguerre-ACS1 JP225,H1: initialized
0	09:30:11.443	SupResZone_MTF XAUUSD.,H4: uninit reason 3
0	09:30:11.446	SupResZone_MTF XAUUSD.,H4: uninit reason 3
0	09:30:11.446	SupResZone_MTF XAUUSD.,H4: uninit reason 3
0	09:30:11.446	SupResZone_MTF XAUUSD.,H4: uninit reason 3
0	09:30:11.448	MACD-2x XAUUSD.,H4: uninit reason 3
0	09:30:11.448	Laguerre-ACS1 XAUUSD.,H4: deinitialized
0	09:30:11.448	Laguerre-ACS1 XAUUSD.,H4: uninit reason 3
0	09:30:11.449	SupResZone_MTF XAUUSD.,H1: initialized
0	09:30:11.449	SupResZone_MTF XAUUSD.,H1: initialized
0	09:30:11.449	SupResZone_MTF XAUUSD.,H1: Alert: Smaller TimeFrame selected!
0	09:30:11.449	SupResZone_MTF XAUUSD.,H1: initialized
0	09:30:11.449	SupResZone_MTF XAUUSD.,H1: initialized
0	09:30:11.449	MACD-2x XAUUSD.,H1: initialized
0	09:30:11.449	Laguerre-ACS1 XAUUSD.,H1: initialized
0	09:30:25.560	SupResZone_MTF SPX500,H1: uninit reason 3
0	09:30:25.563	SupResZone_MTF SPX500,H1: uninit reason 3
0	09:30:25.566	SupResZone_MTF SPX500,H1: uninit reason 3
0	09:30:25.566	SupResZone_MTF SPX500,H1: uninit reason 3
0	09:30:25.566	MACD-2x SPX500,H1: uninit reason 3
0	09:30:25.566	Laguerre-ACS1 SPX500,H1: deinitialized
0	09:30:25.566	Laguerre-ACS1 SPX500,H1: uninit reason 3
0	09:30:25.591	SupResZone_MTF SPX500,H4: initialized
0	09:30:25.591	SupResZone_MTF SPX500,H4: Alert: Smaller TimeFrame selected!
0	09:30:25.591	SupResZone_MTF SPX500,H4: initialized
0	09:30:25.592	SupResZone_MTF SPX500,H4: Alert: Smaller TimeFrame selected!
0	09:30:25.592	SupResZone_MTF SPX500,H4: initialized
0	09:30:25.592	SupResZone_MTF SPX500,H4: initialized
0	09:30:25.592	MACD-2x SPX500,H4: initialized
0	09:30:25.592	Laguerre-ACS1 SPX500,H4: initialized
0	09:30:26.229	SupResZone_MTF SPX500,H4: uninit reason 3
0	09:30:26.232	SupResZone_MTF SPX500,H4: uninit reason 3
0	09:30:26.232	SupResZone_MTF SPX500,H4: uninit reason 3
0	09:30:26.232	SupResZone_MTF SPX500,H4: uninit reason 3
0	09:30:26.236	MACD-2x SPX500,H4: uninit reason 3
0	09:30:26.236	Laguerre-ACS1 SPX500,H4: deinitialized
0	09:30:26.236	Laguerre-ACS1 SPX500,H4: uninit reason 3
0	09:30:26.236	SupResZone_MTF SPX500,H1: initialized
0	09:30:26.236	SupResZone_MTF SPX500,H1: initialized
0	09:30:26.236	SupResZone_MTF SPX500,H1: Alert: Smaller TimeFrame selected!
0	09:30:26.236	SupResZone_MTF SPX500,H1: initialized
0	09:30:26.236	SupResZone_MTF SPX500,H1: initialized
0	09:30:26.236	MACD-2x SPX500,H1: initialized
0	09:30:26.236	Laguerre-ACS1 SPX500,H1: initialized
0	09:30:39.410	SupResZone_MTF XAUUSD.,H1: uninit reason 3
0	09:30:39.413	SupResZone_MTF XAUUSD.,H1: uninit reason 3
0	09:30:39.416	SupResZone_MTF XAUUSD.,H1: uninit reason 3
0	09:30:39.416	SupResZone_MTF XAUUSD.,H1: uninit reason 3
0	09:30:39.416	MACD-2x XAUUSD.,H1: uninit reason 3
0	09:30:39.416	Laguerre-ACS1 XAUUSD.,H1: deinitialized
0	09:30:39.416	Laguerre-ACS1 XAUUSD.,H1: uninit reason 3
0	09:30:39.416	SupResZone_MTF XAUUSD.,H4: initialized
0	09:30:39.416	SupResZone_MTF XAUUSD.,H4: Alert: Smaller TimeFrame selected!
0	09:30:39.416	SupResZone_MTF XAUUSD.,H4: initialized
0	09:30:39.416	SupResZone_MTF XAUUSD.,H4: Alert: Smaller TimeFrame selected!
0	09:30:39.416	SupResZone_MTF XAUUSD.,H4: initialized
0	09:30:39.416	SupResZone_MTF XAUUSD.,H4: initialized
0	09:30:39.416	MACD-2x XAUUSD.,H4: initialized
0	09:30:39.417	Laguerre-ACS1 XAUUSD.,H4: initialized
0	09:30:42.967	SupResZone_MTF XAGUSD.,H4: uninit reason 3
0	09:30:42.970	SupResZone_MTF XAGUSD.,H4: uninit reason 3
0	09:30:42.970	SupResZone_MTF XAGUSD.,H4: uninit reason 3
0	09:30:42.970	SupResZone_MTF XAGUSD.,H4: uninit reason 3
0	09:30:42.972	MACD-2x XAGUSD.,H4: uninit reason 3
0	09:30:42.972	Laguerre-ACS1 XAGUSD.,H4: deinitialized
0	09:30:42.972	Laguerre-ACS1 XAGUSD.,H4: uninit reason 3
0	09:30:42.973	SupResZone_MTF XAGUSD.,H1: initialized
0	09:30:42.973	SupResZone_MTF XAGUSD.,H1: initialized
0	09:30:42.973	SupResZone_MTF XAGUSD.,H1: Alert: Smaller TimeFrame selected!
0	09:30:42.973	SupResZone_MTF XAGUSD.,H1: initialized
0	09:30:42.973	SupResZone_MTF XAGUSD.,H1: initialized
0	09:30:42.973	MACD-2x XAGUSD.,H1: initialized
0	09:30:42.973	Laguerre-ACS1 XAGUSD.,H1: initialized
0	09:30:44.322	SupResZone_MTF XAGUSD.,H1: uninit reason 3
0	09:30:44.326	SupResZone_MTF XAGUSD.,H1: uninit reason 3
0	09:30:44.329	SupResZone_MTF XAGUSD.,H1: uninit reason 3
0	09:30:44.329	SupResZone_MTF XAGUSD.,H1: uninit reason 3
0	09:30:44.329	MACD-2x XAGUSD.,H1: uninit reason 3
0	09:30:44.329	Laguerre-ACS1 XAGUSD.,H1: deinitialized
0	09:30:44.329	Laguerre-ACS1 XAGUSD.,H1: uninit reason 3
0	09:30:44.329	SupResZone_MTF XAGUSD.,H4: initialized
0	09:30:44.329	SupResZone_MTF XAGUSD.,H4: Alert: Smaller TimeFrame selected!
0	09:30:44.329	SupResZone_MTF XAGUSD.,H4: initialized
0	09:30:44.329	SupResZone_MTF XAGUSD.,H4: Alert: Smaller TimeFrame selected!
0	09:30:44.329	SupResZone_MTF XAGUSD.,H4: initialized
0	09:30:44.329	SupResZone_MTF XAGUSD.,H4: initialized
0	09:30:44.329	MACD-2x XAGUSD.,H4: initialized
0	09:30:44.329	Laguerre-ACS1 XAGUSD.,H4: initialized
0	09:31:50.999	SupResZone_MTF AUDJPY.,H1: uninit reason 3
0	09:31:51.002	SupResZone_MTF AUDJPY.,H1: uninit reason 3
0	09:31:51.005	SupResZone_MTF AUDJPY.,H1: uninit reason 3
0	09:31:51.005	SupResZone_MTF AUDJPY.,H1: uninit reason 3
0	09:31:51.005	MACD-2x AUDJPY.,H1: uninit reason 3
0	09:31:51.005	Laguerre-ACS1 AUDJPY.,H1: deinitialized
0	09:31:51.005	Laguerre-ACS1 AUDJPY.,H1: uninit reason 3
0	09:31:51.030	SupResZone_MTF AUDJPY.,H4: initialized
0	09:31:51.030	SupResZone_MTF AUDJPY.,H4: Alert: Smaller TimeFrame selected!
0	09:31:51.030	SupResZone_MTF AUDJPY.,H4: initialized
0	09:31:51.030	SupResZone_MTF AUDJPY.,H4: Alert: Smaller TimeFrame selected!
0	09:31:51.030	SupResZone_MTF AUDJPY.,H4: initialized
0	09:31:51.030	SupResZone_MTF AUDJPY.,H4: initialized
0	09:31:51.030	MACD-2x AUDJPY.,H4: initialized
0	09:31:51.030	Laguerre-ACS1 AUDJPY.,H4: initialized
0	09:31:51.601	SupResZone_MTF AUDJPY.,H4: uninit reason 3
0	09:31:51.604	SupResZone_MTF AUDJPY.,H4: uninit reason 3
0	09:31:51.604	SupResZone_MTF AUDJPY.,H4: uninit reason 3
0	09:31:51.604	SupResZone_MTF AUDJPY.,H4: uninit reason 3
0	09:31:51.607	MACD-2x AUDJPY.,H4: uninit reason 3
0	09:31:51.607	Laguerre-ACS1 AUDJPY.,H4: deinitialized
0	09:31:51.607	Laguerre-ACS1 AUDJPY.,H4: uninit reason 3
0	09:31:51.607	SupResZone_MTF AUDJPY.,H1: initialized
0	09:31:51.607	SupResZone_MTF AUDJPY.,H1: initialized
0	09:31:51.607	SupResZone_MTF AUDJPY.,H1: Alert: Smaller TimeFrame selected!
0	09:31:51.607	SupResZone_MTF AUDJPY.,H1: initialized
0	09:31:51.607	SupResZone_MTF AUDJPY.,H1: initialized
0	09:31:51.607	MACD-2x AUDJPY.,H1: initialized
0	09:31:51.607	Laguerre-ACS1 AUDJPY.,H1: initialized
0	09:32:05.916	SupResZone_MTF USDJPY.,H4: uninit reason 3
0	09:32:05.920	SupResZone_MTF USDJPY.,H4: uninit reason 3
0	09:32:05.920	SupResZone_MTF USDJPY.,H4: uninit reason 3
0	09:32:05.920	SupResZone_MTF USDJPY.,H4: uninit reason 3
0	09:32:05.923	MACD-2x USDJPY.,H4: uninit reason 3
0	09:32:05.923	Laguerre-ACS1 USDJPY.,H4: deinitialized
0	09:32:05.923	Laguerre-ACS1 USDJPY.,H4: uninit reason 3
0	09:32:05.923	SupResZone_MTF USDJPY.,Daily: initialized
0	09:32:05.924	SupResZone_MTF USDJPY.,Daily: Alert: Smaller TimeFrame selected!
0	09:32:05.924	SupResZone_MTF USDJPY.,Daily: initialized
0	09:32:05.924	SupResZone_MTF USDJPY.,Daily: Alert: Smaller TimeFrame selected!
0	09:32:05.924	SupResZone_MTF USDJPY.,Daily: initialized
0	09:32:05.924	SupResZone_MTF USDJPY.,Daily: Alert: Smaller TimeFrame selected!
0	09:32:05.924	SupResZone_MTF USDJPY.,Daily: initialized
0	09:32:05.924	MACD-2x USDJPY.,Daily: initialized
0	09:32:05.924	Laguerre-ACS1 USDJPY.,Daily: initialized
0	09:32:06.818	SupResZone_MTF USDJPY.,Daily: uninit reason 3
0	09:32:06.821	SupResZone_MTF USDJPY.,Daily: uninit reason 3
0	09:32:06.821	SupResZone_MTF USDJPY.,Daily: uninit reason 3
0	09:32:06.821	SupResZone_MTF USDJPY.,Daily: uninit reason 3
0	09:32:06.821	MACD-2x USDJPY.,Daily: uninit reason 3
0	09:32:06.821	Laguerre-ACS1 USDJPY.,Daily: deinitialized
0	09:32:06.821	Laguerre-ACS1 USDJPY.,Daily: uninit reason 3
0	09:32:06.822	SupResZone_MTF USDJPY.,H1: initialized
0	09:32:06.822	SupResZone_MTF USDJPY.,H1: initialized
0	09:32:06.822	SupResZone_MTF USDJPY.,H1: Alert: Smaller TimeFrame selected!
0	09:32:06.822	SupResZone_MTF USDJPY.,H1: initialized
0	09:32:06.822	SupResZone_MTF USDJPY.,H1: initialized
0	09:32:06.822	MACD-2x USDJPY.,H1: initialized
0	09:32:06.822	Laguerre-ACS1 USDJPY.,H1: initialized
0	09:32:07.537	SupResZone_MTF USDJPY.,H1: uninit reason 3
0	09:32:07.540	SupResZone_MTF USDJPY.,H1: uninit reason 3
0	09:32:07.543	SupResZone_MTF USDJPY.,H1: uninit reason 3
0	09:32:07.543	SupResZone_MTF USDJPY.,H1: uninit reason 3
0	09:32:07.543	MACD-2x USDJPY.,H1: uninit reason 3
0	09:32:07.543	Laguerre-ACS1 USDJPY.,H1: deinitialized
0	09:32:07.543	Laguerre-ACS1 USDJPY.,H1: uninit reason 3
0	09:32:07.543	SupResZone_MTF USDJPY.,H4: initialized
0	09:32:07.543	SupResZone_MTF USDJPY.,H4: Alert: Smaller TimeFrame selected!
0	09:32:07.543	SupResZone_MTF USDJPY.,H4: initialized
0	09:32:07.543	SupResZone_MTF USDJPY.,H4: Alert: Smaller TimeFrame selected!
0	09:32:07.543	SupResZone_MTF USDJPY.,H4: initialized
0	09:32:07.543	SupResZone_MTF USDJPY.,H4: initialized
0	09:32:07.544	MACD-2x USDJPY.,H4: initialized
0	09:32:07.544	Laguerre-ACS1 USDJPY.,H4: initialized
0	09:32:12.961	SupResZone_MTF EURJPY.,H4: uninit reason 3
0	09:32:12.964	SupResZone_MTF EURJPY.,H4: uninit reason 3
0	09:32:12.964	SupResZone_MTF EURJPY.,H4: uninit reason 3
0	09:32:12.964	SupResZone_MTF EURJPY.,H4: uninit reason 3
0	09:32:12.968	MACD-2x EURJPY.,H4: uninit reason 3
0	09:32:12.968	Laguerre-ACS1 EURJPY.,H4: deinitialized
0	09:32:12.968	Laguerre-ACS1 EURJPY.,H4: uninit reason 3
0	09:32:12.968	SupResZone_MTF EURJPY.,Daily: initialized
0	09:32:12.968	SupResZone_MTF EURJPY.,Daily: Alert: Smaller TimeFrame selected!
0	09:32:12.968	SupResZone_MTF EURJPY.,Daily: initialized
0	09:32:12.968	SupResZone_MTF EURJPY.,Daily: Alert: Smaller TimeFrame selected!
0	09:32:12.968	SupResZone_MTF EURJPY.,Daily: initialized
0	09:32:12.968	SupResZone_MTF EURJPY.,Daily: Alert: Smaller TimeFrame selected!
0	09:32:12.968	SupResZone_MTF EURJPY.,Daily: initialized
0	09:32:12.968	MACD-2x EURJPY.,Daily: initialized
0	09:32:12.968	Laguerre-ACS1 EURJPY.,Daily: initialized
0	09:32:18.358	SupResZone_MTF EURJPY.,Daily: uninit reason 3
0	09:32:18.361	SupResZone_MTF EURJPY.,Daily: uninit reason 3
0	09:32:18.361	SupResZone_MTF EURJPY.,Daily: uninit reason 3
0	09:32:18.361	SupResZone_MTF EURJPY.,Daily: uninit reason 3
0	09:32:18.361	MACD-2x EURJPY.,Daily: uninit reason 3
0	09:32:18.361	Laguerre-ACS1 EURJPY.,Daily: deinitialized
0	09:32:18.361	Laguerre-ACS1 EURJPY.,Daily: uninit reason 3
0	09:32:18.361	SupResZone_MTF EURJPY.,H4: initialized
0	09:32:18.361	SupResZone_MTF EURJPY.,H4: Alert: Smaller TimeFrame selected!
0	09:32:18.361	SupResZone_MTF EURJPY.,H4: initialized
0	09:32:18.361	SupResZone_MTF EURJPY.,H4: Alert: Smaller TimeFrame selected!
0	09:32:18.361	SupResZone_MTF EURJPY.,H4: initialized
0	09:32:18.361	SupResZone_MTF EURJPY.,H4: initialized
0	09:32:18.361	MACD-2x EURJPY.,H4: initialized
0	09:32:18.361	Laguerre-ACS1 EURJPY.,H4: initialized
0	09:32:19.680	SupResZone_MTF EURJPY.,H4: uninit reason 3
0	09:32:19.684	SupResZone_MTF EURJPY.,H4: uninit reason 3
0	09:32:19.684	SupResZone_MTF EURJPY.,H4: uninit reason 3
0	09:32:19.684	SupResZone_MTF EURJPY.,H4: uninit reason 3
0	09:32:19.686	MACD-2x EURJPY.,H4: uninit reason 3
0	09:32:19.686	Laguerre-ACS1 EURJPY.,H4: deinitialized
0	09:32:19.686	Laguerre-ACS1 EURJPY.,H4: uninit reason 3
0	09:32:19.713	SupResZone_MTF EURJPY.,H1: initialized
0	09:32:19.713	SupResZone_MTF EURJPY.,H1: initialized
0	09:32:19.713	SupResZone_MTF EURJPY.,H1: Alert: Smaller TimeFrame selected!
0	09:32:19.713	SupResZone_MTF EURJPY.,H1: initialized
0	09:32:19.713	SupResZone_MTF EURJPY.,H1: initialized
0	09:32:19.713	MACD-2x EURJPY.,H1: initialized
0	09:32:19.713	Laguerre-ACS1 EURJPY.,H1: initialized
0	09:32:36.414	SupResZone_MTF EURJPY.,H1: uninit reason 3
0	09:32:36.418	SupResZone_MTF EURJPY.,H1: uninit reason 3
0	09:32:36.421	SupResZone_MTF EURJPY.,H1: uninit reason 3
0	09:32:36.421	SupResZone_MTF EURJPY.,H1: uninit reason 3
0	09:32:36.421	MACD-2x EURJPY.,H1: uninit reason 3
0	09:32:36.421	Laguerre-ACS1 EURJPY.,H1: deinitialized
0	09:32:36.421	Laguerre-ACS1 EURJPY.,H1: uninit reason 3
0	09:32:36.421	SupResZone_MTF EURJPY.,H4: initialized
0	09:32:36.421	SupResZone_MTF EURJPY.,H4: Alert: Smaller TimeFrame selected!
0	09:32:36.421	SupResZone_MTF EURJPY.,H4: initialized
0	09:32:36.421	SupResZone_MTF EURJPY.,H4: Alert: Smaller TimeFrame selected!
0	09:32:36.421	SupResZone_MTF EURJPY.,H4: initialized
0	09:32:36.421	SupResZone_MTF EURJPY.,H4: initialized
0	09:32:36.421	MACD-2x EURJPY.,H4: initialized
0	09:32:36.422	Laguerre-ACS1 EURJPY.,H4: initialized
0	09:32:37.422	SupResZone_MTF EURJPY.,H4: uninit reason 3
0	09:32:37.427	SupResZone_MTF EURJPY.,H4: uninit reason 3
0	09:32:37.427	SupResZone_MTF EURJPY.,H4: uninit reason 3
0	09:32:37.427	SupResZone_MTF EURJPY.,H4: uninit reason 3
0	09:32:37.430	MACD-2x EURJPY.,H4: uninit reason 3
0	09:32:37.430	Laguerre-ACS1 EURJPY.,H4: deinitialized
0	09:32:37.430	Laguerre-ACS1 EURJPY.,H4: uninit reason 3
0	09:32:37.430	SupResZone_MTF EURJPY.,H1: initialized
0	09:32:37.430	SupResZone_MTF EURJPY.,H1: initialized
0	09:32:37.430	SupResZone_MTF EURJPY.,H1: Alert: Smaller TimeFrame selected!
0	09:32:37.430	SupResZone_MTF EURJPY.,H1: initialized
0	09:32:37.430	SupResZone_MTF EURJPY.,H1: initialized
0	09:32:37.430	MACD-2x EURJPY.,H1: initialized
0	09:32:37.430	Laguerre-ACS1 EURJPY.,H1: initialized
0	09:32:44.816	SupResZone_MTF EURUSD.,H4: uninit reason 3
0	09:32:44.820	SupResZone_MTF EURUSD.,H4: uninit reason 3
0	09:32:44.820	SupResZone_MTF EURUSD.,H4: uninit reason 3
0	09:32:44.820	SupResZone_MTF EURUSD.,H4: uninit reason 3
0	09:32:44.824	MACD-2x EURUSD.,H4: uninit reason 3
0	09:32:44.824	Laguerre-ACS1 EURUSD.,H4: deinitialized
0	09:32:44.824	Laguerre-ACS1 EURUSD.,H4: uninit reason 3
0	09:32:44.850	SupResZone_MTF EURUSD.,H1: initialized
0	09:32:44.850	SupResZone_MTF EURUSD.,H1: initialized
0	09:32:44.851	SupResZone_MTF EURUSD.,H1: Alert: Smaller TimeFrame selected!
0	09:32:44.851	SupResZone_MTF EURUSD.,H1: initialized
0	09:32:44.851	SupResZone_MTF EURUSD.,H1: initialized
0	09:32:44.851	MACD-2x EURUSD.,H1: initialized
0	09:32:44.851	Laguerre-ACS1 EURUSD.,H1: initialized
0	09:32:47.841	SupResZone_MTF EURUSD.,H1: uninit reason 3
0	09:32:47.844	SupResZone_MTF EURUSD.,H1: uninit reason 3
0	09:32:47.848	SupResZone_MTF EURUSD.,H1: uninit reason 3
0	09:32:47.848	SupResZone_MTF EURUSD.,H1: uninit reason 3
0	09:32:47.848	MACD-2x EURUSD.,H1: uninit reason 3
0	09:32:47.848	Laguerre-ACS1 EURUSD.,H1: deinitialized
0	09:32:47.848	Laguerre-ACS1 EURUSD.,H1: uninit reason 3
0	09:32:47.848	SupResZone_MTF EURUSD.,H4: initialized
0	09:32:47.848	SupResZone_MTF EURUSD.,H4: Alert: Smaller TimeFrame selected!
0	09:32:47.848	SupResZone_MTF EURUSD.,H4: initialized
0	09:32:47.848	SupResZone_MTF EURUSD.,H4: Alert: Smaller TimeFrame selected!
0	09:32:47.848	SupResZone_MTF EURUSD.,H4: initialized
0	09:32:47.848	SupResZone_MTF EURUSD.,H4: initialized
0	09:32:47.848	MACD-2x EURUSD.,H4: initialized
0	09:32:47.848	Laguerre-ACS1 EURUSD.,H4: initialized
0	09:32:49.271	SupResZone_MTF EURUSD.,H4: uninit reason 3
0	09:32:49.274	SupResZone_MTF EURUSD.,H4: uninit reason 3
0	09:32:49.274	SupResZone_MTF EURUSD.,H4: uninit reason 3
0	09:32:49.274	SupResZone_MTF EURUSD.,H4: uninit reason 3
0	09:32:49.277	MACD-2x EURUSD.,H4: uninit reason 3
0	09:32:49.277	Laguerre-ACS1 EURUSD.,H4: deinitialized
0	09:32:49.277	Laguerre-ACS1 EURUSD.,H4: uninit reason 3
0	09:32:49.277	SupResZone_MTF EURUSD.,H1: initialized
0	09:32:49.277	SupResZone_MTF EURUSD.,H1: initialized
0	09:32:49.277	SupResZone_MTF EURUSD.,H1: Alert: Smaller TimeFrame selected!
0	09:32:49.277	SupResZone_MTF EURUSD.,H1: initialized
0	09:32:49.277	SupResZone_MTF EURUSD.,H1: initialized
0	09:32:49.277	MACD-2x EURUSD.,H1: initialized
0	09:32:49.277	Laguerre-ACS1 EURUSD.,H1: initialized
0	09:35:30.978	SupResZone_MTF USDCHF.,H4: uninit reason 3
0	09:35:30.981	SupResZone_MTF USDCHF.,H4: uninit reason 3
0	09:35:30.981	SupResZone_MTF USDCHF.,H4: uninit reason 3
0	09:35:30.981	SupResZone_MTF USDCHF.,H4: uninit reason 3
0	09:35:30.984	MACD-2x USDCHF.,H4: uninit reason 3
0	09:35:30.984	Laguerre-ACS1 USDCHF.,H4: deinitialized
0	09:35:30.984	Laguerre-ACS1 USDCHF.,H4: uninit reason 3
0	09:35:31.009	SupResZone_MTF USDCHF.,Weekly: Alert: Smaller TimeFrame selected!
0	09:35:31.009	SupResZone_MTF USDCHF.,Weekly: initialized
0	09:35:31.009	SupResZone_MTF USDCHF.,Weekly: Alert: Smaller TimeFrame selected!
0	09:35:31.009	SupResZone_MTF USDCHF.,Weekly: initialized
0	09:35:31.009	SupResZone_MTF USDCHF.,Weekly: Alert: Smaller TimeFrame selected!
0	09:35:31.009	SupResZone_MTF USDCHF.,Weekly: initialized
0	09:35:31.009	SupResZone_MTF USDCHF.,Weekly: Alert: Smaller TimeFrame selected!
0	09:35:31.009	SupResZone_MTF USDCHF.,Weekly: initialized
0	09:35:31.009	MACD-2x USDCHF.,Weekly: initialized
0	09:35:31.009	Laguerre-ACS1 USDCHF.,Weekly: initialized
0	09:35:33.385	SupResZone_MTF USDCHF.,Weekly: uninit reason 3
0	09:35:33.385	SupResZone_MTF USDCHF.,Weekly: uninit reason 3
0	09:35:33.385	SupResZone_MTF USDCHF.,Weekly: uninit reason 3
0	09:35:33.385	SupResZone_MTF USDCHF.,Weekly: uninit reason 3
0	09:35:33.385	MACD-2x USDCHF.,Weekly: uninit reason 3
0	09:35:33.385	Laguerre-ACS1 USDCHF.,Weekly: deinitialized
0	09:35:33.385	Laguerre-ACS1 USDCHF.,Weekly: uninit reason 3
0	09:35:33.385	SupResZone_MTF USDCHF.,Daily: initialized
0	09:35:33.385	SupResZone_MTF USDCHF.,Daily: Alert: Smaller TimeFrame selected!
0	09:35:33.385	SupResZone_MTF USDCHF.,Daily: initialized
0	09:35:33.385	SupResZone_MTF USDCHF.,Daily: Alert: Smaller TimeFrame selected!
0	09:35:33.385	SupResZone_MTF USDCHF.,Daily: initialized
0	09:35:33.385	SupResZone_MTF USDCHF.,Daily: Alert: Smaller TimeFrame selected!
0	09:35:33.385	SupResZone_MTF USDCHF.,Daily: initialized
0	09:35:33.385	MACD-2x USDCHF.,Daily: initialized
0	09:35:33.385	Laguerre-ACS1 USDCHF.,Daily: initialized
0	09:35:35.690	SupResZone_MTF USDCHF.,Daily: uninit reason 3
0	09:35:35.693	SupResZone_MTF USDCHF.,Daily: uninit reason 3
0	09:35:35.693	SupResZone_MTF USDCHF.,Daily: uninit reason 3
0	09:35:35.693	SupResZone_MTF USDCHF.,Daily: uninit reason 3
0	09:35:35.693	MACD-2x USDCHF.,Daily: uninit reason 3
0	09:35:35.693	Laguerre-ACS1 USDCHF.,Daily: deinitialized
0	09:35:35.693	Laguerre-ACS1 USDCHF.,Daily: uninit reason 3
0	09:35:35.693	SupResZone_MTF USDCHF.,H4: initialized
0	09:35:35.693	SupResZone_MTF USDCHF.,H4: Alert: Smaller TimeFrame selected!
0	09:35:35.693	SupResZone_MTF USDCHF.,H4: initialized
0	09:35:35.693	SupResZone_MTF USDCHF.,H4: Alert: Smaller TimeFrame selected!
0	09:35:35.693	SupResZone_MTF USDCHF.,H4: initialized
0	09:35:35.693	SupResZone_MTF USDCHF.,H4: initialized
0	09:35:35.693	MACD-2x USDCHF.,H4: initialized
0	09:35:35.693	Laguerre-ACS1 USDCHF.,H4: initialized
0	09:37:23.745	SupResZone_MTF USDCHF.,H4: uninit reason 3
0	09:37:23.749	SupResZone_MTF USDCHF.,H4: uninit reason 3
0	09:37:23.749	SupResZone_MTF USDCHF.,H4: uninit reason 3
0	09:37:23.749	SupResZone_MTF USDCHF.,H4: uninit reason 3
0	09:37:23.752	MACD-2x USDCHF.,H4: uninit reason 3
0	09:37:23.752	Laguerre-ACS1 USDCHF.,H4: deinitialized
0	09:37:23.752	Laguerre-ACS1 USDCHF.,H4: uninit reason 3
0	09:37:23.752	SupResZone_MTF USDCHF.,Daily: initialized
0	09:37:23.752	SupResZone_MTF USDCHF.,Daily: Alert: Smaller TimeFrame selected!
0	09:37:23.752	SupResZone_MTF USDCHF.,Daily: initialized
0	09:37:23.752	SupResZone_MTF USDCHF.,Daily: Alert: Smaller TimeFrame selected!
0	09:37:23.752	SupResZone_MTF USDCHF.,Daily: initialized
0	09:37:23.752	SupResZone_MTF USDCHF.,Daily: Alert: Smaller TimeFrame selected!
0	09:37:23.752	SupResZone_MTF USDCHF.,Daily: initialized
0	09:37:23.752	MACD-2x USDCHF.,Daily: initialized
0	09:37:23.752	Laguerre-ACS1 USDCHF.,Daily: initialized
0	09:37:24.590	SupResZone_MTF USDCHF.,Daily: uninit reason 3
0	09:37:24.594	SupResZone_MTF USDCHF.,Daily: uninit reason 3
0	09:37:24.594	SupResZone_MTF USDCHF.,Daily: uninit reason 3
0	09:37:24.594	SupResZone_MTF USDCHF.,Daily: uninit reason 3
0	09:37:24.594	MACD-2x USDCHF.,Daily: uninit reason 3
0	09:37:24.594	Laguerre-ACS1 USDCHF.,Daily: deinitialized
0	09:37:24.594	Laguerre-ACS1 USDCHF.,Daily: uninit reason 3
0	09:37:24.594	SupResZone_MTF USDCHF.,H4: initialized
0	09:37:24.594	SupResZone_MTF USDCHF.,H4: Alert: Smaller TimeFrame selected!
0	09:37:24.594	SupResZone_MTF USDCHF.,H4: initialized
0	09:37:24.594	SupResZone_MTF USDCHF.,H4: Alert: Smaller TimeFrame selected!
0	09:37:24.594	SupResZone_MTF USDCHF.,H4: initialized
0	09:37:24.594	SupResZone_MTF USDCHF.,H4: initialized
0	09:37:24.594	MACD-2x USDCHF.,H4: initialized
0	09:37:24.594	Laguerre-ACS1 USDCHF.,H4: initialized
0	09:37:41.430	SupResZone_MTF USDCHF.,H4: uninit reason 3
0	09:37:41.433	SupResZone_MTF USDCHF.,H4: uninit reason 3
0	09:37:41.433	SupResZone_MTF USDCHF.,H4: uninit reason 3
0	09:37:41.433	SupResZone_MTF USDCHF.,H4: uninit reason 3
0	09:37:41.436	MACD-2x USDCHF.,H4: uninit reason 3
0	09:37:41.436	Laguerre-ACS1 USDCHF.,H4: deinitialized
0	09:37:41.436	Laguerre-ACS1 USDCHF.,H4: uninit reason 3
0	09:37:41.437	SupResZone_MTF USDCHF.,Daily: initialized
0	09:37:41.437	SupResZone_MTF USDCHF.,Daily: Alert: Smaller TimeFrame selected!
0	09:37:41.437	SupResZone_MTF USDCHF.,Daily: initialized
0	09:37:41.437	SupResZone_MTF USDCHF.,Daily: Alert: Smaller TimeFrame selected!
0	09:37:41.437	SupResZone_MTF USDCHF.,Daily: initialized
0	09:37:41.437	SupResZone_MTF USDCHF.,Daily: Alert: Smaller TimeFrame selected!
0	09:37:41.437	SupResZone_MTF USDCHF.,Daily: initialized
0	09:37:41.437	MACD-2x USDCHF.,Daily: initialized
0	09:37:41.437	Laguerre-ACS1 USDCHF.,Daily: initialized
0	09:37:42.643	SupResZone_MTF USDCHF.,Daily: uninit reason 3
0	09:37:42.646	SupResZone_MTF USDCHF.,Daily: uninit reason 3
0	09:37:42.646	SupResZone_MTF USDCHF.,Daily: uninit reason 3
0	09:37:42.646	SupResZone_MTF USDCHF.,Daily: uninit reason 3
0	09:37:42.646	MACD-2x USDCHF.,Daily: uninit reason 3
0	09:37:42.646	Laguerre-ACS1 USDCHF.,Daily: deinitialized
0	09:37:42.646	Laguerre-ACS1 USDCHF.,Daily: uninit reason 3
0	09:37:42.646	SupResZone_MTF USDCHF.,H4: initialized
0	09:37:42.646	SupResZone_MTF USDCHF.,H4: Alert: Smaller TimeFrame selected!
0	09:37:42.646	SupResZone_MTF USDCHF.,H4: initialized
0	09:37:42.646	SupResZone_MTF USDCHF.,H4: Alert: Smaller TimeFrame selected!
0	09:37:42.646	SupResZone_MTF USDCHF.,H4: initialized
0	09:37:42.646	SupResZone_MTF USDCHF.,H4: initialized
0	09:37:42.646	MACD-2x USDCHF.,H4: initialized
0	09:37:42.646	Laguerre-ACS1 USDCHF.,H4: initialized
0	09:38:00.460	SupResZone_MTF USDCAD.,H4: uninit reason 3
0	09:38:00.463	SupResZone_MTF USDCAD.,H4: uninit reason 3
0	09:38:00.463	SupResZone_MTF USDCAD.,H4: uninit reason 3
0	09:38:00.463	SupResZone_MTF USDCAD.,H4: uninit reason 3
0	09:38:00.466	MACD-2x USDCAD.,H4: uninit reason 3
0	09:38:00.466	Laguerre-ACS1 USDCAD.,H4: deinitialized
0	09:38:00.466	Laguerre-ACS1 USDCAD.,H4: uninit reason 3
0	09:38:00.466	SupResZone_MTF USDCAD.,Daily: initialized
0	09:38:00.467	SupResZone_MTF USDCAD.,Daily: Alert: Smaller TimeFrame selected!
0	09:38:00.467	SupResZone_MTF USDCAD.,Daily: initialized
0	09:38:00.467	SupResZone_MTF USDCAD.,Daily: Alert: Smaller TimeFrame selected!
0	09:38:00.467	SupResZone_MTF USDCAD.,Daily: initialized
0	09:38:00.467	SupResZone_MTF USDCAD.,Daily: Alert: Smaller TimeFrame selected!
0	09:38:00.467	SupResZone_MTF USDCAD.,Daily: initialized
0	09:38:00.467	MACD-2x USDCAD.,Daily: initialized
0	09:38:00.467	Laguerre-ACS1 USDCAD.,Daily: initialized
0	09:38:05.446	SupResZone_MTF USDCAD.,Daily: uninit reason 3
0	09:38:05.449	SupResZone_MTF USDCAD.,Daily: uninit reason 3
0	09:38:05.449	SupResZone_MTF USDCAD.,Daily: uninit reason 3
0	09:38:05.449	SupResZone_MTF USDCAD.,Daily: uninit reason 3
0	09:38:05.449	MACD-2x USDCAD.,Daily: uninit reason 3
0	09:38:05.449	Laguerre-ACS1 USDCAD.,Daily: deinitialized
0	09:38:05.449	Laguerre-ACS1 USDCAD.,Daily: uninit reason 3
0	09:38:05.449	SupResZone_MTF USDCAD.,H4: initialized
0	09:38:05.449	SupResZone_MTF USDCAD.,H4: Alert: Smaller TimeFrame selected!
0	09:38:05.449	SupResZone_MTF USDCAD.,H4: initialized
0	09:38:05.449	SupResZone_MTF USDCAD.,H4: Alert: Smaller TimeFrame selected!
0	09:38:05.449	SupResZone_MTF USDCAD.,H4: initialized
0	09:38:05.449	SupResZone_MTF USDCAD.,H4: initialized
0	09:38:05.449	MACD-2x USDCAD.,H4: initialized
0	09:38:05.449	Laguerre-ACS1 USDCAD.,H4: initialized
0	09:38:11.558	SupResZone_MTF USDCAD.,H4: uninit reason 3
0	09:38:11.562	SupResZone_MTF USDCAD.,H4: uninit reason 3
0	09:38:11.562	SupResZone_MTF USDCAD.,H4: uninit reason 3
0	09:38:11.562	SupResZone_MTF USDCAD.,H4: uninit reason 3
0	09:38:11.564	MACD-2x USDCAD.,H4: uninit reason 3
0	09:38:11.564	Laguerre-ACS1 USDCAD.,H4: deinitialized
0	09:38:11.564	Laguerre-ACS1 USDCAD.,H4: uninit reason 3
0	09:38:11.590	SupResZone_MTF USDCAD.,H1: initialized
0	09:38:11.590	SupResZone_MTF USDCAD.,H1: initialized
0	09:38:11.591	SupResZone_MTF USDCAD.,H1: Alert: Smaller TimeFrame selected!
0	09:38:11.591	SupResZone_MTF USDCAD.,H1: initialized
0	09:38:11.591	SupResZone_MTF USDCAD.,H1: initialized
0	09:38:11.591	MACD-2x USDCAD.,H1: initialized
0	09:38:11.591	Laguerre-ACS1 USDCAD.,H1: initialized
0	09:38:18.387	SupResZone_MTF USDCAD.,H1: uninit reason 3
0	09:38:18.390	SupResZone_MTF USDCAD.,H1: uninit reason 3
0	09:38:18.392	SupResZone_MTF USDCAD.,H1: uninit reason 3
0	09:38:18.392	SupResZone_MTF USDCAD.,H1: uninit reason 3
0	09:38:18.392	MACD-2x USDCAD.,H1: uninit reason 3
0	09:38:18.392	Laguerre-ACS1 USDCAD.,H1: deinitialized
0	09:38:18.392	Laguerre-ACS1 USDCAD.,H1: uninit reason 3
0	09:38:18.392	SupResZone_MTF USDCAD.,H4: initialized
0	09:38:18.392	SupResZone_MTF USDCAD.,H4: Alert: Smaller TimeFrame selected!
0	09:38:18.392	SupResZone_MTF USDCAD.,H4: initialized
0	09:38:18.392	SupResZone_MTF USDCAD.,H4: Alert: Smaller TimeFrame selected!
0	09:38:18.392	SupResZone_MTF USDCAD.,H4: initialized
0	09:38:18.392	SupResZone_MTF USDCAD.,H4: initialized
0	09:38:18.392	MACD-2x USDCAD.,H4: initialized
0	09:38:18.392	Laguerre-ACS1 USDCAD.,H4: initialized
0	09:42:06.354	SupResZone_MTF EURUSD.,H1: uninit reason 3
0	09:42:06.358	SupResZone_MTF EURUSD.,H1: uninit reason 3
0	09:42:06.361	SupResZone_MTF EURUSD.,H1: uninit reason 3
0	09:42:06.361	SupResZone_MTF EURUSD.,H1: uninit reason 3
0	09:42:06.361	MACD-2x EURUSD.,H1: uninit reason 3
0	09:42:06.361	Laguerre-ACS1 EURUSD.,H1: deinitialized
0	09:42:06.361	Laguerre-ACS1 EURUSD.,H1: uninit reason 3
0	09:42:06.361	SupResZone_MTF EURUSD.,H4: initialized
0	09:42:06.361	SupResZone_MTF EURUSD.,H4: Alert: Smaller TimeFrame selected!
0	09:42:06.361	SupResZone_MTF EURUSD.,H4: initialized
0	09:42:06.361	SupResZone_MTF EURUSD.,H4: Alert: Smaller TimeFrame selected!
0	09:42:06.361	SupResZone_MTF EURUSD.,H4: initialized
0	09:42:06.361	SupResZone_MTF EURUSD.,H4: initialized
0	09:42:06.361	MACD-2x EURUSD.,H4: initialized
0	09:42:06.361	Laguerre-ACS1 EURUSD.,H4: initialized
0	09:45:13.148	SupResZone_MTF USDJPY.,H4: uninit reason 3
0	09:45:13.151	SupResZone_MTF USDJPY.,H4: uninit reason 3
0	09:45:13.151	SupResZone_MTF USDJPY.,H4: uninit reason 3
0	09:45:13.151	SupResZone_MTF USDJPY.,H4: uninit reason 3
0	09:45:13.154	MACD-2x USDJPY.,H4: uninit reason 3
0	09:45:13.154	Laguerre-ACS1 USDJPY.,H4: deinitialized
0	09:45:13.154	Laguerre-ACS1 USDJPY.,H4: uninit reason 3
0	09:45:13.154	SupResZone_MTF USDJPY.,H1: initialized
0	09:45:13.154	SupResZone_MTF USDJPY.,H1: initialized
0	09:45:13.154	SupResZone_MTF USDJPY.,H1: Alert: Smaller TimeFrame selected!
0	09:45:13.154	SupResZone_MTF USDJPY.,H1: initialized
0	09:45:13.154	SupResZone_MTF USDJPY.,H1: initialized
0	09:45:13.154	MACD-2x USDJPY.,H1: initialized
0	09:45:13.154	Laguerre-ACS1 USDJPY.,H1: initialized
0	09:46:28.565	SupResZone_MTF USDXXX,Daily: uninit reason 9
0	09:46:28.575	SupResZone_MTF USDXXX,Daily: uninit reason 9
0	09:46:28.575	SupResZone_MTF USDXXX,Daily: uninit reason 9
0	09:46:28.576	SupResZone_MTF USDXXX,Daily: uninit reason 9
0	09:46:28.576	MACD-2x USDXXX,Daily: uninit reason 9
0	09:46:28.576	Laguerre-ACS1 USDXXX,Daily: deinitialized
0	09:46:28.576	Laguerre-ACS1 USDXXX,Daily: uninit reason 9
0	09:46:28.576	SupResZone_MTF XAUUSD.,H4: uninit reason 9
0	09:46:28.585	SupResZone_MTF XAUUSD.,H4: uninit reason 9
0	09:46:28.585	SupResZone_MTF XAUUSD.,H4: uninit reason 9
0	09:46:28.585	SupResZone_MTF XAUUSD.,H4: uninit reason 9
0	09:46:28.596	MACD-2x XAUUSD.,H4: uninit reason 9
0	09:46:28.596	Laguerre-ACS1 XAUUSD.,H4: deinitialized
0	09:46:28.596	Laguerre-ACS1 XAUUSD.,H4: uninit reason 9
0	09:46:28.596	SupResZone_MTF XAGUSD.,H4: uninit reason 9
0	09:46:28.600	SupResZone_MTF XAGUSD.,H4: uninit reason 9
0	09:46:28.600	SupResZone_MTF XAGUSD.,H4: uninit reason 9
0	09:46:28.600	SupResZone_MTF XAGUSD.,H4: uninit reason 9
0	09:46:28.604	MACD-2x XAGUSD.,H4: uninit reason 9
0	09:46:28.604	Laguerre-ACS1 XAGUSD.,H4: deinitialized
0	09:46:28.604	Laguerre-ACS1 XAGUSD.,H4: uninit reason 9
0	09:46:28.604	SupResZone_MTF US_OIL,H4: uninit reason 9
0	09:46:28.608	SupResZone_MTF US_OIL,H4: uninit reason 9
0	09:46:28.608	SupResZone_MTF US_OIL,H4: uninit reason 9
0	09:46:28.608	SupResZone_MTF US_OIL,H4: uninit reason 9
0	09:46:28.614	MACD-2x US_OIL,H4: uninit reason 9
0	09:46:28.614	Laguerre-ACS1 US_OIL,H4: deinitialized
0	09:46:28.614	Laguerre-ACS1 US_OIL,H4: uninit reason 9
0	09:46:28.614	SupResZone_MTF JP225,H1: uninit reason 9
0	09:46:28.617	SupResZone_MTF JP225,H1: uninit reason 9
0	09:46:28.621	SupResZone_MTF JP225,H1: uninit reason 9
0	09:46:28.621	SupResZone_MTF JP225,H1: uninit reason 9
0	09:46:28.621	MACD-2x JP225,H1: uninit reason 9
0	09:46:28.621	Laguerre-ACS1 JP225,H1: deinitialized
0	09:46:28.621	Laguerre-ACS1 JP225,H1: uninit reason 9
0	09:46:28.621	SupResZone_MTF SPX500,H1: uninit reason 9
0	09:46:28.625	SupResZone_MTF SPX500,H1: uninit reason 9
0	09:46:28.628	SupResZone_MTF SPX500,H1: uninit reason 9
0	09:46:28.628	SupResZone_MTF SPX500,H1: uninit reason 9
0	09:46:28.628	MACD-2x SPX500,H1: uninit reason 9
0	09:46:28.629	Laguerre-ACS1 SPX500,H1: deinitialized
0	09:46:28.629	Laguerre-ACS1 SPX500,H1: uninit reason 9
0	09:46:28.629	SupResZone_MTF EURAUD.,H4: uninit reason 9
0	09:46:28.632	SupResZone_MTF EURAUD.,H4: uninit reason 9
0	09:46:28.632	SupResZone_MTF EURAUD.,H4: uninit reason 9
0	09:46:28.632	SupResZone_MTF EURAUD.,H4: uninit reason 9
0	09:46:28.636	MACD-2x EURAUD.,H4: uninit reason 9
0	09:46:28.636	Laguerre-ACS1 EURAUD.,H4: deinitialized
0	09:46:28.636	Laguerre-ACS1 EURAUD.,H4: uninit reason 9
0	09:46:28.636	SupResZone_MTF AUDJPY.,H1: uninit reason 9
0	09:46:28.639	SupResZone_MTF AUDJPY.,H1: uninit reason 9
0	09:46:28.643	SupResZone_MTF AUDJPY.,H1: uninit reason 9
0	09:46:28.643	SupResZone_MTF AUDJPY.,H1: uninit reason 9
0	09:46:28.643	MACD-2x AUDJPY.,H1: uninit reason 9
0	09:46:28.643	Laguerre-ACS1 AUDJPY.,H1: deinitialized
0	09:46:28.643	Laguerre-ACS1 AUDJPY.,H1: uninit reason 9
0	09:46:28.643	SupResZone_MTF AUDUSD.,H1: uninit reason 9
0	09:46:28.646	SupResZone_MTF AUDUSD.,H1: uninit reason 9
0	09:46:28.649	SupResZone_MTF AUDUSD.,H1: uninit reason 9
0	09:46:28.649	SupResZone_MTF AUDUSD.,H1: uninit reason 9
0	09:46:28.649	MACD-2x AUDUSD.,H1: uninit reason 9
0	09:46:28.649	Laguerre-ACS1 AUDUSD.,H1: deinitialized
0	09:46:28.649	Laguerre-ACS1 AUDUSD.,H1: uninit reason 9
0	09:46:28.649	SupResZone_MTF USDJPY.,H1: uninit reason 9
0	09:46:28.653	SupResZone_MTF USDJPY.,H1: uninit reason 9
0	09:46:28.655	SupResZone_MTF USDJPY.,H1: uninit reason 9
0	09:46:28.655	SupResZone_MTF USDJPY.,H1: uninit reason 9
0	09:46:28.655	MACD-2x USDJPY.,H1: uninit reason 9
0	09:46:28.656	Laguerre-ACS1 USDJPY.,H1: deinitialized
0	09:46:28.656	Laguerre-ACS1 USDJPY.,H1: uninit reason 9
0	09:46:28.656	SupResZone_MTF EURJPY.,H1: uninit reason 9
0	09:46:28.660	SupResZone_MTF EURJPY.,H1: uninit reason 9
0	09:46:28.662	SupResZone_MTF EURJPY.,H1: uninit reason 9
0	09:46:28.662	SupResZone_MTF EURJPY.,H1: uninit reason 9
0	09:46:28.662	MACD-2x EURJPY.,H1: uninit reason 9
0	09:46:28.663	Laguerre-ACS1 EURJPY.,H1: deinitialized
0	09:46:28.663	Laguerre-ACS1 EURJPY.,H1: uninit reason 9
0	09:46:28.663	SupResZone_MTF EURUSD.,H4: uninit reason 9
0	09:46:28.665	SupResZone_MTF EURUSD.,H4: uninit reason 9
0	09:46:28.666	SupResZone_MTF EURUSD.,H4: uninit reason 9
0	09:46:28.666	SupResZone_MTF EURUSD.,H4: uninit reason 9
0	09:46:28.669	MACD-2x EURUSD.,H4: uninit reason 9
0	09:46:28.669	Laguerre-ACS1 EURUSD.,H4: deinitialized
0	09:46:28.669	Laguerre-ACS1 EURUSD.,H4: uninit reason 9
0	09:46:28.669	SupResZone_MTF GBPJPY.,H4: uninit reason 9
0	09:46:28.672	SupResZone_MTF GBPJPY.,H4: uninit reason 9
0	09:46:28.672	SupResZone_MTF GBPJPY.,H4: uninit reason 9
0	09:46:28.672	SupResZone_MTF GBPJPY.,H4: uninit reason 9
0	09:46:28.675	MACD-2x GBPJPY.,H4: uninit reason 9
0	09:46:28.675	Laguerre-ACS1 GBPJPY.,H4: deinitialized
0	09:46:28.675	Laguerre-ACS1 GBPJPY.,H4: uninit reason 9
0	09:46:28.675	SupResZone_MTF GBPUSD.,H4: uninit reason 9
0	09:46:28.678	SupResZone_MTF GBPUSD.,H4: uninit reason 9
0	09:46:28.678	SupResZone_MTF GBPUSD.,H4: uninit reason 9
0	09:46:28.678	SupResZone_MTF GBPUSD.,H4: uninit reason 9
0	09:46:28.681	MACD-2x GBPUSD.,H4: uninit reason 9
0	09:46:28.681	Laguerre-ACS1 GBPUSD.,H4: deinitialized
0	09:46:28.681	Laguerre-ACS1 GBPUSD.,H4: uninit reason 9
0	09:46:28.681	SupResZone_MTF USDCAD.,H4: uninit reason 9
0	09:46:28.684	SupResZone_MTF USDCAD.,H4: uninit reason 9
0	09:46:28.684	SupResZone_MTF USDCAD.,H4: uninit reason 9
0	09:46:28.684	SupResZone_MTF USDCAD.,H4: uninit reason 9
0	09:46:28.687	MACD-2x USDCAD.,H4: uninit reason 9
0	09:46:28.687	Laguerre-ACS1 USDCAD.,H4: deinitialized
0	09:46:28.687	Laguerre-ACS1 USDCAD.,H4: uninit reason 9
0	09:46:28.687	SupResZone_MTF USDCHF.,H4: uninit reason 9
0	09:46:28.691	SupResZone_MTF USDCHF.,H4: uninit reason 9
0	09:46:28.691	SupResZone_MTF USDCHF.,H4: uninit reason 9
0	09:46:28.691	SupResZone_MTF USDCHF.,H4: uninit reason 9
0	09:46:28.695	MACD-2x USDCHF.,H4: uninit reason 9
0	09:46:28.695	Laguerre-ACS1 USDCHF.,H4: deinitialized
0	09:46:28.695	Laguerre-ACS1 USDCHF.,H4: uninit reason 9
0	09:46:28.695	SupResZone_MTF USDCNH,Daily: uninit reason 9
0	09:46:28.699	SupResZone_MTF USDCNH,Daily: uninit reason 9
0	09:46:28.699	SupResZone_MTF USDCNH,Daily: uninit reason 9
0	09:46:28.699	SupResZone_MTF USDCNH,Daily: uninit reason 9
0	09:46:28.699	MACD-2x USDCNH,Daily: uninit reason 9
0	09:46:28.699	Laguerre-ACS1 USDCNH,Daily: deinitialized
0	09:46:28.699	Laguerre-ACS1 USDCNH,Daily: uninit reason 9
0	09:46:28.699	GMMA Long USDJPY.,H4: uninit reason 9
0	09:46:28.699	GMMA Short USDJPY.,H4: uninit reason 9
0	09:46:28.699	23MTF_MovingAverageIGOR USDJPY.,H4: uninit reason 9
0	09:46:28.699	23MTF_MovingAverageIGOR USDJPY.,H4: uninit reason 9
0	09:46:28.699	SupResZone_MTF USDJPY.,H4: uninit reason 9
0	09:46:28.699	SupResZone_MTF USDJPY.,H4: uninit reason 9
0	09:46:28.702	MACD-2x USDJPY.,H4: uninit reason 9
0	09:46:28.702	SupResZone_MTF CHINA300,Daily: uninit reason 9
0	09:46:28.705	SupResZone_MTF CHINA300,Daily: uninit reason 9
0	09:46:28.705	SupResZone_MTF CHINA300,Daily: uninit reason 9
0	09:46:28.705	SupResZone_MTF CHINA300,Daily: uninit reason 9
0	09:46:28.705	MACD-2x CHINA300,Daily: uninit reason 9
0	09:46:28.705	Laguerre-ACS1 CHINA300,Daily: deinitialized
0	09:46:28.705	Laguerre-ACS1 CHINA300,Daily: uninit reason 9
0	09:46:28.705	23MTF_MovingAverageIGOR CADJPY.,H1: uninit reason 9
0	09:46:28.705	ADR CADJPY.,H1: uninit reason 9
0	09:46:28.705	SupResZone_MTF CADJPY.,H1: uninit reason 9
0	09:46:28.709	Laguerre-ACS1 CADJPY.,H1: deinitialized
0	09:46:28.709	Laguerre-ACS1 CADJPY.,H1: uninit reason 9
0	09:46:28.709	MACD-2x CADJPY.,H1: uninit reason 9
0	09:46:28.897	Custom indicator SupResZone_MTF USDXXX,Daily: removed
0	09:46:28.899	Custom indicator SupResZone_MTF USDXXX,Daily: removed
0	09:46:28.900	Custom indicator SupResZone_MTF USDXXX,Daily: removed
0	09:46:28.902	Custom indicator SupResZone_MTF USDXXX,Daily: removed
0	09:46:28.904	Custom indicator MACD-2x USDXXX,Daily: removed
0	09:46:28.904	Custom indicator Laguerre-ACS1 USDXXX,Daily: removed
0	09:46:28.909	Custom indicator SupResZone_MTF XAUUSD.,H4: removed
0	09:46:28.911	Custom indicator SupResZone_MTF XAUUSD.,H4: removed
0	09:46:28.913	Custom indicator SupResZone_MTF XAUUSD.,H4: removed
0	09:46:28.916	Custom indicator SupResZone_MTF XAUUSD.,H4: removed
0	09:46:28.918	Custom indicator MACD-2x XAUUSD.,H4: removed
0	09:46:28.918	Custom indicator Laguerre-ACS1 XAUUSD.,H4: removed
0	09:46:28.926	Custom indicator SupResZone_MTF XAGUSD.,H4: removed
0	09:46:28.929	Custom indicator SupResZone_MTF XAGUSD.,H4: removed
0	09:46:28.931	Custom indicator SupResZone_MTF XAGUSD.,H4: removed
0	09:46:28.932	Custom indicator SupResZone_MTF XAGUSD.,H4: removed
0	09:46:28.934	Custom indicator MACD-2x XAGUSD.,H4: removed
0	09:46:28.934	Custom indicator Laguerre-ACS1 XAGUSD.,H4: removed
0	09:46:28.939	Custom indicator SupResZone_MTF US_OIL,H4: removed
0	09:46:28.943	Custom indicator SupResZone_MTF US_OIL,H4: removed
0	09:46:28.946	Custom indicator SupResZone_MTF US_OIL,H4: removed
0	09:46:28.948	Custom indicator SupResZone_MTF US_OIL,H4: removed
0	09:46:28.949	Custom indicator MACD-2x US_OIL,H4: removed
0	09:46:28.950	Custom indicator Laguerre-ACS1 US_OIL,H4: removed
0	09:46:28.956	Custom indicator SupResZone_MTF JP225,H1: removed
0	09:46:28.958	Custom indicator SupResZone_MTF JP225,H1: removed
0	09:46:28.961	Custom indicator SupResZone_MTF JP225,H1: removed
0	09:46:28.963	Custom indicator SupResZone_MTF JP225,H1: removed
0	09:46:28.965	Custom indicator MACD-2x JP225,H1: removed
0	09:46:28.965	Custom indicator Laguerre-ACS1 JP225,H1: removed
0	09:46:28.979	Custom indicator SupResZone_MTF SPX500,H1: removed
0	09:46:28.981	Custom indicator SupResZone_MTF SPX500,H1: removed
0	09:46:28.983	Custom indicator SupResZone_MTF SPX500,H1: removed
0	09:46:28.984	Custom indicator SupResZone_MTF SPX500,H1: removed
0	09:46:28.986	Custom indicator MACD-2x SPX500,H1: removed
0	09:46:28.986	Custom indicator Laguerre-ACS1 SPX500,H1: removed
0	09:46:28.994	Custom indicator SupResZone_MTF EURAUD.,H4: removed
0	09:46:28.995	Custom indicator SupResZone_MTF EURAUD.,H4: removed
0	09:46:28.998	Custom indicator SupResZone_MTF EURAUD.,H4: removed
0	09:46:29.001	Custom indicator SupResZone_MTF EURAUD.,H4: removed
0	09:46:29.004	Custom indicator MACD-2x EURAUD.,H4: removed
0	09:46:29.004	Custom indicator Laguerre-ACS1 EURAUD.,H4: removed
0	09:46:29.012	Custom indicator SupResZone_MTF AUDJPY.,H1: removed
0	09:46:29.014	Custom indicator SupResZone_MTF AUDJPY.,H1: removed
0	09:46:29.016	Custom indicator SupResZone_MTF AUDJPY.,H1: removed
0	09:46:29.018	Custom indicator SupResZone_MTF AUDJPY.,H1: removed
0	09:46:29.020	Custom indicator MACD-2x AUDJPY.,H1: removed
0	09:46:29.020	Custom indicator Laguerre-ACS1 AUDJPY.,H1: removed
0	09:46:29.028	Custom indicator SupResZone_MTF AUDUSD.,H1: removed
0	09:46:29.029	Custom indicator SupResZone_MTF AUDUSD.,H1: removed
0	09:46:29.031	Custom indicator SupResZone_MTF AUDUSD.,H1: removed
0	09:46:29.033	Custom indicator SupResZone_MTF AUDUSD.,H1: removed
0	09:46:29.035	Custom indicator MACD-2x AUDUSD.,H1: removed
0	09:46:29.035	Custom indicator Laguerre-ACS1 AUDUSD.,H1: removed
0	09:46:29.046	Custom indicator SupResZone_MTF USDJPY.,H1: removed
0	09:46:29.047	Custom indicator SupResZone_MTF USDJPY.,H1: removed
0	09:46:29.049	Custom indicator SupResZone_MTF USDJPY.,H1: removed
0	09:46:29.050	Custom indicator SupResZone_MTF USDJPY.,H1: removed
0	09:46:29.052	Custom indicator MACD-2x USDJPY.,H1: removed
0	09:46:29.052	Custom indicator Laguerre-ACS1 USDJPY.,H1: removed
0	09:46:29.059	Custom indicator SupResZone_MTF EURJPY.,H1: removed
0	09:46:29.061	Custom indicator SupResZone_MTF EURJPY.,H1: removed
0	09:46:29.062	Custom indicator SupResZone_MTF EURJPY.,H1: removed
0	09:46:29.064	Custom indicator SupResZone_MTF EURJPY.,H1: removed
0	09:46:29.066	Custom indicator MACD-2x EURJPY.,H1: removed
0	09:46:29.066	Custom indicator Laguerre-ACS1 EURJPY.,H1: removed
0	09:46:29.074	Custom indicator SupResZone_MTF EURUSD.,H4: removed
0	09:46:29.076	Custom indicator SupResZone_MTF EURUSD.,H4: removed
0	09:46:29.078	Custom indicator SupResZone_MTF EURUSD.,H4: removed
0	09:46:29.079	Custom indicator SupResZone_MTF EURUSD.,H4: removed
0	09:46:29.082	Custom indicator MACD-2x EURUSD.,H4: removed
0	09:46:29.082	Custom indicator Laguerre-ACS1 EURUSD.,H4: removed
0	09:46:29.087	Custom indicator SupResZone_MTF GBPJPY.,H4: removed
0	09:46:29.089	Custom indicator SupResZone_MTF GBPJPY.,H4: removed
0	09:46:29.091	Custom indicator SupResZone_MTF GBPJPY.,H4: removed
0	09:46:29.092	Custom indicator SupResZone_MTF GBPJPY.,H4: removed
0	09:46:29.094	Custom indicator MACD-2x GBPJPY.,H4: removed
0	09:46:29.094	Custom indicator Laguerre-ACS1 GBPJPY.,H4: removed
0	09:46:29.101	Custom indicator SupResZone_MTF GBPUSD.,H4: removed
0	09:46:29.104	Custom indicator SupResZone_MTF GBPUSD.,H4: removed
0	09:46:29.105	Custom indicator SupResZone_MTF GBPUSD.,H4: removed
0	09:46:29.107	Custom indicator SupResZone_MTF GBPUSD.,H4: removed
0	09:46:29.110	Custom indicator MACD-2x GBPUSD.,H4: removed
0	09:46:29.110	Custom indicator Laguerre-ACS1 GBPUSD.,H4: removed
0	09:46:29.138	Custom indicator SupResZone_MTF USDCAD.,H4: removed
0	09:46:29.140	Custom indicator SupResZone_MTF USDCAD.,H4: removed
0	09:46:29.143	Custom indicator SupResZone_MTF USDCAD.,H4: removed
0	09:46:29.153	Custom indicator SupResZone_MTF USDCAD.,H4: removed
0	09:46:29.159	Custom indicator MACD-2x USDCAD.,H4: removed
0	09:46:29.159	Custom indicator Laguerre-ACS1 USDCAD.,H4: removed
0	09:46:29.180	Custom indicator SupResZone_MTF USDCHF.,H4: removed
0	09:46:29.181	Custom indicator SupResZone_MTF USDCHF.,H4: removed
0	09:46:29.183	Custom indicator SupResZone_MTF USDCHF.,H4: removed
0	09:46:29.184	Custom indicator SupResZone_MTF USDCHF.,H4: removed
0	09:46:29.186	Custom indicator MACD-2x USDCHF.,H4: removed
0	09:46:29.186	Custom indicator Laguerre-ACS1 USDCHF.,H4: removed
0	09:46:29.193	Custom indicator SupResZone_MTF USDCNH,Daily: removed
0	09:46:29.195	Custom indicator SupResZone_MTF USDCNH,Daily: removed
0	09:46:29.197	Custom indicator SupResZone_MTF USDCNH,Daily: removed
0	09:46:29.198	Custom indicator SupResZone_MTF USDCNH,Daily: removed
0	09:46:29.200	Custom indicator MACD-2x USDCNH,Daily: removed
0	09:46:29.200	Custom indicator Laguerre-ACS1 USDCNH,Daily: removed
0	09:46:29.222	Custom indicator GMMA Long USDJPY.,H4: removed
0	09:46:29.223	Custom indicator GMMA Short USDJPY.,H4: removed
0	09:46:29.225	Custom indicator 23MTF_MovingAverageIGOR USDJPY.,H4: removed
0	09:46:29.227	Custom indicator 23MTF_MovingAverageIGOR USDJPY.,H4: removed
0	09:46:29.229	Custom indicator SupResZone_MTF USDJPY.,H4: removed
0	09:46:29.231	Custom indicator SupResZone_MTF USDJPY.,H4: removed
0	09:46:29.233	Custom indicator MACD-2x USDJPY.,H4: removed
0	09:46:29.242	Custom indicator SupResZone_MTF CHINA300,Daily: removed
0	09:46:29.244	Custom indicator SupResZone_MTF CHINA300,Daily: removed
0	09:46:29.246	Custom indicator SupResZone_MTF CHINA300,Daily: removed
0	09:46:29.247	Custom indicator SupResZone_MTF CHINA300,Daily: removed
0	09:46:29.249	Custom indicator MACD-2x CHINA300,Daily: removed
0	09:46:29.249	Custom indicator Laguerre-ACS1 CHINA300,Daily: removed
0	09:46:29.262	Custom indicator 23MTF_MovingAverageIGOR CADJPY.,H1: removed
0	09:46:29.263	Custom indicator ADR CADJPY.,H1: removed
0	09:46:29.264	Custom indicator SupResZone_MTF CADJPY.,H1: removed
0	09:46:29.264	Custom indicator Laguerre-ACS1 CADJPY.,H1: removed
0	09:46:29.266	Custom indicator MACD-2x CADJPY.,H1: removed
0	12:45:37.859	Custom indicator SupResZone_MTF USDXXX,Daily: loaded successfully
0	12:45:37.870	Custom indicator SupResZone_MTF USDXXX,Daily: loaded successfully
0	12:45:37.880	Custom indicator SupResZone_MTF USDXXX,Daily: loaded successfully
0	12:45:37.890	Custom indicator SupResZone_MTF USDXXX,Daily: loaded successfully
0	12:45:37.900	Custom indicator MACD-2x USDXXX,Daily: loaded successfully
0	12:45:37.970	Custom indicator Laguerre-ACS1 USDXXX,Daily: loaded successfully
0	12:45:37.985	SupResZone_MTF USDXXX,Daily: initialized
0	12:45:37.998	SupResZone_MTF USDXXX,Daily: Alert: Smaller TimeFrame selected!
0	12:45:37.998	SupResZone_MTF USDXXX,Daily: initialized
0	12:45:38.010	SupResZone_MTF USDXXX,Daily: Alert: Smaller TimeFrame selected!
0	12:45:38.010	SupResZone_MTF USDXXX,Daily: initialized
0	12:45:38.021	SupResZone_MTF USDXXX,Daily: Alert: Smaller TimeFrame selected!
0	12:45:38.021	SupResZone_MTF USDXXX,Daily: initialized
0	12:45:38.034	MACD-2x USDXXX,Daily: initialized
0	12:45:38.034	Laguerre-ACS1 USDXXX,Daily: initialized
0	12:45:38.110	Custom indicator SupResZone_MTF XAUUSD.,H4: loaded successfully
0	12:45:38.121	Custom indicator SupResZone_MTF XAUUSD.,H4: loaded successfully
0	12:45:38.131	Custom indicator SupResZone_MTF XAUUSD.,H4: loaded successfully
0	12:45:38.141	Custom indicator SupResZone_MTF XAUUSD.,H4: loaded successfully
0	12:45:38.152	Custom indicator MACD-2x XAUUSD.,H4: loaded successfully
0	12:45:38.223	Custom indicator Laguerre-ACS1 XAUUSD.,H4: loaded successfully
0	12:45:38.237	SupResZone_MTF XAUUSD.,H4: initialized
0	12:45:38.250	SupResZone_MTF XAUUSD.,H4: Alert: Smaller TimeFrame selected!
0	12:45:38.250	SupResZone_MTF XAUUSD.,H4: initialized
0	12:45:38.261	SupResZone_MTF XAUUSD.,H4: Alert: Smaller TimeFrame selected!
0	12:45:38.261	SupResZone_MTF XAUUSD.,H4: initialized
0	12:45:38.273	SupResZone_MTF XAUUSD.,H4: initialized
0	12:45:38.284	MACD-2x XAUUSD.,H4: initialized
0	12:45:38.284	Laguerre-ACS1 XAUUSD.,H4: initialized
0	12:45:38.412	Custom indicator SupResZone_MTF XAGUSD.,H4: loaded successfully
0	12:45:38.422	Custom indicator SupResZone_MTF XAGUSD.,H4: loaded successfully
0	12:45:38.432	Custom indicator SupResZone_MTF XAGUSD.,H4: loaded successfully
0	12:45:38.442	Custom indicator SupResZone_MTF XAGUSD.,H4: loaded successfully
0	12:45:38.451	Custom indicator MACD-2x XAGUSD.,H4: loaded successfully
0	12:45:38.522	Custom indicator Laguerre-ACS1 XAGUSD.,H4: loaded successfully
0	12:45:38.560	SupResZone_MTF XAGUSD.,H4: initialized
0	12:45:38.571	SupResZone_MTF XAGUSD.,H4: Alert: Smaller TimeFrame selected!
0	12:45:38.571	SupResZone_MTF XAGUSD.,H4: initialized
0	12:45:38.582	SupResZone_MTF XAGUSD.,H4: Alert: Smaller TimeFrame selected!
0	12:45:38.582	SupResZone_MTF XAGUSD.,H4: initialized
0	12:45:38.594	SupResZone_MTF XAGUSD.,H4: initialized
0	12:45:38.606	MACD-2x XAGUSD.,H4: initialized
0	12:45:38.606	Laguerre-ACS1 XAGUSD.,H4: initialized
0	12:45:38.725	Custom indicator SupResZone_MTF US_OIL,H4: loaded successfully
0	12:45:38.734	Custom indicator SupResZone_MTF US_OIL,H4: loaded successfully
0	12:45:38.745	Custom indicator SupResZone_MTF US_OIL,H4: loaded successfully
0	12:45:38.756	Custom indicator SupResZone_MTF US_OIL,H4: loaded successfully
0	12:45:38.765	Custom indicator MACD-2x US_OIL,H4: loaded successfully
0	12:45:38.836	Custom indicator Laguerre-ACS1 US_OIL,H4: loaded successfully
0	12:45:38.874	SupResZone_MTF US_OIL,H4: initialized
0	12:45:38.885	SupResZone_MTF US_OIL,H4: Alert: Smaller TimeFrame selected!
0	12:45:38.885	SupResZone_MTF US_OIL,H4: initialized
0	12:45:38.897	SupResZone_MTF US_OIL,H4: Alert: Smaller TimeFrame selected!
0	12:45:38.897	SupResZone_MTF US_OIL,H4: initialized
0	12:45:38.909	SupResZone_MTF US_OIL,H4: initialized
0	12:45:38.922	MACD-2x US_OIL,H4: initialized
0	12:45:38.922	Laguerre-ACS1 US_OIL,H4: initialized
0	12:45:39.068	Custom indicator SupResZone_MTF JP225,H1: loaded successfully
0	12:45:39.079	Custom indicator SupResZone_MTF JP225,H1: loaded successfully
0	12:45:39.089	Custom indicator SupResZone_MTF JP225,H1: loaded successfully
0	12:45:39.099	Custom indicator SupResZone_MTF JP225,H1: loaded successfully
0	12:45:39.109	Custom indicator MACD-2x JP225,H1: loaded successfully
0	12:45:39.179	Custom indicator Laguerre-ACS1 JP225,H1: loaded successfully
0	12:45:39.234	SupResZone_MTF JP225,H1: initialized
0	12:45:39.246	SupResZone_MTF JP225,H1: initialized
0	12:45:39.258	SupResZone_MTF JP225,H1: Alert: Smaller TimeFrame selected!
0	12:45:39.258	SupResZone_MTF JP225,H1: initialized
0	12:45:39.269	SupResZone_MTF JP225,H1: initialized
0	12:45:39.281	MACD-2x JP225,H1: initialized
0	12:45:39.281	Laguerre-ACS1 JP225,H1: initialized
0	12:45:39.498	Custom indicator SupResZone_MTF SPX500,H1: loaded successfully
0	12:45:39.509	Custom indicator SupResZone_MTF SPX500,H1: loaded successfully
0	12:45:39.519	Custom indicator SupResZone_MTF SPX500,H1: loaded successfully
0	12:45:39.529	Custom indicator SupResZone_MTF SPX500,H1: loaded successfully
0	12:45:39.539	Custom indicator MACD-2x SPX500,H1: loaded successfully
0	12:45:39.609	Custom indicator Laguerre-ACS1 SPX500,H1: loaded successfully
0	12:45:39.623	SupResZone_MTF SPX500,H1: initialized
0	12:45:39.635	SupResZone_MTF SPX500,H1: initialized
0	12:45:39.646	SupResZone_MTF SPX500,H1: Alert: Smaller TimeFrame selected!
0	12:45:39.646	SupResZone_MTF SPX500,H1: initialized
0	12:45:39.658	SupResZone_MTF SPX500,H1: initialized
0	12:45:39.668	MACD-2x SPX500,H1: initialized
0	12:45:39.668	Laguerre-ACS1 SPX500,H1: initialized
0	12:45:39.884	Custom indicator SupResZone_MTF EURAUD.,H4: loaded successfully
0	12:45:39.900	Custom indicator SupResZone_MTF EURAUD.,H4: loaded successfully
0	12:45:39.910	Custom indicator SupResZone_MTF EURAUD.,H4: loaded successfully
0	12:45:39.921	Custom indicator SupResZone_MTF EURAUD.,H4: loaded successfully
0	12:45:39.932	Custom indicator MACD-2x EURAUD.,H4: loaded successfully
0	12:45:40.000	Custom indicator Laguerre-ACS1 EURAUD.,H4: loaded successfully
0	12:45:40.038	SupResZone_MTF EURAUD.,H4: initialized
0	12:45:40.050	SupResZone_MTF EURAUD.,H4: Alert: Smaller TimeFrame selected!
0	12:45:40.050	SupResZone_MTF EURAUD.,H4: initialized
0	12:45:40.062	SupResZone_MTF EURAUD.,H4: Alert: Smaller TimeFrame selected!
0	12:45:40.062	SupResZone_MTF EURAUD.,H4: initialized
0	12:45:40.074	SupResZone_MTF EURAUD.,H4: initialized
0	12:45:40.085	MACD-2x EURAUD.,H4: initialized
0	12:45:40.085	Laguerre-ACS1 EURAUD.,H4: initialized
0	12:45:40.207	Custom indicator SupResZone_MTF AUDJPY.,H1: loaded successfully
0	12:45:40.217	Custom indicator SupResZone_MTF AUDJPY.,H1: loaded successfully
0	12:45:40.227	Custom indicator SupResZone_MTF AUDJPY.,H1: loaded successfully
0	12:45:40.237	Custom indicator SupResZone_MTF AUDJPY.,H1: loaded successfully
0	12:45:40.247	Custom indicator MACD-2x AUDJPY.,H1: loaded successfully
0	12:45:40.317	Custom indicator Laguerre-ACS1 AUDJPY.,H1: loaded successfully
0	12:45:40.330	SupResZone_MTF AUDJPY.,H1: initialized
0	12:45:40.341	SupResZone_MTF AUDJPY.,H1: initialized
0	12:45:40.353	SupResZone_MTF AUDJPY.,H1: Alert: Smaller TimeFrame selected!
0	12:45:40.353	SupResZone_MTF AUDJPY.,H1: initialized
0	12:45:40.364	SupResZone_MTF AUDJPY.,H1: initialized
0	12:45:40.375	MACD-2x AUDJPY.,H1: initialized
0	12:45:40.375	Laguerre-ACS1 AUDJPY.,H1: initialized
0	12:45:40.497	Custom indicator SupResZone_MTF AUDUSD.,H1: loaded successfully
0	12:45:40.507	Custom indicator SupResZone_MTF AUDUSD.,H1: loaded successfully
0	12:45:40.517	Custom indicator SupResZone_MTF AUDUSD.,H1: loaded successfully
0	12:45:40.527	Custom indicator SupResZone_MTF AUDUSD.,H1: loaded successfully
0	12:45:40.536	Custom indicator MACD-2x AUDUSD.,H1: loaded successfully
0	12:45:40.608	Custom indicator Laguerre-ACS1 AUDUSD.,H1: loaded successfully
0	12:45:40.646	SupResZone_MTF AUDUSD.,H1: initialized
0	12:45:40.677	SupResZone_MTF AUDUSD.,H1: initialized
0	12:45:40.688	SupResZone_MTF AUDUSD.,H1: Alert: Smaller TimeFrame selected!
0	12:45:40.688	SupResZone_MTF AUDUSD.,H1: initialized
0	12:45:40.700	SupResZone_MTF AUDUSD.,H1: initialized
0	12:45:40.711	MACD-2x AUDUSD.,H1: initialized
0	12:45:40.711	Laguerre-ACS1 AUDUSD.,H1: initialized
0	12:45:40.843	Custom indicator SupResZone_MTF USDJPY.,H1: loaded successfully
0	12:45:40.853	Custom indicator SupResZone_MTF USDJPY.,H1: loaded successfully
0	12:45:40.863	Custom indicator SupResZone_MTF USDJPY.,H1: loaded successfully
0	12:45:40.873	Custom indicator SupResZone_MTF USDJPY.,H1: loaded successfully
0	12:45:40.883	Custom indicator MACD-2x USDJPY.,H1: loaded successfully
0	12:45:40.954	Custom indicator Laguerre-ACS1 USDJPY.,H1: loaded successfully
0	12:45:40.969	SupResZone_MTF USDJPY.,H1: initialized
0	12:45:40.980	SupResZone_MTF USDJPY.,H1: initialized
0	12:45:40.992	SupResZone_MTF USDJPY.,H1: Alert: Smaller TimeFrame selected!
0	12:45:40.992	SupResZone_MTF USDJPY.,H1: initialized
0	12:45:41.005	SupResZone_MTF USDJPY.,H1: initialized
0	12:45:41.016	MACD-2x USDJPY.,H1: initialized
0	12:45:41.016	Laguerre-ACS1 USDJPY.,H1: initialized
0	12:45:41.221	Custom indicator SupResZone_MTF EURJPY.,H1: loaded successfully
0	12:45:41.246	Custom indicator SupResZone_MTF EURJPY.,H1: loaded successfully
0	12:45:41.257	Custom indicator SupResZone_MTF EURJPY.,H1: loaded successfully
0	12:45:41.267	Custom indicator SupResZone_MTF EURJPY.,H1: loaded successfully
0	12:45:41.278	Custom indicator MACD-2x EURJPY.,H1: loaded successfully
0	12:45:41.347	Custom indicator Laguerre-ACS1 EURJPY.,H1: loaded successfully
0	12:45:41.385	SupResZone_MTF EURJPY.,H1: initialized
0	12:45:41.396	SupResZone_MTF EURJPY.,H1: initialized
0	12:45:41.409	SupResZone_MTF EURJPY.,H1: Alert: Smaller TimeFrame selected!
0	12:45:41.409	SupResZone_MTF EURJPY.,H1: initialized
0	12:45:41.420	SupResZone_MTF EURJPY.,H1: initialized
0	12:45:41.432	MACD-2x EURJPY.,H1: initialized
0	12:45:41.432	Laguerre-ACS1 EURJPY.,H1: initialized
0	12:45:41.601	Custom indicator SupResZone_MTF EURUSD.,H4: loaded successfully
0	12:45:41.610	Custom indicator SupResZone_MTF EURUSD.,H4: loaded successfully
0	12:45:41.621	Custom indicator SupResZone_MTF EURUSD.,H4: loaded successfully
0	12:45:41.631	Custom indicator SupResZone_MTF EURUSD.,H4: loaded successfully
0	12:45:41.641	Custom indicator MACD-2x EURUSD.,H4: loaded successfully
0	12:45:41.711	Custom indicator Laguerre-ACS1 EURUSD.,H4: loaded successfully
0	12:45:41.725	SupResZone_MTF EURUSD.,H4: initialized
0	12:45:41.736	SupResZone_MTF EURUSD.,H4: Alert: Smaller TimeFrame selected!
0	12:45:41.736	SupResZone_MTF EURUSD.,H4: initialized
0	12:45:41.748	SupResZone_MTF EURUSD.,H4: Alert: Smaller TimeFrame selected!
0	12:45:41.748	SupResZone_MTF EURUSD.,H4: initialized
0	12:45:41.760	SupResZone_MTF EURUSD.,H4: initialized
0	12:45:41.771	MACD-2x EURUSD.,H4: initialized
0	12:45:41.771	Laguerre-ACS1 EURUSD.,H4: initialized
0	12:45:41.966	Custom indicator SupResZone_MTF GBPJPY.,H4: loaded successfully
0	12:45:41.979	Custom indicator SupResZone_MTF GBPJPY.,H4: loaded successfully
0	12:45:41.992	Custom indicator SupResZone_MTF GBPJPY.,H4: loaded successfully
0	12:45:42.003	Custom indicator SupResZone_MTF GBPJPY.,H4: loaded successfully
0	12:45:42.014	Custom indicator MACD-2x GBPJPY.,H4: loaded successfully
0	12:45:42.084	Custom indicator Laguerre-ACS1 GBPJPY.,H4: loaded successfully
0	12:45:42.097	SupResZone_MTF GBPJPY.,H4: initialized
0	12:45:42.109	SupResZone_MTF GBPJPY.,H4: Alert: Smaller TimeFrame selected!
0	12:45:42.109	SupResZone_MTF GBPJPY.,H4: initialized
0	12:45:42.121	SupResZone_MTF GBPJPY.,H4: Alert: Smaller TimeFrame selected!
0	12:45:42.121	SupResZone_MTF GBPJPY.,H4: initialized
0	12:45:42.133	SupResZone_MTF GBPJPY.,H4: initialized
0	12:45:42.144	MACD-2x GBPJPY.,H4: initialized
0	12:45:42.144	Laguerre-ACS1 GBPJPY.,H4: initialized
0	12:45:42.272	Custom indicator SupResZone_MTF GBPUSD.,H4: loaded successfully
0	12:45:42.283	Custom indicator SupResZone_MTF GBPUSD.,H4: loaded successfully
0	12:45:42.294	Custom indicator SupResZone_MTF GBPUSD.,H4: loaded successfully
0	12:45:42.306	Custom indicator SupResZone_MTF GBPUSD.,H4: loaded successfully
0	12:45:42.316	Custom indicator MACD-2x GBPUSD.,H4: loaded successfully
0	12:45:42.386	Custom indicator Laguerre-ACS1 GBPUSD.,H4: loaded successfully
0	12:45:42.436	SupResZone_MTF GBPUSD.,H4: initialized
0	12:45:42.454	SupResZone_MTF GBPUSD.,H4: Alert: Smaller TimeFrame selected!
0	12:45:42.454	SupResZone_MTF GBPUSD.,H4: initialized
0	12:45:42.467	SupResZone_MTF GBPUSD.,H4: Alert: Smaller TimeFrame selected!
0	12:45:42.467	SupResZone_MTF GBPUSD.,H4: initialized
0	12:45:42.480	SupResZone_MTF GBPUSD.,H4: initialized
0	12:45:42.491	MACD-2x GBPUSD.,H4: initialized
0	12:45:42.491	Laguerre-ACS1 GBPUSD.,H4: initialized
0	12:45:42.649	Custom indicator SupResZone_MTF USDCAD.,H4: loaded successfully
0	12:45:42.658	Custom indicator SupResZone_MTF USDCAD.,H4: loaded successfully
0	12:45:42.668	Custom indicator SupResZone_MTF USDCAD.,H4: loaded successfully
0	12:45:42.678	Custom indicator SupResZone_MTF USDCAD.,H4: loaded successfully
0	12:45:42.687	Custom indicator MACD-2x USDCAD.,H4: loaded successfully
0	12:45:42.756	Custom indicator Laguerre-ACS1 USDCAD.,H4: loaded successfully
0	12:45:42.795	SupResZone_MTF USDCAD.,H4: initialized
0	12:45:42.807	SupResZone_MTF USDCAD.,H4: Alert: Smaller TimeFrame selected!
0	12:45:42.807	SupResZone_MTF USDCAD.,H4: initialized
0	12:45:42.818	SupResZone_MTF USDCAD.,H4: Alert: Smaller TimeFrame selected!
0	12:45:42.818	SupResZone_MTF USDCAD.,H4: initialized
0	12:45:42.830	SupResZone_MTF USDCAD.,H4: initialized
0	12:45:42.842	MACD-2x USDCAD.,H4: initialized
0	12:45:42.842	Laguerre-ACS1 USDCAD.,H4: initialized
0	12:45:42.975	Custom indicator SupResZone_MTF USDCHF.,H4: loaded successfully
0	12:45:42.985	Custom indicator SupResZone_MTF USDCHF.,H4: loaded successfully
0	12:45:42.996	Custom indicator SupResZone_MTF USDCHF.,H4: loaded successfully
0	12:45:43.006	Custom indicator SupResZone_MTF USDCHF.,H4: loaded successfully
0	12:45:43.016	Custom indicator MACD-2x USDCHF.,H4: loaded successfully
0	12:45:43.084	Custom indicator Laguerre-ACS1 USDCHF.,H4: loaded successfully
0	12:45:43.122	SupResZone_MTF USDCHF.,H4: initialized
0	12:45:43.134	SupResZone_MTF USDCHF.,H4: Alert: Smaller TimeFrame selected!
0	12:45:43.134	SupResZone_MTF USDCHF.,H4: initialized
0	12:45:43.146	SupResZone_MTF USDCHF.,H4: Alert: Smaller TimeFrame selected!
0	12:45:43.146	SupResZone_MTF USDCHF.,H4: initialized
0	12:45:43.157	SupResZone_MTF USDCHF.,H4: initialized
0	12:45:43.169	MACD-2x USDCHF.,H4: initialized
0	12:45:43.169	Laguerre-ACS1 USDCHF.,H4: initialized
0	12:45:43.313	Custom indicator SupResZone_MTF USDCNH,Daily: loaded successfully
0	12:45:43.323	Custom indicator SupResZone_MTF USDCNH,Daily: loaded successfully
0	12:45:43.333	Custom indicator SupResZone_MTF USDCNH,Daily: loaded successfully
0	12:45:43.342	Custom indicator SupResZone_MTF USDCNH,Daily: loaded successfully
0	12:45:43.352	Custom indicator MACD-2x USDCNH,Daily: loaded successfully
0	12:45:43.421	Custom indicator Laguerre-ACS1 USDCNH,Daily: loaded successfully
0	12:45:43.457	SupResZone_MTF USDCNH,Daily: initialized
0	12:45:43.468	SupResZone_MTF USDCNH,Daily: Alert: Smaller TimeFrame selected!
0	12:45:43.468	SupResZone_MTF USDCNH,Daily: initialized
0	12:45:43.479	SupResZone_MTF USDCNH,Daily: Alert: Smaller TimeFrame selected!
0	12:45:43.479	SupResZone_MTF USDCNH,Daily: initialized
0	12:45:43.492	SupResZone_MTF USDCNH,Daily: Alert: Smaller TimeFrame selected!
0	12:45:43.492	SupResZone_MTF USDCNH,Daily: initialized
0	12:45:43.503	MACD-2x USDCNH,Daily: initialized
0	12:45:43.503	Laguerre-ACS1 USDCNH,Daily: initialized
0	12:45:43.604	Custom indicator GMMA Long USDJPY.,H4: loaded successfully
0	12:45:43.613	Custom indicator GMMA Short USDJPY.,H4: loaded successfully
0	12:45:43.622	Custom indicator 23MTF_MovingAverageIGOR USDJPY.,H4: loaded successfully
0	12:45:43.630	Custom indicator 23MTF_MovingAverageIGOR USDJPY.,H4: loaded successfully
0	12:45:43.641	Custom indicator SupResZone_MTF USDJPY.,H4: loaded successfully
0	12:45:43.652	Custom indicator SupResZone_MTF USDJPY.,H4: loaded successfully
0	12:45:43.664	Custom indicator MACD-2x USDJPY.,H4: loaded successfully
0	12:45:43.679	GMMA Long USDJPY.,H4: initialized
0	12:45:43.692	GMMA Short USDJPY.,H4: initialized
0	12:45:43.700	23MTF_MovingAverageIGOR USDJPY.,H4: initialized
0	12:45:43.708	23MTF_MovingAverageIGOR USDJPY.,H4: initialized
0	12:45:43.719	SupResZone_MTF USDJPY.,H4: Alert: Smaller TimeFrame selected!
0	12:45:43.719	SupResZone_MTF USDJPY.,H4: initialized
0	12:45:43.731	SupResZone_MTF USDJPY.,H4: initialized
0	12:45:43.743	MACD-2x USDJPY.,H4: initialized
0	12:45:43.904	Custom indicator SupResZone_MTF CHINA300,Daily: loaded successfully
0	12:45:43.916	Custom indicator SupResZone_MTF CHINA300,Daily: loaded successfully
0	12:45:43.927	Custom indicator SupResZone_MTF CHINA300,Daily: loaded successfully
0	12:45:43.937	Custom indicator SupResZone_MTF CHINA300,Daily: loaded successfully
0	12:45:43.948	Custom indicator MACD-2x CHINA300,Daily: loaded successfully
0	12:45:44.017	Custom indicator Laguerre-ACS1 CHINA300,Daily: loaded successfully
0	12:45:44.030	SupResZone_MTF CHINA300,Daily: initialized
0	12:45:44.042	SupResZone_MTF CHINA300,Daily: Alert: Smaller TimeFrame selected!
0	12:45:44.042	SupResZone_MTF CHINA300,Daily: initialized
0	12:45:44.054	SupResZone_MTF CHINA300,Daily: Alert: Smaller TimeFrame selected!
0	12:45:44.054	SupResZone_MTF CHINA300,Daily: initialized
0	12:45:44.065	SupResZone_MTF CHINA300,Daily: Alert: Smaller TimeFrame selected!
0	12:45:44.065	SupResZone_MTF CHINA300,Daily: initialized
0	12:45:44.078	MACD-2x CHINA300,Daily: initialized
0	12:45:44.078	Laguerre-ACS1 CHINA300,Daily: initialized
0	12:45:44.204	Custom indicator 23MTF_MovingAverageIGOR CADJPY.,H1: loaded successfully
0	12:45:44.214	Custom indicator ADR CADJPY.,H1: loaded successfully
0	12:45:44.224	Custom indicator SupResZone_MTF CADJPY.,H1: loaded successfully
0	12:45:44.294	Custom indicator Laguerre-ACS1 CADJPY.,H1: loaded successfully
0	12:45:44.304	Custom indicator MACD-2x CADJPY.,H1: loaded successfully
