0	01:15:37.442	SupResZone_MTF USDXXX,Daily: uninit reason 9
0	01:15:37.452	SupResZone_MTF USDXXX,Daily: uninit reason 9
0	01:15:37.452	SupResZone_MTF USDXXX,Daily: uninit reason 9
0	01:15:37.452	SupResZone_MTF USDXXX,Daily: uninit reason 9
0	01:15:37.452	MACD-2x USDXXX,Daily: uninit reason 9
0	01:15:37.452	Laguerre-ACS1 USDXXX,Daily: deinitialized
0	01:15:37.452	Laguerre-ACS1 USDXXX,Daily: uninit reason 9
0	01:15:37.452	SupResZone_MTF XAUUSD.,H4: uninit reason 9
0	01:15:37.462	SupResZone_MTF XAUUSD.,H4: uninit reason 9
0	01:15:37.462	SupResZone_MTF XAUUSD.,H4: uninit reason 9
0	01:15:37.462	SupResZone_MTF XAUUSD.,H4: uninit reason 9
0	01:15:37.468	MACD-2x XAUUSD.,H4: uninit reason 9
0	01:15:37.468	Laguerre-ACS1 XAUUSD.,H4: deinitialized
0	01:15:37.468	Laguerre-ACS1 XAUUSD.,H4: uninit reason 9
0	01:15:37.468	SupResZone_MTF XAGUSD.,H4: uninit reason 9
0	01:15:37.473	SupResZone_MTF XAGUSD.,H4: uninit reason 9
0	01:15:37.473	SupResZone_MTF XAGUSD.,H4: uninit reason 9
0	01:15:37.473	SupResZone_MTF XAGUSD.,H4: uninit reason 9
0	01:15:37.478	MACD-2x XAGUSD.,H4: uninit reason 9
0	01:15:37.478	Laguerre-ACS1 XAGUSD.,H4: deinitialized
0	01:15:37.478	Laguerre-ACS1 XAGUSD.,H4: uninit reason 9
0	01:15:37.478	SupResZone_MTF US_OIL,H4: uninit reason 9
0	01:15:37.483	SupResZone_MTF US_OIL,H4: uninit reason 9
0	01:15:37.483	SupResZone_MTF US_OIL,H4: uninit reason 9
0	01:15:37.483	SupResZone_MTF US_OIL,H4: uninit reason 9
0	01:15:37.490	MACD-2x US_OIL,H4: uninit reason 9
0	01:15:37.490	Laguerre-ACS1 US_OIL,H4: deinitialized
0	01:15:37.490	Laguerre-ACS1 US_OIL,H4: uninit reason 9
0	01:15:37.490	SupResZone_MTF JP225,H1: uninit reason 9
0	01:15:37.495	SupResZone_MTF JP225,H1: uninit reason 9
0	01:15:37.498	SupResZone_MTF JP225,H1: uninit reason 9
0	01:15:37.498	SupResZone_MTF JP225,H1: uninit reason 9
0	01:15:37.498	MACD-2x JP225,H1: uninit reason 9
0	01:15:37.498	Laguerre-ACS1 JP225,H1: deinitialized
0	01:15:37.498	Laguerre-ACS1 JP225,H1: uninit reason 9
0	01:15:37.498	SupResZone_MTF SPX500,H1: uninit reason 9
0	01:15:37.501	SupResZone_MTF SPX500,H1: uninit reason 9
0	01:15:37.504	SupResZone_MTF SPX500,H1: uninit reason 9
0	01:15:37.504	SupResZone_MTF SPX500,H1: uninit reason 9
0	01:15:37.504	MACD-2x SPX500,H1: uninit reason 9
0	01:15:37.504	Laguerre-ACS1 SPX500,H1: deinitialized
0	01:15:37.504	Laguerre-ACS1 SPX500,H1: uninit reason 9
0	01:15:37.504	SupResZone_MTF EURAUD.,H4: uninit reason 9
0	01:15:37.508	SupResZone_MTF EURAUD.,H4: uninit reason 9
0	01:15:37.508	SupResZone_MTF EURAUD.,H4: uninit reason 9
0	01:15:37.508	SupResZone_MTF EURAUD.,H4: uninit reason 9
0	01:15:37.511	MACD-2x EURAUD.,H4: uninit reason 9
0	01:15:37.511	Laguerre-ACS1 EURAUD.,H4: deinitialized
0	01:15:37.511	Laguerre-ACS1 EURAUD.,H4: uninit reason 9
0	01:15:37.511	SupResZone_MTF AUDJPY.,H1: uninit reason 9
0	01:15:37.514	SupResZone_MTF AUDJPY.,H1: uninit reason 9
0	01:15:37.517	SupResZone_MTF AUDJPY.,H1: uninit reason 9
0	01:15:37.517	SupResZone_MTF AUDJPY.,H1: uninit reason 9
0	01:15:37.517	MACD-2x AUDJPY.,H1: uninit reason 9
0	01:15:37.517	Laguerre-ACS1 AUDJPY.,H1: deinitialized
0	01:15:37.517	Laguerre-ACS1 AUDJPY.,H1: uninit reason 9
0	01:15:37.517	SupResZone_MTF AUDUSD.,H1: uninit reason 9
0	01:15:37.520	SupResZone_MTF AUDUSD.,H1: uninit reason 9
0	01:15:37.524	SupResZone_MTF AUDUSD.,H1: uninit reason 9
0	01:15:37.524	SupResZone_MTF AUDUSD.,H1: uninit reason 9
0	01:15:37.524	MACD-2x AUDUSD.,H1: uninit reason 9
0	01:15:37.524	Laguerre-ACS1 AUDUSD.,H1: deinitialized
0	01:15:37.524	Laguerre-ACS1 AUDUSD.,H1: uninit reason 9
0	01:15:37.524	SupResZone_MTF USDJPY.,Daily: uninit reason 9
0	01:15:37.527	SupResZone_MTF USDJPY.,Daily: uninit reason 9
0	01:15:37.527	SupResZone_MTF USDJPY.,Daily: uninit reason 9
0	01:15:37.527	SupResZone_MTF USDJPY.,Daily: uninit reason 9
0	01:15:37.527	MACD-2x USDJPY.,Daily: uninit reason 9
0	01:15:37.527	Laguerre-ACS1 USDJPY.,Daily: deinitialized
0	01:15:37.527	Laguerre-ACS1 USDJPY.,Daily: uninit reason 9
0	01:15:37.527	SupResZone_MTF EURJPY.,H4: uninit reason 9
0	01:15:37.531	SupResZone_MTF EURJPY.,H4: uninit reason 9
0	01:15:37.531	SupResZone_MTF EURJPY.,H4: uninit reason 9
0	01:15:37.531	SupResZone_MTF EURJPY.,H4: uninit reason 9
0	01:15:37.535	MACD-2x EURJPY.,H4: uninit reason 9
0	01:15:37.535	Laguerre-ACS1 EURJPY.,H4: deinitialized
0	01:15:37.535	Laguerre-ACS1 EURJPY.,H4: uninit reason 9
0	01:15:37.535	SupResZone_MTF EURUSD.,H4: uninit reason 9
0	01:15:37.538	SupResZone_MTF EURUSD.,H4: uninit reason 9
0	01:15:37.538	SupResZone_MTF EURUSD.,H4: uninit reason 9
0	01:15:37.538	SupResZone_MTF EURUSD.,H4: uninit reason 9
0	01:15:37.542	MACD-2x EURUSD.,H4: uninit reason 9
0	01:15:37.542	Laguerre-ACS1 EURUSD.,H4: deinitialized
0	01:15:37.542	Laguerre-ACS1 EURUSD.,H4: uninit reason 9
0	01:15:37.542	SupResZone_MTF GBPJPY.,H4: uninit reason 9
0	01:15:37.545	SupResZone_MTF GBPJPY.,H4: uninit reason 9
0	01:15:37.545	SupResZone_MTF GBPJPY.,H4: uninit reason 9
0	01:15:37.545	SupResZone_MTF GBPJPY.,H4: uninit reason 9
0	01:15:37.550	MACD-2x GBPJPY.,H4: uninit reason 9
0	01:15:37.550	Laguerre-ACS1 GBPJPY.,H4: deinitialized
0	01:15:37.550	Laguerre-ACS1 GBPJPY.,H4: uninit reason 9
0	01:15:37.550	SupResZone_MTF GBPUSD.,H4: uninit reason 9
0	01:15:37.553	SupResZone_MTF GBPUSD.,H4: uninit reason 9
0	01:15:37.553	SupResZone_MTF GBPUSD.,H4: uninit reason 9
0	01:15:37.553	SupResZone_MTF GBPUSD.,H4: uninit reason 9
0	01:15:37.557	MACD-2x GBPUSD.,H4: uninit reason 9
0	01:15:37.557	Laguerre-ACS1 GBPUSD.,H4: deinitialized
0	01:15:37.557	Laguerre-ACS1 GBPUSD.,H4: uninit reason 9
0	01:15:37.557	SupResZone_MTF USDCAD.,H4: uninit reason 9
0	01:15:37.560	SupResZone_MTF USDCAD.,H4: uninit reason 9
0	01:15:37.560	SupResZone_MTF USDCAD.,H4: uninit reason 9
0	01:15:37.560	SupResZone_MTF USDCAD.,H4: uninit reason 9
0	01:15:37.563	MACD-2x USDCAD.,H4: uninit reason 9
0	01:15:37.563	Laguerre-ACS1 USDCAD.,H4: deinitialized
0	01:15:37.563	Laguerre-ACS1 USDCAD.,H4: uninit reason 9
0	01:15:37.563	SupResZone_MTF USDCHF.,H4: uninit reason 9
0	01:15:37.566	SupResZone_MTF USDCHF.,H4: uninit reason 9
0	01:15:37.566	SupResZone_MTF USDCHF.,H4: uninit reason 9
0	01:15:37.566	SupResZone_MTF USDCHF.,H4: uninit reason 9
0	01:15:37.570	MACD-2x USDCHF.,H4: uninit reason 9
0	01:15:37.570	Laguerre-ACS1 USDCHF.,H4: deinitialized
0	01:15:37.570	Laguerre-ACS1 USDCHF.,H4: uninit reason 9
0	01:15:37.570	SupResZone_MTF USDCNH,Daily: uninit reason 9
0	01:15:37.574	SupResZone_MTF USDCNH,Daily: uninit reason 9
0	01:15:37.574	SupResZone_MTF USDCNH,Daily: uninit reason 9
0	01:15:37.574	SupResZone_MTF USDCNH,Daily: uninit reason 9
0	01:15:37.574	MACD-2x USDCNH,Daily: uninit reason 9
0	01:15:37.574	Laguerre-ACS1 USDCNH,Daily: deinitialized
0	01:15:37.574	Laguerre-ACS1 USDCNH,Daily: uninit reason 9
0	01:15:37.574	GMMA Long USDJPY.,H4: uninit reason 9
0	01:15:37.574	GMMA Short USDJPY.,H4: uninit reason 9
0	01:15:37.574	23MTF_MovingAverageIGOR USDJPY.,H4: uninit reason 9
0	01:15:37.575	23MTF_MovingAverageIGOR USDJPY.,H4: uninit reason 9
0	01:15:37.575	SupResZone_MTF USDJPY.,H4: uninit reason 9
0	01:15:37.575	SupResZone_MTF USDJPY.,H4: uninit reason 9
0	01:15:37.578	MACD-2x USDJPY.,H4: uninit reason 9
0	01:15:37.578	SupResZone_MTF CHINA300,Daily: uninit reason 9
0	01:15:37.581	SupResZone_MTF CHINA300,Daily: uninit reason 9
0	01:15:37.581	SupResZone_MTF CHINA300,Daily: uninit reason 9
0	01:15:37.581	SupResZone_MTF CHINA300,Daily: uninit reason 9
0	01:15:37.581	MACD-2x CHINA300,Daily: uninit reason 9
0	01:15:37.581	Laguerre-ACS1 CHINA300,Daily: deinitialized
0	01:15:37.581	Laguerre-ACS1 CHINA300,Daily: uninit reason 9
0	01:15:37.581	23MTF_MovingAverageIGOR CADJPY.,H1: uninit reason 9
0	01:15:37.581	ADR CADJPY.,H1: uninit reason 9
0	01:15:37.582	SupResZone_MTF CADJPY.,H1: uninit reason 9
0	01:15:37.584	Laguerre-ACS1 CADJPY.,H1: deinitialized
0	01:15:37.584	Laguerre-ACS1 CADJPY.,H1: uninit reason 9
0	01:15:37.584	MACD-2x CADJPY.,H1: uninit reason 9
0	01:15:37.752	Custom indicator SupResZone_MTF USDXXX,Daily: removed
0	01:15:37.756	Custom indicator SupResZone_MTF USDXXX,Daily: removed
0	01:15:37.760	Custom indicator SupResZone_MTF USDXXX,Daily: removed
0	01:15:37.762	Custom indicator SupResZone_MTF USDXXX,Daily: removed
0	01:15:37.766	Custom indicator MACD-2x USDXXX,Daily: removed
0	01:15:37.766	Custom indicator Laguerre-ACS1 USDXXX,Daily: removed
0	01:15:37.773	Custom indicator SupResZone_MTF XAUUSD.,H4: removed
0	01:15:37.775	Custom indicator SupResZone_MTF XAUUSD.,H4: removed
0	01:15:37.776	Custom indicator SupResZone_MTF XAUUSD.,H4: removed
0	01:15:37.778	Custom indicator SupResZone_MTF XAUUSD.,H4: removed
0	01:15:37.780	Custom indicator MACD-2x XAUUSD.,H4: removed
0	01:15:37.780	Custom indicator Laguerre-ACS1 XAUUSD.,H4: removed
0	01:15:37.790	Custom indicator SupResZone_MTF XAGUSD.,H4: removed
0	01:15:37.792	Custom indicator SupResZone_MTF XAGUSD.,H4: removed
0	01:15:37.794	Custom indicator SupResZone_MTF XAGUSD.,H4: removed
0	01:15:37.796	Custom indicator SupResZone_MTF XAGUSD.,H4: removed
0	01:15:37.797	Custom indicator MACD-2x XAGUSD.,H4: removed
0	01:15:37.798	Custom indicator Laguerre-ACS1 XAGUSD.,H4: removed
0	01:15:37.804	Custom indicator SupResZone_MTF US_OIL,H4: removed
0	01:15:37.806	Custom indicator SupResZone_MTF US_OIL,H4: removed
0	01:15:37.807	Custom indicator SupResZone_MTF US_OIL,H4: removed
0	01:15:37.809	Custom indicator SupResZone_MTF US_OIL,H4: removed
0	01:15:37.811	Custom indicator MACD-2x US_OIL,H4: removed
0	01:15:37.811	Custom indicator Laguerre-ACS1 US_OIL,H4: removed
0	01:15:37.818	Custom indicator SupResZone_MTF JP225,H1: removed
0	01:15:37.820	Custom indicator SupResZone_MTF JP225,H1: removed
0	01:15:37.822	Custom indicator SupResZone_MTF JP225,H1: removed
0	01:15:37.823	Custom indicator SupResZone_MTF JP225,H1: removed
0	01:15:37.825	Custom indicator MACD-2x JP225,H1: removed
0	01:15:37.825	Custom indicator Laguerre-ACS1 JP225,H1: removed
0	01:15:37.833	Custom indicator SupResZone_MTF SPX500,H1: removed
0	01:15:37.835	Custom indicator SupResZone_MTF SPX500,H1: removed
0	01:15:37.837	Custom indicator SupResZone_MTF SPX500,H1: removed
0	01:15:37.839	Custom indicator SupResZone_MTF SPX500,H1: removed
0	01:15:37.841	Custom indicator MACD-2x SPX500,H1: removed
0	01:15:37.841	Custom indicator Laguerre-ACS1 SPX500,H1: removed
0	01:15:37.848	Custom indicator SupResZone_MTF EURAUD.,H4: removed
0	01:15:37.850	Custom indicator SupResZone_MTF EURAUD.,H4: removed
0	01:15:37.851	Custom indicator SupResZone_MTF EURAUD.,H4: removed
0	01:15:37.853	Custom indicator SupResZone_MTF EURAUD.,H4: removed
0	01:15:37.855	Custom indicator MACD-2x EURAUD.,H4: removed
0	01:15:37.855	Custom indicator Laguerre-ACS1 EURAUD.,H4: removed
0	01:15:37.862	Custom indicator SupResZone_MTF AUDJPY.,H1: removed
0	01:15:37.864	Custom indicator SupResZone_MTF AUDJPY.,H1: removed
0	01:15:37.866	Custom indicator SupResZone_MTF AUDJPY.,H1: removed
0	01:15:37.868	Custom indicator SupResZone_MTF AUDJPY.,H1: removed
0	01:15:37.870	Custom indicator MACD-2x AUDJPY.,H1: removed
0	01:15:37.870	Custom indicator Laguerre-ACS1 AUDJPY.,H1: removed
0	01:15:37.876	Custom indicator SupResZone_MTF AUDUSD.,H1: removed
0	01:15:37.878	Custom indicator SupResZone_MTF AUDUSD.,H1: removed
0	01:15:37.881	Custom indicator SupResZone_MTF AUDUSD.,H1: removed
0	01:15:37.882	Custom indicator SupResZone_MTF AUDUSD.,H1: removed
0	01:15:37.884	Custom indicator MACD-2x AUDUSD.,H1: removed
0	01:15:37.884	Custom indicator Laguerre-ACS1 AUDUSD.,H1: removed
0	01:15:37.891	Custom indicator SupResZone_MTF USDJPY.,Daily: removed
0	01:15:37.893	Custom indicator SupResZone_MTF USDJPY.,Daily: removed
0	01:15:37.895	Custom indicator SupResZone_MTF USDJPY.,Daily: removed
0	01:15:37.897	Custom indicator SupResZone_MTF USDJPY.,Daily: removed
0	01:15:37.900	Custom indicator MACD-2x USDJPY.,Daily: removed
0	01:15:37.900	Custom indicator Laguerre-ACS1 USDJPY.,Daily: removed
0	01:15:37.907	Custom indicator SupResZone_MTF EURJPY.,H4: removed
0	01:15:37.909	Custom indicator SupResZone_MTF EURJPY.,H4: removed
0	01:15:37.911	Custom indicator SupResZone_MTF EURJPY.,H4: removed
0	01:15:37.912	Custom indicator SupResZone_MTF EURJPY.,H4: removed
0	01:15:37.915	Custom indicator MACD-2x EURJPY.,H4: removed
0	01:15:37.915	Custom indicator Laguerre-ACS1 EURJPY.,H4: removed
0	01:15:37.923	Custom indicator SupResZone_MTF EURUSD.,H4: removed
0	01:15:37.925	Custom indicator SupResZone_MTF EURUSD.,H4: removed
0	01:15:37.927	Custom indicator SupResZone_MTF EURUSD.,H4: removed
0	01:15:37.928	Custom indicator SupResZone_MTF EURUSD.,H4: removed
0	01:15:37.931	Custom indicator MACD-2x EURUSD.,H4: removed
0	01:15:37.932	Custom indicator Laguerre-ACS1 EURUSD.,H4: removed
0	01:15:37.938	Custom indicator SupResZone_MTF GBPJPY.,H4: removed
0	01:15:37.939	Custom indicator SupResZone_MTF GBPJPY.,H4: removed
0	01:15:37.941	Custom indicator SupResZone_MTF GBPJPY.,H4: removed
0	01:15:37.943	Custom indicator SupResZone_MTF GBPJPY.,H4: removed
0	01:15:37.945	Custom indicator MACD-2x GBPJPY.,H4: removed
0	01:15:37.945	Custom indicator Laguerre-ACS1 GBPJPY.,H4: removed
0	01:15:37.952	Custom indicator SupResZone_MTF GBPUSD.,H4: removed
0	01:15:37.953	Custom indicator SupResZone_MTF GBPUSD.,H4: removed
0	01:15:37.956	Custom indicator SupResZone_MTF GBPUSD.,H4: removed
0	01:15:37.957	Custom indicator SupResZone_MTF GBPUSD.,H4: removed
0	01:15:37.959	Custom indicator MACD-2x GBPUSD.,H4: removed
0	01:15:37.959	Custom indicator Laguerre-ACS1 GBPUSD.,H4: removed
0	01:15:37.989	Custom indicator SupResZone_MTF USDCAD.,H4: removed
0	01:15:37.993	Custom indicator SupResZone_MTF USDCAD.,H4: removed
0	01:15:37.995	Custom indicator SupResZone_MTF USDCAD.,H4: removed
0	01:15:37.997	Custom indicator SupResZone_MTF USDCAD.,H4: removed
0	01:15:37.999	Custom indicator MACD-2x USDCAD.,H4: removed
0	01:15:37.999	Custom indicator Laguerre-ACS1 USDCAD.,H4: removed
0	01:15:38.022	Custom indicator SupResZone_MTF USDCHF.,H4: removed
0	01:15:38.024	Custom indicator SupResZone_MTF USDCHF.,H4: removed
0	01:15:38.025	Custom indicator SupResZone_MTF USDCHF.,H4: removed
0	01:15:38.027	Custom indicator SupResZone_MTF USDCHF.,H4: removed
0	01:15:38.030	Custom indicator MACD-2x USDCHF.,H4: removed
0	01:15:38.030	Custom indicator Laguerre-ACS1 USDCHF.,H4: removed
0	01:15:38.038	Custom indicator SupResZone_MTF USDCNH,Daily: removed
0	01:15:38.040	Custom indicator SupResZone_MTF USDCNH,Daily: removed
0	01:15:38.042	Custom indicator SupResZone_MTF USDCNH,Daily: removed
0	01:15:38.044	Custom indicator SupResZone_MTF USDCNH,Daily: removed
0	01:15:38.045	Custom indicator MACD-2x USDCNH,Daily: removed
0	01:15:38.045	Custom indicator Laguerre-ACS1 USDCNH,Daily: removed
0	01:15:38.072	Custom indicator GMMA Long USDJPY.,H4: removed
0	01:15:38.074	Custom indicator GMMA Short USDJPY.,H4: removed
0	01:15:38.076	Custom indicator 23MTF_MovingAverageIGOR USDJPY.,H4: removed
0	01:15:38.078	Custom indicator 23MTF_MovingAverageIGOR USDJPY.,H4: removed
0	01:15:38.080	Custom indicator SupResZone_MTF USDJPY.,H4: removed
0	01:15:38.082	Custom indicator SupResZone_MTF USDJPY.,H4: removed
0	01:15:38.083	Custom indicator MACD-2x USDJPY.,H4: removed
0	01:15:38.092	Custom indicator SupResZone_MTF CHINA300,Daily: removed
0	01:15:38.094	Custom indicator SupResZone_MTF CHINA300,Daily: removed
0	01:15:38.095	Custom indicator SupResZone_MTF CHINA300,Daily: removed
0	01:15:38.098	Custom indicator SupResZone_MTF CHINA300,Daily: removed
0	01:15:38.099	Custom indicator MACD-2x CHINA300,Daily: removed
0	01:15:38.099	Custom indicator Laguerre-ACS1 CHINA300,Daily: removed
0	01:15:38.109	Custom indicator 23MTF_MovingAverageIGOR CADJPY.,H1: removed
0	01:15:38.111	Custom indicator ADR CADJPY.,H1: removed
0	01:15:38.112	Custom indicator SupResZone_MTF CADJPY.,H1: removed
0	01:15:38.112	Custom indicator Laguerre-ACS1 CADJPY.,H1: removed
0	01:15:38.115	Custom indicator MACD-2x CADJPY.,H1: removed
