0	09:39:40.318	FX Trader build 1170 started (Performance Ronnaru Capital Ltd.)
0	09:39:40.319	Windows 10 Home x64, IE 11, UAC, 8 x Intel Core i7-6700HQ  @ 2.60GHz, Memory: 18086 / 32639 Mb, Disk: 139 / 264 Gb, GMT+9
0	09:39:40.319	Data Folder: C:\Users\tiany\AppData\Roaming\MetaQuotes\Terminal\79214103E7A6FC97F86082D309D0B84B
2	09:39:42.720	Custom indicator span_model EURAUD.,H1: loaded successfully
2	09:39:42.733	Custom indicator MACD-2x EURAUD.,H1: loaded successfully
2	09:39:42.745	Custom indicator MACD-2x EURAUD.,H1: loaded successfully
2	09:39:42.819	Custom indicator Laguerre-ACS1 EURAUD.,H1: loaded successfully
2	09:39:42.959	Custom indicator span_model XAUUSD.,H4: loaded successfully
2	09:39:42.970	Custom indicator MACD-2x XAUUSD.,H4: loaded successfully
2	09:39:42.983	Custom indicator MACD-2x XAUUSD.,H4: loaded successfully
2	09:39:43.061	Custom indicator Laguerre-ACS1 XAUUSD.,H4: loaded successfully
2	09:39:43.272	Custom indicator span_model JP225,H4: loaded successfully
2	09:39:43.283	Custom indicator MACD-2x JP225,H4: loaded successfully
2	09:39:43.295	Custom indicator MACD-2x JP225,H4: loaded successfully
2	09:39:43.390	Custom indicator Laguerre-ACS1 JP225,H4: loaded successfully
2	09:39:43.650	Custom indicator span_model SPX500,H4: loaded successfully
2	09:39:43.660	Custom indicator MACD-2x SPX500,H4: loaded successfully
2	09:39:43.671	Custom indicator MACD-2x SPX500,H4: loaded successfully
2	09:39:43.746	Custom indicator Laguerre-ACS1 SPX500,H4: loaded successfully
2	09:39:43.916	Custom indicator span_model NDX100,H4: loaded successfully
2	09:39:43.926	Custom indicator MACD-2x NDX100,H4: loaded successfully
2	09:39:43.937	Custom indicator MACD-2x NDX100,H4: loaded successfully
2	09:39:44.017	Custom indicator Laguerre-ACS1 NDX100,H4: loaded successfully
2	09:39:44.259	Custom indicator span_model US_OIL,Daily: loaded successfully
2	09:39:44.270	Custom indicator MACD-2x US_OIL,Daily: loaded successfully
2	09:39:44.282	Custom indicator MACD-2x US_OIL,Daily: loaded successfully
2	09:39:44.374	Custom indicator Laguerre-ACS1 US_OIL,Daily: loaded successfully
2	09:39:44.676	Custom indicator span_model USDJPY.,H1: loaded successfully
2	09:39:44.687	Custom indicator MACD-2x USDJPY.,H1: loaded successfully
2	09:39:44.697	Custom indicator MACD-2x USDJPY.,H1: loaded successfully
2	09:39:44.773	Custom indicator Laguerre-ACS1 USDJPY.,H1: loaded successfully
2	09:39:45.012	Custom indicator span_model EURJPY.,H4: loaded successfully
2	09:39:45.023	Custom indicator MACD-2x EURJPY.,H4: loaded successfully
2	09:39:45.033	Custom indicator MACD-2x EURJPY.,H4: loaded successfully
2	09:39:45.106	Custom indicator Laguerre-ACS1 EURJPY.,H4: loaded successfully
2	09:39:45.293	Custom indicator span_model EURUSD.,H4: loaded successfully
2	09:39:45.305	Custom indicator MACD-2x EURUSD.,H4: loaded successfully
2	09:39:45.317	Custom indicator MACD-2x EURUSD.,H4: loaded successfully
2	09:39:45.403	Custom indicator Laguerre-ACS1 EURUSD.,H4: loaded successfully
2	09:39:45.630	Custom indicator span_model GBPUSD.,Daily: loaded successfully
2	09:39:45.642	Custom indicator MACD-2x GBPUSD.,Daily: loaded successfully
2	09:39:45.654	Custom indicator MACD-2x GBPUSD.,Daily: loaded successfully
2	09:39:45.734	Custom indicator Laguerre-ACS1 GBPUSD.,Daily: loaded successfully
2	09:39:45.920	Custom indicator span_model GBPJPY.,Daily: loaded successfully
2	09:39:45.933	Custom indicator MACD-2x GBPJPY.,Daily: loaded successfully
2	09:39:45.946	Custom indicator MACD-2x GBPJPY.,Daily: loaded successfully
2	09:39:46.024	Custom indicator Laguerre-ACS1 GBPJPY.,Daily: loaded successfully
2	09:39:46.219	Custom indicator span_model USDCHF.,Daily: loaded successfully
2	09:39:46.231	Custom indicator MACD-2x USDCHF.,Daily: loaded successfully
2	09:39:46.241	Custom indicator MACD-2x USDCHF.,Daily: loaded successfully
2	09:39:46.314	Custom indicator Laguerre-ACS1 USDCHF.,Daily: loaded successfully
2	09:39:46.494	Custom indicator span_model USDCAD.,Daily: loaded successfully
2	09:39:46.505	Custom indicator MACD-2x USDCAD.,Daily: loaded successfully
2	09:39:46.517	Custom indicator MACD-2x USDCAD.,Daily: loaded successfully
2	09:39:46.591	Custom indicator Laguerre-ACS1 USDCAD.,Daily: loaded successfully
2	09:39:46.777	Custom indicator span_model AUDUSD.,Daily: loaded successfully
2	09:39:46.788	Custom indicator MACD-2x AUDUSD.,Daily: loaded successfully
2	09:39:46.799	Custom indicator MACD-2x AUDUSD.,Daily: loaded successfully
2	09:39:46.877	Custom indicator Laguerre-ACS1 AUDUSD.,Daily: loaded successfully
0	09:39:50.549	'120010550': login on PRC-Live through Server 3 (ping: 45.21 ms)
0	09:39:51.340	'120010550': login datacenter on PRC-Live through Server 3 (ping: 45.21 ms)
0	09:39:51.665	'120010550': previous successful authorization performed from 106.181.133.40
0	09:40:11.496	'120010550': ping to current access point Server 3 is 54.57 ms
0	09:44:01.318	'120010550': order sell market 0.01 EURAUD. sl: 0.00000 tp: 0.00000
0	09:44:01.792	'120010550': order was opened : #10895151 sell 0.01 EURAUD. at 1.58167 sl: 0.00000 tp: 0.00000
0	10:35:59.026	'120010550': order sell market 0.01 EURAUD. sl: 0.00000 tp: 0.00000
0	10:35:59.531	'120010550': order was opened : #10895216 sell 0.01 EURAUD. at 1.58149 sl: 0.00000 tp: 0.00000
1	12:40:28.606	'120010550': ping failed
0	12:40:32.363	'120010550': login on PRC-Live through Server 7 (ping: 63.48 ms)
0	12:40:34.326	'120010550': login datacenter on PRC-Live through Server 7 (ping: 63.48 ms)
0	12:40:34.877	'120010550': previous successful authorization performed from 106.181.138.215
0	12:40:54.490	'120010550': auto connecting to a better access point Server 3 (ping is 52.75 ms)
0	12:40:54.948	'120010550': login on PRC-Live through Server 3 (ping: 52.75 ms)
0	12:40:55.747	'120010550': login datacenter on PRC-Live through Server 3 (ping: 52.75 ms)
0	12:40:56.110	'120010550': previous successful authorization performed from 106.181.141.53
1	15:59:41.555	'120010550': ping failed
1	15:59:41.586	'120010550': ping failed
1	15:59:41.586	'120010550': datacenter connecting failed [6]
0	15:59:45.301	'120010550': login on PRC-Live through Server 7 (ping: 68.99 ms)
0	15:59:46.411	'120010550': login datacenter on PRC-Live through Server 7 (ping: 68.99 ms)
0	15:59:47.278	'120010550': previous successful authorization performed from 106.181.137.185
0	16:00:03.601	'120010550': auto connecting to a better access point Server 3 (ping is 44.82 ms)
0	16:00:04.222	'120010550': login on PRC-Live through Server 3 (ping: 44.82 ms)
0	16:00:04.912	'120010550': login datacenter on PRC-Live through Server 3 (ping: 44.82 ms)
0	16:00:05.237	'120010550': previous successful authorization performed from 106.181.137.185
0	16:00:51.219	'120010550': order sell market 0.01 XAUUSD. sl: 0.00 tp: 0.00
0	16:00:51.695	'120010550': order was opened : #10895752 sell 0.01 XAUUSD. at 1283.17 sl: 0.00 tp: 0.00
1	19:31:54.584	'120010550': ping failed
1	19:36:50.548	'120010550': connect failed [No connection]
0	19:37:01.577	'120010550': login on PRC-Live through Server 8 (ping: n/a)
0	19:37:03.620	'120010550': login datacenter on PRC-Live through Server 8 (ping: n/a)
0	19:37:04.247	'120010550': previous successful authorization performed from 106.181.141.150
0	19:37:21.164	'120010550': auto connecting to a better access point Server 7 (ping is 50.66 ms)
0	19:37:21.720	'120010550': login on PRC-Live through Server 7 (ping: 50.66 ms)
0	19:37:22.428	'120010550': login datacenter on PRC-Live through Server 7 (ping: 50.66 ms)
0	19:37:22.749	'120010550': previous successful authorization performed from 106.181.141.150
0	20:04:45.070	'120010550': order sell market 0.01 XAUUSD. sl: 0.00 tp: 0.00
0	20:04:45.274	'120010550': order was opened : #10896181 sell 0.01 XAUUSD. at 1280.61 sl: 0.00 tp: 0.00
0	20:07:51.818	'120010550': order sell market 0.01 XAUUSD. sl: 0.00 tp: 0.00
0	20:07:52.473	'120010550': order was opened : #10896188 sell 0.01 XAUUSD. at 1280.06 sl: 0.00 tp: 0.00
0	21:52:55.931	'120010550': order sell market 0.01 XAUUSD. sl: 0.00 tp: 0.00
0	21:52:56.222	'120010550': order was opened : #10896464 sell 0.01 XAUUSD. at 1281.54 sl: 0.00 tp: 0.00
0	22:06:48.753	'120010550': order sell market 0.01 XAUUSD. sl: 0.00 tp: 0.00
0	22:06:49.302	'120010550': order was opened : #10896510 sell 0.01 XAUUSD. at 1279.85 sl: 0.00 tp: 0.00
0	22:23:40.011	'120010550': order sell market 0.01 USDCAD. sl: 0.00000 tp: 0.00000
0	22:23:41.194	'120010550': order was opened : #10896573 sell 0.01 USDCAD. at 1.34626 sl: 0.00000 tp: 0.00000
0	22:44:45.556	'120010550': order sell market 0.01 XAUUSD. sl: 0.00 tp: 0.00
0	22:44:46.009	'120010550': order was opened : #10896595 sell 0.01 XAUUSD. at 1279.16 sl: 0.00 tp: 0.00
