0	00:30:02.796	'120010550': order #11122772 sell 0.01 XAGUSD. at 16.391 closed due take-profit at price 16.373
2	00:50:21.083	Custom indicator SupResZone_MTF USDXXX,Daily: removed
2	00:50:21.086	Custom indicator SupResZone_MTF USDXXX,Daily: removed
2	00:50:21.088	Custom indicator SupResZone_MTF USDXXX,Daily: removed
2	00:50:21.089	Custom indicator SupResZone_MTF USDXXX,Daily: removed
2	00:50:21.091	Custom indicator MACD-2x USDXXX,Daily: removed
2	00:50:21.091	Custom indicator Laguerre-ACS1 USDXXX,Daily: removed
2	00:50:21.096	Custom indicator SupResZone_MTF XAUUSD.,H4: removed
2	00:50:21.097	Custom indicator SupResZone_MTF XAUUSD.,H4: removed
2	00:50:21.099	Custom indicator SupResZone_MTF XAUUSD.,H4: removed
2	00:50:21.102	Custom indicator SupResZone_MTF XAUUSD.,H4: removed
2	00:50:21.104	Custom indicator MACD-2x XAUUSD.,H4: removed
2	00:50:21.104	Custom indicator Laguerre-ACS1 XAUUSD.,H4: removed
2	00:50:21.127	Custom indicator SupResZone_MTF XAGUSD.,H4: removed
2	00:50:21.129	Custom indicator SupResZone_MTF XAGUSD.,H4: removed
2	00:50:21.131	Custom indicator SupResZone_MTF XAGUSD.,H4: removed
2	00:50:21.132	Custom indicator SupResZone_MTF XAGUSD.,H4: removed
2	00:50:21.134	Custom indicator MACD-2x XAGUSD.,H4: removed
2	00:50:21.135	Custom indicator Laguerre-ACS1 XAGUSD.,H4: removed
2	00:50:21.159	Custom indicator SupResZone_MTF US_OIL,H1: removed
2	00:50:21.160	Custom indicator SupResZone_MTF US_OIL,H1: removed
2	00:50:21.162	Custom indicator SupResZone_MTF US_OIL,H1: removed
2	00:50:21.163	Custom indicator SupResZone_MTF US_OIL,H1: removed
2	00:50:21.165	Custom indicator MACD-2x US_OIL,H1: removed
2	00:50:21.166	Custom indicator Laguerre-ACS1 US_OIL,H1: removed
2	00:50:21.191	Custom indicator SupResZone_MTF JP225,H1: removed
2	00:50:21.193	Custom indicator SupResZone_MTF JP225,H1: removed
2	00:50:21.194	Custom indicator SupResZone_MTF JP225,H1: removed
2	00:50:21.196	Custom indicator SupResZone_MTF JP225,H1: removed
2	00:50:21.197	Custom indicator MACD-2x JP225,H1: removed
2	00:50:21.199	Custom indicator Laguerre-ACS1 JP225,H1: removed
2	00:50:21.226	Custom indicator SupResZone_MTF SPX500,H1: removed
2	00:50:21.227	Custom indicator SupResZone_MTF SPX500,H1: removed
2	00:50:21.229	Custom indicator SupResZone_MTF SPX500,H1: removed
2	00:50:21.230	Custom indicator SupResZone_MTF SPX500,H1: removed
2	00:50:21.232	Custom indicator MACD-2x SPX500,H1: removed
2	00:50:21.232	Custom indicator Laguerre-ACS1 SPX500,H1: removed
2	00:50:21.256	Custom indicator SupResZone_MTF EURAUD.,H4: removed
2	00:50:21.258	Custom indicator SupResZone_MTF EURAUD.,H4: removed
2	00:50:21.259	Custom indicator SupResZone_MTF EURAUD.,H4: removed
2	00:50:21.261	Custom indicator SupResZone_MTF EURAUD.,H4: removed
2	00:50:21.263	Custom indicator MACD-2x EURAUD.,H4: removed
2	00:50:21.263	Custom indicator Laguerre-ACS1 EURAUD.,H4: removed
2	00:50:21.285	Custom indicator SupResZone_MTF AUDJPY.,H1: removed
2	00:50:21.287	Custom indicator SupResZone_MTF AUDJPY.,H1: removed
2	00:50:21.289	Custom indicator SupResZone_MTF AUDJPY.,H1: removed
2	00:50:21.290	Custom indicator SupResZone_MTF AUDJPY.,H1: removed
2	00:50:21.292	Custom indicator MACD-2x AUDJPY.,H1: removed
2	00:50:21.292	Custom indicator Laguerre-ACS1 AUDJPY.,H1: removed
2	00:50:21.313	Custom indicator SupResZone_MTF AUDUSD.,H1: removed
2	00:50:21.314	Custom indicator SupResZone_MTF AUDUSD.,H1: removed
2	00:50:21.316	Custom indicator SupResZone_MTF AUDUSD.,H1: removed
2	00:50:21.319	Custom indicator SupResZone_MTF AUDUSD.,H1: removed
2	00:50:21.320	Custom indicator MACD-2x AUDUSD.,H1: removed
2	00:50:21.320	Custom indicator Laguerre-ACS1 AUDUSD.,H1: removed
2	00:50:21.343	Custom indicator SupResZone_MTF USDJPY.,H1: removed
2	00:50:21.345	Custom indicator SupResZone_MTF USDJPY.,H1: removed
2	00:50:21.347	Custom indicator SupResZone_MTF USDJPY.,H1: removed
2	00:50:21.348	Custom indicator SupResZone_MTF USDJPY.,H1: removed
2	00:50:21.350	Custom indicator MACD-2x USDJPY.,H1: removed
2	00:50:21.351	Custom indicator Laguerre-ACS1 USDJPY.,H1: removed
2	00:50:21.372	Custom indicator SupResZone_MTF EURJPY.,H4: removed
2	00:50:21.373	Custom indicator SupResZone_MTF EURJPY.,H4: removed
2	00:50:21.374	Custom indicator SupResZone_MTF EURJPY.,H4: removed
2	00:50:21.376	Custom indicator SupResZone_MTF EURJPY.,H4: removed
2	00:50:21.378	Custom indicator MACD-2x EURJPY.,H4: removed
2	00:50:21.378	Custom indicator Laguerre-ACS1 EURJPY.,H4: removed
2	00:50:21.402	Custom indicator SupResZone_MTF EURUSD.,H4: removed
2	00:50:21.403	Custom indicator SupResZone_MTF EURUSD.,H4: removed
2	00:50:21.405	Custom indicator SupResZone_MTF EURUSD.,H4: removed
2	00:50:21.407	Custom indicator SupResZone_MTF EURUSD.,H4: removed
2	00:50:21.408	Custom indicator MACD-2x EURUSD.,H4: removed
2	00:50:21.408	Custom indicator Laguerre-ACS1 EURUSD.,H4: removed
2	00:50:21.431	Custom indicator SupResZone_MTF GBPJPY.,H4: removed
2	00:50:21.434	Custom indicator SupResZone_MTF GBPJPY.,H4: removed
2	00:50:21.435	Custom indicator SupResZone_MTF GBPJPY.,H4: removed
2	00:50:21.437	Custom indicator SupResZone_MTF GBPJPY.,H4: removed
2	00:50:21.438	Custom indicator MACD-2x GBPJPY.,H4: removed
2	00:50:21.438	Custom indicator Laguerre-ACS1 GBPJPY.,H4: removed
2	00:50:21.467	Custom indicator SupResZone_MTF GBPUSD.,Daily: removed
2	00:50:21.468	Custom indicator SupResZone_MTF GBPUSD.,Daily: removed
2	00:50:21.470	Custom indicator SupResZone_MTF GBPUSD.,Daily: removed
2	00:50:21.471	Custom indicator SupResZone_MTF GBPUSD.,Daily: removed
2	00:50:21.474	Custom indicator MACD-2x GBPUSD.,Daily: removed
2	00:50:21.475	Custom indicator Laguerre-ACS1 GBPUSD.,Daily: removed
2	00:50:21.501	Custom indicator SupResZone_MTF USDCAD.,H4: removed
2	00:50:21.503	Custom indicator SupResZone_MTF USDCAD.,H4: removed
2	00:50:21.505	Custom indicator SupResZone_MTF USDCAD.,H4: removed
2	00:50:21.508	Custom indicator SupResZone_MTF USDCAD.,H4: removed
2	00:50:21.510	Custom indicator MACD-2x USDCAD.,H4: removed
2	00:50:21.510	Custom indicator Laguerre-ACS1 USDCAD.,H4: removed
2	00:50:21.535	Custom indicator SupResZone_MTF USDCHF.,H4: removed
2	00:50:21.539	Custom indicator SupResZone_MTF USDCHF.,H4: removed
2	00:50:21.541	Custom indicator SupResZone_MTF USDCHF.,H4: removed
2	00:50:21.542	Custom indicator SupResZone_MTF USDCHF.,H4: removed
2	00:50:21.544	Custom indicator MACD-2x USDCHF.,H4: removed
2	00:50:21.544	Custom indicator Laguerre-ACS1 USDCHF.,H4: removed
2	00:50:21.550	Custom indicator SupResZone_MTF USDCNH,Daily: removed
2	00:50:21.552	Custom indicator SupResZone_MTF USDCNH,Daily: removed
2	00:50:21.554	Custom indicator SupResZone_MTF USDCNH,Daily: removed
2	00:50:21.556	Custom indicator SupResZone_MTF USDCNH,Daily: removed
2	00:50:21.558	Custom indicator MACD-2x USDCNH,Daily: removed
2	00:50:21.558	Custom indicator Laguerre-ACS1 USDCNH,Daily: removed
2	00:50:21.576	Custom indicator GMMA Long USDJPY.,H4: removed
2	00:50:21.577	Custom indicator GMMA Short USDJPY.,H4: removed
2	00:50:21.580	Custom indicator 23MTF_MovingAverageIGOR USDJPY.,H4: removed
2	00:50:21.582	Custom indicator 23MTF_MovingAverageIGOR USDJPY.,H4: removed
2	00:50:21.585	Custom indicator SupResZone_MTF USDJPY.,H4: removed
2	00:50:21.587	Custom indicator SupResZone_MTF USDJPY.,H4: removed
2	00:50:21.588	Custom indicator MACD-2x USDJPY.,H4: removed
2	00:50:21.594	Custom indicator SupResZone_MTF CHINA300,Daily: removed
2	00:50:21.595	Custom indicator SupResZone_MTF CHINA300,Daily: removed
2	00:50:21.598	Custom indicator SupResZone_MTF CHINA300,Daily: removed
2	00:50:21.600	Custom indicator SupResZone_MTF CHINA300,Daily: removed
2	00:50:21.601	Custom indicator MACD-2x CHINA300,Daily: removed
2	00:50:21.601	Custom indicator Laguerre-ACS1 CHINA300,Daily: removed
2	00:50:21.611	Custom indicator 23MTF_MovingAverageIGOR CADJPY.,H1: removed
2	00:50:21.613	Custom indicator ADR CADJPY.,H1: removed
2	00:50:21.615	Custom indicator SupResZone_MTF CADJPY.,H1: removed
2	00:50:21.615	Custom indicator Laguerre-ACS1 CADJPY.,H1: removed
2	00:50:21.616	Custom indicator MACD-2x CADJPY.,H1: removed
0	00:50:22.095	FX Trader build 1170 stopped
0	07:57:29.493	FX Trader build 1170 started (Performance Ronnaru Capital Ltd.)
0	07:57:29.494	Windows 10 Home x64, IE 11, UAC, 8 x Intel Core i7-6700HQ  @ 2.60GHz, Memory: 27175 / 32639 Mb, Disk: 131 / 264 Gb, GMT+8
0	07:57:29.494	Data Folder: C:\Users\tiany\AppData\Roaming\MetaQuotes\Terminal\79214103E7A6FC97F86082D309D0B84B
2	07:57:31.941	Custom indicator SupResZone_MTF USDXXX,Daily: loaded successfully
2	07:57:31.960	Custom indicator SupResZone_MTF USDXXX,Daily: loaded successfully
2	07:57:31.981	Custom indicator SupResZone_MTF USDXXX,Daily: loaded successfully
2	07:57:32.002	Custom indicator SupResZone_MTF USDXXX,Daily: loaded successfully
2	07:57:32.021	Custom indicator MACD-2x USDXXX,Daily: loaded successfully
2	07:57:32.134	Custom indicator Laguerre-ACS1 USDXXX,Daily: loaded successfully
2	07:57:32.375	Custom indicator SupResZone_MTF XAUUSD.,H4: loaded successfully
2	07:57:32.401	Custom indicator SupResZone_MTF XAUUSD.,H4: loaded successfully
2	07:57:32.435	Custom indicator SupResZone_MTF XAUUSD.,H4: loaded successfully
2	07:57:32.451	Custom indicator SupResZone_MTF XAUUSD.,H4: loaded successfully
2	07:57:32.473	Custom indicator MACD-2x XAUUSD.,H4: loaded successfully
2	07:57:32.632	Custom indicator Laguerre-ACS1 XAUUSD.,H4: loaded successfully
2	07:57:33.093	Custom indicator SupResZone_MTF XAGUSD.,H4: loaded successfully
2	07:57:33.113	Custom indicator SupResZone_MTF XAGUSD.,H4: loaded successfully
2	07:57:33.132	Custom indicator SupResZone_MTF XAGUSD.,H4: loaded successfully
2	07:57:33.149	Custom indicator SupResZone_MTF XAGUSD.,H4: loaded successfully
2	07:57:33.176	Custom indicator MACD-2x XAGUSD.,H4: loaded successfully
2	07:57:33.348	Custom indicator Laguerre-ACS1 XAGUSD.,H4: loaded successfully
2	07:57:33.727	Custom indicator SupResZone_MTF US_OIL,H1: loaded successfully
2	07:57:33.768	Custom indicator SupResZone_MTF US_OIL,H1: loaded successfully
2	07:57:33.791	Custom indicator SupResZone_MTF US_OIL,H1: loaded successfully
2	07:57:33.815	Custom indicator SupResZone_MTF US_OIL,H1: loaded successfully
2	07:57:33.850	Custom indicator MACD-2x US_OIL,H1: loaded successfully
2	07:57:34.122	Custom indicator Laguerre-ACS1 US_OIL,H1: loaded successfully
2	07:57:34.517	Custom indicator SupResZone_MTF JP225,H1: loaded successfully
2	07:57:34.549	Custom indicator SupResZone_MTF JP225,H1: loaded successfully
2	07:57:34.564	Custom indicator SupResZone_MTF JP225,H1: loaded successfully
2	07:57:34.596	Custom indicator SupResZone_MTF JP225,H1: loaded successfully
2	07:57:34.611	Custom indicator MACD-2x JP225,H1: loaded successfully
2	07:57:34.783	Custom indicator Laguerre-ACS1 JP225,H1: loaded successfully
2	07:57:35.330	Custom indicator SupResZone_MTF SPX500,H1: loaded successfully
2	07:57:35.345	Custom indicator SupResZone_MTF SPX500,H1: loaded successfully
2	07:57:35.361	Custom indicator SupResZone_MTF SPX500,H1: loaded successfully
2	07:57:35.377	Custom indicator SupResZone_MTF SPX500,H1: loaded successfully
2	07:57:35.408	Custom indicator MACD-2x SPX500,H1: loaded successfully
2	07:57:35.517	Custom indicator Laguerre-ACS1 SPX500,H1: loaded successfully
2	07:57:35.897	Custom indicator SupResZone_MTF EURAUD.,H4: loaded successfully
2	07:57:35.908	Custom indicator SupResZone_MTF EURAUD.,H4: loaded successfully
2	07:57:35.924	Custom indicator SupResZone_MTF EURAUD.,H4: loaded successfully
2	07:57:35.939	Custom indicator SupResZone_MTF EURAUD.,H4: loaded successfully
2	07:57:35.956	Custom indicator MACD-2x EURAUD.,H4: loaded successfully
2	07:57:36.064	Custom indicator Laguerre-ACS1 EURAUD.,H4: loaded successfully
2	07:57:36.325	Custom indicator SupResZone_MTF AUDJPY.,H1: loaded successfully
2	07:57:36.340	Custom indicator SupResZone_MTF AUDJPY.,H1: loaded successfully
2	07:57:36.354	Custom indicator SupResZone_MTF AUDJPY.,H1: loaded successfully
2	07:57:36.370	Custom indicator SupResZone_MTF AUDJPY.,H1: loaded successfully
2	07:57:36.385	Custom indicator MACD-2x AUDJPY.,H1: loaded successfully
2	07:57:36.508	Custom indicator Laguerre-ACS1 AUDJPY.,H1: loaded successfully
2	07:57:36.972	Custom indicator SupResZone_MTF AUDUSD.,H1: loaded successfully
2	07:57:36.996	Custom indicator SupResZone_MTF AUDUSD.,H1: loaded successfully
2	07:57:37.031	Custom indicator SupResZone_MTF AUDUSD.,H1: loaded successfully
2	07:57:37.052	Custom indicator SupResZone_MTF AUDUSD.,H1: loaded successfully
2	07:57:37.099	Custom indicator MACD-2x AUDUSD.,H1: loaded successfully
2	07:57:37.227	Custom indicator Laguerre-ACS1 AUDUSD.,H1: loaded successfully
2	07:57:37.531	Custom indicator SupResZone_MTF USDJPY.,H1: loaded successfully
2	07:57:37.542	Custom indicator SupResZone_MTF USDJPY.,H1: loaded successfully
2	07:57:37.554	Custom indicator SupResZone_MTF USDJPY.,H1: loaded successfully
2	07:57:37.566	Custom indicator SupResZone_MTF USDJPY.,H1: loaded successfully
2	07:57:37.581	Custom indicator MACD-2x USDJPY.,H1: loaded successfully
2	07:57:37.685	Custom indicator Laguerre-ACS1 USDJPY.,H1: loaded successfully
2	07:57:37.997	Custom indicator SupResZone_MTF EURJPY.,H4: loaded successfully
2	07:57:38.013	Custom indicator SupResZone_MTF EURJPY.,H4: loaded successfully
2	07:57:38.013	Custom indicator SupResZone_MTF EURJPY.,H4: loaded successfully
2	07:57:38.029	Custom indicator SupResZone_MTF EURJPY.,H4: loaded successfully
2	07:57:38.044	Custom indicator MACD-2x EURJPY.,H4: loaded successfully
2	07:57:38.122	Custom indicator Laguerre-ACS1 EURJPY.,H4: loaded successfully
2	07:57:38.419	Custom indicator SupResZone_MTF EURUSD.,H4: loaded successfully
2	07:57:38.435	Custom indicator SupResZone_MTF EURUSD.,H4: loaded successfully
2	07:57:38.450	Custom indicator SupResZone_MTF EURUSD.,H4: loaded successfully
2	07:57:38.450	Custom indicator SupResZone_MTF EURUSD.,H4: loaded successfully
2	07:57:38.466	Custom indicator MACD-2x EURUSD.,H4: loaded successfully
2	07:57:38.575	Custom indicator Laguerre-ACS1 EURUSD.,H4: loaded successfully
2	07:57:39.133	Custom indicator SupResZone_MTF GBPJPY.,H4: loaded successfully
2	07:57:39.150	Custom indicator SupResZone_MTF GBPJPY.,H4: loaded successfully
2	07:57:39.171	Custom indicator SupResZone_MTF GBPJPY.,H4: loaded successfully
2	07:57:39.190	Custom indicator SupResZone_MTF GBPJPY.,H4: loaded successfully
2	07:57:39.207	Custom indicator MACD-2x GBPJPY.,H4: loaded successfully
2	07:57:39.349	Custom indicator Laguerre-ACS1 GBPJPY.,H4: loaded successfully
2	07:57:39.657	Custom indicator SupResZone_MTF GBPUSD.,Daily: loaded successfully
2	07:57:39.674	Custom indicator SupResZone_MTF GBPUSD.,Daily: loaded successfully
2	07:57:39.692	Custom indicator SupResZone_MTF GBPUSD.,Daily: loaded successfully
2	07:57:39.709	Custom indicator SupResZone_MTF GBPUSD.,Daily: loaded successfully
2	07:57:39.724	Custom indicator MACD-2x GBPUSD.,Daily: loaded successfully
2	07:57:39.846	Custom indicator Laguerre-ACS1 GBPUSD.,Daily: loaded successfully
2	07:57:40.038	Custom indicator SupResZone_MTF USDCAD.,H4: loaded successfully
2	07:57:40.054	Custom indicator SupResZone_MTF USDCAD.,H4: loaded successfully
2	07:57:40.071	Custom indicator SupResZone_MTF USDCAD.,H4: loaded successfully
2	07:57:40.089	Custom indicator SupResZone_MTF USDCAD.,H4: loaded successfully
2	07:57:40.105	Custom indicator MACD-2x USDCAD.,H4: loaded successfully
2	07:57:40.237	Custom indicator Laguerre-ACS1 USDCAD.,H4: loaded successfully
2	07:57:40.505	Custom indicator SupResZone_MTF USDCHF.,H4: loaded successfully
2	07:57:40.516	Custom indicator SupResZone_MTF USDCHF.,H4: loaded successfully
2	07:57:40.527	Custom indicator SupResZone_MTF USDCHF.,H4: loaded successfully
2	07:57:40.541	Custom indicator SupResZone_MTF USDCHF.,H4: loaded successfully
2	07:57:40.555	Custom indicator MACD-2x USDCHF.,H4: loaded successfully
2	07:57:40.649	Custom indicator Laguerre-ACS1 USDCHF.,H4: loaded successfully
2	07:57:40.905	Custom indicator SupResZone_MTF USDCNH,Daily: loaded successfully
2	07:57:40.922	Custom indicator SupResZone_MTF USDCNH,Daily: loaded successfully
2	07:57:40.940	Custom indicator SupResZone_MTF USDCNH,Daily: loaded successfully
2	07:57:40.955	Custom indicator SupResZone_MTF USDCNH,Daily: loaded successfully
2	07:57:40.968	Custom indicator MACD-2x USDCNH,Daily: loaded successfully
2	07:57:41.089	Custom indicator Laguerre-ACS1 USDCNH,Daily: loaded successfully
2	07:57:41.284	Custom indicator GMMA Long USDJPY.,H4: loaded successfully
2	07:57:41.301	Custom indicator GMMA Short USDJPY.,H4: loaded successfully
2	07:57:41.316	Custom indicator 23MTF_MovingAverageIGOR USDJPY.,H4: loaded successfully
2	07:57:41.332	Custom indicator 23MTF_MovingAverageIGOR USDJPY.,H4: loaded successfully
2	07:57:41.352	Custom indicator SupResZone_MTF USDJPY.,H4: loaded successfully
2	07:57:41.368	Custom indicator SupResZone_MTF USDJPY.,H4: loaded successfully
2	07:57:41.384	Custom indicator MACD-2x USDJPY.,H4: loaded successfully
2	07:57:41.728	Custom indicator SupResZone_MTF CHINA300,Daily: loaded successfully
2	07:57:41.740	Custom indicator SupResZone_MTF CHINA300,Daily: loaded successfully
2	07:57:41.755	Custom indicator SupResZone_MTF CHINA300,Daily: loaded successfully
2	07:57:41.770	Custom indicator SupResZone_MTF CHINA300,Daily: loaded successfully
2	07:57:41.787	Custom indicator MACD-2x CHINA300,Daily: loaded successfully
2	07:57:41.889	Custom indicator Laguerre-ACS1 CHINA300,Daily: loaded successfully
2	07:57:42.115	Custom indicator 23MTF_MovingAverageIGOR CADJPY.,H1: loaded successfully
2	07:57:42.126	Custom indicator ADR CADJPY.,H1: loaded successfully
2	07:57:42.140	Custom indicator SupResZone_MTF CADJPY.,H1: loaded successfully
2	07:57:42.236	Custom indicator Laguerre-ACS1 CADJPY.,H1: loaded successfully
2	07:57:42.252	Custom indicator MACD-2x CADJPY.,H1: loaded successfully
0	07:57:47.145	'120010550': login on PRC-Live through Server 5 (ping: 104.93 ms)
0	07:57:49.189	'120010550': login datacenter on PRC-Live through Server 5 (ping: 104.93 ms)
0	07:57:49.534	'120010550': previous successful authorization performed from 101.131.181.27
0	07:58:27.817	'120010550': ping to current access point Server 5 is 96.76 ms
0	07:59:27.539	'120010550': order sell market 0.02 AUDUSD. sl: 0.00000 tp: 0.00000
0	07:59:28.846	'120010550': order was opened : #11131210 sell 0.02 AUDUSD. at 0.68445 sl: 0.00000 tp: 0.00000
0	07:59:35.170	'120010550': modify order #11120784 sell 0.02 AUDUSD. at 0.69286 sl: 0.69128 tp: 0.00000 -> sl: 0.69053 tp: 0.00000
0	07:59:35.862	'120010550': order #11120784 sell 0.02 AUDUSD. at 0.69286 was modified -> sl: 0.69053 tp: 0.00000
0	08:01:51.031	'120010550': order buy market 0.02 USDCAD. sl: 0.00000 tp: 0.00000
0	08:01:51.769	'120010550': order was opened : #11131222 buy 0.02 USDCAD. at 1.31980 sl: 0.00000 tp: 0.00000
0	08:02:26.262	'120010550': modify order #11122380 sell 0.02 AUDJPY. at 75.054 sl: 75.020 tp: 0.000 -> sl: 74.954 tp: 0.000
0	08:02:26.831	'120010550': order #11122380 sell 0.02 AUDJPY. at 75.054 was modified -> sl: 74.954 tp: 0.000
0	08:02:56.860	'120010550': close order #11128581 buy 0.01 US_OIL at 58.47 sl: 0.00 tp: 58.54 at price 0.00
0	08:02:57.892	'120010550': order #11128581 buy 0.01 US_OIL at 58.47 sl: 0.00 tp: 58.54 closed at price 57.47
0	08:11:03.184	'120010550': order sell market 0.02 XAGUSD. sl: 0.000 tp: 0.000
0	08:11:03.812	'120010550': order was opened : #11131266 sell 0.02 XAGUSD. at 16.214 sl: 0.000 tp: 0.000
0	08:11:53.691	'120010550': modify order #11129043 sell 0.02 USDJPY. at 108.552 sl: 0.000 tp: 108.518 -> sl: 0.000 tp: 108.537
0	08:11:54.923	'120010550': order #11129043 sell 0.02 USDJPY. at 108.552 was modified -> sl: 0.000 tp: 108.537
0	08:12:10.406	'120010550': modify order #11129043 sell 0.02 USDJPY. at 108.552 sl: 0.000 tp: 108.537 -> sl: 109.019 tp: 108.537
0	08:12:10.767	'120010550': order #11129043 sell 0.02 USDJPY. at 108.552 was modified -> sl: 109.019 tp: 108.537
1	10:40:51.576	'120010550': ping failed
0	10:41:01.206	'120010550': login on PRC-Live through Server 3 (ping: 113.63 ms)
0	10:41:02.533	'120010550': login datacenter on PRC-Live through Server 3 (ping: 113.63 ms)
0	10:41:03.020	'120010550': previous successful authorization performed from 223.104.176.164
1	10:41:24.184	'120010550': datacenter connecting failed [6]
0	10:41:36.793	'120010550': auto connecting to a better access point Server 5 (ping is 97.27 ms)
0	10:41:37.440	'120010550': login on PRC-Live through Server 6 (ping: 115.38 ms)
0	10:41:38.899	'120010550': login datacenter on PRC-Live through Server 6 (ping: 115.38 ms)
0	10:41:39.304	'120010550': previous successful authorization performed from 42.101.65.200
1	10:42:19.051	'120010550': ping failed
1	10:42:19.053	'120010550': datacenter connecting failed [6]
0	10:42:20.563	'120010550': login on PRC-Live through Server 5 (ping: 97.27 ms)
0	10:42:22.087	'120010550': login datacenter on PRC-Live through Server 5 (ping: 97.27 ms)
0	10:42:22.443	'120010550': previous successful authorization performed from 42.101.65.200
0	10:42:44.803	'120010550': ping to current access point Server 5 is 96.77 ms
0	10:46:03.070	'120010550': modify order #11128799 sell 0.02 AUDUSD. at 0.68857 sl: 0.00000 tp: 0.00000 -> sl: 0.68889 tp: 0.00000
0	10:46:03.491	'120010550': order #11128799 sell 0.02 AUDUSD. at 0.68857 was modified -> sl: 0.68889 tp: 0.00000
0	10:46:06.339	'120010550': modify order #11128799 sell 0.02 AUDUSD. at 0.68857 sl: 0.68889 tp: 0.00000 -> sl: 0.68758 tp: 0.00000
0	10:46:07.537	'120010550': order #11128799 sell 0.02 AUDUSD. at 0.68857 was modified -> sl: 0.68758 tp: 0.00000
0	10:46:14.496	'120010550': modify order #11128799 sell 0.02 AUDUSD. at 0.68857 sl: 0.68758 tp: 0.00000 -> sl: 0.68808 tp: 0.00000
0	10:46:14.897	'120010550': order #11128799 sell 0.02 AUDUSD. at 0.68857 was modified -> sl: 0.68808 tp: 0.00000
0	10:59:35.349	'120010550': order sell market 0.02 SPX500 sl: 0.0 tp: 0.0
0	10:59:36.409	'120010550': order was opened : #11131892 sell 0.02 SPX500 at 2980.6 sl: 0.0 tp: 0.0
1	11:03:32.535	'120010550': ping failed
0	11:03:33.138	'120010550': login on PRC-Live through Server 5 (ping: 96.77 ms)
0	11:03:34.523	'120010550': login datacenter on PRC-Live through Server 5 (ping: 96.77 ms)
0	11:03:34.893	'120010550': previous successful authorization performed from 101.131.181.27
1	11:07:57.267	'120010550': modification of order #11131892 sell 0.02 SPX500 at 2980.6 sl: 0.0 tp: 0.0 -> sl: 0.0 tp: 2979.1 failed [Invalid S/L or T/P]
1	11:08:02.705	'120010550': modification of order #11131892 sell 0.02 SPX500 at 2980.6 sl: 0.0 tp: 0.0 -> sl: 0.0 tp: 2973.3 failed [Invalid S/L or T/P]
1	11:08:07.496	'120010550': modification of order #11131892 sell 0.02 SPX500 at 2980.6 sl: 0.0 tp: 0.0 -> sl: 0.0 tp: 2968.9 failed [Invalid S/L or T/P]
0	11:08:11.629	'120010550': modify order #11131892 sell 0.02 SPX500 at 2980.6 sl: 0.0 tp: 0.0 -> sl: 0.0 tp: 2958.7
0	11:08:12.189	'120010550': order #11131892 sell 0.02 SPX500 at 2980.6 was modified -> sl: 0.0 tp: 2958.7
0	11:08:14.557	'120010550': modify order #11131892 sell 0.02 SPX500 at 2980.6 sl: 0.0 tp: 2958.7 -> sl: 0.0 tp: 2961.1
0	11:08:16.049	'120010550': order #11131892 sell 0.02 SPX500 at 2980.6 was modified -> sl: 0.0 tp: 2961.1
1	11:08:18.207	'120010550': modification of order #11131892 sell 0.02 SPX500 at 2980.6 sl: 0.0 tp: 2961.1 -> sl: 0.0 tp: 2963.0 failed [Invalid S/L or T/P]
1	11:08:24.129	'120010550': modification of order #11131892 sell 0.02 SPX500 at 2980.6 sl: 0.0 tp: 2961.1 -> sl: 0.0 tp: 2963.3 failed [Invalid S/L or T/P]
1	11:08:27.285	'120010550': modification of order #11131892 sell 0.02 SPX500 at 2980.6 sl: 0.0 tp: 2961.1 -> sl: 0.0 tp: 2962.1 failed [Invalid S/L or T/P]
1	11:08:31.015	'120010550': modification of order #11131892 sell 0.02 SPX500 at 2980.6 sl: 0.0 tp: 2961.1 -> sl: 0.0 tp: 2962.4 failed [Invalid S/L or T/P]
1	11:08:35.609	'120010550': modification of order #11131892 sell 0.02 SPX500 at 2980.6 sl: 0.0 tp: 2961.1 -> sl: 0.0 tp: 2964.2 failed [Invalid S/L or T/P]
1	11:28:35.077	'120010550': modification of order #11131892 sell 0.02 SPX500 at 2980.6 sl: 0.0 tp: 2961.1 -> sl: 0.0 tp: 2967.6 failed [Invalid S/L or T/P]
0	11:28:38.731	'120010550': modify order #11131892 sell 0.02 SPX500 at 2980.6 sl: 0.0 tp: 2961.1 -> sl: 0.0 tp: 2962.5
0	11:28:39.234	'120010550': order #11131892 sell 0.02 SPX500 at 2980.6 was modified -> sl: 0.0 tp: 2962.5
0	11:28:42.599	'120010550': modify order #11131892 sell 0.02 SPX500 at 2980.6 sl: 0.0 tp: 2962.5 -> sl: 0.0 tp: 2963.9
0	11:28:43.033	'120010550': order #11131892 sell 0.02 SPX500 at 2980.6 was modified -> sl: 0.0 tp: 2963.9
1	11:28:44.656	'120010550': modification of order #11131892 sell 0.02 SPX500 at 2980.6 sl: 0.0 tp: 2963.9 -> sl: 0.0 tp: 2965.1 failed [Invalid S/L or T/P]
1	11:28:47.675	'120010550': modification of order #11131892 sell 0.02 SPX500 at 2980.6 sl: 0.0 tp: 2963.9 -> sl: 0.0 tp: 2965.2 failed [Invalid S/L or T/P]
0	11:52:08.334	'120010550': order buy market 0.02 USDCHF. sl: 0.00000 tp: 0.00000
0	11:52:08.694	'120010550': order was opened : #11131967 buy 0.02 USDCHF. at 0.99711 sl: 0.00000 tp: 0.00000
1	12:16:06.562	'120010550': ping failed
0	12:16:16.302	'120010550': login on PRC-Live through Server 3 (ping: 117.61 ms)
0	12:16:17.866	'120010550': login datacenter on PRC-Live through Server 3 (ping: 117.61 ms)
0	12:16:18.367	'120010550': previous successful authorization performed from 101.131.181.27
0	12:16:45.657	'120010550': auto connecting to a better access point Server 5 (ping is 98.31 ms)
0	12:16:46.233	'120010550': login on PRC-Live through Server 5 (ping: 98.31 ms)
0	12:16:47.335	'120010550': login datacenter on PRC-Live through Server 5 (ping: 98.31 ms)
0	12:16:47.663	'120010550': previous successful authorization performed from 42.101.65.200
2	12:18:51.943	Custom indicator SupResZone_MTF USDXXX,Daily: removed
2	12:18:51.958	Custom indicator SupResZone_MTF USDXXX,Daily: removed
2	12:18:51.958	Custom indicator SupResZone_MTF USDXXX,Daily: removed
2	12:18:51.958	Custom indicator SupResZone_MTF USDXXX,Daily: removed
2	12:18:51.958	Custom indicator MACD-2x USDXXX,Daily: removed
2	12:18:51.958	Custom indicator Laguerre-ACS1 USDXXX,Daily: removed
2	12:18:51.974	Custom indicator SupResZone_MTF XAUUSD.,H4: removed
2	12:18:51.974	Custom indicator SupResZone_MTF XAUUSD.,H4: removed
2	12:18:51.974	Custom indicator SupResZone_MTF XAUUSD.,H4: removed
2	12:18:51.974	Custom indicator SupResZone_MTF XAUUSD.,H4: removed
2	12:18:51.974	Custom indicator MACD-2x XAUUSD.,H4: removed
2	12:18:51.974	Custom indicator Laguerre-ACS1 XAUUSD.,H4: removed
2	12:18:51.990	Custom indicator SupResZone_MTF XAGUSD.,H4: removed
2	12:18:51.990	Custom indicator SupResZone_MTF XAGUSD.,H4: removed
2	12:18:51.990	Custom indicator SupResZone_MTF XAGUSD.,H4: removed
2	12:18:51.990	Custom indicator SupResZone_MTF XAGUSD.,H4: removed
2	12:18:51.990	Custom indicator MACD-2x XAGUSD.,H4: removed
2	12:18:51.990	Custom indicator Laguerre-ACS1 XAGUSD.,H4: removed
2	12:18:51.990	Custom indicator SupResZone_MTF US_OIL,H1: removed
2	12:18:52.005	Custom indicator SupResZone_MTF US_OIL,H1: removed
2	12:18:52.005	Custom indicator SupResZone_MTF US_OIL,H1: removed
2	12:18:52.005	Custom indicator SupResZone_MTF US_OIL,H1: removed
2	12:18:52.005	Custom indicator MACD-2x US_OIL,H1: removed
2	12:18:52.005	Custom indicator Laguerre-ACS1 US_OIL,H1: removed
2	12:18:52.005	Custom indicator SupResZone_MTF JP225,H1: removed
2	12:18:52.021	Custom indicator SupResZone_MTF JP225,H1: removed
2	12:18:52.021	Custom indicator SupResZone_MTF JP225,H1: removed
2	12:18:52.021	Custom indicator SupResZone_MTF JP225,H1: removed
2	12:18:52.021	Custom indicator MACD-2x JP225,H1: removed
2	12:18:52.021	Custom indicator Laguerre-ACS1 JP225,H1: removed
2	12:18:52.021	Custom indicator SupResZone_MTF SPX500,H1: removed
2	12:18:52.021	Custom indicator SupResZone_MTF SPX500,H1: removed
2	12:18:52.037	Custom indicator SupResZone_MTF SPX500,H1: removed
2	12:18:52.037	Custom indicator SupResZone_MTF SPX500,H1: removed
2	12:18:52.037	Custom indicator MACD-2x SPX500,H1: removed
2	12:18:52.037	Custom indicator Laguerre-ACS1 SPX500,H1: removed
2	12:18:52.037	Custom indicator SupResZone_MTF EURAUD.,H4: removed
2	12:18:52.037	Custom indicator SupResZone_MTF EURAUD.,H4: removed
2	12:18:52.052	Custom indicator SupResZone_MTF EURAUD.,H4: removed
2	12:18:52.052	Custom indicator SupResZone_MTF EURAUD.,H4: removed
2	12:18:52.052	Custom indicator MACD-2x EURAUD.,H4: removed
2	12:18:52.052	Custom indicator Laguerre-ACS1 EURAUD.,H4: removed
2	12:18:52.052	Custom indicator SupResZone_MTF AUDJPY.,H4: removed
2	12:18:52.052	Custom indicator SupResZone_MTF AUDJPY.,H4: removed
2	12:18:52.052	Custom indicator SupResZone_MTF AUDJPY.,H4: removed
2	12:18:52.068	Custom indicator SupResZone_MTF AUDJPY.,H4: removed
2	12:18:52.068	Custom indicator MACD-2x AUDJPY.,H4: removed
2	12:18:52.068	Custom indicator Laguerre-ACS1 AUDJPY.,H4: removed
2	12:18:52.068	Custom indicator SupResZone_MTF AUDUSD.,H4: removed
2	12:18:52.068	Custom indicator SupResZone_MTF AUDUSD.,H4: removed
2	12:18:52.068	Custom indicator SupResZone_MTF AUDUSD.,H4: removed
2	12:18:52.068	Custom indicator SupResZone_MTF AUDUSD.,H4: removed
2	12:18:52.083	Custom indicator MACD-2x AUDUSD.,H4: removed
2	12:18:52.083	Custom indicator Laguerre-ACS1 AUDUSD.,H4: removed
2	12:18:52.083	Custom indicator SupResZone_MTF USDJPY.,H4: removed
2	12:18:52.083	Custom indicator SupResZone_MTF USDJPY.,H4: removed
2	12:18:52.083	Custom indicator SupResZone_MTF USDJPY.,H4: removed
2	12:18:52.083	Custom indicator SupResZone_MTF USDJPY.,H4: removed
2	12:18:52.083	Custom indicator MACD-2x USDJPY.,H4: removed
2	12:18:52.099	Custom indicator Laguerre-ACS1 USDJPY.,H4: removed
2	12:18:52.099	Custom indicator SupResZone_MTF EURJPY.,H4: removed
2	12:18:52.099	Custom indicator SupResZone_MTF EURJPY.,H4: removed
2	12:18:52.099	Custom indicator SupResZone_MTF EURJPY.,H4: removed
2	12:18:52.099	Custom indicator SupResZone_MTF EURJPY.,H4: removed
2	12:18:52.099	Custom indicator MACD-2x EURJPY.,H4: removed
2	12:18:52.099	Custom indicator Laguerre-ACS1 EURJPY.,H4: removed
2	12:18:52.115	Custom indicator SupResZone_MTF EURUSD.,H4: removed
2	12:18:52.115	Custom indicator SupResZone_MTF EURUSD.,H4: removed
2	12:18:52.115	Custom indicator SupResZone_MTF EURUSD.,H4: removed
2	12:18:52.115	Custom indicator SupResZone_MTF EURUSD.,H4: removed
2	12:18:52.115	Custom indicator MACD-2x EURUSD.,H4: removed
2	12:18:52.115	Custom indicator Laguerre-ACS1 EURUSD.,H4: removed
2	12:18:52.130	Custom indicator SupResZone_MTF GBPJPY.,H4: removed
2	12:18:52.130	Custom indicator SupResZone_MTF GBPJPY.,H4: removed
2	12:18:52.130	Custom indicator SupResZone_MTF GBPJPY.,H4: removed
2	12:18:52.130	Custom indicator SupResZone_MTF GBPJPY.,H4: removed
2	12:18:52.130	Custom indicator MACD-2x GBPJPY.,H4: removed
2	12:18:52.130	Custom indicator Laguerre-ACS1 GBPJPY.,H4: removed
2	12:18:52.130	Custom indicator SupResZone_MTF GBPUSD.,Daily: removed
2	12:18:52.146	Custom indicator SupResZone_MTF GBPUSD.,Daily: removed
2	12:18:52.146	Custom indicator SupResZone_MTF GBPUSD.,Daily: removed
2	12:18:52.146	Custom indicator SupResZone_MTF GBPUSD.,Daily: removed
2	12:18:52.146	Custom indicator MACD-2x GBPUSD.,Daily: removed
2	12:18:52.146	Custom indicator Laguerre-ACS1 GBPUSD.,Daily: removed
2	12:18:52.146	Custom indicator SupResZone_MTF USDCAD.,H4: removed
2	12:18:52.146	Custom indicator SupResZone_MTF USDCAD.,H4: removed
2	12:18:52.162	Custom indicator SupResZone_MTF USDCAD.,H4: removed
2	12:18:52.162	Custom indicator SupResZone_MTF USDCAD.,H4: removed
2	12:18:52.162	Custom indicator MACD-2x USDCAD.,H4: removed
2	12:18:52.162	Custom indicator Laguerre-ACS1 USDCAD.,H4: removed
2	12:18:52.177	Custom indicator SupResZone_MTF USDCHF.,H4: removed
2	12:18:52.177	Custom indicator SupResZone_MTF USDCHF.,H4: removed
2	12:18:52.177	Custom indicator SupResZone_MTF USDCHF.,H4: removed
2	12:18:52.177	Custom indicator SupResZone_MTF USDCHF.,H4: removed
2	12:18:52.177	Custom indicator MACD-2x USDCHF.,H4: removed
2	12:18:52.177	Custom indicator Laguerre-ACS1 USDCHF.,H4: removed
2	12:18:52.193	Custom indicator SupResZone_MTF USDCNH,Daily: removed
2	12:18:52.193	Custom indicator SupResZone_MTF USDCNH,Daily: removed
2	12:18:52.193	Custom indicator SupResZone_MTF USDCNH,Daily: removed
2	12:18:52.193	Custom indicator SupResZone_MTF USDCNH,Daily: removed
2	12:18:52.193	Custom indicator MACD-2x USDCNH,Daily: removed
2	12:18:52.193	Custom indicator Laguerre-ACS1 USDCNH,Daily: removed
2	12:18:52.208	Custom indicator GMMA Long USDJPY.,H4: removed
2	12:18:52.208	Custom indicator GMMA Short USDJPY.,H4: removed
2	12:18:52.208	Custom indicator 23MTF_MovingAverageIGOR USDJPY.,H4: removed
2	12:18:52.208	Custom indicator 23MTF_MovingAverageIGOR USDJPY.,H4: removed
2	12:18:52.208	Custom indicator SupResZone_MTF USDJPY.,H4: removed
2	12:18:52.224	Custom indicator SupResZone_MTF USDJPY.,H4: removed
2	12:18:52.224	Custom indicator MACD-2x USDJPY.,H4: removed
2	12:18:52.224	Custom indicator SupResZone_MTF CHINA300,Daily: removed
2	12:18:52.224	Custom indicator SupResZone_MTF CHINA300,Daily: removed
2	12:18:52.224	Custom indicator SupResZone_MTF CHINA300,Daily: removed
2	12:18:52.224	Custom indicator SupResZone_MTF CHINA300,Daily: removed
2	12:18:52.240	Custom indicator MACD-2x CHINA300,Daily: removed
2	12:18:52.240	Custom indicator Laguerre-ACS1 CHINA300,Daily: removed
2	12:18:52.240	Custom indicator 23MTF_MovingAverageIGOR CADJPY.,H1: removed
2	12:18:52.240	Custom indicator ADR CADJPY.,H1: removed
2	12:18:52.240	Custom indicator SupResZone_MTF CADJPY.,H1: removed
2	12:18:52.240	Custom indicator Laguerre-ACS1 CADJPY.,H1: removed
2	12:18:52.255	Custom indicator MACD-2x CADJPY.,H1: removed
0	12:18:52.818	FX Trader build 1170 stopped
0	15:00:19.974	FX Trader build 1170 started (Performance Ronnaru Capital Ltd.)
0	15:00:19.975	Windows 10 Home x64, IE 11, UAC, 8 x Intel Core i7-6700HQ  @ 2.60GHz, Memory: 26953 / 32639 Mb, Disk: 131 / 264 Gb, GMT+8
0	15:00:19.975	Data Folder: C:\Users\tiany\AppData\Roaming\MetaQuotes\Terminal\79214103E7A6FC97F86082D309D0B84B
2	15:00:24.384	Custom indicator SupResZone_MTF USDXXX,Daily: loaded successfully
2	15:00:24.402	Custom indicator SupResZone_MTF USDXXX,Daily: loaded successfully
2	15:00:24.421	Custom indicator SupResZone_MTF USDXXX,Daily: loaded successfully
2	15:00:24.436	Custom indicator SupResZone_MTF USDXXX,Daily: loaded successfully
2	15:00:24.454	Custom indicator MACD-2x USDXXX,Daily: loaded successfully
2	15:00:24.576	Custom indicator Laguerre-ACS1 USDXXX,Daily: loaded successfully
2	15:00:24.813	Custom indicator SupResZone_MTF XAUUSD.,H4: loaded successfully
2	15:00:24.833	Custom indicator SupResZone_MTF XAUUSD.,H4: loaded successfully
2	15:00:24.849	Custom indicator SupResZone_MTF XAUUSD.,H4: loaded successfully
2	15:00:24.866	Custom indicator SupResZone_MTF XAUUSD.,H4: loaded successfully
2	15:00:24.883	Custom indicator MACD-2x XAUUSD.,H4: loaded successfully
2	15:00:25.006	Custom indicator Laguerre-ACS1 XAUUSD.,H4: loaded successfully
2	15:00:25.348	Custom indicator SupResZone_MTF XAGUSD.,H4: loaded successfully
2	15:00:25.366	Custom indicator SupResZone_MTF XAGUSD.,H4: loaded successfully
2	15:00:25.385	Custom indicator SupResZone_MTF XAGUSD.,H4: loaded successfully
2	15:00:25.403	Custom indicator SupResZone_MTF XAGUSD.,H4: loaded successfully
2	15:00:25.420	Custom indicator MACD-2x XAGUSD.,H4: loaded successfully
2	15:00:25.541	Custom indicator Laguerre-ACS1 XAGUSD.,H4: loaded successfully
2	15:00:25.912	Custom indicator SupResZone_MTF US_OIL,H1: loaded successfully
2	15:00:25.929	Custom indicator SupResZone_MTF US_OIL,H1: loaded successfully
2	15:00:25.947	Custom indicator SupResZone_MTF US_OIL,H1: loaded successfully
2	15:00:25.961	Custom indicator SupResZone_MTF US_OIL,H1: loaded successfully
2	15:00:25.978	Custom indicator MACD-2x US_OIL,H1: loaded successfully
2	15:00:26.102	Custom indicator Laguerre-ACS1 US_OIL,H1: loaded successfully
2	15:00:26.541	Custom indicator SupResZone_MTF JP225,H1: loaded successfully
2	15:00:26.562	Custom indicator SupResZone_MTF JP225,H1: loaded successfully
2	15:00:26.582	Custom indicator SupResZone_MTF JP225,H1: loaded successfully
2	15:00:26.598	Custom indicator SupResZone_MTF JP225,H1: loaded successfully
2	15:00:26.615	Custom indicator MACD-2x JP225,H1: loaded successfully
2	15:00:26.732	Custom indicator Laguerre-ACS1 JP225,H1: loaded successfully
2	15:00:27.250	Custom indicator SupResZone_MTF SPX500,H1: loaded successfully
2	15:00:27.284	Custom indicator SupResZone_MTF SPX500,H1: loaded successfully
2	15:00:27.316	Custom indicator SupResZone_MTF SPX500,H1: loaded successfully
2	15:00:27.354	Custom indicator SupResZone_MTF SPX500,H1: loaded successfully
2	15:00:27.389	Custom indicator MACD-2x SPX500,H1: loaded successfully
2	15:00:27.508	Custom indicator Laguerre-ACS1 SPX500,H1: loaded successfully
2	15:00:28.001	Custom indicator SupResZone_MTF EURAUD.,H4: loaded successfully
2	15:00:28.022	Custom indicator SupResZone_MTF EURAUD.,H4: loaded successfully
2	15:00:28.038	Custom indicator SupResZone_MTF EURAUD.,H4: loaded successfully
2	15:00:28.056	Custom indicator SupResZone_MTF EURAUD.,H4: loaded successfully
2	15:00:28.072	Custom indicator MACD-2x EURAUD.,H4: loaded successfully
2	15:00:28.200	Custom indicator Laguerre-ACS1 EURAUD.,H4: loaded successfully
2	15:00:28.578	Custom indicator SupResZone_MTF AUDJPY.,H4: loaded successfully
2	15:00:28.594	Custom indicator SupResZone_MTF AUDJPY.,H4: loaded successfully
2	15:00:28.607	Custom indicator SupResZone_MTF AUDJPY.,H4: loaded successfully
2	15:00:28.622	Custom indicator SupResZone_MTF AUDJPY.,H4: loaded successfully
2	15:00:28.639	Custom indicator MACD-2x AUDJPY.,H4: loaded successfully
2	15:00:28.759	Custom indicator Laguerre-ACS1 AUDJPY.,H4: loaded successfully
2	15:00:29.110	Custom indicator SupResZone_MTF AUDUSD.,H4: loaded successfully
2	15:00:29.134	Custom indicator SupResZone_MTF AUDUSD.,H4: loaded successfully
2	15:00:29.153	Custom indicator SupResZone_MTF AUDUSD.,H4: loaded successfully
2	15:00:29.170	Custom indicator SupResZone_MTF AUDUSD.,H4: loaded successfully
2	15:00:29.189	Custom indicator MACD-2x AUDUSD.,H4: loaded successfully
2	15:00:29.298	Custom indicator Laguerre-ACS1 AUDUSD.,H4: loaded successfully
2	15:00:29.607	Custom indicator SupResZone_MTF USDJPY.,H4: loaded successfully
2	15:00:29.623	Custom indicator SupResZone_MTF USDJPY.,H4: loaded successfully
2	15:00:29.640	Custom indicator SupResZone_MTF USDJPY.,H4: loaded successfully
2	15:00:29.657	Custom indicator SupResZone_MTF USDJPY.,H4: loaded successfully
2	15:00:29.674	Custom indicator MACD-2x USDJPY.,H4: loaded successfully
2	15:00:29.799	Custom indicator Laguerre-ACS1 USDJPY.,H4: loaded successfully
2	15:00:30.206	Custom indicator SupResZone_MTF EURJPY.,H4: loaded successfully
2	15:00:30.224	Custom indicator SupResZone_MTF EURJPY.,H4: loaded successfully
2	15:00:30.238	Custom indicator SupResZone_MTF EURJPY.,H4: loaded successfully
2	15:00:30.256	Custom indicator SupResZone_MTF EURJPY.,H4: loaded successfully
2	15:00:30.272	Custom indicator MACD-2x EURJPY.,H4: loaded successfully
2	15:00:30.424	Custom indicator Laguerre-ACS1 EURJPY.,H4: loaded successfully
2	15:00:30.854	Custom indicator SupResZone_MTF EURUSD.,H4: loaded successfully
2	15:00:30.878	Custom indicator SupResZone_MTF EURUSD.,H4: loaded successfully
2	15:00:30.897	Custom indicator SupResZone_MTF EURUSD.,H4: loaded successfully
2	15:00:30.916	Custom indicator SupResZone_MTF EURUSD.,H4: loaded successfully
2	15:00:30.930	Custom indicator MACD-2x EURUSD.,H4: loaded successfully
2	15:00:31.057	Custom indicator Laguerre-ACS1 EURUSD.,H4: loaded successfully
2	15:00:31.410	Custom indicator SupResZone_MTF GBPJPY.,H4: loaded successfully
2	15:00:31.427	Custom indicator SupResZone_MTF GBPJPY.,H4: loaded successfully
2	15:00:31.445	Custom indicator SupResZone_MTF GBPJPY.,H4: loaded successfully
2	15:00:31.460	Custom indicator SupResZone_MTF GBPJPY.,H4: loaded successfully
2	15:00:31.478	Custom indicator MACD-2x GBPJPY.,H4: loaded successfully
2	15:00:31.593	Custom indicator Laguerre-ACS1 GBPJPY.,H4: loaded successfully
2	15:00:31.988	Custom indicator SupResZone_MTF GBPUSD.,Daily: loaded successfully
2	15:00:31.999	Custom indicator SupResZone_MTF GBPUSD.,Daily: loaded successfully
2	15:00:32.011	Custom indicator SupResZone_MTF GBPUSD.,Daily: loaded successfully
2	15:00:32.028	Custom indicator SupResZone_MTF GBPUSD.,Daily: loaded successfully
2	15:00:32.040	Custom indicator MACD-2x GBPUSD.,Daily: loaded successfully
2	15:00:32.130	Custom indicator Laguerre-ACS1 GBPUSD.,Daily: loaded successfully
2	15:00:32.364	Custom indicator SupResZone_MTF USDCAD.,H4: loaded successfully
2	15:00:32.379	Custom indicator SupResZone_MTF USDCAD.,H4: loaded successfully
2	15:00:32.394	Custom indicator SupResZone_MTF USDCAD.,H4: loaded successfully
2	15:00:32.407	Custom indicator SupResZone_MTF USDCAD.,H4: loaded successfully
2	15:00:32.422	Custom indicator MACD-2x USDCAD.,H4: loaded successfully
2	15:00:32.512	Custom indicator Laguerre-ACS1 USDCAD.,H4: loaded successfully
2	15:00:32.753	Custom indicator SupResZone_MTF USDCHF.,H4: loaded successfully
2	15:00:32.772	Custom indicator SupResZone_MTF USDCHF.,H4: loaded successfully
2	15:00:32.787	Custom indicator SupResZone_MTF USDCHF.,H4: loaded successfully
2	15:00:32.803	Custom indicator SupResZone_MTF USDCHF.,H4: loaded successfully
2	15:00:32.822	Custom indicator MACD-2x USDCHF.,H4: loaded successfully
2	15:00:32.937	Custom indicator Laguerre-ACS1 USDCHF.,H4: loaded successfully
2	15:00:33.255	Custom indicator SupResZone_MTF USDCNH,Daily: loaded successfully
2	15:00:33.271	Custom indicator SupResZone_MTF USDCNH,Daily: loaded successfully
2	15:00:33.288	Custom indicator SupResZone_MTF USDCNH,Daily: loaded successfully
2	15:00:33.304	Custom indicator SupResZone_MTF USDCNH,Daily: loaded successfully
2	15:00:33.323	Custom indicator MACD-2x USDCNH,Daily: loaded successfully
2	15:00:33.434	Custom indicator Laguerre-ACS1 USDCNH,Daily: loaded successfully
2	15:00:33.679	Custom indicator GMMA Long USDJPY.,H4: loaded successfully
2	15:00:33.702	Custom indicator GMMA Short USDJPY.,H4: loaded successfully
2	15:00:33.723	Custom indicator 23MTF_MovingAverageIGOR USDJPY.,H4: loaded successfully
2	15:00:33.745	Custom indicator 23MTF_MovingAverageIGOR USDJPY.,H4: loaded successfully
2	15:00:33.764	Custom indicator SupResZone_MTF USDJPY.,H4: loaded successfully
2	15:00:33.780	Custom indicator SupResZone_MTF USDJPY.,H4: loaded successfully
2	15:00:33.794	Custom indicator MACD-2x USDJPY.,H4: loaded successfully
2	15:00:34.092	Custom indicator SupResZone_MTF CHINA300,Daily: loaded successfully
2	15:00:34.104	Custom indicator SupResZone_MTF CHINA300,Daily: loaded successfully
2	15:00:34.121	Custom indicator SupResZone_MTF CHINA300,Daily: loaded successfully
2	15:00:34.137	Custom indicator SupResZone_MTF CHINA300,Daily: loaded successfully
2	15:00:34.151	Custom indicator MACD-2x CHINA300,Daily: loaded successfully
2	15:00:34.292	Custom indicator Laguerre-ACS1 CHINA300,Daily: loaded successfully
2	15:00:34.579	Custom indicator 23MTF_MovingAverageIGOR CADJPY.,H1: loaded successfully
2	15:00:34.618	Custom indicator ADR CADJPY.,H1: loaded successfully
2	15:00:34.651	Custom indicator SupResZone_MTF CADJPY.,H1: loaded successfully
2	15:00:34.860	Custom indicator Laguerre-ACS1 CADJPY.,H1: loaded successfully
2	15:00:34.885	Custom indicator MACD-2x CADJPY.,H1: loaded successfully
0	15:00:38.268	'120010550': login on PRC-Live through Server 5 (ping: 98.31 ms)
0	15:00:39.715	'120010550': login datacenter on PRC-Live through Server 5 (ping: 98.31 ms)
0	15:00:40.215	'120010550': previous successful authorization performed from 223.104.176.164
0	15:01:23.252	'120010550': ping to current access point Server 5 is 138.01 ms
0	15:05:39.490	'120010550': order sell market 0.05 EURUSD. sl: 0.00000 tp: 0.00000
0	15:05:40.385	'120010550': order was opened : #11132175 sell 0.05 EURUSD. at 1.10348 sl: 0.00000 tp: 0.00000
0	15:09:10.693	'120010550': modify order #11131892 sell 0.02 SPX500 at 2980.6 sl: 0.0 tp: 2963.9 -> sl: 0.0 tp: 0.0
0	15:09:11.395	'120010550': order #11131892 sell 0.02 SPX500 at 2980.6 was modified -> sl: 0.0 tp: 0.0
1	15:14:33.163	'120010550': connect failed [No connection]
0	15:56:47.612	'120010550': login on PRC-Live through Server 5 (ping: 138.01 ms)
0	15:56:48.962	'120010550': login datacenter on PRC-Live through Server 5 (ping: 138.01 ms)
0	15:56:49.490	'120010550': previous successful authorization performed from 223.104.176.164
0	16:03:35.102	'120010550': order sell market 0.02 XAGUSD. sl: 0.000 tp: 0.000
0	16:03:35.777	'120010550': order was opened : #11132320 sell 0.02 XAGUSD. at 15.963 sl: 0.000 tp: 0.000
1	16:41:36.520	'120010550': datacenter connecting failed [6]
1	16:41:37.118	'120010550': connect failed [No connection]
0	16:42:13.141	'120010550': login on PRC-Live through Server 5 (ping: 138.01 ms)
0	16:42:14.676	'120010550': login datacenter on PRC-Live through Server 5 (ping: 138.01 ms)
0	16:42:15.147	'120010550': previous successful authorization performed from 223.104.176.164
0	16:42:45.625	'120010550': ping to current access point Server 5 is 118.82 ms
0	16:47:29.133	'120010550': login on PRC-Live through Server 5 (ping: 118.82 ms)
0	16:47:30.478	'120010550': login datacenter on PRC-Live through Server 5 (ping: 118.82 ms)
0	16:47:30.948	'120010550': previous successful authorization performed from 223.104.176.164
0	17:00:16.701	'120010550': modify order #11131892 sell 0.02 SPX500 at 2980.6 sl: 0.0 tp: 0.0 -> sl: 0.0 tp: 2961.6
0	17:00:17.058	'120010550': order #11131892 sell 0.02 SPX500 at 2980.6 was modified -> sl: 0.0 tp: 2961.6
1	17:00:18.761	'120010550': modification of order #11131892 sell 0.02 SPX500 at 2980.6 sl: 0.0 tp: 2961.6 -> sl: 0.0 tp: 2963.5 failed [Invalid S/L or T/P]
0	17:00:22.736	'120010550': modify order #11131892 sell 0.02 SPX500 at 2980.6 sl: 0.0 tp: 2961.6 -> sl: 0.0 tp: 2962.5
0	17:00:23.259	'120010550': order #11131892 sell 0.02 SPX500 at 2980.6 was modified -> sl: 0.0 tp: 2962.5
1	17:00:28.640	'120010550': modification of order #11131892 sell 0.02 SPX500 at 2980.6 sl: 0.0 tp: 2962.5 -> sl: 0.0 tp: 2964.8 failed [Invalid S/L or T/P]
1	17:00:33.261	'120010550': modification of order #11131892 sell 0.02 SPX500 at 2980.6 sl: 0.0 tp: 2962.5 -> sl: 0.0 tp: 2963.0 failed [Invalid S/L or T/P]
1	17:00:35.899	'120010550': modification of order #11131892 sell 0.02 SPX500 at 2980.6 sl: 0.0 tp: 2962.5 -> sl: 0.0 tp: 2964.3 failed [Invalid S/L or T/P]
1	17:03:04.876	'120010550': connect failed [No connection]
0	17:30:46.675	'120010550': login on PRC-Live through Server 5 (ping: 118.82 ms)
0	17:30:48.175	'120010550': login datacenter on PRC-Live through Server 5 (ping: 118.82 ms)
0	17:30:48.646	'120010550': previous successful authorization performed from 223.104.176.164
0	17:34:51.126	'120010550': order sell market 0.01 GBPUSD. sl: 0.00000 tp: 0.00000
0	17:34:51.591	'120010550': order was opened : #11132485 sell 0.01 GBPUSD. at 1.21086 sl: 0.00000 tp: 0.00000
1	18:04:22.467	'120010550': modification of order #11131892 sell 0.02 SPX500 at 2980.6 sl: 0.0 tp: 2962.5 -> sl: 0.0 tp: 2969.1 failed [Invalid S/L or T/P]
0	18:04:26.231	'120010550': modify order #11131892 sell 0.02 SPX500 at 2980.6 sl: 0.0 tp: 2962.5 -> sl: 0.0 tp: 2965.9
0	18:04:27.184	'120010550': order #11131892 sell 0.02 SPX500 at 2980.6 was modified -> sl: 0.0 tp: 2965.9
2	18:04:55.868	Custom indicator SupResZone_MTF USDXXX,Daily: removed
2	18:04:55.874	Custom indicator SupResZone_MTF USDXXX,Daily: removed
2	18:04:55.880	Custom indicator SupResZone_MTF USDXXX,Daily: removed
2	18:04:55.886	Custom indicator SupResZone_MTF USDXXX,Daily: removed
2	18:04:55.892	Custom indicator MACD-2x USDXXX,Daily: removed
2	18:04:55.892	Custom indicator Laguerre-ACS1 USDXXX,Daily: removed
2	18:04:55.902	Custom indicator SupResZone_MTF XAUUSD.,H4: removed
2	18:04:55.906	Custom indicator SupResZone_MTF XAUUSD.,H4: removed
2	18:04:55.909	Custom indicator SupResZone_MTF XAUUSD.,H4: removed
2	18:04:55.913	Custom indicator SupResZone_MTF XAUUSD.,H4: removed
2	18:04:55.916	Custom indicator MACD-2x XAUUSD.,H4: removed
2	18:04:55.917	Custom indicator Laguerre-ACS1 XAUUSD.,H4: removed
2	18:04:55.937	Custom indicator SupResZone_MTF XAGUSD.,H4: removed
2	18:04:55.940	Custom indicator SupResZone_MTF XAGUSD.,H4: removed
2	18:04:55.944	Custom indicator SupResZone_MTF XAGUSD.,H4: removed
2	18:04:55.947	Custom indicator SupResZone_MTF XAGUSD.,H4: removed
2	18:04:55.950	Custom indicator MACD-2x XAGUSD.,H4: removed
2	18:04:55.950	Custom indicator Laguerre-ACS1 XAGUSD.,H4: removed
2	18:04:55.965	Custom indicator SupResZone_MTF US_OIL,H1: removed
2	18:04:55.969	Custom indicator SupResZone_MTF US_OIL,H1: removed
2	18:04:55.973	Custom indicator SupResZone_MTF US_OIL,H1: removed
2	18:04:55.977	Custom indicator SupResZone_MTF US_OIL,H1: removed
2	18:04:55.981	Custom indicator MACD-2x US_OIL,H1: removed
2	18:04:55.982	Custom indicator Laguerre-ACS1 US_OIL,H1: removed
2	18:04:55.993	Custom indicator SupResZone_MTF JP225,H4: removed
2	18:04:55.996	Custom indicator SupResZone_MTF JP225,H4: removed
2	18:04:56.000	Custom indicator SupResZone_MTF JP225,H4: removed
2	18:04:56.003	Custom indicator SupResZone_MTF JP225,H4: removed
2	18:04:56.007	Custom indicator MACD-2x JP225,H4: removed
2	18:04:56.007	Custom indicator Laguerre-ACS1 JP225,H4: removed
2	18:04:56.023	Custom indicator SupResZone_MTF SPX500,H4: removed
2	18:04:56.028	Custom indicator SupResZone_MTF SPX500,H4: removed
2	18:04:56.031	Custom indicator SupResZone_MTF SPX500,H4: removed
2	18:04:56.034	Custom indicator SupResZone_MTF SPX500,H4: removed
2	18:04:56.038	Custom indicator MACD-2x SPX500,H4: removed
2	18:04:56.038	Custom indicator Laguerre-ACS1 SPX500,H4: removed
2	18:04:56.057	Custom indicator SupResZone_MTF EURAUD.,H4: removed
2	18:04:56.060	Custom indicator SupResZone_MTF EURAUD.,H4: removed
2	18:04:56.064	Custom indicator SupResZone_MTF EURAUD.,H4: removed
2	18:04:56.067	Custom indicator SupResZone_MTF EURAUD.,H4: removed
2	18:04:56.071	Custom indicator MACD-2x EURAUD.,H4: removed
2	18:04:56.071	Custom indicator Laguerre-ACS1 EURAUD.,H4: removed
2	18:04:56.084	Custom indicator SupResZone_MTF AUDJPY.,H4: removed
2	18:04:56.088	Custom indicator SupResZone_MTF AUDJPY.,H4: removed
2	18:04:56.091	Custom indicator SupResZone_MTF AUDJPY.,H4: removed
2	18:04:56.094	Custom indicator SupResZone_MTF AUDJPY.,H4: removed
2	18:04:56.098	Custom indicator MACD-2x AUDJPY.,H4: removed
2	18:04:56.098	Custom indicator Laguerre-ACS1 AUDJPY.,H4: removed
2	18:04:56.115	Custom indicator SupResZone_MTF AUDUSD.,H4: removed
2	18:04:56.119	Custom indicator SupResZone_MTF AUDUSD.,H4: removed
2	18:04:56.122	Custom indicator SupResZone_MTF AUDUSD.,H4: removed
2	18:04:56.125	Custom indicator SupResZone_MTF AUDUSD.,H4: removed
2	18:04:56.129	Custom indicator MACD-2x AUDUSD.,H4: removed
2	18:04:56.129	Custom indicator Laguerre-ACS1 AUDUSD.,H4: removed
2	18:04:56.198	Custom indicator SupResZone_MTF USDJPY.,H4: removed
2	18:04:56.207	Custom indicator SupResZone_MTF USDJPY.,H4: removed
2	18:04:56.216	Custom indicator SupResZone_MTF USDJPY.,H4: removed
2	18:04:56.222	Custom indicator SupResZone_MTF USDJPY.,H4: removed
2	18:04:56.232	Custom indicator MACD-2x USDJPY.,H4: removed
2	18:04:56.232	Custom indicator Laguerre-ACS1 USDJPY.,H4: removed
2	18:04:56.258	Custom indicator SupResZone_MTF EURJPY.,H4: removed
2	18:04:56.264	Custom indicator SupResZone_MTF EURJPY.,H4: removed
2	18:04:56.269	Custom indicator SupResZone_MTF EURJPY.,H4: removed
2	18:04:56.275	Custom indicator SupResZone_MTF EURJPY.,H4: removed
2	18:04:56.281	Custom indicator MACD-2x EURJPY.,H4: removed
2	18:04:56.281	Custom indicator Laguerre-ACS1 EURJPY.,H4: removed
2	18:04:56.296	Custom indicator SupResZone_MTF EURUSD.,H1: removed
2	18:04:56.299	Custom indicator SupResZone_MTF EURUSD.,H1: removed
2	18:04:56.303	Custom indicator SupResZone_MTF EURUSD.,H1: removed
2	18:04:56.306	Custom indicator SupResZone_MTF EURUSD.,H1: removed
2	18:04:56.309	Custom indicator MACD-2x EURUSD.,H1: removed
2	18:04:56.309	Custom indicator Laguerre-ACS1 EURUSD.,H1: removed
2	18:04:56.330	Custom indicator SupResZone_MTF GBPJPY.,H4: removed
2	18:04:56.339	Custom indicator SupResZone_MTF GBPJPY.,H4: removed
2	18:04:56.344	Custom indicator SupResZone_MTF GBPJPY.,H4: removed
2	18:04:56.350	Custom indicator SupResZone_MTF GBPJPY.,H4: removed
2	18:04:56.356	Custom indicator MACD-2x GBPJPY.,H4: removed
2	18:04:56.356	Custom indicator Laguerre-ACS1 GBPJPY.,H4: removed
2	18:04:56.393	Custom indicator SupResZone_MTF GBPUSD.,H4: removed
2	18:04:56.401	Custom indicator SupResZone_MTF GBPUSD.,H4: removed
2	18:04:56.406	Custom indicator SupResZone_MTF GBPUSD.,H4: removed
2	18:04:56.412	Custom indicator SupResZone_MTF GBPUSD.,H4: removed
2	18:04:56.418	Custom indicator MACD-2x GBPUSD.,H4: removed
2	18:04:56.418	Custom indicator Laguerre-ACS1 GBPUSD.,H4: removed
2	18:04:56.457	Custom indicator SupResZone_MTF USDCAD.,H4: removed
2	18:04:56.463	Custom indicator SupResZone_MTF USDCAD.,H4: removed
2	18:04:56.468	Custom indicator SupResZone_MTF USDCAD.,H4: removed
2	18:04:56.473	Custom indicator SupResZone_MTF USDCAD.,H4: removed
2	18:04:56.478	Custom indicator MACD-2x USDCAD.,H4: removed
2	18:04:56.479	Custom indicator Laguerre-ACS1 USDCAD.,H4: removed
2	18:04:56.573	Custom indicator SupResZone_MTF USDCHF.,H4: removed
2	18:04:56.576	Custom indicator SupResZone_MTF USDCHF.,H4: removed
2	18:04:56.579	Custom indicator SupResZone_MTF USDCHF.,H4: removed
2	18:04:56.583	Custom indicator SupResZone_MTF USDCHF.,H4: removed
2	18:04:56.586	Custom indicator MACD-2x USDCHF.,H4: removed
2	18:04:56.586	Custom indicator Laguerre-ACS1 USDCHF.,H4: removed
2	18:04:56.603	Custom indicator SupResZone_MTF USDCNH,Daily: removed
2	18:04:56.606	Custom indicator SupResZone_MTF USDCNH,Daily: removed
2	18:04:56.609	Custom indicator SupResZone_MTF USDCNH,Daily: removed
2	18:04:56.612	Custom indicator SupResZone_MTF USDCNH,Daily: removed
2	18:04:56.616	Custom indicator MACD-2x USDCNH,Daily: removed
2	18:04:56.616	Custom indicator Laguerre-ACS1 USDCNH,Daily: removed
2	18:04:56.675	Custom indicator GMMA Long USDJPY.,H4: removed
2	18:04:56.679	Custom indicator GMMA Short USDJPY.,H4: removed
2	18:04:56.683	Custom indicator 23MTF_MovingAverageIGOR USDJPY.,H4: removed
2	18:04:56.686	Custom indicator 23MTF_MovingAverageIGOR USDJPY.,H4: removed
2	18:04:56.689	Custom indicator SupResZone_MTF USDJPY.,H4: removed
2	18:04:56.692	Custom indicator SupResZone_MTF USDJPY.,H4: removed
2	18:04:56.695	Custom indicator MACD-2x USDJPY.,H4: removed
2	18:04:56.711	Custom indicator SupResZone_MTF CHINA300,Daily: removed
2	18:04:56.714	Custom indicator SupResZone_MTF CHINA300,Daily: removed
2	18:04:56.718	Custom indicator SupResZone_MTF CHINA300,Daily: removed
2	18:04:56.721	Custom indicator SupResZone_MTF CHINA300,Daily: removed
2	18:04:56.725	Custom indicator MACD-2x CHINA300,Daily: removed
2	18:04:56.725	Custom indicator Laguerre-ACS1 CHINA300,Daily: removed
2	18:04:56.778	Custom indicator 23MTF_MovingAverageIGOR CADJPY.,H1: removed
2	18:04:56.784	Custom indicator ADR CADJPY.,H1: removed
2	18:04:56.790	Custom indicator SupResZone_MTF CADJPY.,H1: removed
2	18:04:56.791	Custom indicator Laguerre-ACS1 CADJPY.,H1: removed
2	18:04:56.797	Custom indicator MACD-2x CADJPY.,H1: removed
0	18:04:57.691	FX Trader build 1170 stopped
0	19:41:27.597	FX Trader build 1170 started (Performance Ronnaru Capital Ltd.)
0	19:41:27.597	Windows 10 Home x64, IE 11, UAC, 8 x Intel Core i7-6700HQ  @ 2.60GHz, Memory: 26761 / 32639 Mb, Disk: 131 / 264 Gb, GMT+8
0	19:41:27.597	Data Folder: C:\Users\tiany\AppData\Roaming\MetaQuotes\Terminal\79214103E7A6FC97F86082D309D0B84B
2	19:41:29.842	Custom indicator SupResZone_MTF USDXXX,Daily: loaded successfully
2	19:41:29.854	Custom indicator SupResZone_MTF USDXXX,Daily: loaded successfully
2	19:41:29.864	Custom indicator SupResZone_MTF USDXXX,Daily: loaded successfully
2	19:41:29.875	Custom indicator SupResZone_MTF USDXXX,Daily: loaded successfully
2	19:41:29.884	Custom indicator MACD-2x USDXXX,Daily: loaded successfully
2	19:41:29.955	Custom indicator Laguerre-ACS1 USDXXX,Daily: loaded successfully
2	19:41:30.090	Custom indicator SupResZone_MTF XAUUSD.,H4: loaded successfully
2	19:41:30.101	Custom indicator SupResZone_MTF XAUUSD.,H4: loaded successfully
2	19:41:30.111	Custom indicator SupResZone_MTF XAUUSD.,H4: loaded successfully
2	19:41:30.121	Custom indicator SupResZone_MTF XAUUSD.,H4: loaded successfully
2	19:41:30.131	Custom indicator MACD-2x XAUUSD.,H4: loaded successfully
2	19:41:30.202	Custom indicator Laguerre-ACS1 XAUUSD.,H4: loaded successfully
2	19:41:30.395	Custom indicator SupResZone_MTF XAGUSD.,H4: loaded successfully
2	19:41:30.407	Custom indicator SupResZone_MTF XAGUSD.,H4: loaded successfully
2	19:41:30.423	Custom indicator SupResZone_MTF XAGUSD.,H4: loaded successfully
2	19:41:30.438	Custom indicator SupResZone_MTF XAGUSD.,H4: loaded successfully
2	19:41:30.449	Custom indicator MACD-2x XAGUSD.,H4: loaded successfully
2	19:41:30.524	Custom indicator Laguerre-ACS1 XAGUSD.,H4: loaded successfully
2	19:41:30.693	Custom indicator SupResZone_MTF US_OIL,H1: loaded successfully
2	19:41:30.703	Custom indicator SupResZone_MTF US_OIL,H1: loaded successfully
2	19:41:30.714	Custom indicator SupResZone_MTF US_OIL,H1: loaded successfully
2	19:41:30.724	Custom indicator SupResZone_MTF US_OIL,H1: loaded successfully
2	19:41:30.734	Custom indicator MACD-2x US_OIL,H1: loaded successfully
2	19:41:30.806	Custom indicator Laguerre-ACS1 US_OIL,H1: loaded successfully
2	19:41:31.024	Custom indicator SupResZone_MTF JP225,H4: loaded successfully
2	19:41:31.034	Custom indicator SupResZone_MTF JP225,H4: loaded successfully
2	19:41:31.044	Custom indicator SupResZone_MTF JP225,H4: loaded successfully
2	19:41:31.054	Custom indicator SupResZone_MTF JP225,H4: loaded successfully
2	19:41:31.064	Custom indicator MACD-2x JP225,H4: loaded successfully
2	19:41:31.136	Custom indicator Laguerre-ACS1 JP225,H4: loaded successfully
2	19:41:31.325	Custom indicator SupResZone_MTF SPX500,H4: loaded successfully
2	19:41:31.337	Custom indicator SupResZone_MTF SPX500,H4: loaded successfully
2	19:41:31.346	Custom indicator SupResZone_MTF SPX500,H4: loaded successfully
2	19:41:31.358	Custom indicator SupResZone_MTF SPX500,H4: loaded successfully
2	19:41:31.368	Custom indicator MACD-2x SPX500,H4: loaded successfully
2	19:41:31.444	Custom indicator Laguerre-ACS1 SPX500,H4: loaded successfully
2	19:41:31.635	Custom indicator SupResZone_MTF EURAUD.,H4: loaded successfully
2	19:41:31.645	Custom indicator SupResZone_MTF EURAUD.,H4: loaded successfully
2	19:41:31.656	Custom indicator SupResZone_MTF EURAUD.,H4: loaded successfully
2	19:41:31.666	Custom indicator SupResZone_MTF EURAUD.,H4: loaded successfully
2	19:41:31.677	Custom indicator MACD-2x EURAUD.,H4: loaded successfully
2	19:41:31.747	Custom indicator Laguerre-ACS1 EURAUD.,H4: loaded successfully
2	19:41:31.917	Custom indicator SupResZone_MTF AUDJPY.,H4: loaded successfully
2	19:41:31.928	Custom indicator SupResZone_MTF AUDJPY.,H4: loaded successfully
2	19:41:31.938	Custom indicator SupResZone_MTF AUDJPY.,H4: loaded successfully
2	19:41:31.949	Custom indicator SupResZone_MTF AUDJPY.,H4: loaded successfully
2	19:41:31.959	Custom indicator MACD-2x AUDJPY.,H4: loaded successfully
2	19:41:32.029	Custom indicator Laguerre-ACS1 AUDJPY.,H4: loaded successfully
2	19:41:32.203	Custom indicator SupResZone_MTF AUDUSD.,H4: loaded successfully
2	19:41:32.216	Custom indicator SupResZone_MTF AUDUSD.,H4: loaded successfully
2	19:41:32.227	Custom indicator SupResZone_MTF AUDUSD.,H4: loaded successfully
2	19:41:32.237	Custom indicator SupResZone_MTF AUDUSD.,H4: loaded successfully
2	19:41:32.249	Custom indicator MACD-2x AUDUSD.,H4: loaded successfully
2	19:41:32.323	Custom indicator Laguerre-ACS1 AUDUSD.,H4: loaded successfully
2	19:41:32.507	Custom indicator SupResZone_MTF USDJPY.,H4: loaded successfully
2	19:41:32.521	Custom indicator SupResZone_MTF USDJPY.,H4: loaded successfully
2	19:41:32.534	Custom indicator SupResZone_MTF USDJPY.,H4: loaded successfully
2	19:41:32.545	Custom indicator SupResZone_MTF USDJPY.,H4: loaded successfully
2	19:41:32.556	Custom indicator MACD-2x USDJPY.,H4: loaded successfully
2	19:41:32.642	Custom indicator Laguerre-ACS1 USDJPY.,H4: loaded successfully
2	19:41:32.843	Custom indicator SupResZone_MTF EURJPY.,H4: loaded successfully
2	19:41:32.853	Custom indicator SupResZone_MTF EURJPY.,H4: loaded successfully
2	19:41:32.862	Custom indicator SupResZone_MTF EURJPY.,H4: loaded successfully
2	19:41:32.874	Custom indicator SupResZone_MTF EURJPY.,H4: loaded successfully
2	19:41:32.884	Custom indicator MACD-2x EURJPY.,H4: loaded successfully
2	19:41:32.954	Custom indicator Laguerre-ACS1 EURJPY.,H4: loaded successfully
2	19:41:33.152	Custom indicator SupResZone_MTF EURUSD.,H1: loaded successfully
2	19:41:33.162	Custom indicator SupResZone_MTF EURUSD.,H1: loaded successfully
2	19:41:33.175	Custom indicator SupResZone_MTF EURUSD.,H1: loaded successfully
2	19:41:33.187	Custom indicator SupResZone_MTF EURUSD.,H1: loaded successfully
2	19:41:33.197	Custom indicator MACD-2x EURUSD.,H1: loaded successfully
2	19:41:33.267	Custom indicator Laguerre-ACS1 EURUSD.,H1: loaded successfully
2	19:41:33.494	Custom indicator SupResZone_MTF GBPJPY.,H4: loaded successfully
2	19:41:33.504	Custom indicator SupResZone_MTF GBPJPY.,H4: loaded successfully
2	19:41:33.515	Custom indicator SupResZone_MTF GBPJPY.,H4: loaded successfully
2	19:41:33.525	Custom indicator SupResZone_MTF GBPJPY.,H4: loaded successfully
2	19:41:33.535	Custom indicator MACD-2x GBPJPY.,H4: loaded successfully
2	19:41:33.607	Custom indicator Laguerre-ACS1 GBPJPY.,H4: loaded successfully
2	19:41:33.788	Custom indicator SupResZone_MTF GBPUSD.,H4: loaded successfully
2	19:41:33.800	Custom indicator SupResZone_MTF GBPUSD.,H4: loaded successfully
2	19:41:33.810	Custom indicator SupResZone_MTF GBPUSD.,H4: loaded successfully
2	19:41:33.821	Custom indicator SupResZone_MTF GBPUSD.,H4: loaded successfully
2	19:41:33.832	Custom indicator MACD-2x GBPUSD.,H4: loaded successfully
2	19:41:33.904	Custom indicator Laguerre-ACS1 GBPUSD.,H4: loaded successfully
2	19:41:34.102	Custom indicator SupResZone_MTF USDCAD.,H4: loaded successfully
2	19:41:34.112	Custom indicator SupResZone_MTF USDCAD.,H4: loaded successfully
2	19:41:34.123	Custom indicator SupResZone_MTF USDCAD.,H4: loaded successfully
2	19:41:34.134	Custom indicator SupResZone_MTF USDCAD.,H4: loaded successfully
2	19:41:34.143	Custom indicator MACD-2x USDCAD.,H4: loaded successfully
2	19:41:34.214	Custom indicator Laguerre-ACS1 USDCAD.,H4: loaded successfully
2	19:41:34.400	Custom indicator SupResZone_MTF USDCHF.,H4: loaded successfully
2	19:41:34.412	Custom indicator SupResZone_MTF USDCHF.,H4: loaded successfully
2	19:41:34.422	Custom indicator SupResZone_MTF USDCHF.,H4: loaded successfully
2	19:41:34.432	Custom indicator SupResZone_MTF USDCHF.,H4: loaded successfully
2	19:41:34.443	Custom indicator MACD-2x USDCHF.,H4: loaded successfully
2	19:41:34.514	Custom indicator Laguerre-ACS1 USDCHF.,H4: loaded successfully
2	19:41:34.699	Custom indicator SupResZone_MTF USDCNH,Daily: loaded successfully
2	19:41:34.711	Custom indicator SupResZone_MTF USDCNH,Daily: loaded successfully
2	19:41:34.721	Custom indicator SupResZone_MTF USDCNH,Daily: loaded successfully
2	19:41:34.733	Custom indicator SupResZone_MTF USDCNH,Daily: loaded successfully
2	19:41:34.745	Custom indicator MACD-2x USDCNH,Daily: loaded successfully
2	19:41:34.823	Custom indicator Laguerre-ACS1 USDCNH,Daily: loaded successfully
2	19:41:34.967	Custom indicator GMMA Long USDJPY.,H4: loaded successfully
2	19:41:34.977	Custom indicator GMMA Short USDJPY.,H4: loaded successfully
2	19:41:34.985	Custom indicator 23MTF_MovingAverageIGOR USDJPY.,H4: loaded successfully
2	19:41:34.993	Custom indicator 23MTF_MovingAverageIGOR USDJPY.,H4: loaded successfully
2	19:41:35.004	Custom indicator SupResZone_MTF USDJPY.,H4: loaded successfully
2	19:41:35.014	Custom indicator SupResZone_MTF USDJPY.,H4: loaded successfully
2	19:41:35.025	Custom indicator MACD-2x USDJPY.,H4: loaded successfully
2	19:41:35.225	Custom indicator SupResZone_MTF CHINA300,Daily: loaded successfully
2	19:41:35.235	Custom indicator SupResZone_MTF CHINA300,Daily: loaded successfully
2	19:41:35.246	Custom indicator SupResZone_MTF CHINA300,Daily: loaded successfully
2	19:41:35.258	Custom indicator SupResZone_MTF CHINA300,Daily: loaded successfully
2	19:41:35.268	Custom indicator MACD-2x CHINA300,Daily: loaded successfully
2	19:41:35.341	Custom indicator Laguerre-ACS1 CHINA300,Daily: loaded successfully
2	19:41:35.494	Custom indicator 23MTF_MovingAverageIGOR CADJPY.,H1: loaded successfully
2	19:41:35.506	Custom indicator ADR CADJPY.,H1: loaded successfully
2	19:41:35.517	Custom indicator SupResZone_MTF CADJPY.,H1: loaded successfully
2	19:41:35.593	Custom indicator Laguerre-ACS1 CADJPY.,H1: loaded successfully
2	19:41:35.603	Custom indicator MACD-2x CADJPY.,H1: loaded successfully
0	19:41:38.032	'120010550': login on PRC-Live through Server 5 (ping: 118.82 ms)
0	19:41:41.033	'120010550': login datacenter on PRC-Live through Server 5 (ping: 118.82 ms)
0	19:41:41.439	'120010550': previous successful authorization performed from 223.104.176.164
0	19:42:09.860	'120010550': ping to current access point Server 5 is 112.06 ms
0	20:30:40.857	'120010550': order buy market 0.02 USDCAD. sl: 0.00000 tp: 0.00000
0	20:30:41.380	'120010550': order was opened : #11133052 buy 0.02 USDCAD. at 1.32337 sl: 0.00000 tp: 0.00000
0	20:31:09.243	'120010550': order sell market 0.02 AUDJPY. sl: 0.000 tp: 0.000
0	20:31:09.849	'120010550': order was opened : #11133053 sell 0.02 AUDJPY. at 74.408 sl: 0.000 tp: 0.000
1	20:50:42.597	'120010550': ping failed
0	20:50:46.242	'120010550': login on PRC-Live through Server 3 (ping: 118.43 ms)
0	20:50:47.866	'120010550': login datacenter on PRC-Live through Server 3 (ping: 118.43 ms)
0	20:50:48.684	'120010550': previous successful authorization performed from 101.131.181.27
0	20:51:30.626	'120010550': auto connecting to a better access point Server 5 (ping is 112.12 ms)
0	20:51:31.327	'120010550': login on PRC-Live through Server 5 (ping: 112.12 ms)
0	20:51:33.211	'120010550': login datacenter on PRC-Live through Server 5 (ping: 112.12 ms)
0	20:51:33.627	'120010550': previous successful authorization performed from 42.101.65.200
0	21:00:36.754	'120010550': modify order #11122380 sell 0.02 AUDJPY. at 75.054 sl: 74.954 tp: 0.000 -> sl: 74.917 tp: 0.000
0	21:00:37.253	'120010550': order #11122380 sell 0.02 AUDJPY. at 75.054 was modified -> sl: 74.917 tp: 0.000
0	21:57:20.813	'120010550': modify order #11131892 sell 0.02 SPX500 at 2980.6 sl: 0.0 tp: 2965.9 -> sl: 0.0 tp: 2967.9
0	21:57:21.409	'120010550': order #11131892 sell 0.02 SPX500 at 2980.6 was modified -> sl: 0.0 tp: 2967.9
1	21:57:23.674	'120010550': modification of order #11131892 sell 0.02 SPX500 at 2980.6 sl: 0.0 tp: 2967.9 -> sl: 0.0 tp: 2971.3 failed [Invalid S/L or T/P]
0	21:57:26.361	'120010550': modify order #11131892 sell 0.02 SPX500 at 2980.6 sl: 0.0 tp: 2967.9 -> sl: 0.0 tp: 2969.8
0	21:57:26.799	'120010550': order #11131892 sell 0.02 SPX500 at 2980.6 was modified -> sl: 0.0 tp: 2969.8
1	21:57:28.650	'120010550': modification of order #11131892 sell 0.02 SPX500 at 2980.6 sl: 0.0 tp: 2969.8 -> sl: 0.0 tp: 2970.8 failed [Invalid S/L or T/P]
1	22:02:47.215	'120010550': modification of order #11131892 sell 0.02 SPX500 at 2980.6 sl: 0.0 tp: 2969.8 -> sl: 0.0 tp: 2971.0 failed [Invalid S/L or T/P]
1	22:02:50.114	'120010550': modification of order #11131892 sell 0.02 SPX500 at 2980.6 sl: 0.0 tp: 2969.8 -> sl: 0.0 tp: 2970.9 failed [Invalid S/L or T/P]
1	22:02:57.178	'120010550': modification of order #11131892 sell 0.02 SPX500 at 2980.6 sl: 0.0 tp: 2969.8 -> sl: 0.0 tp: 2970.4 failed [Invalid S/L or T/P]
1	22:02:59.594	'120010550': modification of order #11131892 sell 0.02 SPX500 at 2980.6 sl: 0.0 tp: 2969.8 -> sl: 0.0 tp: 2970.8 failed [Invalid S/L or T/P]
1	22:03:02.867	'120010550': modification of order #11131892 sell 0.02 SPX500 at 2980.6 sl: 0.0 tp: 2969.8 -> sl: 0.0 tp: 2970.9 failed [Invalid S/L or T/P]
0	22:05:48.225	'120010550': modify order #11122380 sell 0.02 AUDJPY. at 75.054 sl: 74.917 tp: 0.000 -> sl: 74.895 tp: 0.000
0	22:05:49.249	'120010550': order #11122380 sell 0.02 AUDJPY. at 75.054 was modified -> sl: 74.895 tp: 0.000
0	22:06:09.393	'120010550': close order #11133053 sell 0.02 AUDJPY. at 74.408 sl: 0.000 tp: 0.000 at price 0.000
0	22:06:10.296	'120010550': order #11133053 sell 0.02 AUDJPY. at 74.408 sl: 0.000 tp: 0.000 closed at price 74.269
0	22:06:17.298	'120010550': close order #11128799 sell 0.02 AUDUSD. at 0.68857 sl: 0.68808 tp: 0.00000 at price 0.00000
0	22:06:18.342	'120010550': order #11128799 sell 0.02 AUDUSD. at 0.68857 sl: 0.68808 tp: 0.00000 closed at price 0.68525
0	22:08:03.111	'120010550': modify order #11131892 sell 0.02 SPX500 at 2980.6 sl: 0.0 tp: 2969.8 -> sl: 0.0 tp: 2971.7
0	22:08:04.423	'120010550': order #11131892 sell 0.02 SPX500 at 2980.6 was modified -> sl: 0.0 tp: 2971.7
0	22:08:06.640	'120010550': modify order #11131892 sell 0.02 SPX500 at 2980.6 sl: 0.0 tp: 2971.7 -> sl: 0.0 tp: 2972.7
0	22:08:07.030	'120010550': order #11131892 sell 0.02 SPX500 at 2980.6 was modified -> sl: 0.0 tp: 2972.7
0	22:08:08.899	'120010550': modify order #11131892 sell 0.02 SPX500 at 2980.6 sl: 0.0 tp: 2972.7 -> sl: 0.0 tp: 2973.5
0	22:08:09.202	'120010550': order #11131892 sell 0.02 SPX500 at 2980.6 was modified -> sl: 0.0 tp: 2973.5
1	22:08:11.040	'120010550': modification of order #11131892 sell 0.02 SPX500 at 2980.6 sl: 0.0 tp: 2973.5 -> sl: 0.0 tp: 2974.8 failed [Invalid S/L or T/P]
0	22:08:13.382	'120010550': modify order #11131892 sell 0.02 SPX500 at 2980.6 sl: 0.0 tp: 2973.5 -> sl: 0.0 tp: 2974.1
0	22:08:14.107	'120010550': order #11131892 sell 0.02 SPX500 at 2980.6 was modified -> sl: 0.0 tp: 2974.1
1	22:08:17.026	'120010550': modification of order #11131892 sell 0.02 SPX500 at 2980.6 sl: 0.0 tp: 2974.1 -> sl: 0.0 tp: 2975.0 failed [Invalid S/L or T/P]
1	22:08:23.400	'120010550': modification of order #11131892 sell 0.02 SPX500 at 2980.6 sl: 0.0 tp: 2974.1 -> sl: 0.0 tp: 2974.5 failed [Invalid S/L or T/P]
1	22:08:26.398	'120010550': modification of order #11131892 sell 0.02 SPX500 at 2980.6 sl: 0.0 tp: 2974.1 -> sl: 0.0 tp: 2974.8 failed [Invalid S/L or T/P]
1	22:08:29.055	'120010550': modification of order #11131892 sell 0.02 SPX500 at 2980.6 sl: 0.0 tp: 2974.1 -> sl: 0.0 tp: 2974.8 failed [Invalid S/L or T/P]
