0	22:22:11.980	FX Trader build 1170 started (Performance Ronnaru Capital Ltd.)
0	22:22:11.981	Windows 10 Home x64, IE 11, UAC, 8 x Intel Core i7-6700HQ  @ 2.60GHz, Memory: 23764 / 32639 Mb, Disk: 138 / 264 Gb, GMT+8
0	22:22:11.981	Data Folder: C:\Users\tiany\AppData\Roaming\MetaQuotes\Terminal\79214103E7A6FC97F86082D309D0B84B
2	22:22:14.340	Custom indicator SupResZone_MTF USDXXX,H4: loaded successfully
2	22:22:14.352	Custom indicator SupResZone_MTF USDXXX,H4: loaded successfully
2	22:22:14.363	Custom indicator SupResZone_MTF USDXXX,H4: loaded successfully
2	22:22:14.375	Custom indicator SupResZone_MTF USDXXX,H4: loaded successfully
2	22:22:14.387	Custom indicator MACD-2x USDXXX,H4: loaded successfully
2	22:22:14.459	Custom indicator Laguerre-ACS1 USDXXX,H4: loaded successfully
2	22:22:14.661	Custom indicator SupResZone_MTF XAUUSD.,H1: loaded successfully
2	22:22:14.672	Custom indicator SupResZone_MTF XAUUSD.,H1: loaded successfully
2	22:22:14.683	Custom indicator SupResZone_MTF XAUUSD.,H1: loaded successfully
2	22:22:14.695	Custom indicator SupResZone_MTF XAUUSD.,H1: loaded successfully
2	22:22:14.706	Custom indicator MACD-2x XAUUSD.,H1: loaded successfully
2	22:22:14.785	Custom indicator Laguerre-ACS1 XAUUSD.,H1: loaded successfully
2	22:22:14.805	Custom indicator WBR XAUUSD.,H1: loaded successfully
2	22:22:15.268	Custom indicator SupResZone_MTF XAGUSD.,H1: loaded successfully
2	22:22:15.280	Custom indicator SupResZone_MTF XAGUSD.,H1: loaded successfully
2	22:22:15.292	Custom indicator SupResZone_MTF XAGUSD.,H1: loaded successfully
2	22:22:15.302	Custom indicator SupResZone_MTF XAGUSD.,H1: loaded successfully
2	22:22:15.313	Custom indicator MACD-2x XAGUSD.,H1: loaded successfully
2	22:22:15.396	Custom indicator Laguerre-ACS1 XAGUSD.,H1: loaded successfully
2	22:22:15.611	Custom indicator SupResZone_MTF US_OIL,H1: loaded successfully
2	22:22:15.621	Custom indicator SupResZone_MTF US_OIL,H1: loaded successfully
2	22:22:15.633	Custom indicator SupResZone_MTF US_OIL,H1: loaded successfully
2	22:22:15.643	Custom indicator SupResZone_MTF US_OIL,H1: loaded successfully
2	22:22:15.653	Custom indicator MACD-2x US_OIL,H1: loaded successfully
2	22:22:15.737	Custom indicator Laguerre-ACS1 US_OIL,H1: loaded successfully
2	22:22:15.760	Custom indicator WBR US_OIL,H1: loaded successfully
2	22:22:16.251	Custom indicator SupResZone_MTF JP225,H1: loaded successfully
2	22:22:16.261	Custom indicator SupResZone_MTF JP225,H1: loaded successfully
2	22:22:16.272	Custom indicator SupResZone_MTF JP225,H1: loaded successfully
2	22:22:16.283	Custom indicator SupResZone_MTF JP225,H1: loaded successfully
2	22:22:16.294	Custom indicator MACD-2x JP225,H1: loaded successfully
2	22:22:16.383	Custom indicator Laguerre-ACS1 JP225,H1: loaded successfully
2	22:22:16.710	Custom indicator SupResZone_MTF SPX500,H1: loaded successfully
2	22:22:16.721	Custom indicator SupResZone_MTF SPX500,H1: loaded successfully
2	22:22:16.733	Custom indicator SupResZone_MTF SPX500,H1: loaded successfully
2	22:22:16.743	Custom indicator SupResZone_MTF SPX500,H1: loaded successfully
2	22:22:16.753	Custom indicator MACD-2x SPX500,H1: loaded successfully
2	22:22:16.825	Custom indicator Laguerre-ACS1 SPX500,H1: loaded successfully
2	22:22:17.091	Custom indicator SupResZone_MTF EURAUD.,H4: loaded successfully
2	22:22:17.101	Custom indicator SupResZone_MTF EURAUD.,H4: loaded successfully
2	22:22:17.113	Custom indicator SupResZone_MTF EURAUD.,H4: loaded successfully
2	22:22:17.123	Custom indicator SupResZone_MTF EURAUD.,H4: loaded successfully
2	22:22:17.133	Custom indicator MACD-2x EURAUD.,H4: loaded successfully
2	22:22:17.207	Custom indicator Laguerre-ACS1 EURAUD.,H4: loaded successfully
2	22:22:17.451	Custom indicator SupResZone_MTF AUDJPY.,H1: loaded successfully
2	22:22:17.462	Custom indicator SupResZone_MTF AUDJPY.,H1: loaded successfully
2	22:22:17.473	Custom indicator SupResZone_MTF AUDJPY.,H1: loaded successfully
2	22:22:17.484	Custom indicator SupResZone_MTF AUDJPY.,H1: loaded successfully
2	22:22:17.495	Custom indicator MACD-2x AUDJPY.,H1: loaded successfully
2	22:22:17.569	Custom indicator Laguerre-ACS1 AUDJPY.,H1: loaded successfully
2	22:22:17.815	Custom indicator SupResZone_MTF AUDUSD.,H4: loaded successfully
2	22:22:17.828	Custom indicator SupResZone_MTF AUDUSD.,H4: loaded successfully
2	22:22:17.840	Custom indicator SupResZone_MTF AUDUSD.,H4: loaded successfully
2	22:22:17.851	Custom indicator SupResZone_MTF AUDUSD.,H4: loaded successfully
2	22:22:17.861	Custom indicator MACD-2x AUDUSD.,H4: loaded successfully
2	22:22:17.939	Custom indicator Laguerre-ACS1 AUDUSD.,H4: loaded successfully
2	22:22:18.169	Custom indicator SupResZone_MTF USDJPY.,H4: loaded successfully
2	22:22:18.180	Custom indicator SupResZone_MTF USDJPY.,H4: loaded successfully
2	22:22:18.192	Custom indicator SupResZone_MTF USDJPY.,H4: loaded successfully
2	22:22:18.204	Custom indicator SupResZone_MTF USDJPY.,H4: loaded successfully
2	22:22:18.219	Custom indicator MACD-2x USDJPY.,H4: loaded successfully
2	22:22:18.295	Custom indicator Laguerre-ACS1 USDJPY.,H4: loaded successfully
2	22:22:18.530	Custom indicator SupResZone_MTF EURJPY.,H1: loaded successfully
2	22:22:18.541	Custom indicator SupResZone_MTF EURJPY.,H1: loaded successfully
2	22:22:18.551	Custom indicator SupResZone_MTF EURJPY.,H1: loaded successfully
2	22:22:18.563	Custom indicator SupResZone_MTF EURJPY.,H1: loaded successfully
2	22:22:18.573	Custom indicator MACD-2x EURJPY.,H1: loaded successfully
2	22:22:18.651	Custom indicator Laguerre-ACS1 EURJPY.,H1: loaded successfully
2	22:22:18.921	Custom indicator SupResZone_MTF EURUSD.,H1: loaded successfully
2	22:22:18.933	Custom indicator SupResZone_MTF EURUSD.,H1: loaded successfully
2	22:22:18.944	Custom indicator SupResZone_MTF EURUSD.,H1: loaded successfully
2	22:22:18.955	Custom indicator SupResZone_MTF EURUSD.,H1: loaded successfully
2	22:22:18.966	Custom indicator MACD-2x EURUSD.,H1: loaded successfully
2	22:22:19.046	Custom indicator Laguerre-ACS1 EURUSD.,H1: loaded successfully
2	22:22:19.322	Custom indicator SupResZone_MTF GBPUSD.,H4: loaded successfully
2	22:22:19.332	Custom indicator SupResZone_MTF GBPUSD.,H4: loaded successfully
2	22:22:19.345	Custom indicator SupResZone_MTF GBPUSD.,H4: loaded successfully
2	22:22:19.365	Custom indicator SupResZone_MTF GBPUSD.,H4: loaded successfully
2	22:22:19.379	Custom indicator MACD-2x GBPUSD.,H4: loaded successfully
2	22:22:19.458	Custom indicator Laguerre-ACS1 GBPUSD.,H4: loaded successfully
2	22:22:19.737	Custom indicator SupResZone_MTF USDCAD.,H4: loaded successfully
2	22:22:19.749	Custom indicator SupResZone_MTF USDCAD.,H4: loaded successfully
2	22:22:19.760	Custom indicator SupResZone_MTF USDCAD.,H4: loaded successfully
2	22:22:19.772	Custom indicator SupResZone_MTF USDCAD.,H4: loaded successfully
2	22:22:19.786	Custom indicator MACD-2x USDCAD.,H4: loaded successfully
2	22:22:19.876	Custom indicator Laguerre-ACS1 USDCAD.,H4: loaded successfully
2	22:22:20.119	Custom indicator SupResZone_MTF USDCHF.,H4: loaded successfully
2	22:22:20.130	Custom indicator SupResZone_MTF USDCHF.,H4: loaded successfully
2	22:22:20.140	Custom indicator SupResZone_MTF USDCHF.,H4: loaded successfully
2	22:22:20.150	Custom indicator SupResZone_MTF USDCHF.,H4: loaded successfully
2	22:22:20.161	Custom indicator MACD-2x USDCHF.,H4: loaded successfully
2	22:22:20.252	Custom indicator Laguerre-ACS1 USDCHF.,H4: loaded successfully
2	22:22:20.575	Custom indicator MACD-2x USDCNH,Daily: loaded successfully
2	22:22:20.585	Custom indicator MACD-2x USDCNH,Daily: loaded successfully
2	22:22:20.664	Custom indicator Laguerre-ACS1 USDCNH,Daily: loaded successfully
2	22:22:20.761	Custom indicator GMMA Long USDJPY.,H1: loaded successfully
2	22:22:20.773	Custom indicator GMMA Short USDJPY.,H1: loaded successfully
2	22:22:20.784	Custom indicator 23MTF_MovingAverageIGOR USDJPY.,H1: loaded successfully
2	22:22:20.793	Custom indicator 23MTF_MovingAverageIGOR USDJPY.,H1: loaded successfully
2	22:22:20.803	Custom indicator SupResZone_MTF USDJPY.,H1: loaded successfully
2	22:22:20.813	Custom indicator SupResZone_MTF USDJPY.,H1: loaded successfully
2	22:22:20.825	Custom indicator MACD-2x USDJPY.,H1: loaded successfully
0	22:22:24.338	'120010550': login on PRC-Live through Server 7 (ping: 112.22 ms)
0	22:22:27.166	'120010550': login datacenter on PRC-Live through Server 7 (ping: 112.22 ms)
0	22:22:27.681	'120010550': previous successful authorization performed from 101.131.181.34
0	22:22:58.014	'120010550': auto connecting to a better access point Server 5 (ping is 121.86 ms)
0	22:22:58.858	'120010550': login on PRC-Live through Server 5 (ping: 121.86 ms)
0	22:23:00.607	'120010550': login datacenter on PRC-Live through Server 5 (ping: 121.86 ms)
0	22:23:01.023	'120010550': previous successful authorization performed from 42.101.65.200
0	22:34:21.772	'120010550': modify order #10967923 sell 0.01 USDJPY. at 108.746 sl: 0.000 tp: 0.000 -> sl: 109.015 tp: 0.000
0	22:34:22.447	'120010550': order #10967923 sell 0.01 USDJPY. at 108.746 was modified -> sl: 109.015 tp: 0.000
0	22:34:31.544	'120010550': modify order #10967923 sell 0.01 USDJPY. at 108.746 sl: 109.015 tp: 0.000 -> sl: 109.224 tp: 0.000
0	22:34:31.923	'120010550': order #10967923 sell 0.01 USDJPY. at 108.746 was modified -> sl: 109.224 tp: 0.000
0	22:34:38.093	'120010550': modify order #10967923 sell 0.01 USDJPY. at 108.746 sl: 109.224 tp: 0.000 -> sl: 0.000 tp: 0.000
0	22:34:39.088	'120010550': order #10967923 sell 0.01 USDJPY. at 108.746 was modified -> sl: 0.000 tp: 0.000
