0	00:23:34.987	System to be shutdown, request for close FX Trader
0	00:23:35.577	FX Trader build 1170 stopped because system shutdown
0	22:53:58.874	FX Trader build 1170 started (Performance Ronnaru Capital Ltd.)
0	22:53:58.874	Windows 10 Home x64, IE 11, UAC, 8 x Intel Core i7-6700HQ  @ 2.60GHz, Memory: 25022 / 32639 Mb, Disk: 152 / 264 Gb, GMT+9
0	22:53:58.874	Data Folder: C:\Users\tiany\AppData\Roaming\MetaQuotes\Terminal\79214103E7A6FC97F86082D309D0B84B
2	22:54:01.609	Custom indicator 小鱼\Laguerre-ACS1 USDJPY,H4: loaded successfully
2	22:54:01.624	Custom indicator MACD USDJPY,H4: loaded successfully
2	22:54:01.890	Custom indicator 小鱼\Laguerre-ACS1 EURJPY,H1: loaded successfully
2	22:54:01.905	Custom indicator MACD EURJPY,H1: loaded successfully
2	22:54:02.093	Custom indicator 小鱼\Laguerre-ACS1 EURUSD,H4: loaded successfully
2	22:54:02.108	Custom indicator MACD EURUSD,H4: loaded successfully
2	22:54:02.296	Custom indicator 小鱼\Laguerre-ACS1 GBPUSD,H4: loaded successfully
2	22:54:02.327	Custom indicator MACD GBPUSD,H4: loaded successfully
2	22:54:02.546	Custom indicator 小鱼\Laguerre-ACS1 GBPJPY,H1: loaded successfully
2	22:54:02.562	Custom indicator MACD GBPJPY,H1: loaded successfully
2	22:54:02.749	Custom indicator 小鱼\Laguerre-ACS1 JP225,H4: loaded successfully
2	22:54:02.780	Custom indicator MACD JP225,H4: loaded successfully
2	22:54:02.999	Custom indicator 小鱼\Laguerre-ACS1 NDX100,Daily: loaded successfully
2	22:54:03.015	Custom indicator MACD NDX100,Daily: loaded successfully
2	22:54:03.202	Custom indicator 小鱼\Laguerre-ACS1 SPX500,Daily: loaded successfully
2	22:54:03.218	Custom indicator MACD SPX500,Daily: loaded successfully
2	22:54:03.406	Custom indicator 小鱼\Laguerre-ACS1 A50,Daily: loaded successfully
2	22:54:03.437	Custom indicator MACD A50,Daily: loaded successfully
2	22:54:03.624	Custom indicator 小鱼\Laguerre-ACS1 CHINA300,Daily: loaded successfully
2	22:54:03.640	Custom indicator MACD CHINA300,Daily: loaded successfully
2	22:54:03.812	Custom indicator 小鱼\Laguerre-ACS1 XAUUSD,Daily: loaded successfully
2	22:54:03.827	Custom indicator MACD XAUUSD,Daily: loaded successfully
2	22:54:04.046	Custom indicator 小鱼\Laguerre-ACS1 US_OIL,Daily: loaded successfully
2	22:54:04.062	Custom indicator MACD US_OIL,Daily: loaded successfully
0	22:54:06.006	'120010550': login on PRC-Live through Server 7 (ping: 51.59 ms)
0	22:54:10.298	'120010550': login datacenter on PRC-Live through Server 7 (ping: 51.59 ms)
0	22:54:12.690	'120010550': previous successful authorization performed from 106.181.126.233
0	22:55:04.404	'120010550': auto connecting to a better access point Server 8 (ping is 503.59 ms)
0	22:55:05.509	'120010550': login on PRC-Live through Server 8 (ping: 503.59 ms)
0	22:55:09.555	'120010550': login datacenter on PRC-Live through Server 8 (ping: 503.59 ms)
0	22:55:10.512	'120010550': previous successful authorization performed from 106.181.131.14
