0	00:04:01.275	'120010550': modify order #10911936 sell 0.01 JP225 at 21941 sl: 21625 tp: 20962 -> sl: 21609 tp: 20962
0	00:04:01.754	'120010550': order #10911936 sell 0.01 JP225 at 21941 was modified -> sl: 21609 tp: 20962
1	00:04:57.856	'120010550': modification of order #10919404 sell 0.01 SPX500 at 2866.9 sl: 2860.0 tp: 0.0 -> sl: 2855.1 tp: 0.0 failed [Invalid S/L or T/P]
1	00:05:04.119	'120010550': modification of order #10919404 sell 0.01 SPX500 at 2866.9 sl: 2860.0 tp: 0.0 -> sl: 2851.2 tp: 0.0 failed [Invalid S/L or T/P]
1	00:05:08.905	'120010550': modification of order #10919404 sell 0.01 SPX500 at 2866.9 sl: 2860.0 tp: 0.0 -> sl: 2848.8 tp: 0.0 failed [Invalid S/L or T/P]
1	00:05:13.824	'120010550': modification of order #10919404 sell 0.01 SPX500 at 2866.9 sl: 2860.0 tp: 0.0 -> sl: 2854.3 tp: 0.0 failed [Invalid S/L or T/P]
0	00:05:20.680	'120010550': modify order #10919404 sell 0.01 SPX500 at 2866.9 sl: 2860.0 tp: 0.0 -> sl: 2900.8 tp: 0.0
0	00:05:21.744	'120010550': order #10919404 sell 0.01 SPX500 at 2866.9 was modified -> sl: 2900.8 tp: 0.0
1	00:05:27.818	'120010550': modification of order #10919404 sell 0.01 SPX500 at 2866.9 sl: 2900.8 tp: 0.0 -> sl: 2900.8 tp: 2856.2 failed [Invalid S/L or T/P]
1	00:05:41.696	'120010550': modification of order #10919404 sell 0.01 SPX500 at 2866.9 sl: 2900.8 tp: 0.0 -> sl: 2859.1 tp: 0.0 failed [Invalid S/L or T/P]
0	00:05:47.070	'120010550': modify order #10919404 sell 0.01 SPX500 at 2866.9 sl: 2900.8 tp: 0.0 -> sl: 2859.6 tp: 0.0
0	00:05:47.636	'120010550': order #10919404 sell 0.01 SPX500 at 2866.9 was modified -> sl: 2859.6 tp: 0.0
0	00:10:14.881	'120010550': modify order #10911936 sell 0.01 JP225 at 21941 sl: 21609 tp: 20962 -> sl: 21609 tp: 20576
0	00:10:15.253	'120010550': order #10911936 sell 0.01 JP225 at 21941 was modified -> sl: 21609 tp: 20576
2	00:12:30.359	Custom indicator MACD-2x EURAUD.,Daily: removed
2	00:12:30.360	Custom indicator MACD-2x EURAUD.,Daily: removed
2	00:12:30.361	Custom indicator Laguerre-ACS1 EURAUD.,Daily: removed
2	00:12:30.368	Custom indicator MACD-2x XAUUSD.,H1: removed
2	00:12:30.371	Custom indicator MACD-2x XAUUSD.,H1: removed
2	00:12:30.371	Custom indicator Laguerre-ACS1 XAUUSD.,H1: removed
2	00:12:30.378	Custom indicator MACD-2x XAGUSD.,H1: removed
2	00:12:30.380	Custom indicator MACD-2x XAGUSD.,H1: removed
2	00:12:30.380	Custom indicator Laguerre-ACS1 XAGUSD.,H1: removed
2	00:12:30.397	Custom indicator MACD-2x US_OIL,H4: removed
2	00:12:30.399	Custom indicator MACD-2x US_OIL,H4: removed
2	00:12:30.399	Custom indicator Laguerre-ACS1 US_OIL,H4: removed
2	00:12:30.412	Custom indicator MACD-2x JP225,H4: removed
2	00:12:30.414	Custom indicator MACD-2x JP225,H4: removed
2	00:12:30.414	Custom indicator Laguerre-ACS1 JP225,H4: removed
2	00:12:30.441	Custom indicator MACD-2x SPX500,H4: removed
2	00:12:30.443	Custom indicator MACD-2x SPX500,H4: removed
2	00:12:30.443	Custom indicator Laguerre-ACS1 SPX500,H4: removed
2	00:12:30.449	Custom indicator MACD-2x NDX100,Daily: removed
2	00:12:30.452	Custom indicator MACD-2x NDX100,Daily: removed
2	00:12:30.452	Custom indicator Laguerre-ACS1 NDX100,Daily: removed
2	00:12:30.476	Custom indicator MACD-2x USDJPY.,Daily: removed
2	00:12:30.478	Custom indicator MACD-2x USDJPY.,Daily: removed
2	00:12:30.478	Custom indicator Laguerre-ACS1 USDJPY.,Daily: removed
2	00:12:30.490	Custom indicator MACD-2x EURJPY.,H4: removed
2	00:12:30.492	Custom indicator MACD-2x EURJPY.,H4: removed
2	00:12:30.492	Custom indicator Laguerre-ACS1 EURJPY.,H4: removed
2	00:12:30.503	Custom indicator MACD-2x EURUSD.,H4: removed
2	00:12:30.505	Custom indicator MACD-2x EURUSD.,H4: removed
2	00:12:30.506	Custom indicator Laguerre-ACS1 EURUSD.,H4: removed
2	00:12:30.517	Custom indicator MACD-2x GBPUSD.,Daily: removed
2	00:12:30.519	Custom indicator MACD-2x GBPUSD.,Daily: removed
2	00:12:30.519	Custom indicator Laguerre-ACS1 GBPUSD.,Daily: removed
2	00:12:30.527	Custom indicator MACD-2x GBPJPY.,Daily: removed
2	00:12:30.529	Custom indicator MACD-2x GBPJPY.,Daily: removed
2	00:12:30.529	Custom indicator Laguerre-ACS1 GBPJPY.,Daily: removed
2	00:12:30.547	Custom indicator MACD-2x AUDUSD.,Daily: removed
2	00:12:30.548	Custom indicator MACD-2x AUDUSD.,Daily: removed
2	00:12:30.548	Custom indicator Laguerre-ACS1 AUDUSD.,Daily: removed
2	00:12:30.555	Custom indicator MACD-2x USDCHF.,H4: removed
2	00:12:30.557	Custom indicator MACD-2x USDCHF.,H4: removed
2	00:12:30.557	Custom indicator Laguerre-ACS1 USDCHF.,H4: removed
2	00:12:30.568	Custom indicator MACD-2x USDCAD.,Daily: removed
2	00:12:30.570	Custom indicator MACD-2x USDCAD.,Daily: removed
2	00:12:30.570	Custom indicator Laguerre-ACS1 USDCAD.,Daily: removed
0	00:12:30.967	FX Trader build 1170 stopped
0	22:25:52.293	FX Trader build 1170 started (Performance Ronnaru Capital Ltd.)
0	22:25:52.293	Windows 10 Home x64, IE 11, UAC, 8 x Intel Core i7-6700HQ  @ 2.60GHz, Memory: 27917 / 32639 Mb, Disk: 139 / 264 Gb, GMT+9
0	22:25:52.293	Data Folder: C:\Users\tiany\AppData\Roaming\MetaQuotes\Terminal\79214103E7A6FC97F86082D309D0B84B
1	22:25:53.594	MQL Base: failed connect to server
2	22:25:54.084	Custom indicator MACD-2x EURAUD.,Daily: loaded successfully
2	22:25:54.094	Custom indicator MACD-2x EURAUD.,Daily: loaded successfully
2	22:25:54.170	Custom indicator Laguerre-ACS1 EURAUD.,Daily: loaded successfully
2	22:25:54.226	Custom indicator MACD-2x XAUUSD.,H1: loaded successfully
2	22:25:54.238	Custom indicator MACD-2x XAUUSD.,H1: loaded successfully
2	22:25:54.321	Custom indicator Laguerre-ACS1 XAUUSD.,H1: loaded successfully
2	22:25:54.392	Custom indicator MACD-2x XAGUSD.,H1: loaded successfully
2	22:25:54.403	Custom indicator MACD-2x XAGUSD.,H1: loaded successfully
2	22:25:54.478	Custom indicator Laguerre-ACS1 XAGUSD.,H1: loaded successfully
2	22:25:54.536	Custom indicator MACD-2x US_OIL,H4: loaded successfully
2	22:25:54.547	Custom indicator MACD-2x US_OIL,H4: loaded successfully
2	22:25:54.622	Custom indicator Laguerre-ACS1 US_OIL,H4: loaded successfully
2	22:25:54.683	Custom indicator MACD-2x JP225,H4: loaded successfully
2	22:25:54.694	Custom indicator MACD-2x JP225,H4: loaded successfully
2	22:25:54.768	Custom indicator Laguerre-ACS1 JP225,H4: loaded successfully
2	22:25:54.833	Custom indicator MACD-2x SPX500,H4: loaded successfully
2	22:25:54.844	Custom indicator MACD-2x SPX500,H4: loaded successfully
2	22:25:54.926	Custom indicator Laguerre-ACS1 SPX500,H4: loaded successfully
2	22:25:54.994	Custom indicator MACD-2x NDX100,Daily: loaded successfully
2	22:25:55.007	Custom indicator MACD-2x NDX100,Daily: loaded successfully
2	22:25:55.083	Custom indicator Laguerre-ACS1 NDX100,Daily: loaded successfully
2	22:25:55.151	Custom indicator MACD-2x USDJPY.,Daily: loaded successfully
2	22:25:55.161	Custom indicator MACD-2x USDJPY.,Daily: loaded successfully
2	22:25:55.242	Custom indicator Laguerre-ACS1 USDJPY.,Daily: loaded successfully
2	22:25:55.309	Custom indicator MACD-2x EURJPY.,H4: loaded successfully
2	22:25:55.321	Custom indicator MACD-2x EURJPY.,H4: loaded successfully
2	22:25:55.397	Custom indicator Laguerre-ACS1 EURJPY.,H4: loaded successfully
2	22:25:55.471	Custom indicator MACD-2x EURUSD.,H4: loaded successfully
2	22:25:55.480	Custom indicator MACD-2x EURUSD.,H4: loaded successfully
2	22:25:55.549	Custom indicator Laguerre-ACS1 EURUSD.,H4: loaded successfully
2	22:25:55.622	Custom indicator MACD-2x GBPUSD.,Daily: loaded successfully
2	22:25:55.632	Custom indicator MACD-2x GBPUSD.,Daily: loaded successfully
2	22:25:55.699	Custom indicator Laguerre-ACS1 GBPUSD.,Daily: loaded successfully
2	22:25:55.766	Custom indicator MACD-2x GBPJPY.,Daily: loaded successfully
2	22:25:55.775	Custom indicator MACD-2x GBPJPY.,Daily: loaded successfully
2	22:25:55.846	Custom indicator Laguerre-ACS1 GBPJPY.,Daily: loaded successfully
2	22:25:55.914	Custom indicator MACD-2x AUDUSD.,Daily: loaded successfully
2	22:25:55.924	Custom indicator MACD-2x AUDUSD.,Daily: loaded successfully
2	22:25:55.993	Custom indicator Laguerre-ACS1 AUDUSD.,Daily: loaded successfully
2	22:25:56.056	Custom indicator MACD-2x USDCHF.,H4: loaded successfully
2	22:25:56.067	Custom indicator MACD-2x USDCHF.,H4: loaded successfully
2	22:25:56.135	Custom indicator Laguerre-ACS1 USDCHF.,H4: loaded successfully
2	22:25:56.202	Custom indicator MACD-2x USDCAD.,Daily: loaded successfully
2	22:25:56.212	Custom indicator MACD-2x USDCAD.,Daily: loaded successfully
2	22:25:56.280	Custom indicator Laguerre-ACS1 USDCAD.,Daily: loaded successfully
1	22:25:57.145	'120010550': connect failed [No connection]
1	22:25:57.212	MQL5.community: authorization failed
1	22:25:57.481	MQL5.community: authorization failed
0	22:26:30.957	'120010550': login on PRC-Live through Server 7 (ping: 33.22 ms)
0	22:26:31.914	'120010550': login datacenter on PRC-Live through Server 7 (ping: 33.22 ms)
0	22:26:32.337	'120010550': previous successful authorization performed from 106.133.94.67
0	22:26:49.870	'120010550': auto connecting to a better access point Server 3 (ping is 41.50 ms)
0	22:26:50.350	'120010550': login on PRC-Live through Server 3 (ping: 41.50 ms)
0	22:26:50.898	'120010550': login datacenter on PRC-Live through Server 3 (ping: 41.50 ms)
0	22:26:51.239	'120010550': previous successful authorization performed from 106.181.140.48
2	22:34:24.731	Custom indicator MACD-2x USDXXX,H1: loaded successfully
2	22:34:24.741	Custom indicator MACD-2x USDXXX,H1: loaded successfully
2	22:34:24.811	Custom indicator Laguerre-ACS1 USDXXX,H1: loaded successfully
2	22:49:01.070	Custom indicator MACD-2x GBPJPY.,H4: removed
2	22:49:01.071	Custom indicator MACD-2x GBPJPY.,H4: removed
2	22:49:01.071	Custom indicator Laguerre-ACS1 GBPJPY.,H4: removed
0	23:18:29.101	'120010550': modify order #10921220 sell 0.01 SPX500 at 2843.1 sl: 2950.0 tp: 2821.9 -> sl: 2950.0 tp: 2806.4
0	23:18:30.120	'120010550': order #10921220 sell 0.01 SPX500 at 2843.1 was modified -> sl: 2950.0 tp: 2806.4
0	23:22:02.382	'120010550': modify order #10921220 sell 0.01 SPX500 at 2843.1 sl: 2950.0 tp: 2806.4 -> sl: 2950.0 tp: 2808.7
0	23:22:02.595	'120010550': order #10921220 sell 0.01 SPX500 at 2843.1 was modified -> sl: 2950.0 tp: 2808.7
0	23:24:12.233	'120010550': pending order buy limit 0.01 JP225 at 21000 sl: 0 tp: 0
0	23:24:13.126	'120010550': order was opened : #10924331 buy limit 0.01 JP225 at 21000 sl: 0 tp: 0
0	23:24:18.894	'120010550': modify pending order #10924331 buy limit 0.01 JP225 at 21000 sl: 0 tp: 0 -> price: 21022 sl: 0 tp: 0
0	23:24:19.113	'120010550': pending order #10924331 buy limit 0.01 JP225 was modified -> price: 21022 sl: 0 tp: 0
0	23:24:21.505	'120010550': modify pending order #10924331 buy limit 0.01 JP225 at 21022 sl: 0 tp: 0 -> price: 21035 sl: 0 tp: 0
0	23:24:21.914	'120010550': pending order #10924331 buy limit 0.01 JP225 was modified -> price: 21035 sl: 0 tp: 0
0	23:24:24.142	'120010550': modify pending order #10924331 buy limit 0.01 JP225 at 21035 sl: 0 tp: 0 -> price: 21016 sl: 0 tp: 0
0	23:24:24.525	'120010550': pending order #10924331 buy limit 0.01 JP225 was modified -> price: 21016 sl: 0 tp: 0
1	23:24:43.688	'120010550': modification of pending order #10924331 buy limit 0.01 JP225 at 21016 sl: 0 tp: 0 -> price: 21159 sl: 0 tp: 0 failed [Invalid S/L or T/P]
1	23:24:48.527	'120010550': modification of pending order #10924331 buy limit 0.01 JP225 at 21016 sl: 0 tp: 0 -> price: 21137 sl: 0 tp: 0 failed [Invalid S/L or T/P]
1	23:24:51.981	'120010550': modification of pending order #10924331 buy limit 0.01 JP225 at 21016 sl: 0 tp: 0 -> price: 21146 sl: 0 tp: 0 failed [Invalid S/L or T/P]
0	23:24:58.799	'120010550': order sell market 0.01 JP225 sl: 0 tp: 0
0	23:25:00.102	'120010550': order was opened : #10924335 sell 0.01 JP225 at 21151 sl: 0 tp: 0
0	23:25:51.178	'120010550': delete pending order #10924331 buy limit 0.01 JP225 at 21016 sl: 0 tp: 0
0	23:25:51.957	'120010550': pending order #10924331 was deleted
0	23:39:23.189	'120010550': modify order #10909046 sell 0.01 US_OIL at 60.06 sl: 63.50 tp: 60.10 -> sl: 63.50 tp: 59.98
0	23:39:23.486	'120010550': order #10909046 sell 0.01 US_OIL at 60.06 was modified -> sl: 63.50 tp: 59.98
0	23:39:31.308	'120010550': modify order #10909046 sell 0.01 US_OIL at 60.06 sl: 63.50 tp: 59.98 -> sl: 63.50 tp: 59.97
0	23:39:32.108	'120010550': order #10909046 sell 0.01 US_OIL at 60.06 was modified -> sl: 63.50 tp: 59.97
