0	00:07:06.455	'120010550': modify order #10903700 sell 0.01 XAGUSD. at 14.610 sl: 0.000 tp: 0.000 -> sl: 15.082 tp: 0.000
0	00:07:06.837	'120010550': order #10903700 sell 0.01 XAGUSD. at 14.610 was modified -> sl: 15.082 tp: 0.000
0	00:07:12.026	'120010550': modify order #10903700 sell 0.01 XAGUSD. at 14.610 sl: 15.082 tp: 0.000 -> sl: 15.087 tp: 0.000
0	00:07:12.664	'120010550': order #10903700 sell 0.01 XAGUSD. at 14.610 was modified -> sl: 15.087 tp: 0.000
0	00:07:18.857	'120010550': modify order #10903700 sell 0.01 XAGUSD. at 14.610 sl: 15.087 tp: 0.000 -> sl: 15.220 tp: 0.000
0	00:07:19.688	'120010550': order #10903700 sell 0.01 XAGUSD. at 14.610 was modified -> sl: 15.220 tp: 0.000
0	00:07:23.488	'120010550': modify order #10903700 sell 0.01 XAGUSD. at 14.610 sl: 15.220 tp: 0.000 -> sl: 14.942 tp: 0.000
0	00:07:23.871	'120010550': order #10903700 sell 0.01 XAGUSD. at 14.610 was modified -> sl: 14.942 tp: 0.000
0	00:07:27.830	'120010550': modify order #10903700 sell 0.01 XAGUSD. at 14.610 sl: 14.942 tp: 0.000 -> sl: 15.082 tp: 0.000
0	00:07:28.719	'120010550': order #10903700 sell 0.01 XAGUSD. at 14.610 was modified -> sl: 15.082 tp: 0.000
0	00:07:33.761	'120010550': modify order #10903700 sell 0.01 XAGUSD. at 14.610 sl: 15.082 tp: 0.000 -> sl: 14.877 tp: 0.000
0	00:07:34.936	'120010550': order #10903700 sell 0.01 XAGUSD. at 14.610 was modified -> sl: 14.877 tp: 0.000
0	00:07:36.782	'120010550': modify order #10926150 sell 0.01 XAGUSD. at 14.614 sl: 0.000 tp: 0.000 -> sl: 14.941 tp: 0.000
0	00:07:37.130	'120010550': order #10926150 sell 0.01 XAGUSD. at 14.614 was modified -> sl: 14.941 tp: 0.000
0	00:07:42.093	'120010550': modify order #10926150 sell 0.01 XAGUSD. at 14.614 sl: 14.941 tp: 0.000 -> sl: 15.077 tp: 0.000
0	00:07:42.537	'120010550': order #10926150 sell 0.01 XAGUSD. at 14.614 was modified -> sl: 15.077 tp: 0.000
0	00:07:49.228	'120010550': modify order #10903700 sell 0.01 XAGUSD. at 14.610 sl: 14.877 tp: 0.000 -> sl: 15.075 tp: 0.000
0	00:07:49.585	'120010550': order #10903700 sell 0.01 XAGUSD. at 14.610 was modified -> sl: 15.075 tp: 0.000
0	00:07:57.213	'120010550': modify order #10903700 sell 0.01 XAGUSD. at 14.610 sl: 15.075 tp: 0.000 -> sl: 15.095 tp: 0.000
0	00:07:57.771	'120010550': order #10903700 sell 0.01 XAGUSD. at 14.610 was modified -> sl: 15.095 tp: 0.000
0	00:07:59.874	'120010550': modify order #10926150 sell 0.01 XAGUSD. at 14.614 sl: 15.077 tp: 0.000 -> sl: 15.092 tp: 0.000
0	00:08:00.804	'120010550': order #10926150 sell 0.01 XAGUSD. at 14.614 was modified -> sl: 15.092 tp: 0.000
0	00:28:07.662	'120010550': order sell market 0.01 AUDUSD. sl: 0.00000 tp: 0.00000
0	00:28:08.674	'120010550': order was opened : #10927735 sell 0.01 AUDUSD. at 0.69451 sl: 0.00000 tp: 0.00000
2	00:32:06.440	Custom indicator MACD-2x USDXXX,H4: removed
2	00:32:06.440	Custom indicator MACD-2x USDXXX,H4: removed
2	00:32:06.440	Custom indicator Laguerre-ACS1 USDXXX,H4: removed
2	00:32:06.440	Custom indicator MACD-2x EURAUD.,H4: removed
2	00:32:06.456	Custom indicator MACD-2x EURAUD.,H4: removed
2	00:32:06.456	Custom indicator Laguerre-ACS1 EURAUD.,H4: removed
2	00:32:06.476	Custom indicator MACD-2x XAUUSD.,H4: removed
2	00:32:06.477	Custom indicator MACD-2x XAUUSD.,H4: removed
2	00:32:06.477	Custom indicator Laguerre-ACS1 XAUUSD.,H4: removed
2	00:32:06.509	Custom indicator MACD-2x XAGUSD.,H4: removed
2	00:32:06.510	Custom indicator MACD-2x XAGUSD.,H4: removed
2	00:32:06.510	Custom indicator Laguerre-ACS1 XAGUSD.,H4: removed
2	00:32:06.536	Custom indicator MACD-2x US_OIL,H4: removed
2	00:32:06.538	Custom indicator MACD-2x US_OIL,H4: removed
2	00:32:06.538	Custom indicator Laguerre-ACS1 US_OIL,H4: removed
2	00:32:06.557	Custom indicator span_model JP225,H4: removed
2	00:32:06.559	Custom indicator MACD-2x JP225,H4: removed
2	00:32:06.561	Custom indicator MACD-2x JP225,H4: removed
2	00:32:06.561	Custom indicator Laguerre-ACS1 JP225,H4: removed
2	00:32:06.583	Custom indicator span_model SPX500,H4: removed
2	00:32:06.585	Custom indicator MACD-2x SPX500,H4: removed
2	00:32:06.587	Custom indicator MACD-2x SPX500,H4: removed
2	00:32:06.587	Custom indicator Laguerre-ACS1 SPX500,H4: removed
2	00:32:06.607	Custom indicator MACD-2x NDX100,Daily: removed
2	00:32:06.609	Custom indicator MACD-2x NDX100,Daily: removed
2	00:32:06.609	Custom indicator Laguerre-ACS1 NDX100,Daily: removed
2	00:32:06.617	Custom indicator MACD-2x USDJPY.,H4: removed
2	00:32:06.618	Custom indicator MACD-2x USDJPY.,H4: removed
2	00:32:06.618	Custom indicator Laguerre-ACS1 USDJPY.,H4: removed
2	00:32:06.624	Custom indicator MACD-2x EURJPY.,H4: removed
2	00:32:06.625	Custom indicator MACD-2x EURJPY.,H4: removed
2	00:32:06.626	Custom indicator Laguerre-ACS1 EURJPY.,H4: removed
2	00:32:06.642	Custom indicator MACD-2x EURUSD.,H4: removed
2	00:32:06.644	Custom indicator MACD-2x EURUSD.,H4: removed
2	00:32:06.644	Custom indicator Laguerre-ACS1 EURUSD.,H4: removed
2	00:32:06.650	Custom indicator MACD-2x GBPUSD.,H4: removed
2	00:32:06.652	Custom indicator MACD-2x GBPUSD.,H4: removed
2	00:32:06.652	Custom indicator Laguerre-ACS1 GBPUSD.,H4: removed
2	00:32:06.667	Custom indicator MACD-2x AUDUSD.,H4: removed
2	00:32:06.668	Custom indicator MACD-2x AUDUSD.,H4: removed
2	00:32:06.669	Custom indicator Laguerre-ACS1 AUDUSD.,H4: removed
2	00:32:06.673	Custom indicator MACD-2x USDCHF.,H4: removed
2	00:32:06.675	Custom indicator MACD-2x USDCHF.,H4: removed
2	00:32:06.675	Custom indicator Laguerre-ACS1 USDCHF.,H4: removed
2	00:32:06.681	Custom indicator MACD-2x USDCAD.,Daily: removed
2	00:32:06.682	Custom indicator MACD-2x USDCAD.,Daily: removed
2	00:32:06.683	Custom indicator Laguerre-ACS1 USDCAD.,Daily: removed
2	00:32:06.691	Custom indicator MACD-2x AUDJPY.,H4: removed
2	00:32:06.692	Custom indicator MACD-2x AUDJPY.,H4: removed
2	00:32:06.692	Custom indicator Laguerre-ACS1 AUDJPY.,H4: removed
0	00:32:07.109	FX Trader build 1170 stopped
0	19:24:02.747	FX Trader build 1170 started (Performance Ronnaru Capital Ltd.)
0	19:24:02.749	Windows 10 Home x64, IE 11, UAC, 8 x Intel Core i7-6700HQ  @ 2.60GHz, Memory: 27473 / 32639 Mb, Disk: 139 / 264 Gb, GMT+9
0	19:24:02.749	Data Folder: C:\Users\tiany\AppData\Roaming\MetaQuotes\Terminal\79214103E7A6FC97F86082D309D0B84B
2	19:24:06.931	Custom indicator MACD-2x USDXXX,H4: loaded successfully
2	19:24:06.967	Custom indicator MACD-2x USDXXX,H4: loaded successfully
2	19:24:07.086	Custom indicator Laguerre-ACS1 USDXXX,H4: loaded successfully
2	19:24:07.238	Custom indicator MACD-2x XAUUSD.,H4: loaded successfully
2	19:24:07.262	Custom indicator MACD-2x XAUUSD.,H4: loaded successfully
2	19:24:07.343	Custom indicator Laguerre-ACS1 XAUUSD.,H4: loaded successfully
2	19:24:07.534	Custom indicator MACD-2x XAGUSD.,H4: loaded successfully
2	19:24:07.561	Custom indicator MACD-2x XAGUSD.,H4: loaded successfully
2	19:24:07.646	Custom indicator Laguerre-ACS1 XAGUSD.,H4: loaded successfully
2	19:24:07.828	Custom indicator MACD-2x US_OIL,H4: loaded successfully
2	19:24:07.848	Custom indicator MACD-2x US_OIL,H4: loaded successfully
2	19:24:07.929	Custom indicator Laguerre-ACS1 US_OIL,H4: loaded successfully
2	19:24:08.100	Custom indicator span_model JP225,H4: loaded successfully
2	19:24:08.110	Custom indicator MACD-2x JP225,H4: loaded successfully
2	19:24:08.121	Custom indicator MACD-2x JP225,H4: loaded successfully
2	19:24:08.192	Custom indicator Laguerre-ACS1 JP225,H4: loaded successfully
2	19:24:08.368	Custom indicator span_model SPX500,H4: loaded successfully
2	19:24:08.379	Custom indicator MACD-2x SPX500,H4: loaded successfully
2	19:24:08.388	Custom indicator MACD-2x SPX500,H4: loaded successfully
2	19:24:08.459	Custom indicator Laguerre-ACS1 SPX500,H4: loaded successfully
2	19:24:08.553	Custom indicator MACD-2x NDX100,Daily: loaded successfully
2	19:24:08.564	Custom indicator MACD-2x NDX100,Daily: loaded successfully
2	19:24:08.690	Custom indicator Laguerre-ACS1 NDX100,Daily: loaded successfully
2	19:24:08.761	Custom indicator MACD-2x AUDJPY.,H4: loaded successfully
2	19:24:08.773	Custom indicator MACD-2x AUDJPY.,H4: loaded successfully
2	19:24:08.909	Custom indicator Laguerre-ACS1 AUDJPY.,H4: loaded successfully
2	19:24:08.982	Custom indicator MACD-2x AUDUSD.,H4: loaded successfully
2	19:24:08.993	Custom indicator MACD-2x AUDUSD.,H4: loaded successfully
2	19:24:09.065	Custom indicator Laguerre-ACS1 AUDUSD.,H4: loaded successfully
2	19:24:09.141	Custom indicator MACD-2x USDJPY.,H4: loaded successfully
2	19:24:09.156	Custom indicator MACD-2x USDJPY.,H4: loaded successfully
2	19:24:09.266	Custom indicator Laguerre-ACS1 USDJPY.,H4: loaded successfully
2	19:24:09.364	Custom indicator MACD-2x EURJPY.,H4: loaded successfully
2	19:24:09.381	Custom indicator MACD-2x EURJPY.,H4: loaded successfully
2	19:24:09.506	Custom indicator Laguerre-ACS1 EURJPY.,H4: loaded successfully
2	19:24:09.706	Custom indicator MACD-2x EURUSD.,H4: loaded successfully
2	19:24:09.730	Custom indicator MACD-2x EURUSD.,H4: loaded successfully
2	19:24:09.853	Custom indicator Laguerre-ACS1 EURUSD.,H4: loaded successfully
2	19:24:10.037	Custom indicator MACD-2x GBPUSD.,H4: loaded successfully
2	19:24:10.061	Custom indicator MACD-2x GBPUSD.,H4: loaded successfully
2	19:24:10.184	Custom indicator Laguerre-ACS1 GBPUSD.,H4: loaded successfully
2	19:24:10.287	Custom indicator MACD-2x USDCHF.,H4: loaded successfully
2	19:24:10.304	Custom indicator MACD-2x USDCHF.,H4: loaded successfully
2	19:24:10.425	Custom indicator Laguerre-ACS1 USDCHF.,H4: loaded successfully
2	19:24:10.525	Custom indicator MACD-2x USDCAD.,Daily: loaded successfully
2	19:24:10.541	Custom indicator MACD-2x USDCAD.,Daily: loaded successfully
2	19:24:10.666	Custom indicator Laguerre-ACS1 USDCAD.,Daily: loaded successfully
2	19:24:10.774	Custom indicator MACD-2x EURAUD.,H4: loaded successfully
2	19:24:10.791	Custom indicator MACD-2x EURAUD.,H4: loaded successfully
2	19:24:10.918	Custom indicator Laguerre-ACS1 EURAUD.,H4: loaded successfully
1	19:24:13.048	'120010550': connect failed [No connection]
1	19:24:13.118	MQL5.community: authorization failed
1	19:24:13.657	MQL5.community: authorization failed
0	19:27:06.667	'120010550': login on PRC-Live through Server 3 (ping: 59.23 ms)
0	19:27:07.559	'120010550': login datacenter on PRC-Live through Server 3 (ping: 59.23 ms)
0	19:27:08.185	'120010550': previous successful authorization performed from 106.181.134.206
0	19:27:30.988	'120010550': ping to current access point Server 3 is 44.36 ms
2	19:28:09.831	Custom indicator MACD-2x USDJPY,M5: loaded successfully
2	19:28:32.072	Custom indicator MACD-2x USDJPY,M5: removed
2	19:28:32.083	Custom indicator MACD-2x USDJPY,M5: loaded successfully
2	19:28:32.094	Custom indicator MACD-2x USDJPY,M5: loaded successfully
2	19:28:32.167	Custom indicator Laguerre-ACS1 USDJPY,M5: loaded successfully
2	20:03:22.358	Custom indicator span_model JP225,M5: removed
2	20:03:22.360	Custom indicator MACD-2x JP225,M5: removed
2	20:03:22.361	Custom indicator MACD-2x JP225,M5: removed
2	20:03:22.362	Custom indicator Laguerre-ACS1 JP225,M5: removed
2	20:03:22.466	Custom indicator span_model JP225,M5: loaded successfully
2	20:03:22.477	Custom indicator MACD-2x JP225,M5: loaded successfully
2	20:03:22.489	Custom indicator MACD-2x JP225,M5: loaded successfully
2	20:03:22.599	Custom indicator Laguerre-ACS1 JP225,M5: loaded successfully
2	20:04:03.123	Custom indicator MACD-2x XAGUSD.,H1: removed
2	20:04:03.125	Custom indicator MACD-2x XAGUSD.,H1: removed
2	20:04:03.125	Custom indicator Laguerre-ACS1 XAGUSD.,H1: removed
2	20:04:08.939	Custom indicator span_model XAGUSD.,H1: loaded successfully
2	20:04:08.949	Custom indicator MACD-2x XAGUSD.,H1: loaded successfully
2	20:04:08.959	Custom indicator MACD-2x XAGUSD.,H1: loaded successfully
2	20:04:09.034	Custom indicator Laguerre-ACS1 XAGUSD.,H1: loaded successfully
1	20:21:04.564	'120010550': ping failed
0	20:21:08.194	'120010550': login on PRC-Live through Server 7 (ping: 41.03 ms)
0	20:21:08.772	'120010550': login datacenter on PRC-Live through Server 7 (ping: 41.03 ms)
0	20:21:09.148	'120010550': previous successful authorization performed from 106.133.91.203
2	21:01:31.065	Custom indicator SupResZone_MTF USDJPY.,H1: loaded successfully
0	21:03:00.430	Sources recompilation started
2	21:03:10.781	Custom indicator SupResZone_MTF USDJPY.,H1: removed
2	21:03:18.916	Custom indicator GMMA Long USDJPY.,H1: loaded successfully
2	21:03:22.627	Custom indicator GMMA Short USDJPY.,H1: loaded successfully
2	21:03:51.839	Custom indicator 23MTF_MovingAverageIGOR USDJPY.,M5: loaded successfully
2	21:04:31.136	Custom indicator 23MTF_MovingAverageIGOR USDJPY.,M5: loaded successfully
2	21:05:26.680	Custom indicator SupResZone_MTF USDJPY.,M5: loaded successfully
2	21:16:43.569	Custom indicator MACD-2x USDJPY.,H1: loaded successfully
1	21:26:23.563	'120010550': ping failed
0	21:26:27.483	'120010550': login on PRC-Live through Server 5 (ping: 147.72 ms)
0	21:26:29.936	'120010550': login datacenter on PRC-Live through Server 5 (ping: 147.72 ms)
0	21:26:30.545	'120010550': previous successful authorization performed from 106.133.91.203
2	21:26:46.245	Custom indicator MACD-2x USDXXX,H4: removed
2	21:26:46.246	Custom indicator MACD-2x USDXXX,H4: removed
2	21:26:46.247	Custom indicator Laguerre-ACS1 USDXXX,H4: removed
2	21:26:46.256	Custom indicator MACD-2x XAUUSD.,H1: removed
2	21:26:46.258	Custom indicator MACD-2x XAUUSD.,H1: removed
2	21:26:46.259	Custom indicator Laguerre-ACS1 XAUUSD.,H1: removed
2	21:26:46.266	Custom indicator span_model XAGUSD.,H1: removed
2	21:26:46.268	Custom indicator MACD-2x XAGUSD.,H1: removed
2	21:26:46.270	Custom indicator MACD-2x XAGUSD.,H1: removed
2	21:26:46.270	Custom indicator Laguerre-ACS1 XAGUSD.,H1: removed
2	21:26:46.278	Custom indicator MACD-2x US_OIL,H4: removed
2	21:26:46.280	Custom indicator MACD-2x US_OIL,H4: removed
2	21:26:46.280	Custom indicator Laguerre-ACS1 US_OIL,H4: removed
2	21:26:46.286	Custom indicator span_model JP225,M5: removed
2	21:26:46.289	Custom indicator MACD-2x JP225,M5: removed
2	21:26:46.291	Custom indicator MACD-2x JP225,M5: removed
2	21:26:46.291	Custom indicator Laguerre-ACS1 JP225,M5: removed
2	21:26:46.298	Custom indicator span_model SPX500,M5: removed
2	21:26:46.300	Custom indicator MACD-2x SPX500,M5: removed
2	21:26:46.303	Custom indicator MACD-2x SPX500,M5: removed
2	21:26:46.303	Custom indicator Laguerre-ACS1 SPX500,M5: removed
2	21:26:46.309	Custom indicator MACD-2x NDX100,Daily: removed
2	21:26:46.311	Custom indicator MACD-2x NDX100,Daily: removed
2	21:26:46.311	Custom indicator Laguerre-ACS1 NDX100,Daily: removed
2	21:26:46.324	Custom indicator MACD-2x AUDJPY.,H4: removed
2	21:26:46.326	Custom indicator MACD-2x AUDJPY.,H4: removed
2	21:26:46.326	Custom indicator Laguerre-ACS1 AUDJPY.,H4: removed
2	21:26:46.334	Custom indicator MACD-2x AUDUSD.,H4: removed
2	21:26:46.336	Custom indicator MACD-2x AUDUSD.,H4: removed
2	21:26:46.337	Custom indicator Laguerre-ACS1 AUDUSD.,H4: removed
2	21:26:46.345	Custom indicator MACD-2x USDJPY.,M5: removed
2	21:26:46.347	Custom indicator MACD-2x USDJPY.,M5: removed
2	21:26:46.347	Custom indicator Laguerre-ACS1 USDJPY.,M5: removed
2	21:26:46.355	Custom indicator MACD-2x EURJPY.,H4: removed
2	21:26:46.357	Custom indicator MACD-2x EURJPY.,H4: removed
2	21:26:46.357	Custom indicator Laguerre-ACS1 EURJPY.,H4: removed
2	21:26:46.364	Custom indicator MACD-2x EURUSD.,H4: removed
2	21:26:46.366	Custom indicator MACD-2x EURUSD.,H4: removed
2	21:26:46.367	Custom indicator Laguerre-ACS1 EURUSD.,H4: removed
2	21:26:46.374	Custom indicator MACD-2x GBPUSD.,H4: removed
2	21:26:46.376	Custom indicator MACD-2x GBPUSD.,H4: removed
2	21:26:46.376	Custom indicator Laguerre-ACS1 GBPUSD.,H4: removed
2	21:26:46.383	Custom indicator MACD-2x USDCHF.,H4: removed
2	21:26:46.386	Custom indicator MACD-2x USDCHF.,H4: removed
2	21:26:46.386	Custom indicator Laguerre-ACS1 USDCHF.,H4: removed
2	21:26:46.394	Custom indicator MACD-2x USDCAD.,Daily: removed
2	21:26:46.396	Custom indicator MACD-2x USDCAD.,Daily: removed
2	21:26:46.396	Custom indicator Laguerre-ACS1 USDCAD.,Daily: removed
2	21:26:46.404	Custom indicator MACD-2x EURAUD.,H4: removed
2	21:26:46.406	Custom indicator MACD-2x EURAUD.,H4: removed
2	21:26:46.406	Custom indicator Laguerre-ACS1 EURAUD.,H4: removed
2	21:26:46.412	Custom indicator MACD-2x USDJPY,M5: removed
2	21:26:46.414	Custom indicator MACD-2x USDJPY,M5: removed
2	21:26:46.414	Custom indicator Laguerre-ACS1 USDJPY,M5: removed
2	21:26:46.426	Custom indicator GMMA Long USDJPY.,M5: removed
2	21:26:46.428	Custom indicator GMMA Short USDJPY.,M5: removed
2	21:26:46.430	Custom indicator 23MTF_MovingAverageIGOR USDJPY.,M5: removed
2	21:26:46.431	Custom indicator 23MTF_MovingAverageIGOR USDJPY.,M5: removed
2	21:26:46.433	Custom indicator SupResZone_MTF USDJPY.,M5: removed
2	21:26:46.435	Custom indicator MACD-2x USDJPY.,M5: removed
0	21:26:46.776	'120010550': auto connecting to a better access point Server 3 (ping is 47.25 ms)
0	21:26:47.252	FX Trader build 1170 stopped
