2	00:17:48.594	Custom indicator SupResZone_MTF USDXXX,Daily: removed
2	00:17:48.595	Custom indicator SupResZone_MTF USDXXX,Daily: removed
2	00:17:48.597	Custom indicator SupResZone_MTF USDXXX,Daily: removed
2	00:17:48.599	Custom indicator SupResZone_MTF USDXXX,Daily: removed
2	00:17:48.601	Custom indicator MACD-2x USDXXX,Daily: removed
2	00:17:48.601	Custom indicator Laguerre-ACS1 USDXXX,Daily: removed
2	00:17:48.608	Custom indicator SupResZone_MTF XAUUSD.,H4: removed
2	00:17:48.609	Custom indicator SupResZone_MTF XAUUSD.,H4: removed
2	00:17:48.611	Custom indicator SupResZone_MTF XAUUSD.,H4: removed
2	00:17:48.612	Custom indicator SupResZone_MTF XAUUSD.,H4: removed
2	00:17:48.614	Custom indicator MACD-2x XAUUSD.,H4: removed
2	00:17:48.614	Custom indicator Laguerre-ACS1 XAUUSD.,H4: removed
2	00:17:48.621	Custom indicator SupResZone_MTF XAGUSD.,H4: removed
2	00:17:48.623	Custom indicator SupResZone_MTF XAGUSD.,H4: removed
2	00:17:48.624	Custom indicator SupResZone_MTF XAGUSD.,H4: removed
2	00:17:48.626	Custom indicator SupResZone_MTF XAGUSD.,H4: removed
2	00:17:48.627	Custom indicator MACD-2x XAGUSD.,H4: removed
2	00:17:48.627	Custom indicator Laguerre-ACS1 XAGUSD.,H4: removed
2	00:17:48.633	Custom indicator SupResZone_MTF US_OIL,H4: removed
2	00:17:48.635	Custom indicator SupResZone_MTF US_OIL,H4: removed
2	00:17:48.638	Custom indicator SupResZone_MTF US_OIL,H4: removed
2	00:17:48.639	Custom indicator SupResZone_MTF US_OIL,H4: removed
2	00:17:48.641	Custom indicator MACD-2x US_OIL,H4: removed
2	00:17:48.641	Custom indicator Laguerre-ACS1 US_OIL,H4: removed
2	00:17:48.647	Custom indicator SupResZone_MTF JP225,H4: removed
2	00:17:48.649	Custom indicator SupResZone_MTF JP225,H4: removed
2	00:17:48.651	Custom indicator SupResZone_MTF JP225,H4: removed
2	00:17:48.653	Custom indicator SupResZone_MTF JP225,H4: removed
2	00:17:48.655	Custom indicator MACD-2x JP225,H4: removed
2	00:17:48.655	Custom indicator Laguerre-ACS1 JP225,H4: removed
2	00:17:48.661	Custom indicator SupResZone_MTF SPX500,H4: removed
2	00:17:48.664	Custom indicator SupResZone_MTF SPX500,H4: removed
2	00:17:48.665	Custom indicator SupResZone_MTF SPX500,H4: removed
2	00:17:48.667	Custom indicator SupResZone_MTF SPX500,H4: removed
2	00:17:48.670	Custom indicator MACD-2x SPX500,H4: removed
2	00:17:48.671	Custom indicator Laguerre-ACS1 SPX500,H4: removed
2	00:17:48.679	Custom indicator SupResZone_MTF EURAUD.,H4: removed
2	00:17:48.680	Custom indicator SupResZone_MTF EURAUD.,H4: removed
2	00:17:48.682	Custom indicator SupResZone_MTF EURAUD.,H4: removed
2	00:17:48.684	Custom indicator SupResZone_MTF EURAUD.,H4: removed
2	00:17:48.687	Custom indicator MACD-2x EURAUD.,H4: removed
2	00:17:48.687	Custom indicator Laguerre-ACS1 EURAUD.,H4: removed
2	00:17:48.694	Custom indicator SupResZone_MTF AUDJPY.,H4: removed
2	00:17:48.696	Custom indicator SupResZone_MTF AUDJPY.,H4: removed
2	00:17:48.698	Custom indicator SupResZone_MTF AUDJPY.,H4: removed
2	00:17:48.699	Custom indicator SupResZone_MTF AUDJPY.,H4: removed
2	00:17:48.702	Custom indicator MACD-2x AUDJPY.,H4: removed
2	00:17:48.702	Custom indicator Laguerre-ACS1 AUDJPY.,H4: removed
2	00:17:48.708	Custom indicator SupResZone_MTF AUDUSD.,H4: removed
2	00:17:48.710	Custom indicator SupResZone_MTF AUDUSD.,H4: removed
2	00:17:48.711	Custom indicator SupResZone_MTF AUDUSD.,H4: removed
2	00:17:48.713	Custom indicator SupResZone_MTF AUDUSD.,H4: removed
2	00:17:48.714	Custom indicator MACD-2x AUDUSD.,H4: removed
2	00:17:48.714	Custom indicator Laguerre-ACS1 AUDUSD.,H4: removed
2	00:17:48.721	Custom indicator SupResZone_MTF USDJPY.,H4: removed
2	00:17:48.723	Custom indicator SupResZone_MTF USDJPY.,H4: removed
2	00:17:48.725	Custom indicator SupResZone_MTF USDJPY.,H4: removed
2	00:17:48.726	Custom indicator SupResZone_MTF USDJPY.,H4: removed
2	00:17:48.728	Custom indicator MACD-2x USDJPY.,H4: removed
2	00:17:48.728	Custom indicator Laguerre-ACS1 USDJPY.,H4: removed
2	00:17:48.734	Custom indicator SupResZone_MTF EURJPY.,H4: removed
2	00:17:48.737	Custom indicator SupResZone_MTF EURJPY.,H4: removed
2	00:17:48.739	Custom indicator SupResZone_MTF EURJPY.,H4: removed
2	00:17:48.741	Custom indicator SupResZone_MTF EURJPY.,H4: removed
2	00:17:48.742	Custom indicator MACD-2x EURJPY.,H4: removed
2	00:17:48.742	Custom indicator Laguerre-ACS1 EURJPY.,H4: removed
2	00:17:48.749	Custom indicator SupResZone_MTF EURUSD.,H4: removed
2	00:17:48.751	Custom indicator SupResZone_MTF EURUSD.,H4: removed
2	00:17:48.754	Custom indicator SupResZone_MTF EURUSD.,H4: removed
2	00:17:48.755	Custom indicator SupResZone_MTF EURUSD.,H4: removed
2	00:17:48.757	Custom indicator MACD-2x EURUSD.,H4: removed
2	00:17:48.757	Custom indicator Laguerre-ACS1 EURUSD.,H4: removed
2	00:17:48.777	Custom indicator SupResZone_MTF GBPJPY.,H4: removed
2	00:17:48.779	Custom indicator SupResZone_MTF GBPJPY.,H4: removed
2	00:17:48.780	Custom indicator SupResZone_MTF GBPJPY.,H4: removed
2	00:17:48.782	Custom indicator SupResZone_MTF GBPJPY.,H4: removed
2	00:17:48.784	Custom indicator MACD-2x GBPJPY.,H4: removed
2	00:17:48.784	Custom indicator Laguerre-ACS1 GBPJPY.,H4: removed
2	00:17:48.805	Custom indicator SupResZone_MTF GBPUSD.,H4: removed
2	00:17:48.807	Custom indicator SupResZone_MTF GBPUSD.,H4: removed
2	00:17:48.808	Custom indicator SupResZone_MTF GBPUSD.,H4: removed
2	00:17:48.810	Custom indicator SupResZone_MTF GBPUSD.,H4: removed
2	00:17:48.811	Custom indicator MACD-2x GBPUSD.,H4: removed
2	00:17:48.811	Custom indicator Laguerre-ACS1 GBPUSD.,H4: removed
2	00:17:48.830	Custom indicator SupResZone_MTF USDCAD.,H4: removed
2	00:17:48.832	Custom indicator SupResZone_MTF USDCAD.,H4: removed
2	00:17:48.834	Custom indicator SupResZone_MTF USDCAD.,H4: removed
2	00:17:48.836	Custom indicator SupResZone_MTF USDCAD.,H4: removed
2	00:17:48.837	Custom indicator MACD-2x USDCAD.,H4: removed
2	00:17:48.837	Custom indicator Laguerre-ACS1 USDCAD.,H4: removed
2	00:17:48.858	Custom indicator SupResZone_MTF USDCHF.,H4: removed
2	00:17:48.860	Custom indicator SupResZone_MTF USDCHF.,H4: removed
2	00:17:48.862	Custom indicator SupResZone_MTF USDCHF.,H4: removed
2	00:17:48.864	Custom indicator SupResZone_MTF USDCHF.,H4: removed
2	00:17:48.865	Custom indicator MACD-2x USDCHF.,H4: removed
2	00:17:48.865	Custom indicator Laguerre-ACS1 USDCHF.,H4: removed
2	00:17:48.873	Custom indicator SupResZone_MTF USDCNH,Daily: removed
2	00:17:48.875	Custom indicator SupResZone_MTF USDCNH,Daily: removed
2	00:17:48.877	Custom indicator SupResZone_MTF USDCNH,Daily: removed
2	00:17:48.879	Custom indicator SupResZone_MTF USDCNH,Daily: removed
2	00:17:48.881	Custom indicator MACD-2x USDCNH,Daily: removed
2	00:17:48.881	Custom indicator Laguerre-ACS1 USDCNH,Daily: removed
2	00:17:48.899	Custom indicator GMMA Long USDJPY.,H4: removed
2	00:17:48.902	Custom indicator GMMA Short USDJPY.,H4: removed
2	00:17:48.904	Custom indicator 23MTF_MovingAverageIGOR USDJPY.,H4: removed
2	00:17:48.905	Custom indicator 23MTF_MovingAverageIGOR USDJPY.,H4: removed
2	00:17:48.907	Custom indicator SupResZone_MTF USDJPY.,H4: removed
2	00:17:48.908	Custom indicator SupResZone_MTF USDJPY.,H4: removed
2	00:17:48.911	Custom indicator MACD-2x USDJPY.,H4: removed
2	00:17:48.921	Custom indicator SupResZone_MTF CHINA300,Daily: removed
2	00:17:48.922	Custom indicator SupResZone_MTF CHINA300,Daily: removed
2	00:17:48.924	Custom indicator SupResZone_MTF CHINA300,Daily: removed
2	00:17:48.925	Custom indicator SupResZone_MTF CHINA300,Daily: removed
2	00:17:48.928	Custom indicator MACD-2x CHINA300,Daily: removed
2	00:17:48.928	Custom indicator Laguerre-ACS1 CHINA300,Daily: removed
0	00:17:49.503	FX Trader build 1170 stopped
0	19:26:22.095	FX Trader build 1170 started (Performance Ronnaru Capital Ltd.)
0	19:26:22.096	Windows 10 Home x64, IE 11, UAC, 8 x Intel Core i7-6700HQ  @ 2.60GHz, Memory: 27797 / 32639 Mb, Disk: 137 / 264 Gb, GMT+8
0	19:26:22.096	Data Folder: C:\Users\tiany\AppData\Roaming\MetaQuotes\Terminal\79214103E7A6FC97F86082D309D0B84B
2	19:26:24.961	Custom indicator SupResZone_MTF USDXXX,Daily: loaded successfully
2	19:26:24.977	Custom indicator SupResZone_MTF USDXXX,Daily: loaded successfully
2	19:26:24.993	Custom indicator SupResZone_MTF USDXXX,Daily: loaded successfully
2	19:26:25.007	Custom indicator SupResZone_MTF USDXXX,Daily: loaded successfully
2	19:26:25.023	Custom indicator MACD-2x USDXXX,Daily: loaded successfully
2	19:26:25.210	Custom indicator Laguerre-ACS1 USDXXX,Daily: loaded successfully
2	19:26:25.482	Custom indicator SupResZone_MTF XAUUSD.,H4: loaded successfully
2	19:26:25.498	Custom indicator SupResZone_MTF XAUUSD.,H4: loaded successfully
2	19:26:25.516	Custom indicator SupResZone_MTF XAUUSD.,H4: loaded successfully
2	19:26:25.532	Custom indicator SupResZone_MTF XAUUSD.,H4: loaded successfully
2	19:26:25.549	Custom indicator MACD-2x XAUUSD.,H4: loaded successfully
2	19:26:25.717	Custom indicator Laguerre-ACS1 XAUUSD.,H4: loaded successfully
2	19:26:26.086	Custom indicator SupResZone_MTF XAGUSD.,H4: loaded successfully
2	19:26:26.103	Custom indicator SupResZone_MTF XAGUSD.,H4: loaded successfully
2	19:26:26.124	Custom indicator SupResZone_MTF XAGUSD.,H4: loaded successfully
2	19:26:26.145	Custom indicator SupResZone_MTF XAGUSD.,H4: loaded successfully
2	19:26:26.167	Custom indicator MACD-2x XAGUSD.,H4: loaded successfully
2	19:26:26.292	Custom indicator Laguerre-ACS1 XAGUSD.,H4: loaded successfully
2	19:26:26.594	Custom indicator SupResZone_MTF US_OIL,H4: loaded successfully
2	19:26:26.608	Custom indicator SupResZone_MTF US_OIL,H4: loaded successfully
2	19:26:26.623	Custom indicator SupResZone_MTF US_OIL,H4: loaded successfully
2	19:26:26.637	Custom indicator SupResZone_MTF US_OIL,H4: loaded successfully
2	19:26:26.655	Custom indicator MACD-2x US_OIL,H4: loaded successfully
2	19:26:26.802	Custom indicator Laguerre-ACS1 US_OIL,H4: loaded successfully
2	19:26:27.099	Custom indicator SupResZone_MTF JP225,H4: loaded successfully
2	19:26:27.113	Custom indicator SupResZone_MTF JP225,H4: loaded successfully
2	19:26:27.130	Custom indicator SupResZone_MTF JP225,H4: loaded successfully
2	19:26:27.146	Custom indicator SupResZone_MTF JP225,H4: loaded successfully
2	19:26:27.161	Custom indicator MACD-2x JP225,H4: loaded successfully
2	19:26:27.274	Custom indicator Laguerre-ACS1 JP225,H4: loaded successfully
2	19:26:27.559	Custom indicator SupResZone_MTF SPX500,H4: loaded successfully
2	19:26:27.570	Custom indicator SupResZone_MTF SPX500,H4: loaded successfully
2	19:26:27.581	Custom indicator SupResZone_MTF SPX500,H4: loaded successfully
2	19:26:27.593	Custom indicator SupResZone_MTF SPX500,H4: loaded successfully
2	19:26:27.605	Custom indicator MACD-2x SPX500,H4: loaded successfully
2	19:26:27.714	Custom indicator Laguerre-ACS1 SPX500,H4: loaded successfully
2	19:26:27.997	Custom indicator SupResZone_MTF EURAUD.,H4: loaded successfully
2	19:26:28.010	Custom indicator SupResZone_MTF EURAUD.,H4: loaded successfully
2	19:26:28.024	Custom indicator SupResZone_MTF EURAUD.,H4: loaded successfully
2	19:26:28.035	Custom indicator SupResZone_MTF EURAUD.,H4: loaded successfully
2	19:26:28.047	Custom indicator MACD-2x EURAUD.,H4: loaded successfully
2	19:26:28.147	Custom indicator Laguerre-ACS1 EURAUD.,H4: loaded successfully
2	19:26:28.402	Custom indicator SupResZone_MTF AUDJPY.,H4: loaded successfully
2	19:26:28.417	Custom indicator SupResZone_MTF AUDJPY.,H4: loaded successfully
2	19:26:28.431	Custom indicator SupResZone_MTF AUDJPY.,H4: loaded successfully
2	19:26:28.442	Custom indicator SupResZone_MTF AUDJPY.,H4: loaded successfully
2	19:26:28.455	Custom indicator MACD-2x AUDJPY.,H4: loaded successfully
2	19:26:28.537	Custom indicator Laguerre-ACS1 AUDJPY.,H4: loaded successfully
2	19:26:28.796	Custom indicator SupResZone_MTF AUDUSD.,H4: loaded successfully
2	19:26:28.808	Custom indicator SupResZone_MTF AUDUSD.,H4: loaded successfully
2	19:26:28.820	Custom indicator SupResZone_MTF AUDUSD.,H4: loaded successfully
2	19:26:28.832	Custom indicator SupResZone_MTF AUDUSD.,H4: loaded successfully
2	19:26:28.844	Custom indicator MACD-2x AUDUSD.,H4: loaded successfully
2	19:26:28.953	Custom indicator Laguerre-ACS1 AUDUSD.,H4: loaded successfully
2	19:26:29.183	Custom indicator SupResZone_MTF USDJPY.,H4: loaded successfully
2	19:26:29.196	Custom indicator SupResZone_MTF USDJPY.,H4: loaded successfully
2	19:26:29.207	Custom indicator SupResZone_MTF USDJPY.,H4: loaded successfully
2	19:26:29.218	Custom indicator SupResZone_MTF USDJPY.,H4: loaded successfully
2	19:26:29.229	Custom indicator MACD-2x USDJPY.,H4: loaded successfully
2	19:26:29.310	Custom indicator Laguerre-ACS1 USDJPY.,H4: loaded successfully
2	19:26:29.559	Custom indicator SupResZone_MTF EURJPY.,H4: loaded successfully
2	19:26:29.570	Custom indicator SupResZone_MTF EURJPY.,H4: loaded successfully
2	19:26:29.582	Custom indicator SupResZone_MTF EURJPY.,H4: loaded successfully
2	19:26:29.593	Custom indicator SupResZone_MTF EURJPY.,H4: loaded successfully
2	19:26:29.604	Custom indicator MACD-2x EURJPY.,H4: loaded successfully
2	19:26:29.690	Custom indicator Laguerre-ACS1 EURJPY.,H4: loaded successfully
2	19:26:29.901	Custom indicator SupResZone_MTF EURUSD.,H4: loaded successfully
2	19:26:29.914	Custom indicator SupResZone_MTF EURUSD.,H4: loaded successfully
2	19:26:29.927	Custom indicator SupResZone_MTF EURUSD.,H4: loaded successfully
2	19:26:29.939	Custom indicator SupResZone_MTF EURUSD.,H4: loaded successfully
2	19:26:29.951	Custom indicator MACD-2x EURUSD.,H4: loaded successfully
2	19:26:30.031	Custom indicator Laguerre-ACS1 EURUSD.,H4: loaded successfully
2	19:26:30.239	Custom indicator SupResZone_MTF GBPJPY.,H4: loaded successfully
2	19:26:30.250	Custom indicator SupResZone_MTF GBPJPY.,H4: loaded successfully
2	19:26:30.261	Custom indicator SupResZone_MTF GBPJPY.,H4: loaded successfully
2	19:26:30.271	Custom indicator SupResZone_MTF GBPJPY.,H4: loaded successfully
2	19:26:30.281	Custom indicator MACD-2x GBPJPY.,H4: loaded successfully
2	19:26:30.360	Custom indicator Laguerre-ACS1 GBPJPY.,H4: loaded successfully
2	19:26:30.554	Custom indicator SupResZone_MTF GBPUSD.,H4: loaded successfully
2	19:26:30.567	Custom indicator SupResZone_MTF GBPUSD.,H4: loaded successfully
2	19:26:30.579	Custom indicator SupResZone_MTF GBPUSD.,H4: loaded successfully
2	19:26:30.592	Custom indicator SupResZone_MTF GBPUSD.,H4: loaded successfully
2	19:26:30.604	Custom indicator MACD-2x GBPUSD.,H4: loaded successfully
2	19:26:30.688	Custom indicator Laguerre-ACS1 GBPUSD.,H4: loaded successfully
2	19:26:30.928	Custom indicator SupResZone_MTF USDCAD.,H4: loaded successfully
2	19:26:30.942	Custom indicator SupResZone_MTF USDCAD.,H4: loaded successfully
2	19:26:30.960	Custom indicator SupResZone_MTF USDCAD.,H4: loaded successfully
2	19:26:30.974	Custom indicator SupResZone_MTF USDCAD.,H4: loaded successfully
2	19:26:30.986	Custom indicator MACD-2x USDCAD.,H4: loaded successfully
2	19:26:31.079	Custom indicator Laguerre-ACS1 USDCAD.,H4: loaded successfully
2	19:26:31.274	Custom indicator SupResZone_MTF USDCHF.,H4: loaded successfully
2	19:26:31.285	Custom indicator SupResZone_MTF USDCHF.,H4: loaded successfully
2	19:26:31.296	Custom indicator SupResZone_MTF USDCHF.,H4: loaded successfully
2	19:26:31.307	Custom indicator SupResZone_MTF USDCHF.,H4: loaded successfully
2	19:26:31.317	Custom indicator MACD-2x USDCHF.,H4: loaded successfully
2	19:26:31.403	Custom indicator Laguerre-ACS1 USDCHF.,H4: loaded successfully
2	19:26:31.620	Custom indicator SupResZone_MTF USDCNH,Daily: loaded successfully
2	19:26:31.634	Custom indicator SupResZone_MTF USDCNH,Daily: loaded successfully
2	19:26:31.646	Custom indicator SupResZone_MTF USDCNH,Daily: loaded successfully
2	19:26:31.656	Custom indicator SupResZone_MTF USDCNH,Daily: loaded successfully
2	19:26:31.669	Custom indicator MACD-2x USDCNH,Daily: loaded successfully
2	19:26:31.752	Custom indicator Laguerre-ACS1 USDCNH,Daily: loaded successfully
2	19:26:31.930	Custom indicator GMMA Long USDJPY.,H4: loaded successfully
2	19:26:31.943	Custom indicator GMMA Short USDJPY.,H4: loaded successfully
2	19:26:31.955	Custom indicator 23MTF_MovingAverageIGOR USDJPY.,H4: loaded successfully
2	19:26:31.965	Custom indicator 23MTF_MovingAverageIGOR USDJPY.,H4: loaded successfully
2	19:26:31.980	Custom indicator SupResZone_MTF USDJPY.,H4: loaded successfully
2	19:26:31.992	Custom indicator SupResZone_MTF USDJPY.,H4: loaded successfully
2	19:26:32.003	Custom indicator MACD-2x USDJPY.,H4: loaded successfully
2	19:26:32.228	Custom indicator SupResZone_MTF CHINA300,Daily: loaded successfully
2	19:26:32.239	Custom indicator SupResZone_MTF CHINA300,Daily: loaded successfully
2	19:26:32.250	Custom indicator SupResZone_MTF CHINA300,Daily: loaded successfully
2	19:26:32.261	Custom indicator SupResZone_MTF CHINA300,Daily: loaded successfully
2	19:26:32.272	Custom indicator MACD-2x CHINA300,Daily: loaded successfully
2	19:26:32.355	Custom indicator Laguerre-ACS1 CHINA300,Daily: loaded successfully
0	19:26:34.715	'120010550': login on PRC-Live through Server 8 (ping: 193.88 ms)
0	19:26:36.608	'120010550': login datacenter on PRC-Live through Server 8 (ping: 193.88 ms)
0	19:26:37.045	'120010550': previous successful authorization performed from 101.131.181.23
0	19:26:56.706	'120010550': auto connecting to a better access point Server 3 (ping is 128.10 ms)
0	19:26:57.312	'120010550': login on PRC-Live through Server 3 (ping: 128.10 ms)
0	19:26:59.574	'120010550': login datacenter on PRC-Live through Server 3 (ping: 128.10 ms)
0	19:27:00.044	'120010550': previous successful authorization performed from 101.131.181.23
0	19:27:55.320	'120010550': login on PRC-Live through Server 7 (ping: 134.47 ms)
0	19:28:21.397	'120010550': login on PRC-Live through Server 7 (ping: 134.47 ms)
0	19:28:53.850	'120010550': login on PRC-Live through Server 7 (ping: 134.47 ms)
0	19:29:24.216	'120010550': login on PRC-Live through Server 7 (ping: 134.47 ms)
0	19:30:30.438	'120010550': login on PRC-Live through Server 6 (ping: 138.42 ms)
0	19:30:57.823	'120010550': login on PRC-Live through Server 6 (ping: 138.42 ms)
0	19:31:37.060	'120010550': login on PRC-Live through Server 6 (ping: 138.42 ms)
0	19:32:07.777	'120010550': login on PRC-Live through Server 6 (ping: 138.42 ms)
0	19:32:39.073	'120010550': login on PRC-Live through Server 6 (ping: 138.42 ms)
0	19:33:06.709	'120010550': login on PRC-Live through Server 6 (ping: 138.42 ms)
0	19:33:40.404	'120010550': login on PRC-Live through Server 6 (ping: 138.42 ms)
1	19:33:52.376	'120010550': order sell stop 0.01 EURJPY. opening at 121.978 sl: 0.000 tp: 0.000 failed [No connection]
0	19:34:12.620	'120010550': login on PRC-Live through Server 6 (ping: 138.42 ms)
1	19:34:34.601	'120010550': order sell stop 0.01 EURJPY. opening at 121.693 sl: 0.000 tp: 0.000 failed [No connection]
0	19:34:45.314	'120010550': login on PRC-Live through Server 6 (ping: 138.42 ms)
0	19:35:22.396	'120010550': login on PRC-Live through Server 6 (ping: 138.42 ms)
0	19:35:30.828	'120010550': login on PRC-Live through Server 6 (ping: 138.42 ms)
0	19:35:36.172	'120010550': auto connecting to a better access point Server 7 (ping is 135.56 ms)
0	19:35:42.043	'120010550': login on PRC-Live through Server 7 (ping: 135.56 ms)
0	19:36:11.780	'120010550': login on PRC-Live through Server 1 (ping: 434.00 ms)
0	19:37:18.731	'120010550': login on PRC-Live through Server 7 (ping: 135.56 ms)
0	19:37:37.427	'120010550': auto connecting to a better access point Server 3 (ping is 164.37 ms)
0	19:37:43.425	'120010550': login on PRC-Live through Server 3 (ping: 164.37 ms)
0	19:37:45.548	'120010550': login datacenter on PRC-Live through Server 3 (ping: 164.37 ms)
0	19:37:46.173	'120010550': previous successful authorization performed from 1.180.18.117
0	20:16:21.848	'120010550': login on PRC-Live through Server 3 (ping: 164.37 ms)
0	20:17:07.000	'120010550': login on PRC-Live through Server 3 (ping: 164.37 ms)
0	20:17:13.043	'120010550': login datacenter on PRC-Live through Server 3 (ping: 164.37 ms)
0	20:17:13.650	'120010550': previous successful authorization performed from 1.180.18.101
1	20:38:10.569	'120010550': ping failed
0	20:38:23.361	'120010550': login on PRC-Live through Server 6 (ping: 152.99 ms)
0	20:38:33.076	'120010550': login datacenter on PRC-Live through Server 6 (ping: 152.99 ms)
0	20:38:33.589	'120010550': previous successful authorization performed from 101.131.181.23
1	20:38:52.534	'120010550': datacenter connecting failed [6]
0	20:39:09.507	'120010550': auto connecting to a better access point Server 3 (ping is 172.16 ms)
0	20:39:11.113	'120010550': login on PRC-Live through Server 8 (ping: 269.66 ms)
0	20:39:19.070	'120010550': login datacenter on PRC-Live through Server 8 (ping: 269.66 ms)
0	20:39:23.082	'120010550': previous successful authorization performed from 1.180.18.117
0	20:41:13.156	'120010550': close order #11058888 buy 0.01 XAGUSD. at 15.302 sl: 14.589 tp: 15.400 at price 0.000
0	20:41:13.802	'120010550': order #11058888 buy 0.01 XAGUSD. at 15.302 sl: 14.589 tp: 15.400 closed at price 15.041
0	20:42:14.621	'120010550': order sell market 0.02 EURJPY. sl: 0.000 tp: 0.000
0	20:42:17.410	'120010550': order was opened : #11061799 sell 0.02 EURJPY. at 122.197 sl: 0.000 tp: 0.000
1	20:57:57.545	'120010550': datacenter connecting failed [6]
1	20:57:57.827	'120010550': connect failed [No connection]
0	20:58:03.533	'120010550': login on PRC-Live through Server 3 (ping: 172.16 ms)
0	20:58:05.209	'120010550': login datacenter on PRC-Live through Server 3 (ping: 172.16 ms)
0	20:58:05.722	'120010550': previous successful authorization performed from 42.101.65.200
0	21:00:39.564	'120010550': login on PRC-Live through Server 6 (ping: 163.60 ms)
0	21:01:13.369	'120010550': login on PRC-Live through Server 6 (ping: 163.60 ms)
0	21:01:15.101	'120010550': login datacenter on PRC-Live through Server 6 (ping: 163.60 ms)
0	21:01:15.662	'120010550': previous successful authorization performed from 1.180.18.101
1	21:01:55.329	'120010550': ping failed
1	21:01:55.331	'120010550': datacenter connecting failed [6]
0	21:02:00.073	'120010550': login on PRC-Live through Server 1 (ping: 435.43 ms)
1	21:03:26.691	'120010550': connect failed [No connection]
0	21:04:04.216	'120010550': login on PRC-Live through Server 3 (ping: n/a)
0	21:04:10.365	'120010550': login datacenter on PRC-Live through Server 3 (ping: n/a)
0	21:04:11.033	'120010550': previous successful authorization performed from 1.180.18.117
0	21:04:54.119	'120010550': ping to current access point Server 3 is 233.92 ms
0	21:12:27.448	'120010550': modify order #11061799 sell 0.02 EURJPY. at 122.197 sl: 0.000 tp: 0.000 -> sl: 0.000 tp: 121.795
0	21:12:28.507	'120010550': order #11061799 sell 0.02 EURJPY. at 122.197 was modified -> sl: 0.000 tp: 121.795
0	21:12:32.249	'120010550': modify order #11061799 sell 0.02 EURJPY. at 122.197 sl: 0.000 tp: 121.795 -> sl: 0.000 tp: 121.838
0	21:12:33.527	'120010550': order #11061799 sell 0.02 EURJPY. at 122.197 was modified -> sl: 0.000 tp: 121.838
1	21:52:32.012	'120010550': datacenter connecting failed [6]
0	21:52:33.103	'120010550': login on PRC-Live through Server 8 (ping: 253.84 ms)
0	21:52:37.012	'120010550': login datacenter on PRC-Live through Server 8 (ping: 253.84 ms)
0	21:52:37.637	'120010550': previous successful authorization performed from 42.101.65.200
0	22:13:52.995	'120010550': modify order #11050246 buy 0.01 US_OIL at 60.02 sl: 56.02 tp: 61.00 -> sl: 50.41 tp: 61.00
0	22:13:54.102	'120010550': order #11050246 buy 0.01 US_OIL at 60.02 was modified -> sl: 50.41 tp: 61.00
0	22:50:56.433	'120010550': modify order #11050246 buy 0.01 US_OIL at 60.02 sl: 50.41 tp: 61.00 -> sl: 56.15 tp: 61.00
0	22:50:56.929	'120010550': order #11050246 buy 0.01 US_OIL at 60.02 was modified -> sl: 56.15 tp: 61.00
0	22:54:37.660	'120010550': login on PRC-Live through Server 8 (ping: 253.84 ms)
0	22:54:41.396	'120010550': login datacenter on PRC-Live through Server 8 (ping: 253.84 ms)
0	22:54:41.877	'120010550': previous successful authorization performed from 42.101.65.200
0	22:55:16.023	'120010550': auto connecting to a better access point Server 3 (ping is 117.63 ms)
0	22:55:17.239	'120010550': login on PRC-Live through Server 3 (ping: 117.63 ms)
0	22:55:20.985	'120010550': login datacenter on PRC-Live through Server 3 (ping: 117.63 ms)
0	22:55:21.494	'120010550': previous successful authorization performed from 101.131.181.23
0	23:07:41.934	'120010550': order sell market 0.01 EURAUD. sl: 0.00000 tp: 0.00000
0	23:07:47.222	'120010550': order was opened : #11062562 sell 0.01 EURAUD. at 1.61445 sl: 0.00000 tp: 0.00000
0	23:37:01.961	'120010550': order buy market 0.01 XAUUSD. sl: 0.00 tp: 0.00
0	23:37:08.054	'120010550': order was opened : #11062831 buy 0.01 XAUUSD. at 1402.65 sl: 0.00 tp: 0.00
0	23:37:17.908	'120010550': modify order #11050246 buy 0.01 US_OIL at 60.02 sl: 56.15 tp: 61.00 -> sl: 55.25 tp: 61.00
1	23:37:22.771	'120010550': datacenter connecting failed [6]
0	23:37:23.426	'120010550': login on PRC-Live through Server 6 (ping: 119.56 ms)
1	23:37:26.549	'120010550': modification of order #11050246 buy 0.01 US_OIL at 60.02 sl: 56.15 tp: 61.00 -> sl: 55.77 tp: 61.00 failed [No connection]
1	23:37:31.353	'120010550': modification of order #11050246 buy 0.01 US_OIL at 60.02 sl: 56.15 tp: 61.00 -> sl: 55.54 tp: 61.00 failed [No connection]
1	23:37:45.041	'120010550': modification of order #11062831 buy 0.01 XAUUSD. at 1402.65 sl: 0.00 tp: 0.00 -> sl: 0.00 tp: 1414.22 failed [No connection]
0	23:37:51.552	'120010550': login on PRC-Live through Server 6 (ping: 119.56 ms)
0	23:38:22.309	'120010550': login on PRC-Live through Server 6 (ping: 119.56 ms)
1	23:38:36.403	'120010550': modification of order #11061799 sell 0.02 EURJPY. at 122.197 sl: 0.000 tp: 121.838 -> sl: 122.261 tp: 121.838 failed [No connection]
0	23:38:41.306	'120010550': modify order #11061799 sell 0.02 EURJPY. at 122.197 sl: 0.000 tp: 121.838 -> sl: 122.483 tp: 121.838
0	23:39:21.508	'120010550': auto connecting to a better access point Server 3 (ping is 118.48 ms)
0	23:39:22.472	'120010550': login datacenter on PRC-Live through Server 3 (ping: 118.48 ms)
0	23:39:28.385	'120010550': login on PRC-Live through Server 3 (ping: 118.48 ms)
0	23:39:57.078	'120010550': login on PRC-Live through Server 3 (ping: 118.48 ms)
0	23:40:01.480	'120010550': modify order #11061799 sell 0.02 EURJPY. at 122.197 sl: 0.000 tp: 121.838 -> sl: 122.293 tp: 121.838
0	23:40:03.531	'120010550': login datacenter on PRC-Live through Server 3 (ping: 118.48 ms)
0	23:40:04.094	'120010550': previous successful authorization performed from 1.180.18.101
0	23:40:09.894	'120010550': modify order #11061799 sell 0.02 EURJPY. at 122.197 sl: 0.000 tp: 121.838 -> sl: 122.446 tp: 121.838
0	23:40:10.502	'120010550': order #11061799 sell 0.02 EURJPY. at 122.197 was modified -> sl: 122.446 tp: 121.838
0	23:40:13.439	'120010550': modify order #11061799 sell 0.02 EURJPY. at 122.197 sl: 122.446 tp: 121.838 -> sl: 122.145 tp: 121.838
0	23:40:14.713	'120010550': order #11061799 sell 0.02 EURJPY. at 122.197 was modified -> sl: 122.145 tp: 121.838
0	23:40:18.895	'120010550': modify order #11061799 sell 0.02 EURJPY. at 122.197 sl: 122.145 tp: 121.838 -> sl: 122.145 tp: 121.795
0	23:40:19.536	'120010550': order #11061799 sell 0.02 EURJPY. at 122.197 was modified -> sl: 122.145 tp: 121.795
0	23:40:28.663	'120010550': modify order #11058290 buy 0.02 GBPJPY. at 137.151 sl: 135.426 tp: 0.000 -> sl: 135.426 tp: 137.351
0	23:40:29.379	'120010550': order #11058290 buy 0.02 GBPJPY. at 137.151 was modified -> sl: 135.426 tp: 137.351
0	23:40:34.318	'120010550': modify order #11058290 buy 0.02 GBPJPY. at 137.151 sl: 135.426 tp: 137.351 -> sl: 135.426 tp: 136.910
0	23:40:34.974	'120010550': order #11058290 buy 0.02 GBPJPY. at 137.151 was modified -> sl: 135.426 tp: 136.910
0	23:40:40.067	'120010550': modify order #11058290 buy 0.02 GBPJPY. at 137.151 sl: 135.426 tp: 136.910 -> sl: 135.426 tp: 137.181
0	23:40:41.008	'120010550': order #11058290 buy 0.02 GBPJPY. at 137.151 was modified -> sl: 135.426 tp: 137.181
0	23:40:46.919	'120010550': modify order #11058290 buy 0.02 GBPJPY. at 137.151 sl: 135.426 tp: 137.181 -> sl: 135.291 tp: 137.181
0	23:40:48.012	'120010550': order #11058290 buy 0.02 GBPJPY. at 137.151 was modified -> sl: 135.291 tp: 137.181
0	23:40:52.173	'120010550': modify order #11058290 buy 0.02 GBPJPY. at 137.151 sl: 135.291 tp: 137.181 -> sl: 135.223 tp: 137.181
0	23:40:53.028	'120010550': order #11058290 buy 0.02 GBPJPY. at 137.151 was modified -> sl: 135.223 tp: 137.181
0	23:41:46.151	'120010550': modify order #11062562 sell 0.01 EURAUD. at 1.61445 sl: 0.00000 tp: 0.00000 -> sl: 0.00000 tp: 1.61218
0	23:41:56.375	'120010550': modify order #11062562 sell 0.01 EURAUD. at 1.61445 sl: 0.00000 tp: 0.00000 -> sl: 0.00000 tp: 1.61062
0	23:42:02.649	'120010550': modify order #11062562 sell 0.01 EURAUD. at 1.61445 sl: 0.00000 tp: 0.00000 -> sl: 0.00000 tp: 1.60963
0	23:42:08.332	'120010550': modify order #11062562 sell 0.01 EURAUD. at 1.61445 sl: 0.00000 tp: 0.00000 -> sl: 0.00000 tp: 1.61112
1	23:42:11.822	'120010550': modification of order #11062562 sell 0.01 EURAUD. at 1.61445 sl: 0.00000 tp: 0.00000 -> sl: 0.00000 tp: 1.61034 failed [Trade context is busy]
0	23:42:16.843	'120010550': login datacenter on PRC-Live
0	23:42:17.792	'120010550': login on PRC-Live through Server 7 (ping: 119.02 ms)
0	23:42:20.002	'120010550': login datacenter on PRC-Live through Server 7 (ping: 119.02 ms)
0	23:42:20.522	'120010550': previous successful authorization performed from 1.180.18.101
0	23:42:41.010	'120010550': modify order #11062562 sell 0.01 EURAUD. at 1.61445 sl: 0.00000 tp: 0.00000 -> sl: 1.62640 tp: 0.00000
0	23:42:52.661	'120010550': modify order #11062562 sell 0.01 EURAUD. at 1.61445 sl: 0.00000 tp: 0.00000 -> sl: 0.00000 tp: 1.61097
0	23:43:00.569	'120010550': login datacenter on PRC-Live
0	23:43:01.980	'120010550': login on PRC-Live through Server 6 (ping: 176.11 ms)
0	23:43:35.524	'120010550': login on PRC-Live through Server 6 (ping: 176.11 ms)
0	23:43:37.480	'120010550': login datacenter on PRC-Live through Server 6 (ping: 176.11 ms)
0	23:43:38.489	'120010550': previous successful authorization performed from 1.180.18.117
0	23:43:40.153	'120010550': modify order #11061799 sell 0.02 EURJPY. at 122.197 sl: 122.145 tp: 121.795 -> sl: 122.145 tp: 121.774
0	23:43:40.616	'120010550': order #11061799 sell 0.02 EURJPY. at 122.197 was modified -> sl: 122.145 tp: 121.774
0	23:43:45.129	'120010550': auto connecting to a better access point Server 3 (ping is 116.92 ms)
0	23:43:45.886	'120010550': login on PRC-Live through Server 3 (ping: 116.92 ms)
0	23:44:19.165	'120010550': login on PRC-Live through Server 3 (ping: 116.92 ms)
0	23:44:45.721	'120010550': login on PRC-Live through Server 3 (ping: 116.92 ms)
1	23:45:04.615	'120010550': connect failed [No connection]
0	23:45:06.503	'120010550': auto connecting to a better access point Server 3 (ping is 119.37 ms)
0	23:45:10.363	'120010550': login on PRC-Live through Server 3 (ping: 119.37 ms)
0	23:45:14.126	'120010550': login datacenter on PRC-Live through Server 3 (ping: 119.37 ms)
0	23:45:15.065	'120010550': previous successful authorization performed from 1.180.18.101
0	23:45:19.773	'120010550': modify order #11062831 buy 0.01 XAUUSD. at 1402.65 sl: 0.00 tp: 0.00 -> sl: 0.00 tp: 1414.42
0	23:45:21.054	'120010550': order #11062831 buy 0.01 XAUUSD. at 1402.65 was modified -> sl: 0.00 tp: 1414.42
0	23:45:23.703	'120010550': modify order #11062831 buy 0.01 XAUUSD. at 1402.65 sl: 0.00 tp: 1414.42 -> sl: 0.00 tp: 1415.34
0	23:45:25.040	'120010550': order #11062831 buy 0.01 XAUUSD. at 1402.65 was modified -> sl: 0.00 tp: 1415.34
0	23:45:34.510	'120010550': ping to current access point Server 3 is 124.68 ms
0	23:45:35.250	'120010550': modify order #11062562 sell 0.01 EURAUD. at 1.61445 sl: 0.00000 tp: 0.00000 -> sl: 0.00000 tp: 1.61119
0	23:45:35.684	'120010550': order #11062562 sell 0.01 EURAUD. at 1.61445 was modified -> sl: 0.00000 tp: 1.61119
0	23:45:42.406	'120010550': login datacenter on PRC-Live
0	23:46:04.397	'120010550': login on PRC-Live through Server 6 (ping: 146.39 ms)
0	23:46:40.724	'120010550': login on PRC-Live through Server 6 (ping: 146.39 ms)
0	23:47:13.015	'120010550': login on PRC-Live through Server 6 (ping: 146.39 ms)
0	23:47:32.886	'120010550': auto connecting to a better access point Server 3 (ping is 121.64 ms)
0	23:47:50.652	'120010550': login on PRC-Live through Server 3 (ping: 121.64 ms)
0	23:47:57.661	'120010550': login datacenter on PRC-Live through Server 3 (ping: 121.64 ms)
0	23:47:58.067	'120010550': previous successful authorization performed from 223.104.176.172
1	23:48:17.783	'120010550': ping failed
0	23:48:18.041	'120010550': login datacenter on PRC-Live
0	23:48:40.016	'120010550': login on PRC-Live through Server 6 (ping: 118.80 ms)
0	23:48:47.466	'120010550': login on PRC-Live through Server 1 (ping: 459.24 ms)
0	23:48:54.024	'120010550': login datacenter on PRC-Live through Server 1 (ping: 459.24 ms)
0	23:48:56.989	'120010550': previous successful authorization performed from 1.180.18.117
0	23:49:16.352	'120010550': login on PRC-Live through Server 6 (ping: 118.80 ms)
0	23:49:44.234	'120010550': login on PRC-Live through Server 6 (ping: 118.80 ms)
0	23:50:00.484	'120010550': login datacenter on PRC-Live through Server 1 (ping: 459.24 ms)
0	23:50:08.168	'120010550': login on PRC-Live through Server 1 (ping: 459.24 ms)
1	23:50:18.136	'120010550': datacenter connecting failed [6]
0	23:50:24.375	'120010550': login on PRC-Live through Server 6 (ping: 118.80 ms)
0	23:50:29.475	'120010550': auto connecting to a better access point Server 3 (ping is 109.67 ms)
0	23:50:35.191	'120010550': login on PRC-Live through Server 3 (ping: 109.67 ms)
0	23:50:36.949	'120010550': login datacenter on PRC-Live through Server 3 (ping: 109.67 ms)
0	23:50:37.388	'120010550': previous successful authorization performed from 1.180.18.117
0	23:50:38.695	'120010550': modify order #11055404 buy 0.02 AUDJPY. at 76.182 sl: 0.000 tp: 0.000 -> sl: 0.000 tp: 76.238
0	23:50:39.345	'120010550': order #11055404 buy 0.02 AUDJPY. at 76.182 was modified -> sl: 0.000 tp: 76.238
0	23:51:03.455	'120010550': modify order #11062562 sell 0.01 EURAUD. at 1.61445 sl: 0.00000 tp: 1.61119 -> sl: 0.00000 tp: 1.61303
0	23:51:03.973	'120010550': order #11062562 sell 0.01 EURAUD. at 1.61445 was modified -> sl: 0.00000 tp: 1.61303
0	23:52:04.393	'120010550': modify order #11050246 buy 0.01 US_OIL at 60.02 sl: 56.15 tp: 61.00 -> sl: 55.73 tp: 61.00
0	23:52:05.120	'120010550': order #11050246 buy 0.01 US_OIL at 60.02 was modified -> sl: 55.73 tp: 61.00
0	23:57:30.803	System to be shutdown, request for close FX Trader
0	23:57:31.285	FX Trader build 1170 stopped because system shutdown
