2	01:10:23.997	Custom indicator Laguerre-ACS1 USDJPY.,H4: removed
2	01:10:24.000	Custom indicator MACD USDJPY.,H4: removed
2	01:10:24.010	Custom indicator Laguerre-ACS1 EURJPY.,Monthly: removed
2	01:10:24.012	Custom indicator MACD EURJPY.,Monthly: removed
2	01:10:24.015	Custom indicator Laguerre-ACS1 EURUSD.,Monthly: removed
2	01:10:24.018	Custom indicator MACD EURUSD.,Monthly: removed
2	01:10:24.041	Custom indicator Laguerre-ACS1 GBPUSD.,H4: removed
2	01:10:24.044	Custom indicator MACD GBPUSD.,H4: removed
2	01:10:24.062	Custom indicator Laguerre-ACS1 GBPJPY.,H4: removed
2	01:10:24.065	Custom indicator MACD GBPJPY.,H4: removed
2	01:10:24.084	Custom indicator Laguerre-ACS1 JP225,H4: removed
2	01:10:24.087	Custom indicator MACD JP225,H4: removed
2	01:10:24.107	Custom indicator Laguerre-ACS1 NDX100,H1: removed
2	01:10:24.109	Custom indicator MACD NDX100,H1: removed
2	01:10:24.114	Custom indicator Laguerre-ACS1 SPX500,H4: removed
2	01:10:24.116	Custom indicator MACD SPX500,H4: removed
2	01:10:24.123	Custom indicator Laguerre-ACS1 A50,Daily: removed
2	01:10:24.125	Custom indicator MACD A50,Daily: removed
2	01:10:24.131	Custom indicator Laguerre-ACS1 XAUUSD.,H1: removed
2	01:10:24.135	Custom indicator MACD XAUUSD.,H1: removed
2	01:10:24.145	Custom indicator Laguerre-ACS1 US_OIL,Daily: removed
2	01:10:24.147	Custom indicator MACD US_OIL,Daily: removed
0	01:10:24.561	FX Trader build 1170 stopped
0	20:36:21.009	FX Trader build 1170 started (Performance Ronnaru Capital Ltd.)
0	20:36:21.010	Windows 10 Home x64, IE 11, UAC, 8 x Intel Core i7-6700HQ  @ 2.60GHz, Memory: 21332 / 32639 Mb, Disk: 146 / 264 Gb, GMT+9
0	20:36:21.010	Data Folder: C:\Users\tiany\AppData\Roaming\MetaQuotes\Terminal\79214103E7A6FC97F86082D309D0B84B
2	20:36:22.915	Custom indicator 小鱼\Laguerre-ACS1 USDJPY.,H4: loaded successfully
2	20:36:22.928	Custom indicator MACD USDJPY.,H4: loaded successfully
2	20:36:23.036	Custom indicator 小鱼\Laguerre-ACS1 EURJPY.,Monthly: loaded successfully
2	20:36:23.046	Custom indicator MACD EURJPY.,Monthly: loaded successfully
2	20:36:23.145	Custom indicator 小鱼\Laguerre-ACS1 EURUSD.,Monthly: loaded successfully
2	20:36:23.155	Custom indicator MACD EURUSD.,Monthly: loaded successfully
2	20:36:23.256	Custom indicator 小鱼\Laguerre-ACS1 GBPUSD.,H4: loaded successfully
2	20:36:23.266	Custom indicator MACD GBPUSD.,H4: loaded successfully
2	20:36:23.373	Custom indicator 小鱼\Laguerre-ACS1 GBPJPY.,H4: loaded successfully
2	20:36:23.383	Custom indicator MACD GBPJPY.,H4: loaded successfully
2	20:36:23.494	Custom indicator 小鱼\Laguerre-ACS1 JP225,H4: loaded successfully
2	20:36:23.504	Custom indicator MACD JP225,H4: loaded successfully
2	20:36:23.622	Custom indicator 小鱼\Laguerre-ACS1 NDX100,H1: loaded successfully
2	20:36:23.632	Custom indicator MACD NDX100,H1: loaded successfully
2	20:36:23.754	Custom indicator 小鱼\Laguerre-ACS1 SPX500,H4: loaded successfully
2	20:36:23.764	Custom indicator MACD SPX500,H4: loaded successfully
2	20:36:23.879	Custom indicator 小鱼\Laguerre-ACS1 A50,Daily: loaded successfully
2	20:36:23.889	Custom indicator MACD A50,Daily: loaded successfully
2	20:36:24.007	Custom indicator 小鱼\Laguerre-ACS1 XAUUSD.,H1: loaded successfully
2	20:36:24.018	Custom indicator MACD XAUUSD.,H1: loaded successfully
2	20:36:24.133	Custom indicator 小鱼\Laguerre-ACS1 US_OIL,Daily: loaded successfully
2	20:36:24.143	Custom indicator MACD US_OIL,Daily: loaded successfully
0	20:36:25.226	'120010550': login on PRC-Live through Server 3 (ping: 56.29 ms)
0	20:36:25.847	'120010550': login datacenter on PRC-Live through Server 3 (ping: 56.29 ms)
0	20:36:26.150	'120010550': previous successful authorization performed from 106.181.142.61
0	20:37:14.743	'120010550': ping to current access point Server 3 is 40.51 ms
1	21:45:39.549	'120010550': ping failed
0	21:45:43.151	'120010550': login on PRC-Live through Server 7 (ping: 45.98 ms)
0	21:45:43.745	'120010550': login datacenter on PRC-Live through Server 7 (ping: 45.98 ms)
0	21:45:44.139	'120010550': previous successful authorization performed from 106.181.125.112
0	21:46:00.505	'120010550': auto connecting to a better access point Server 3 (ping is 52.26 ms)
0	21:46:00.984	'120010550': login on PRC-Live through Server 3 (ping: 52.26 ms)
0	21:46:01.558	'120010550': login datacenter on PRC-Live through Server 3 (ping: 52.26 ms)
0	21:46:01.842	'120010550': previous successful authorization performed from 106.181.125.112
