0	19:02:08.818	FX Trader build 1170 started (Performance Ronnaru Capital Ltd.)
0	19:02:08.819	Windows 10 Home x64, IE 11, UAC, 8 x Intel Core i7-6700HQ  @ 2.60GHz, Memory: 26986 / 32639 Mb, Disk: 135 / 264 Gb, GMT+8
0	19:02:08.819	Data Folder: C:\Users\tiany\AppData\Roaming\MetaQuotes\Terminal\79214103E7A6FC97F86082D309D0B84B
2	19:02:13.666	Custom indicator SupResZone_MTF USDXXX,Daily: loaded successfully
2	19:02:13.680	Custom indicator SupResZone_MTF USDXXX,Daily: loaded successfully
2	19:02:13.696	Custom indicator SupResZone_MTF USDXXX,Daily: loaded successfully
2	19:02:13.713	Custom indicator SupResZone_MTF USDXXX,Daily: loaded successfully
2	19:02:13.726	Custom indicator MACD-2x USDXXX,Daily: loaded successfully
2	19:02:13.826	Custom indicator Laguerre-ACS1 USDXXX,Daily: loaded successfully
2	19:02:14.004	Custom indicator SupResZone_MTF XAUUSD.,H4: loaded successfully
2	19:02:14.018	Custom indicator SupResZone_MTF XAUUSD.,H4: loaded successfully
2	19:02:14.032	Custom indicator SupResZone_MTF XAUUSD.,H4: loaded successfully
2	19:02:14.045	Custom indicator SupResZone_MTF XAUUSD.,H4: loaded successfully
2	19:02:14.057	Custom indicator MACD-2x XAUUSD.,H4: loaded successfully
2	19:02:14.163	Custom indicator Laguerre-ACS1 XAUUSD.,H4: loaded successfully
2	19:02:14.518	Custom indicator SupResZone_MTF XAGUSD.,H4: loaded successfully
2	19:02:14.534	Custom indicator SupResZone_MTF XAGUSD.,H4: loaded successfully
2	19:02:14.551	Custom indicator SupResZone_MTF XAGUSD.,H4: loaded successfully
2	19:02:14.568	Custom indicator SupResZone_MTF XAGUSD.,H4: loaded successfully
2	19:02:14.585	Custom indicator MACD-2x XAGUSD.,H4: loaded successfully
2	19:02:14.694	Custom indicator Laguerre-ACS1 XAGUSD.,H4: loaded successfully
2	19:02:14.980	Custom indicator SupResZone_MTF US_OIL,H4: loaded successfully
2	19:02:14.991	Custom indicator SupResZone_MTF US_OIL,H4: loaded successfully
2	19:02:15.002	Custom indicator SupResZone_MTF US_OIL,H4: loaded successfully
2	19:02:15.014	Custom indicator SupResZone_MTF US_OIL,H4: loaded successfully
2	19:02:15.028	Custom indicator MACD-2x US_OIL,H4: loaded successfully
2	19:02:15.113	Custom indicator Laguerre-ACS1 US_OIL,H4: loaded successfully
2	19:02:15.368	Custom indicator SupResZone_MTF JP225,H4: loaded successfully
2	19:02:15.379	Custom indicator SupResZone_MTF JP225,H4: loaded successfully
2	19:02:15.389	Custom indicator SupResZone_MTF JP225,H4: loaded successfully
2	19:02:15.400	Custom indicator SupResZone_MTF JP225,H4: loaded successfully
2	19:02:15.413	Custom indicator MACD-2x JP225,H4: loaded successfully
2	19:02:15.485	Custom indicator Laguerre-ACS1 JP225,H4: loaded successfully
2	19:02:15.753	Custom indicator SupResZone_MTF SPX500,H4: loaded successfully
2	19:02:15.764	Custom indicator SupResZone_MTF SPX500,H4: loaded successfully
2	19:02:15.775	Custom indicator SupResZone_MTF SPX500,H4: loaded successfully
2	19:02:15.785	Custom indicator SupResZone_MTF SPX500,H4: loaded successfully
2	19:02:15.796	Custom indicator MACD-2x SPX500,H4: loaded successfully
2	19:02:15.871	Custom indicator Laguerre-ACS1 SPX500,H4: loaded successfully
2	19:02:16.113	Custom indicator SupResZone_MTF EURAUD.,H4: loaded successfully
2	19:02:16.128	Custom indicator SupResZone_MTF EURAUD.,H4: loaded successfully
2	19:02:16.141	Custom indicator SupResZone_MTF EURAUD.,H4: loaded successfully
2	19:02:16.153	Custom indicator SupResZone_MTF EURAUD.,H4: loaded successfully
2	19:02:16.166	Custom indicator MACD-2x EURAUD.,H4: loaded successfully
2	19:02:16.249	Custom indicator Laguerre-ACS1 EURAUD.,H4: loaded successfully
2	19:02:16.466	Custom indicator SupResZone_MTF AUDJPY.,H4: loaded successfully
2	19:02:16.478	Custom indicator SupResZone_MTF AUDJPY.,H4: loaded successfully
2	19:02:16.491	Custom indicator SupResZone_MTF AUDJPY.,H4: loaded successfully
2	19:02:16.503	Custom indicator SupResZone_MTF AUDJPY.,H4: loaded successfully
2	19:02:16.514	Custom indicator MACD-2x AUDJPY.,H4: loaded successfully
2	19:02:16.592	Custom indicator Laguerre-ACS1 AUDJPY.,H4: loaded successfully
2	19:02:16.805	Custom indicator SupResZone_MTF AUDUSD.,H4: loaded successfully
2	19:02:16.823	Custom indicator SupResZone_MTF AUDUSD.,H4: loaded successfully
2	19:02:16.837	Custom indicator SupResZone_MTF AUDUSD.,H4: loaded successfully
2	19:02:16.848	Custom indicator SupResZone_MTF AUDUSD.,H4: loaded successfully
2	19:02:16.859	Custom indicator MACD-2x AUDUSD.,H4: loaded successfully
2	19:02:16.935	Custom indicator Laguerre-ACS1 AUDUSD.,H4: loaded successfully
2	19:02:17.187	Custom indicator SupResZone_MTF USDJPY.,H4: loaded successfully
2	19:02:17.198	Custom indicator SupResZone_MTF USDJPY.,H4: loaded successfully
2	19:02:17.209	Custom indicator SupResZone_MTF USDJPY.,H4: loaded successfully
2	19:02:17.222	Custom indicator SupResZone_MTF USDJPY.,H4: loaded successfully
2	19:02:17.232	Custom indicator MACD-2x USDJPY.,H4: loaded successfully
2	19:02:17.307	Custom indicator Laguerre-ACS1 USDJPY.,H4: loaded successfully
2	19:02:17.565	Custom indicator SupResZone_MTF EURJPY.,H4: loaded successfully
2	19:02:17.576	Custom indicator SupResZone_MTF EURJPY.,H4: loaded successfully
2	19:02:17.587	Custom indicator SupResZone_MTF EURJPY.,H4: loaded successfully
2	19:02:17.598	Custom indicator SupResZone_MTF EURJPY.,H4: loaded successfully
2	19:02:17.611	Custom indicator MACD-2x EURJPY.,H4: loaded successfully
2	19:02:17.683	Custom indicator Laguerre-ACS1 EURJPY.,H4: loaded successfully
2	19:02:17.957	Custom indicator SupResZone_MTF EURUSD.,H4: loaded successfully
2	19:02:17.968	Custom indicator SupResZone_MTF EURUSD.,H4: loaded successfully
2	19:02:17.978	Custom indicator SupResZone_MTF EURUSD.,H4: loaded successfully
2	19:02:17.989	Custom indicator SupResZone_MTF EURUSD.,H4: loaded successfully
2	19:02:17.999	Custom indicator MACD-2x EURUSD.,H4: loaded successfully
2	19:02:18.072	Custom indicator Laguerre-ACS1 EURUSD.,H4: loaded successfully
2	19:02:18.346	Custom indicator SupResZone_MTF GBPJPY.,H4: loaded successfully
2	19:02:18.357	Custom indicator SupResZone_MTF GBPJPY.,H4: loaded successfully
2	19:02:18.368	Custom indicator SupResZone_MTF GBPJPY.,H4: loaded successfully
2	19:02:18.380	Custom indicator SupResZone_MTF GBPJPY.,H4: loaded successfully
2	19:02:18.391	Custom indicator MACD-2x GBPJPY.,H4: loaded successfully
2	19:02:18.470	Custom indicator Laguerre-ACS1 GBPJPY.,H4: loaded successfully
2	19:02:18.693	Custom indicator SupResZone_MTF GBPUSD.,H4: loaded successfully
2	19:02:18.708	Custom indicator SupResZone_MTF GBPUSD.,H4: loaded successfully
2	19:02:18.720	Custom indicator SupResZone_MTF GBPUSD.,H4: loaded successfully
2	19:02:18.731	Custom indicator SupResZone_MTF GBPUSD.,H4: loaded successfully
2	19:02:18.742	Custom indicator MACD-2x GBPUSD.,H4: loaded successfully
2	19:02:18.822	Custom indicator Laguerre-ACS1 GBPUSD.,H4: loaded successfully
2	19:02:19.060	Custom indicator SupResZone_MTF USDCAD.,H4: loaded successfully
2	19:02:19.070	Custom indicator SupResZone_MTF USDCAD.,H4: loaded successfully
2	19:02:19.082	Custom indicator SupResZone_MTF USDCAD.,H4: loaded successfully
2	19:02:19.094	Custom indicator SupResZone_MTF USDCAD.,H4: loaded successfully
2	19:02:19.105	Custom indicator MACD-2x USDCAD.,H4: loaded successfully
2	19:02:19.184	Custom indicator Laguerre-ACS1 USDCAD.,H4: loaded successfully
2	19:02:19.386	Custom indicator SupResZone_MTF USDCHF.,H4: loaded successfully
2	19:02:19.397	Custom indicator SupResZone_MTF USDCHF.,H4: loaded successfully
2	19:02:19.407	Custom indicator SupResZone_MTF USDCHF.,H4: loaded successfully
2	19:02:19.418	Custom indicator SupResZone_MTF USDCHF.,H4: loaded successfully
2	19:02:19.429	Custom indicator MACD-2x USDCHF.,H4: loaded successfully
2	19:02:19.499	Custom indicator Laguerre-ACS1 USDCHF.,H4: loaded successfully
2	19:02:19.730	Custom indicator SupResZone_MTF USDCNH,Daily: loaded successfully
2	19:02:19.741	Custom indicator SupResZone_MTF USDCNH,Daily: loaded successfully
2	19:02:19.752	Custom indicator SupResZone_MTF USDCNH,Daily: loaded successfully
2	19:02:19.765	Custom indicator SupResZone_MTF USDCNH,Daily: loaded successfully
2	19:02:19.776	Custom indicator MACD-2x USDCNH,Daily: loaded successfully
2	19:02:19.856	Custom indicator Laguerre-ACS1 USDCNH,Daily: loaded successfully
2	19:02:20.045	Custom indicator GMMA Long USDJPY.,H4: loaded successfully
2	19:02:20.056	Custom indicator GMMA Short USDJPY.,H4: loaded successfully
2	19:02:20.065	Custom indicator 23MTF_MovingAverageIGOR USDJPY.,H4: loaded successfully
2	19:02:20.074	Custom indicator 23MTF_MovingAverageIGOR USDJPY.,H4: loaded successfully
2	19:02:20.085	Custom indicator SupResZone_MTF USDJPY.,H4: loaded successfully
2	19:02:20.098	Custom indicator SupResZone_MTF USDJPY.,H4: loaded successfully
2	19:02:20.108	Custom indicator MACD-2x USDJPY.,H4: loaded successfully
2	19:02:20.362	Custom indicator SupResZone_MTF CHINA300,Daily: loaded successfully
2	19:02:20.373	Custom indicator SupResZone_MTF CHINA300,Daily: loaded successfully
2	19:02:20.384	Custom indicator SupResZone_MTF CHINA300,Daily: loaded successfully
2	19:02:20.395	Custom indicator SupResZone_MTF CHINA300,Daily: loaded successfully
2	19:02:20.406	Custom indicator MACD-2x CHINA300,Daily: loaded successfully
2	19:02:20.479	Custom indicator Laguerre-ACS1 CHINA300,Daily: loaded successfully
0	19:02:23.804	'120010550': login on PRC-Live through Server 5 (ping: 135.24 ms)
0	19:02:26.398	'120010550': login datacenter on PRC-Live through Server 5 (ping: 135.24 ms)
0	19:02:26.909	'120010550': previous successful authorization performed from 101.131.181.23
0	19:02:45.538	'120010550': auto connecting to a better access point Server 3 (ping is 155.60 ms)
0	19:02:47.729	'120010550': login on PRC-Live through Server 3 (ping: 155.60 ms)
0	19:02:53.620	'120010550': login datacenter on PRC-Live through Server 3 (ping: 155.60 ms)
0	19:02:54.158	'120010550': previous successful authorization performed from 101.131.181.23
0	19:30:22.941	'120010550': login datacenter on PRC-Live
0	19:30:24.308	'120010550': login on PRC-Live through Server 5 (ping: 197.90 ms)
0	19:30:27.612	'120010550': login datacenter on PRC-Live through Server 5 (ping: 197.90 ms)
0	19:30:28.203	'120010550': previous successful authorization performed from 101.131.181.23
0	19:38:54.796	'120010550': modify order #11067102 sell 0.01 EURAUD. at 1.60433 sl: 0.00000 tp: 1.60384 -> sl: 1.61850 tp: 1.60384
0	19:38:59.593	'120010550': modify order #11067102 sell 0.01 EURAUD. at 1.60433 sl: 0.00000 tp: 1.60384 -> sl: 1.61872 tp: 1.60384
0	19:39:00.266	'120010550': order #11067102 sell 0.01 EURAUD. at 1.60433 was modified -> sl: 1.61850 tp: 1.60384
0	19:39:00.267	'120010550': order #11067102 sell 0.01 EURAUD. at 1.60433 was modified -> sl: 1.61872 tp: 1.60384
0	19:39:16.913	'120010550': modify order #11070990 buy 0.02 AUDJPY. at 75.896 sl: 0.000 tp: 75.948 -> sl: 75.054 tp: 75.948
0	19:39:18.251	'120010550': order #11070990 buy 0.02 AUDJPY. at 75.896 was modified -> sl: 75.054 tp: 75.948
0	19:39:24.007	'120010550': modify order #11055404 buy 0.02 AUDJPY. at 76.182 sl: 0.000 tp: 76.238 -> sl: 75.046 tp: 76.238
0	19:39:24.985	'120010550': order #11055404 buy 0.02 AUDJPY. at 76.182 was modified -> sl: 75.046 tp: 76.238
0	19:39:38.921	'120010550': modify order #11075815 sell 0.02 AUDUSD. at 0.69531 sl: 0.69531 tp: 0.00000 -> sl: 0.69489 tp: 0.00000
0	19:39:40.217	'120010550': order #11075815 sell 0.02 AUDUSD. at 0.69531 was modified -> sl: 0.69489 tp: 0.00000
0	19:39:43.086	'120010550': modify order #11075815 sell 0.02 AUDUSD. at 0.69531 sl: 0.69489 tp: 0.00000 -> sl: 0.69477 tp: 0.00000
0	19:39:45.768	'120010550': order #11075815 sell 0.02 AUDUSD. at 0.69531 was modified -> sl: 0.69477 tp: 0.00000
0	19:40:10.001	'120010550': modify order #11075815 sell 0.02 AUDUSD. at 0.69531 sl: 0.69477 tp: 0.00000 -> sl: 0.69519 tp: 0.00000
0	19:40:11.609	'120010550': order #11075815 sell 0.02 AUDUSD. at 0.69531 was modified -> sl: 0.69519 tp: 0.00000
0	19:40:51.960	'120010550': modify order #11067195 sell 0.02 EURJPY. at 121.568 sl: 122.993 tp: 121.525 -> sl: 122.143 tp: 121.525
0	19:40:53.000	'120010550': order #11067195 sell 0.02 EURJPY. at 121.568 was modified -> sl: 122.143 tp: 121.525
0	19:40:59.018	'120010550': modify order #11067195 sell 0.02 EURJPY. at 121.568 sl: 122.143 tp: 121.525 -> sl: 122.161 tp: 121.525
0	19:40:59.609	'120010550': order #11067195 sell 0.02 EURJPY. at 121.568 was modified -> sl: 122.161 tp: 121.525
0	21:21:55.052	'120010550': modify order #11067195 sell 0.02 EURJPY. at 121.568 sl: 122.161 tp: 121.525 -> sl: 122.134 tp: 121.525
0	21:21:56.277	'120010550': order #11067195 sell 0.02 EURJPY. at 121.568 was modified -> sl: 122.134 tp: 121.525
0	22:00:28.238	'120010550': order #11067102 sell 0.01 EURAUD. at 1.60433 closed due stop-loss at price 1.61872
0	22:28:45.368	'120010550': modify order #11075807 sell 0.01 XAGUSD. at 15.029 sl: 0.000 tp: 0.000 -> sl: 0.000 tp: 14.985
0	22:28:45.824	'120010550': order #11075807 sell 0.01 XAGUSD. at 15.029 was modified -> sl: 0.000 tp: 14.985
0	22:28:49.432	'120010550': modify order #11075807 sell 0.01 XAGUSD. at 15.029 sl: 0.000 tp: 14.985 -> sl: 0.000 tp: 15.003
0	22:28:50.042	'120010550': order #11075807 sell 0.01 XAGUSD. at 15.029 was modified -> sl: 0.000 tp: 15.003
0	22:32:23.322	'120010550': modify order #11075815 sell 0.02 AUDUSD. at 0.69531 sl: 0.69519 tp: 0.00000 -> sl: 0.69504 tp: 0.00000
0	22:32:24.103	'120010550': order #11075815 sell 0.02 AUDUSD. at 0.69531 was modified -> sl: 0.69504 tp: 0.00000
0	22:36:38.213	'120010550': modify order #11075807 sell 0.01 XAGUSD. at 15.029 sl: 0.000 tp: 15.003 -> sl: 0.000 tp: 14.790
0	22:36:39.355	'120010550': order #11075807 sell 0.01 XAGUSD. at 15.029 was modified -> sl: 0.000 tp: 14.790
0	22:37:04.022	'120010550': order sell market 0.01 XAUUSD. sl: 0.00 tp: 0.00
0	22:37:05.446	'120010550': order was opened : #11078921 sell 0.01 XAUUSD. at 1390.65 sl: 0.00 tp: 0.00
0	23:07:44.875	'120010550': modify order #11075807 sell 0.01 XAGUSD. at 15.029 sl: 0.000 tp: 14.790 -> sl: 15.166 tp: 14.790
0	23:07:45.893	'120010550': order #11075807 sell 0.01 XAGUSD. at 15.029 was modified -> sl: 15.166 tp: 14.790
0	23:07:49.253	'120010550': modify order #11075807 sell 0.01 XAGUSD. at 15.029 sl: 15.166 tp: 14.790 -> sl: 15.166 tp: 15.021
0	23:07:49.630	'120010550': order #11075807 sell 0.01 XAGUSD. at 15.029 was modified -> sl: 15.166 tp: 15.021
2	23:23:40.565	Custom indicator SupResZone_MTF USDXXX,Daily: removed
2	23:23:40.570	Custom indicator SupResZone_MTF USDXXX,Daily: removed
2	23:23:40.573	Custom indicator SupResZone_MTF USDXXX,Daily: removed
2	23:23:40.575	Custom indicator SupResZone_MTF USDXXX,Daily: removed
2	23:23:40.577	Custom indicator MACD-2x USDXXX,Daily: removed
2	23:23:40.577	Custom indicator Laguerre-ACS1 USDXXX,Daily: removed
2	23:23:40.618	Custom indicator SupResZone_MTF XAUUSD.,H4: removed
2	23:23:40.620	Custom indicator SupResZone_MTF XAUUSD.,H4: removed
2	23:23:40.622	Custom indicator SupResZone_MTF XAUUSD.,H4: removed
2	23:23:40.625	Custom indicator SupResZone_MTF XAUUSD.,H4: removed
2	23:23:40.627	Custom indicator MACD-2x XAUUSD.,H4: removed
2	23:23:40.627	Custom indicator Laguerre-ACS1 XAUUSD.,H4: removed
2	23:23:40.637	Custom indicator SupResZone_MTF XAGUSD.,H4: removed
2	23:23:40.639	Custom indicator SupResZone_MTF XAGUSD.,H4: removed
2	23:23:40.641	Custom indicator SupResZone_MTF XAGUSD.,H4: removed
2	23:23:40.642	Custom indicator SupResZone_MTF XAGUSD.,H4: removed
2	23:23:40.644	Custom indicator MACD-2x XAGUSD.,H4: removed
2	23:23:40.644	Custom indicator Laguerre-ACS1 XAGUSD.,H4: removed
2	23:23:40.652	Custom indicator SupResZone_MTF US_OIL,H4: removed
2	23:23:40.654	Custom indicator SupResZone_MTF US_OIL,H4: removed
2	23:23:40.656	Custom indicator SupResZone_MTF US_OIL,H4: removed
2	23:23:40.658	Custom indicator SupResZone_MTF US_OIL,H4: removed
2	23:23:40.660	Custom indicator MACD-2x US_OIL,H4: removed
2	23:23:40.661	Custom indicator Laguerre-ACS1 US_OIL,H4: removed
2	23:23:40.670	Custom indicator SupResZone_MTF JP225,H4: removed
2	23:23:40.674	Custom indicator SupResZone_MTF JP225,H4: removed
2	23:23:40.676	Custom indicator SupResZone_MTF JP225,H4: removed
2	23:23:40.683	Custom indicator SupResZone_MTF JP225,H4: removed
2	23:23:40.685	Custom indicator MACD-2x JP225,H4: removed
2	23:23:40.686	Custom indicator Laguerre-ACS1 JP225,H4: removed
2	23:23:40.693	Custom indicator SupResZone_MTF SPX500,H4: removed
2	23:23:40.695	Custom indicator SupResZone_MTF SPX500,H4: removed
2	23:23:40.696	Custom indicator SupResZone_MTF SPX500,H4: removed
2	23:23:40.698	Custom indicator SupResZone_MTF SPX500,H4: removed
2	23:23:40.700	Custom indicator MACD-2x SPX500,H4: removed
2	23:23:40.700	Custom indicator Laguerre-ACS1 SPX500,H4: removed
2	23:23:40.710	Custom indicator SupResZone_MTF EURAUD.,H4: removed
2	23:23:40.712	Custom indicator SupResZone_MTF EURAUD.,H4: removed
2	23:23:40.713	Custom indicator SupResZone_MTF EURAUD.,H4: removed
2	23:23:40.715	Custom indicator SupResZone_MTF EURAUD.,H4: removed
2	23:23:40.716	Custom indicator MACD-2x EURAUD.,H4: removed
2	23:23:40.716	Custom indicator Laguerre-ACS1 EURAUD.,H4: removed
2	23:23:40.725	Custom indicator SupResZone_MTF AUDJPY.,H4: removed
2	23:23:40.728	Custom indicator SupResZone_MTF AUDJPY.,H4: removed
2	23:23:40.730	Custom indicator SupResZone_MTF AUDJPY.,H4: removed
2	23:23:40.732	Custom indicator SupResZone_MTF AUDJPY.,H4: removed
2	23:23:40.733	Custom indicator MACD-2x AUDJPY.,H4: removed
2	23:23:40.733	Custom indicator Laguerre-ACS1 AUDJPY.,H4: removed
2	23:23:40.740	Custom indicator SupResZone_MTF AUDUSD.,H4: removed
2	23:23:40.742	Custom indicator SupResZone_MTF AUDUSD.,H4: removed
2	23:23:40.744	Custom indicator SupResZone_MTF AUDUSD.,H4: removed
2	23:23:40.746	Custom indicator SupResZone_MTF AUDUSD.,H4: removed
2	23:23:40.748	Custom indicator MACD-2x AUDUSD.,H4: removed
2	23:23:40.748	Custom indicator Laguerre-ACS1 AUDUSD.,H4: removed
2	23:23:40.759	Custom indicator SupResZone_MTF USDJPY.,H4: removed
2	23:23:40.760	Custom indicator SupResZone_MTF USDJPY.,H4: removed
2	23:23:40.762	Custom indicator SupResZone_MTF USDJPY.,H4: removed
2	23:23:40.764	Custom indicator SupResZone_MTF USDJPY.,H4: removed
2	23:23:40.766	Custom indicator MACD-2x USDJPY.,H4: removed
2	23:23:40.766	Custom indicator Laguerre-ACS1 USDJPY.,H4: removed
2	23:23:40.774	Custom indicator SupResZone_MTF EURJPY.,H4: removed
2	23:23:40.777	Custom indicator SupResZone_MTF EURJPY.,H4: removed
2	23:23:40.778	Custom indicator SupResZone_MTF EURJPY.,H4: removed
2	23:23:40.779	Custom indicator SupResZone_MTF EURJPY.,H4: removed
2	23:23:40.781	Custom indicator MACD-2x EURJPY.,H4: removed
2	23:23:40.782	Custom indicator Laguerre-ACS1 EURJPY.,H4: removed
2	23:23:40.793	Custom indicator SupResZone_MTF EURUSD.,H4: removed
2	23:23:40.795	Custom indicator SupResZone_MTF EURUSD.,H4: removed
2	23:23:40.797	Custom indicator SupResZone_MTF EURUSD.,H4: removed
2	23:23:40.799	Custom indicator SupResZone_MTF EURUSD.,H4: removed
2	23:23:40.801	Custom indicator MACD-2x EURUSD.,H4: removed
2	23:23:40.802	Custom indicator Laguerre-ACS1 EURUSD.,H4: removed
2	23:23:40.811	Custom indicator SupResZone_MTF GBPJPY.,H4: removed
2	23:23:40.813	Custom indicator SupResZone_MTF GBPJPY.,H4: removed
2	23:23:40.815	Custom indicator SupResZone_MTF GBPJPY.,H4: removed
2	23:23:40.817	Custom indicator SupResZone_MTF GBPJPY.,H4: removed
2	23:23:40.819	Custom indicator MACD-2x GBPJPY.,H4: removed
2	23:23:40.819	Custom indicator Laguerre-ACS1 GBPJPY.,H4: removed
2	23:23:40.828	Custom indicator SupResZone_MTF GBPUSD.,H4: removed
2	23:23:40.829	Custom indicator SupResZone_MTF GBPUSD.,H4: removed
2	23:23:40.831	Custom indicator SupResZone_MTF GBPUSD.,H4: removed
2	23:23:40.833	Custom indicator SupResZone_MTF GBPUSD.,H4: removed
2	23:23:40.836	Custom indicator MACD-2x GBPUSD.,H4: removed
2	23:23:40.836	Custom indicator Laguerre-ACS1 GBPUSD.,H4: removed
2	23:23:40.842	Custom indicator SupResZone_MTF USDCAD.,H4: removed
2	23:23:40.844	Custom indicator SupResZone_MTF USDCAD.,H4: removed
2	23:23:40.846	Custom indicator SupResZone_MTF USDCAD.,H4: removed
2	23:23:40.848	Custom indicator SupResZone_MTF USDCAD.,H4: removed
2	23:23:40.850	Custom indicator MACD-2x USDCAD.,H4: removed
2	23:23:40.851	Custom indicator Laguerre-ACS1 USDCAD.,H4: removed
2	23:23:40.879	Custom indicator SupResZone_MTF USDCHF.,H4: removed
2	23:23:40.883	Custom indicator SupResZone_MTF USDCHF.,H4: removed
2	23:23:40.885	Custom indicator SupResZone_MTF USDCHF.,H4: removed
2	23:23:40.888	Custom indicator SupResZone_MTF USDCHF.,H4: removed
2	23:23:40.891	Custom indicator MACD-2x USDCHF.,H4: removed
2	23:23:40.891	Custom indicator Laguerre-ACS1 USDCHF.,H4: removed
2	23:23:40.902	Custom indicator SupResZone_MTF USDCNH,Daily: removed
2	23:23:40.904	Custom indicator SupResZone_MTF USDCNH,Daily: removed
2	23:23:40.906	Custom indicator SupResZone_MTF USDCNH,Daily: removed
2	23:23:40.909	Custom indicator SupResZone_MTF USDCNH,Daily: removed
2	23:23:40.911	Custom indicator MACD-2x USDCNH,Daily: removed
2	23:23:40.911	Custom indicator Laguerre-ACS1 USDCNH,Daily: removed
2	23:23:40.945	Custom indicator GMMA Long USDJPY.,H4: removed
2	23:23:40.946	Custom indicator GMMA Short USDJPY.,H4: removed
2	23:23:40.948	Custom indicator 23MTF_MovingAverageIGOR USDJPY.,H4: removed
2	23:23:40.951	Custom indicator 23MTF_MovingAverageIGOR USDJPY.,H4: removed
2	23:23:40.953	Custom indicator SupResZone_MTF USDJPY.,H4: removed
2	23:23:40.955	Custom indicator SupResZone_MTF USDJPY.,H4: removed
2	23:23:40.956	Custom indicator MACD-2x USDJPY.,H4: removed
2	23:23:40.967	Custom indicator SupResZone_MTF CHINA300,Daily: removed
2	23:23:40.970	Custom indicator SupResZone_MTF CHINA300,Daily: removed
2	23:23:40.972	Custom indicator SupResZone_MTF CHINA300,Daily: removed
2	23:23:40.973	Custom indicator SupResZone_MTF CHINA300,Daily: removed
2	23:23:40.975	Custom indicator MACD-2x CHINA300,Daily: removed
2	23:23:40.975	Custom indicator Laguerre-ACS1 CHINA300,Daily: removed
0	23:23:41.362	FX Trader build 1170 stopped
