0	18:59:16.573	FX Trader build 1170 started (Performance Ronnaru Capital Ltd.)
0	18:59:16.573	Windows 10 Home x64, IE 11, UAC, 8 x Intel Core i7-6700HQ  @ 2.60GHz, Memory: 26953 / 32639 Mb, Disk: 136 / 264 Gb, GMT+8
0	18:59:16.573	Data Folder: C:\Users\tiany\AppData\Roaming\MetaQuotes\Terminal\79214103E7A6FC97F86082D309D0B84B
2	18:59:18.444	Custom indicator SupResZone_MTF USDXXX,Daily: loaded successfully
2	18:59:18.454	Custom indicator SupResZone_MTF USDXXX,Daily: loaded successfully
2	18:59:18.465	Custom indicator SupResZone_MTF USDXXX,Daily: loaded successfully
2	18:59:18.475	Custom indicator SupResZone_MTF USDXXX,Daily: loaded successfully
2	18:59:18.486	Custom indicator MACD-2x USDXXX,Daily: loaded successfully
2	18:59:18.564	Custom indicator Laguerre-ACS1 USDXXX,Daily: loaded successfully
2	18:59:18.698	Custom indicator SupResZone_MTF XAUUSD.,H4: loaded successfully
2	18:59:18.708	Custom indicator SupResZone_MTF XAUUSD.,H4: loaded successfully
2	18:59:18.721	Custom indicator SupResZone_MTF XAUUSD.,H4: loaded successfully
2	18:59:18.732	Custom indicator SupResZone_MTF XAUUSD.,H4: loaded successfully
2	18:59:18.741	Custom indicator MACD-2x XAUUSD.,H4: loaded successfully
2	18:59:18.816	Custom indicator Laguerre-ACS1 XAUUSD.,H4: loaded successfully
2	18:59:19.044	Custom indicator SupResZone_MTF XAGUSD.,H4: loaded successfully
2	18:59:19.055	Custom indicator SupResZone_MTF XAGUSD.,H4: loaded successfully
2	18:59:19.065	Custom indicator SupResZone_MTF XAGUSD.,H4: loaded successfully
2	18:59:19.076	Custom indicator SupResZone_MTF XAGUSD.,H4: loaded successfully
2	18:59:19.086	Custom indicator MACD-2x XAGUSD.,H4: loaded successfully
2	18:59:19.158	Custom indicator Laguerre-ACS1 XAGUSD.,H4: loaded successfully
2	18:59:19.375	Custom indicator SupResZone_MTF US_OIL,H4: loaded successfully
2	18:59:19.386	Custom indicator SupResZone_MTF US_OIL,H4: loaded successfully
2	18:59:19.397	Custom indicator SupResZone_MTF US_OIL,H4: loaded successfully
2	18:59:19.407	Custom indicator SupResZone_MTF US_OIL,H4: loaded successfully
2	18:59:19.418	Custom indicator MACD-2x US_OIL,H4: loaded successfully
2	18:59:19.489	Custom indicator Laguerre-ACS1 US_OIL,H4: loaded successfully
2	18:59:19.759	Custom indicator SupResZone_MTF JP225,H4: loaded successfully
2	18:59:19.770	Custom indicator SupResZone_MTF JP225,H4: loaded successfully
2	18:59:19.781	Custom indicator SupResZone_MTF JP225,H4: loaded successfully
2	18:59:19.791	Custom indicator SupResZone_MTF JP225,H4: loaded successfully
2	18:59:19.801	Custom indicator MACD-2x JP225,H4: loaded successfully
2	18:59:19.872	Custom indicator Laguerre-ACS1 JP225,H4: loaded successfully
2	18:59:20.103	Custom indicator SupResZone_MTF SPX500,H4: loaded successfully
2	18:59:20.114	Custom indicator SupResZone_MTF SPX500,H4: loaded successfully
2	18:59:20.124	Custom indicator SupResZone_MTF SPX500,H4: loaded successfully
2	18:59:20.135	Custom indicator SupResZone_MTF SPX500,H4: loaded successfully
2	18:59:20.148	Custom indicator MACD-2x SPX500,H4: loaded successfully
2	18:59:20.219	Custom indicator Laguerre-ACS1 SPX500,H4: loaded successfully
2	18:59:20.477	Custom indicator SupResZone_MTF EURAUD.,H4: loaded successfully
2	18:59:20.487	Custom indicator SupResZone_MTF EURAUD.,H4: loaded successfully
2	18:59:20.498	Custom indicator SupResZone_MTF EURAUD.,H4: loaded successfully
2	18:59:20.508	Custom indicator SupResZone_MTF EURAUD.,H4: loaded successfully
2	18:59:20.520	Custom indicator MACD-2x EURAUD.,H4: loaded successfully
2	18:59:20.591	Custom indicator Laguerre-ACS1 EURAUD.,H4: loaded successfully
2	18:59:20.810	Custom indicator SupResZone_MTF AUDJPY.,H4: loaded successfully
2	18:59:20.822	Custom indicator SupResZone_MTF AUDJPY.,H4: loaded successfully
2	18:59:20.833	Custom indicator SupResZone_MTF AUDJPY.,H4: loaded successfully
2	18:59:20.843	Custom indicator SupResZone_MTF AUDJPY.,H4: loaded successfully
2	18:59:20.854	Custom indicator MACD-2x AUDJPY.,H4: loaded successfully
2	18:59:20.939	Custom indicator Laguerre-ACS1 AUDJPY.,H4: loaded successfully
2	18:59:21.134	Custom indicator SupResZone_MTF AUDUSD.,H4: loaded successfully
2	18:59:21.146	Custom indicator SupResZone_MTF AUDUSD.,H4: loaded successfully
2	18:59:21.156	Custom indicator SupResZone_MTF AUDUSD.,H4: loaded successfully
2	18:59:21.168	Custom indicator SupResZone_MTF AUDUSD.,H4: loaded successfully
2	18:59:21.178	Custom indicator MACD-2x AUDUSD.,H4: loaded successfully
2	18:59:21.249	Custom indicator Laguerre-ACS1 AUDUSD.,H4: loaded successfully
2	18:59:21.455	Custom indicator SupResZone_MTF USDJPY.,H4: loaded successfully
2	18:59:21.466	Custom indicator SupResZone_MTF USDJPY.,H4: loaded successfully
2	18:59:21.478	Custom indicator SupResZone_MTF USDJPY.,H4: loaded successfully
2	18:59:21.489	Custom indicator SupResZone_MTF USDJPY.,H4: loaded successfully
2	18:59:21.500	Custom indicator MACD-2x USDJPY.,H4: loaded successfully
2	18:59:21.577	Custom indicator Laguerre-ACS1 USDJPY.,H4: loaded successfully
2	18:59:21.816	Custom indicator SupResZone_MTF EURJPY.,H4: loaded successfully
2	18:59:21.827	Custom indicator SupResZone_MTF EURJPY.,H4: loaded successfully
2	18:59:21.838	Custom indicator SupResZone_MTF EURJPY.,H4: loaded successfully
2	18:59:21.849	Custom indicator SupResZone_MTF EURJPY.,H4: loaded successfully
2	18:59:21.860	Custom indicator MACD-2x EURJPY.,H4: loaded successfully
2	18:59:21.935	Custom indicator Laguerre-ACS1 EURJPY.,H4: loaded successfully
2	18:59:22.177	Custom indicator SupResZone_MTF EURUSD.,H4: loaded successfully
2	18:59:22.187	Custom indicator SupResZone_MTF EURUSD.,H4: loaded successfully
2	18:59:22.197	Custom indicator SupResZone_MTF EURUSD.,H4: loaded successfully
2	18:59:22.208	Custom indicator SupResZone_MTF EURUSD.,H4: loaded successfully
2	18:59:22.218	Custom indicator MACD-2x EURUSD.,H4: loaded successfully
2	18:59:22.295	Custom indicator Laguerre-ACS1 EURUSD.,H4: loaded successfully
2	18:59:22.539	Custom indicator SupResZone_MTF GBPJPY.,H4: loaded successfully
2	18:59:22.550	Custom indicator SupResZone_MTF GBPJPY.,H4: loaded successfully
2	18:59:22.562	Custom indicator SupResZone_MTF GBPJPY.,H4: loaded successfully
2	18:59:22.574	Custom indicator SupResZone_MTF GBPJPY.,H4: loaded successfully
2	18:59:22.585	Custom indicator MACD-2x GBPJPY.,H4: loaded successfully
2	18:59:22.666	Custom indicator Laguerre-ACS1 GBPJPY.,H4: loaded successfully
2	18:59:22.902	Custom indicator SupResZone_MTF GBPUSD.,H4: loaded successfully
2	18:59:22.912	Custom indicator SupResZone_MTF GBPUSD.,H4: loaded successfully
2	18:59:22.922	Custom indicator SupResZone_MTF GBPUSD.,H4: loaded successfully
2	18:59:22.934	Custom indicator SupResZone_MTF GBPUSD.,H4: loaded successfully
2	18:59:22.945	Custom indicator MACD-2x GBPUSD.,H4: loaded successfully
2	18:59:23.019	Custom indicator Laguerre-ACS1 GBPUSD.,H4: loaded successfully
2	18:59:23.254	Custom indicator SupResZone_MTF USDCAD.,H4: loaded successfully
2	18:59:23.266	Custom indicator SupResZone_MTF USDCAD.,H4: loaded successfully
2	18:59:23.277	Custom indicator SupResZone_MTF USDCAD.,H4: loaded successfully
2	18:59:23.288	Custom indicator SupResZone_MTF USDCAD.,H4: loaded successfully
2	18:59:23.299	Custom indicator MACD-2x USDCAD.,H4: loaded successfully
2	18:59:23.379	Custom indicator Laguerre-ACS1 USDCAD.,H4: loaded successfully
2	18:59:23.576	Custom indicator SupResZone_MTF USDCHF.,H4: loaded successfully
2	18:59:23.588	Custom indicator SupResZone_MTF USDCHF.,H4: loaded successfully
2	18:59:23.599	Custom indicator SupResZone_MTF USDCHF.,H4: loaded successfully
2	18:59:23.609	Custom indicator SupResZone_MTF USDCHF.,H4: loaded successfully
2	18:59:23.619	Custom indicator MACD-2x USDCHF.,H4: loaded successfully
2	18:59:23.695	Custom indicator Laguerre-ACS1 USDCHF.,H4: loaded successfully
2	18:59:23.893	Custom indicator SupResZone_MTF USDCNH,Daily: loaded successfully
2	18:59:23.903	Custom indicator SupResZone_MTF USDCNH,Daily: loaded successfully
2	18:59:23.914	Custom indicator SupResZone_MTF USDCNH,Daily: loaded successfully
2	18:59:23.924	Custom indicator SupResZone_MTF USDCNH,Daily: loaded successfully
2	18:59:23.934	Custom indicator MACD-2x USDCNH,Daily: loaded successfully
2	18:59:24.008	Custom indicator Laguerre-ACS1 USDCNH,Daily: loaded successfully
2	18:59:24.186	Custom indicator GMMA Long USDJPY.,H4: loaded successfully
2	18:59:24.196	Custom indicator GMMA Short USDJPY.,H4: loaded successfully
2	18:59:24.204	Custom indicator 23MTF_MovingAverageIGOR USDJPY.,H4: loaded successfully
2	18:59:24.213	Custom indicator 23MTF_MovingAverageIGOR USDJPY.,H4: loaded successfully
2	18:59:24.223	Custom indicator SupResZone_MTF USDJPY.,H4: loaded successfully
2	18:59:24.234	Custom indicator SupResZone_MTF USDJPY.,H4: loaded successfully
2	18:59:24.244	Custom indicator MACD-2x USDJPY.,H4: loaded successfully
2	18:59:24.477	Custom indicator SupResZone_MTF CHINA300,Daily: loaded successfully
2	18:59:24.487	Custom indicator SupResZone_MTF CHINA300,Daily: loaded successfully
2	18:59:24.497	Custom indicator SupResZone_MTF CHINA300,Daily: loaded successfully
2	18:59:24.507	Custom indicator SupResZone_MTF CHINA300,Daily: loaded successfully
2	18:59:24.518	Custom indicator MACD-2x CHINA300,Daily: loaded successfully
2	18:59:24.589	Custom indicator Laguerre-ACS1 CHINA300,Daily: loaded successfully
0	18:59:27.148	'120010550': login on PRC-Live through Server 5 (ping: 145.69 ms)
0	18:59:28.737	'120010550': login datacenter on PRC-Live through Server 5 (ping: 145.69 ms)
0	18:59:29.192	'120010550': previous successful authorization performed from 223.104.237.145
0	18:59:48.320	'120010550': ping to current access point Server 5 is 144.25 ms
0	19:00:24.640	'120010550': pending order buy stop 0.02 US_OIL at 61.98 sl: 0.00 tp: 0.00
0	19:00:25.833	'120010550': order was opened : #11092769 buy stop 0.02 US_OIL at 61.98 sl: 0.00 tp: 0.00
0	19:00:34.977	'120010550': modify pending order #11092769 buy stop 0.02 US_OIL at 61.98 sl: 0.00 tp: 0.00 -> price: 61.73 sl: 0.00 tp: 0.00
0	19:00:35.862	'120010550': pending order #11092769 buy stop 0.02 US_OIL was modified -> price: 61.73 sl: 0.00 tp: 0.00
0	19:17:59.553	'120010550': pending order sell stop 0.02 EURAUD. at 1.59984 sl: 0.00000 tp: 0.00000
0	19:17:59.892	'120010550': order was opened : #11092853 sell stop 0.02 EURAUD. at 1.59984 sl: 0.00000 tp: 0.00000
0	19:18:05.851	'120010550': modify pending order #11092853 sell stop 0.02 EURAUD. at 1.59984 sl: 0.00000 tp: 0.00000 -> price: 1.59909 sl: 0.00000 tp: 0.00000
0	19:18:06.125	'120010550': pending order #11092853 sell stop 0.02 EURAUD. was modified -> price: 1.59909 sl: 0.00000 tp: 0.00000
1	22:49:19.829	'120010550': ping failed
1	22:49:19.830	'120010550': ping failed
1	22:49:21.192	'120010550': connect failed [No connection]
0	22:49:27.085	'120010550': login on PRC-Live through Server 8 (ping: n/a)
0	22:49:30.004	'120010550': login datacenter on PRC-Live through Server 8 (ping: n/a)
0	22:49:30.453	'120010550': previous successful authorization performed from 223.104.237.145
0	22:49:56.818	'120010550': auto connecting to a better access point Server 3 (ping is 121.25 ms)
0	22:49:57.546	'120010550': login on PRC-Live through Server 3 (ping: 121.25 ms)
0	22:50:04.155	'120010550': login datacenter on PRC-Live through Server 3 (ping: 121.25 ms)
0	22:50:05.081	'120010550': previous successful authorization performed from 101.131.181.23
1	23:32:26.002	'120010550': ping failed
1	23:32:26.004	'120010550': datacenter connecting failed [6]
0	23:32:26.665	'120010550': login on PRC-Live through Server 5 (ping: 144.08 ms)
0	23:32:28.027	'120010550': login datacenter on PRC-Live through Server 5 (ping: 144.08 ms)
0	23:32:28.397	'120010550': previous successful authorization performed from 1.180.18.101
2	23:40:02.482	Custom indicator SupResZone_MTF USDXXX,Daily: removed
2	23:40:02.484	Custom indicator SupResZone_MTF USDXXX,Daily: removed
2	23:40:02.486	Custom indicator SupResZone_MTF USDXXX,Daily: removed
2	23:40:02.487	Custom indicator SupResZone_MTF USDXXX,Daily: removed
2	23:40:02.489	Custom indicator MACD-2x USDXXX,Daily: removed
2	23:40:02.489	Custom indicator Laguerre-ACS1 USDXXX,Daily: removed
2	23:40:02.517	Custom indicator SupResZone_MTF XAUUSD.,H4: removed
2	23:40:02.519	Custom indicator SupResZone_MTF XAUUSD.,H4: removed
2	23:40:02.520	Custom indicator SupResZone_MTF XAUUSD.,H4: removed
2	23:40:02.522	Custom indicator SupResZone_MTF XAUUSD.,H4: removed
2	23:40:02.523	Custom indicator MACD-2x XAUUSD.,H4: removed
2	23:40:02.523	Custom indicator Laguerre-ACS1 XAUUSD.,H4: removed
2	23:40:02.550	Custom indicator SupResZone_MTF XAGUSD.,H4: removed
2	23:40:02.552	Custom indicator SupResZone_MTF XAGUSD.,H4: removed
2	23:40:02.553	Custom indicator SupResZone_MTF XAGUSD.,H4: removed
2	23:40:02.555	Custom indicator SupResZone_MTF XAGUSD.,H4: removed
2	23:40:02.557	Custom indicator MACD-2x XAGUSD.,H4: removed
2	23:40:02.558	Custom indicator Laguerre-ACS1 XAGUSD.,H4: removed
2	23:40:02.584	Custom indicator SupResZone_MTF US_OIL,H4: removed
2	23:40:02.585	Custom indicator SupResZone_MTF US_OIL,H4: removed
2	23:40:02.587	Custom indicator SupResZone_MTF US_OIL,H4: removed
2	23:40:02.589	Custom indicator SupResZone_MTF US_OIL,H4: removed
2	23:40:02.591	Custom indicator MACD-2x US_OIL,H4: removed
2	23:40:02.591	Custom indicator Laguerre-ACS1 US_OIL,H4: removed
2	23:40:02.620	Custom indicator SupResZone_MTF JP225,H4: removed
2	23:40:02.622	Custom indicator SupResZone_MTF JP225,H4: removed
2	23:40:02.623	Custom indicator SupResZone_MTF JP225,H4: removed
2	23:40:02.624	Custom indicator SupResZone_MTF JP225,H4: removed
2	23:40:02.626	Custom indicator MACD-2x JP225,H4: removed
2	23:40:02.626	Custom indicator Laguerre-ACS1 JP225,H4: removed
2	23:40:02.651	Custom indicator SupResZone_MTF SPX500,H4: removed
2	23:40:02.653	Custom indicator SupResZone_MTF SPX500,H4: removed
2	23:40:02.654	Custom indicator SupResZone_MTF SPX500,H4: removed
2	23:40:02.655	Custom indicator SupResZone_MTF SPX500,H4: removed
2	23:40:02.657	Custom indicator MACD-2x SPX500,H4: removed
2	23:40:02.657	Custom indicator Laguerre-ACS1 SPX500,H4: removed
2	23:40:02.683	Custom indicator SupResZone_MTF EURAUD.,H4: removed
2	23:40:02.684	Custom indicator SupResZone_MTF EURAUD.,H4: removed
2	23:40:02.686	Custom indicator SupResZone_MTF EURAUD.,H4: removed
2	23:40:02.687	Custom indicator SupResZone_MTF EURAUD.,H4: removed
2	23:40:02.688	Custom indicator MACD-2x EURAUD.,H4: removed
2	23:40:02.688	Custom indicator Laguerre-ACS1 EURAUD.,H4: removed
2	23:40:02.709	Custom indicator SupResZone_MTF AUDJPY.,H4: removed
2	23:40:02.711	Custom indicator SupResZone_MTF AUDJPY.,H4: removed
2	23:40:02.712	Custom indicator SupResZone_MTF AUDJPY.,H4: removed
2	23:40:02.714	Custom indicator SupResZone_MTF AUDJPY.,H4: removed
2	23:40:02.716	Custom indicator MACD-2x AUDJPY.,H4: removed
2	23:40:02.716	Custom indicator Laguerre-ACS1 AUDJPY.,H4: removed
2	23:40:02.734	Custom indicator SupResZone_MTF AUDUSD.,H4: removed
2	23:40:02.736	Custom indicator SupResZone_MTF AUDUSD.,H4: removed
2	23:40:02.738	Custom indicator SupResZone_MTF AUDUSD.,H4: removed
2	23:40:02.739	Custom indicator SupResZone_MTF AUDUSD.,H4: removed
2	23:40:02.741	Custom indicator MACD-2x AUDUSD.,H4: removed
2	23:40:02.741	Custom indicator Laguerre-ACS1 AUDUSD.,H4: removed
2	23:40:02.759	Custom indicator SupResZone_MTF USDJPY.,H4: removed
2	23:40:02.761	Custom indicator SupResZone_MTF USDJPY.,H4: removed
2	23:40:02.763	Custom indicator SupResZone_MTF USDJPY.,H4: removed
2	23:40:02.765	Custom indicator SupResZone_MTF USDJPY.,H4: removed
2	23:40:02.767	Custom indicator MACD-2x USDJPY.,H4: removed
2	23:40:02.767	Custom indicator Laguerre-ACS1 USDJPY.,H4: removed
2	23:40:02.788	Custom indicator SupResZone_MTF EURJPY.,H4: removed
2	23:40:02.789	Custom indicator SupResZone_MTF EURJPY.,H4: removed
2	23:40:02.791	Custom indicator SupResZone_MTF EURJPY.,H4: removed
2	23:40:02.793	Custom indicator SupResZone_MTF EURJPY.,H4: removed
2	23:40:02.795	Custom indicator MACD-2x EURJPY.,H4: removed
2	23:40:02.795	Custom indicator Laguerre-ACS1 EURJPY.,H4: removed
2	23:40:02.822	Custom indicator SupResZone_MTF EURUSD.,H4: removed
2	23:40:02.824	Custom indicator SupResZone_MTF EURUSD.,H4: removed
2	23:40:02.826	Custom indicator SupResZone_MTF EURUSD.,H4: removed
2	23:40:02.827	Custom indicator SupResZone_MTF EURUSD.,H4: removed
2	23:40:02.829	Custom indicator MACD-2x EURUSD.,H4: removed
2	23:40:02.829	Custom indicator Laguerre-ACS1 EURUSD.,H4: removed
2	23:40:02.854	Custom indicator SupResZone_MTF GBPJPY.,H4: removed
2	23:40:02.856	Custom indicator SupResZone_MTF GBPJPY.,H4: removed
2	23:40:02.858	Custom indicator SupResZone_MTF GBPJPY.,H4: removed
2	23:40:02.859	Custom indicator SupResZone_MTF GBPJPY.,H4: removed
2	23:40:02.860	Custom indicator MACD-2x GBPJPY.,H4: removed
2	23:40:02.861	Custom indicator Laguerre-ACS1 GBPJPY.,H4: removed
2	23:40:02.886	Custom indicator SupResZone_MTF GBPUSD.,H4: removed
2	23:40:02.888	Custom indicator SupResZone_MTF GBPUSD.,H4: removed
2	23:40:02.889	Custom indicator SupResZone_MTF GBPUSD.,H4: removed
2	23:40:02.891	Custom indicator SupResZone_MTF GBPUSD.,H4: removed
2	23:40:02.893	Custom indicator MACD-2x GBPUSD.,H4: removed
2	23:40:02.893	Custom indicator Laguerre-ACS1 GBPUSD.,H4: removed
2	23:40:02.919	Custom indicator SupResZone_MTF USDCAD.,H4: removed
2	23:40:02.921	Custom indicator SupResZone_MTF USDCAD.,H4: removed
2	23:40:02.922	Custom indicator SupResZone_MTF USDCAD.,H4: removed
2	23:40:02.924	Custom indicator SupResZone_MTF USDCAD.,H4: removed
2	23:40:02.926	Custom indicator MACD-2x USDCAD.,H4: removed
2	23:40:02.926	Custom indicator Laguerre-ACS1 USDCAD.,H4: removed
2	23:40:02.952	Custom indicator SupResZone_MTF USDCHF.,H1: removed
2	23:40:02.954	Custom indicator SupResZone_MTF USDCHF.,H1: removed
2	23:40:02.957	Custom indicator SupResZone_MTF USDCHF.,H1: removed
2	23:40:02.959	Custom indicator SupResZone_MTF USDCHF.,H1: removed
2	23:40:02.961	Custom indicator MACD-2x USDCHF.,H1: removed
2	23:40:02.961	Custom indicator Laguerre-ACS1 USDCHF.,H1: removed
2	23:40:02.970	Custom indicator SupResZone_MTF USDCNH,Daily: removed
2	23:40:02.971	Custom indicator SupResZone_MTF USDCNH,Daily: removed
2	23:40:02.973	Custom indicator SupResZone_MTF USDCNH,Daily: removed
2	23:40:02.975	Custom indicator SupResZone_MTF USDCNH,Daily: removed
2	23:40:02.976	Custom indicator MACD-2x USDCNH,Daily: removed
2	23:40:02.976	Custom indicator Laguerre-ACS1 USDCNH,Daily: removed
2	23:40:02.993	Custom indicator GMMA Long USDJPY.,H4: removed
2	23:40:02.995	Custom indicator GMMA Short USDJPY.,H4: removed
2	23:40:02.997	Custom indicator 23MTF_MovingAverageIGOR USDJPY.,H4: removed
2	23:40:02.998	Custom indicator 23MTF_MovingAverageIGOR USDJPY.,H4: removed
2	23:40:03.000	Custom indicator SupResZone_MTF USDJPY.,H4: removed
2	23:40:03.001	Custom indicator SupResZone_MTF USDJPY.,H4: removed
2	23:40:03.003	Custom indicator MACD-2x USDJPY.,H4: removed
2	23:40:03.015	Custom indicator SupResZone_MTF CHINA300,Daily: removed
2	23:40:03.017	Custom indicator SupResZone_MTF CHINA300,Daily: removed
2	23:40:03.018	Custom indicator SupResZone_MTF CHINA300,Daily: removed
2	23:40:03.020	Custom indicator SupResZone_MTF CHINA300,Daily: removed
2	23:40:03.022	Custom indicator MACD-2x CHINA300,Daily: removed
2	23:40:03.022	Custom indicator Laguerre-ACS1 CHINA300,Daily: removed
0	23:40:03.564	FX Trader build 1170 stopped
