0	20:33:47.420	FX Trader build 1170 started (Performance Ronnaru Capital Ltd.)
0	20:33:47.420	Windows 10 Home x64, IE 11, UAC, 8 x Intel Core i7-6700HQ  @ 2.60GHz, Memory: 26167 / 32639 Mb, Disk: 135 / 264 Gb, GMT+8
0	20:33:47.420	Data Folder: C:\Users\tiany\AppData\Roaming\MetaQuotes\Terminal\79214103E7A6FC97F86082D309D0B84B
2	20:33:49.530	Custom indicator SupResZone_MTF USDXXX,Daily: loaded successfully
2	20:33:49.552	Custom indicator SupResZone_MTF USDXXX,Daily: loaded successfully
2	20:33:49.562	Custom indicator SupResZone_MTF USDXXX,Daily: loaded successfully
2	20:33:49.572	Custom indicator SupResZone_MTF USDXXX,Daily: loaded successfully
2	20:33:49.583	Custom indicator MACD-2x USDXXX,Daily: loaded successfully
2	20:33:49.658	Custom indicator Laguerre-ACS1 USDXXX,Daily: loaded successfully
2	20:33:49.843	Custom indicator SupResZone_MTF XAUUSD.,H4: loaded successfully
2	20:33:49.854	Custom indicator SupResZone_MTF XAUUSD.,H4: loaded successfully
2	20:33:49.866	Custom indicator SupResZone_MTF XAUUSD.,H4: loaded successfully
2	20:33:49.877	Custom indicator SupResZone_MTF XAUUSD.,H4: loaded successfully
2	20:33:49.887	Custom indicator MACD-2x XAUUSD.,H4: loaded successfully
2	20:33:49.981	Custom indicator Laguerre-ACS1 XAUUSD.,H4: loaded successfully
2	20:33:50.195	Custom indicator SupResZone_MTF XAGUSD.,H4: loaded successfully
2	20:33:50.205	Custom indicator SupResZone_MTF XAGUSD.,H4: loaded successfully
2	20:33:50.216	Custom indicator SupResZone_MTF XAGUSD.,H4: loaded successfully
2	20:33:50.227	Custom indicator SupResZone_MTF XAGUSD.,H4: loaded successfully
2	20:33:50.236	Custom indicator MACD-2x XAGUSD.,H4: loaded successfully
2	20:33:50.308	Custom indicator Laguerre-ACS1 XAGUSD.,H4: loaded successfully
2	20:33:50.540	Custom indicator SupResZone_MTF US_OIL,H4: loaded successfully
2	20:33:50.552	Custom indicator SupResZone_MTF US_OIL,H4: loaded successfully
2	20:33:50.561	Custom indicator SupResZone_MTF US_OIL,H4: loaded successfully
2	20:33:50.572	Custom indicator SupResZone_MTF US_OIL,H4: loaded successfully
2	20:33:50.581	Custom indicator MACD-2x US_OIL,H4: loaded successfully
2	20:33:50.653	Custom indicator Laguerre-ACS1 US_OIL,H4: loaded successfully
2	20:33:50.921	Custom indicator SupResZone_MTF JP225,H4: loaded successfully
2	20:33:50.936	Custom indicator SupResZone_MTF JP225,H4: loaded successfully
2	20:33:50.948	Custom indicator SupResZone_MTF JP225,H4: loaded successfully
2	20:33:50.958	Custom indicator SupResZone_MTF JP225,H4: loaded successfully
2	20:33:50.972	Custom indicator MACD-2x JP225,H4: loaded successfully
2	20:33:51.048	Custom indicator Laguerre-ACS1 JP225,H4: loaded successfully
2	20:33:51.345	Custom indicator SupResZone_MTF SPX500,H4: loaded successfully
2	20:33:51.358	Custom indicator SupResZone_MTF SPX500,H4: loaded successfully
2	20:33:51.370	Custom indicator SupResZone_MTF SPX500,H4: loaded successfully
2	20:33:51.380	Custom indicator SupResZone_MTF SPX500,H4: loaded successfully
2	20:33:51.389	Custom indicator MACD-2x SPX500,H4: loaded successfully
2	20:33:51.461	Custom indicator Laguerre-ACS1 SPX500,H4: loaded successfully
2	20:33:51.738	Custom indicator SupResZone_MTF EURAUD.,H4: loaded successfully
2	20:33:51.748	Custom indicator SupResZone_MTF EURAUD.,H4: loaded successfully
2	20:33:51.759	Custom indicator SupResZone_MTF EURAUD.,H4: loaded successfully
2	20:33:51.769	Custom indicator SupResZone_MTF EURAUD.,H4: loaded successfully
2	20:33:51.778	Custom indicator MACD-2x EURAUD.,H4: loaded successfully
2	20:33:51.848	Custom indicator Laguerre-ACS1 EURAUD.,H4: loaded successfully
2	20:33:52.065	Custom indicator SupResZone_MTF AUDJPY.,H4: loaded successfully
2	20:33:52.076	Custom indicator SupResZone_MTF AUDJPY.,H4: loaded successfully
2	20:33:52.086	Custom indicator SupResZone_MTF AUDJPY.,H4: loaded successfully
2	20:33:52.096	Custom indicator SupResZone_MTF AUDJPY.,H4: loaded successfully
2	20:33:52.107	Custom indicator MACD-2x AUDJPY.,H4: loaded successfully
2	20:33:52.178	Custom indicator Laguerre-ACS1 AUDJPY.,H4: loaded successfully
2	20:33:52.535	Custom indicator SupResZone_MTF AUDUSD.,H4: loaded successfully
2	20:33:52.553	Custom indicator SupResZone_MTF AUDUSD.,H4: loaded successfully
2	20:33:52.563	Custom indicator SupResZone_MTF AUDUSD.,H4: loaded successfully
2	20:33:52.574	Custom indicator SupResZone_MTF AUDUSD.,H4: loaded successfully
2	20:33:52.584	Custom indicator MACD-2x AUDUSD.,H4: loaded successfully
2	20:33:52.655	Custom indicator Laguerre-ACS1 AUDUSD.,H4: loaded successfully
2	20:33:52.901	Custom indicator SupResZone_MTF USDJPY.,H4: loaded successfully
2	20:33:52.912	Custom indicator SupResZone_MTF USDJPY.,H4: loaded successfully
2	20:33:52.921	Custom indicator SupResZone_MTF USDJPY.,H4: loaded successfully
2	20:33:52.932	Custom indicator SupResZone_MTF USDJPY.,H4: loaded successfully
2	20:33:52.943	Custom indicator MACD-2x USDJPY.,H4: loaded successfully
2	20:33:53.014	Custom indicator Laguerre-ACS1 USDJPY.,H4: loaded successfully
2	20:33:53.405	Custom indicator SupResZone_MTF EURJPY.,H4: loaded successfully
2	20:33:53.415	Custom indicator SupResZone_MTF EURJPY.,H4: loaded successfully
2	20:33:53.427	Custom indicator SupResZone_MTF EURJPY.,H4: loaded successfully
2	20:33:53.437	Custom indicator SupResZone_MTF EURJPY.,H4: loaded successfully
2	20:33:53.447	Custom indicator MACD-2x EURJPY.,H4: loaded successfully
2	20:33:53.519	Custom indicator Laguerre-ACS1 EURJPY.,H4: loaded successfully
2	20:33:53.786	Custom indicator SupResZone_MTF EURUSD.,H4: loaded successfully
2	20:33:53.797	Custom indicator SupResZone_MTF EURUSD.,H4: loaded successfully
2	20:33:53.807	Custom indicator SupResZone_MTF EURUSD.,H4: loaded successfully
2	20:33:53.818	Custom indicator SupResZone_MTF EURUSD.,H4: loaded successfully
2	20:33:53.828	Custom indicator MACD-2x EURUSD.,H4: loaded successfully
2	20:33:53.899	Custom indicator Laguerre-ACS1 EURUSD.,H4: loaded successfully
2	20:33:54.162	Custom indicator SupResZone_MTF GBPJPY.,H4: loaded successfully
2	20:33:54.172	Custom indicator SupResZone_MTF GBPJPY.,H4: loaded successfully
2	20:33:54.184	Custom indicator SupResZone_MTF GBPJPY.,H4: loaded successfully
2	20:33:54.194	Custom indicator SupResZone_MTF GBPJPY.,H4: loaded successfully
2	20:33:54.204	Custom indicator MACD-2x GBPJPY.,H4: loaded successfully
2	20:33:54.275	Custom indicator Laguerre-ACS1 GBPJPY.,H4: loaded successfully
2	20:33:54.534	Custom indicator SupResZone_MTF GBPUSD.,H4: loaded successfully
2	20:33:54.545	Custom indicator SupResZone_MTF GBPUSD.,H4: loaded successfully
2	20:33:54.557	Custom indicator SupResZone_MTF GBPUSD.,H4: loaded successfully
2	20:33:54.567	Custom indicator SupResZone_MTF GBPUSD.,H4: loaded successfully
2	20:33:54.577	Custom indicator MACD-2x GBPUSD.,H4: loaded successfully
2	20:33:54.646	Custom indicator Laguerre-ACS1 GBPUSD.,H4: loaded successfully
2	20:33:55.097	Custom indicator SupResZone_MTF USDCAD.,H4: loaded successfully
2	20:33:55.107	Custom indicator SupResZone_MTF USDCAD.,H4: loaded successfully
2	20:33:55.118	Custom indicator SupResZone_MTF USDCAD.,H4: loaded successfully
2	20:33:55.130	Custom indicator SupResZone_MTF USDCAD.,H4: loaded successfully
2	20:33:55.140	Custom indicator MACD-2x USDCAD.,H4: loaded successfully
2	20:33:55.212	Custom indicator Laguerre-ACS1 USDCAD.,H4: loaded successfully
2	20:33:55.464	Custom indicator SupResZone_MTF USDCHF.,H4: loaded successfully
2	20:33:55.486	Custom indicator SupResZone_MTF USDCHF.,H4: loaded successfully
2	20:33:55.499	Custom indicator SupResZone_MTF USDCHF.,H4: loaded successfully
2	20:33:55.509	Custom indicator SupResZone_MTF USDCHF.,H4: loaded successfully
2	20:33:55.519	Custom indicator MACD-2x USDCHF.,H4: loaded successfully
2	20:33:55.602	Custom indicator Laguerre-ACS1 USDCHF.,H4: loaded successfully
2	20:33:55.823	Custom indicator SupResZone_MTF USDCNH,Daily: loaded successfully
2	20:33:55.833	Custom indicator SupResZone_MTF USDCNH,Daily: loaded successfully
2	20:33:55.843	Custom indicator SupResZone_MTF USDCNH,Daily: loaded successfully
2	20:33:55.853	Custom indicator SupResZone_MTF USDCNH,Daily: loaded successfully
2	20:33:55.865	Custom indicator MACD-2x USDCNH,Daily: loaded successfully
2	20:33:55.945	Custom indicator Laguerre-ACS1 USDCNH,Daily: loaded successfully
2	20:33:56.159	Custom indicator GMMA Long USDJPY.,H4: loaded successfully
2	20:33:56.181	Custom indicator GMMA Short USDJPY.,H4: loaded successfully
2	20:33:56.189	Custom indicator 23MTF_MovingAverageIGOR USDJPY.,H4: loaded successfully
2	20:33:56.198	Custom indicator 23MTF_MovingAverageIGOR USDJPY.,H4: loaded successfully
2	20:33:56.209	Custom indicator SupResZone_MTF USDJPY.,H4: loaded successfully
2	20:33:56.218	Custom indicator SupResZone_MTF USDJPY.,H4: loaded successfully
2	20:33:56.231	Custom indicator MACD-2x USDJPY.,H4: loaded successfully
2	20:33:56.514	Custom indicator SupResZone_MTF CHINA300,Daily: loaded successfully
2	20:33:56.525	Custom indicator SupResZone_MTF CHINA300,Daily: loaded successfully
2	20:33:56.537	Custom indicator SupResZone_MTF CHINA300,Daily: loaded successfully
2	20:33:56.548	Custom indicator SupResZone_MTF CHINA300,Daily: loaded successfully
2	20:33:56.560	Custom indicator MACD-2x CHINA300,Daily: loaded successfully
2	20:33:56.629	Custom indicator Laguerre-ACS1 CHINA300,Daily: loaded successfully
0	20:33:59.420	'120010550': login on PRC-Live through Server 5 (ping: 197.90 ms)
0	20:34:02.092	'120010550': login datacenter on PRC-Live through Server 5 (ping: 197.90 ms)
0	20:34:02.545	'120010550': previous successful authorization performed from 101.131.181.23
0	20:34:24.843	'120010550': order #11075815 sell 0.02 AUDUSD. at 0.69531 closed due stop-loss at price 0.69504
0	20:34:32.897	'120010550': ping to current access point Server 5 is 94.40 ms
0	20:34:55.907	'120010550': order buy market 0.01 US_OIL sl: 0.00 tp: 0.00
0	20:34:56.297	'120010550': order was opened : #11081498 buy 0.01 US_OIL at 59.23 sl: 0.00 tp: 0.00
0	20:35:14.094	'120010550': order buy market 0.01 XAUUSD. sl: 0.00 tp: 0.00
0	20:35:14.983	'120010550': order was opened : #11081617 buy 0.01 XAUUSD. at 1407.24 sl: 0.00 tp: 0.00
0	20:36:09.121	'120010550': modify order #11069354 sell 0.02 USDCHF. at 0.98514 sl: 0.99573 tp: 0.98449 -> sl: 0.99573 tp: 0.97877
0	20:36:09.530	'120010550': order #11069354 sell 0.02 USDCHF. at 0.98514 was modified -> sl: 0.99573 tp: 0.97877
0	21:04:50.899	'120010550': modify order #11050246 buy 0.01 US_OIL at 60.02 sl: 55.51 tp: 0.00 -> sl: 55.51 tp: 60.12
0	21:04:51.902	'120010550': order #11050246 buy 0.01 US_OIL at 60.02 was modified -> sl: 55.51 tp: 60.12
2	21:05:15.832	Custom indicator SupResZone_MTF USDXXX,Daily: removed
2	21:05:15.834	Custom indicator SupResZone_MTF USDXXX,Daily: removed
2	21:05:15.835	Custom indicator SupResZone_MTF USDXXX,Daily: removed
2	21:05:15.837	Custom indicator SupResZone_MTF USDXXX,Daily: removed
2	21:05:15.838	Custom indicator MACD-2x USDXXX,Daily: removed
2	21:05:15.838	Custom indicator Laguerre-ACS1 USDXXX,Daily: removed
2	21:05:15.847	Custom indicator SupResZone_MTF XAUUSD.,H4: removed
2	21:05:15.848	Custom indicator SupResZone_MTF XAUUSD.,H4: removed
2	21:05:15.850	Custom indicator SupResZone_MTF XAUUSD.,H4: removed
2	21:05:15.852	Custom indicator SupResZone_MTF XAUUSD.,H4: removed
2	21:05:15.855	Custom indicator MACD-2x XAUUSD.,H4: removed
2	21:05:15.855	Custom indicator Laguerre-ACS1 XAUUSD.,H4: removed
2	21:05:15.863	Custom indicator SupResZone_MTF XAGUSD.,H4: removed
2	21:05:15.866	Custom indicator SupResZone_MTF XAGUSD.,H4: removed
2	21:05:15.867	Custom indicator SupResZone_MTF XAGUSD.,H4: removed
2	21:05:15.869	Custom indicator SupResZone_MTF XAGUSD.,H4: removed
2	21:05:15.871	Custom indicator MACD-2x XAGUSD.,H4: removed
2	21:05:15.871	Custom indicator Laguerre-ACS1 XAGUSD.,H4: removed
2	21:05:15.878	Custom indicator SupResZone_MTF US_OIL,H4: removed
2	21:05:15.880	Custom indicator SupResZone_MTF US_OIL,H4: removed
2	21:05:15.881	Custom indicator SupResZone_MTF US_OIL,H4: removed
2	21:05:15.883	Custom indicator SupResZone_MTF US_OIL,H4: removed
2	21:05:15.884	Custom indicator MACD-2x US_OIL,H4: removed
2	21:05:15.884	Custom indicator Laguerre-ACS1 US_OIL,H4: removed
2	21:05:15.892	Custom indicator SupResZone_MTF JP225,H4: removed
2	21:05:15.895	Custom indicator SupResZone_MTF JP225,H4: removed
2	21:05:15.896	Custom indicator SupResZone_MTF JP225,H4: removed
2	21:05:15.897	Custom indicator SupResZone_MTF JP225,H4: removed
2	21:05:15.899	Custom indicator MACD-2x JP225,H4: removed
2	21:05:15.899	Custom indicator Laguerre-ACS1 JP225,H4: removed
2	21:05:15.906	Custom indicator SupResZone_MTF SPX500,H4: removed
2	21:05:15.907	Custom indicator SupResZone_MTF SPX500,H4: removed
2	21:05:15.909	Custom indicator SupResZone_MTF SPX500,H4: removed
2	21:05:15.911	Custom indicator SupResZone_MTF SPX500,H4: removed
2	21:05:15.913	Custom indicator MACD-2x SPX500,H4: removed
2	21:05:15.913	Custom indicator Laguerre-ACS1 SPX500,H4: removed
2	21:05:15.919	Custom indicator SupResZone_MTF EURAUD.,H4: removed
2	21:05:15.920	Custom indicator SupResZone_MTF EURAUD.,H4: removed
2	21:05:15.922	Custom indicator SupResZone_MTF EURAUD.,H4: removed
2	21:05:15.925	Custom indicator SupResZone_MTF EURAUD.,H4: removed
2	21:05:15.927	Custom indicator MACD-2x EURAUD.,H4: removed
2	21:05:15.927	Custom indicator Laguerre-ACS1 EURAUD.,H4: removed
2	21:05:15.933	Custom indicator SupResZone_MTF AUDJPY.,H4: removed
2	21:05:15.935	Custom indicator SupResZone_MTF AUDJPY.,H4: removed
2	21:05:15.936	Custom indicator SupResZone_MTF AUDJPY.,H4: removed
2	21:05:15.937	Custom indicator SupResZone_MTF AUDJPY.,H4: removed
2	21:05:15.939	Custom indicator MACD-2x AUDJPY.,H4: removed
2	21:05:15.939	Custom indicator Laguerre-ACS1 AUDJPY.,H4: removed
2	21:05:15.946	Custom indicator SupResZone_MTF AUDUSD.,H4: removed
2	21:05:15.948	Custom indicator SupResZone_MTF AUDUSD.,H4: removed
2	21:05:15.949	Custom indicator SupResZone_MTF AUDUSD.,H4: removed
2	21:05:15.950	Custom indicator SupResZone_MTF AUDUSD.,H4: removed
2	21:05:15.952	Custom indicator MACD-2x AUDUSD.,H4: removed
2	21:05:15.952	Custom indicator Laguerre-ACS1 AUDUSD.,H4: removed
2	21:05:15.959	Custom indicator SupResZone_MTF USDJPY.,H4: removed
2	21:05:15.961	Custom indicator SupResZone_MTF USDJPY.,H4: removed
2	21:05:15.962	Custom indicator SupResZone_MTF USDJPY.,H4: removed
2	21:05:15.964	Custom indicator SupResZone_MTF USDJPY.,H4: removed
2	21:05:15.965	Custom indicator MACD-2x USDJPY.,H4: removed
2	21:05:15.965	Custom indicator Laguerre-ACS1 USDJPY.,H4: removed
2	21:05:15.973	Custom indicator SupResZone_MTF EURJPY.,H4: removed
2	21:05:15.974	Custom indicator SupResZone_MTF EURJPY.,H4: removed
2	21:05:15.976	Custom indicator SupResZone_MTF EURJPY.,H4: removed
2	21:05:15.977	Custom indicator SupResZone_MTF EURJPY.,H4: removed
2	21:05:15.979	Custom indicator MACD-2x EURJPY.,H4: removed
2	21:05:15.979	Custom indicator Laguerre-ACS1 EURJPY.,H4: removed
2	21:05:15.985	Custom indicator SupResZone_MTF EURUSD.,H4: removed
2	21:05:15.987	Custom indicator SupResZone_MTF EURUSD.,H4: removed
2	21:05:15.989	Custom indicator SupResZone_MTF EURUSD.,H4: removed
2	21:05:15.990	Custom indicator SupResZone_MTF EURUSD.,H4: removed
2	21:05:15.992	Custom indicator MACD-2x EURUSD.,H4: removed
2	21:05:15.992	Custom indicator Laguerre-ACS1 EURUSD.,H4: removed
2	21:05:15.998	Custom indicator SupResZone_MTF GBPJPY.,H4: removed
2	21:05:16.000	Custom indicator SupResZone_MTF GBPJPY.,H4: removed
2	21:05:16.001	Custom indicator SupResZone_MTF GBPJPY.,H4: removed
2	21:05:16.003	Custom indicator SupResZone_MTF GBPJPY.,H4: removed
2	21:05:16.004	Custom indicator MACD-2x GBPJPY.,H4: removed
2	21:05:16.004	Custom indicator Laguerre-ACS1 GBPJPY.,H4: removed
2	21:05:16.011	Custom indicator SupResZone_MTF GBPUSD.,H4: removed
2	21:05:16.013	Custom indicator SupResZone_MTF GBPUSD.,H4: removed
2	21:05:16.015	Custom indicator SupResZone_MTF GBPUSD.,H4: removed
2	21:05:16.017	Custom indicator SupResZone_MTF GBPUSD.,H4: removed
2	21:05:16.018	Custom indicator MACD-2x GBPUSD.,H4: removed
2	21:05:16.019	Custom indicator Laguerre-ACS1 GBPUSD.,H4: removed
2	21:05:16.026	Custom indicator SupResZone_MTF USDCAD.,H4: removed
2	21:05:16.027	Custom indicator SupResZone_MTF USDCAD.,H4: removed
2	21:05:16.029	Custom indicator SupResZone_MTF USDCAD.,H4: removed
2	21:05:16.030	Custom indicator SupResZone_MTF USDCAD.,H4: removed
2	21:05:16.032	Custom indicator MACD-2x USDCAD.,H4: removed
2	21:05:16.032	Custom indicator Laguerre-ACS1 USDCAD.,H4: removed
2	21:05:16.053	Custom indicator SupResZone_MTF USDCHF.,H4: removed
2	21:05:16.055	Custom indicator SupResZone_MTF USDCHF.,H4: removed
2	21:05:16.057	Custom indicator SupResZone_MTF USDCHF.,H4: removed
2	21:05:16.058	Custom indicator SupResZone_MTF USDCHF.,H4: removed
2	21:05:16.060	Custom indicator MACD-2x USDCHF.,H4: removed
2	21:05:16.060	Custom indicator Laguerre-ACS1 USDCHF.,H4: removed
2	21:05:16.080	Custom indicator SupResZone_MTF USDCNH,Daily: removed
2	21:05:16.082	Custom indicator SupResZone_MTF USDCNH,Daily: removed
2	21:05:16.084	Custom indicator SupResZone_MTF USDCNH,Daily: removed
2	21:05:16.085	Custom indicator SupResZone_MTF USDCNH,Daily: removed
2	21:05:16.087	Custom indicator MACD-2x USDCNH,Daily: removed
2	21:05:16.087	Custom indicator Laguerre-ACS1 USDCNH,Daily: removed
2	21:05:16.103	Custom indicator GMMA Long USDJPY.,H4: removed
2	21:05:16.105	Custom indicator GMMA Short USDJPY.,H4: removed
2	21:05:16.107	Custom indicator 23MTF_MovingAverageIGOR USDJPY.,H4: removed
2	21:05:16.108	Custom indicator 23MTF_MovingAverageIGOR USDJPY.,H4: removed
2	21:05:16.110	Custom indicator SupResZone_MTF USDJPY.,H4: removed
2	21:05:16.111	Custom indicator SupResZone_MTF USDJPY.,H4: removed
2	21:05:16.114	Custom indicator MACD-2x USDJPY.,H4: removed
2	21:05:16.124	Custom indicator SupResZone_MTF CHINA300,Daily: removed
2	21:05:16.125	Custom indicator SupResZone_MTF CHINA300,Daily: removed
2	21:05:16.126	Custom indicator SupResZone_MTF CHINA300,Daily: removed
2	21:05:16.128	Custom indicator SupResZone_MTF CHINA300,Daily: removed
2	21:05:16.129	Custom indicator MACD-2x CHINA300,Daily: removed
2	21:05:16.129	Custom indicator Laguerre-ACS1 CHINA300,Daily: removed
0	21:05:16.534	FX Trader build 1170 stopped
0	21:24:39.599	FX Trader build 1170 started (Performance Ronnaru Capital Ltd.)
0	21:24:39.599	Windows 10 Home x64, IE 11, UAC, 8 x Intel Core i7-6700HQ  @ 2.60GHz, Memory: 28274 / 32639 Mb, Disk: 136 / 264 Gb, GMT+8
0	21:24:39.599	Data Folder: C:\Users\tiany\AppData\Roaming\MetaQuotes\Terminal\79214103E7A6FC97F86082D309D0B84B
2	21:24:41.380	Custom indicator SupResZone_MTF USDXXX,Daily: loaded successfully
2	21:24:41.380	Custom indicator SupResZone_MTF USDXXX,Daily: loaded successfully
2	21:24:41.396	Custom indicator SupResZone_MTF USDXXX,Daily: loaded successfully
2	21:24:41.411	Custom indicator SupResZone_MTF USDXXX,Daily: loaded successfully
2	21:24:41.411	Custom indicator MACD-2x USDXXX,Daily: loaded successfully
2	21:24:41.474	Custom indicator Laguerre-ACS1 USDXXX,Daily: loaded successfully
2	21:24:41.599	Custom indicator SupResZone_MTF XAUUSD.,H4: loaded successfully
2	21:24:41.599	Custom indicator SupResZone_MTF XAUUSD.,H4: loaded successfully
2	21:24:41.614	Custom indicator SupResZone_MTF XAUUSD.,H4: loaded successfully
2	21:24:41.614	Custom indicator SupResZone_MTF XAUUSD.,H4: loaded successfully
2	21:24:41.630	Custom indicator MACD-2x XAUUSD.,H4: loaded successfully
2	21:24:41.693	Custom indicator Laguerre-ACS1 XAUUSD.,H4: loaded successfully
2	21:24:41.896	Custom indicator SupResZone_MTF XAGUSD.,H4: loaded successfully
2	21:24:41.896	Custom indicator SupResZone_MTF XAGUSD.,H4: loaded successfully
2	21:24:41.911	Custom indicator SupResZone_MTF XAGUSD.,H4: loaded successfully
2	21:24:41.927	Custom indicator SupResZone_MTF XAGUSD.,H4: loaded successfully
2	21:24:41.927	Custom indicator MACD-2x XAGUSD.,H4: loaded successfully
2	21:24:41.990	Custom indicator Laguerre-ACS1 XAGUSD.,H4: loaded successfully
2	21:24:42.208	Custom indicator SupResZone_MTF US_OIL,H4: loaded successfully
2	21:24:42.208	Custom indicator SupResZone_MTF US_OIL,H4: loaded successfully
2	21:24:42.224	Custom indicator SupResZone_MTF US_OIL,H4: loaded successfully
2	21:24:42.224	Custom indicator SupResZone_MTF US_OIL,H4: loaded successfully
2	21:24:42.240	Custom indicator MACD-2x US_OIL,H4: loaded successfully
2	21:24:42.302	Custom indicator Laguerre-ACS1 US_OIL,H4: loaded successfully
2	21:24:42.536	Custom indicator SupResZone_MTF JP225,H4: loaded successfully
2	21:24:42.552	Custom indicator SupResZone_MTF JP225,H4: loaded successfully
2	21:24:42.552	Custom indicator SupResZone_MTF JP225,H4: loaded successfully
2	21:24:42.568	Custom indicator SupResZone_MTF JP225,H4: loaded successfully
2	21:24:42.583	Custom indicator MACD-2x JP225,H4: loaded successfully
2	21:24:42.646	Custom indicator Laguerre-ACS1 JP225,H4: loaded successfully
2	21:24:42.864	Custom indicator SupResZone_MTF SPX500,H4: loaded successfully
2	21:24:42.864	Custom indicator SupResZone_MTF SPX500,H4: loaded successfully
2	21:24:42.880	Custom indicator SupResZone_MTF SPX500,H4: loaded successfully
2	21:24:42.896	Custom indicator SupResZone_MTF SPX500,H4: loaded successfully
2	21:24:42.896	Custom indicator MACD-2x SPX500,H4: loaded successfully
2	21:24:42.957	Custom indicator Laguerre-ACS1 SPX500,H4: loaded successfully
2	21:24:43.190	Custom indicator SupResZone_MTF EURAUD.,H4: loaded successfully
2	21:24:43.205	Custom indicator SupResZone_MTF EURAUD.,H4: loaded successfully
2	21:24:43.205	Custom indicator SupResZone_MTF EURAUD.,H4: loaded successfully
2	21:24:43.221	Custom indicator SupResZone_MTF EURAUD.,H4: loaded successfully
2	21:24:43.237	Custom indicator MACD-2x EURAUD.,H4: loaded successfully
2	21:24:43.299	Custom indicator Laguerre-ACS1 EURAUD.,H4: loaded successfully
2	21:24:43.471	Custom indicator SupResZone_MTF AUDJPY.,H4: loaded successfully
2	21:24:43.487	Custom indicator SupResZone_MTF AUDJPY.,H4: loaded successfully
2	21:24:43.502	Custom indicator SupResZone_MTF AUDJPY.,H4: loaded successfully
2	21:24:43.502	Custom indicator SupResZone_MTF AUDJPY.,H4: loaded successfully
2	21:24:43.518	Custom indicator MACD-2x AUDJPY.,H4: loaded successfully
2	21:24:43.580	Custom indicator Laguerre-ACS1 AUDJPY.,H4: loaded successfully
2	21:24:43.736	Custom indicator SupResZone_MTF AUDUSD.,H4: loaded successfully
2	21:24:43.736	Custom indicator SupResZone_MTF AUDUSD.,H4: loaded successfully
2	21:24:43.752	Custom indicator SupResZone_MTF AUDUSD.,H4: loaded successfully
2	21:24:43.752	Custom indicator SupResZone_MTF AUDUSD.,H4: loaded successfully
2	21:24:43.768	Custom indicator MACD-2x AUDUSD.,H4: loaded successfully
2	21:24:43.830	Custom indicator Laguerre-ACS1 AUDUSD.,H4: loaded successfully
2	21:24:44.049	Custom indicator SupResZone_MTF USDJPY.,H4: loaded successfully
2	21:24:44.065	Custom indicator SupResZone_MTF USDJPY.,H4: loaded successfully
2	21:24:44.065	Custom indicator SupResZone_MTF USDJPY.,H4: loaded successfully
2	21:24:44.080	Custom indicator SupResZone_MTF USDJPY.,H4: loaded successfully
2	21:24:44.080	Custom indicator MACD-2x USDJPY.,H4: loaded successfully
2	21:24:44.158	Custom indicator Laguerre-ACS1 USDJPY.,H4: loaded successfully
2	21:24:44.361	Custom indicator SupResZone_MTF EURJPY.,H4: loaded successfully
2	21:24:44.361	Custom indicator SupResZone_MTF EURJPY.,H4: loaded successfully
2	21:24:44.377	Custom indicator SupResZone_MTF EURJPY.,H4: loaded successfully
2	21:24:44.393	Custom indicator SupResZone_MTF EURJPY.,H4: loaded successfully
2	21:24:44.393	Custom indicator MACD-2x EURJPY.,H4: loaded successfully
2	21:24:44.455	Custom indicator Laguerre-ACS1 EURJPY.,H4: loaded successfully
2	21:24:44.643	Custom indicator SupResZone_MTF EURUSD.,H4: loaded successfully
2	21:24:44.643	Custom indicator SupResZone_MTF EURUSD.,H4: loaded successfully
2	21:24:44.658	Custom indicator SupResZone_MTF EURUSD.,H4: loaded successfully
2	21:24:44.658	Custom indicator SupResZone_MTF EURUSD.,H4: loaded successfully
2	21:24:44.674	Custom indicator MACD-2x EURUSD.,H4: loaded successfully
2	21:24:44.736	Custom indicator Laguerre-ACS1 EURUSD.,H4: loaded successfully
2	21:24:45.143	Custom indicator SupResZone_MTF GBPJPY.,H4: loaded successfully
2	21:24:45.143	Custom indicator SupResZone_MTF GBPJPY.,H4: loaded successfully
2	21:24:45.158	Custom indicator SupResZone_MTF GBPJPY.,H4: loaded successfully
2	21:24:45.158	Custom indicator SupResZone_MTF GBPJPY.,H4: loaded successfully
2	21:24:45.174	Custom indicator MACD-2x GBPJPY.,H4: loaded successfully
2	21:24:45.237	Custom indicator Laguerre-ACS1 GBPJPY.,H4: loaded successfully
2	21:24:45.424	Custom indicator SupResZone_MTF GBPUSD.,H4: loaded successfully
2	21:24:45.424	Custom indicator SupResZone_MTF GBPUSD.,H4: loaded successfully
2	21:24:45.440	Custom indicator SupResZone_MTF GBPUSD.,H4: loaded successfully
2	21:24:45.455	Custom indicator SupResZone_MTF GBPUSD.,H4: loaded successfully
2	21:24:45.455	Custom indicator MACD-2x GBPUSD.,H4: loaded successfully
2	21:24:45.533	Custom indicator Laguerre-ACS1 GBPUSD.,H4: loaded successfully
2	21:24:45.756	Custom indicator SupResZone_MTF USDCAD.,H4: loaded successfully
2	21:24:45.771	Custom indicator SupResZone_MTF USDCAD.,H4: loaded successfully
2	21:24:45.787	Custom indicator SupResZone_MTF USDCAD.,H4: loaded successfully
2	21:24:45.787	Custom indicator SupResZone_MTF USDCAD.,H4: loaded successfully
2	21:24:45.803	Custom indicator MACD-2x USDCAD.,H4: loaded successfully
2	21:24:45.865	Custom indicator Laguerre-ACS1 USDCAD.,H4: loaded successfully
2	21:24:46.053	Custom indicator SupResZone_MTF USDCHF.,H4: loaded successfully
2	21:24:46.068	Custom indicator SupResZone_MTF USDCHF.,H4: loaded successfully
2	21:24:46.068	Custom indicator SupResZone_MTF USDCHF.,H4: loaded successfully
2	21:24:46.084	Custom indicator SupResZone_MTF USDCHF.,H4: loaded successfully
2	21:24:46.084	Custom indicator MACD-2x USDCHF.,H4: loaded successfully
2	21:24:46.146	Custom indicator Laguerre-ACS1 USDCHF.,H4: loaded successfully
2	21:24:46.334	Custom indicator SupResZone_MTF USDCNH,Daily: loaded successfully
2	21:24:46.334	Custom indicator SupResZone_MTF USDCNH,Daily: loaded successfully
2	21:24:46.349	Custom indicator SupResZone_MTF USDCNH,Daily: loaded successfully
2	21:24:46.365	Custom indicator SupResZone_MTF USDCNH,Daily: loaded successfully
2	21:24:46.365	Custom indicator MACD-2x USDCNH,Daily: loaded successfully
2	21:24:46.427	Custom indicator Laguerre-ACS1 USDCNH,Daily: loaded successfully
2	21:24:46.631	Custom indicator GMMA Long USDJPY.,H4: loaded successfully
2	21:24:46.631	Custom indicator GMMA Short USDJPY.,H4: loaded successfully
2	21:24:46.646	Custom indicator 23MTF_MovingAverageIGOR USDJPY.,H4: loaded successfully
2	21:24:46.646	Custom indicator 23MTF_MovingAverageIGOR USDJPY.,H4: loaded successfully
2	21:24:46.662	Custom indicator SupResZone_MTF USDJPY.,H4: loaded successfully
2	21:24:46.662	Custom indicator SupResZone_MTF USDJPY.,H4: loaded successfully
2	21:24:46.677	Custom indicator MACD-2x USDJPY.,H4: loaded successfully
2	21:24:46.927	Custom indicator SupResZone_MTF CHINA300,Daily: loaded successfully
2	21:24:46.943	Custom indicator SupResZone_MTF CHINA300,Daily: loaded successfully
2	21:24:46.943	Custom indicator SupResZone_MTF CHINA300,Daily: loaded successfully
2	21:24:46.959	Custom indicator SupResZone_MTF CHINA300,Daily: loaded successfully
2	21:24:46.975	Custom indicator MACD-2x CHINA300,Daily: loaded successfully
2	21:24:47.037	Custom indicator Laguerre-ACS1 CHINA300,Daily: loaded successfully
0	21:24:50.703	'120010550': login on PRC-Live through Server 5 (ping: 94.40 ms)
0	21:24:58.624	'120010550': login datacenter on PRC-Live through Server 5 (ping: 94.40 ms)
0	21:24:59.905	'120010550': previous successful authorization performed from 101.131.181.23
0	21:25:20.159	'120010550': order sell market 0.02 USDCHF. sl: 0.00000 tp: 0.00000
0	21:25:21.410	'120010550': order was opened : #11082037 sell 0.02 USDCHF. at 0.98927 sl: 0.00000 tp: 0.00000
0	21:25:35.731	'120010550': modify order #11082037 sell 0.02 USDCHF. at 0.98927 sl: 0.00000 tp: 0.00000 -> sl: 0.00000 tp: 0.98546
0	21:25:36.466	'120010550': order #11082037 sell 0.02 USDCHF. at 0.98927 was modified -> sl: 0.00000 tp: 0.98546
0	21:25:40.842	'120010550': modify order #11082037 sell 0.02 USDCHF. at 0.98927 sl: 0.00000 tp: 0.98546 -> sl: 0.00000 tp: 0.98695
0	21:25:41.451	'120010550': order #11082037 sell 0.02 USDCHF. at 0.98927 was modified -> sl: 0.00000 tp: 0.98695
0	21:28:20.269	'120010550': modify order #11082037 sell 0.02 USDCHF. at 0.98927 sl: 0.00000 tp: 0.98695 -> sl: 0.00000 tp: 0.98812
0	21:28:20.811	'120010550': order #11082037 sell 0.02 USDCHF. at 0.98927 was modified -> sl: 0.00000 tp: 0.98812
0	21:48:20.628	'120010550': modify order #11082037 sell 0.02 USDCHF. at 0.98927 sl: 0.00000 tp: 0.98812 -> sl: 0.00000 tp: 0.98869
0	21:48:21.511	'120010550': order #11082037 sell 0.02 USDCHF. at 0.98927 was modified -> sl: 0.00000 tp: 0.98869
0	21:49:52.130	'120010550': modify order #11081617 buy 0.01 XAUUSD. at 1407.24 sl: 0.00 tp: 0.00 -> sl: 0.00 tp: 1418.04
0	21:49:53.542	'120010550': order #11081617 buy 0.01 XAUUSD. at 1407.24 was modified -> sl: 0.00 tp: 1418.04
0	22:29:04.481	'120010550': close order #11081498 buy 0.01 US_OIL at 59.23 sl: 0.00 tp: 0.00 at price 0.00
0	22:29:05.356	'120010550': order #11081498 buy 0.01 US_OIL at 59.23 sl: 0.00 tp: 0.00 closed at price 59.37
