2	01:26:07.733	Custom indicator span_model USDJPY.,M5: removed
2	01:26:07.806	Custom indicator MACD-2x USDJPY.,M5: removed
2	01:26:07.814	Custom indicator MACD-2x USDJPY.,M5: removed
2	01:26:07.814	Custom indicator Laguerre-ACS1 USDJPY.,M5: removed
2	01:26:07.950	Custom indicator span_model EURJPY.,M5: removed
2	01:26:07.959	Custom indicator MACD-2x EURJPY.,M5: removed
2	01:26:07.968	Custom indicator MACD-2x EURJPY.,M5: removed
2	01:26:07.969	Custom indicator Laguerre-ACS1 EURJPY.,M5: removed
2	01:26:08.070	Custom indicator span_model EURUSD.,M5: removed
2	01:26:08.076	Custom indicator MACD-2x EURUSD.,M5: removed
2	01:26:08.083	Custom indicator MACD-2x EURUSD.,M5: removed
2	01:26:08.084	Custom indicator Laguerre-ACS1 EURUSD.,M5: removed
2	01:26:08.173	Custom indicator span_model GBPUSD.,M5: removed
2	01:26:08.180	Custom indicator MACD-2x GBPUSD.,M5: removed
2	01:26:08.186	Custom indicator MACD-2x GBPUSD.,M5: removed
2	01:26:08.187	Custom indicator Laguerre-ACS1 GBPUSD.,M5: removed
2	01:26:08.276	Custom indicator span_model GBPJPY.,M5: removed
2	01:26:08.283	Custom indicator MACD-2x GBPJPY.,M5: removed
2	01:26:08.291	Custom indicator MACD-2x GBPJPY.,M5: removed
2	01:26:08.291	Custom indicator Laguerre-ACS1 GBPJPY.,M5: removed
2	01:26:08.317	Custom indicator span_model JP225,H4: removed
2	01:26:08.324	Custom indicator MACD-2x JP225,H4: removed
2	01:26:08.330	Custom indicator MACD-2x JP225,H4: removed
2	01:26:08.330	Custom indicator Laguerre-ACS1 JP225,H4: removed
2	01:26:08.343	Custom indicator span_model NDX100,H4: removed
2	01:26:08.350	Custom indicator MACD-2x NDX100,H4: removed
2	01:26:08.356	Custom indicator MACD-2x NDX100,H4: removed
2	01:26:08.356	Custom indicator Laguerre-ACS1 NDX100,H4: removed
2	01:26:08.367	Custom indicator span_model SPX500,H4: removed
2	01:26:08.377	Custom indicator MACD-2x SPX500,H4: removed
2	01:26:08.384	Custom indicator MACD-2x SPX500,H4: removed
2	01:26:08.384	Custom indicator Laguerre-ACS1 SPX500,H4: removed
2	01:26:08.396	Custom indicator Laguerre-ACS1 XAUUSD.,H4: removed
2	01:26:08.401	Custom indicator MACD XAUUSD.,H4: removed
2	01:26:08.412	Custom indicator Laguerre-ACS1 US_OIL,Daily: removed
2	01:26:08.419	Custom indicator MACD US_OIL,Daily: removed
2	01:26:08.432	Custom indicator span_model USDCAD.,H1: removed
2	01:26:08.439	Custom indicator MACD-2x USDCAD.,H1: removed
2	01:26:08.446	Custom indicator MACD-2x USDCAD.,H1: removed
2	01:26:08.496	Custom indicator span_model EURAUD.,M5: removed
2	01:26:08.504	Custom indicator MACD-2x EURAUD.,M5: removed
2	01:26:08.509	Custom indicator MACD-2x EURAUD.,M5: removed
2	01:26:08.510	Custom indicator Laguerre-ACS1 EURAUD.,M5: removed
0	01:26:09.641	FX Trader build 1170 stopped
0	08:48:55.007	FX Trader build 1170 started (Performance Ronnaru Capital Ltd.)
0	08:48:55.007	Windows 10 Home x64, IE 11, UAC, 8 x Intel Core i7-6700HQ  @ 2.60GHz, Memory: 23485 / 32639 Mb, Disk: 142 / 264 Gb, GMT+9
0	08:48:55.007	Data Folder: C:\Users\tiany\AppData\Roaming\MetaQuotes\Terminal\79214103E7A6FC97F86082D309D0B84B
2	08:48:56.841	Custom indicator span_model USDJPY.,M5: loaded successfully
2	08:48:56.852	Custom indicator MACD-2x USDJPY.,M5: loaded successfully
2	08:48:56.863	Custom indicator MACD-2x USDJPY.,M5: loaded successfully
2	08:48:56.932	Custom indicator 小鱼\Laguerre-ACS1 USDJPY.,M5: loaded successfully
2	08:48:57.071	Custom indicator span_model EURJPY.,M5: loaded successfully
2	08:48:57.084	Custom indicator MACD-2x EURJPY.,M5: loaded successfully
2	08:48:57.096	Custom indicator MACD-2x EURJPY.,M5: loaded successfully
2	08:48:57.175	Custom indicator 小鱼\Laguerre-ACS1 EURJPY.,M5: loaded successfully
2	08:48:57.314	Custom indicator span_model EURUSD.,M5: loaded successfully
2	08:48:57.323	Custom indicator MACD-2x EURUSD.,M5: loaded successfully
2	08:48:57.334	Custom indicator MACD-2x EURUSD.,M5: loaded successfully
2	08:48:57.420	Custom indicator 小鱼\Laguerre-ACS1 EURUSD.,M5: loaded successfully
2	08:48:57.613	Custom indicator span_model GBPUSD.,M5: loaded successfully
2	08:48:57.627	Custom indicator MACD-2x GBPUSD.,M5: loaded successfully
2	08:48:57.641	Custom indicator MACD-2x GBPUSD.,M5: loaded successfully
2	08:48:57.729	Custom indicator 小鱼\Laguerre-ACS1 GBPUSD.,M5: loaded successfully
2	08:48:57.880	Custom indicator span_model GBPJPY.,M5: loaded successfully
2	08:48:57.891	Custom indicator MACD-2x GBPJPY.,M5: loaded successfully
2	08:48:57.903	Custom indicator MACD-2x GBPJPY.,M5: loaded successfully
2	08:48:57.975	Custom indicator 小鱼\Laguerre-ACS1 GBPJPY.,M5: loaded successfully
2	08:48:58.125	Custom indicator span_model JP225,H4: loaded successfully
2	08:48:58.135	Custom indicator MACD-2x JP225,H4: loaded successfully
2	08:48:58.145	Custom indicator MACD-2x JP225,H4: loaded successfully
2	08:48:58.214	Custom indicator 小鱼\Laguerre-ACS1 JP225,H4: loaded successfully
2	08:48:58.382	Custom indicator span_model NDX100,H4: loaded successfully
2	08:48:58.392	Custom indicator MACD-2x NDX100,H4: loaded successfully
2	08:48:58.402	Custom indicator MACD-2x NDX100,H4: loaded successfully
2	08:48:58.472	Custom indicator 小鱼\Laguerre-ACS1 NDX100,H4: loaded successfully
2	08:48:58.641	Custom indicator span_model SPX500,H4: loaded successfully
2	08:48:58.652	Custom indicator MACD-2x SPX500,H4: loaded successfully
2	08:48:58.662	Custom indicator MACD-2x SPX500,H4: loaded successfully
2	08:48:58.739	Custom indicator 小鱼\Laguerre-ACS1 SPX500,H4: loaded successfully
2	08:48:58.997	Custom indicator 小鱼\Laguerre-ACS1 XAUUSD.,H4: loaded successfully
2	08:48:59.022	Custom indicator MACD XAUUSD.,H4: loaded successfully
2	08:48:59.255	Custom indicator 小鱼\Laguerre-ACS1 US_OIL,Daily: loaded successfully
2	08:48:59.275	Custom indicator MACD US_OIL,Daily: loaded successfully
2	08:48:59.551	Custom indicator span_model USDCAD.,H1: loaded successfully
2	08:48:59.568	Custom indicator MACD-2x USDCAD.,H1: loaded successfully
2	08:48:59.588	Custom indicator MACD-2x USDCAD.,H1: loaded successfully
2	08:48:59.796	Custom indicator span_model EURAUD.,M5: loaded successfully
2	08:48:59.810	Custom indicator MACD-2x EURAUD.,M5: loaded successfully
2	08:48:59.823	Custom indicator MACD-2x EURAUD.,M5: loaded successfully
2	08:48:59.926	Custom indicator 小鱼\Laguerre-ACS1 EURAUD.,M5: loaded successfully
0	08:49:01.817	'120010550': login on PRC-Live through Server 3 (ping: 49.13 ms)
0	08:49:03.113	'120010550': login datacenter on PRC-Live through Server 3 (ping: 49.13 ms)
0	08:49:03.494	'120010550': previous successful authorization performed from 106.181.134.2
0	08:49:20.661	'120010550': ping to current access point Server 3 is 60.07 ms
0	12:01:13.704	'120010550': login on PRC-Live through Server 3 (ping: 60.07 ms)
0	12:01:14.561	'120010550': login datacenter on PRC-Live through Server 3 (ping: 60.07 ms)
0	12:01:14.978	'120010550': previous successful authorization performed from 106.181.137.172
0	12:01:31.566	'120010550': ping to current access point Server 3 is 56.97 ms
2	12:57:32.899	Custom indicator span_model USDJPY.,M5: removed
2	12:57:32.901	Custom indicator MACD-2x USDJPY.,M5: removed
2	12:57:32.904	Custom indicator MACD-2x USDJPY.,M5: removed
2	12:57:32.904	Custom indicator Laguerre-ACS1 USDJPY.,M5: removed
2	12:57:32.910	Custom indicator span_model EURJPY.,M5: removed
2	12:57:32.914	Custom indicator MACD-2x EURJPY.,M5: removed
2	12:57:32.917	Custom indicator MACD-2x EURJPY.,M5: removed
2	12:57:32.917	Custom indicator Laguerre-ACS1 EURJPY.,M5: removed
2	12:57:32.923	Custom indicator span_model EURUSD.,M5: removed
2	12:57:32.926	Custom indicator MACD-2x EURUSD.,M5: removed
2	12:57:32.927	Custom indicator MACD-2x EURUSD.,M5: removed
2	12:57:32.927	Custom indicator Laguerre-ACS1 EURUSD.,M5: removed
2	12:57:32.933	Custom indicator span_model GBPUSD.,M5: removed
2	12:57:32.935	Custom indicator MACD-2x GBPUSD.,M5: removed
2	12:57:32.937	Custom indicator MACD-2x GBPUSD.,M5: removed
2	12:57:32.937	Custom indicator Laguerre-ACS1 GBPUSD.,M5: removed
2	12:57:32.958	Custom indicator span_model GBPJPY.,M5: removed
2	12:57:32.960	Custom indicator MACD-2x GBPJPY.,M5: removed
2	12:57:32.962	Custom indicator MACD-2x GBPJPY.,M5: removed
2	12:57:32.962	Custom indicator Laguerre-ACS1 GBPJPY.,M5: removed
2	12:57:32.966	Custom indicator span_model JP225,H4: removed
2	12:57:32.968	Custom indicator MACD-2x JP225,H4: removed
2	12:57:32.970	Custom indicator MACD-2x JP225,H4: removed
2	12:57:32.970	Custom indicator Laguerre-ACS1 JP225,H4: removed
2	12:57:32.976	Custom indicator span_model NDX100,H4: removed
2	12:57:32.978	Custom indicator MACD-2x NDX100,H4: removed
2	12:57:32.980	Custom indicator MACD-2x NDX100,H4: removed
2	12:57:32.980	Custom indicator Laguerre-ACS1 NDX100,H4: removed
2	12:57:32.984	Custom indicator span_model SPX500,H4: removed
2	12:57:32.986	Custom indicator MACD-2x SPX500,H4: removed
2	12:57:32.987	Custom indicator MACD-2x SPX500,H4: removed
2	12:57:32.988	Custom indicator Laguerre-ACS1 SPX500,H4: removed
2	12:57:32.993	Custom indicator Laguerre-ACS1 XAUUSD.,H4: removed
2	12:57:32.994	Custom indicator MACD XAUUSD.,H4: removed
2	12:57:32.999	Custom indicator Laguerre-ACS1 US_OIL,Daily: removed
2	12:57:33.000	Custom indicator MACD US_OIL,Daily: removed
2	12:57:33.007	Custom indicator span_model USDCAD.,H1: removed
2	12:57:33.010	Custom indicator MACD-2x USDCAD.,H1: removed
2	12:57:33.011	Custom indicator MACD-2x USDCAD.,H1: removed
2	12:57:33.020	Custom indicator span_model EURAUD.,M5: removed
2	12:57:33.022	Custom indicator MACD-2x EURAUD.,M5: removed
2	12:57:33.025	Custom indicator MACD-2x EURAUD.,M5: removed
2	12:57:33.025	Custom indicator Laguerre-ACS1 EURAUD.,M5: removed
0	12:57:33.445	FX Trader build 1170 stopped
0	14:07:47.795	FX Trader build 1170 started (Performance Ronnaru Capital Ltd.)
0	14:07:47.795	Windows 10 Home x64, IE 11, UAC, 8 x Intel Core i7-6700HQ  @ 2.60GHz, Memory: 23781 / 32639 Mb, Disk: 142 / 264 Gb, GMT+9
0	14:07:47.795	Data Folder: C:\Users\tiany\AppData\Roaming\MetaQuotes\Terminal\79214103E7A6FC97F86082D309D0B84B
2	14:07:50.227	Custom indicator span_model USDJPY.,M5: loaded successfully
2	14:07:50.242	Custom indicator MACD-2x USDJPY.,M5: loaded successfully
2	14:07:50.254	Custom indicator MACD-2x USDJPY.,M5: loaded successfully
2	14:07:50.358	Custom indicator 小鱼\Laguerre-ACS1 USDJPY.,M5: loaded successfully
2	14:07:50.572	Custom indicator span_model EURJPY.,M5: loaded successfully
2	14:07:50.584	Custom indicator MACD-2x EURJPY.,M5: loaded successfully
2	14:07:50.599	Custom indicator MACD-2x EURJPY.,M5: loaded successfully
2	14:07:50.687	Custom indicator 小鱼\Laguerre-ACS1 EURJPY.,M5: loaded successfully
2	14:07:50.871	Custom indicator span_model EURUSD.,M5: loaded successfully
2	14:07:50.887	Custom indicator MACD-2x EURUSD.,M5: loaded successfully
2	14:07:50.903	Custom indicator MACD-2x EURUSD.,M5: loaded successfully
2	14:07:51.001	Custom indicator 小鱼\Laguerre-ACS1 EURUSD.,M5: loaded successfully
2	14:07:51.215	Custom indicator span_model GBPUSD.,M5: loaded successfully
2	14:07:51.229	Custom indicator MACD-2x GBPUSD.,M5: loaded successfully
2	14:07:51.244	Custom indicator MACD-2x GBPUSD.,M5: loaded successfully
2	14:07:51.346	Custom indicator 小鱼\Laguerre-ACS1 GBPUSD.,M5: loaded successfully
2	14:07:51.555	Custom indicator span_model GBPJPY.,M5: loaded successfully
2	14:07:51.570	Custom indicator MACD-2x GBPJPY.,M5: loaded successfully
2	14:07:51.583	Custom indicator MACD-2x GBPJPY.,M5: loaded successfully
2	14:07:51.693	Custom indicator 小鱼\Laguerre-ACS1 GBPJPY.,M5: loaded successfully
2	14:07:52.000	Custom indicator span_model JP225,H4: loaded successfully
2	14:07:52.017	Custom indicator MACD-2x JP225,H4: loaded successfully
2	14:07:52.032	Custom indicator MACD-2x JP225,H4: loaded successfully
2	14:07:52.143	Custom indicator 小鱼\Laguerre-ACS1 JP225,H4: loaded successfully
2	14:07:52.595	Custom indicator span_model NDX100,H4: loaded successfully
2	14:07:52.610	Custom indicator MACD-2x NDX100,H4: loaded successfully
2	14:07:52.629	Custom indicator MACD-2x NDX100,H4: loaded successfully
2	14:07:52.746	Custom indicator 小鱼\Laguerre-ACS1 NDX100,H4: loaded successfully
2	14:07:53.157	Custom indicator span_model SPX500,H4: loaded successfully
2	14:07:53.175	Custom indicator MACD-2x SPX500,H4: loaded successfully
2	14:07:53.194	Custom indicator MACD-2x SPX500,H4: loaded successfully
2	14:07:53.290	Custom indicator 小鱼\Laguerre-ACS1 SPX500,H4: loaded successfully
2	14:07:53.590	Custom indicator 小鱼\Laguerre-ACS1 XAUUSD.,H4: loaded successfully
2	14:07:53.607	Custom indicator MACD XAUUSD.,H4: loaded successfully
2	14:07:53.850	Custom indicator 小鱼\Laguerre-ACS1 US_OIL,Daily: loaded successfully
2	14:07:53.862	Custom indicator MACD US_OIL,Daily: loaded successfully
2	14:07:54.011	Custom indicator span_model USDCAD.,H1: loaded successfully
2	14:07:54.024	Custom indicator MACD-2x USDCAD.,H1: loaded successfully
2	14:07:54.036	Custom indicator MACD-2x USDCAD.,H1: loaded successfully
2	14:07:54.216	Custom indicator span_model EURAUD.,M5: loaded successfully
2	14:07:54.228	Custom indicator MACD-2x EURAUD.,M5: loaded successfully
2	14:07:54.240	Custom indicator MACD-2x EURAUD.,M5: loaded successfully
2	14:07:54.326	Custom indicator 小鱼\Laguerre-ACS1 EURAUD.,M5: loaded successfully
0	14:07:57.099	'120010550': login on PRC-Live through Server 3 (ping: 56.97 ms)
0	14:07:59.723	'120010550': login datacenter on PRC-Live through Server 3 (ping: 56.97 ms)
0	14:08:00.175	'120010550': previous successful authorization performed from 106.181.130.198
0	14:08:16.989	'120010550': ping to current access point Server 3 is 45.96 ms
2	14:09:03.284	Custom indicator span_model AUDJPY.,H1: loaded successfully
2	14:09:03.300	Custom indicator MACD-2x AUDJPY.,H1: loaded successfully
2	14:09:03.315	Custom indicator MACD-2x AUDJPY.,H1: loaded successfully
2	14:09:03.421	Custom indicator 小鱼\Laguerre-ACS1 AUDJPY.,H1: loaded successfully
2	14:25:02.592	Custom indicator span_model AUDUSD.,H1: loaded successfully
2	14:25:02.604	Custom indicator MACD-2x AUDUSD.,H1: loaded successfully
2	14:25:02.613	Custom indicator MACD-2x AUDUSD.,H1: loaded successfully
2	14:25:02.685	Custom indicator 小鱼\Laguerre-ACS1 AUDUSD.,H1: loaded successfully
1	14:52:09.542	'120010550': ping failed
0	14:52:13.268	'120010550': login on PRC-Live through Server 7 (ping: 57.42 ms)
0	14:52:14.177	'120010550': login datacenter on PRC-Live through Server 7 (ping: 57.42 ms)
0	14:52:14.811	'120010550': previous successful authorization performed from 106.181.130.208
1	15:34:42.561	'120010550': ping failed
0	15:34:46.433	'120010550': login on PRC-Live through Server 6 (ping: 49.83 ms)
0	15:34:47.422	'120010550': login datacenter on PRC-Live through Server 6 (ping: 49.83 ms)
0	15:34:47.936	'120010550': previous successful authorization performed from 106.181.130.208
0	15:35:04.200	'120010550': auto connecting to a better access point Server 3 (ping is 33.55 ms)
0	15:35:04.686	'120010550': login on PRC-Live through Server 3 (ping: 33.55 ms)
0	15:35:05.321	'120010550': login datacenter on PRC-Live through Server 3 (ping: 33.55 ms)
0	15:35:05.630	'120010550': previous successful authorization performed from 106.181.130.208
1	16:26:08.589	'120010550': ping failed
0	16:26:12.378	'120010550': login on PRC-Live through Server 7 (ping: 42.16 ms)
0	16:26:13.190	'120010550': login datacenter on PRC-Live through Server 7 (ping: 42.16 ms)
0	16:26:13.733	'120010550': previous successful authorization performed from 106.181.130.208
2	16:32:22.753	Custom indicator span_model USDJPY.,H1: removed
2	16:32:22.758	Custom indicator MACD-2x USDJPY.,H1: removed
2	16:32:22.762	Custom indicator MACD-2x USDJPY.,H1: removed
2	16:32:22.762	Custom indicator Laguerre-ACS1 USDJPY.,H1: removed
2	16:32:22.776	Custom indicator span_model EURJPY.,H1: removed
2	16:32:22.781	Custom indicator MACD-2x EURJPY.,H1: removed
2	16:32:22.785	Custom indicator MACD-2x EURJPY.,H1: removed
2	16:32:22.786	Custom indicator Laguerre-ACS1 EURJPY.,H1: removed
2	16:32:22.793	Custom indicator span_model EURUSD.,H1: removed
2	16:32:22.797	Custom indicator MACD-2x EURUSD.,H1: removed
2	16:32:22.802	Custom indicator MACD-2x EURUSD.,H1: removed
2	16:32:22.802	Custom indicator Laguerre-ACS1 EURUSD.,H1: removed
2	16:32:22.811	Custom indicator span_model GBPUSD.,Daily: removed
2	16:32:22.815	Custom indicator MACD-2x GBPUSD.,Daily: removed
2	16:32:22.819	Custom indicator MACD-2x GBPUSD.,Daily: removed
2	16:32:22.819	Custom indicator Laguerre-ACS1 GBPUSD.,Daily: removed
2	16:32:22.829	Custom indicator span_model GBPJPY.,Daily: removed
2	16:32:22.833	Custom indicator MACD-2x GBPJPY.,Daily: removed
2	16:32:22.837	Custom indicator MACD-2x GBPJPY.,Daily: removed
2	16:32:22.837	Custom indicator Laguerre-ACS1 GBPJPY.,Daily: removed
2	16:32:22.860	Custom indicator span_model JP225,H1: removed
2	16:32:22.870	Custom indicator MACD-2x JP225,H1: removed
2	16:32:22.876	Custom indicator MACD-2x JP225,H1: removed
2	16:32:22.877	Custom indicator Laguerre-ACS1 JP225,H1: removed
2	16:32:22.908	Custom indicator span_model NDX100,H1: removed
2	16:32:22.918	Custom indicator MACD-2x NDX100,H1: removed
2	16:32:22.923	Custom indicator MACD-2x NDX100,H1: removed
2	16:32:22.924	Custom indicator Laguerre-ACS1 NDX100,H1: removed
2	16:32:22.964	Custom indicator span_model SPX500,H1: removed
2	16:32:22.974	Custom indicator MACD-2x SPX500,H1: removed
2	16:32:22.983	Custom indicator MACD-2x SPX500,H1: removed
2	16:32:22.984	Custom indicator Laguerre-ACS1 SPX500,H1: removed
2	16:32:23.019	Custom indicator Laguerre-ACS1 XAUUSD.,Daily: removed
2	16:32:23.027	Custom indicator MACD XAUUSD.,Daily: removed
2	16:32:23.062	Custom indicator Laguerre-ACS1 US_OIL,Daily: removed
2	16:32:23.069	Custom indicator MACD US_OIL,Daily: removed
2	16:32:23.088	Custom indicator span_model USDCAD.,H1: removed
2	16:32:23.096	Custom indicator MACD-2x USDCAD.,H1: removed
2	16:32:23.103	Custom indicator MACD-2x USDCAD.,H1: removed
2	16:32:23.121	Custom indicator span_model EURAUD.,Daily: removed
2	16:32:23.128	Custom indicator MACD-2x EURAUD.,Daily: removed
2	16:32:23.134	Custom indicator MACD-2x EURAUD.,Daily: removed
2	16:32:23.134	Custom indicator Laguerre-ACS1 EURAUD.,Daily: removed
2	16:32:23.153	Custom indicator span_model AUDJPY.,Daily: removed
2	16:32:23.160	Custom indicator MACD-2x AUDJPY.,Daily: removed
2	16:32:23.166	Custom indicator MACD-2x AUDJPY.,Daily: removed
2	16:32:23.167	Custom indicator Laguerre-ACS1 AUDJPY.,Daily: removed
2	16:32:23.210	Custom indicator span_model AUDUSD.,Daily: removed
2	16:32:23.217	Custom indicator MACD-2x AUDUSD.,Daily: removed
2	16:32:23.224	Custom indicator MACD-2x AUDUSD.,Daily: removed
2	16:32:23.224	Custom indicator Laguerre-ACS1 AUDUSD.,Daily: removed
0	16:32:24.482	FX Trader build 1170 stopped
0	22:57:59.471	FX Trader build 1170 started (Performance Ronnaru Capital Ltd.)
0	22:57:59.471	Windows 10 Home x64, IE 11, UAC, 8 x Intel Core i7-6700HQ  @ 2.60GHz, Memory: 22364 / 32639 Mb, Disk: 142 / 264 Gb, GMT+9
0	22:57:59.471	Data Folder: C:\Users\tiany\AppData\Roaming\MetaQuotes\Terminal\79214103E7A6FC97F86082D309D0B84B
2	22:58:01.915	Custom indicator 小鱼\Laguerre-ACS1 XAUUSD.,Daily: loaded successfully
2	22:58:01.926	Custom indicator MACD XAUUSD.,Daily: loaded successfully
2	22:58:02.036	Custom indicator span_model JP225,H1: loaded successfully
2	22:58:02.047	Custom indicator MACD-2x JP225,H1: loaded successfully
2	22:58:02.059	Custom indicator MACD-2x JP225,H1: loaded successfully
2	22:58:02.140	Custom indicator 小鱼\Laguerre-ACS1 JP225,H1: loaded successfully
2	22:58:02.351	Custom indicator span_model USDJPY.,H1: loaded successfully
2	22:58:02.361	Custom indicator MACD-2x USDJPY.,H1: loaded successfully
2	22:58:02.372	Custom indicator MACD-2x USDJPY.,H1: loaded successfully
2	22:58:02.453	Custom indicator 小鱼\Laguerre-ACS1 USDJPY.,H1: loaded successfully
2	22:58:02.634	Custom indicator span_model EURJPY.,H1: loaded successfully
2	22:58:02.643	Custom indicator MACD-2x EURJPY.,H1: loaded successfully
2	22:58:02.654	Custom indicator MACD-2x EURJPY.,H1: loaded successfully
2	22:58:02.727	Custom indicator 小鱼\Laguerre-ACS1 EURJPY.,H1: loaded successfully
2	22:58:02.918	Custom indicator span_model EURUSD.,H1: loaded successfully
2	22:58:02.929	Custom indicator MACD-2x EURUSD.,H1: loaded successfully
2	22:58:02.940	Custom indicator MACD-2x EURUSD.,H1: loaded successfully
2	22:58:03.013	Custom indicator 小鱼\Laguerre-ACS1 EURUSD.,H1: loaded successfully
2	22:58:03.250	Custom indicator span_model GBPUSD.,Daily: loaded successfully
2	22:58:03.267	Custom indicator MACD-2x GBPUSD.,Daily: loaded successfully
2	22:58:03.283	Custom indicator MACD-2x GBPUSD.,Daily: loaded successfully
2	22:58:03.368	Custom indicator 小鱼\Laguerre-ACS1 GBPUSD.,Daily: loaded successfully
2	22:58:03.502	Custom indicator span_model GBPJPY.,Daily: loaded successfully
2	22:58:03.515	Custom indicator MACD-2x GBPJPY.,Daily: loaded successfully
2	22:58:03.525	Custom indicator MACD-2x GBPJPY.,Daily: loaded successfully
2	22:58:03.603	Custom indicator 小鱼\Laguerre-ACS1 GBPJPY.,Daily: loaded successfully
2	22:58:03.797	Custom indicator span_model NDX100,H1: loaded successfully
2	22:58:03.809	Custom indicator MACD-2x NDX100,H1: loaded successfully
2	22:58:03.823	Custom indicator MACD-2x NDX100,H1: loaded successfully
2	22:58:03.906	Custom indicator 小鱼\Laguerre-ACS1 NDX100,H1: loaded successfully
2	22:58:04.141	Custom indicator span_model SPX500,H1: loaded successfully
2	22:58:04.153	Custom indicator MACD-2x SPX500,H1: loaded successfully
2	22:58:04.165	Custom indicator MACD-2x SPX500,H1: loaded successfully
2	22:58:04.249	Custom indicator 小鱼\Laguerre-ACS1 SPX500,H1: loaded successfully
2	22:58:04.460	Custom indicator 小鱼\Laguerre-ACS1 US_OIL,Daily: loaded successfully
2	22:58:04.472	Custom indicator MACD US_OIL,Daily: loaded successfully
2	22:58:04.600	Custom indicator span_model USDCAD.,H1: loaded successfully
2	22:58:04.612	Custom indicator MACD-2x USDCAD.,H1: loaded successfully
2	22:58:04.625	Custom indicator MACD-2x USDCAD.,H1: loaded successfully
2	22:58:04.790	Custom indicator span_model EURAUD.,Daily: loaded successfully
2	22:58:04.803	Custom indicator MACD-2x EURAUD.,Daily: loaded successfully
2	22:58:04.815	Custom indicator MACD-2x EURAUD.,Daily: loaded successfully
2	22:58:04.903	Custom indicator 小鱼\Laguerre-ACS1 EURAUD.,Daily: loaded successfully
2	22:58:05.060	Custom indicator span_model AUDJPY.,Daily: loaded successfully
2	22:58:05.073	Custom indicator MACD-2x AUDJPY.,Daily: loaded successfully
2	22:58:05.084	Custom indicator MACD-2x AUDJPY.,Daily: loaded successfully
2	22:58:05.173	Custom indicator 小鱼\Laguerre-ACS1 AUDJPY.,Daily: loaded successfully
2	22:58:05.323	Custom indicator span_model AUDUSD.,Daily: loaded successfully
2	22:58:05.336	Custom indicator MACD-2x AUDUSD.,Daily: loaded successfully
2	22:58:05.345	Custom indicator MACD-2x AUDUSD.,Daily: loaded successfully
2	22:58:05.451	Custom indicator 小鱼\Laguerre-ACS1 AUDUSD.,Daily: loaded successfully
0	22:58:07.216	'120010550': login on PRC-Live through Server 7 (ping: 42.16 ms)
0	22:58:08.284	'120010550': login datacenter on PRC-Live through Server 7 (ping: 42.16 ms)
0	22:58:08.725	'120010550': previous successful authorization performed from 106.181.130.208
0	22:58:24.728	'120010550': auto connecting to a better access point Server 3 (ping is 43.26 ms)
0	22:58:25.360	'120010550': login on PRC-Live through Server 3 (ping: 43.26 ms)
0	22:58:26.298	'120010550': login datacenter on PRC-Live through Server 3 (ping: 43.26 ms)
0	22:58:26.674	'120010550': previous successful authorization performed from 106.181.132.163
2	23:52:08.173	Custom indicator span_model XAUUSD.,Daily: loaded successfully
2	23:53:01.140	Custom indicator span_model US_OIL,Daily: loaded successfully
2	23:56:32.237	Custom indicator span_model XAUUSD.,Daily: removed
2	23:56:32.237	Custom indicator Laguerre-ACS1 XAUUSD.,Daily: removed
2	23:56:32.240	Custom indicator MACD XAUUSD.,Daily: removed
2	23:56:32.249	Custom indicator span_model JP225,H1: removed
2	23:56:32.251	Custom indicator MACD-2x JP225,H1: removed
2	23:56:32.253	Custom indicator MACD-2x JP225,H1: removed
2	23:56:32.253	Custom indicator Laguerre-ACS1 JP225,H1: removed
2	23:56:32.266	Custom indicator span_model USDJPY.,H1: removed
2	23:56:32.268	Custom indicator MACD-2x USDJPY.,H1: removed
2	23:56:32.269	Custom indicator MACD-2x USDJPY.,H1: removed
2	23:56:32.269	Custom indicator Laguerre-ACS1 USDJPY.,H1: removed
2	23:56:32.279	Custom indicator span_model EURJPY.,H1: removed
2	23:56:32.282	Custom indicator MACD-2x EURJPY.,H1: removed
2	23:56:32.284	Custom indicator MACD-2x EURJPY.,H1: removed
2	23:56:32.284	Custom indicator Laguerre-ACS1 EURJPY.,H1: removed
2	23:56:32.307	Custom indicator span_model EURUSD.,H1: removed
2	23:56:32.310	Custom indicator MACD-2x EURUSD.,H1: removed
2	23:56:32.312	Custom indicator MACD-2x EURUSD.,H1: removed
2	23:56:32.312	Custom indicator Laguerre-ACS1 EURUSD.,H1: removed
2	23:56:32.327	Custom indicator span_model GBPUSD.,Daily: removed
2	23:56:32.330	Custom indicator MACD-2x GBPUSD.,Daily: removed
2	23:56:32.333	Custom indicator MACD-2x GBPUSD.,Daily: removed
2	23:56:32.333	Custom indicator Laguerre-ACS1 GBPUSD.,Daily: removed
2	23:56:32.373	Custom indicator span_model GBPJPY.,Daily: removed
2	23:56:32.376	Custom indicator MACD-2x GBPJPY.,Daily: removed
2	23:56:32.379	Custom indicator MACD-2x GBPJPY.,Daily: removed
2	23:56:32.379	Custom indicator Laguerre-ACS1 GBPJPY.,Daily: removed
2	23:56:32.404	Custom indicator span_model NDX100,H1: removed
2	23:56:32.406	Custom indicator MACD-2x NDX100,H1: removed
2	23:56:32.409	Custom indicator MACD-2x NDX100,H1: removed
2	23:56:32.409	Custom indicator Laguerre-ACS1 NDX100,H1: removed
2	23:56:32.512	Custom indicator span_model SPX500,H1: removed
2	23:56:32.515	Custom indicator MACD-2x SPX500,H1: removed
2	23:56:32.517	Custom indicator MACD-2x SPX500,H1: removed
2	23:56:32.517	Custom indicator Laguerre-ACS1 SPX500,H1: removed
2	23:56:32.542	Custom indicator span_model US_OIL,Daily: removed
2	23:56:32.542	Custom indicator Laguerre-ACS1 US_OIL,Daily: removed
2	23:56:32.544	Custom indicator MACD US_OIL,Daily: removed
2	23:56:32.559	Custom indicator span_model USDCAD.,H1: removed
2	23:56:32.562	Custom indicator MACD-2x USDCAD.,H1: removed
2	23:56:32.563	Custom indicator MACD-2x USDCAD.,H1: removed
2	23:56:32.586	Custom indicator span_model EURAUD.,Daily: removed
2	23:56:32.588	Custom indicator MACD-2x EURAUD.,Daily: removed
2	23:56:32.590	Custom indicator MACD-2x EURAUD.,Daily: removed
2	23:56:32.590	Custom indicator Laguerre-ACS1 EURAUD.,Daily: removed
2	23:56:32.611	Custom indicator span_model AUDJPY.,Daily: removed
2	23:56:32.613	Custom indicator MACD-2x AUDJPY.,Daily: removed
2	23:56:32.614	Custom indicator MACD-2x AUDJPY.,Daily: removed
2	23:56:32.614	Custom indicator Laguerre-ACS1 AUDJPY.,Daily: removed
2	23:56:32.626	Custom indicator span_model AUDUSD.,Daily: removed
2	23:56:32.628	Custom indicator MACD-2x AUDUSD.,Daily: removed
2	23:56:32.630	Custom indicator MACD-2x AUDUSD.,Daily: removed
2	23:56:32.631	Custom indicator Laguerre-ACS1 AUDUSD.,Daily: removed
0	23:56:33.006	FX Trader build 1170 stopped
0	23:56:37.166	FX Trader build 1170 started (Performance Ronnaru Capital Ltd.)
0	23:56:37.166	Windows 10 Home x64, IE 11, UAC, 8 x Intel Core i7-6700HQ  @ 2.60GHz, Memory: 22101 / 32639 Mb, Disk: 142 / 264 Gb, GMT+9
0	23:56:37.166	Data Folder: C:\Users\tiany\AppData\Roaming\MetaQuotes\Terminal\79214103E7A6FC97F86082D309D0B84B
2	23:56:39.525	Custom indicator span_model XAUUSD.,Daily: loaded successfully
2	23:56:39.538	Custom indicator MACD XAUUSD.,Daily: loaded successfully
2	23:56:39.666	Custom indicator span_model JP225,H1: loaded successfully
2	23:56:39.847	Custom indicator span_model USDJPY.,H1: loaded successfully
2	23:56:40.000	Custom indicator span_model EURJPY.,H1: loaded successfully
2	23:56:40.147	Custom indicator span_model EURUSD.,H1: loaded successfully
2	23:56:40.322	Custom indicator span_model GBPUSD.,Daily: loaded successfully
2	23:56:40.477	Custom indicator span_model GBPJPY.,Daily: loaded successfully
2	23:56:40.603	Custom indicator span_model NDX100,H1: loaded successfully
2	23:56:40.790	Custom indicator span_model SPX500,H1: loaded successfully
2	23:56:40.966	Custom indicator span_model US_OIL,Daily: loaded successfully
2	23:56:40.978	Custom indicator MACD US_OIL,Daily: loaded successfully
2	23:56:41.124	Custom indicator span_model USDCAD.,H1: loaded successfully
2	23:56:41.254	Custom indicator span_model EURAUD.,Daily: loaded successfully
2	23:56:41.383	Custom indicator span_model AUDJPY.,Daily: loaded successfully
2	23:56:41.564	Custom indicator span_model AUDUSD.,Daily: loaded successfully
0	23:56:43.583	'120010550': login on PRC-Live through Server 3 (ping: 43.26 ms)
0	23:56:44.899	'120010550': login datacenter on PRC-Live through Server 3 (ping: 43.26 ms)
0	23:56:45.242	'120010550': previous successful authorization performed from 106.181.132.163
2	23:56:52.909	Custom indicator span_model SPX500,H1: removed
2	23:56:52.988	Custom indicator span_model SPX500,H1: loaded successfully
2	23:57:16.971	Custom indicator span_model SPX500,H1: removed
2	23:57:17.047	Custom indicator span_model SPX500,H1: loaded successfully
2	23:57:17.057	Custom indicator MACD-2x SPX500,H1: loaded successfully
2	23:57:17.068	Custom indicator MACD-2x SPX500,H1: loaded successfully
2	23:57:24.449	Custom indicator span_model SPX500,H1: removed
2	23:57:24.451	Custom indicator MACD-2x SPX500,H1: removed
2	23:57:24.452	Custom indicator MACD-2x SPX500,H1: removed
2	23:57:24.528	Custom indicator span_model SPX500,H1: loaded successfully
2	23:57:24.538	Custom indicator MACD-2x SPX500,H1: loaded successfully
2	23:57:24.549	Custom indicator MACD-2x SPX500,H1: loaded successfully
2	23:57:35.968	Custom indicator span_model SPX500,H1: removed
2	23:57:35.970	Custom indicator MACD-2x SPX500,H1: removed
2	23:57:35.972	Custom indicator MACD-2x SPX500,H1: removed
2	23:57:36.056	Custom indicator span_model SPX500,H1: loaded successfully
2	23:57:36.069	Custom indicator MACD-2x SPX500,H1: loaded successfully
2	23:57:36.080	Custom indicator MACD-2x SPX500,H1: loaded successfully
