0	00:29:15.858	'120010550': order #11131222 buy 0.02 USDCAD. at 1.31980 closed due stop-loss at price 1.32098
0	00:31:05.878	'120010550': close order #11135269 sell 0.01 SPX500 at 2943.9 sl: 2940.4 tp: 0.0 at price 0.0
1	00:31:06.062	'120010550': order #11135269 sell 0.01 SPX500 closing at 0.0 failed [Modification denied. Order too close to market]
2	01:15:37.752	Custom indicator SupResZone_MTF USDXXX,Daily: removed
2	01:15:37.756	Custom indicator SupResZone_MTF USDXXX,Daily: removed
2	01:15:37.760	Custom indicator SupResZone_MTF USDXXX,Daily: removed
2	01:15:37.762	Custom indicator SupResZone_MTF USDXXX,Daily: removed
2	01:15:37.766	Custom indicator MACD-2x USDXXX,Daily: removed
2	01:15:37.766	Custom indicator Laguerre-ACS1 USDXXX,Daily: removed
2	01:15:37.773	Custom indicator SupResZone_MTF XAUUSD.,H4: removed
2	01:15:37.775	Custom indicator SupResZone_MTF XAUUSD.,H4: removed
2	01:15:37.776	Custom indicator SupResZone_MTF XAUUSD.,H4: removed
2	01:15:37.778	Custom indicator SupResZone_MTF XAUUSD.,H4: removed
2	01:15:37.780	Custom indicator MACD-2x XAUUSD.,H4: removed
2	01:15:37.780	Custom indicator Laguerre-ACS1 XAUUSD.,H4: removed
2	01:15:37.790	Custom indicator SupResZone_MTF XAGUSD.,H4: removed
2	01:15:37.792	Custom indicator SupResZone_MTF XAGUSD.,H4: removed
2	01:15:37.794	Custom indicator SupResZone_MTF XAGUSD.,H4: removed
2	01:15:37.796	Custom indicator SupResZone_MTF XAGUSD.,H4: removed
2	01:15:37.797	Custom indicator MACD-2x XAGUSD.,H4: removed
2	01:15:37.797	Custom indicator Laguerre-ACS1 XAGUSD.,H4: removed
2	01:15:37.804	Custom indicator SupResZone_MTF US_OIL,H4: removed
2	01:15:37.806	Custom indicator SupResZone_MTF US_OIL,H4: removed
2	01:15:37.807	Custom indicator SupResZone_MTF US_OIL,H4: removed
2	01:15:37.809	Custom indicator SupResZone_MTF US_OIL,H4: removed
2	01:15:37.811	Custom indicator MACD-2x US_OIL,H4: removed
2	01:15:37.811	Custom indicator Laguerre-ACS1 US_OIL,H4: removed
2	01:15:37.818	Custom indicator SupResZone_MTF JP225,H1: removed
2	01:15:37.820	Custom indicator SupResZone_MTF JP225,H1: removed
2	01:15:37.822	Custom indicator SupResZone_MTF JP225,H1: removed
2	01:15:37.823	Custom indicator SupResZone_MTF JP225,H1: removed
2	01:15:37.825	Custom indicator MACD-2x JP225,H1: removed
2	01:15:37.825	Custom indicator Laguerre-ACS1 JP225,H1: removed
2	01:15:37.833	Custom indicator SupResZone_MTF SPX500,H1: removed
2	01:15:37.835	Custom indicator SupResZone_MTF SPX500,H1: removed
2	01:15:37.837	Custom indicator SupResZone_MTF SPX500,H1: removed
2	01:15:37.839	Custom indicator SupResZone_MTF SPX500,H1: removed
2	01:15:37.841	Custom indicator MACD-2x SPX500,H1: removed
2	01:15:37.841	Custom indicator Laguerre-ACS1 SPX500,H1: removed
2	01:15:37.848	Custom indicator SupResZone_MTF EURAUD.,H4: removed
2	01:15:37.850	Custom indicator SupResZone_MTF EURAUD.,H4: removed
2	01:15:37.851	Custom indicator SupResZone_MTF EURAUD.,H4: removed
2	01:15:37.853	Custom indicator SupResZone_MTF EURAUD.,H4: removed
2	01:15:37.855	Custom indicator MACD-2x EURAUD.,H4: removed
2	01:15:37.855	Custom indicator Laguerre-ACS1 EURAUD.,H4: removed
2	01:15:37.862	Custom indicator SupResZone_MTF AUDJPY.,H1: removed
2	01:15:37.864	Custom indicator SupResZone_MTF AUDJPY.,H1: removed
2	01:15:37.866	Custom indicator SupResZone_MTF AUDJPY.,H1: removed
2	01:15:37.868	Custom indicator SupResZone_MTF AUDJPY.,H1: removed
2	01:15:37.870	Custom indicator MACD-2x AUDJPY.,H1: removed
2	01:15:37.870	Custom indicator Laguerre-ACS1 AUDJPY.,H1: removed
2	01:15:37.876	Custom indicator SupResZone_MTF AUDUSD.,H1: removed
2	01:15:37.878	Custom indicator SupResZone_MTF AUDUSD.,H1: removed
2	01:15:37.881	Custom indicator SupResZone_MTF AUDUSD.,H1: removed
2	01:15:37.882	Custom indicator SupResZone_MTF AUDUSD.,H1: removed
2	01:15:37.884	Custom indicator MACD-2x AUDUSD.,H1: removed
2	01:15:37.884	Custom indicator Laguerre-ACS1 AUDUSD.,H1: removed
2	01:15:37.891	Custom indicator SupResZone_MTF USDJPY.,Daily: removed
2	01:15:37.893	Custom indicator SupResZone_MTF USDJPY.,Daily: removed
2	01:15:37.895	Custom indicator SupResZone_MTF USDJPY.,Daily: removed
2	01:15:37.897	Custom indicator SupResZone_MTF USDJPY.,Daily: removed
2	01:15:37.900	Custom indicator MACD-2x USDJPY.,Daily: removed
2	01:15:37.900	Custom indicator Laguerre-ACS1 USDJPY.,Daily: removed
2	01:15:37.907	Custom indicator SupResZone_MTF EURJPY.,H4: removed
2	01:15:37.909	Custom indicator SupResZone_MTF EURJPY.,H4: removed
2	01:15:37.911	Custom indicator SupResZone_MTF EURJPY.,H4: removed
2	01:15:37.912	Custom indicator SupResZone_MTF EURJPY.,H4: removed
2	01:15:37.915	Custom indicator MACD-2x EURJPY.,H4: removed
2	01:15:37.915	Custom indicator Laguerre-ACS1 EURJPY.,H4: removed
2	01:15:37.923	Custom indicator SupResZone_MTF EURUSD.,H4: removed
2	01:15:37.925	Custom indicator SupResZone_MTF EURUSD.,H4: removed
2	01:15:37.927	Custom indicator SupResZone_MTF EURUSD.,H4: removed
2	01:15:37.928	Custom indicator SupResZone_MTF EURUSD.,H4: removed
2	01:15:37.931	Custom indicator MACD-2x EURUSD.,H4: removed
2	01:15:37.932	Custom indicator Laguerre-ACS1 EURUSD.,H4: removed
2	01:15:37.938	Custom indicator SupResZone_MTF GBPJPY.,H4: removed
2	01:15:37.939	Custom indicator SupResZone_MTF GBPJPY.,H4: removed
2	01:15:37.941	Custom indicator SupResZone_MTF GBPJPY.,H4: removed
2	01:15:37.943	Custom indicator SupResZone_MTF GBPJPY.,H4: removed
2	01:15:37.945	Custom indicator MACD-2x GBPJPY.,H4: removed
2	01:15:37.945	Custom indicator Laguerre-ACS1 GBPJPY.,H4: removed
2	01:15:37.952	Custom indicator SupResZone_MTF GBPUSD.,H4: removed
2	01:15:37.953	Custom indicator SupResZone_MTF GBPUSD.,H4: removed
2	01:15:37.956	Custom indicator SupResZone_MTF GBPUSD.,H4: removed
2	01:15:37.957	Custom indicator SupResZone_MTF GBPUSD.,H4: removed
2	01:15:37.959	Custom indicator MACD-2x GBPUSD.,H4: removed
2	01:15:37.959	Custom indicator Laguerre-ACS1 GBPUSD.,H4: removed
2	01:15:37.989	Custom indicator SupResZone_MTF USDCAD.,H4: removed
2	01:15:37.993	Custom indicator SupResZone_MTF USDCAD.,H4: removed
2	01:15:37.995	Custom indicator SupResZone_MTF USDCAD.,H4: removed
2	01:15:37.997	Custom indicator SupResZone_MTF USDCAD.,H4: removed
2	01:15:37.999	Custom indicator MACD-2x USDCAD.,H4: removed
2	01:15:37.999	Custom indicator Laguerre-ACS1 USDCAD.,H4: removed
2	01:15:38.022	Custom indicator SupResZone_MTF USDCHF.,H4: removed
2	01:15:38.024	Custom indicator SupResZone_MTF USDCHF.,H4: removed
2	01:15:38.025	Custom indicator SupResZone_MTF USDCHF.,H4: removed
2	01:15:38.027	Custom indicator SupResZone_MTF USDCHF.,H4: removed
2	01:15:38.030	Custom indicator MACD-2x USDCHF.,H4: removed
2	01:15:38.030	Custom indicator Laguerre-ACS1 USDCHF.,H4: removed
2	01:15:38.038	Custom indicator SupResZone_MTF USDCNH,Daily: removed
2	01:15:38.040	Custom indicator SupResZone_MTF USDCNH,Daily: removed
2	01:15:38.042	Custom indicator SupResZone_MTF USDCNH,Daily: removed
2	01:15:38.044	Custom indicator SupResZone_MTF USDCNH,Daily: removed
2	01:15:38.045	Custom indicator MACD-2x USDCNH,Daily: removed
2	01:15:38.045	Custom indicator Laguerre-ACS1 USDCNH,Daily: removed
2	01:15:38.072	Custom indicator GMMA Long USDJPY.,H4: removed
2	01:15:38.074	Custom indicator GMMA Short USDJPY.,H4: removed
2	01:15:38.076	Custom indicator 23MTF_MovingAverageIGOR USDJPY.,H4: removed
2	01:15:38.078	Custom indicator 23MTF_MovingAverageIGOR USDJPY.,H4: removed
2	01:15:38.080	Custom indicator SupResZone_MTF USDJPY.,H4: removed
2	01:15:38.082	Custom indicator SupResZone_MTF USDJPY.,H4: removed
2	01:15:38.083	Custom indicator MACD-2x USDJPY.,H4: removed
2	01:15:38.092	Custom indicator SupResZone_MTF CHINA300,Daily: removed
2	01:15:38.094	Custom indicator SupResZone_MTF CHINA300,Daily: removed
2	01:15:38.095	Custom indicator SupResZone_MTF CHINA300,Daily: removed
2	01:15:38.098	Custom indicator SupResZone_MTF CHINA300,Daily: removed
2	01:15:38.099	Custom indicator MACD-2x CHINA300,Daily: removed
2	01:15:38.099	Custom indicator Laguerre-ACS1 CHINA300,Daily: removed
2	01:15:38.109	Custom indicator 23MTF_MovingAverageIGOR CADJPY.,H1: removed
2	01:15:38.111	Custom indicator ADR CADJPY.,H1: removed
2	01:15:38.112	Custom indicator SupResZone_MTF CADJPY.,H1: removed
2	01:15:38.112	Custom indicator Laguerre-ACS1 CADJPY.,H1: removed
2	01:15:38.115	Custom indicator MACD-2x CADJPY.,H1: removed
0	01:15:38.571	FX Trader build 1170 stopped
