0	00:05:04.143	'120010550': pending order sell limit 0.01 USDJPY. at 109.800 sl: 0.000 tp: 0.000
0	00:05:04.926	'120010550': order was opened : #10951480 sell limit 0.01 USDJPY. at 109.800 sl: 0.000 tp: 0.000
0	00:05:20.736	'120010550': modify pending order #10951480 sell limit 0.01 USDJPY. at 109.800 sl: 0.000 tp: 0.000 -> price: 109.872 sl: 0.000 tp: 0.000
0	00:05:20.965	'120010550': pending order #10951480 sell limit 0.01 USDJPY. was modified -> price: 109.872 sl: 0.000 tp: 0.000
0	00:08:02.285	'120010550': modify order #10947279 sell 0.01 GBPUSD. at 1.26251 sl: 0.00000 tp: 1.26134 -> sl: 1.27814 tp: 1.26134
0	00:08:02.567	'120010550': order #10947279 sell 0.01 GBPUSD. at 1.26251 was modified -> sl: 1.27814 tp: 1.26134
0	00:08:16.428	'120010550': modify order #10947279 sell 0.01 GBPUSD. at 1.26251 sl: 1.27814 tp: 1.26134 -> sl: 1.27468 tp: 1.26134
0	00:08:16.971	'120010550': order #10947279 sell 0.01 GBPUSD. at 1.26251 was modified -> sl: 1.27468 tp: 1.26134
0	00:09:00.273	'120010550': modify order #10950111 sell 0.01 US_OIL at 60.06 sl: 59.06 tp: 0.00 -> sl: 61.91 tp: 0.00
0	00:09:00.899	'120010550': order #10950111 sell 0.01 US_OIL at 60.06 was modified -> sl: 61.91 tp: 0.00
0	00:09:43.754	'120010550': modify order #10950111 sell 0.01 US_OIL at 60.06 sl: 61.91 tp: 0.00 -> sl: 59.09 tp: 0.00
0	00:09:44.013	'120010550': order #10950111 sell 0.01 US_OIL at 60.06 was modified -> sl: 59.09 tp: 0.00
0	00:13:36.109	'120010550': order #10944556 sell 0.01 XAUUSD. at 1269.70 closed due stop-loss at price 1287.38
1	00:23:56.512	'120010550': modification of order #10950129 sell 0.02 USDJPY. at 110.021 sl: 109.935 tp: 0.000 -> sl: 109.935 tp: 109.839 failed [Invalid S/L or T/P]
0	00:24:00.757	'120010550': modify order #10950129 sell 0.02 USDJPY. at 110.021 sl: 109.935 tp: 0.000 -> sl: 110.082 tp: 0.000
0	00:24:01.236	'120010550': order #10950129 sell 0.02 USDJPY. at 110.021 was modified -> sl: 110.082 tp: 0.000
0	00:24:04.584	'120010550': modify order #10950129 sell 0.02 USDJPY. at 110.021 sl: 110.082 tp: 0.000 -> sl: 109.845 tp: 0.000
0	00:24:05.863	'120010550': order #10950129 sell 0.02 USDJPY. at 110.021 was modified -> sl: 109.845 tp: 0.000
0	00:47:47.996	'120010550': modify order #10950111 sell 0.01 US_OIL at 60.06 sl: 59.09 tp: 0.00 -> sl: 58.87 tp: 0.00
0	00:47:48.538	'120010550': order #10950111 sell 0.01 US_OIL at 60.06 was modified -> sl: 58.87 tp: 0.00
1	00:47:52.230	'120010550': modification of order #10950111 sell 0.01 US_OIL at 60.06 sl: 58.87 tp: 0.00 -> sl: 58.87 tp: 59.67 failed [Invalid S/L or T/P]
0	00:47:55.169	'120010550': modify order #10950111 sell 0.01 US_OIL at 60.06 sl: 58.87 tp: 0.00 -> sl: 60.22 tp: 0.00
0	00:47:55.336	'120010550': order #10950111 sell 0.01 US_OIL at 60.06 was modified -> sl: 60.22 tp: 0.00
0	00:47:58.461	'120010550': modify order #10950111 sell 0.01 US_OIL at 60.06 sl: 60.22 tp: 0.00 -> sl: 59.60 tp: 0.00
0	00:47:58.765	'120010550': order #10950111 sell 0.01 US_OIL at 60.06 was modified -> sl: 59.60 tp: 0.00
0	00:48:04.123	'120010550': modify order #10950203 sell 0.01 US_OIL at 59.82 sl: 59.00 tp: 0.00 -> sl: 58.94 tp: 0.00
0	00:48:04.759	'120010550': order #10950203 sell 0.01 US_OIL at 59.82 was modified -> sl: 58.94 tp: 0.00
0	00:54:54.732	'120010550': modify order #10950129 sell 0.02 USDJPY. at 110.021 sl: 109.845 tp: 0.000 -> sl: 109.776 tp: 0.000
0	00:54:55.718	'120010550': order #10950129 sell 0.02 USDJPY. at 110.021 was modified -> sl: 109.776 tp: 0.000
0	00:55:17.045	'120010550': modify order #10941444 sell 0.01 JP225 at 21090 sl: 21008 tp: 20767 -> sl: 21008 tp: 20742
0	00:55:17.382	'120010550': order #10941444 sell 0.01 JP225 at 21090 was modified -> sl: 21008 tp: 20742
0	00:55:29.125	'120010550': order sell market 0.01 USDJPY. sl: 0.000 tp: 0.000
0	00:55:29.809	'120010550': order was opened : #10951780 sell 0.01 USDJPY. at 109.581 sl: 0.000 tp: 0.000
0	00:55:52.280	'120010550': modify pending order #10951480 sell limit 0.01 USDJPY. at 109.872 sl: 0.000 tp: 0.000 -> price: 109.918 sl: 0.000 tp: 0.000
0	00:55:53.061	'120010550': pending order #10951480 sell limit 0.01 USDJPY. was modified -> price: 109.918 sl: 0.000 tp: 0.000
0	00:55:57.776	'120010550': modify pending order #10951480 sell limit 0.01 USDJPY. at 109.918 sl: 0.000 tp: 0.000 -> price: 109.765 sl: 0.000 tp: 0.000
0	00:55:58.114	'120010550': pending order #10951480 sell limit 0.01 USDJPY. was modified -> price: 109.765 sl: 0.000 tp: 0.000
0	00:56:14.395	'120010550': modify pending order #10951480 sell limit 0.01 USDJPY. at 109.765 sl: 0.000 tp: 0.000 -> price: 109.831 sl: 0.000 tp: 0.000
0	00:56:14.727	'120010550': pending order #10951480 sell limit 0.01 USDJPY. was modified -> price: 109.831 sl: 0.000 tp: 0.000
0	00:56:18.812	'120010550': modify pending order #10951480 sell limit 0.01 USDJPY. at 109.831 sl: 0.000 tp: 0.000 -> price: 109.692 sl: 0.000 tp: 0.000
0	00:56:19.365	'120010550': pending order #10951480 sell limit 0.01 USDJPY. was modified -> price: 109.692 sl: 0.000 tp: 0.000
0	00:56:22.654	'120010550': modify pending order #10951480 sell limit 0.01 USDJPY. at 109.692 sl: 0.000 tp: 0.000 -> price: 109.700 sl: 0.000 tp: 0.000
0	00:56:23.136	'120010550': pending order #10951480 sell limit 0.01 USDJPY. was modified -> price: 109.700 sl: 0.000 tp: 0.000
0	00:56:36.488	'120010550': modify pending order #10951480 sell limit 0.01 USDJPY. at 109.700 sl: 0.000 tp: 0.000 -> price: 109.845 sl: 0.000 tp: 0.000
0	00:56:37.002	'120010550': pending order #10951480 sell limit 0.01 USDJPY. was modified -> price: 109.845 sl: 0.000 tp: 0.000
0	01:08:43.451	'120010550': modify pending order #10951480 sell limit 0.01 USDJPY. at 109.845 sl: 0.000 tp: 0.000 -> price: 109.864 sl: 0.000 tp: 0.000
0	01:08:43.699	'120010550': pending order #10951480 sell limit 0.01 USDJPY. was modified -> price: 109.864 sl: 0.000 tp: 0.000
0	01:08:49.611	'120010550': modify pending order #10951480 sell limit 0.01 USDJPY. at 109.864 sl: 0.000 tp: 0.000 -> price: 109.888 sl: 0.000 tp: 0.000
0	01:08:50.736	'120010550': pending order #10951480 sell limit 0.01 USDJPY. was modified -> price: 109.888 sl: 0.000 tp: 0.000
2	01:09:19.534	Custom indicator MACD-2x USDXXX,H4: removed
2	01:09:19.534	Custom indicator Laguerre-ACS1 USDXXX,H4: removed
2	01:09:19.543	Custom indicator SupResZone_MTF XAUUSD.,H1: removed
2	01:09:19.544	Custom indicator SupResZone_MTF XAUUSD.,H1: removed
2	01:09:19.546	Custom indicator SupResZone_MTF XAUUSD.,H1: removed
2	01:09:19.548	Custom indicator SupResZone_MTF XAUUSD.,H1: removed
2	01:09:19.550	Custom indicator MACD-2x XAUUSD.,H1: removed
2	01:09:19.550	Custom indicator Laguerre-ACS1 XAUUSD.,H1: removed
2	01:09:19.560	Custom indicator SupResZone_MTF XAGUSD.,H4: removed
2	01:09:19.561	Custom indicator SupResZone_MTF XAGUSD.,H4: removed
2	01:09:19.564	Custom indicator SupResZone_MTF XAGUSD.,H4: removed
2	01:09:19.566	Custom indicator SupResZone_MTF XAGUSD.,H4: removed
2	01:09:19.569	Custom indicator MACD-2x XAGUSD.,H4: removed
2	01:09:19.569	Custom indicator Laguerre-ACS1 XAGUSD.,H4: removed
2	01:09:19.587	Custom indicator SupResZone_MTF US_OIL,H1: removed
2	01:09:19.591	Custom indicator SupResZone_MTF US_OIL,H1: removed
2	01:09:19.592	Custom indicator SupResZone_MTF US_OIL,H1: removed
2	01:09:19.596	Custom indicator SupResZone_MTF US_OIL,H1: removed
2	01:09:19.599	Custom indicator MACD-2x US_OIL,H1: removed
2	01:09:19.599	Custom indicator Laguerre-ACS1 US_OIL,H1: removed
2	01:09:19.616	Custom indicator SupResZone_MTF JP225,H1: removed
2	01:09:19.619	Custom indicator SupResZone_MTF JP225,H1: removed
2	01:09:19.622	Custom indicator SupResZone_MTF JP225,H1: removed
2	01:09:19.624	Custom indicator SupResZone_MTF JP225,H1: removed
2	01:09:19.626	Custom indicator MACD-2x JP225,H1: removed
2	01:09:19.627	Custom indicator Laguerre-ACS1 JP225,H1: removed
2	01:09:19.634	Custom indicator SupResZone_MTF SPX500,H4: removed
2	01:09:19.638	Custom indicator SupResZone_MTF SPX500,H4: removed
2	01:09:19.639	Custom indicator SupResZone_MTF SPX500,H4: removed
2	01:09:19.641	Custom indicator SupResZone_MTF SPX500,H4: removed
2	01:09:19.642	Custom indicator MACD-2x SPX500,H4: removed
2	01:09:19.643	Custom indicator Laguerre-ACS1 SPX500,H4: removed
2	01:09:19.653	Custom indicator SupResZone_MTF EURAUD.,H4: removed
2	01:09:19.655	Custom indicator SupResZone_MTF EURAUD.,H4: removed
2	01:09:19.657	Custom indicator SupResZone_MTF EURAUD.,H4: removed
2	01:09:19.660	Custom indicator SupResZone_MTF EURAUD.,H4: removed
2	01:09:19.662	Custom indicator MACD-2x EURAUD.,H4: removed
2	01:09:19.662	Custom indicator Laguerre-ACS1 EURAUD.,H4: removed
2	01:09:19.669	Custom indicator SupResZone_MTF AUDJPY.,H4: removed
2	01:09:19.671	Custom indicator SupResZone_MTF AUDJPY.,H4: removed
2	01:09:19.672	Custom indicator SupResZone_MTF AUDJPY.,H4: removed
2	01:09:19.675	Custom indicator SupResZone_MTF AUDJPY.,H4: removed
2	01:09:19.677	Custom indicator MACD-2x AUDJPY.,H4: removed
2	01:09:19.677	Custom indicator Laguerre-ACS1 AUDJPY.,H4: removed
2	01:09:19.687	Custom indicator SupResZone_MTF AUDUSD.,H4: removed
2	01:09:19.690	Custom indicator SupResZone_MTF AUDUSD.,H4: removed
2	01:09:19.692	Custom indicator SupResZone_MTF AUDUSD.,H4: removed
2	01:09:19.693	Custom indicator SupResZone_MTF AUDUSD.,H4: removed
2	01:09:19.698	Custom indicator MACD-2x AUDUSD.,H4: removed
2	01:09:19.698	Custom indicator Laguerre-ACS1 AUDUSD.,H4: removed
2	01:09:19.706	Custom indicator SupResZone_MTF USDJPY.,H1: removed
2	01:09:19.708	Custom indicator SupResZone_MTF USDJPY.,H1: removed
2	01:09:19.710	Custom indicator SupResZone_MTF USDJPY.,H1: removed
2	01:09:19.711	Custom indicator SupResZone_MTF USDJPY.,H1: removed
2	01:09:19.714	Custom indicator MACD-2x USDJPY.,H1: removed
2	01:09:19.714	Custom indicator Laguerre-ACS1 USDJPY.,H1: removed
2	01:09:19.720	Custom indicator SupResZone_MTF EURJPY.,H1: removed
2	01:09:19.722	Custom indicator SupResZone_MTF EURJPY.,H1: removed
2	01:09:19.724	Custom indicator SupResZone_MTF EURJPY.,H1: removed
2	01:09:19.726	Custom indicator SupResZone_MTF EURJPY.,H1: removed
2	01:09:19.729	Custom indicator MACD-2x EURJPY.,H1: removed
2	01:09:19.730	Custom indicator Laguerre-ACS1 EURJPY.,H1: removed
2	01:09:19.735	Custom indicator SupResZone_MTF EURUSD.,H1: removed
2	01:09:19.737	Custom indicator SupResZone_MTF EURUSD.,H1: removed
2	01:09:19.739	Custom indicator SupResZone_MTF EURUSD.,H1: removed
2	01:09:19.741	Custom indicator SupResZone_MTF EURUSD.,H1: removed
2	01:09:19.743	Custom indicator MACD-2x EURUSD.,H1: removed
2	01:09:19.744	Custom indicator Laguerre-ACS1 EURUSD.,H1: removed
2	01:09:19.766	Custom indicator SupResZone_MTF GBPUSD.,H4: removed
2	01:09:19.768	Custom indicator SupResZone_MTF GBPUSD.,H4: removed
2	01:09:19.770	Custom indicator SupResZone_MTF GBPUSD.,H4: removed
2	01:09:19.771	Custom indicator SupResZone_MTF GBPUSD.,H4: removed
2	01:09:19.774	Custom indicator MACD-2x GBPUSD.,H4: removed
2	01:09:19.774	Custom indicator Laguerre-ACS1 GBPUSD.,H4: removed
2	01:09:19.796	Custom indicator SupResZone_MTF USDCAD.,Daily: removed
2	01:09:19.798	Custom indicator SupResZone_MTF USDCAD.,Daily: removed
2	01:09:19.800	Custom indicator SupResZone_MTF USDCAD.,Daily: removed
2	01:09:19.801	Custom indicator SupResZone_MTF USDCAD.,Daily: removed
2	01:09:19.803	Custom indicator MACD-2x USDCAD.,Daily: removed
2	01:09:19.803	Custom indicator Laguerre-ACS1 USDCAD.,Daily: removed
2	01:09:19.823	Custom indicator SupResZone_MTF USDCHF.,Daily: removed
2	01:09:19.824	Custom indicator SupResZone_MTF USDCHF.,Daily: removed
2	01:09:19.826	Custom indicator SupResZone_MTF USDCHF.,Daily: removed
2	01:09:19.828	Custom indicator SupResZone_MTF USDCHF.,Daily: removed
2	01:09:19.830	Custom indicator MACD-2x USDCHF.,Daily: removed
2	01:09:19.830	Custom indicator Laguerre-ACS1 USDCHF.,Daily: removed
2	01:09:19.849	Custom indicator MACD-2x USDCNH,Daily: removed
2	01:09:19.852	Custom indicator MACD-2x USDCNH,Daily: removed
2	01:09:19.852	Custom indicator Laguerre-ACS1 USDCNH,Daily: removed
2	01:09:19.861	Custom indicator GMMA Long USDJPY.,H1: removed
2	01:09:19.863	Custom indicator GMMA Short USDJPY.,H1: removed
2	01:09:19.865	Custom indicator 23MTF_MovingAverageIGOR USDJPY.,H1: removed
2	01:09:19.868	Custom indicator 23MTF_MovingAverageIGOR USDJPY.,H1: removed
2	01:09:19.870	Custom indicator SupResZone_MTF USDJPY.,H1: removed
2	01:09:19.872	Custom indicator SupResZone_MTF USDJPY.,H1: removed
2	01:09:19.874	Custom indicator MACD-2x USDJPY.,H1: removed
0	01:09:20.321	FX Trader build 1170 stopped
