0	00:32:58.843	'120010550': modify order #11096708 buy 0.02 XAGUSD. at 15.641 sl: 0.000 tp: 0.000 -> sl: 15.602 tp: 0.000
0	00:32:59.640	'120010550': order #11096708 buy 0.02 XAGUSD. at 15.641 was modified -> sl: 15.602 tp: 0.000
0	00:33:02.485	'120010550': modify order #11096708 buy 0.02 XAGUSD. at 15.641 sl: 15.602 tp: 0.000 -> sl: 15.648 tp: 0.000
0	00:33:03.625	'120010550': order #11096708 buy 0.02 XAGUSD. at 15.641 was modified -> sl: 15.648 tp: 0.000
0	00:34:30.577	'120010550': order sell market 0.02 EURAUD. sl: 0.00000 tp: 0.00000
0	00:34:31.483	'120010550': order was opened : #11100351 sell 0.02 EURAUD. at 1.59850 sl: 0.00000 tp: 0.00000
0	00:35:38.705	'120010550': modify order #11096270 sell 0.01 USDCAD. at 1.30420 sl: 0.00000 tp: 1.30363 -> sl: 0.00000 tp: 1.30232
0	00:35:39.065	'120010550': order #11096270 sell 0.01 USDCAD. at 1.30420 was modified -> sl: 0.00000 tp: 1.30232
0	00:35:42.574	'120010550': modify order #11096270 sell 0.01 USDCAD. at 1.30420 sl: 0.00000 tp: 1.30232 -> sl: 1.30442 tp: 1.30232
0	00:35:42.887	'120010550': order #11096270 sell 0.01 USDCAD. at 1.30420 was modified -> sl: 1.30442 tp: 1.30232
0	00:35:46.055	'120010550': modify order #11096270 sell 0.01 USDCAD. at 1.30420 sl: 1.30442 tp: 1.30232 -> sl: 1.30418 tp: 1.30232
0	00:35:46.671	'120010550': order #11096270 sell 0.01 USDCAD. at 1.30420 was modified -> sl: 1.30418 tp: 1.30232
0	00:35:48.826	'120010550': modify order #11096270 sell 0.01 USDCAD. at 1.30420 sl: 1.30418 tp: 1.30232 -> sl: 0.00000 tp: 1.30232
0	00:35:49.655	'120010550': order #11096270 sell 0.01 USDCAD. at 1.30420 was modified -> sl: 0.00000 tp: 1.30232
0	00:36:07.726	'120010550': modify order #11096270 sell 0.01 USDCAD. at 1.30420 sl: 0.00000 tp: 1.30232 -> sl: 0.00000 tp: 0.00000
0	00:36:08.351	'120010550': order #11096270 sell 0.01 USDCAD. at 1.30420 was modified -> sl: 0.00000 tp: 0.00000
0	00:37:29.175	'120010550': order buy market 0.02 AUDJPY. sl: 0.000 tp: 0.000
0	00:37:29.691	'120010550': order was opened : #11100355 buy 0.02 AUDJPY. at 75.939 sl: 0.000 tp: 0.000
0	00:37:33.690	'120010550': modify order #11100355 buy 0.02 AUDJPY. at 75.939 sl: 0.000 tp: 0.000 -> sl: 0.000 tp: 76.032
0	00:37:34.503	'120010550': order #11100355 buy 0.02 AUDJPY. at 75.939 was modified -> sl: 0.000 tp: 76.032
1	00:37:51.376	'120010550': modification of order #11099781 sell 0.01 JP225 at 21413 sl: 0 tp: 0 -> sl: 0 tp: 21396 failed [Invalid S/L or T/P]
0	00:37:56.243	'120010550': modify order #11099781 sell 0.01 JP225 at 21413 sl: 0 tp: 0 -> sl: 0 tp: 21368
0	00:37:56.540	'120010550': order #11099781 sell 0.01 JP225 at 21413 was modified -> sl: 0 tp: 21368
1	00:37:58.210	'120010550': modification of order #11099781 sell 0.01 JP225 at 21413 sl: 0 tp: 21368 -> sl: 0 tp: 21379 failed [Invalid S/L or T/P]
1	00:38:01.704	'120010550': modification of order #11099781 sell 0.01 JP225 at 21413 sl: 0 tp: 21368 -> sl: 0 tp: 21375 failed [Invalid S/L or T/P]
1	00:38:05.250	'120010550': modification of order #11099781 sell 0.01 JP225 at 21413 sl: 0 tp: 21368 -> sl: 0 tp: 21377 failed [Invalid S/L or T/P]
0	00:38:11.281	'120010550': modify order #11099781 sell 0.01 JP225 at 21413 sl: 0 tp: 21368 -> sl: 0 tp: 21372
0	00:38:11.783	'120010550': order #11099781 sell 0.01 JP225 at 21413 was modified -> sl: 0 tp: 21372
1	00:38:13.130	'120010550': modification of order #11099781 sell 0.01 JP225 at 21413 sl: 0 tp: 21372 -> sl: 0 tp: 21380 failed [Invalid S/L or T/P]
1	00:38:16.555	'120010550': modification of order #11099781 sell 0.01 JP225 at 21413 sl: 0 tp: 21372 -> sl: 0 tp: 21376 failed [Invalid S/L or T/P]
1	00:38:21.965	'120010550': modification of order #11099781 sell 0.01 JP225 at 21413 sl: 0 tp: 21372 -> sl: 0 tp: 21377 failed [Invalid S/L or T/P]
1	00:38:27.824	'120010550': modification of order #11099781 sell 0.01 JP225 at 21413 sl: 0 tp: 21372 -> sl: 0 tp: 21380 failed [Invalid S/L or T/P]
1	00:38:30.526	'120010550': modification of order #11099781 sell 0.01 JP225 at 21413 sl: 0 tp: 21372 -> sl: 0 tp: 21375 failed [Invalid S/L or T/P]
1	00:38:32.725	'120010550': modification of order #11099781 sell 0.01 JP225 at 21413 sl: 0 tp: 21372 -> sl: 0 tp: 21376 failed [Invalid S/L or T/P]
1	00:38:38.892	'120010550': modification of order #11099781 sell 0.01 JP225 at 21413 sl: 0 tp: 21372 -> sl: 0 tp: 21383 failed [Invalid S/L or T/P]
0	00:39:15.864	'120010550': pending order sell stop 0.01 US_OIL at 56.54 sl: 0.00 tp: 0.00
0	00:39:16.334	'120010550': order was opened : #11100360 sell stop 0.01 US_OIL at 56.54 sl: 0.00 tp: 0.00
2	00:39:41.273	Custom indicator SupResZone_MTF USDXXX,Daily: removed
2	00:39:41.273	Custom indicator SupResZone_MTF USDXXX,Daily: removed
2	00:39:41.273	Custom indicator SupResZone_MTF USDXXX,Daily: removed
2	00:39:41.273	Custom indicator SupResZone_MTF USDXXX,Daily: removed
2	00:39:41.289	Custom indicator MACD-2x USDXXX,Daily: removed
2	00:39:41.289	Custom indicator Laguerre-ACS1 USDXXX,Daily: removed
2	00:39:41.320	Custom indicator SupResZone_MTF XAUUSD.,H4: removed
2	00:39:41.320	Custom indicator SupResZone_MTF XAUUSD.,H4: removed
2	00:39:41.336	Custom indicator SupResZone_MTF XAUUSD.,H4: removed
2	00:39:41.336	Custom indicator SupResZone_MTF XAUUSD.,H4: removed
2	00:39:41.336	Custom indicator MACD-2x XAUUSD.,H4: removed
2	00:39:41.336	Custom indicator Laguerre-ACS1 XAUUSD.,H4: removed
2	00:39:41.367	Custom indicator SupResZone_MTF XAGUSD.,H4: removed
2	00:39:41.367	Custom indicator SupResZone_MTF XAGUSD.,H4: removed
2	00:39:41.367	Custom indicator SupResZone_MTF XAGUSD.,H4: removed
2	00:39:41.367	Custom indicator SupResZone_MTF XAGUSD.,H4: removed
2	00:39:41.367	Custom indicator MACD-2x XAGUSD.,H4: removed
2	00:39:41.367	Custom indicator Laguerre-ACS1 XAGUSD.,H4: removed
2	00:39:41.398	Custom indicator SupResZone_MTF US_OIL,H4: removed
2	00:39:41.398	Custom indicator SupResZone_MTF US_OIL,H4: removed
2	00:39:41.398	Custom indicator SupResZone_MTF US_OIL,H4: removed
2	00:39:41.398	Custom indicator SupResZone_MTF US_OIL,H4: removed
2	00:39:41.414	Custom indicator MACD-2x US_OIL,H4: removed
2	00:39:41.414	Custom indicator Laguerre-ACS1 US_OIL,H4: removed
2	00:39:41.492	Custom indicator SupResZone_MTF JP225,H4: removed
2	00:39:41.507	Custom indicator SupResZone_MTF JP225,H4: removed
2	00:39:41.507	Custom indicator SupResZone_MTF JP225,H4: removed
2	00:39:41.507	Custom indicator SupResZone_MTF JP225,H4: removed
2	00:39:41.507	Custom indicator MACD-2x JP225,H4: removed
2	00:39:41.507	Custom indicator Laguerre-ACS1 JP225,H4: removed
2	00:39:41.585	Custom indicator SupResZone_MTF SPX500,H4: removed
2	00:39:41.585	Custom indicator SupResZone_MTF SPX500,H4: removed
2	00:39:41.601	Custom indicator SupResZone_MTF SPX500,H4: removed
2	00:39:41.601	Custom indicator SupResZone_MTF SPX500,H4: removed
2	00:39:41.601	Custom indicator MACD-2x SPX500,H4: removed
2	00:39:41.601	Custom indicator Laguerre-ACS1 SPX500,H4: removed
2	00:39:41.679	Custom indicator SupResZone_MTF EURAUD.,H4: removed
2	00:39:41.695	Custom indicator SupResZone_MTF EURAUD.,H4: removed
2	00:39:41.695	Custom indicator SupResZone_MTF EURAUD.,H4: removed
2	00:39:41.695	Custom indicator SupResZone_MTF EURAUD.,H4: removed
2	00:39:41.695	Custom indicator MACD-2x EURAUD.,H4: removed
2	00:39:41.695	Custom indicator Laguerre-ACS1 EURAUD.,H4: removed
2	00:39:41.773	Custom indicator SupResZone_MTF AUDJPY.,H4: removed
2	00:39:41.773	Custom indicator SupResZone_MTF AUDJPY.,H4: removed
2	00:39:41.773	Custom indicator SupResZone_MTF AUDJPY.,H4: removed
2	00:39:41.773	Custom indicator SupResZone_MTF AUDJPY.,H4: removed
2	00:39:41.773	Custom indicator MACD-2x AUDJPY.,H4: removed
2	00:39:41.773	Custom indicator Laguerre-ACS1 AUDJPY.,H4: removed
2	00:39:41.789	Custom indicator SupResZone_MTF AUDUSD.,H4: removed
2	00:39:41.789	Custom indicator SupResZone_MTF AUDUSD.,H4: removed
2	00:39:41.804	Custom indicator SupResZone_MTF AUDUSD.,H4: removed
2	00:39:41.804	Custom indicator SupResZone_MTF AUDUSD.,H4: removed
2	00:39:41.804	Custom indicator MACD-2x AUDUSD.,H4: removed
2	00:39:41.804	Custom indicator Laguerre-ACS1 AUDUSD.,H4: removed
2	00:39:41.804	Custom indicator SupResZone_MTF USDJPY.,H4: removed
2	00:39:41.804	Custom indicator SupResZone_MTF USDJPY.,H4: removed
2	00:39:41.804	Custom indicator SupResZone_MTF USDJPY.,H4: removed
2	00:39:41.820	Custom indicator SupResZone_MTF USDJPY.,H4: removed
2	00:39:41.820	Custom indicator MACD-2x USDJPY.,H4: removed
2	00:39:41.820	Custom indicator Laguerre-ACS1 USDJPY.,H4: removed
2	00:39:41.820	Custom indicator SupResZone_MTF EURJPY.,H4: removed
2	00:39:41.820	Custom indicator SupResZone_MTF EURJPY.,H4: removed
2	00:39:41.820	Custom indicator SupResZone_MTF EURJPY.,H4: removed
2	00:39:41.820	Custom indicator SupResZone_MTF EURJPY.,H4: removed
2	00:39:41.820	Custom indicator MACD-2x EURJPY.,H4: removed
2	00:39:41.820	Custom indicator Laguerre-ACS1 EURJPY.,H4: removed
2	00:39:41.835	Custom indicator SupResZone_MTF EURUSD.,H4: removed
2	00:39:41.835	Custom indicator SupResZone_MTF EURUSD.,H4: removed
2	00:39:41.835	Custom indicator SupResZone_MTF EURUSD.,H4: removed
2	00:39:41.835	Custom indicator SupResZone_MTF EURUSD.,H4: removed
2	00:39:41.835	Custom indicator MACD-2x EURUSD.,H4: removed
2	00:39:41.835	Custom indicator Laguerre-ACS1 EURUSD.,H4: removed
2	00:39:41.851	Custom indicator SupResZone_MTF GBPJPY.,H4: removed
2	00:39:41.851	Custom indicator SupResZone_MTF GBPJPY.,H4: removed
2	00:39:41.851	Custom indicator SupResZone_MTF GBPJPY.,H4: removed
2	00:39:41.851	Custom indicator SupResZone_MTF GBPJPY.,H4: removed
2	00:39:41.851	Custom indicator MACD-2x GBPJPY.,H4: removed
2	00:39:41.851	Custom indicator Laguerre-ACS1 GBPJPY.,H4: removed
2	00:39:41.851	Custom indicator SupResZone_MTF GBPUSD.,H4: removed
2	00:39:41.867	Custom indicator SupResZone_MTF GBPUSD.,H4: removed
2	00:39:41.867	Custom indicator SupResZone_MTF GBPUSD.,H4: removed
2	00:39:41.867	Custom indicator SupResZone_MTF GBPUSD.,H4: removed
2	00:39:41.867	Custom indicator MACD-2x GBPUSD.,H4: removed
2	00:39:41.867	Custom indicator Laguerre-ACS1 GBPUSD.,H4: removed
2	00:39:41.882	Custom indicator SupResZone_MTF USDCAD.,H4: removed
2	00:39:41.882	Custom indicator SupResZone_MTF USDCAD.,H4: removed
2	00:39:41.882	Custom indicator SupResZone_MTF USDCAD.,H4: removed
2	00:39:41.898	Custom indicator SupResZone_MTF USDCAD.,H4: removed
2	00:39:41.898	Custom indicator MACD-2x USDCAD.,H4: removed
2	00:39:41.898	Custom indicator Laguerre-ACS1 USDCAD.,H4: removed
2	00:39:41.914	Custom indicator SupResZone_MTF USDCHF.,H4: removed
2	00:39:41.914	Custom indicator SupResZone_MTF USDCHF.,H4: removed
2	00:39:41.914	Custom indicator SupResZone_MTF USDCHF.,H4: removed
2	00:39:41.914	Custom indicator SupResZone_MTF USDCHF.,H4: removed
2	00:39:41.914	Custom indicator MACD-2x USDCHF.,H4: removed
2	00:39:41.914	Custom indicator Laguerre-ACS1 USDCHF.,H4: removed
2	00:39:41.929	Custom indicator SupResZone_MTF USDCNH,Daily: removed
2	00:39:41.929	Custom indicator SupResZone_MTF USDCNH,Daily: removed
2	00:39:41.929	Custom indicator SupResZone_MTF USDCNH,Daily: removed
2	00:39:41.929	Custom indicator SupResZone_MTF USDCNH,Daily: removed
2	00:39:41.929	Custom indicator MACD-2x USDCNH,Daily: removed
2	00:39:41.929	Custom indicator Laguerre-ACS1 USDCNH,Daily: removed
2	00:39:41.945	Custom indicator GMMA Long USDJPY.,H4: removed
2	00:39:41.945	Custom indicator GMMA Short USDJPY.,H4: removed
2	00:39:41.945	Custom indicator 23MTF_MovingAverageIGOR USDJPY.,H4: removed
2	00:39:41.945	Custom indicator 23MTF_MovingAverageIGOR USDJPY.,H4: removed
2	00:39:41.960	Custom indicator SupResZone_MTF USDJPY.,H4: removed
2	00:39:41.960	Custom indicator SupResZone_MTF USDJPY.,H4: removed
2	00:39:41.960	Custom indicator MACD-2x USDJPY.,H4: removed
2	00:39:41.976	Custom indicator SupResZone_MTF CHINA300,Daily: removed
2	00:39:41.976	Custom indicator SupResZone_MTF CHINA300,Daily: removed
2	00:39:41.976	Custom indicator SupResZone_MTF CHINA300,Daily: removed
2	00:39:41.976	Custom indicator SupResZone_MTF CHINA300,Daily: removed
2	00:39:41.976	Custom indicator MACD-2x CHINA300,Daily: removed
2	00:39:41.976	Custom indicator Laguerre-ACS1 CHINA300,Daily: removed
0	00:39:42.773	FX Trader build 1170 stopped
0	20:52:04.281	FX Trader build 1170 started (Performance Ronnaru Capital Ltd.)
0	20:52:04.281	Windows 10 Home x64, IE 11, UAC, 8 x Intel Core i7-6700HQ  @ 2.60GHz, Memory: 27373 / 32639 Mb, Disk: 138 / 264 Gb, GMT+8
0	20:52:04.281	Data Folder: C:\Users\tiany\AppData\Roaming\MetaQuotes\Terminal\79214103E7A6FC97F86082D309D0B84B
2	20:52:06.671	Custom indicator SupResZone_MTF USDXXX,Daily: loaded successfully
2	20:52:06.683	Custom indicator SupResZone_MTF USDXXX,Daily: loaded successfully
2	20:52:06.694	Custom indicator SupResZone_MTF USDXXX,Daily: loaded successfully
2	20:52:06.705	Custom indicator SupResZone_MTF USDXXX,Daily: loaded successfully
2	20:52:06.717	Custom indicator MACD-2x USDXXX,Daily: loaded successfully
2	20:52:06.791	Custom indicator Laguerre-ACS1 USDXXX,Daily: loaded successfully
2	20:52:06.934	Custom indicator SupResZone_MTF XAUUSD.,H4: loaded successfully
2	20:52:06.947	Custom indicator SupResZone_MTF XAUUSD.,H4: loaded successfully
2	20:52:06.959	Custom indicator SupResZone_MTF XAUUSD.,H4: loaded successfully
2	20:52:06.970	Custom indicator SupResZone_MTF XAUUSD.,H4: loaded successfully
2	20:52:06.981	Custom indicator MACD-2x XAUUSD.,H4: loaded successfully
2	20:52:07.065	Custom indicator Laguerre-ACS1 XAUUSD.,H4: loaded successfully
2	20:52:07.278	Custom indicator SupResZone_MTF XAGUSD.,H4: loaded successfully
2	20:52:07.292	Custom indicator SupResZone_MTF XAGUSD.,H4: loaded successfully
2	20:52:07.303	Custom indicator SupResZone_MTF XAGUSD.,H4: loaded successfully
2	20:52:07.314	Custom indicator SupResZone_MTF XAGUSD.,H4: loaded successfully
2	20:52:07.326	Custom indicator MACD-2x XAGUSD.,H4: loaded successfully
2	20:52:07.412	Custom indicator Laguerre-ACS1 XAGUSD.,H4: loaded successfully
2	20:52:07.605	Custom indicator SupResZone_MTF US_OIL,H4: loaded successfully
2	20:52:07.618	Custom indicator SupResZone_MTF US_OIL,H4: loaded successfully
2	20:52:07.630	Custom indicator SupResZone_MTF US_OIL,H4: loaded successfully
2	20:52:07.641	Custom indicator SupResZone_MTF US_OIL,H4: loaded successfully
2	20:52:07.653	Custom indicator MACD-2x US_OIL,H4: loaded successfully
2	20:52:07.729	Custom indicator Laguerre-ACS1 US_OIL,H4: loaded successfully
2	20:52:07.942	Custom indicator SupResZone_MTF JP225,H4: loaded successfully
2	20:52:07.955	Custom indicator SupResZone_MTF JP225,H4: loaded successfully
2	20:52:07.966	Custom indicator SupResZone_MTF JP225,H4: loaded successfully
2	20:52:07.978	Custom indicator SupResZone_MTF JP225,H4: loaded successfully
2	20:52:07.988	Custom indicator MACD-2x JP225,H4: loaded successfully
2	20:52:08.065	Custom indicator Laguerre-ACS1 JP225,H4: loaded successfully
2	20:52:08.329	Custom indicator SupResZone_MTF SPX500,H4: loaded successfully
2	20:52:08.347	Custom indicator SupResZone_MTF SPX500,H4: loaded successfully
2	20:52:08.367	Custom indicator SupResZone_MTF SPX500,H4: loaded successfully
2	20:52:08.379	Custom indicator SupResZone_MTF SPX500,H4: loaded successfully
2	20:52:08.389	Custom indicator MACD-2x SPX500,H4: loaded successfully
2	20:52:08.463	Custom indicator Laguerre-ACS1 SPX500,H4: loaded successfully
2	20:52:08.682	Custom indicator SupResZone_MTF EURAUD.,H4: loaded successfully
2	20:52:08.694	Custom indicator SupResZone_MTF EURAUD.,H4: loaded successfully
2	20:52:08.706	Custom indicator SupResZone_MTF EURAUD.,H4: loaded successfully
2	20:52:08.718	Custom indicator SupResZone_MTF EURAUD.,H4: loaded successfully
2	20:52:08.730	Custom indicator MACD-2x EURAUD.,H4: loaded successfully
2	20:52:08.807	Custom indicator Laguerre-ACS1 EURAUD.,H4: loaded successfully
2	20:52:09.009	Custom indicator SupResZone_MTF AUDJPY.,H4: loaded successfully
2	20:52:09.021	Custom indicator SupResZone_MTF AUDJPY.,H4: loaded successfully
2	20:52:09.032	Custom indicator SupResZone_MTF AUDJPY.,H4: loaded successfully
2	20:52:09.043	Custom indicator SupResZone_MTF AUDJPY.,H4: loaded successfully
2	20:52:09.055	Custom indicator MACD-2x AUDJPY.,H4: loaded successfully
2	20:52:09.145	Custom indicator Laguerre-ACS1 AUDJPY.,H4: loaded successfully
2	20:52:09.347	Custom indicator SupResZone_MTF AUDUSD.,H4: loaded successfully
2	20:52:09.359	Custom indicator SupResZone_MTF AUDUSD.,H4: loaded successfully
2	20:52:09.369	Custom indicator SupResZone_MTF AUDUSD.,H4: loaded successfully
2	20:52:09.380	Custom indicator SupResZone_MTF AUDUSD.,H4: loaded successfully
2	20:52:09.391	Custom indicator MACD-2x AUDUSD.,H4: loaded successfully
2	20:52:09.463	Custom indicator Laguerre-ACS1 AUDUSD.,H4: loaded successfully
2	20:52:09.663	Custom indicator SupResZone_MTF USDJPY.,H4: loaded successfully
2	20:52:09.673	Custom indicator SupResZone_MTF USDJPY.,H4: loaded successfully
2	20:52:09.684	Custom indicator SupResZone_MTF USDJPY.,H4: loaded successfully
2	20:52:09.694	Custom indicator SupResZone_MTF USDJPY.,H4: loaded successfully
2	20:52:09.704	Custom indicator MACD-2x USDJPY.,H4: loaded successfully
2	20:52:09.777	Custom indicator Laguerre-ACS1 USDJPY.,H4: loaded successfully
2	20:52:10.029	Custom indicator SupResZone_MTF EURJPY.,H4: loaded successfully
2	20:52:10.048	Custom indicator SupResZone_MTF EURJPY.,H4: loaded successfully
2	20:52:10.058	Custom indicator SupResZone_MTF EURJPY.,H4: loaded successfully
2	20:52:10.069	Custom indicator SupResZone_MTF EURJPY.,H4: loaded successfully
2	20:52:10.080	Custom indicator MACD-2x EURJPY.,H4: loaded successfully
2	20:52:10.156	Custom indicator Laguerre-ACS1 EURJPY.,H4: loaded successfully
2	20:52:10.403	Custom indicator SupResZone_MTF EURUSD.,H4: loaded successfully
2	20:52:10.414	Custom indicator SupResZone_MTF EURUSD.,H4: loaded successfully
2	20:52:10.425	Custom indicator SupResZone_MTF EURUSD.,H4: loaded successfully
2	20:52:10.436	Custom indicator SupResZone_MTF EURUSD.,H4: loaded successfully
2	20:52:10.446	Custom indicator MACD-2x EURUSD.,H4: loaded successfully
2	20:52:10.515	Custom indicator Laguerre-ACS1 EURUSD.,H4: loaded successfully
2	20:52:10.799	Custom indicator SupResZone_MTF GBPJPY.,H4: loaded successfully
2	20:52:10.821	Custom indicator SupResZone_MTF GBPJPY.,H4: loaded successfully
2	20:52:10.833	Custom indicator SupResZone_MTF GBPJPY.,H4: loaded successfully
2	20:52:10.843	Custom indicator SupResZone_MTF GBPJPY.,H4: loaded successfully
2	20:52:10.854	Custom indicator MACD-2x GBPJPY.,H4: loaded successfully
2	20:52:10.923	Custom indicator Laguerre-ACS1 GBPJPY.,H4: loaded successfully
2	20:52:11.131	Custom indicator SupResZone_MTF GBPUSD.,H4: loaded successfully
2	20:52:11.141	Custom indicator SupResZone_MTF GBPUSD.,H4: loaded successfully
2	20:52:11.151	Custom indicator SupResZone_MTF GBPUSD.,H4: loaded successfully
2	20:52:11.161	Custom indicator SupResZone_MTF GBPUSD.,H4: loaded successfully
2	20:52:11.172	Custom indicator MACD-2x GBPUSD.,H4: loaded successfully
2	20:52:11.243	Custom indicator Laguerre-ACS1 GBPUSD.,H4: loaded successfully
2	20:52:11.547	Custom indicator SupResZone_MTF USDCAD.,H4: loaded successfully
2	20:52:11.562	Custom indicator SupResZone_MTF USDCAD.,H4: loaded successfully
2	20:52:11.577	Custom indicator SupResZone_MTF USDCAD.,H4: loaded successfully
2	20:52:11.587	Custom indicator SupResZone_MTF USDCAD.,H4: loaded successfully
2	20:52:11.600	Custom indicator MACD-2x USDCAD.,H4: loaded successfully
2	20:52:11.678	Custom indicator Laguerre-ACS1 USDCAD.,H4: loaded successfully
2	20:52:11.889	Custom indicator SupResZone_MTF USDCHF.,H4: loaded successfully
2	20:52:11.900	Custom indicator SupResZone_MTF USDCHF.,H4: loaded successfully
2	20:52:11.911	Custom indicator SupResZone_MTF USDCHF.,H4: loaded successfully
2	20:52:11.921	Custom indicator SupResZone_MTF USDCHF.,H4: loaded successfully
2	20:52:11.931	Custom indicator MACD-2x USDCHF.,H4: loaded successfully
2	20:52:12.008	Custom indicator Laguerre-ACS1 USDCHF.,H4: loaded successfully
2	20:52:12.216	Custom indicator SupResZone_MTF USDCNH,Daily: loaded successfully
2	20:52:12.227	Custom indicator SupResZone_MTF USDCNH,Daily: loaded successfully
2	20:52:12.238	Custom indicator SupResZone_MTF USDCNH,Daily: loaded successfully
2	20:52:12.249	Custom indicator SupResZone_MTF USDCNH,Daily: loaded successfully
2	20:52:12.259	Custom indicator MACD-2x USDCNH,Daily: loaded successfully
2	20:52:12.332	Custom indicator Laguerre-ACS1 USDCNH,Daily: loaded successfully
2	20:52:12.476	Custom indicator GMMA Long USDJPY.,H4: loaded successfully
2	20:52:12.487	Custom indicator GMMA Short USDJPY.,H4: loaded successfully
2	20:52:12.496	Custom indicator 23MTF_MovingAverageIGOR USDJPY.,H4: loaded successfully
2	20:52:12.504	Custom indicator 23MTF_MovingAverageIGOR USDJPY.,H4: loaded successfully
2	20:52:12.514	Custom indicator SupResZone_MTF USDJPY.,H4: loaded successfully
2	20:52:12.525	Custom indicator SupResZone_MTF USDJPY.,H4: loaded successfully
2	20:52:12.534	Custom indicator MACD-2x USDJPY.,H4: loaded successfully
2	20:52:12.734	Custom indicator SupResZone_MTF CHINA300,Daily: loaded successfully
2	20:52:12.746	Custom indicator SupResZone_MTF CHINA300,Daily: loaded successfully
2	20:52:12.756	Custom indicator SupResZone_MTF CHINA300,Daily: loaded successfully
2	20:52:12.769	Custom indicator SupResZone_MTF CHINA300,Daily: loaded successfully
2	20:52:12.779	Custom indicator MACD-2x CHINA300,Daily: loaded successfully
2	20:52:12.855	Custom indicator Laguerre-ACS1 CHINA300,Daily: loaded successfully
0	20:52:15.118	'120010550': login on PRC-Live through Server 5 (ping: 128.63 ms)
0	20:52:16.915	'120010550': login datacenter on PRC-Live through Server 5 (ping: 128.63 ms)
0	20:52:17.307	'120010550': previous successful authorization performed from 223.104.237.145
0	20:52:38.583	'120010550': ping to current access point Server 5 is 93.50 ms
0	21:54:34.834	'120010550': pending order sell stop 0.02 US_OIL at 55.78 sl: 0.00 tp: 0.00
0	21:54:35.309	'120010550': order was opened : #11102921 sell stop 0.02 US_OIL at 55.78 sl: 0.00 tp: 0.00
0	21:54:40.737	'120010550': modify pending order #11102921 sell stop 0.02 US_OIL at 55.78 sl: 0.00 tp: 0.00 -> price: 55.69 sl: 0.00 tp: 0.00
0	21:54:41.108	'120010550': pending order #11102921 sell stop 0.02 US_OIL was modified -> price: 55.69 sl: 0.00 tp: 0.00
0	21:54:45.599	'120010550': modify pending order #11102921 sell stop 0.02 US_OIL at 55.69 sl: 0.00 tp: 0.00 -> price: 55.78 sl: 0.00 tp: 0.00
0	21:54:46.498	'120010550': pending order #11102921 sell stop 0.02 US_OIL was modified -> price: 55.78 sl: 0.00 tp: 0.00
0	22:04:02.604	'120010550': order #11102921 sell stop 0.02 US_OIL at 55.78 activated at price 55.78
0	22:04:47.400	'120010550': modify order #11100360 sell 0.01 US_OIL at 56.54 sl: 58.50 tp: 0.00 -> sl: 56.67 tp: 0.00
0	22:04:48.510	'120010550': order #11100360 sell 0.01 US_OIL at 56.54 was modified -> sl: 56.67 tp: 0.00
0	22:04:54.707	'120010550': modify order #11100360 sell 0.01 US_OIL at 56.54 sl: 56.67 tp: 0.00 -> sl: 56.34 tp: 0.00
0	22:04:55.104	'120010550': order #11100360 sell 0.01 US_OIL at 56.54 was modified -> sl: 56.34 tp: 0.00
0	22:04:59.805	'120010550': modify order #11100360 sell 0.01 US_OIL at 56.54 sl: 56.34 tp: 0.00 -> sl: 56.44 tp: 0.00
0	22:05:00.510	'120010550': order #11100360 sell 0.01 US_OIL at 56.54 was modified -> sl: 56.44 tp: 0.00
0	22:35:54.080	'120010550': order sell market 0.02 EURAUD. sl: 0.00000 tp: 0.00000
0	22:35:54.393	'120010550': order was opened : #11103093 sell 0.02 EURAUD. at 1.59333 sl: 0.00000 tp: 0.00000
0	22:36:02.521	'120010550': modify order #11100355 buy 0.02 AUDJPY. at 75.939 sl: 0.000 tp: 76.032 -> sl: 0.000 tp: 76.238
0	22:36:03.002	'120010550': order #11100355 buy 0.02 AUDJPY. at 75.939 was modified -> sl: 0.000 tp: 76.238
0	22:36:18.281	'120010550': pending order sell limit 0.02 AUDUSD. at 0.70643 sl: 0.00000 tp: 0.00000
0	22:36:18.641	'120010550': order was opened : #11103094 sell limit 0.02 AUDUSD. at 0.70643 sl: 0.00000 tp: 0.00000
0	22:37:58.603	'120010550': modify order #11100351 sell 0.02 EURAUD. at 1.59850 sl: 0.00000 tp: 0.00000 -> sl: 1.59943 tp: 0.00000
0	22:37:59.048	'120010550': order #11100351 sell 0.02 EURAUD. at 1.59850 was modified -> sl: 1.59943 tp: 0.00000
0	22:38:01.790	'120010550': modify order #11100351 sell 0.02 EURAUD. at 1.59850 sl: 1.59943 tp: 0.00000 -> sl: 1.59740 tp: 0.00000
0	22:38:02.675	'120010550': order #11100351 sell 0.02 EURAUD. at 1.59850 was modified -> sl: 1.59740 tp: 0.00000
0	22:38:18.364	'120010550': modify order #11063954 buy 0.01 XAUUSD. at 1430.51 sl: 1370.23 tp: 0.00 -> sl: 1373.96 tp: 0.00
0	22:38:18.720	'120010550': order #11063954 buy 0.01 XAUUSD. at 1430.51 was modified -> sl: 1373.96 tp: 0.00
0	22:42:37.571	'120010550': modify order #11096250 sell 0.01 USDCHF. at 0.98667 sl: 0.99539 tp: 0.00000 -> sl: 0.99539 tp: 0.98624
0	22:42:38.468	'120010550': order #11096250 sell 0.01 USDCHF. at 0.98667 was modified -> sl: 0.99539 tp: 0.98624
0	22:42:42.467	'120010550': modify order #11101508 sell 0.02 USDCHF. at 0.98498 sl: 0.00000 tp: 0.00000 -> sl: 0.00000 tp: 0.98458
0	22:42:42.905	'120010550': order #11101508 sell 0.02 USDCHF. at 0.98498 was modified -> sl: 0.00000 tp: 0.98458
0	22:42:54.467	'120010550': modify order #11090118 sell 0.02 USDCHF. at 0.98292 sl: 0.99115 tp: 0.00000 -> sl: 0.99115 tp: 0.98258
0	22:42:54.734	'120010550': order #11090118 sell 0.02 USDCHF. at 0.98292 was modified -> sl: 0.99115 tp: 0.98258
0	22:42:57.855	'120010550': modify order #11092598 sell 0.02 USDCHF. at 0.98223 sl: 0.99234 tp: 0.00000 -> sl: 0.99234 tp: 0.98195
0	22:42:58.140	'120010550': order #11092598 sell 0.02 USDCHF. at 0.98223 was modified -> sl: 0.99234 tp: 0.98195
0	23:31:01.051	'120010550': modify order #11100360 sell 0.01 US_OIL at 56.54 sl: 56.44 tp: 0.00 -> sl: 55.67 tp: 0.00
0	23:31:02.330	'120010550': order #11100360 sell 0.01 US_OIL at 56.54 was modified -> sl: 55.67 tp: 0.00
0	23:31:05.905	'120010550': modify order #11100360 sell 0.01 US_OIL at 56.54 sl: 55.67 tp: 0.00 -> sl: 55.92 tp: 0.00
0	23:31:06.455	'120010550': order #11100360 sell 0.01 US_OIL at 56.54 was modified -> sl: 55.92 tp: 0.00
0	23:31:08.526	'120010550': modify order #11102921 sell 0.02 US_OIL at 55.78 sl: 0.00 tp: 0.00 -> sl: 56.11 tp: 0.00
0	23:31:09.486	'120010550': order #11102921 sell 0.02 US_OIL at 55.78 was modified -> sl: 56.11 tp: 0.00
0	23:31:12.877	'120010550': modify order #11102921 sell 0.02 US_OIL at 55.78 sl: 56.11 tp: 0.00 -> sl: 55.67 tp: 0.00
0	23:31:13.782	'120010550': order #11102921 sell 0.02 US_OIL at 55.78 was modified -> sl: 55.67 tp: 0.00
0	23:31:16.628	'120010550': modify order #11100360 sell 0.01 US_OIL at 56.54 sl: 55.92 tp: 0.00 -> sl: 55.63 tp: 0.00
0	23:31:16.909	'120010550': order #11100360 sell 0.01 US_OIL at 56.54 was modified -> sl: 55.63 tp: 0.00
