2	01:08:15.421	Custom indicator span_model EURAUD.,H4: removed
2	01:08:15.425	Custom indicator MACD-2x EURAUD.,H4: removed
2	01:08:15.427	Custom indicator MACD-2x EURAUD.,H4: removed
2	01:08:15.427	Custom indicator Laguerre-ACS1 EURAUD.,H4: removed
2	01:08:15.431	Custom indicator span_model AUDJPY.,H1: removed
2	01:08:15.433	Custom indicator MACD-2x AUDJPY.,H1: removed
2	01:08:15.436	Custom indicator MACD-2x AUDJPY.,H1: removed
2	01:08:15.436	Custom indicator Laguerre-ACS1 AUDJPY.,H1: removed
2	01:08:15.457	Custom indicator span_model XAUUSD.,H1: removed
2	01:08:15.459	Custom indicator MACD-2x XAUUSD.,H1: removed
2	01:08:15.461	Custom indicator MACD-2x XAUUSD.,H1: removed
2	01:08:15.461	Custom indicator Laguerre-ACS1 XAUUSD.,H1: removed
2	01:08:15.468	Custom indicator span_model US_OIL,Daily: removed
2	01:08:15.470	Custom indicator MACD-2x US_OIL,Daily: removed
2	01:08:15.471	Custom indicator MACD-2x US_OIL,Daily: removed
2	01:08:15.471	Custom indicator Laguerre-ACS1 US_OIL,Daily: removed
2	01:08:15.488	Custom indicator span_model JP225,Daily: removed
2	01:08:15.491	Custom indicator MACD-2x JP225,Daily: removed
2	01:08:15.493	Custom indicator MACD-2x JP225,Daily: removed
2	01:08:15.493	Custom indicator Laguerre-ACS1 JP225,Daily: removed
2	01:08:15.510	Custom indicator span_model SPX500,H1: removed
2	01:08:15.513	Custom indicator MACD-2x SPX500,H1: removed
2	01:08:15.514	Custom indicator MACD-2x SPX500,H1: removed
2	01:08:15.515	Custom indicator Laguerre-ACS1 SPX500,H1: removed
2	01:08:15.521	Custom indicator span_model NDX100,Daily: removed
2	01:08:15.525	Custom indicator MACD-2x NDX100,Daily: removed
2	01:08:15.526	Custom indicator MACD-2x NDX100,Daily: removed
2	01:08:15.526	Custom indicator Laguerre-ACS1 NDX100,Daily: removed
2	01:08:15.531	Custom indicator span_model USDJPY.,Daily: removed
2	01:08:15.533	Custom indicator MACD-2x USDJPY.,Daily: removed
2	01:08:15.535	Custom indicator MACD-2x USDJPY.,Daily: removed
2	01:08:15.535	Custom indicator Laguerre-ACS1 USDJPY.,Daily: removed
2	01:08:15.539	Custom indicator span_model EURJPY.,Daily: removed
2	01:08:15.541	Custom indicator MACD-2x EURJPY.,Daily: removed
2	01:08:15.543	Custom indicator MACD-2x EURJPY.,Daily: removed
2	01:08:15.544	Custom indicator Laguerre-ACS1 EURJPY.,Daily: removed
2	01:08:15.547	Custom indicator span_model EURUSD.,Daily: removed
2	01:08:15.549	Custom indicator MACD-2x EURUSD.,Daily: removed
2	01:08:15.552	Custom indicator MACD-2x EURUSD.,Daily: removed
2	01:08:15.552	Custom indicator Laguerre-ACS1 EURUSD.,Daily: removed
2	01:08:15.556	Custom indicator span_model GBPUSD.,Daily: removed
2	01:08:15.558	Custom indicator MACD-2x GBPUSD.,Daily: removed
2	01:08:15.560	Custom indicator MACD-2x GBPUSD.,Daily: removed
2	01:08:15.560	Custom indicator Laguerre-ACS1 GBPUSD.,Daily: removed
2	01:08:15.564	Custom indicator span_model GBPJPY.,Daily: removed
2	01:08:15.567	Custom indicator MACD-2x GBPJPY.,Daily: removed
2	01:08:15.569	Custom indicator MACD-2x GBPJPY.,Daily: removed
2	01:08:15.569	Custom indicator Laguerre-ACS1 GBPJPY.,Daily: removed
2	01:08:15.581	Custom indicator span_model USDCAD.,Daily: removed
2	01:08:15.583	Custom indicator MACD-2x USDCAD.,Daily: removed
2	01:08:15.585	Custom indicator MACD-2x USDCAD.,Daily: removed
2	01:08:15.585	Custom indicator Laguerre-ACS1 USDCAD.,Daily: removed
0	01:08:15.951	FX Trader build 1170 stopped
0	09:49:07.726	FX Trader build 1170 started (Performance Ronnaru Capital Ltd.)
0	09:49:07.726	Windows 10 Home x64, IE 11, UAC, 8 x Intel Core i7-6700HQ  @ 2.60GHz, Memory: 22171 / 32639 Mb, Disk: 140 / 264 Gb, GMT+9
0	09:49:07.726	Data Folder: C:\Users\tiany\AppData\Roaming\MetaQuotes\Terminal\79214103E7A6FC97F86082D309D0B84B
2	09:49:09.885	Custom indicator span_model EURAUD.,H4: loaded successfully
2	09:49:09.897	Custom indicator MACD-2x EURAUD.,H4: loaded successfully
2	09:49:09.907	Custom indicator MACD-2x EURAUD.,H4: loaded successfully
2	09:49:09.984	Custom indicator Laguerre-ACS1 EURAUD.,H4: loaded successfully
2	09:49:10.118	Custom indicator span_model AUDJPY.,H1: loaded successfully
2	09:49:10.130	Custom indicator MACD-2x AUDJPY.,H1: loaded successfully
2	09:49:10.141	Custom indicator MACD-2x AUDJPY.,H1: loaded successfully
2	09:49:10.221	Custom indicator Laguerre-ACS1 AUDJPY.,H1: loaded successfully
2	09:49:10.385	Custom indicator span_model XAUUSD.,H1: loaded successfully
2	09:49:10.398	Custom indicator MACD-2x XAUUSD.,H1: loaded successfully
2	09:49:10.407	Custom indicator MACD-2x XAUUSD.,H1: loaded successfully
2	09:49:10.478	Custom indicator Laguerre-ACS1 XAUUSD.,H1: loaded successfully
2	09:49:10.835	Custom indicator span_model US_OIL,Daily: loaded successfully
2	09:49:10.845	Custom indicator MACD-2x US_OIL,Daily: loaded successfully
2	09:49:10.855	Custom indicator MACD-2x US_OIL,Daily: loaded successfully
2	09:49:10.940	Custom indicator Laguerre-ACS1 US_OIL,Daily: loaded successfully
2	09:49:11.084	Custom indicator span_model JP225,Daily: loaded successfully
2	09:49:11.095	Custom indicator MACD-2x JP225,Daily: loaded successfully
2	09:49:11.104	Custom indicator MACD-2x JP225,Daily: loaded successfully
2	09:49:11.171	Custom indicator Laguerre-ACS1 JP225,Daily: loaded successfully
2	09:49:11.345	Custom indicator span_model SPX500,H1: loaded successfully
2	09:49:11.356	Custom indicator MACD-2x SPX500,H1: loaded successfully
2	09:49:11.365	Custom indicator MACD-2x SPX500,H1: loaded successfully
2	09:49:11.434	Custom indicator Laguerre-ACS1 SPX500,H1: loaded successfully
2	09:49:11.670	Custom indicator span_model NDX100,Daily: loaded successfully
2	09:49:11.681	Custom indicator MACD-2x NDX100,Daily: loaded successfully
2	09:49:11.691	Custom indicator MACD-2x NDX100,Daily: loaded successfully
2	09:49:11.762	Custom indicator Laguerre-ACS1 NDX100,Daily: loaded successfully
2	09:49:11.948	Custom indicator span_model USDJPY.,Daily: loaded successfully
2	09:49:11.957	Custom indicator MACD-2x USDJPY.,Daily: loaded successfully
2	09:49:11.967	Custom indicator MACD-2x USDJPY.,Daily: loaded successfully
2	09:49:12.035	Custom indicator Laguerre-ACS1 USDJPY.,Daily: loaded successfully
2	09:49:12.214	Custom indicator span_model EURJPY.,Daily: loaded successfully
2	09:49:12.224	Custom indicator MACD-2x EURJPY.,Daily: loaded successfully
2	09:49:12.235	Custom indicator MACD-2x EURJPY.,Daily: loaded successfully
2	09:49:12.306	Custom indicator Laguerre-ACS1 EURJPY.,Daily: loaded successfully
2	09:49:12.471	Custom indicator span_model EURUSD.,Daily: loaded successfully
2	09:49:12.481	Custom indicator MACD-2x EURUSD.,Daily: loaded successfully
2	09:49:12.492	Custom indicator MACD-2x EURUSD.,Daily: loaded successfully
2	09:49:12.558	Custom indicator Laguerre-ACS1 EURUSD.,Daily: loaded successfully
2	09:49:12.725	Custom indicator span_model GBPUSD.,Daily: loaded successfully
2	09:49:12.735	Custom indicator MACD-2x GBPUSD.,Daily: loaded successfully
2	09:49:12.747	Custom indicator MACD-2x GBPUSD.,Daily: loaded successfully
2	09:49:12.815	Custom indicator Laguerre-ACS1 GBPUSD.,Daily: loaded successfully
2	09:49:13.001	Custom indicator span_model GBPJPY.,Daily: loaded successfully
2	09:49:13.012	Custom indicator MACD-2x GBPJPY.,Daily: loaded successfully
2	09:49:13.022	Custom indicator MACD-2x GBPJPY.,Daily: loaded successfully
2	09:49:13.092	Custom indicator Laguerre-ACS1 GBPJPY.,Daily: loaded successfully
2	09:49:13.294	Custom indicator span_model USDCAD.,Daily: loaded successfully
2	09:49:13.304	Custom indicator MACD-2x USDCAD.,Daily: loaded successfully
2	09:49:13.314	Custom indicator MACD-2x USDCAD.,Daily: loaded successfully
2	09:49:13.385	Custom indicator Laguerre-ACS1 USDCAD.,Daily: loaded successfully
1	09:49:14.906	'120010550': connect failed [No connection]
1	17:54:45.168	MQL5.community: authorization failed
