0	00:14:54.362	'120010550': order sell market 0.01 USDJPY. sl: 0.000 tp: 0.000
0	00:14:55.114	'120010550': order was opened : #11025453 sell 0.01 USDJPY. at 107.321 sl: 0.000 tp: 0.000
0	00:15:53.075	'120010550': delete pending order #11024306 sell stop 0.02 EURAUD. at 1.62198 sl: 0.00000 tp: 1.61327
0	00:15:53.491	'120010550': pending order #11024306 was deleted
1	00:17:02.872	'120010550': modification of order #11024256 sell 0.02 USDJPY. at 107.655 sl: 0.000 tp: 0.000 -> sl: 0.000 tp: 107.543 failed [Invalid S/L or T/P]
0	00:39:24.135	'120010550': modify order #11020747 sell 0.01 USDJPY. at 107.592 sl: 0.000 tp: 0.000 -> sl: 0.000 tp: 107.217
0	00:39:25.048	'120010550': order #11020747 sell 0.01 USDJPY. at 107.592 was modified -> sl: 0.000 tp: 107.217
0	00:39:32.382	'120010550': modify order #11020747 sell 0.01 USDJPY. at 107.592 sl: 0.000 tp: 107.217 -> sl: 0.000 tp: 107.233
0	00:39:32.657	'120010550': order #11020747 sell 0.01 USDJPY. at 107.592 was modified -> sl: 0.000 tp: 107.233
2	01:44:39.509	Custom indicator SupResZone_MTF USDXXX,H4: removed
2	01:44:39.511	Custom indicator SupResZone_MTF USDXXX,H4: removed
2	01:44:39.514	Custom indicator SupResZone_MTF USDXXX,H4: removed
2	01:44:39.517	Custom indicator SupResZone_MTF USDXXX,H4: removed
2	01:44:39.519	Custom indicator MACD-2x USDXXX,H4: removed
2	01:44:39.519	Custom indicator Laguerre-ACS1 USDXXX,H4: removed
2	01:44:39.527	Custom indicator SupResZone_MTF XAUUSD.,H4: removed
2	01:44:39.528	Custom indicator SupResZone_MTF XAUUSD.,H4: removed
2	01:44:39.530	Custom indicator SupResZone_MTF XAUUSD.,H4: removed
2	01:44:39.533	Custom indicator SupResZone_MTF XAUUSD.,H4: removed
2	01:44:39.535	Custom indicator MACD-2x XAUUSD.,H4: removed
2	01:44:39.536	Custom indicator Laguerre-ACS1 XAUUSD.,H4: removed
2	01:44:39.543	Custom indicator SupResZone_MTF XAGUSD.,H4: removed
2	01:44:39.544	Custom indicator SupResZone_MTF XAGUSD.,H4: removed
2	01:44:39.546	Custom indicator SupResZone_MTF XAGUSD.,H4: removed
2	01:44:39.550	Custom indicator SupResZone_MTF XAGUSD.,H4: removed
2	01:44:39.552	Custom indicator MACD-2x XAGUSD.,H4: removed
2	01:44:39.553	Custom indicator Laguerre-ACS1 XAGUSD.,H4: removed
2	01:44:39.559	Custom indicator SupResZone_MTF US_OIL,H4: removed
2	01:44:39.562	Custom indicator SupResZone_MTF US_OIL,H4: removed
2	01:44:39.564	Custom indicator SupResZone_MTF US_OIL,H4: removed
2	01:44:39.567	Custom indicator SupResZone_MTF US_OIL,H4: removed
2	01:44:39.569	Custom indicator MACD-2x US_OIL,H4: removed
2	01:44:39.569	Custom indicator Laguerre-ACS1 US_OIL,H4: removed
2	01:44:39.577	Custom indicator SupResZone_MTF JP225,H4: removed
2	01:44:39.580	Custom indicator SupResZone_MTF JP225,H4: removed
2	01:44:39.582	Custom indicator SupResZone_MTF JP225,H4: removed
2	01:44:39.585	Custom indicator SupResZone_MTF JP225,H4: removed
2	01:44:39.587	Custom indicator MACD-2x JP225,H4: removed
2	01:44:39.587	Custom indicator Laguerre-ACS1 JP225,H4: removed
2	01:44:39.592	Custom indicator SupResZone_MTF SPX500,H4: removed
2	01:44:39.595	Custom indicator SupResZone_MTF SPX500,H4: removed
2	01:44:39.597	Custom indicator SupResZone_MTF SPX500,H4: removed
2	01:44:39.600	Custom indicator SupResZone_MTF SPX500,H4: removed
2	01:44:39.601	Custom indicator MACD-2x SPX500,H4: removed
2	01:44:39.601	Custom indicator Laguerre-ACS1 SPX500,H4: removed
2	01:44:39.607	Custom indicator SupResZone_MTF EURAUD.,H4: removed
2	01:44:39.609	Custom indicator SupResZone_MTF EURAUD.,H4: removed
2	01:44:39.610	Custom indicator SupResZone_MTF EURAUD.,H4: removed
2	01:44:39.612	Custom indicator SupResZone_MTF EURAUD.,H4: removed
2	01:44:39.615	Custom indicator MACD-2x EURAUD.,H4: removed
2	01:44:39.615	Custom indicator Laguerre-ACS1 EURAUD.,H4: removed
2	01:44:39.621	Custom indicator SupResZone_MTF AUDJPY.,H4: removed
2	01:44:39.623	Custom indicator SupResZone_MTF AUDJPY.,H4: removed
2	01:44:39.624	Custom indicator SupResZone_MTF AUDJPY.,H4: removed
2	01:44:39.626	Custom indicator SupResZone_MTF AUDJPY.,H4: removed
2	01:44:39.628	Custom indicator MACD-2x AUDJPY.,H4: removed
2	01:44:39.628	Custom indicator Laguerre-ACS1 AUDJPY.,H4: removed
2	01:44:39.638	Custom indicator SupResZone_MTF AUDUSD.,H4: removed
2	01:44:39.641	Custom indicator SupResZone_MTF AUDUSD.,H4: removed
2	01:44:39.644	Custom indicator SupResZone_MTF AUDUSD.,H4: removed
2	01:44:39.646	Custom indicator SupResZone_MTF AUDUSD.,H4: removed
2	01:44:39.650	Custom indicator MACD-2x AUDUSD.,H4: removed
2	01:44:39.650	Custom indicator Laguerre-ACS1 AUDUSD.,H4: removed
2	01:44:39.656	Custom indicator SupResZone_MTF USDJPY.,H4: removed
2	01:44:39.658	Custom indicator SupResZone_MTF USDJPY.,H4: removed
2	01:44:39.660	Custom indicator SupResZone_MTF USDJPY.,H4: removed
2	01:44:39.661	Custom indicator SupResZone_MTF USDJPY.,H4: removed
2	01:44:39.663	Custom indicator MACD-2x USDJPY.,H4: removed
2	01:44:39.663	Custom indicator Laguerre-ACS1 USDJPY.,H4: removed
2	01:44:39.670	Custom indicator SupResZone_MTF EURJPY.,H4: removed
2	01:44:39.672	Custom indicator SupResZone_MTF EURJPY.,H4: removed
2	01:44:39.674	Custom indicator SupResZone_MTF EURJPY.,H4: removed
2	01:44:39.675	Custom indicator SupResZone_MTF EURJPY.,H4: removed
2	01:44:39.677	Custom indicator MACD-2x EURJPY.,H4: removed
2	01:44:39.677	Custom indicator Laguerre-ACS1 EURJPY.,H4: removed
2	01:44:39.685	Custom indicator SupResZone_MTF EURUSD.,H4: removed
2	01:44:39.688	Custom indicator SupResZone_MTF EURUSD.,H4: removed
2	01:44:39.690	Custom indicator SupResZone_MTF EURUSD.,H4: removed
2	01:44:39.692	Custom indicator SupResZone_MTF EURUSD.,H4: removed
2	01:44:39.694	Custom indicator MACD-2x EURUSD.,H4: removed
2	01:44:39.694	Custom indicator Laguerre-ACS1 EURUSD.,H4: removed
2	01:44:39.700	Custom indicator SupResZone_MTF GBPJPY.,H4: removed
2	01:44:39.701	Custom indicator SupResZone_MTF GBPJPY.,H4: removed
2	01:44:39.702	Custom indicator SupResZone_MTF GBPJPY.,H4: removed
2	01:44:39.703	Custom indicator SupResZone_MTF GBPJPY.,H4: removed
2	01:44:39.705	Custom indicator MACD-2x GBPJPY.,H4: removed
2	01:44:39.705	Custom indicator Laguerre-ACS1 GBPJPY.,H4: removed
2	01:44:39.720	Custom indicator SupResZone_MTF GBPUSD.,H4: removed
2	01:44:39.721	Custom indicator SupResZone_MTF GBPUSD.,H4: removed
2	01:44:39.723	Custom indicator SupResZone_MTF GBPUSD.,H4: removed
2	01:44:39.725	Custom indicator SupResZone_MTF GBPUSD.,H4: removed
2	01:44:39.727	Custom indicator MACD-2x GBPUSD.,H4: removed
2	01:44:39.727	Custom indicator Laguerre-ACS1 GBPUSD.,H4: removed
2	01:44:39.750	Custom indicator SupResZone_MTF USDCAD.,Daily: removed
2	01:44:39.753	Custom indicator SupResZone_MTF USDCAD.,Daily: removed
2	01:44:39.755	Custom indicator SupResZone_MTF USDCAD.,Daily: removed
2	01:44:39.757	Custom indicator SupResZone_MTF USDCAD.,Daily: removed
2	01:44:39.759	Custom indicator MACD-2x USDCAD.,Daily: removed
2	01:44:39.759	Custom indicator Laguerre-ACS1 USDCAD.,Daily: removed
2	01:44:39.777	Custom indicator SupResZone_MTF USDCHF.,Daily: removed
2	01:44:39.778	Custom indicator SupResZone_MTF USDCHF.,Daily: removed
2	01:44:39.780	Custom indicator SupResZone_MTF USDCHF.,Daily: removed
2	01:44:39.782	Custom indicator SupResZone_MTF USDCHF.,Daily: removed
2	01:44:39.784	Custom indicator MACD-2x USDCHF.,Daily: removed
2	01:44:39.784	Custom indicator Laguerre-ACS1 USDCHF.,Daily: removed
2	01:44:39.800	Custom indicator MACD-2x USDCNH,Daily: removed
2	01:44:39.801	Custom indicator MACD-2x USDCNH,Daily: removed
2	01:44:39.801	Custom indicator Laguerre-ACS1 USDCNH,Daily: removed
2	01:44:39.817	Custom indicator GMMA Long USDJPY.,H1: removed
2	01:44:39.820	Custom indicator GMMA Short USDJPY.,H1: removed
2	01:44:39.821	Custom indicator 23MTF_MovingAverageIGOR USDJPY.,H1: removed
2	01:44:39.823	Custom indicator 23MTF_MovingAverageIGOR USDJPY.,H1: removed
2	01:44:39.825	Custom indicator SupResZone_MTF USDJPY.,H1: removed
2	01:44:39.826	Custom indicator SupResZone_MTF USDJPY.,H1: removed
2	01:44:39.828	Custom indicator MACD-2x USDJPY.,H1: removed
2	01:44:39.840	Custom indicator SupResZone_MTF CHINA300,Daily: removed
2	01:44:39.842	Custom indicator SupResZone_MTF CHINA300,Daily: removed
2	01:44:39.844	Custom indicator SupResZone_MTF CHINA300,Daily: removed
2	01:44:39.845	Custom indicator SupResZone_MTF CHINA300,Daily: removed
2	01:44:39.847	Custom indicator MACD-2x CHINA300,Daily: removed
2	01:44:39.847	Custom indicator Laguerre-ACS1 CHINA300,Daily: removed
0	01:44:40.312	FX Trader build 1170 stopped
0	18:42:51.948	FX Trader build 1170 started (Performance Ronnaru Capital Ltd.)
0	18:42:51.949	Windows 10 Home x64, IE 11, UAC, 8 x Intel Core i7-6700HQ  @ 2.60GHz, Memory: 24887 / 32639 Mb, Disk: 136 / 264 Gb, GMT+8
0	18:42:51.949	Data Folder: C:\Users\tiany\AppData\Roaming\MetaQuotes\Terminal\79214103E7A6FC97F86082D309D0B84B
2	18:42:54.335	Custom indicator SupResZone_MTF USDXXX,H4: loaded successfully
2	18:42:54.346	Custom indicator SupResZone_MTF USDXXX,H4: loaded successfully
2	18:42:54.357	Custom indicator SupResZone_MTF USDXXX,H4: loaded successfully
2	18:42:54.368	Custom indicator SupResZone_MTF USDXXX,H4: loaded successfully
2	18:42:54.380	Custom indicator MACD-2x USDXXX,H4: loaded successfully
2	18:42:54.451	Custom indicator Laguerre-ACS1 USDXXX,H4: loaded successfully
2	18:42:54.642	Custom indicator SupResZone_MTF XAUUSD.,H4: loaded successfully
2	18:42:54.653	Custom indicator SupResZone_MTF XAUUSD.,H4: loaded successfully
2	18:42:54.664	Custom indicator SupResZone_MTF XAUUSD.,H4: loaded successfully
2	18:42:54.674	Custom indicator SupResZone_MTF XAUUSD.,H4: loaded successfully
2	18:42:54.684	Custom indicator MACD-2x XAUUSD.,H4: loaded successfully
2	18:42:54.754	Custom indicator Laguerre-ACS1 XAUUSD.,H4: loaded successfully
2	18:42:54.942	Custom indicator SupResZone_MTF XAGUSD.,H4: loaded successfully
2	18:42:54.952	Custom indicator SupResZone_MTF XAGUSD.,H4: loaded successfully
2	18:42:54.964	Custom indicator SupResZone_MTF XAGUSD.,H4: loaded successfully
2	18:42:54.974	Custom indicator SupResZone_MTF XAGUSD.,H4: loaded successfully
2	18:42:54.986	Custom indicator MACD-2x XAGUSD.,H4: loaded successfully
2	18:42:55.060	Custom indicator Laguerre-ACS1 XAGUSD.,H4: loaded successfully
2	18:42:55.241	Custom indicator SupResZone_MTF US_OIL,H4: loaded successfully
2	18:42:55.252	Custom indicator SupResZone_MTF US_OIL,H4: loaded successfully
2	18:42:55.263	Custom indicator SupResZone_MTF US_OIL,H4: loaded successfully
2	18:42:55.273	Custom indicator SupResZone_MTF US_OIL,H4: loaded successfully
2	18:42:55.284	Custom indicator MACD-2x US_OIL,H4: loaded successfully
2	18:42:55.354	Custom indicator Laguerre-ACS1 US_OIL,H4: loaded successfully
2	18:42:55.562	Custom indicator SupResZone_MTF JP225,H4: loaded successfully
2	18:42:55.573	Custom indicator SupResZone_MTF JP225,H4: loaded successfully
2	18:42:55.585	Custom indicator SupResZone_MTF JP225,H4: loaded successfully
2	18:42:55.596	Custom indicator SupResZone_MTF JP225,H4: loaded successfully
2	18:42:55.608	Custom indicator MACD-2x JP225,H4: loaded successfully
2	18:42:55.693	Custom indicator Laguerre-ACS1 JP225,H4: loaded successfully
2	18:42:55.939	Custom indicator SupResZone_MTF SPX500,H4: loaded successfully
2	18:42:55.951	Custom indicator SupResZone_MTF SPX500,H4: loaded successfully
2	18:42:55.964	Custom indicator SupResZone_MTF SPX500,H4: loaded successfully
2	18:42:55.975	Custom indicator SupResZone_MTF SPX500,H4: loaded successfully
2	18:42:55.986	Custom indicator MACD-2x SPX500,H4: loaded successfully
2	18:42:56.061	Custom indicator Laguerre-ACS1 SPX500,H4: loaded successfully
2	18:42:56.274	Custom indicator SupResZone_MTF EURAUD.,H4: loaded successfully
2	18:42:56.284	Custom indicator SupResZone_MTF EURAUD.,H4: loaded successfully
2	18:42:56.294	Custom indicator SupResZone_MTF EURAUD.,H4: loaded successfully
2	18:42:56.305	Custom indicator SupResZone_MTF EURAUD.,H4: loaded successfully
2	18:42:56.315	Custom indicator MACD-2x EURAUD.,H4: loaded successfully
2	18:42:56.390	Custom indicator Laguerre-ACS1 EURAUD.,H4: loaded successfully
2	18:42:56.563	Custom indicator SupResZone_MTF AUDJPY.,H4: loaded successfully
2	18:42:56.573	Custom indicator SupResZone_MTF AUDJPY.,H4: loaded successfully
2	18:42:56.583	Custom indicator SupResZone_MTF AUDJPY.,H4: loaded successfully
2	18:42:56.593	Custom indicator SupResZone_MTF AUDJPY.,H4: loaded successfully
2	18:42:56.603	Custom indicator MACD-2x AUDJPY.,H4: loaded successfully
2	18:42:56.681	Custom indicator Laguerre-ACS1 AUDJPY.,H4: loaded successfully
2	18:42:56.851	Custom indicator SupResZone_MTF AUDUSD.,H4: loaded successfully
2	18:42:56.863	Custom indicator SupResZone_MTF AUDUSD.,H4: loaded successfully
2	18:42:56.874	Custom indicator SupResZone_MTF AUDUSD.,H4: loaded successfully
2	18:42:56.885	Custom indicator SupResZone_MTF AUDUSD.,H4: loaded successfully
2	18:42:56.895	Custom indicator MACD-2x AUDUSD.,H4: loaded successfully
2	18:42:56.967	Custom indicator Laguerre-ACS1 AUDUSD.,H4: loaded successfully
2	18:42:57.141	Custom indicator SupResZone_MTF USDJPY.,H4: loaded successfully
2	18:42:57.153	Custom indicator SupResZone_MTF USDJPY.,H4: loaded successfully
2	18:42:57.165	Custom indicator SupResZone_MTF USDJPY.,H4: loaded successfully
2	18:42:57.175	Custom indicator SupResZone_MTF USDJPY.,H4: loaded successfully
2	18:42:57.186	Custom indicator MACD-2x USDJPY.,H4: loaded successfully
2	18:42:57.262	Custom indicator Laguerre-ACS1 USDJPY.,H4: loaded successfully
2	18:42:57.534	Custom indicator SupResZone_MTF EURJPY.,H4: loaded successfully
2	18:42:57.553	Custom indicator SupResZone_MTF EURJPY.,H4: loaded successfully
2	18:42:57.567	Custom indicator SupResZone_MTF EURJPY.,H4: loaded successfully
2	18:42:57.583	Custom indicator SupResZone_MTF EURJPY.,H4: loaded successfully
2	18:42:57.596	Custom indicator MACD-2x EURJPY.,H4: loaded successfully
2	18:42:57.694	Custom indicator Laguerre-ACS1 EURJPY.,H4: loaded successfully
2	18:42:57.951	Custom indicator SupResZone_MTF EURUSD.,H4: loaded successfully
2	18:42:57.963	Custom indicator SupResZone_MTF EURUSD.,H4: loaded successfully
2	18:42:57.974	Custom indicator SupResZone_MTF EURUSD.,H4: loaded successfully
2	18:42:57.989	Custom indicator SupResZone_MTF EURUSD.,H4: loaded successfully
2	18:42:58.002	Custom indicator MACD-2x EURUSD.,H4: loaded successfully
2	18:42:58.088	Custom indicator Laguerre-ACS1 EURUSD.,H4: loaded successfully
2	18:42:58.293	Custom indicator SupResZone_MTF GBPJPY.,H4: loaded successfully
2	18:42:58.304	Custom indicator SupResZone_MTF GBPJPY.,H4: loaded successfully
2	18:42:58.315	Custom indicator SupResZone_MTF GBPJPY.,H4: loaded successfully
2	18:42:58.325	Custom indicator SupResZone_MTF GBPJPY.,H4: loaded successfully
2	18:42:58.338	Custom indicator MACD-2x GBPJPY.,H4: loaded successfully
2	18:42:58.422	Custom indicator Laguerre-ACS1 GBPJPY.,H4: loaded successfully
2	18:42:58.609	Custom indicator SupResZone_MTF GBPUSD.,H4: loaded successfully
2	18:42:58.620	Custom indicator SupResZone_MTF GBPUSD.,H4: loaded successfully
2	18:42:58.631	Custom indicator SupResZone_MTF GBPUSD.,H4: loaded successfully
2	18:42:58.642	Custom indicator SupResZone_MTF GBPUSD.,H4: loaded successfully
2	18:42:58.653	Custom indicator MACD-2x GBPUSD.,H4: loaded successfully
2	18:42:58.736	Custom indicator Laguerre-ACS1 GBPUSD.,H4: loaded successfully
2	18:42:58.953	Custom indicator SupResZone_MTF USDCAD.,Daily: loaded successfully
2	18:42:58.965	Custom indicator SupResZone_MTF USDCAD.,Daily: loaded successfully
2	18:42:58.976	Custom indicator SupResZone_MTF USDCAD.,Daily: loaded successfully
2	18:42:58.986	Custom indicator SupResZone_MTF USDCAD.,Daily: loaded successfully
2	18:42:58.996	Custom indicator MACD-2x USDCAD.,Daily: loaded successfully
2	18:42:59.071	Custom indicator Laguerre-ACS1 USDCAD.,Daily: loaded successfully
2	18:42:59.229	Custom indicator SupResZone_MTF USDCHF.,Daily: loaded successfully
2	18:42:59.242	Custom indicator SupResZone_MTF USDCHF.,Daily: loaded successfully
2	18:42:59.258	Custom indicator SupResZone_MTF USDCHF.,Daily: loaded successfully
2	18:42:59.271	Custom indicator SupResZone_MTF USDCHF.,Daily: loaded successfully
2	18:42:59.295	Custom indicator MACD-2x USDCHF.,Daily: loaded successfully
2	18:42:59.418	Custom indicator Laguerre-ACS1 USDCHF.,Daily: loaded successfully
2	18:42:59.615	Custom indicator MACD-2x USDCNH,Daily: loaded successfully
2	18:42:59.632	Custom indicator MACD-2x USDCNH,Daily: loaded successfully
2	18:42:59.725	Custom indicator Laguerre-ACS1 USDCNH,Daily: loaded successfully
2	18:42:59.806	Custom indicator GMMA Long USDJPY.,H1: loaded successfully
2	18:42:59.817	Custom indicator GMMA Short USDJPY.,H1: loaded successfully
2	18:42:59.826	Custom indicator 23MTF_MovingAverageIGOR USDJPY.,H1: loaded successfully
2	18:42:59.836	Custom indicator 23MTF_MovingAverageIGOR USDJPY.,H1: loaded successfully
2	18:42:59.849	Custom indicator SupResZone_MTF USDJPY.,H1: loaded successfully
2	18:42:59.862	Custom indicator SupResZone_MTF USDJPY.,H1: loaded successfully
2	18:42:59.875	Custom indicator MACD-2x USDJPY.,H1: loaded successfully
2	18:43:00.145	Custom indicator SupResZone_MTF CHINA300,Daily: loaded successfully
2	18:43:00.156	Custom indicator SupResZone_MTF CHINA300,Daily: loaded successfully
2	18:43:00.168	Custom indicator SupResZone_MTF CHINA300,Daily: loaded successfully
2	18:43:00.179	Custom indicator SupResZone_MTF CHINA300,Daily: loaded successfully
2	18:43:00.189	Custom indicator MACD-2x CHINA300,Daily: loaded successfully
2	18:43:00.261	Custom indicator Laguerre-ACS1 CHINA300,Daily: loaded successfully
0	18:43:02.552	'120010550': login on PRC-Live through Server 5 (ping: 101.32 ms)
0	18:43:04.397	'120010550': login datacenter on PRC-Live through Server 5 (ping: 101.32 ms)
0	18:43:04.768	'120010550': previous successful authorization performed from 223.104.177.63
0	18:43:29.175	'120010550': auto connecting to a better access point Server 7 (ping is 126.19 ms)
0	18:43:29.834	'120010550': login on PRC-Live through Server 7 (ping: 126.19 ms)
0	18:44:04.296	'120010550': login on PRC-Live through Server 7 (ping: 126.19 ms)
0	18:44:05.904	'120010550': login datacenter on PRC-Live through Server 7 (ping: 126.19 ms)
0	18:44:06.381	'120010550': previous successful authorization performed from 1.180.18.117
0	18:44:30.177	'120010550': ping to current access point Server 7 is 104.18 ms
1	18:47:09.798	'120010550': datacenter connecting failed [6]
0	18:47:13.986	'120010550': login on PRC-Live through Server 3 (ping: 125.46 ms)
0	18:48:19.887	'120010550': login on PRC-Live through Server 8 (ping: 140.82 ms)
0	18:48:21.201	'120010550': login datacenter on PRC-Live through Server 8 (ping: 140.82 ms)
0	18:48:21.596	'120010550': previous successful authorization performed from 1.180.18.117
1	19:14:12.503	'120010550': ping failed
1	19:14:12.531	'120010550': datacenter connecting failed [6]
0	19:14:13.157	'120010550': login on PRC-Live through Server 6 (ping: 133.13 ms)
0	19:14:41.724	'120010550': login on PRC-Live through Server 6 (ping: 133.13 ms)
0	19:15:10.523	'120010550': login on PRC-Live through Server 6 (ping: 133.13 ms)
0	19:15:52.270	'120010550': login on PRC-Live through Server 6 (ping: 133.13 ms)
0	19:16:23.968	'120010550': login on PRC-Live through Server 6 (ping: 133.13 ms)
0	19:16:59.047	'120010550': login on PRC-Live through Server 6 (ping: 133.13 ms)
0	19:17:31.155	'120010550': login datacenter on PRC-Live through Server 6 (ping: 133.13 ms)
0	19:18:06.250	'120010550': login on PRC-Live through Server 6 (ping: 133.13 ms)
0	19:18:12.152	'120010550': login on PRC-Live through Server 6 (ping: 133.13 ms)
0	19:18:25.690	'120010550': auto connecting to a better access point Server 3 (ping is 118.16 ms)
0	19:18:31.566	'120010550': login on PRC-Live through Server 3 (ping: 118.16 ms)
0	19:18:33.327	'120010550': login datacenter on PRC-Live through Server 3 (ping: 118.16 ms)
0	19:18:33.870	'120010550': previous successful authorization performed from 1.180.18.117
0	19:18:53.727	'120010550': ping to current access point Server 3 is 123.69 ms
1	19:22:01.503	'120010550': ping failed
1	19:22:01.531	'120010550': datacenter connecting failed [6]
0	19:22:02.242	'120010550': login on PRC-Live through Server 7 (ping: 128.16 ms)
0	19:22:40.899	'120010550': login on PRC-Live through Server 7 (ping: 128.16 ms)
0	19:23:31.541	'120010550': login on PRC-Live through Server 7 (ping: 128.16 ms)
0	19:24:35.052	'120010550': login datacenter on PRC-Live
0	19:25:10.570	'120010550': auto connecting to a better access point Server 3 (ping is 124.11 ms)
0	19:25:21.436	'120010550': login on PRC-Live through Server 3 (ping: 124.11 ms)
0	19:25:26.488	'120010550': login datacenter on PRC-Live through Server 3 (ping: 124.11 ms)
0	19:25:26.965	'120010550': previous successful authorization performed from 1.180.18.117
1	20:21:29.705	'120010550': ping failed
0	20:21:39.670	'120010550': login on PRC-Live through Server 3 (ping: 124.11 ms)
0	20:21:41.672	'120010550': login datacenter on PRC-Live through Server 3 (ping: 124.11 ms)
0	20:21:42.311	'120010550': previous successful authorization performed from 1.180.18.101
1	20:37:51.557	'120010550': ping failed
0	20:37:55.478	'120010550': login on PRC-Live through Server 7 (ping: 121.20 ms)
0	20:39:01.202	'120010550': login on PRC-Live through Server 6 (ping: 125.07 ms)
0	20:39:39.907	'120010550': login on PRC-Live through Server 6 (ping: 125.07 ms)
0	20:40:26.707	'120010550': login on PRC-Live through Server 6 (ping: 125.07 ms)
0	20:41:04.901	'120010550': login on PRC-Live through Server 6 (ping: 125.07 ms)
0	20:41:09.801	'120010550': auto connecting to a better access point Server 8 (ping is 139.61 ms)
0	20:41:15.790	'120010550': login on PRC-Live through Server 8 (ping: 139.61 ms)
0	20:41:17.523	'120010550': login datacenter on PRC-Live through Server 8 (ping: 139.61 ms)
0	20:41:18.038	'120010550': previous successful authorization performed from 1.180.18.117
