0	09:43:48.100	FX Trader build 1170 started (Performance Ronnaru Capital Ltd.)
0	09:43:48.101	Windows 10 Home x64, IE 11, UAC, 8 x Intel Core i7-6700HQ  @ 2.60GHz, Memory: 27383 / 32639 Mb, Disk: 134 / 264 Gb, GMT+8
0	09:43:48.101	Data Folder: C:\Users\tiany\AppData\Roaming\MetaQuotes\Terminal\79214103E7A6FC97F86082D309D0B84B
1	09:43:49.476	MQL Base: failed connect to server
2	09:43:50.058	Custom indicator SupResZone_MTF USDXXX,Daily: loaded successfully
2	09:43:50.069	Custom indicator SupResZone_MTF USDXXX,Daily: loaded successfully
2	09:43:50.080	Custom indicator SupResZone_MTF USDXXX,Daily: loaded successfully
2	09:43:50.089	Custom indicator SupResZone_MTF USDXXX,Daily: loaded successfully
2	09:43:50.100	Custom indicator MACD-2x USDXXX,Daily: loaded successfully
2	09:43:50.168	Custom indicator Laguerre-ACS1 USDXXX,Daily: loaded successfully
2	09:43:50.298	Custom indicator SupResZone_MTF XAUUSD.,H4: loaded successfully
2	09:43:50.309	Custom indicator SupResZone_MTF XAUUSD.,H4: loaded successfully
2	09:43:50.320	Custom indicator SupResZone_MTF XAUUSD.,H4: loaded successfully
2	09:43:50.330	Custom indicator SupResZone_MTF XAUUSD.,H4: loaded successfully
2	09:43:50.340	Custom indicator MACD-2x XAUUSD.,H4: loaded successfully
2	09:43:50.410	Custom indicator Laguerre-ACS1 XAUUSD.,H4: loaded successfully
2	09:43:50.618	Custom indicator SupResZone_MTF XAGUSD.,H1: loaded successfully
2	09:43:50.628	Custom indicator SupResZone_MTF XAGUSD.,H1: loaded successfully
2	09:43:50.639	Custom indicator SupResZone_MTF XAGUSD.,H1: loaded successfully
2	09:43:50.649	Custom indicator SupResZone_MTF XAGUSD.,H1: loaded successfully
2	09:43:50.660	Custom indicator MACD-2x XAGUSD.,H1: loaded successfully
2	09:43:50.731	Custom indicator Laguerre-ACS1 XAGUSD.,H1: loaded successfully
2	09:43:50.927	Custom indicator SupResZone_MTF US_OIL,H1: loaded successfully
2	09:43:50.937	Custom indicator SupResZone_MTF US_OIL,H1: loaded successfully
2	09:43:50.947	Custom indicator SupResZone_MTF US_OIL,H1: loaded successfully
2	09:43:50.957	Custom indicator SupResZone_MTF US_OIL,H1: loaded successfully
2	09:43:50.966	Custom indicator MACD-2x US_OIL,H1: loaded successfully
2	09:43:51.036	Custom indicator Laguerre-ACS1 US_OIL,H1: loaded successfully
2	09:43:51.269	Custom indicator SupResZone_MTF JP225,H4: loaded successfully
2	09:43:51.281	Custom indicator SupResZone_MTF JP225,H4: loaded successfully
2	09:43:51.291	Custom indicator SupResZone_MTF JP225,H4: loaded successfully
2	09:43:51.302	Custom indicator SupResZone_MTF JP225,H4: loaded successfully
2	09:43:51.311	Custom indicator MACD-2x JP225,H4: loaded successfully
2	09:43:51.381	Custom indicator Laguerre-ACS1 JP225,H4: loaded successfully
2	09:43:51.564	Custom indicator SupResZone_MTF SPX500,H4: loaded successfully
2	09:43:51.575	Custom indicator SupResZone_MTF SPX500,H4: loaded successfully
2	09:43:51.585	Custom indicator SupResZone_MTF SPX500,H4: loaded successfully
2	09:43:51.595	Custom indicator SupResZone_MTF SPX500,H4: loaded successfully
2	09:43:51.604	Custom indicator MACD-2x SPX500,H4: loaded successfully
2	09:43:51.676	Custom indicator Laguerre-ACS1 SPX500,H4: loaded successfully
2	09:43:51.886	Custom indicator SupResZone_MTF EURAUD.,H4: loaded successfully
2	09:43:51.897	Custom indicator SupResZone_MTF EURAUD.,H4: loaded successfully
2	09:43:51.907	Custom indicator SupResZone_MTF EURAUD.,H4: loaded successfully
2	09:43:51.917	Custom indicator SupResZone_MTF EURAUD.,H4: loaded successfully
2	09:43:51.926	Custom indicator MACD-2x EURAUD.,H4: loaded successfully
2	09:43:52.007	Custom indicator Laguerre-ACS1 EURAUD.,H4: loaded successfully
2	09:43:52.206	Custom indicator SupResZone_MTF AUDJPY.,H4: loaded successfully
2	09:43:52.217	Custom indicator SupResZone_MTF AUDJPY.,H4: loaded successfully
2	09:43:52.227	Custom indicator SupResZone_MTF AUDJPY.,H4: loaded successfully
2	09:43:52.236	Custom indicator SupResZone_MTF AUDJPY.,H4: loaded successfully
2	09:43:52.247	Custom indicator MACD-2x AUDJPY.,H4: loaded successfully
2	09:43:52.315	Custom indicator Laguerre-ACS1 AUDJPY.,H4: loaded successfully
2	09:43:52.505	Custom indicator SupResZone_MTF AUDUSD.,H4: loaded successfully
2	09:43:52.516	Custom indicator SupResZone_MTF AUDUSD.,H4: loaded successfully
2	09:43:52.527	Custom indicator SupResZone_MTF AUDUSD.,H4: loaded successfully
2	09:43:52.538	Custom indicator SupResZone_MTF AUDUSD.,H4: loaded successfully
2	09:43:52.548	Custom indicator MACD-2x AUDUSD.,H4: loaded successfully
2	09:43:52.620	Custom indicator Laguerre-ACS1 AUDUSD.,H4: loaded successfully
2	09:43:52.795	Custom indicator SupResZone_MTF USDJPY.,H4: loaded successfully
2	09:43:52.807	Custom indicator SupResZone_MTF USDJPY.,H4: loaded successfully
2	09:43:52.816	Custom indicator SupResZone_MTF USDJPY.,H4: loaded successfully
2	09:43:52.826	Custom indicator SupResZone_MTF USDJPY.,H4: loaded successfully
2	09:43:52.836	Custom indicator MACD-2x USDJPY.,H4: loaded successfully
2	09:43:52.908	Custom indicator Laguerre-ACS1 USDJPY.,H4: loaded successfully
2	09:43:53.147	Custom indicator SupResZone_MTF EURJPY.,H4: loaded successfully
2	09:43:53.159	Custom indicator SupResZone_MTF EURJPY.,H4: loaded successfully
2	09:43:53.169	Custom indicator SupResZone_MTF EURJPY.,H4: loaded successfully
2	09:43:53.179	Custom indicator SupResZone_MTF EURJPY.,H4: loaded successfully
2	09:43:53.189	Custom indicator MACD-2x EURJPY.,H4: loaded successfully
2	09:43:53.258	Custom indicator Laguerre-ACS1 EURJPY.,H4: loaded successfully
2	09:43:53.477	Custom indicator SupResZone_MTF EURUSD.,H4: loaded successfully
2	09:43:53.488	Custom indicator SupResZone_MTF EURUSD.,H4: loaded successfully
2	09:43:53.498	Custom indicator SupResZone_MTF EURUSD.,H4: loaded successfully
2	09:43:53.508	Custom indicator SupResZone_MTF EURUSD.,H4: loaded successfully
2	09:43:53.517	Custom indicator MACD-2x EURUSD.,H4: loaded successfully
2	09:43:53.587	Custom indicator Laguerre-ACS1 EURUSD.,H4: loaded successfully
2	09:43:53.814	Custom indicator SupResZone_MTF GBPJPY.,H4: loaded successfully
2	09:43:53.824	Custom indicator SupResZone_MTF GBPJPY.,H4: loaded successfully
2	09:43:53.835	Custom indicator SupResZone_MTF GBPJPY.,H4: loaded successfully
2	09:43:53.846	Custom indicator SupResZone_MTF GBPJPY.,H4: loaded successfully
2	09:43:53.855	Custom indicator MACD-2x GBPJPY.,H4: loaded successfully
2	09:43:53.924	Custom indicator Laguerre-ACS1 GBPJPY.,H4: loaded successfully
2	09:43:54.142	Custom indicator SupResZone_MTF GBPUSD.,H4: loaded successfully
2	09:43:54.153	Custom indicator SupResZone_MTF GBPUSD.,H4: loaded successfully
2	09:43:54.163	Custom indicator SupResZone_MTF GBPUSD.,H4: loaded successfully
2	09:43:54.174	Custom indicator SupResZone_MTF GBPUSD.,H4: loaded successfully
2	09:43:54.184	Custom indicator MACD-2x GBPUSD.,H4: loaded successfully
2	09:43:54.253	Custom indicator Laguerre-ACS1 GBPUSD.,H4: loaded successfully
2	09:43:54.474	Custom indicator SupResZone_MTF USDCAD.,H4: loaded successfully
2	09:43:54.485	Custom indicator SupResZone_MTF USDCAD.,H4: loaded successfully
2	09:43:54.498	Custom indicator SupResZone_MTF USDCAD.,H4: loaded successfully
2	09:43:54.507	Custom indicator SupResZone_MTF USDCAD.,H4: loaded successfully
2	09:43:54.517	Custom indicator MACD-2x USDCAD.,H4: loaded successfully
2	09:43:54.587	Custom indicator Laguerre-ACS1 USDCAD.,H4: loaded successfully
2	09:43:54.796	Custom indicator SupResZone_MTF USDCNH,Daily: loaded successfully
2	09:43:54.807	Custom indicator SupResZone_MTF USDCNH,Daily: loaded successfully
2	09:43:54.817	Custom indicator SupResZone_MTF USDCNH,Daily: loaded successfully
2	09:43:54.827	Custom indicator SupResZone_MTF USDCNH,Daily: loaded successfully
2	09:43:54.837	Custom indicator MACD-2x USDCNH,Daily: loaded successfully
2	09:43:54.905	Custom indicator Laguerre-ACS1 USDCNH,Daily: loaded successfully
2	09:43:55.068	Custom indicator GMMA Long USDJPY.,H4: loaded successfully
2	09:43:55.078	Custom indicator GMMA Short USDJPY.,H4: loaded successfully
2	09:43:55.087	Custom indicator 23MTF_MovingAverageIGOR USDJPY.,H4: loaded successfully
2	09:43:55.095	Custom indicator 23MTF_MovingAverageIGOR USDJPY.,H4: loaded successfully
2	09:43:55.106	Custom indicator SupResZone_MTF USDJPY.,H4: loaded successfully
2	09:43:55.116	Custom indicator SupResZone_MTF USDJPY.,H4: loaded successfully
2	09:43:55.125	Custom indicator MACD-2x USDJPY.,H4: loaded successfully
2	09:43:55.346	Custom indicator SupResZone_MTF CHINA300,Daily: loaded successfully
2	09:43:55.355	Custom indicator SupResZone_MTF CHINA300,Daily: loaded successfully
2	09:43:55.367	Custom indicator SupResZone_MTF CHINA300,Daily: loaded successfully
2	09:43:55.376	Custom indicator SupResZone_MTF CHINA300,Daily: loaded successfully
2	09:43:55.385	Custom indicator MACD-2x CHINA300,Daily: loaded successfully
2	09:43:55.456	Custom indicator Laguerre-ACS1 CHINA300,Daily: loaded successfully
1	09:43:57.030	'120010550': connect failed [No connection]
1	09:43:57.101	MQL5.community: authorization failed
1	09:43:57.250	MQL5.community: authorization failed
1	09:48:57.614	MQL5.community: authorization failed
1	09:54:17.568	MQL5.community: authorization failed
1	09:59:17.618	MQL5.community: authorization failed
1	10:04:17.624	MQL5.community: authorization failed
0	10:06:08.874	'120010550': login on PRC-Live through Server 5 (ping: 111.14 ms)
0	10:06:05.425	'120010550': login datacenter on PRC-Live through Server 5 (ping: 111.14 ms)
0	10:06:06.021	'120010550': previous successful authorization performed from 223.104.237.145
0	10:06:27.604	'120010550': ping to current access point Server 5 is 146.90 ms
2	10:10:45.630	Custom indicator SupResZone_MTF USDCHF.,H1: loaded successfully
2	10:10:45.642	Custom indicator SupResZone_MTF USDCHF.,H1: loaded successfully
2	10:10:45.652	Custom indicator SupResZone_MTF USDCHF.,H1: loaded successfully
2	10:10:45.666	Custom indicator SupResZone_MTF USDCHF.,H1: loaded successfully
2	10:10:45.679	Custom indicator MACD-2x USDCHF.,H1: loaded successfully
2	10:10:45.767	Custom indicator Laguerre-ACS1 USDCHF.,H1: loaded successfully
1	10:27:06.519	'120010550': ping failed
1	10:27:06.520	'120010550': datacenter connecting failed [6]
1	10:27:06.679	'120010550': connect failed [No connection]
1	17:40:34.307	MQL5.community: authorization failed
1	20:50:41.567	MQL5.community: authorization failed
0	20:51:00.369	'120010550': login on PRC-Live through Server 5 (ping: n/a)
0	20:51:02.598	'120010550': login datacenter on PRC-Live through Server 5 (ping: n/a)
0	20:51:03.093	'120010550': previous successful authorization performed from 223.104.237.145
2	20:51:06.566	Custom indicator SupResZone_MTF USDXXX,Daily: removed
2	20:51:06.568	Custom indicator SupResZone_MTF USDXXX,Daily: removed
2	20:51:06.570	Custom indicator SupResZone_MTF USDXXX,Daily: removed
2	20:51:06.572	Custom indicator SupResZone_MTF USDXXX,Daily: removed
2	20:51:06.574	Custom indicator MACD-2x USDXXX,Daily: removed
2	20:51:06.574	Custom indicator Laguerre-ACS1 USDXXX,Daily: removed
2	20:51:06.581	Custom indicator SupResZone_MTF XAUUSD.,H4: removed
2	20:51:06.583	Custom indicator SupResZone_MTF XAUUSD.,H4: removed
2	20:51:06.584	Custom indicator SupResZone_MTF XAUUSD.,H4: removed
2	20:51:06.586	Custom indicator SupResZone_MTF XAUUSD.,H4: removed
2	20:51:06.588	Custom indicator MACD-2x XAUUSD.,H4: removed
2	20:51:06.588	Custom indicator Laguerre-ACS1 XAUUSD.,H4: removed
2	20:51:06.596	Custom indicator SupResZone_MTF XAGUSD.,H1: removed
2	20:51:06.598	Custom indicator SupResZone_MTF XAGUSD.,H1: removed
2	20:51:06.599	Custom indicator SupResZone_MTF XAGUSD.,H1: removed
2	20:51:06.601	Custom indicator SupResZone_MTF XAGUSD.,H1: removed
2	20:51:06.603	Custom indicator MACD-2x XAGUSD.,H1: removed
2	20:51:06.603	Custom indicator Laguerre-ACS1 XAGUSD.,H1: removed
2	20:51:06.609	Custom indicator SupResZone_MTF US_OIL,H1: removed
2	20:51:06.611	Custom indicator SupResZone_MTF US_OIL,H1: removed
2	20:51:06.613	Custom indicator SupResZone_MTF US_OIL,H1: removed
2	20:51:06.615	Custom indicator SupResZone_MTF US_OIL,H1: removed
2	20:51:06.617	Custom indicator MACD-2x US_OIL,H1: removed
2	20:51:06.618	Custom indicator Laguerre-ACS1 US_OIL,H1: removed
2	20:51:06.623	Custom indicator SupResZone_MTF JP225,H4: removed
2	20:51:06.626	Custom indicator SupResZone_MTF JP225,H4: removed
2	20:51:06.628	Custom indicator SupResZone_MTF JP225,H4: removed
2	20:51:06.630	Custom indicator SupResZone_MTF JP225,H4: removed
2	20:51:06.632	Custom indicator MACD-2x JP225,H4: removed
2	20:51:06.632	Custom indicator Laguerre-ACS1 JP225,H4: removed
2	20:51:06.638	Custom indicator SupResZone_MTF SPX500,H4: removed
2	20:51:06.640	Custom indicator SupResZone_MTF SPX500,H4: removed
2	20:51:06.643	Custom indicator SupResZone_MTF SPX500,H4: removed
2	20:51:06.645	Custom indicator SupResZone_MTF SPX500,H4: removed
2	20:51:06.646	Custom indicator MACD-2x SPX500,H4: removed
2	20:51:06.647	Custom indicator Laguerre-ACS1 SPX500,H4: removed
2	20:51:06.655	Custom indicator SupResZone_MTF EURAUD.,H4: removed
2	20:51:06.657	Custom indicator SupResZone_MTF EURAUD.,H4: removed
2	20:51:06.659	Custom indicator SupResZone_MTF EURAUD.,H4: removed
2	20:51:06.662	Custom indicator SupResZone_MTF EURAUD.,H4: removed
2	20:51:06.664	Custom indicator MACD-2x EURAUD.,H4: removed
2	20:51:06.664	Custom indicator Laguerre-ACS1 EURAUD.,H4: removed
2	20:51:06.672	Custom indicator SupResZone_MTF AUDJPY.,H4: removed
2	20:51:06.674	Custom indicator SupResZone_MTF AUDJPY.,H4: removed
2	20:51:06.676	Custom indicator SupResZone_MTF AUDJPY.,H4: removed
2	20:51:06.678	Custom indicator SupResZone_MTF AUDJPY.,H4: removed
2	20:51:06.680	Custom indicator MACD-2x AUDJPY.,H4: removed
2	20:51:06.680	Custom indicator Laguerre-ACS1 AUDJPY.,H4: removed
2	20:51:06.688	Custom indicator SupResZone_MTF AUDUSD.,H4: removed
2	20:51:06.689	Custom indicator SupResZone_MTF AUDUSD.,H4: removed
2	20:51:06.691	Custom indicator SupResZone_MTF AUDUSD.,H4: removed
2	20:51:06.693	Custom indicator SupResZone_MTF AUDUSD.,H4: removed
2	20:51:06.695	Custom indicator MACD-2x AUDUSD.,H4: removed
2	20:51:06.695	Custom indicator Laguerre-ACS1 AUDUSD.,H4: removed
2	20:51:06.703	Custom indicator SupResZone_MTF USDJPY.,H4: removed
2	20:51:06.705	Custom indicator SupResZone_MTF USDJPY.,H4: removed
2	20:51:06.707	Custom indicator SupResZone_MTF USDJPY.,H4: removed
2	20:51:06.718	Custom indicator SupResZone_MTF USDJPY.,H4: removed
2	20:51:06.720	Custom indicator MACD-2x USDJPY.,H4: removed
2	20:51:06.720	Custom indicator Laguerre-ACS1 USDJPY.,H4: removed
2	20:51:06.730	Custom indicator SupResZone_MTF EURJPY.,H4: removed
2	20:51:06.732	Custom indicator SupResZone_MTF EURJPY.,H4: removed
2	20:51:06.734	Custom indicator SupResZone_MTF EURJPY.,H4: removed
2	20:51:06.735	Custom indicator SupResZone_MTF EURJPY.,H4: removed
2	20:51:06.737	Custom indicator MACD-2x EURJPY.,H4: removed
2	20:51:06.737	Custom indicator Laguerre-ACS1 EURJPY.,H4: removed
2	20:51:06.746	Custom indicator SupResZone_MTF EURUSD.,H4: removed
2	20:51:06.748	Custom indicator SupResZone_MTF EURUSD.,H4: removed
2	20:51:06.750	Custom indicator SupResZone_MTF EURUSD.,H4: removed
2	20:51:06.751	Custom indicator SupResZone_MTF EURUSD.,H4: removed
2	20:51:06.753	Custom indicator MACD-2x EURUSD.,H4: removed
2	20:51:06.753	Custom indicator Laguerre-ACS1 EURUSD.,H4: removed
2	20:51:06.763	Custom indicator SupResZone_MTF GBPJPY.,H4: removed
2	20:51:06.764	Custom indicator SupResZone_MTF GBPJPY.,H4: removed
2	20:51:06.766	Custom indicator SupResZone_MTF GBPJPY.,H4: removed
2	20:51:06.768	Custom indicator SupResZone_MTF GBPJPY.,H4: removed
2	20:51:06.769	Custom indicator MACD-2x GBPJPY.,H4: removed
2	20:51:06.769	Custom indicator Laguerre-ACS1 GBPJPY.,H4: removed
2	20:51:06.777	Custom indicator SupResZone_MTF GBPUSD.,H4: removed
2	20:51:06.779	Custom indicator SupResZone_MTF GBPUSD.,H4: removed
2	20:51:06.781	Custom indicator SupResZone_MTF GBPUSD.,H4: removed
2	20:51:06.782	Custom indicator SupResZone_MTF GBPUSD.,H4: removed
2	20:51:06.784	Custom indicator MACD-2x GBPUSD.,H4: removed
2	20:51:06.784	Custom indicator Laguerre-ACS1 GBPUSD.,H4: removed
2	20:51:06.793	Custom indicator SupResZone_MTF USDCAD.,H4: removed
2	20:51:06.795	Custom indicator SupResZone_MTF USDCAD.,H4: removed
2	20:51:06.796	Custom indicator SupResZone_MTF USDCAD.,H4: removed
2	20:51:06.798	Custom indicator SupResZone_MTF USDCAD.,H4: removed
2	20:51:06.800	Custom indicator MACD-2x USDCAD.,H4: removed
2	20:51:06.800	Custom indicator Laguerre-ACS1 USDCAD.,H4: removed
2	20:51:06.807	Custom indicator SupResZone_MTF USDCNH,Daily: removed
2	20:51:06.809	Custom indicator SupResZone_MTF USDCNH,Daily: removed
2	20:51:06.816	Custom indicator SupResZone_MTF USDCNH,Daily: removed
2	20:51:06.817	Custom indicator SupResZone_MTF USDCNH,Daily: removed
2	20:51:06.819	Custom indicator MACD-2x USDCNH,Daily: removed
2	20:51:06.819	Custom indicator Laguerre-ACS1 USDCNH,Daily: removed
2	20:51:06.825	Custom indicator GMMA Long USDJPY.,H4: removed
2	20:51:06.827	Custom indicator GMMA Short USDJPY.,H4: removed
2	20:51:06.828	Custom indicator 23MTF_MovingAverageIGOR USDJPY.,H4: removed
2	20:51:06.830	Custom indicator 23MTF_MovingAverageIGOR USDJPY.,H4: removed
2	20:51:06.832	Custom indicator SupResZone_MTF USDJPY.,H4: removed
2	20:51:06.834	Custom indicator SupResZone_MTF USDJPY.,H4: removed
2	20:51:06.836	Custom indicator MACD-2x USDJPY.,H4: removed
2	20:51:06.842	Custom indicator SupResZone_MTF CHINA300,Daily: removed
2	20:51:06.843	Custom indicator SupResZone_MTF CHINA300,Daily: removed
2	20:51:06.845	Custom indicator SupResZone_MTF CHINA300,Daily: removed
2	20:51:06.847	Custom indicator SupResZone_MTF CHINA300,Daily: removed
2	20:51:06.848	Custom indicator MACD-2x CHINA300,Daily: removed
2	20:51:06.848	Custom indicator Laguerre-ACS1 CHINA300,Daily: removed
2	20:51:06.860	Custom indicator SupResZone_MTF USDCHF.,H4: removed
2	20:51:06.861	Custom indicator SupResZone_MTF USDCHF.,H4: removed
2	20:51:06.863	Custom indicator SupResZone_MTF USDCHF.,H4: removed
2	20:51:06.864	Custom indicator SupResZone_MTF USDCHF.,H4: removed
2	20:51:06.866	Custom indicator MACD-2x USDCHF.,H4: removed
2	20:51:06.866	Custom indicator Laguerre-ACS1 USDCHF.,H4: removed
0	20:51:07.419	'120010550': ping to current access point Server 5 is 118.70 ms
0	20:51:07.839	FX Trader build 1170 stopped
