2	00:48:54.509	Custom indicator span_model EURAUD.,H4: removed
2	00:48:54.512	Custom indicator MACD-2x EURAUD.,H4: removed
2	00:48:54.518	Custom indicator MACD-2x EURAUD.,H4: removed
2	00:48:54.518	Custom indicator Laguerre-ACS1 EURAUD.,H4: removed
2	00:48:54.545	Custom indicator span_model AUDJPY.,H1: removed
2	00:48:54.547	Custom indicator MACD-2x AUDJPY.,H1: removed
2	00:48:54.549	Custom indicator MACD-2x AUDJPY.,H1: removed
2	00:48:54.549	Custom indicator Laguerre-ACS1 AUDJPY.,H1: removed
2	00:48:54.643	Custom indicator span_model XAUUSD.,H1: removed
2	00:48:54.645	Custom indicator MACD-2x XAUUSD.,H1: removed
2	00:48:54.647	Custom indicator MACD-2x XAUUSD.,H1: removed
2	00:48:54.647	Custom indicator Laguerre-ACS1 XAUUSD.,H1: removed
2	00:48:54.662	Custom indicator span_model US_OIL,Daily: removed
2	00:48:54.666	Custom indicator MACD-2x US_OIL,Daily: removed
2	00:48:54.669	Custom indicator MACD-2x US_OIL,Daily: removed
2	00:48:54.669	Custom indicator Laguerre-ACS1 US_OIL,Daily: removed
2	00:48:54.688	Custom indicator span_model JP225,H1: removed
2	00:48:54.692	Custom indicator MACD-2x JP225,H1: removed
2	00:48:54.694	Custom indicator MACD-2x JP225,H1: removed
2	00:48:54.694	Custom indicator Laguerre-ACS1 JP225,H1: removed
2	00:48:54.792	Custom indicator span_model SPX500,H1: removed
2	00:48:54.795	Custom indicator MACD-2x SPX500,H1: removed
2	00:48:54.796	Custom indicator MACD-2x SPX500,H1: removed
2	00:48:54.796	Custom indicator Laguerre-ACS1 SPX500,H1: removed
2	00:48:54.809	Custom indicator span_model NDX100,Daily: removed
2	00:48:54.811	Custom indicator MACD-2x NDX100,Daily: removed
2	00:48:54.814	Custom indicator MACD-2x NDX100,Daily: removed
2	00:48:54.814	Custom indicator Laguerre-ACS1 NDX100,Daily: removed
2	00:48:54.828	Custom indicator span_model USDJPY.,Daily: removed
2	00:48:54.829	Custom indicator MACD-2x USDJPY.,Daily: removed
2	00:48:54.831	Custom indicator MACD-2x USDJPY.,Daily: removed
2	00:48:54.831	Custom indicator Laguerre-ACS1 USDJPY.,Daily: removed
2	00:48:54.847	Custom indicator span_model EURJPY.,Daily: removed
2	00:48:54.849	Custom indicator MACD-2x EURJPY.,Daily: removed
2	00:48:54.852	Custom indicator MACD-2x EURJPY.,Daily: removed
2	00:48:54.852	Custom indicator Laguerre-ACS1 EURJPY.,Daily: removed
2	00:48:54.890	Custom indicator span_model EURUSD.,Daily: removed
2	00:48:54.892	Custom indicator MACD-2x EURUSD.,Daily: removed
2	00:48:54.893	Custom indicator MACD-2x EURUSD.,Daily: removed
2	00:48:54.893	Custom indicator Laguerre-ACS1 EURUSD.,Daily: removed
2	00:48:54.899	Custom indicator span_model GBPUSD.,Daily: removed
2	00:48:54.901	Custom indicator MACD-2x GBPUSD.,Daily: removed
2	00:48:54.903	Custom indicator MACD-2x GBPUSD.,Daily: removed
2	00:48:54.903	Custom indicator Laguerre-ACS1 GBPUSD.,Daily: removed
2	00:48:54.906	Custom indicator span_model GBPJPY.,Daily: removed
2	00:48:54.908	Custom indicator MACD-2x GBPJPY.,Daily: removed
2	00:48:54.910	Custom indicator MACD-2x GBPJPY.,Daily: removed
2	00:48:54.910	Custom indicator Laguerre-ACS1 GBPJPY.,Daily: removed
2	00:48:54.922	Custom indicator span_model USDCAD.,Daily: removed
2	00:48:54.924	Custom indicator MACD-2x USDCAD.,Daily: removed
2	00:48:54.926	Custom indicator MACD-2x USDCAD.,Daily: removed
2	00:48:54.926	Custom indicator Laguerre-ACS1 USDCAD.,Daily: removed
0	00:48:55.364	FX Trader build 1170 stopped
0	01:04:44.721	FX Trader build 1170 started (Performance Ronnaru Capital Ltd.)
0	01:04:44.723	Windows 10 Home x64, IE 11, UAC, 8 x Intel Core i7-6700HQ  @ 2.60GHz, Memory: 22117 / 32639 Mb, Disk: 140 / 264 Gb, GMT+9
0	01:04:44.723	Data Folder: C:\Users\tiany\AppData\Roaming\MetaQuotes\Terminal\79214103E7A6FC97F86082D309D0B84B
2	01:04:50.305	Custom indicator span_model EURAUD.,H4: loaded successfully
2	01:04:50.317	Custom indicator MACD-2x EURAUD.,H4: loaded successfully
2	01:04:50.329	Custom indicator MACD-2x EURAUD.,H4: loaded successfully
2	01:04:50.442	Custom indicator Laguerre-ACS1 EURAUD.,H4: loaded successfully
2	01:04:50.696	Custom indicator span_model AUDJPY.,H1: loaded successfully
2	01:04:50.721	Custom indicator MACD-2x AUDJPY.,H1: loaded successfully
2	01:04:50.746	Custom indicator MACD-2x AUDJPY.,H1: loaded successfully
2	01:04:50.842	Custom indicator Laguerre-ACS1 AUDJPY.,H1: loaded successfully
2	01:04:51.068	Custom indicator span_model XAUUSD.,H1: loaded successfully
2	01:04:51.082	Custom indicator MACD-2x XAUUSD.,H1: loaded successfully
2	01:04:51.111	Custom indicator MACD-2x XAUUSD.,H1: loaded successfully
2	01:04:51.266	Custom indicator Laguerre-ACS1 XAUUSD.,H1: loaded successfully
2	01:04:51.512	Custom indicator span_model US_OIL,Daily: loaded successfully
2	01:04:51.523	Custom indicator MACD-2x US_OIL,Daily: loaded successfully
2	01:04:51.533	Custom indicator MACD-2x US_OIL,Daily: loaded successfully
2	01:04:51.606	Custom indicator Laguerre-ACS1 US_OIL,Daily: loaded successfully
2	01:04:51.817	Custom indicator span_model JP225,H1: loaded successfully
2	01:04:51.829	Custom indicator MACD-2x JP225,H1: loaded successfully
2	01:04:51.839	Custom indicator MACD-2x JP225,H1: loaded successfully
2	01:04:51.912	Custom indicator Laguerre-ACS1 JP225,H1: loaded successfully
2	01:04:52.242	Custom indicator span_model SPX500,H1: loaded successfully
2	01:04:52.260	Custom indicator MACD-2x SPX500,H1: loaded successfully
2	01:04:52.277	Custom indicator MACD-2x SPX500,H1: loaded successfully
2	01:04:52.427	Custom indicator Laguerre-ACS1 SPX500,H1: loaded successfully
2	01:04:52.832	Custom indicator span_model NDX100,Daily: loaded successfully
2	01:04:52.854	Custom indicator MACD-2x NDX100,Daily: loaded successfully
2	01:04:52.872	Custom indicator MACD-2x NDX100,Daily: loaded successfully
2	01:04:52.992	Custom indicator Laguerre-ACS1 NDX100,Daily: loaded successfully
2	01:04:53.214	Custom indicator span_model USDJPY.,Daily: loaded successfully
2	01:04:53.233	Custom indicator MACD-2x USDJPY.,Daily: loaded successfully
2	01:04:53.253	Custom indicator MACD-2x USDJPY.,Daily: loaded successfully
2	01:04:53.385	Custom indicator Laguerre-ACS1 USDJPY.,Daily: loaded successfully
2	01:04:53.858	Custom indicator span_model EURJPY.,Daily: loaded successfully
2	01:04:53.876	Custom indicator MACD-2x EURJPY.,Daily: loaded successfully
2	01:04:53.894	Custom indicator MACD-2x EURJPY.,Daily: loaded successfully
2	01:04:54.010	Custom indicator Laguerre-ACS1 EURJPY.,Daily: loaded successfully
2	01:04:54.458	Custom indicator span_model EURUSD.,Daily: loaded successfully
2	01:04:54.478	Custom indicator MACD-2x EURUSD.,Daily: loaded successfully
2	01:04:54.497	Custom indicator MACD-2x EURUSD.,Daily: loaded successfully
2	01:04:54.630	Custom indicator Laguerre-ACS1 EURUSD.,Daily: loaded successfully
2	01:04:54.915	Custom indicator span_model GBPUSD.,Daily: loaded successfully
2	01:04:54.932	Custom indicator MACD-2x GBPUSD.,Daily: loaded successfully
2	01:04:54.949	Custom indicator MACD-2x GBPUSD.,Daily: loaded successfully
2	01:04:55.103	Custom indicator Laguerre-ACS1 GBPUSD.,Daily: loaded successfully
2	01:04:55.537	Custom indicator span_model GBPJPY.,Daily: loaded successfully
2	01:04:55.556	Custom indicator MACD-2x GBPJPY.,Daily: loaded successfully
2	01:04:55.573	Custom indicator MACD-2x GBPJPY.,Daily: loaded successfully
2	01:04:55.721	Custom indicator Laguerre-ACS1 GBPJPY.,Daily: loaded successfully
2	01:04:56.237	Custom indicator span_model USDCAD.,Daily: loaded successfully
2	01:04:56.254	Custom indicator MACD-2x USDCAD.,Daily: loaded successfully
2	01:04:56.269	Custom indicator MACD-2x USDCAD.,Daily: loaded successfully
2	01:04:56.381	Custom indicator Laguerre-ACS1 USDCAD.,Daily: loaded successfully
1	01:04:58.903	'120010550': connect failed [No connection]
2	01:07:23.608	Custom indicator span_model EURAUD.,H4: removed
2	01:07:23.612	Custom indicator MACD-2x EURAUD.,H4: removed
2	01:07:23.616	Custom indicator MACD-2x EURAUD.,H4: removed
2	01:07:23.616	Custom indicator Laguerre-ACS1 EURAUD.,H4: removed
2	01:07:23.633	Custom indicator span_model AUDJPY.,H1: removed
2	01:07:23.639	Custom indicator MACD-2x AUDJPY.,H1: removed
2	01:07:23.644	Custom indicator MACD-2x AUDJPY.,H1: removed
2	01:07:23.644	Custom indicator Laguerre-ACS1 AUDJPY.,H1: removed
2	01:07:23.709	Custom indicator span_model XAUUSD.,H1: removed
2	01:07:23.714	Custom indicator MACD-2x XAUUSD.,H1: removed
2	01:07:23.720	Custom indicator MACD-2x XAUUSD.,H1: removed
2	01:07:23.720	Custom indicator Laguerre-ACS1 XAUUSD.,H1: removed
2	01:07:23.738	Custom indicator span_model US_OIL,Daily: removed
2	01:07:23.744	Custom indicator MACD-2x US_OIL,Daily: removed
2	01:07:23.747	Custom indicator MACD-2x US_OIL,Daily: removed
2	01:07:23.747	Custom indicator Laguerre-ACS1 US_OIL,Daily: removed
2	01:07:23.765	Custom indicator span_model JP225,H1: removed
2	01:07:23.770	Custom indicator MACD-2x JP225,H1: removed
2	01:07:23.775	Custom indicator MACD-2x JP225,H1: removed
2	01:07:23.775	Custom indicator Laguerre-ACS1 JP225,H1: removed
2	01:07:23.850	Custom indicator span_model SPX500,H1: removed
2	01:07:23.854	Custom indicator MACD-2x SPX500,H1: removed
2	01:07:23.857	Custom indicator MACD-2x SPX500,H1: removed
2	01:07:23.858	Custom indicator Laguerre-ACS1 SPX500,H1: removed
2	01:07:23.865	Custom indicator span_model NDX100,Daily: removed
2	01:07:23.870	Custom indicator MACD-2x NDX100,Daily: removed
2	01:07:23.873	Custom indicator MACD-2x NDX100,Daily: removed
2	01:07:23.873	Custom indicator Laguerre-ACS1 NDX100,Daily: removed
2	01:07:23.881	Custom indicator span_model USDJPY.,Daily: removed
2	01:07:23.885	Custom indicator MACD-2x USDJPY.,Daily: removed
2	01:07:23.888	Custom indicator MACD-2x USDJPY.,Daily: removed
2	01:07:23.888	Custom indicator Laguerre-ACS1 USDJPY.,Daily: removed
2	01:07:23.896	Custom indicator span_model EURJPY.,Daily: removed
2	01:07:23.899	Custom indicator MACD-2x EURJPY.,Daily: removed
2	01:07:23.902	Custom indicator MACD-2x EURJPY.,Daily: removed
2	01:07:23.903	Custom indicator Laguerre-ACS1 EURJPY.,Daily: removed
2	01:07:23.964	Custom indicator span_model EURUSD.,Daily: removed
2	01:07:23.970	Custom indicator MACD-2x EURUSD.,Daily: removed
2	01:07:23.974	Custom indicator MACD-2x EURUSD.,Daily: removed
2	01:07:23.974	Custom indicator Laguerre-ACS1 EURUSD.,Daily: removed
2	01:07:23.983	Custom indicator span_model GBPUSD.,Daily: removed
2	01:07:23.988	Custom indicator MACD-2x GBPUSD.,Daily: removed
2	01:07:23.992	Custom indicator MACD-2x GBPUSD.,Daily: removed
2	01:07:23.992	Custom indicator Laguerre-ACS1 GBPUSD.,Daily: removed
2	01:07:24.000	Custom indicator span_model GBPJPY.,Daily: removed
2	01:07:24.005	Custom indicator MACD-2x GBPJPY.,Daily: removed
2	01:07:24.008	Custom indicator MACD-2x GBPJPY.,Daily: removed
2	01:07:24.008	Custom indicator Laguerre-ACS1 GBPJPY.,Daily: removed
2	01:07:24.044	Custom indicator span_model USDCAD.,Daily: removed
2	01:07:24.049	Custom indicator MACD-2x USDCAD.,Daily: removed
2	01:07:24.054	Custom indicator MACD-2x USDCAD.,Daily: removed
2	01:07:24.054	Custom indicator Laguerre-ACS1 USDCAD.,Daily: removed
0	01:07:24.802	FX Trader build 1170 stopped
0	21:13:14.606	FX Trader build 1170 started (Performance Ronnaru Capital Ltd.)
0	21:13:14.606	Windows 10 Home x64, IE 11, UAC, 8 x Intel Core i7-6700HQ  @ 2.60GHz, Memory: 23044 / 32639 Mb, Disk: 140 / 264 Gb, GMT+9
0	21:13:14.606	Data Folder: C:\Users\tiany\AppData\Roaming\MetaQuotes\Terminal\79214103E7A6FC97F86082D309D0B84B
2	21:13:16.495	Custom indicator span_model EURAUD.,H4: loaded successfully
2	21:13:16.508	Custom indicator MACD-2x EURAUD.,H4: loaded successfully
2	21:13:16.519	Custom indicator MACD-2x EURAUD.,H4: loaded successfully
2	21:13:16.595	Custom indicator Laguerre-ACS1 EURAUD.,H4: loaded successfully
2	21:13:16.729	Custom indicator span_model AUDJPY.,H1: loaded successfully
2	21:13:16.738	Custom indicator MACD-2x AUDJPY.,H1: loaded successfully
2	21:13:16.749	Custom indicator MACD-2x AUDJPY.,H1: loaded successfully
2	21:13:16.824	Custom indicator Laguerre-ACS1 AUDJPY.,H1: loaded successfully
2	21:13:16.959	Custom indicator span_model XAUUSD.,H1: loaded successfully
2	21:13:16.969	Custom indicator MACD-2x XAUUSD.,H1: loaded successfully
2	21:13:16.981	Custom indicator MACD-2x XAUUSD.,H1: loaded successfully
2	21:13:17.052	Custom indicator Laguerre-ACS1 XAUUSD.,H1: loaded successfully
2	21:13:17.276	Custom indicator span_model US_OIL,Daily: loaded successfully
2	21:13:17.287	Custom indicator MACD-2x US_OIL,Daily: loaded successfully
2	21:13:17.298	Custom indicator MACD-2x US_OIL,Daily: loaded successfully
2	21:13:17.371	Custom indicator Laguerre-ACS1 US_OIL,Daily: loaded successfully
2	21:13:17.544	Custom indicator span_model JP225,H1: loaded successfully
2	21:13:17.556	Custom indicator MACD-2x JP225,H1: loaded successfully
2	21:13:17.566	Custom indicator MACD-2x JP225,H1: loaded successfully
2	21:13:17.638	Custom indicator Laguerre-ACS1 JP225,H1: loaded successfully
2	21:13:17.896	Custom indicator span_model SPX500,H1: loaded successfully
2	21:13:17.907	Custom indicator MACD-2x SPX500,H1: loaded successfully
2	21:13:17.917	Custom indicator MACD-2x SPX500,H1: loaded successfully
2	21:13:17.986	Custom indicator Laguerre-ACS1 SPX500,H1: loaded successfully
2	21:13:18.324	Custom indicator span_model NDX100,Daily: loaded successfully
2	21:13:18.334	Custom indicator MACD-2x NDX100,Daily: loaded successfully
2	21:13:18.345	Custom indicator MACD-2x NDX100,Daily: loaded successfully
2	21:13:18.413	Custom indicator Laguerre-ACS1 NDX100,Daily: loaded successfully
2	21:13:18.575	Custom indicator span_model USDJPY.,Daily: loaded successfully
2	21:13:18.585	Custom indicator MACD-2x USDJPY.,Daily: loaded successfully
2	21:13:18.594	Custom indicator MACD-2x USDJPY.,Daily: loaded successfully
2	21:13:18.665	Custom indicator Laguerre-ACS1 USDJPY.,Daily: loaded successfully
2	21:13:18.837	Custom indicator span_model EURJPY.,Daily: loaded successfully
2	21:13:18.847	Custom indicator MACD-2x EURJPY.,Daily: loaded successfully
2	21:13:18.858	Custom indicator MACD-2x EURJPY.,Daily: loaded successfully
2	21:13:18.927	Custom indicator Laguerre-ACS1 EURJPY.,Daily: loaded successfully
2	21:13:19.108	Custom indicator span_model EURUSD.,Daily: loaded successfully
2	21:13:19.118	Custom indicator MACD-2x EURUSD.,Daily: loaded successfully
2	21:13:19.129	Custom indicator MACD-2x EURUSD.,Daily: loaded successfully
2	21:13:19.198	Custom indicator Laguerre-ACS1 EURUSD.,Daily: loaded successfully
2	21:13:19.343	Custom indicator span_model GBPUSD.,Daily: loaded successfully
2	21:13:19.354	Custom indicator MACD-2x GBPUSD.,Daily: loaded successfully
2	21:13:19.364	Custom indicator MACD-2x GBPUSD.,Daily: loaded successfully
2	21:13:19.432	Custom indicator Laguerre-ACS1 GBPUSD.,Daily: loaded successfully
2	21:13:19.604	Custom indicator span_model GBPJPY.,Daily: loaded successfully
2	21:13:19.614	Custom indicator MACD-2x GBPJPY.,Daily: loaded successfully
2	21:13:19.625	Custom indicator MACD-2x GBPJPY.,Daily: loaded successfully
2	21:13:19.693	Custom indicator Laguerre-ACS1 GBPJPY.,Daily: loaded successfully
2	21:13:19.886	Custom indicator span_model USDCAD.,Daily: loaded successfully
2	21:13:19.896	Custom indicator MACD-2x USDCAD.,Daily: loaded successfully
2	21:13:19.907	Custom indicator MACD-2x USDCAD.,Daily: loaded successfully
2	21:13:19.976	Custom indicator Laguerre-ACS1 USDCAD.,Daily: loaded successfully
0	21:13:21.666	'120010550': login on PRC-Live through Server 3 (ping: 65.44 ms)
0	21:13:22.735	'120010550': login datacenter on PRC-Live through Server 3 (ping: 65.44 ms)
0	21:13:23.033	'120010550': previous successful authorization performed from 106.181.142.95
0	21:13:39.307	'120010550': ping to current access point Server 3 is 33.82 ms
2	21:16:21.857	Custom indicator span_model USDCHF.,H1: loaded successfully
2	21:16:21.868	Custom indicator MACD-2x USDCHF.,H1: loaded successfully
2	21:16:21.879	Custom indicator MACD-2x USDCHF.,H1: loaded successfully
2	21:16:21.965	Custom indicator Laguerre-ACS1 USDCHF.,H1: loaded successfully
2	21:21:01.704	Custom indicator span_model SPX500,M15: removed
2	21:21:01.706	Custom indicator MACD-2x SPX500,M15: removed
2	21:21:01.708	Custom indicator MACD-2x SPX500,M15: removed
2	21:21:01.708	Custom indicator Laguerre-ACS1 SPX500,M15: removed
2	21:21:01.780	Custom indicator span_model SPX500,M15: loaded successfully
2	21:21:01.792	Custom indicator MACD-2x SPX500,M15: loaded successfully
2	21:21:01.802	Custom indicator MACD-2x SPX500,M15: loaded successfully
2	21:21:01.872	Custom indicator Laguerre-ACS1 SPX500,M15: loaded successfully
2	21:21:09.687	Custom indicator span_model JP225,M15: removed
2	21:21:09.689	Custom indicator MACD-2x JP225,M15: removed
2	21:21:09.691	Custom indicator MACD-2x JP225,M15: removed
2	21:21:09.691	Custom indicator Laguerre-ACS1 JP225,M15: removed
2	21:21:09.764	Custom indicator span_model JP225,M15: loaded successfully
2	21:21:09.774	Custom indicator MACD-2x JP225,M15: loaded successfully
2	21:21:09.786	Custom indicator MACD-2x JP225,M15: loaded successfully
2	21:21:09.856	Custom indicator Laguerre-ACS1 JP225,M15: loaded successfully
1	23:19:03.585	'120010550': ping failed
0	23:19:07.259	'120010550': login on PRC-Live through Server 7 (ping: 35.08 ms)
0	23:19:08.163	'120010550': login datacenter on PRC-Live through Server 7 (ping: 35.08 ms)
0	23:19:10.769	'120010550': previous successful authorization performed from 106.181.130.81
0	23:19:29.930	'120010550': ping to current access point Server 7 is 39.78 ms
0	23:25:40.976	'120010550': modify order #10880148 sell 0.01 XAUUSD. at 1275.76 sl: 0.00 tp: 0.00 -> sl: 0.00 tp: 1271.97
0	23:25:41.450	'120010550': order #10880148 sell 0.01 XAUUSD. at 1275.76 was modified -> sl: 0.00 tp: 1271.97
