0	00:24:53.416	'120010550': order sell market 0.02 USDJPY. sl: 0.000 tp: 0.000
0	00:24:54.219	'120010550': order was opened : #11031160 sell 0.02 USDJPY. at 107.493 sl: 0.000 tp: 0.000
0	00:24:58.367	'120010550': modify order #11031160 sell 0.02 USDJPY. at 107.493 sl: 0.000 tp: 0.000 -> sl: 0.000 tp: 107.338
0	00:24:59.015	'120010550': order #11031160 sell 0.02 USDJPY. at 107.493 was modified -> sl: 0.000 tp: 107.338
0	00:49:05.258	'120010550': modify order #11031160 sell 0.02 USDJPY. at 107.493 sl: 0.000 tp: 107.338 -> sl: 0.000 tp: 107.363
0	00:49:05.977	'120010550': order #11031160 sell 0.02 USDJPY. at 107.493 was modified -> sl: 0.000 tp: 107.363
0	01:11:29.402	'120010550': modify order #11031160 sell 0.02 USDJPY. at 107.493 sl: 0.000 tp: 107.363 -> sl: 0.000 tp: 107.324
0	01:11:30.019	'120010550': order #11031160 sell 0.02 USDJPY. at 107.493 was modified -> sl: 0.000 tp: 107.324
2	01:21:06.847	Custom indicator SupResZone_MTF USDXXX,H1: removed
2	01:21:06.850	Custom indicator SupResZone_MTF USDXXX,H1: removed
2	01:21:06.853	Custom indicator SupResZone_MTF USDXXX,H1: removed
2	01:21:06.855	Custom indicator SupResZone_MTF USDXXX,H1: removed
2	01:21:06.857	Custom indicator MACD-2x USDXXX,H1: removed
2	01:21:06.857	Custom indicator Laguerre-ACS1 USDXXX,H1: removed
2	01:21:06.864	Custom indicator SupResZone_MTF XAUUSD.,H4: removed
2	01:21:06.867	Custom indicator SupResZone_MTF XAUUSD.,H4: removed
2	01:21:06.870	Custom indicator SupResZone_MTF XAUUSD.,H4: removed
2	01:21:06.872	Custom indicator SupResZone_MTF XAUUSD.,H4: removed
2	01:21:06.873	Custom indicator MACD-2x XAUUSD.,H4: removed
2	01:21:06.873	Custom indicator Laguerre-ACS1 XAUUSD.,H4: removed
2	01:21:06.880	Custom indicator SupResZone_MTF XAGUSD.,H4: removed
2	01:21:06.881	Custom indicator SupResZone_MTF XAGUSD.,H4: removed
2	01:21:06.884	Custom indicator SupResZone_MTF XAGUSD.,H4: removed
2	01:21:06.885	Custom indicator SupResZone_MTF XAGUSD.,H4: removed
2	01:21:06.887	Custom indicator MACD-2x XAGUSD.,H4: removed
2	01:21:06.887	Custom indicator Laguerre-ACS1 XAGUSD.,H4: removed
2	01:21:06.920	Custom indicator SupResZone_MTF US_OIL,H4: removed
2	01:21:06.922	Custom indicator SupResZone_MTF US_OIL,H4: removed
2	01:21:06.923	Custom indicator SupResZone_MTF US_OIL,H4: removed
2	01:21:06.926	Custom indicator SupResZone_MTF US_OIL,H4: removed
2	01:21:06.929	Custom indicator MACD-2x US_OIL,H4: removed
2	01:21:06.929	Custom indicator Laguerre-ACS1 US_OIL,H4: removed
2	01:21:06.939	Custom indicator SupResZone_MTF JP225,H4: removed
2	01:21:06.941	Custom indicator SupResZone_MTF JP225,H4: removed
2	01:21:06.943	Custom indicator SupResZone_MTF JP225,H4: removed
2	01:21:06.944	Custom indicator SupResZone_MTF JP225,H4: removed
2	01:21:06.946	Custom indicator MACD-2x JP225,H4: removed
2	01:21:06.947	Custom indicator Laguerre-ACS1 JP225,H4: removed
2	01:21:06.954	Custom indicator SupResZone_MTF SPX500,H4: removed
2	01:21:06.955	Custom indicator SupResZone_MTF SPX500,H4: removed
2	01:21:06.958	Custom indicator SupResZone_MTF SPX500,H4: removed
2	01:21:06.960	Custom indicator SupResZone_MTF SPX500,H4: removed
2	01:21:06.961	Custom indicator MACD-2x SPX500,H4: removed
2	01:21:06.962	Custom indicator Laguerre-ACS1 SPX500,H4: removed
2	01:21:06.968	Custom indicator SupResZone_MTF EURAUD.,H4: removed
2	01:21:06.970	Custom indicator SupResZone_MTF EURAUD.,H4: removed
2	01:21:06.972	Custom indicator SupResZone_MTF EURAUD.,H4: removed
2	01:21:06.975	Custom indicator SupResZone_MTF EURAUD.,H4: removed
2	01:21:06.978	Custom indicator MACD-2x EURAUD.,H4: removed
2	01:21:06.978	Custom indicator Laguerre-ACS1 EURAUD.,H4: removed
2	01:21:06.986	Custom indicator SupResZone_MTF AUDJPY.,H4: removed
2	01:21:06.989	Custom indicator SupResZone_MTF AUDJPY.,H4: removed
2	01:21:06.990	Custom indicator SupResZone_MTF AUDJPY.,H4: removed
2	01:21:06.993	Custom indicator SupResZone_MTF AUDJPY.,H4: removed
2	01:21:06.995	Custom indicator MACD-2x AUDJPY.,H4: removed
2	01:21:06.995	Custom indicator Laguerre-ACS1 AUDJPY.,H4: removed
2	01:21:07.002	Custom indicator SupResZone_MTF AUDUSD.,H4: removed
2	01:21:07.005	Custom indicator SupResZone_MTF AUDUSD.,H4: removed
2	01:21:07.007	Custom indicator SupResZone_MTF AUDUSD.,H4: removed
2	01:21:07.008	Custom indicator SupResZone_MTF AUDUSD.,H4: removed
2	01:21:07.010	Custom indicator MACD-2x AUDUSD.,H4: removed
2	01:21:07.010	Custom indicator Laguerre-ACS1 AUDUSD.,H4: removed
2	01:21:07.031	Custom indicator SupResZone_MTF USDJPY.,H1: removed
2	01:21:07.034	Custom indicator SupResZone_MTF USDJPY.,H1: removed
2	01:21:07.036	Custom indicator SupResZone_MTF USDJPY.,H1: removed
2	01:21:07.038	Custom indicator SupResZone_MTF USDJPY.,H1: removed
2	01:21:07.040	Custom indicator MACD-2x USDJPY.,H1: removed
2	01:21:07.040	Custom indicator Laguerre-ACS1 USDJPY.,H1: removed
2	01:21:07.047	Custom indicator SupResZone_MTF EURJPY.,H4: removed
2	01:21:07.049	Custom indicator SupResZone_MTF EURJPY.,H4: removed
2	01:21:07.051	Custom indicator SupResZone_MTF EURJPY.,H4: removed
2	01:21:07.052	Custom indicator SupResZone_MTF EURJPY.,H4: removed
2	01:21:07.054	Custom indicator MACD-2x EURJPY.,H4: removed
2	01:21:07.054	Custom indicator Laguerre-ACS1 EURJPY.,H4: removed
2	01:21:07.061	Custom indicator SupResZone_MTF EURUSD.,H4: removed
2	01:21:07.062	Custom indicator SupResZone_MTF EURUSD.,H4: removed
2	01:21:07.064	Custom indicator SupResZone_MTF EURUSD.,H4: removed
2	01:21:07.066	Custom indicator SupResZone_MTF EURUSD.,H4: removed
2	01:21:07.068	Custom indicator MACD-2x EURUSD.,H4: removed
2	01:21:07.068	Custom indicator Laguerre-ACS1 EURUSD.,H4: removed
2	01:21:07.074	Custom indicator SupResZone_MTF GBPJPY.,H4: removed
2	01:21:07.075	Custom indicator SupResZone_MTF GBPJPY.,H4: removed
2	01:21:07.077	Custom indicator SupResZone_MTF GBPJPY.,H4: removed
2	01:21:07.079	Custom indicator SupResZone_MTF GBPJPY.,H4: removed
2	01:21:07.081	Custom indicator MACD-2x GBPJPY.,H4: removed
2	01:21:07.081	Custom indicator Laguerre-ACS1 GBPJPY.,H4: removed
2	01:21:07.101	Custom indicator SupResZone_MTF GBPUSD.,Daily: removed
2	01:21:07.103	Custom indicator SupResZone_MTF GBPUSD.,Daily: removed
2	01:21:07.105	Custom indicator SupResZone_MTF GBPUSD.,Daily: removed
2	01:21:07.106	Custom indicator SupResZone_MTF GBPUSD.,Daily: removed
2	01:21:07.108	Custom indicator MACD-2x GBPUSD.,Daily: removed
2	01:21:07.108	Custom indicator Laguerre-ACS1 GBPUSD.,Daily: removed
2	01:21:07.129	Custom indicator SupResZone_MTF USDCAD.,Daily: removed
2	01:21:07.131	Custom indicator SupResZone_MTF USDCAD.,Daily: removed
2	01:21:07.134	Custom indicator SupResZone_MTF USDCAD.,Daily: removed
2	01:21:07.136	Custom indicator SupResZone_MTF USDCAD.,Daily: removed
2	01:21:07.137	Custom indicator MACD-2x USDCAD.,Daily: removed
2	01:21:07.137	Custom indicator Laguerre-ACS1 USDCAD.,Daily: removed
2	01:21:07.156	Custom indicator SupResZone_MTF USDCHF.,Daily: removed
2	01:21:07.159	Custom indicator SupResZone_MTF USDCHF.,Daily: removed
2	01:21:07.162	Custom indicator SupResZone_MTF USDCHF.,Daily: removed
2	01:21:07.164	Custom indicator SupResZone_MTF USDCHF.,Daily: removed
2	01:21:07.166	Custom indicator MACD-2x USDCHF.,Daily: removed
2	01:21:07.166	Custom indicator Laguerre-ACS1 USDCHF.,Daily: removed
2	01:21:07.185	Custom indicator MACD-2x USDCNH,Daily: removed
2	01:21:07.187	Custom indicator MACD-2x USDCNH,Daily: removed
2	01:21:07.187	Custom indicator Laguerre-ACS1 USDCNH,Daily: removed
2	01:21:07.205	Custom indicator GMMA Long USDJPY.,H1: removed
2	01:21:07.207	Custom indicator GMMA Short USDJPY.,H1: removed
2	01:21:07.209	Custom indicator 23MTF_MovingAverageIGOR USDJPY.,H1: removed
2	01:21:07.210	Custom indicator 23MTF_MovingAverageIGOR USDJPY.,H1: removed
2	01:21:07.212	Custom indicator SupResZone_MTF USDJPY.,H1: removed
2	01:21:07.215	Custom indicator SupResZone_MTF USDJPY.,H1: removed
2	01:21:07.216	Custom indicator MACD-2x USDJPY.,H1: removed
2	01:21:07.229	Custom indicator SupResZone_MTF CHINA300,Daily: removed
2	01:21:07.231	Custom indicator SupResZone_MTF CHINA300,Daily: removed
2	01:21:07.232	Custom indicator SupResZone_MTF CHINA300,Daily: removed
2	01:21:07.234	Custom indicator SupResZone_MTF CHINA300,Daily: removed
2	01:21:07.236	Custom indicator MACD-2x CHINA300,Daily: removed
2	01:21:07.237	Custom indicator Laguerre-ACS1 CHINA300,Daily: removed
0	01:21:07.693	FX Trader build 1170 stopped
0	12:59:31.644	FX Trader build 1170 started (Performance Ronnaru Capital Ltd.)
0	12:59:31.644	Windows 10 Home x64, IE 11, UAC, 8 x Intel Core i7-6700HQ  @ 2.60GHz, Memory: 23567 / 32639 Mb, Disk: 136 / 264 Gb, GMT+8
0	12:59:31.644	Data Folder: C:\Users\tiany\AppData\Roaming\MetaQuotes\Terminal\79214103E7A6FC97F86082D309D0B84B
2	12:59:33.930	Custom indicator SupResZone_MTF USDXXX,H1: loaded successfully
2	12:59:33.940	Custom indicator SupResZone_MTF USDXXX,H1: loaded successfully
2	12:59:33.952	Custom indicator SupResZone_MTF USDXXX,H1: loaded successfully
2	12:59:33.964	Custom indicator SupResZone_MTF USDXXX,H1: loaded successfully
2	12:59:33.975	Custom indicator MACD-2x USDXXX,H1: loaded successfully
2	12:59:34.056	Custom indicator Laguerre-ACS1 USDXXX,H1: loaded successfully
2	12:59:34.262	Custom indicator SupResZone_MTF XAUUSD.,H4: loaded successfully
2	12:59:34.274	Custom indicator SupResZone_MTF XAUUSD.,H4: loaded successfully
2	12:59:34.285	Custom indicator SupResZone_MTF XAUUSD.,H4: loaded successfully
2	12:59:34.298	Custom indicator SupResZone_MTF XAUUSD.,H4: loaded successfully
2	12:59:34.310	Custom indicator MACD-2x XAUUSD.,H4: loaded successfully
2	12:59:34.388	Custom indicator Laguerre-ACS1 XAUUSD.,H4: loaded successfully
2	12:59:34.608	Custom indicator SupResZone_MTF XAGUSD.,H4: loaded successfully
2	12:59:34.618	Custom indicator SupResZone_MTF XAGUSD.,H4: loaded successfully
2	12:59:34.629	Custom indicator SupResZone_MTF XAGUSD.,H4: loaded successfully
2	12:59:34.642	Custom indicator SupResZone_MTF XAGUSD.,H4: loaded successfully
2	12:59:34.655	Custom indicator MACD-2x XAGUSD.,H4: loaded successfully
2	12:59:34.735	Custom indicator Laguerre-ACS1 XAGUSD.,H4: loaded successfully
2	12:59:34.946	Custom indicator SupResZone_MTF US_OIL,H4: loaded successfully
2	12:59:34.956	Custom indicator SupResZone_MTF US_OIL,H4: loaded successfully
2	12:59:34.968	Custom indicator SupResZone_MTF US_OIL,H4: loaded successfully
2	12:59:34.979	Custom indicator SupResZone_MTF US_OIL,H4: loaded successfully
2	12:59:34.993	Custom indicator MACD-2x US_OIL,H4: loaded successfully
2	12:59:35.071	Custom indicator Laguerre-ACS1 US_OIL,H4: loaded successfully
2	12:59:35.296	Custom indicator SupResZone_MTF JP225,H4: loaded successfully
2	12:59:35.307	Custom indicator SupResZone_MTF JP225,H4: loaded successfully
2	12:59:35.318	Custom indicator SupResZone_MTF JP225,H4: loaded successfully
2	12:59:35.328	Custom indicator SupResZone_MTF JP225,H4: loaded successfully
2	12:59:35.339	Custom indicator MACD-2x JP225,H4: loaded successfully
2	12:59:35.416	Custom indicator Laguerre-ACS1 JP225,H4: loaded successfully
2	12:59:35.664	Custom indicator SupResZone_MTF SPX500,H4: loaded successfully
2	12:59:35.677	Custom indicator SupResZone_MTF SPX500,H4: loaded successfully
2	12:59:35.688	Custom indicator SupResZone_MTF SPX500,H4: loaded successfully
2	12:59:35.699	Custom indicator SupResZone_MTF SPX500,H4: loaded successfully
2	12:59:35.711	Custom indicator MACD-2x SPX500,H4: loaded successfully
2	12:59:35.791	Custom indicator Laguerre-ACS1 SPX500,H4: loaded successfully
2	12:59:36.061	Custom indicator SupResZone_MTF EURAUD.,H4: loaded successfully
2	12:59:36.081	Custom indicator SupResZone_MTF EURAUD.,H4: loaded successfully
2	12:59:36.094	Custom indicator SupResZone_MTF EURAUD.,H4: loaded successfully
2	12:59:36.107	Custom indicator SupResZone_MTF EURAUD.,H4: loaded successfully
2	12:59:36.117	Custom indicator MACD-2x EURAUD.,H4: loaded successfully
2	12:59:36.196	Custom indicator Laguerre-ACS1 EURAUD.,H4: loaded successfully
2	12:59:36.395	Custom indicator SupResZone_MTF AUDJPY.,H4: loaded successfully
2	12:59:36.407	Custom indicator SupResZone_MTF AUDJPY.,H4: loaded successfully
2	12:59:36.418	Custom indicator SupResZone_MTF AUDJPY.,H4: loaded successfully
2	12:59:36.429	Custom indicator SupResZone_MTF AUDJPY.,H4: loaded successfully
2	12:59:36.438	Custom indicator MACD-2x AUDJPY.,H4: loaded successfully
2	12:59:36.514	Custom indicator Laguerre-ACS1 AUDJPY.,H4: loaded successfully
2	12:59:36.740	Custom indicator SupResZone_MTF AUDUSD.,H4: loaded successfully
2	12:59:36.749	Custom indicator SupResZone_MTF AUDUSD.,H4: loaded successfully
2	12:59:36.761	Custom indicator SupResZone_MTF AUDUSD.,H4: loaded successfully
2	12:59:36.771	Custom indicator SupResZone_MTF AUDUSD.,H4: loaded successfully
2	12:59:36.782	Custom indicator MACD-2x AUDUSD.,H4: loaded successfully
2	12:59:36.854	Custom indicator Laguerre-ACS1 AUDUSD.,H4: loaded successfully
2	12:59:37.094	Custom indicator SupResZone_MTF USDJPY.,H1: loaded successfully
2	12:59:37.104	Custom indicator SupResZone_MTF USDJPY.,H1: loaded successfully
2	12:59:37.115	Custom indicator SupResZone_MTF USDJPY.,H1: loaded successfully
2	12:59:37.126	Custom indicator SupResZone_MTF USDJPY.,H1: loaded successfully
2	12:59:37.136	Custom indicator MACD-2x USDJPY.,H1: loaded successfully
2	12:59:37.214	Custom indicator Laguerre-ACS1 USDJPY.,H1: loaded successfully
2	12:59:37.541	Custom indicator SupResZone_MTF EURJPY.,H4: loaded successfully
2	12:59:37.552	Custom indicator SupResZone_MTF EURJPY.,H4: loaded successfully
2	12:59:37.562	Custom indicator SupResZone_MTF EURJPY.,H4: loaded successfully
2	12:59:37.573	Custom indicator SupResZone_MTF EURJPY.,H4: loaded successfully
2	12:59:37.585	Custom indicator MACD-2x EURJPY.,H4: loaded successfully
2	12:59:37.659	Custom indicator Laguerre-ACS1 EURJPY.,H4: loaded successfully
2	12:59:37.931	Custom indicator SupResZone_MTF EURUSD.,H4: loaded successfully
2	12:59:37.943	Custom indicator SupResZone_MTF EURUSD.,H4: loaded successfully
2	12:59:37.953	Custom indicator SupResZone_MTF EURUSD.,H4: loaded successfully
2	12:59:37.965	Custom indicator SupResZone_MTF EURUSD.,H4: loaded successfully
2	12:59:37.977	Custom indicator MACD-2x EURUSD.,H4: loaded successfully
2	12:59:38.051	Custom indicator Laguerre-ACS1 EURUSD.,H4: loaded successfully
2	12:59:38.323	Custom indicator SupResZone_MTF GBPJPY.,H4: loaded successfully
2	12:59:38.334	Custom indicator SupResZone_MTF GBPJPY.,H4: loaded successfully
2	12:59:38.347	Custom indicator SupResZone_MTF GBPJPY.,H4: loaded successfully
2	12:59:38.359	Custom indicator SupResZone_MTF GBPJPY.,H4: loaded successfully
2	12:59:38.370	Custom indicator MACD-2x GBPJPY.,H4: loaded successfully
2	12:59:38.445	Custom indicator Laguerre-ACS1 GBPJPY.,H4: loaded successfully
2	12:59:38.720	Custom indicator SupResZone_MTF GBPUSD.,Daily: loaded successfully
2	12:59:38.732	Custom indicator SupResZone_MTF GBPUSD.,Daily: loaded successfully
2	12:59:38.742	Custom indicator SupResZone_MTF GBPUSD.,Daily: loaded successfully
2	12:59:38.751	Custom indicator SupResZone_MTF GBPUSD.,Daily: loaded successfully
2	12:59:38.764	Custom indicator MACD-2x GBPUSD.,Daily: loaded successfully
2	12:59:38.838	Custom indicator Laguerre-ACS1 GBPUSD.,Daily: loaded successfully
2	12:59:39.049	Custom indicator SupResZone_MTF USDCAD.,Daily: loaded successfully
2	12:59:39.062	Custom indicator SupResZone_MTF USDCAD.,Daily: loaded successfully
2	12:59:39.073	Custom indicator SupResZone_MTF USDCAD.,Daily: loaded successfully
2	12:59:39.083	Custom indicator SupResZone_MTF USDCAD.,Daily: loaded successfully
2	12:59:39.095	Custom indicator MACD-2x USDCAD.,Daily: loaded successfully
2	12:59:39.172	Custom indicator Laguerre-ACS1 USDCAD.,Daily: loaded successfully
2	12:59:39.377	Custom indicator SupResZone_MTF USDCHF.,Daily: loaded successfully
2	12:59:39.387	Custom indicator SupResZone_MTF USDCHF.,Daily: loaded successfully
2	12:59:39.399	Custom indicator SupResZone_MTF USDCHF.,Daily: loaded successfully
2	12:59:39.409	Custom indicator SupResZone_MTF USDCHF.,Daily: loaded successfully
2	12:59:39.419	Custom indicator MACD-2x USDCHF.,Daily: loaded successfully
2	12:59:39.495	Custom indicator Laguerre-ACS1 USDCHF.,Daily: loaded successfully
2	12:59:39.713	Custom indicator MACD-2x USDCNH,Daily: loaded successfully
2	12:59:39.735	Custom indicator MACD-2x USDCNH,Daily: loaded successfully
2	12:59:39.819	Custom indicator Laguerre-ACS1 USDCNH,Daily: loaded successfully
2	12:59:39.924	Custom indicator GMMA Long USDJPY.,H1: loaded successfully
2	12:59:39.934	Custom indicator GMMA Short USDJPY.,H1: loaded successfully
2	12:59:39.943	Custom indicator 23MTF_MovingAverageIGOR USDJPY.,H1: loaded successfully
2	12:59:39.951	Custom indicator 23MTF_MovingAverageIGOR USDJPY.,H1: loaded successfully
2	12:59:39.963	Custom indicator SupResZone_MTF USDJPY.,H1: loaded successfully
2	12:59:39.976	Custom indicator SupResZone_MTF USDJPY.,H1: loaded successfully
2	12:59:39.986	Custom indicator MACD-2x USDJPY.,H1: loaded successfully
2	12:59:40.241	Custom indicator SupResZone_MTF CHINA300,Daily: loaded successfully
2	12:59:40.257	Custom indicator SupResZone_MTF CHINA300,Daily: loaded successfully
2	12:59:40.268	Custom indicator SupResZone_MTF CHINA300,Daily: loaded successfully
2	12:59:40.279	Custom indicator SupResZone_MTF CHINA300,Daily: loaded successfully
2	12:59:40.290	Custom indicator MACD-2x CHINA300,Daily: loaded successfully
2	12:59:40.365	Custom indicator Laguerre-ACS1 CHINA300,Daily: loaded successfully
0	12:59:42.668	'120010550': login on PRC-Live through Server 8 (ping: 139.61 ms)
0	12:59:44.673	'120010550': login datacenter on PRC-Live through Server 8 (ping: 139.61 ms)
0	12:59:45.098	'120010550': previous successful authorization performed from 101.131.181.23
0	13:00:15.772	'120010550': auto connecting to a better access point Server 5 (ping is 96.38 ms)
0	13:00:16.658	'120010550': login on PRC-Live through Server 5 (ping: 96.38 ms)
0	13:00:18.398	'120010550': login datacenter on PRC-Live through Server 5 (ping: 96.38 ms)
0	13:00:18.816	'120010550': previous successful authorization performed from 101.131.181.23
1	13:33:52.576	'120010550': ping failed
0	13:33:56.434	'120010550': login on PRC-Live through Server 3 (ping: 123.00 ms)
0	13:33:58.372	'120010550': login datacenter on PRC-Live through Server 3 (ping: 123.00 ms)
0	13:33:59.155	'120010550': previous successful authorization performed from 101.131.181.23
0	13:45:09.818	'120010550': login on PRC-Live through Server 3 (ping: 123.00 ms)
0	13:45:16.191	'120010550': login datacenter on PRC-Live through Server 3 (ping: 123.00 ms)
0	13:45:16.710	'120010550': previous successful authorization performed from 1.180.18.101
2	14:24:20.949	Custom indicator SupResZone_MTF USDXXX,H1: removed
2	14:24:20.953	Custom indicator SupResZone_MTF USDXXX,H1: removed
2	14:24:20.956	Custom indicator SupResZone_MTF USDXXX,H1: removed
2	14:24:20.958	Custom indicator SupResZone_MTF USDXXX,H1: removed
2	14:24:20.960	Custom indicator MACD-2x USDXXX,H1: removed
2	14:24:20.960	Custom indicator Laguerre-ACS1 USDXXX,H1: removed
2	14:24:20.989	Custom indicator SupResZone_MTF XAUUSD.,Monthly: removed
2	14:24:20.990	Custom indicator SupResZone_MTF XAUUSD.,Monthly: removed
2	14:24:20.992	Custom indicator SupResZone_MTF XAUUSD.,Monthly: removed
2	14:24:20.994	Custom indicator SupResZone_MTF XAUUSD.,Monthly: removed
2	14:24:20.995	Custom indicator MACD-2x XAUUSD.,Monthly: removed
2	14:24:20.995	Custom indicator Laguerre-ACS1 XAUUSD.,Monthly: removed
2	14:24:21.025	Custom indicator SupResZone_MTF XAGUSD.,H4: removed
2	14:24:21.027	Custom indicator SupResZone_MTF XAGUSD.,H4: removed
2	14:24:21.028	Custom indicator SupResZone_MTF XAGUSD.,H4: removed
2	14:24:21.032	Custom indicator SupResZone_MTF XAGUSD.,H4: removed
2	14:24:21.034	Custom indicator MACD-2x XAGUSD.,H4: removed
2	14:24:21.034	Custom indicator Laguerre-ACS1 XAGUSD.,H4: removed
2	14:24:21.064	Custom indicator SupResZone_MTF US_OIL,H4: removed
2	14:24:21.066	Custom indicator SupResZone_MTF US_OIL,H4: removed
2	14:24:21.068	Custom indicator SupResZone_MTF US_OIL,H4: removed
2	14:24:21.069	Custom indicator SupResZone_MTF US_OIL,H4: removed
2	14:24:21.072	Custom indicator MACD-2x US_OIL,H4: removed
2	14:24:21.072	Custom indicator Laguerre-ACS1 US_OIL,H4: removed
2	14:24:21.081	Custom indicator SupResZone_MTF JP225,H4: removed
2	14:24:21.083	Custom indicator SupResZone_MTF JP225,H4: removed
2	14:24:21.084	Custom indicator SupResZone_MTF JP225,H4: removed
2	14:24:21.086	Custom indicator SupResZone_MTF JP225,H4: removed
2	14:24:21.087	Custom indicator MACD-2x JP225,H4: removed
2	14:24:21.088	Custom indicator Laguerre-ACS1 JP225,H4: removed
2	14:24:21.095	Custom indicator SupResZone_MTF SPX500,H4: removed
2	14:24:21.097	Custom indicator SupResZone_MTF SPX500,H4: removed
2	14:24:21.098	Custom indicator SupResZone_MTF SPX500,H4: removed
2	14:24:21.100	Custom indicator SupResZone_MTF SPX500,H4: removed
2	14:24:21.102	Custom indicator MACD-2x SPX500,H4: removed
2	14:24:21.102	Custom indicator Laguerre-ACS1 SPX500,H4: removed
2	14:24:21.110	Custom indicator SupResZone_MTF EURAUD.,H4: removed
2	14:24:21.111	Custom indicator SupResZone_MTF EURAUD.,H4: removed
2	14:24:21.113	Custom indicator SupResZone_MTF EURAUD.,H4: removed
2	14:24:21.115	Custom indicator SupResZone_MTF EURAUD.,H4: removed
2	14:24:21.117	Custom indicator MACD-2x EURAUD.,H4: removed
2	14:24:21.117	Custom indicator Laguerre-ACS1 EURAUD.,H4: removed
2	14:24:21.125	Custom indicator SupResZone_MTF AUDJPY.,H4: removed
2	14:24:21.127	Custom indicator SupResZone_MTF AUDJPY.,H4: removed
2	14:24:21.128	Custom indicator SupResZone_MTF AUDJPY.,H4: removed
2	14:24:21.130	Custom indicator SupResZone_MTF AUDJPY.,H4: removed
2	14:24:21.131	Custom indicator MACD-2x AUDJPY.,H4: removed
2	14:24:21.131	Custom indicator Laguerre-ACS1 AUDJPY.,H4: removed
2	14:24:21.142	Custom indicator SupResZone_MTF AUDUSD.,H4: removed
2	14:24:21.143	Custom indicator SupResZone_MTF AUDUSD.,H4: removed
2	14:24:21.145	Custom indicator SupResZone_MTF AUDUSD.,H4: removed
2	14:24:21.147	Custom indicator SupResZone_MTF AUDUSD.,H4: removed
2	14:24:21.149	Custom indicator MACD-2x AUDUSD.,H4: removed
2	14:24:21.149	Custom indicator Laguerre-ACS1 AUDUSD.,H4: removed
2	14:24:21.155	Custom indicator SupResZone_MTF USDJPY.,H1: removed
2	14:24:21.157	Custom indicator SupResZone_MTF USDJPY.,H1: removed
2	14:24:21.158	Custom indicator SupResZone_MTF USDJPY.,H1: removed
2	14:24:21.161	Custom indicator SupResZone_MTF USDJPY.,H1: removed
2	14:24:21.162	Custom indicator MACD-2x USDJPY.,H1: removed
2	14:24:21.163	Custom indicator Laguerre-ACS1 USDJPY.,H1: removed
2	14:24:21.171	Custom indicator SupResZone_MTF EURJPY.,H4: removed
2	14:24:21.174	Custom indicator SupResZone_MTF EURJPY.,H4: removed
2	14:24:21.175	Custom indicator SupResZone_MTF EURJPY.,H4: removed
2	14:24:21.177	Custom indicator SupResZone_MTF EURJPY.,H4: removed
2	14:24:21.178	Custom indicator MACD-2x EURJPY.,H4: removed
2	14:24:21.178	Custom indicator Laguerre-ACS1 EURJPY.,H4: removed
2	14:24:21.186	Custom indicator SupResZone_MTF EURUSD.,H4: removed
2	14:24:21.188	Custom indicator SupResZone_MTF EURUSD.,H4: removed
2	14:24:21.190	Custom indicator SupResZone_MTF EURUSD.,H4: removed
2	14:24:21.192	Custom indicator SupResZone_MTF EURUSD.,H4: removed
2	14:24:21.194	Custom indicator MACD-2x EURUSD.,H4: removed
2	14:24:21.194	Custom indicator Laguerre-ACS1 EURUSD.,H4: removed
2	14:24:21.201	Custom indicator SupResZone_MTF GBPJPY.,H4: removed
2	14:24:21.203	Custom indicator SupResZone_MTF GBPJPY.,H4: removed
2	14:24:21.204	Custom indicator SupResZone_MTF GBPJPY.,H4: removed
2	14:24:21.207	Custom indicator SupResZone_MTF GBPJPY.,H4: removed
2	14:24:21.209	Custom indicator MACD-2x GBPJPY.,H4: removed
2	14:24:21.209	Custom indicator Laguerre-ACS1 GBPJPY.,H4: removed
2	14:24:21.217	Custom indicator SupResZone_MTF GBPUSD.,Daily: removed
2	14:24:21.219	Custom indicator SupResZone_MTF GBPUSD.,Daily: removed
2	14:24:21.221	Custom indicator SupResZone_MTF GBPUSD.,Daily: removed
2	14:24:21.222	Custom indicator SupResZone_MTF GBPUSD.,Daily: removed
2	14:24:21.224	Custom indicator MACD-2x GBPUSD.,Daily: removed
2	14:24:21.224	Custom indicator Laguerre-ACS1 GBPUSD.,Daily: removed
2	14:24:21.232	Custom indicator SupResZone_MTF USDCAD.,Daily: removed
2	14:24:21.234	Custom indicator SupResZone_MTF USDCAD.,Daily: removed
2	14:24:21.236	Custom indicator SupResZone_MTF USDCAD.,Daily: removed
2	14:24:21.238	Custom indicator SupResZone_MTF USDCAD.,Daily: removed
2	14:24:21.239	Custom indicator MACD-2x USDCAD.,Daily: removed
2	14:24:21.239	Custom indicator Laguerre-ACS1 USDCAD.,Daily: removed
2	14:24:21.248	Custom indicator SupResZone_MTF USDCHF.,Daily: removed
2	14:24:21.249	Custom indicator SupResZone_MTF USDCHF.,Daily: removed
2	14:24:21.251	Custom indicator SupResZone_MTF USDCHF.,Daily: removed
2	14:24:21.253	Custom indicator SupResZone_MTF USDCHF.,Daily: removed
2	14:24:21.254	Custom indicator MACD-2x USDCHF.,Daily: removed
2	14:24:21.254	Custom indicator Laguerre-ACS1 USDCHF.,Daily: removed
2	14:24:21.261	Custom indicator MACD-2x USDCNH,Daily: removed
2	14:24:21.262	Custom indicator MACD-2x USDCNH,Daily: removed
2	14:24:21.262	Custom indicator Laguerre-ACS1 USDCNH,Daily: removed
2	14:24:21.284	Custom indicator GMMA Long USDJPY.,H1: removed
2	14:24:21.286	Custom indicator GMMA Short USDJPY.,H1: removed
2	14:24:21.288	Custom indicator 23MTF_MovingAverageIGOR USDJPY.,H1: removed
2	14:24:21.290	Custom indicator 23MTF_MovingAverageIGOR USDJPY.,H1: removed
2	14:24:21.291	Custom indicator SupResZone_MTF USDJPY.,H1: removed
2	14:24:21.293	Custom indicator SupResZone_MTF USDJPY.,H1: removed
2	14:24:21.294	Custom indicator MACD-2x USDJPY.,H1: removed
2	14:24:21.307	Custom indicator SupResZone_MTF CHINA300,Daily: removed
2	14:24:21.309	Custom indicator SupResZone_MTF CHINA300,Daily: removed
2	14:24:21.310	Custom indicator SupResZone_MTF CHINA300,Daily: removed
2	14:24:21.312	Custom indicator SupResZone_MTF CHINA300,Daily: removed
2	14:24:21.314	Custom indicator MACD-2x CHINA300,Daily: removed
2	14:24:21.314	Custom indicator Laguerre-ACS1 CHINA300,Daily: removed
0	14:24:21.724	FX Trader build 1170 stopped
0	16:33:23.940	FX Trader build 1170 started (Performance Ronnaru Capital Ltd.)
0	16:33:23.941	Windows 10 Home x64, IE 11, UAC, 8 x Intel Core i7-6700HQ  @ 2.60GHz, Memory: 24915 / 32639 Mb, Disk: 136 / 264 Gb, GMT+8
0	16:33:23.941	Data Folder: C:\Users\tiany\AppData\Roaming\MetaQuotes\Terminal\79214103E7A6FC97F86082D309D0B84B
1	16:33:25.356	MQL Base: failed connect to server
2	16:33:26.081	Custom indicator SupResZone_MTF USDXXX,H1: loaded successfully
2	16:33:26.092	Custom indicator SupResZone_MTF USDXXX,H1: loaded successfully
2	16:33:26.104	Custom indicator SupResZone_MTF USDXXX,H1: loaded successfully
2	16:33:26.115	Custom indicator SupResZone_MTF USDXXX,H1: loaded successfully
2	16:33:26.126	Custom indicator MACD-2x USDXXX,H1: loaded successfully
2	16:33:26.199	Custom indicator Laguerre-ACS1 USDXXX,H1: loaded successfully
2	16:33:26.368	Custom indicator SupResZone_MTF XAUUSD.,Monthly: loaded successfully
2	16:33:26.379	Custom indicator SupResZone_MTF XAUUSD.,Monthly: loaded successfully
2	16:33:26.389	Custom indicator SupResZone_MTF XAUUSD.,Monthly: loaded successfully
2	16:33:26.399	Custom indicator SupResZone_MTF XAUUSD.,Monthly: loaded successfully
2	16:33:26.409	Custom indicator MACD-2x XAUUSD.,Monthly: loaded successfully
2	16:33:26.478	Custom indicator Laguerre-ACS1 XAUUSD.,Monthly: loaded successfully
2	16:33:26.603	Custom indicator SupResZone_MTF XAGUSD.,H4: loaded successfully
2	16:33:26.615	Custom indicator SupResZone_MTF XAGUSD.,H4: loaded successfully
2	16:33:26.626	Custom indicator SupResZone_MTF XAGUSD.,H4: loaded successfully
2	16:33:26.637	Custom indicator SupResZone_MTF XAGUSD.,H4: loaded successfully
2	16:33:26.647	Custom indicator MACD-2x XAGUSD.,H4: loaded successfully
2	16:33:26.716	Custom indicator Laguerre-ACS1 XAGUSD.,H4: loaded successfully
2	16:33:26.894	Custom indicator SupResZone_MTF US_OIL,H4: loaded successfully
2	16:33:26.905	Custom indicator SupResZone_MTF US_OIL,H4: loaded successfully
2	16:33:26.915	Custom indicator SupResZone_MTF US_OIL,H4: loaded successfully
2	16:33:26.926	Custom indicator SupResZone_MTF US_OIL,H4: loaded successfully
2	16:33:26.935	Custom indicator MACD-2x US_OIL,H4: loaded successfully
2	16:33:27.005	Custom indicator Laguerre-ACS1 US_OIL,H4: loaded successfully
2	16:33:27.207	Custom indicator SupResZone_MTF JP225,H4: loaded successfully
2	16:33:27.219	Custom indicator SupResZone_MTF JP225,H4: loaded successfully
2	16:33:27.230	Custom indicator SupResZone_MTF JP225,H4: loaded successfully
2	16:33:27.241	Custom indicator SupResZone_MTF JP225,H4: loaded successfully
2	16:33:27.251	Custom indicator MACD-2x JP225,H4: loaded successfully
2	16:33:27.321	Custom indicator Laguerre-ACS1 JP225,H4: loaded successfully
2	16:33:27.579	Custom indicator SupResZone_MTF SPX500,H4: loaded successfully
2	16:33:27.591	Custom indicator SupResZone_MTF SPX500,H4: loaded successfully
2	16:33:27.602	Custom indicator SupResZone_MTF SPX500,H4: loaded successfully
2	16:33:27.613	Custom indicator SupResZone_MTF SPX500,H4: loaded successfully
2	16:33:27.624	Custom indicator MACD-2x SPX500,H4: loaded successfully
2	16:33:27.692	Custom indicator Laguerre-ACS1 SPX500,H4: loaded successfully
2	16:33:27.885	Custom indicator SupResZone_MTF EURAUD.,H4: loaded successfully
2	16:33:27.896	Custom indicator SupResZone_MTF EURAUD.,H4: loaded successfully
2	16:33:27.906	Custom indicator SupResZone_MTF EURAUD.,H4: loaded successfully
2	16:33:27.917	Custom indicator SupResZone_MTF EURAUD.,H4: loaded successfully
2	16:33:27.928	Custom indicator MACD-2x EURAUD.,H4: loaded successfully
2	16:33:28.002	Custom indicator Laguerre-ACS1 EURAUD.,H4: loaded successfully
2	16:33:28.187	Custom indicator SupResZone_MTF AUDJPY.,H4: loaded successfully
2	16:33:28.199	Custom indicator SupResZone_MTF AUDJPY.,H4: loaded successfully
2	16:33:28.211	Custom indicator SupResZone_MTF AUDJPY.,H4: loaded successfully
2	16:33:28.222	Custom indicator SupResZone_MTF AUDJPY.,H4: loaded successfully
2	16:33:28.232	Custom indicator MACD-2x AUDJPY.,H4: loaded successfully
2	16:33:28.302	Custom indicator Laguerre-ACS1 AUDJPY.,H4: loaded successfully
2	16:33:28.510	Custom indicator SupResZone_MTF AUDUSD.,H4: loaded successfully
2	16:33:28.520	Custom indicator SupResZone_MTF AUDUSD.,H4: loaded successfully
2	16:33:28.530	Custom indicator SupResZone_MTF AUDUSD.,H4: loaded successfully
2	16:33:28.540	Custom indicator SupResZone_MTF AUDUSD.,H4: loaded successfully
2	16:33:28.551	Custom indicator MACD-2x AUDUSD.,H4: loaded successfully
2	16:33:28.620	Custom indicator Laguerre-ACS1 AUDUSD.,H4: loaded successfully
2	16:33:28.831	Custom indicator SupResZone_MTF USDJPY.,H1: loaded successfully
2	16:33:28.841	Custom indicator SupResZone_MTF USDJPY.,H1: loaded successfully
2	16:33:28.851	Custom indicator SupResZone_MTF USDJPY.,H1: loaded successfully
2	16:33:28.862	Custom indicator SupResZone_MTF USDJPY.,H1: loaded successfully
2	16:33:28.872	Custom indicator MACD-2x USDJPY.,H1: loaded successfully
2	16:33:28.942	Custom indicator Laguerre-ACS1 USDJPY.,H1: loaded successfully
2	16:33:29.171	Custom indicator SupResZone_MTF EURJPY.,H4: loaded successfully
2	16:33:29.184	Custom indicator SupResZone_MTF EURJPY.,H4: loaded successfully
2	16:33:29.195	Custom indicator SupResZone_MTF EURJPY.,H4: loaded successfully
2	16:33:29.205	Custom indicator SupResZone_MTF EURJPY.,H4: loaded successfully
2	16:33:29.214	Custom indicator MACD-2x EURJPY.,H4: loaded successfully
2	16:33:29.283	Custom indicator Laguerre-ACS1 EURJPY.,H4: loaded successfully
2	16:33:29.536	Custom indicator SupResZone_MTF EURUSD.,H4: loaded successfully
2	16:33:29.547	Custom indicator SupResZone_MTF EURUSD.,H4: loaded successfully
2	16:33:29.558	Custom indicator SupResZone_MTF EURUSD.,H4: loaded successfully
2	16:33:29.569	Custom indicator SupResZone_MTF EURUSD.,H4: loaded successfully
2	16:33:29.579	Custom indicator MACD-2x EURUSD.,H4: loaded successfully
2	16:33:29.648	Custom indicator Laguerre-ACS1 EURUSD.,H4: loaded successfully
2	16:33:29.875	Custom indicator SupResZone_MTF GBPJPY.,H4: loaded successfully
2	16:33:29.885	Custom indicator SupResZone_MTF GBPJPY.,H4: loaded successfully
2	16:33:29.896	Custom indicator SupResZone_MTF GBPJPY.,H4: loaded successfully
2	16:33:29.907	Custom indicator SupResZone_MTF GBPJPY.,H4: loaded successfully
2	16:33:29.918	Custom indicator MACD-2x GBPJPY.,H4: loaded successfully
2	16:33:29.985	Custom indicator Laguerre-ACS1 GBPJPY.,H4: loaded successfully
2	16:33:30.171	Custom indicator SupResZone_MTF GBPUSD.,Daily: loaded successfully
2	16:33:30.183	Custom indicator SupResZone_MTF GBPUSD.,Daily: loaded successfully
2	16:33:30.195	Custom indicator SupResZone_MTF GBPUSD.,Daily: loaded successfully
2	16:33:30.206	Custom indicator SupResZone_MTF GBPUSD.,Daily: loaded successfully
2	16:33:30.216	Custom indicator MACD-2x GBPUSD.,Daily: loaded successfully
2	16:33:30.293	Custom indicator Laguerre-ACS1 GBPUSD.,Daily: loaded successfully
2	16:33:30.491	Custom indicator SupResZone_MTF USDCAD.,Daily: loaded successfully
2	16:33:30.503	Custom indicator SupResZone_MTF USDCAD.,Daily: loaded successfully
2	16:33:30.515	Custom indicator SupResZone_MTF USDCAD.,Daily: loaded successfully
2	16:33:30.527	Custom indicator SupResZone_MTF USDCAD.,Daily: loaded successfully
2	16:33:30.540	Custom indicator MACD-2x USDCAD.,Daily: loaded successfully
2	16:33:30.621	Custom indicator Laguerre-ACS1 USDCAD.,Daily: loaded successfully
2	16:33:30.770	Custom indicator SupResZone_MTF USDCHF.,Daily: loaded successfully
2	16:33:30.782	Custom indicator SupResZone_MTF USDCHF.,Daily: loaded successfully
2	16:33:30.792	Custom indicator SupResZone_MTF USDCHF.,Daily: loaded successfully
2	16:33:30.802	Custom indicator SupResZone_MTF USDCHF.,Daily: loaded successfully
2	16:33:30.813	Custom indicator MACD-2x USDCHF.,Daily: loaded successfully
2	16:33:30.880	Custom indicator Laguerre-ACS1 USDCHF.,Daily: loaded successfully
2	16:33:31.089	Custom indicator MACD-2x USDCNH,Daily: loaded successfully
2	16:33:31.102	Custom indicator MACD-2x USDCNH,Daily: loaded successfully
2	16:33:31.177	Custom indicator Laguerre-ACS1 USDCNH,Daily: loaded successfully
2	16:33:31.257	Custom indicator GMMA Long USDJPY.,H1: loaded successfully
2	16:33:31.268	Custom indicator GMMA Short USDJPY.,H1: loaded successfully
2	16:33:31.277	Custom indicator 23MTF_MovingAverageIGOR USDJPY.,H1: loaded successfully
2	16:33:31.285	Custom indicator 23MTF_MovingAverageIGOR USDJPY.,H1: loaded successfully
2	16:33:31.294	Custom indicator SupResZone_MTF USDJPY.,H1: loaded successfully
2	16:33:31.304	Custom indicator SupResZone_MTF USDJPY.,H1: loaded successfully
2	16:33:31.314	Custom indicator MACD-2x USDJPY.,H1: loaded successfully
2	16:33:31.530	Custom indicator SupResZone_MTF CHINA300,Daily: loaded successfully
2	16:33:31.543	Custom indicator SupResZone_MTF CHINA300,Daily: loaded successfully
2	16:33:31.553	Custom indicator SupResZone_MTF CHINA300,Daily: loaded successfully
2	16:33:31.563	Custom indicator SupResZone_MTF CHINA300,Daily: loaded successfully
2	16:33:31.574	Custom indicator MACD-2x CHINA300,Daily: loaded successfully
2	16:33:31.650	Custom indicator Laguerre-ACS1 CHINA300,Daily: loaded successfully
1	16:33:33.175	'120010550': connect failed [No connection]
1	16:33:33.236	MQL5.community: authorization failed
1	16:33:33.410	MQL5.community: authorization failed
1	16:38:33.502	MQL5.community: authorization failed
1	16:43:33.500	MQL5.community: authorization failed
1	16:48:33.533	MQL5.community: authorization failed
1	16:53:33.502	MQL5.community: authorization failed
1	16:58:33.535	MQL5.community: authorization failed
1	17:03:33.532	MQL5.community: authorization failed
1	17:08:34.736	MQL5.community: authorization failed
1	17:13:34.547	MQL5.community: authorization failed
1	17:18:34.544	MQL5.community: authorization failed
2	17:20:12.371	Custom indicator SupResZone_MTF USDXXX,H1: removed
2	17:20:12.372	Custom indicator SupResZone_MTF USDXXX,H1: removed
2	17:20:12.374	Custom indicator SupResZone_MTF USDXXX,H1: removed
2	17:20:12.376	Custom indicator SupResZone_MTF USDXXX,H1: removed
2	17:20:12.378	Custom indicator MACD-2x USDXXX,H1: removed
2	17:20:12.378	Custom indicator Laguerre-ACS1 USDXXX,H1: removed
2	17:20:12.492	Custom indicator SupResZone_MTF XAUUSD.,M1: removed
2	17:20:12.494	Custom indicator SupResZone_MTF XAUUSD.,M1: removed
2	17:20:12.496	Custom indicator SupResZone_MTF XAUUSD.,M1: removed
2	17:20:12.497	Custom indicator SupResZone_MTF XAUUSD.,M1: removed
2	17:20:12.498	Custom indicator MACD-2x XAUUSD.,M1: removed
2	17:20:12.499	Custom indicator Laguerre-ACS1 XAUUSD.,M1: removed
2	17:20:12.507	Custom indicator SupResZone_MTF XAGUSD.,H4: removed
2	17:20:12.510	Custom indicator SupResZone_MTF XAGUSD.,H4: removed
2	17:20:12.511	Custom indicator SupResZone_MTF XAGUSD.,H4: removed
2	17:20:12.513	Custom indicator SupResZone_MTF XAGUSD.,H4: removed
2	17:20:12.515	Custom indicator MACD-2x XAGUSD.,H4: removed
2	17:20:12.515	Custom indicator Laguerre-ACS1 XAGUSD.,H4: removed
2	17:20:12.549	Custom indicator SupResZone_MTF US_OIL,H4: removed
2	17:20:12.551	Custom indicator SupResZone_MTF US_OIL,H4: removed
2	17:20:12.554	Custom indicator SupResZone_MTF US_OIL,H4: removed
2	17:20:12.555	Custom indicator SupResZone_MTF US_OIL,H4: removed
2	17:20:12.557	Custom indicator MACD-2x US_OIL,H4: removed
2	17:20:12.557	Custom indicator Laguerre-ACS1 US_OIL,H4: removed
2	17:20:12.566	Custom indicator SupResZone_MTF JP225,H4: removed
2	17:20:12.568	Custom indicator SupResZone_MTF JP225,H4: removed
2	17:20:12.569	Custom indicator SupResZone_MTF JP225,H4: removed
2	17:20:12.571	Custom indicator SupResZone_MTF JP225,H4: removed
2	17:20:12.573	Custom indicator MACD-2x JP225,H4: removed
2	17:20:12.573	Custom indicator Laguerre-ACS1 JP225,H4: removed
2	17:20:12.581	Custom indicator SupResZone_MTF SPX500,H4: removed
2	17:20:12.583	Custom indicator SupResZone_MTF SPX500,H4: removed
2	17:20:12.585	Custom indicator SupResZone_MTF SPX500,H4: removed
2	17:20:12.586	Custom indicator SupResZone_MTF SPX500,H4: removed
2	17:20:12.588	Custom indicator MACD-2x SPX500,H4: removed
2	17:20:12.588	Custom indicator Laguerre-ACS1 SPX500,H4: removed
2	17:20:12.598	Custom indicator SupResZone_MTF EURAUD.,H4: removed
2	17:20:12.600	Custom indicator SupResZone_MTF EURAUD.,H4: removed
2	17:20:12.601	Custom indicator SupResZone_MTF EURAUD.,H4: removed
2	17:20:12.603	Custom indicator SupResZone_MTF EURAUD.,H4: removed
2	17:20:12.605	Custom indicator MACD-2x EURAUD.,H4: removed
2	17:20:12.605	Custom indicator Laguerre-ACS1 EURAUD.,H4: removed
2	17:20:12.614	Custom indicator SupResZone_MTF AUDJPY.,H4: removed
2	17:20:12.616	Custom indicator SupResZone_MTF AUDJPY.,H4: removed
2	17:20:12.617	Custom indicator SupResZone_MTF AUDJPY.,H4: removed
2	17:20:12.619	Custom indicator SupResZone_MTF AUDJPY.,H4: removed
2	17:20:12.621	Custom indicator MACD-2x AUDJPY.,H4: removed
2	17:20:12.621	Custom indicator Laguerre-ACS1 AUDJPY.,H4: removed
2	17:20:12.628	Custom indicator SupResZone_MTF AUDUSD.,H4: removed
2	17:20:12.629	Custom indicator SupResZone_MTF AUDUSD.,H4: removed
2	17:20:12.631	Custom indicator SupResZone_MTF AUDUSD.,H4: removed
2	17:20:12.633	Custom indicator SupResZone_MTF AUDUSD.,H4: removed
2	17:20:12.635	Custom indicator MACD-2x AUDUSD.,H4: removed
2	17:20:12.635	Custom indicator Laguerre-ACS1 AUDUSD.,H4: removed
2	17:20:12.660	Custom indicator SupResZone_MTF USDJPY.,Daily: removed
2	17:20:12.662	Custom indicator SupResZone_MTF USDJPY.,Daily: removed
2	17:20:12.664	Custom indicator SupResZone_MTF USDJPY.,Daily: removed
2	17:20:12.665	Custom indicator SupResZone_MTF USDJPY.,Daily: removed
2	17:20:12.667	Custom indicator MACD-2x USDJPY.,Daily: removed
2	17:20:12.668	Custom indicator Laguerre-ACS1 USDJPY.,Daily: removed
2	17:20:12.674	Custom indicator SupResZone_MTF EURJPY.,H4: removed
2	17:20:12.676	Custom indicator SupResZone_MTF EURJPY.,H4: removed
2	17:20:12.678	Custom indicator SupResZone_MTF EURJPY.,H4: removed
2	17:20:12.679	Custom indicator SupResZone_MTF EURJPY.,H4: removed
2	17:20:12.681	Custom indicator MACD-2x EURJPY.,H4: removed
2	17:20:12.681	Custom indicator Laguerre-ACS1 EURJPY.,H4: removed
2	17:20:12.689	Custom indicator SupResZone_MTF EURUSD.,H4: removed
2	17:20:12.691	Custom indicator SupResZone_MTF EURUSD.,H4: removed
2	17:20:12.693	Custom indicator SupResZone_MTF EURUSD.,H4: removed
2	17:20:12.694	Custom indicator SupResZone_MTF EURUSD.,H4: removed
2	17:20:12.696	Custom indicator MACD-2x EURUSD.,H4: removed
2	17:20:12.697	Custom indicator Laguerre-ACS1 EURUSD.,H4: removed
2	17:20:12.719	Custom indicator SupResZone_MTF GBPJPY.,H4: removed
2	17:20:12.721	Custom indicator SupResZone_MTF GBPJPY.,H4: removed
2	17:20:12.723	Custom indicator SupResZone_MTF GBPJPY.,H4: removed
2	17:20:12.725	Custom indicator SupResZone_MTF GBPJPY.,H4: removed
2	17:20:12.727	Custom indicator MACD-2x GBPJPY.,H4: removed
2	17:20:12.727	Custom indicator Laguerre-ACS1 GBPJPY.,H4: removed
2	17:20:12.733	Custom indicator SupResZone_MTF GBPUSD.,Daily: removed
2	17:20:12.736	Custom indicator SupResZone_MTF GBPUSD.,Daily: removed
2	17:20:12.745	Custom indicator SupResZone_MTF GBPUSD.,Daily: removed
2	17:20:12.746	Custom indicator SupResZone_MTF GBPUSD.,Daily: removed
2	17:20:12.748	Custom indicator MACD-2x GBPUSD.,Daily: removed
2	17:20:12.748	Custom indicator Laguerre-ACS1 GBPUSD.,Daily: removed
2	17:20:12.754	Custom indicator SupResZone_MTF USDCAD.,Daily: removed
2	17:20:12.756	Custom indicator SupResZone_MTF USDCAD.,Daily: removed
2	17:20:12.757	Custom indicator SupResZone_MTF USDCAD.,Daily: removed
2	17:20:12.759	Custom indicator SupResZone_MTF USDCAD.,Daily: removed
2	17:20:12.761	Custom indicator MACD-2x USDCAD.,Daily: removed
2	17:20:12.761	Custom indicator Laguerre-ACS1 USDCAD.,Daily: removed
2	17:20:12.767	Custom indicator SupResZone_MTF USDCHF.,Daily: removed
2	17:20:12.769	Custom indicator SupResZone_MTF USDCHF.,Daily: removed
2	17:20:12.771	Custom indicator SupResZone_MTF USDCHF.,Daily: removed
2	17:20:12.772	Custom indicator SupResZone_MTF USDCHF.,Daily: removed
2	17:20:12.774	Custom indicator MACD-2x USDCHF.,Daily: removed
2	17:20:12.774	Custom indicator Laguerre-ACS1 USDCHF.,Daily: removed
2	17:20:12.781	Custom indicator MACD-2x USDCNH,Daily: removed
2	17:20:12.783	Custom indicator MACD-2x USDCNH,Daily: removed
2	17:20:12.783	Custom indicator Laguerre-ACS1 USDCNH,Daily: removed
2	17:20:12.798	Custom indicator GMMA Long USDJPY.,H1: removed
2	17:20:12.800	Custom indicator GMMA Short USDJPY.,H1: removed
2	17:20:12.805	Custom indicator 23MTF_MovingAverageIGOR USDJPY.,H1: removed
2	17:20:12.806	Custom indicator 23MTF_MovingAverageIGOR USDJPY.,H1: removed
2	17:20:12.808	Custom indicator SupResZone_MTF USDJPY.,H1: removed
2	17:20:12.810	Custom indicator SupResZone_MTF USDJPY.,H1: removed
2	17:20:12.811	Custom indicator MACD-2x USDJPY.,H1: removed
2	17:20:12.823	Custom indicator SupResZone_MTF CHINA300,Daily: removed
2	17:20:12.825	Custom indicator SupResZone_MTF CHINA300,Daily: removed
2	17:20:12.826	Custom indicator SupResZone_MTF CHINA300,Daily: removed
2	17:20:12.828	Custom indicator SupResZone_MTF CHINA300,Daily: removed
2	17:20:12.830	Custom indicator MACD-2x CHINA300,Daily: removed
2	17:20:12.830	Custom indicator Laguerre-ACS1 CHINA300,Daily: removed
0	17:20:14.807	FX Trader build 1170 stopped
0	22:14:29.972	FX Trader build 1170 started (Performance Ronnaru Capital Ltd.)
0	22:14:29.973	Windows 10 Home x64, IE 11, UAC, 8 x Intel Core i7-6700HQ  @ 2.60GHz, Memory: 25568 / 32639 Mb, Disk: 136 / 264 Gb, GMT+8
0	22:14:29.973	Data Folder: C:\Users\tiany\AppData\Roaming\MetaQuotes\Terminal\79214103E7A6FC97F86082D309D0B84B
2	22:14:32.343	Custom indicator SupResZone_MTF USDXXX,H1: loaded successfully
2	22:14:32.361	Custom indicator SupResZone_MTF USDXXX,H1: loaded successfully
2	22:14:32.379	Custom indicator SupResZone_MTF USDXXX,H1: loaded successfully
2	22:14:32.396	Custom indicator SupResZone_MTF USDXXX,H1: loaded successfully
2	22:14:32.408	Custom indicator MACD-2x USDXXX,H1: loaded successfully
2	22:14:32.492	Custom indicator Laguerre-ACS1 USDXXX,H1: loaded successfully
2	22:14:32.706	Custom indicator SupResZone_MTF XAUUSD.,M1: loaded successfully
2	22:14:32.719	Custom indicator SupResZone_MTF XAUUSD.,M1: loaded successfully
2	22:14:32.731	Custom indicator SupResZone_MTF XAUUSD.,M1: loaded successfully
2	22:14:32.744	Custom indicator SupResZone_MTF XAUUSD.,M1: loaded successfully
2	22:14:32.757	Custom indicator MACD-2x XAUUSD.,M1: loaded successfully
2	22:14:32.852	Custom indicator Laguerre-ACS1 XAUUSD.,M1: loaded successfully
2	22:14:32.966	Custom indicator SupResZone_MTF XAGUSD.,H4: loaded successfully
2	22:14:32.979	Custom indicator SupResZone_MTF XAGUSD.,H4: loaded successfully
2	22:14:32.991	Custom indicator SupResZone_MTF XAGUSD.,H4: loaded successfully
2	22:14:33.005	Custom indicator SupResZone_MTF XAGUSD.,H4: loaded successfully
2	22:14:33.016	Custom indicator MACD-2x XAGUSD.,H4: loaded successfully
2	22:14:33.106	Custom indicator Laguerre-ACS1 XAGUSD.,H4: loaded successfully
2	22:14:33.309	Custom indicator SupResZone_MTF US_OIL,H4: loaded successfully
2	22:14:33.322	Custom indicator SupResZone_MTF US_OIL,H4: loaded successfully
2	22:14:33.337	Custom indicator SupResZone_MTF US_OIL,H4: loaded successfully
2	22:14:33.348	Custom indicator SupResZone_MTF US_OIL,H4: loaded successfully
2	22:14:33.358	Custom indicator MACD-2x US_OIL,H4: loaded successfully
2	22:14:33.450	Custom indicator Laguerre-ACS1 US_OIL,H4: loaded successfully
2	22:14:33.674	Custom indicator SupResZone_MTF JP225,H4: loaded successfully
2	22:14:33.685	Custom indicator SupResZone_MTF JP225,H4: loaded successfully
2	22:14:33.697	Custom indicator SupResZone_MTF JP225,H4: loaded successfully
2	22:14:33.710	Custom indicator SupResZone_MTF JP225,H4: loaded successfully
2	22:14:33.723	Custom indicator MACD-2x JP225,H4: loaded successfully
2	22:14:33.804	Custom indicator Laguerre-ACS1 JP225,H4: loaded successfully
2	22:14:34.038	Custom indicator SupResZone_MTF SPX500,H4: loaded successfully
2	22:14:34.053	Custom indicator SupResZone_MTF SPX500,H4: loaded successfully
2	22:14:34.065	Custom indicator SupResZone_MTF SPX500,H4: loaded successfully
2	22:14:34.078	Custom indicator SupResZone_MTF SPX500,H4: loaded successfully
2	22:14:34.089	Custom indicator MACD-2x SPX500,H4: loaded successfully
2	22:14:34.178	Custom indicator Laguerre-ACS1 SPX500,H4: loaded successfully
2	22:14:34.399	Custom indicator SupResZone_MTF EURAUD.,H4: loaded successfully
2	22:14:34.411	Custom indicator SupResZone_MTF EURAUD.,H4: loaded successfully
2	22:14:34.424	Custom indicator SupResZone_MTF EURAUD.,H4: loaded successfully
2	22:14:34.436	Custom indicator SupResZone_MTF EURAUD.,H4: loaded successfully
2	22:14:34.448	Custom indicator MACD-2x EURAUD.,H4: loaded successfully
2	22:14:34.530	Custom indicator Laguerre-ACS1 EURAUD.,H4: loaded successfully
2	22:14:34.741	Custom indicator SupResZone_MTF AUDJPY.,H4: loaded successfully
2	22:14:34.752	Custom indicator SupResZone_MTF AUDJPY.,H4: loaded successfully
2	22:14:34.764	Custom indicator SupResZone_MTF AUDJPY.,H4: loaded successfully
2	22:14:34.777	Custom indicator SupResZone_MTF AUDJPY.,H4: loaded successfully
2	22:14:34.791	Custom indicator MACD-2x AUDJPY.,H4: loaded successfully
2	22:14:34.880	Custom indicator Laguerre-ACS1 AUDJPY.,H4: loaded successfully
2	22:14:35.080	Custom indicator SupResZone_MTF AUDUSD.,H4: loaded successfully
2	22:14:35.092	Custom indicator SupResZone_MTF AUDUSD.,H4: loaded successfully
2	22:14:35.105	Custom indicator SupResZone_MTF AUDUSD.,H4: loaded successfully
2	22:14:35.117	Custom indicator SupResZone_MTF AUDUSD.,H4: loaded successfully
2	22:14:35.130	Custom indicator MACD-2x AUDUSD.,H4: loaded successfully
2	22:14:35.212	Custom indicator Laguerre-ACS1 AUDUSD.,H4: loaded successfully
2	22:14:35.427	Custom indicator SupResZone_MTF USDJPY.,Daily: loaded successfully
2	22:14:35.439	Custom indicator SupResZone_MTF USDJPY.,Daily: loaded successfully
2	22:14:35.451	Custom indicator SupResZone_MTF USDJPY.,Daily: loaded successfully
2	22:14:35.463	Custom indicator SupResZone_MTF USDJPY.,Daily: loaded successfully
2	22:14:35.474	Custom indicator MACD-2x USDJPY.,Daily: loaded successfully
2	22:14:35.557	Custom indicator Laguerre-ACS1 USDJPY.,Daily: loaded successfully
2	22:14:35.733	Custom indicator SupResZone_MTF EURJPY.,H4: loaded successfully
2	22:14:35.746	Custom indicator SupResZone_MTF EURJPY.,H4: loaded successfully
2	22:14:35.758	Custom indicator SupResZone_MTF EURJPY.,H4: loaded successfully
2	22:14:35.767	Custom indicator SupResZone_MTF EURJPY.,H4: loaded successfully
2	22:14:35.781	Custom indicator MACD-2x EURJPY.,H4: loaded successfully
2	22:14:35.879	Custom indicator Laguerre-ACS1 EURJPY.,H4: loaded successfully
2	22:14:36.160	Custom indicator SupResZone_MTF EURUSD.,H4: loaded successfully
2	22:14:36.171	Custom indicator SupResZone_MTF EURUSD.,H4: loaded successfully
2	22:14:36.183	Custom indicator SupResZone_MTF EURUSD.,H4: loaded successfully
2	22:14:36.196	Custom indicator SupResZone_MTF EURUSD.,H4: loaded successfully
2	22:14:36.207	Custom indicator MACD-2x EURUSD.,H4: loaded successfully
2	22:14:36.324	Custom indicator Laguerre-ACS1 EURUSD.,H4: loaded successfully
2	22:14:36.605	Custom indicator SupResZone_MTF GBPJPY.,H4: loaded successfully
2	22:14:36.621	Custom indicator SupResZone_MTF GBPJPY.,H4: loaded successfully
2	22:14:36.635	Custom indicator SupResZone_MTF GBPJPY.,H4: loaded successfully
2	22:14:36.647	Custom indicator SupResZone_MTF GBPJPY.,H4: loaded successfully
2	22:14:36.663	Custom indicator MACD-2x GBPJPY.,H4: loaded successfully
2	22:14:36.773	Custom indicator Laguerre-ACS1 GBPJPY.,H4: loaded successfully
2	22:14:37.039	Custom indicator SupResZone_MTF GBPUSD.,Daily: loaded successfully
2	22:14:37.049	Custom indicator SupResZone_MTF GBPUSD.,Daily: loaded successfully
2	22:14:37.064	Custom indicator SupResZone_MTF GBPUSD.,Daily: loaded successfully
2	22:14:37.077	Custom indicator SupResZone_MTF GBPUSD.,Daily: loaded successfully
2	22:14:37.090	Custom indicator MACD-2x GBPUSD.,Daily: loaded successfully
2	22:14:37.187	Custom indicator Laguerre-ACS1 GBPUSD.,Daily: loaded successfully
2	22:14:37.382	Custom indicator SupResZone_MTF USDCAD.,Daily: loaded successfully
2	22:14:37.396	Custom indicator SupResZone_MTF USDCAD.,Daily: loaded successfully
2	22:14:37.412	Custom indicator SupResZone_MTF USDCAD.,Daily: loaded successfully
2	22:14:37.423	Custom indicator SupResZone_MTF USDCAD.,Daily: loaded successfully
2	22:14:37.437	Custom indicator MACD-2x USDCAD.,Daily: loaded successfully
2	22:14:37.523	Custom indicator Laguerre-ACS1 USDCAD.,Daily: loaded successfully
2	22:14:37.710	Custom indicator SupResZone_MTF USDCHF.,Daily: loaded successfully
2	22:14:37.722	Custom indicator SupResZone_MTF USDCHF.,Daily: loaded successfully
2	22:14:37.740	Custom indicator SupResZone_MTF USDCHF.,Daily: loaded successfully
2	22:14:37.758	Custom indicator SupResZone_MTF USDCHF.,Daily: loaded successfully
2	22:14:37.776	Custom indicator MACD-2x USDCHF.,Daily: loaded successfully
2	22:14:37.856	Custom indicator Laguerre-ACS1 USDCHF.,Daily: loaded successfully
2	22:14:38.033	Custom indicator MACD-2x USDCNH,Daily: loaded successfully
2	22:14:38.045	Custom indicator MACD-2x USDCNH,Daily: loaded successfully
2	22:14:38.142	Custom indicator Laguerre-ACS1 USDCNH,Daily: loaded successfully
2	22:14:38.221	Custom indicator GMMA Long USDJPY.,H1: loaded successfully
2	22:14:38.237	Custom indicator GMMA Short USDJPY.,H1: loaded successfully
2	22:14:38.249	Custom indicator 23MTF_MovingAverageIGOR USDJPY.,H1: loaded successfully
2	22:14:38.259	Custom indicator 23MTF_MovingAverageIGOR USDJPY.,H1: loaded successfully
2	22:14:38.271	Custom indicator SupResZone_MTF USDJPY.,H1: loaded successfully
2	22:14:38.281	Custom indicator SupResZone_MTF USDJPY.,H1: loaded successfully
2	22:14:38.297	Custom indicator MACD-2x USDJPY.,H1: loaded successfully
2	22:14:38.578	Custom indicator SupResZone_MTF CHINA300,Daily: loaded successfully
2	22:14:38.594	Custom indicator SupResZone_MTF CHINA300,Daily: loaded successfully
2	22:14:38.608	Custom indicator SupResZone_MTF CHINA300,Daily: loaded successfully
2	22:14:38.623	Custom indicator SupResZone_MTF CHINA300,Daily: loaded successfully
2	22:14:38.638	Custom indicator MACD-2x CHINA300,Daily: loaded successfully
2	22:14:38.741	Custom indicator Laguerre-ACS1 CHINA300,Daily: loaded successfully
0	22:14:41.468	'120010550': login on PRC-Live through Server 3 (ping: 123.00 ms)
0	22:14:47.363	'120010550': login datacenter on PRC-Live through Server 3 (ping: 123.00 ms)
0	22:14:47.916	'120010550': previous successful authorization performed from 223.104.177.63
0	22:15:25.160	'120010550': auto connecting to a better access point Server 5 (ping is 95.83 ms)
0	22:15:25.756	'120010550': login on PRC-Live through Server 5 (ping: 95.83 ms)
0	22:15:27.059	'120010550': login datacenter on PRC-Live through Server 5 (ping: 95.83 ms)
0	22:15:27.474	'120010550': previous successful authorization performed from 1.180.18.101
0	23:23:56.078	System to be shutdown, request for close FX Trader
0	23:23:56.406	FX Trader build 1170 stopped because system shutdown
