0	00:52:21.408	FX Trader build 1170 started (Performance Ronnaru Capital Ltd.)
0	00:52:21.409	Windows 10 Home x64, IE 11, UAC, 8 x Intel Core i7-6700HQ  @ 2.60GHz, Memory: 25320 / 32639 Mb, Disk: 138 / 264 Gb, GMT+8
0	00:52:21.409	Data Folder: C:\Users\tiany\AppData\Roaming\MetaQuotes\Terminal\79214103E7A6FC97F86082D309D0B84B
2	00:52:23.877	Custom indicator SupResZone_MTF USDXXX,Daily: loaded successfully
2	00:52:23.889	Custom indicator SupResZone_MTF USDXXX,Daily: loaded successfully
2	00:52:23.900	Custom indicator SupResZone_MTF USDXXX,Daily: loaded successfully
2	00:52:23.911	Custom indicator SupResZone_MTF USDXXX,Daily: loaded successfully
2	00:52:23.924	Custom indicator MACD-2x USDXXX,Daily: loaded successfully
2	00:52:24.002	Custom indicator Laguerre-ACS1 USDXXX,Daily: loaded successfully
2	00:52:24.150	Custom indicator SupResZone_MTF XAUUSD.,H4: loaded successfully
2	00:52:24.160	Custom indicator SupResZone_MTF XAUUSD.,H4: loaded successfully
2	00:52:24.173	Custom indicator SupResZone_MTF XAUUSD.,H4: loaded successfully
2	00:52:24.183	Custom indicator SupResZone_MTF XAUUSD.,H4: loaded successfully
2	00:52:24.196	Custom indicator MACD-2x XAUUSD.,H4: loaded successfully
2	00:52:24.274	Custom indicator Laguerre-ACS1 XAUUSD.,H4: loaded successfully
2	00:52:24.561	Custom indicator SupResZone_MTF XAGUSD.,H4: loaded successfully
2	00:52:24.574	Custom indicator SupResZone_MTF XAGUSD.,H4: loaded successfully
2	00:52:24.588	Custom indicator SupResZone_MTF XAGUSD.,H4: loaded successfully
2	00:52:24.598	Custom indicator SupResZone_MTF XAGUSD.,H4: loaded successfully
2	00:52:24.610	Custom indicator MACD-2x XAGUSD.,H4: loaded successfully
2	00:52:24.686	Custom indicator Laguerre-ACS1 XAGUSD.,H4: loaded successfully
2	00:52:24.935	Custom indicator SupResZone_MTF US_OIL,H4: loaded successfully
2	00:52:24.949	Custom indicator SupResZone_MTF US_OIL,H4: loaded successfully
2	00:52:24.960	Custom indicator SupResZone_MTF US_OIL,H4: loaded successfully
2	00:52:24.970	Custom indicator SupResZone_MTF US_OIL,H4: loaded successfully
2	00:52:24.982	Custom indicator MACD-2x US_OIL,H4: loaded successfully
2	00:52:25.060	Custom indicator Laguerre-ACS1 US_OIL,H4: loaded successfully
2	00:52:25.337	Custom indicator SupResZone_MTF JP225,H4: loaded successfully
2	00:52:25.349	Custom indicator SupResZone_MTF JP225,H4: loaded successfully
2	00:52:25.359	Custom indicator SupResZone_MTF JP225,H4: loaded successfully
2	00:52:25.371	Custom indicator SupResZone_MTF JP225,H4: loaded successfully
2	00:52:25.382	Custom indicator MACD-2x JP225,H4: loaded successfully
2	00:52:25.464	Custom indicator Laguerre-ACS1 JP225,H4: loaded successfully
2	00:52:25.766	Custom indicator SupResZone_MTF SPX500,H4: loaded successfully
2	00:52:25.778	Custom indicator SupResZone_MTF SPX500,H4: loaded successfully
2	00:52:25.789	Custom indicator SupResZone_MTF SPX500,H4: loaded successfully
2	00:52:25.801	Custom indicator SupResZone_MTF SPX500,H4: loaded successfully
2	00:52:25.810	Custom indicator MACD-2x SPX500,H4: loaded successfully
2	00:52:25.886	Custom indicator Laguerre-ACS1 SPX500,H4: loaded successfully
2	00:52:26.240	Custom indicator SupResZone_MTF EURAUD.,H4: loaded successfully
2	00:52:26.252	Custom indicator SupResZone_MTF EURAUD.,H4: loaded successfully
2	00:52:26.265	Custom indicator SupResZone_MTF EURAUD.,H4: loaded successfully
2	00:52:26.277	Custom indicator SupResZone_MTF EURAUD.,H4: loaded successfully
2	00:52:26.289	Custom indicator MACD-2x EURAUD.,H4: loaded successfully
2	00:52:26.366	Custom indicator Laguerre-ACS1 EURAUD.,H4: loaded successfully
2	00:52:26.649	Custom indicator SupResZone_MTF AUDJPY.,H4: loaded successfully
2	00:52:26.660	Custom indicator SupResZone_MTF AUDJPY.,H4: loaded successfully
2	00:52:26.671	Custom indicator SupResZone_MTF AUDJPY.,H4: loaded successfully
2	00:52:26.683	Custom indicator SupResZone_MTF AUDJPY.,H4: loaded successfully
2	00:52:26.693	Custom indicator MACD-2x AUDJPY.,H4: loaded successfully
2	00:52:26.790	Custom indicator Laguerre-ACS1 AUDJPY.,H4: loaded successfully
2	00:52:27.063	Custom indicator SupResZone_MTF AUDUSD.,H4: loaded successfully
2	00:52:27.077	Custom indicator SupResZone_MTF AUDUSD.,H4: loaded successfully
2	00:52:27.089	Custom indicator SupResZone_MTF AUDUSD.,H4: loaded successfully
2	00:52:27.101	Custom indicator SupResZone_MTF AUDUSD.,H4: loaded successfully
2	00:52:27.111	Custom indicator MACD-2x AUDUSD.,H4: loaded successfully
2	00:52:27.197	Custom indicator Laguerre-ACS1 AUDUSD.,H4: loaded successfully
2	00:52:27.492	Custom indicator SupResZone_MTF USDJPY.,H4: loaded successfully
2	00:52:27.504	Custom indicator SupResZone_MTF USDJPY.,H4: loaded successfully
2	00:52:27.517	Custom indicator SupResZone_MTF USDJPY.,H4: loaded successfully
2	00:52:27.530	Custom indicator SupResZone_MTF USDJPY.,H4: loaded successfully
2	00:52:27.542	Custom indicator MACD-2x USDJPY.,H4: loaded successfully
2	00:52:27.623	Custom indicator Laguerre-ACS1 USDJPY.,H4: loaded successfully
2	00:52:27.867	Custom indicator SupResZone_MTF EURJPY.,H4: loaded successfully
2	00:52:27.878	Custom indicator SupResZone_MTF EURJPY.,H4: loaded successfully
2	00:52:27.890	Custom indicator SupResZone_MTF EURJPY.,H4: loaded successfully
2	00:52:27.901	Custom indicator SupResZone_MTF EURJPY.,H4: loaded successfully
2	00:52:27.912	Custom indicator MACD-2x EURJPY.,H4: loaded successfully
2	00:52:27.986	Custom indicator Laguerre-ACS1 EURJPY.,H4: loaded successfully
2	00:52:28.276	Custom indicator SupResZone_MTF EURUSD.,H4: loaded successfully
2	00:52:28.288	Custom indicator SupResZone_MTF EURUSD.,H4: loaded successfully
2	00:52:28.299	Custom indicator SupResZone_MTF EURUSD.,H4: loaded successfully
2	00:52:28.311	Custom indicator SupResZone_MTF EURUSD.,H4: loaded successfully
2	00:52:28.322	Custom indicator MACD-2x EURUSD.,H4: loaded successfully
2	00:52:28.400	Custom indicator Laguerre-ACS1 EURUSD.,H4: loaded successfully
2	00:52:28.657	Custom indicator SupResZone_MTF GBPJPY.,H4: loaded successfully
2	00:52:28.669	Custom indicator SupResZone_MTF GBPJPY.,H4: loaded successfully
2	00:52:28.681	Custom indicator SupResZone_MTF GBPJPY.,H4: loaded successfully
2	00:52:28.692	Custom indicator SupResZone_MTF GBPJPY.,H4: loaded successfully
2	00:52:28.702	Custom indicator MACD-2x GBPJPY.,H4: loaded successfully
2	00:52:28.775	Custom indicator Laguerre-ACS1 GBPJPY.,H4: loaded successfully
2	00:52:29.005	Custom indicator SupResZone_MTF GBPUSD.,H4: loaded successfully
2	00:52:29.017	Custom indicator SupResZone_MTF GBPUSD.,H4: loaded successfully
2	00:52:29.028	Custom indicator SupResZone_MTF GBPUSD.,H4: loaded successfully
2	00:52:29.041	Custom indicator SupResZone_MTF GBPUSD.,H4: loaded successfully
2	00:52:29.051	Custom indicator MACD-2x GBPUSD.,H4: loaded successfully
2	00:52:29.130	Custom indicator Laguerre-ACS1 GBPUSD.,H4: loaded successfully
2	00:52:29.475	Custom indicator SupResZone_MTF USDCAD.,H4: loaded successfully
2	00:52:29.486	Custom indicator SupResZone_MTF USDCAD.,H4: loaded successfully
2	00:52:29.497	Custom indicator SupResZone_MTF USDCAD.,H4: loaded successfully
2	00:52:29.511	Custom indicator SupResZone_MTF USDCAD.,H4: loaded successfully
2	00:52:29.524	Custom indicator MACD-2x USDCAD.,H4: loaded successfully
2	00:52:29.600	Custom indicator Laguerre-ACS1 USDCAD.,H4: loaded successfully
2	00:52:29.868	Custom indicator SupResZone_MTF USDCHF.,H4: loaded successfully
2	00:52:29.881	Custom indicator SupResZone_MTF USDCHF.,H4: loaded successfully
2	00:52:29.894	Custom indicator SupResZone_MTF USDCHF.,H4: loaded successfully
2	00:52:29.904	Custom indicator SupResZone_MTF USDCHF.,H4: loaded successfully
2	00:52:29.915	Custom indicator MACD-2x USDCHF.,H4: loaded successfully
2	00:52:29.990	Custom indicator Laguerre-ACS1 USDCHF.,H4: loaded successfully
2	00:52:30.276	Custom indicator SupResZone_MTF USDCNH,Daily: loaded successfully
2	00:52:30.288	Custom indicator SupResZone_MTF USDCNH,Daily: loaded successfully
2	00:52:30.298	Custom indicator SupResZone_MTF USDCNH,Daily: loaded successfully
2	00:52:30.310	Custom indicator SupResZone_MTF USDCNH,Daily: loaded successfully
2	00:52:30.319	Custom indicator MACD-2x USDCNH,Daily: loaded successfully
2	00:52:30.398	Custom indicator Laguerre-ACS1 USDCNH,Daily: loaded successfully
2	00:52:30.647	Custom indicator GMMA Long USDJPY.,H4: loaded successfully
2	00:52:30.656	Custom indicator GMMA Short USDJPY.,H4: loaded successfully
2	00:52:30.665	Custom indicator 23MTF_MovingAverageIGOR USDJPY.,H4: loaded successfully
2	00:52:30.673	Custom indicator 23MTF_MovingAverageIGOR USDJPY.,H4: loaded successfully
2	00:52:30.689	Custom indicator SupResZone_MTF USDJPY.,H4: loaded successfully
2	00:52:30.701	Custom indicator SupResZone_MTF USDJPY.,H4: loaded successfully
2	00:52:30.711	Custom indicator MACD-2x USDJPY.,H4: loaded successfully
2	00:52:30.960	Custom indicator SupResZone_MTF CHINA300,Daily: loaded successfully
2	00:52:30.970	Custom indicator SupResZone_MTF CHINA300,Daily: loaded successfully
2	00:52:30.983	Custom indicator SupResZone_MTF CHINA300,Daily: loaded successfully
2	00:52:30.994	Custom indicator SupResZone_MTF CHINA300,Daily: loaded successfully
2	00:52:31.004	Custom indicator MACD-2x CHINA300,Daily: loaded successfully
2	00:52:31.085	Custom indicator Laguerre-ACS1 CHINA300,Daily: loaded successfully
0	00:52:35.078	'120010550': login on PRC-Live through Server 5 (ping: 98.80 ms)
0	00:52:36.230	'120010550': login datacenter on PRC-Live through Server 5 (ping: 98.80 ms)
0	00:52:36.556	'120010550': previous successful authorization performed from 101.131.181.23
0	00:53:07.587	'120010550': ping to current access point Server 5 is 93.85 ms
0	00:55:04.322	'120010550': pending order buy limit 0.01 AUDJPY. at 74.466 sl: 0.000 tp: 0.000
0	00:55:05.136	'120010550': order was opened : #11046899 buy limit 0.01 AUDJPY. at 74.466 sl: 0.000 tp: 0.000
0	00:55:12.599	'120010550': order buy market 0.02 AUDJPY. sl: 0.000 tp: 0.000
0	00:55:13.150	'120010550': order was opened : #11046901 buy 0.02 AUDJPY. at 75.289 sl: 0.000 tp: 0.000
0	00:56:00.608	'120010550': modify order #11033727 buy 0.01 EURUSD. at 1.13924 sl: 1.13200 tp: 1.13924 -> sl: 1.13200 tp: 1.14149
0	00:56:00.869	'120010550': order #11033727 buy 0.01 EURUSD. at 1.13924 was modified -> sl: 1.13200 tp: 1.14149
0	00:56:05.591	'120010550': modify order #11036520 buy 0.02 EURUSD. at 1.14066 sl: 0.00000 tp: 1.14000 -> sl: 0.00000 tp: 1.14231
0	00:56:06.276	'120010550': order #11036520 buy 0.02 EURUSD. at 1.14066 was modified -> sl: 0.00000 tp: 1.14231
0	00:56:11.257	'120010550': modify order #11033727 buy 0.01 EURUSD. at 1.13924 sl: 1.13200 tp: 1.14149 -> sl: 1.13200 tp: 1.14215
0	00:56:11.667	'120010550': order #11033727 buy 0.01 EURUSD. at 1.13924 was modified -> sl: 1.13200 tp: 1.14215
0	00:56:22.884	'120010550': modify order #11036520 buy 0.02 EURUSD. at 1.14066 sl: 0.00000 tp: 1.14231 -> sl: 0.00000 tp: 1.14084
0	00:56:23.558	'120010550': order #11036520 buy 0.02 EURUSD. at 1.14066 was modified -> sl: 0.00000 tp: 1.14084
2	00:57:15.984	Custom indicator SupResZone_MTF USDXXX,Daily: removed
2	00:57:15.986	Custom indicator SupResZone_MTF USDXXX,Daily: removed
2	00:57:15.988	Custom indicator SupResZone_MTF USDXXX,Daily: removed
2	00:57:15.990	Custom indicator SupResZone_MTF USDXXX,Daily: removed
2	00:57:15.992	Custom indicator MACD-2x USDXXX,Daily: removed
2	00:57:15.992	Custom indicator Laguerre-ACS1 USDXXX,Daily: removed
2	00:57:16.125	Custom indicator SupResZone_MTF XAUUSD.,H4: removed
2	00:57:16.128	Custom indicator SupResZone_MTF XAUUSD.,H4: removed
2	00:57:16.129	Custom indicator SupResZone_MTF XAUUSD.,H4: removed
2	00:57:16.131	Custom indicator SupResZone_MTF XAUUSD.,H4: removed
2	00:57:16.133	Custom indicator MACD-2x XAUUSD.,H4: removed
2	00:57:16.134	Custom indicator Laguerre-ACS1 XAUUSD.,H4: removed
2	00:57:16.171	Custom indicator SupResZone_MTF XAGUSD.,H4: removed
2	00:57:16.173	Custom indicator SupResZone_MTF XAGUSD.,H4: removed
2	00:57:16.176	Custom indicator SupResZone_MTF XAGUSD.,H4: removed
2	00:57:16.178	Custom indicator SupResZone_MTF XAGUSD.,H4: removed
2	00:57:16.180	Custom indicator MACD-2x XAGUSD.,H4: removed
2	00:57:16.180	Custom indicator Laguerre-ACS1 XAGUSD.,H4: removed
2	00:57:16.207	Custom indicator SupResZone_MTF US_OIL,H4: removed
2	00:57:16.208	Custom indicator SupResZone_MTF US_OIL,H4: removed
2	00:57:16.210	Custom indicator SupResZone_MTF US_OIL,H4: removed
2	00:57:16.212	Custom indicator SupResZone_MTF US_OIL,H4: removed
2	00:57:16.214	Custom indicator MACD-2x US_OIL,H4: removed
2	00:57:16.214	Custom indicator Laguerre-ACS1 US_OIL,H4: removed
2	00:57:16.240	Custom indicator SupResZone_MTF JP225,H4: removed
2	00:57:16.241	Custom indicator SupResZone_MTF JP225,H4: removed
2	00:57:16.243	Custom indicator SupResZone_MTF JP225,H4: removed
2	00:57:16.245	Custom indicator SupResZone_MTF JP225,H4: removed
2	00:57:16.247	Custom indicator MACD-2x JP225,H4: removed
2	00:57:16.247	Custom indicator Laguerre-ACS1 JP225,H4: removed
2	00:57:16.282	Custom indicator SupResZone_MTF SPX500,H4: removed
2	00:57:16.285	Custom indicator SupResZone_MTF SPX500,H4: removed
2	00:57:16.288	Custom indicator SupResZone_MTF SPX500,H4: removed
2	00:57:16.289	Custom indicator SupResZone_MTF SPX500,H4: removed
2	00:57:16.292	Custom indicator MACD-2x SPX500,H4: removed
2	00:57:16.292	Custom indicator Laguerre-ACS1 SPX500,H4: removed
2	00:57:16.317	Custom indicator SupResZone_MTF EURAUD.,H4: removed
2	00:57:16.319	Custom indicator SupResZone_MTF EURAUD.,H4: removed
2	00:57:16.320	Custom indicator SupResZone_MTF EURAUD.,H4: removed
2	00:57:16.322	Custom indicator SupResZone_MTF EURAUD.,H4: removed
2	00:57:16.324	Custom indicator MACD-2x EURAUD.,H4: removed
2	00:57:16.324	Custom indicator Laguerre-ACS1 EURAUD.,H4: removed
2	00:57:16.351	Custom indicator SupResZone_MTF AUDJPY.,H4: removed
2	00:57:16.353	Custom indicator SupResZone_MTF AUDJPY.,H4: removed
2	00:57:16.354	Custom indicator SupResZone_MTF AUDJPY.,H4: removed
2	00:57:16.356	Custom indicator SupResZone_MTF AUDJPY.,H4: removed
2	00:57:16.358	Custom indicator MACD-2x AUDJPY.,H4: removed
2	00:57:16.358	Custom indicator Laguerre-ACS1 AUDJPY.,H4: removed
2	00:57:16.382	Custom indicator SupResZone_MTF AUDUSD.,H4: removed
2	00:57:16.384	Custom indicator SupResZone_MTF AUDUSD.,H4: removed
2	00:57:16.386	Custom indicator SupResZone_MTF AUDUSD.,H4: removed
2	00:57:16.387	Custom indicator SupResZone_MTF AUDUSD.,H4: removed
2	00:57:16.390	Custom indicator MACD-2x AUDUSD.,H4: removed
2	00:57:16.390	Custom indicator Laguerre-ACS1 AUDUSD.,H4: removed
2	00:57:16.415	Custom indicator SupResZone_MTF USDJPY.,H4: removed
2	00:57:16.417	Custom indicator SupResZone_MTF USDJPY.,H4: removed
2	00:57:16.419	Custom indicator SupResZone_MTF USDJPY.,H4: removed
2	00:57:16.420	Custom indicator SupResZone_MTF USDJPY.,H4: removed
2	00:57:16.422	Custom indicator MACD-2x USDJPY.,H4: removed
2	00:57:16.423	Custom indicator Laguerre-ACS1 USDJPY.,H4: removed
2	00:57:16.447	Custom indicator SupResZone_MTF EURJPY.,H4: removed
2	00:57:16.448	Custom indicator SupResZone_MTF EURJPY.,H4: removed
2	00:57:16.450	Custom indicator SupResZone_MTF EURJPY.,H4: removed
2	00:57:16.451	Custom indicator SupResZone_MTF EURJPY.,H4: removed
2	00:57:16.453	Custom indicator MACD-2x EURJPY.,H4: removed
2	00:57:16.453	Custom indicator Laguerre-ACS1 EURJPY.,H4: removed
2	00:57:16.476	Custom indicator SupResZone_MTF EURUSD.,H4: removed
2	00:57:16.478	Custom indicator SupResZone_MTF EURUSD.,H4: removed
2	00:57:16.480	Custom indicator SupResZone_MTF EURUSD.,H4: removed
2	00:57:16.482	Custom indicator SupResZone_MTF EURUSD.,H4: removed
2	00:57:16.483	Custom indicator MACD-2x EURUSD.,H4: removed
2	00:57:16.483	Custom indicator Laguerre-ACS1 EURUSD.,H4: removed
2	00:57:16.505	Custom indicator SupResZone_MTF GBPJPY.,H4: removed
2	00:57:16.507	Custom indicator SupResZone_MTF GBPJPY.,H4: removed
2	00:57:16.508	Custom indicator SupResZone_MTF GBPJPY.,H4: removed
2	00:57:16.510	Custom indicator SupResZone_MTF GBPJPY.,H4: removed
2	00:57:16.512	Custom indicator MACD-2x GBPJPY.,H4: removed
2	00:57:16.512	Custom indicator Laguerre-ACS1 GBPJPY.,H4: removed
2	00:57:16.532	Custom indicator SupResZone_MTF GBPUSD.,H4: removed
2	00:57:16.535	Custom indicator SupResZone_MTF GBPUSD.,H4: removed
2	00:57:16.537	Custom indicator SupResZone_MTF GBPUSD.,H4: removed
2	00:57:16.538	Custom indicator SupResZone_MTF GBPUSD.,H4: removed
2	00:57:16.540	Custom indicator MACD-2x GBPUSD.,H4: removed
2	00:57:16.540	Custom indicator Laguerre-ACS1 GBPUSD.,H4: removed
2	00:57:16.545	Custom indicator SupResZone_MTF USDCAD.,H4: removed
2	00:57:16.547	Custom indicator SupResZone_MTF USDCAD.,H4: removed
2	00:57:16.548	Custom indicator SupResZone_MTF USDCAD.,H4: removed
2	00:57:16.551	Custom indicator SupResZone_MTF USDCAD.,H4: removed
2	00:57:16.552	Custom indicator MACD-2x USDCAD.,H4: removed
2	00:57:16.552	Custom indicator Laguerre-ACS1 USDCAD.,H4: removed
2	00:57:16.558	Custom indicator SupResZone_MTF USDCHF.,H4: removed
2	00:57:16.559	Custom indicator SupResZone_MTF USDCHF.,H4: removed
2	00:57:16.561	Custom indicator SupResZone_MTF USDCHF.,H4: removed
2	00:57:16.562	Custom indicator SupResZone_MTF USDCHF.,H4: removed
2	00:57:16.564	Custom indicator MACD-2x USDCHF.,H4: removed
2	00:57:16.564	Custom indicator Laguerre-ACS1 USDCHF.,H4: removed
2	00:57:16.570	Custom indicator SupResZone_MTF USDCNH,Daily: removed
2	00:57:16.572	Custom indicator SupResZone_MTF USDCNH,Daily: removed
2	00:57:16.574	Custom indicator SupResZone_MTF USDCNH,Daily: removed
2	00:57:16.575	Custom indicator SupResZone_MTF USDCNH,Daily: removed
2	00:57:16.577	Custom indicator MACD-2x USDCNH,Daily: removed
2	00:57:16.577	Custom indicator Laguerre-ACS1 USDCNH,Daily: removed
2	00:57:16.593	Custom indicator GMMA Long USDJPY.,H4: removed
2	00:57:16.595	Custom indicator GMMA Short USDJPY.,H4: removed
2	00:57:16.596	Custom indicator 23MTF_MovingAverageIGOR USDJPY.,H4: removed
2	00:57:16.599	Custom indicator 23MTF_MovingAverageIGOR USDJPY.,H4: removed
2	00:57:16.601	Custom indicator SupResZone_MTF USDJPY.,H4: removed
2	00:57:16.602	Custom indicator SupResZone_MTF USDJPY.,H4: removed
2	00:57:16.604	Custom indicator MACD-2x USDJPY.,H4: removed
2	00:57:16.615	Custom indicator SupResZone_MTF CHINA300,Daily: removed
2	00:57:16.617	Custom indicator SupResZone_MTF CHINA300,Daily: removed
2	00:57:16.618	Custom indicator SupResZone_MTF CHINA300,Daily: removed
2	00:57:16.620	Custom indicator SupResZone_MTF CHINA300,Daily: removed
2	00:57:16.621	Custom indicator MACD-2x CHINA300,Daily: removed
2	00:57:16.621	Custom indicator Laguerre-ACS1 CHINA300,Daily: removed
0	00:57:17.051	FX Trader build 1170 stopped
0	21:59:32.305	FX Trader build 1170 started (Performance Ronnaru Capital Ltd.)
0	21:59:32.306	Windows 10 Home x64, IE 11, UAC, 8 x Intel Core i7-6700HQ  @ 2.60GHz, Memory: 26813 / 32639 Mb, Disk: 138 / 264 Gb, GMT+8
0	21:59:32.306	Data Folder: C:\Users\tiany\AppData\Roaming\MetaQuotes\Terminal\79214103E7A6FC97F86082D309D0B84B
2	21:59:34.587	Custom indicator SupResZone_MTF USDXXX,Daily: loaded successfully
2	21:59:34.598	Custom indicator SupResZone_MTF USDXXX,Daily: loaded successfully
2	21:59:34.608	Custom indicator SupResZone_MTF USDXXX,Daily: loaded successfully
2	21:59:34.621	Custom indicator SupResZone_MTF USDXXX,Daily: loaded successfully
2	21:59:34.632	Custom indicator MACD-2x USDXXX,Daily: loaded successfully
2	21:59:34.707	Custom indicator Laguerre-ACS1 USDXXX,Daily: loaded successfully
2	21:59:34.861	Custom indicator SupResZone_MTF XAUUSD.,H4: loaded successfully
2	21:59:34.872	Custom indicator SupResZone_MTF XAUUSD.,H4: loaded successfully
2	21:59:34.883	Custom indicator SupResZone_MTF XAUUSD.,H4: loaded successfully
2	21:59:34.894	Custom indicator SupResZone_MTF XAUUSD.,H4: loaded successfully
2	21:59:34.904	Custom indicator MACD-2x XAUUSD.,H4: loaded successfully
2	21:59:34.974	Custom indicator Laguerre-ACS1 XAUUSD.,H4: loaded successfully
2	21:59:35.181	Custom indicator SupResZone_MTF XAGUSD.,H4: loaded successfully
2	21:59:35.192	Custom indicator SupResZone_MTF XAGUSD.,H4: loaded successfully
2	21:59:35.202	Custom indicator SupResZone_MTF XAGUSD.,H4: loaded successfully
2	21:59:35.212	Custom indicator SupResZone_MTF XAGUSD.,H4: loaded successfully
2	21:59:35.222	Custom indicator MACD-2x XAGUSD.,H4: loaded successfully
2	21:59:35.291	Custom indicator Laguerre-ACS1 XAGUSD.,H4: loaded successfully
2	21:59:35.514	Custom indicator SupResZone_MTF US_OIL,H4: loaded successfully
2	21:59:35.527	Custom indicator SupResZone_MTF US_OIL,H4: loaded successfully
2	21:59:35.537	Custom indicator SupResZone_MTF US_OIL,H4: loaded successfully
2	21:59:35.547	Custom indicator SupResZone_MTF US_OIL,H4: loaded successfully
2	21:59:35.558	Custom indicator MACD-2x US_OIL,H4: loaded successfully
2	21:59:35.636	Custom indicator Laguerre-ACS1 US_OIL,H4: loaded successfully
2	21:59:35.835	Custom indicator SupResZone_MTF JP225,H4: loaded successfully
2	21:59:35.845	Custom indicator SupResZone_MTF JP225,H4: loaded successfully
2	21:59:35.855	Custom indicator SupResZone_MTF JP225,H4: loaded successfully
2	21:59:35.864	Custom indicator SupResZone_MTF JP225,H4: loaded successfully
2	21:59:35.874	Custom indicator MACD-2x JP225,H4: loaded successfully
2	21:59:35.944	Custom indicator Laguerre-ACS1 JP225,H4: loaded successfully
2	21:59:36.244	Custom indicator SupResZone_MTF SPX500,H4: loaded successfully
2	21:59:36.256	Custom indicator SupResZone_MTF SPX500,H4: loaded successfully
2	21:59:36.267	Custom indicator SupResZone_MTF SPX500,H4: loaded successfully
2	21:59:36.278	Custom indicator SupResZone_MTF SPX500,H4: loaded successfully
2	21:59:36.289	Custom indicator MACD-2x SPX500,H4: loaded successfully
2	21:59:36.362	Custom indicator Laguerre-ACS1 SPX500,H4: loaded successfully
2	21:59:36.570	Custom indicator SupResZone_MTF EURAUD.,H4: loaded successfully
2	21:59:36.582	Custom indicator SupResZone_MTF EURAUD.,H4: loaded successfully
2	21:59:36.592	Custom indicator SupResZone_MTF EURAUD.,H4: loaded successfully
2	21:59:36.603	Custom indicator SupResZone_MTF EURAUD.,H4: loaded successfully
2	21:59:36.615	Custom indicator MACD-2x EURAUD.,H4: loaded successfully
2	21:59:36.692	Custom indicator Laguerre-ACS1 EURAUD.,H4: loaded successfully
2	21:59:36.886	Custom indicator SupResZone_MTF AUDJPY.,H4: loaded successfully
2	21:59:36.895	Custom indicator SupResZone_MTF AUDJPY.,H4: loaded successfully
2	21:59:36.906	Custom indicator SupResZone_MTF AUDJPY.,H4: loaded successfully
2	21:59:36.916	Custom indicator SupResZone_MTF AUDJPY.,H4: loaded successfully
2	21:59:36.925	Custom indicator MACD-2x AUDJPY.,H4: loaded successfully
2	21:59:37.005	Custom indicator Laguerre-ACS1 AUDJPY.,H4: loaded successfully
2	21:59:37.185	Custom indicator SupResZone_MTF AUDUSD.,H4: loaded successfully
2	21:59:37.196	Custom indicator SupResZone_MTF AUDUSD.,H4: loaded successfully
2	21:59:37.208	Custom indicator SupResZone_MTF AUDUSD.,H4: loaded successfully
2	21:59:37.217	Custom indicator SupResZone_MTF AUDUSD.,H4: loaded successfully
2	21:59:37.229	Custom indicator MACD-2x AUDUSD.,H4: loaded successfully
2	21:59:37.298	Custom indicator Laguerre-ACS1 AUDUSD.,H4: loaded successfully
2	21:59:37.483	Custom indicator SupResZone_MTF USDJPY.,H4: loaded successfully
2	21:59:37.493	Custom indicator SupResZone_MTF USDJPY.,H4: loaded successfully
2	21:59:37.505	Custom indicator SupResZone_MTF USDJPY.,H4: loaded successfully
2	21:59:37.514	Custom indicator SupResZone_MTF USDJPY.,H4: loaded successfully
2	21:59:37.525	Custom indicator MACD-2x USDJPY.,H4: loaded successfully
2	21:59:37.598	Custom indicator Laguerre-ACS1 USDJPY.,H4: loaded successfully
2	21:59:37.814	Custom indicator SupResZone_MTF EURJPY.,H4: loaded successfully
2	21:59:37.826	Custom indicator SupResZone_MTF EURJPY.,H4: loaded successfully
2	21:59:37.836	Custom indicator SupResZone_MTF EURJPY.,H4: loaded successfully
2	21:59:37.846	Custom indicator SupResZone_MTF EURJPY.,H4: loaded successfully
2	21:59:37.856	Custom indicator MACD-2x EURJPY.,H4: loaded successfully
2	21:59:37.924	Custom indicator Laguerre-ACS1 EURJPY.,H4: loaded successfully
2	21:59:38.153	Custom indicator SupResZone_MTF EURUSD.,H4: loaded successfully
2	21:59:38.163	Custom indicator SupResZone_MTF EURUSD.,H4: loaded successfully
2	21:59:38.173	Custom indicator SupResZone_MTF EURUSD.,H4: loaded successfully
2	21:59:38.183	Custom indicator SupResZone_MTF EURUSD.,H4: loaded successfully
2	21:59:38.193	Custom indicator MACD-2x EURUSD.,H4: loaded successfully
2	21:59:38.261	Custom indicator Laguerre-ACS1 EURUSD.,H4: loaded successfully
2	21:59:38.526	Custom indicator SupResZone_MTF GBPJPY.,H4: loaded successfully
2	21:59:38.543	Custom indicator SupResZone_MTF GBPJPY.,H4: loaded successfully
2	21:59:38.553	Custom indicator SupResZone_MTF GBPJPY.,H4: loaded successfully
2	21:59:38.562	Custom indicator SupResZone_MTF GBPJPY.,H4: loaded successfully
2	21:59:38.572	Custom indicator MACD-2x GBPJPY.,H4: loaded successfully
2	21:59:38.639	Custom indicator Laguerre-ACS1 GBPJPY.,H4: loaded successfully
2	21:59:38.894	Custom indicator SupResZone_MTF GBPUSD.,H4: loaded successfully
2	21:59:38.918	Custom indicator SupResZone_MTF GBPUSD.,H4: loaded successfully
2	21:59:38.931	Custom indicator SupResZone_MTF GBPUSD.,H4: loaded successfully
2	21:59:38.941	Custom indicator SupResZone_MTF GBPUSD.,H4: loaded successfully
2	21:59:38.952	Custom indicator MACD-2x GBPUSD.,H4: loaded successfully
2	21:59:39.021	Custom indicator Laguerre-ACS1 GBPUSD.,H4: loaded successfully
2	21:59:39.226	Custom indicator SupResZone_MTF USDCAD.,H4: loaded successfully
2	21:59:39.237	Custom indicator SupResZone_MTF USDCAD.,H4: loaded successfully
2	21:59:39.247	Custom indicator SupResZone_MTF USDCAD.,H4: loaded successfully
2	21:59:39.258	Custom indicator SupResZone_MTF USDCAD.,H4: loaded successfully
2	21:59:39.267	Custom indicator MACD-2x USDCAD.,H4: loaded successfully
2	21:59:39.337	Custom indicator Laguerre-ACS1 USDCAD.,H4: loaded successfully
2	21:59:39.539	Custom indicator SupResZone_MTF USDCHF.,H4: loaded successfully
2	21:59:39.549	Custom indicator SupResZone_MTF USDCHF.,H4: loaded successfully
2	21:59:39.558	Custom indicator SupResZone_MTF USDCHF.,H4: loaded successfully
2	21:59:39.569	Custom indicator SupResZone_MTF USDCHF.,H4: loaded successfully
2	21:59:39.578	Custom indicator MACD-2x USDCHF.,H4: loaded successfully
2	21:59:39.647	Custom indicator Laguerre-ACS1 USDCHF.,H4: loaded successfully
2	21:59:39.854	Custom indicator SupResZone_MTF USDCNH,Daily: loaded successfully
2	21:59:39.864	Custom indicator SupResZone_MTF USDCNH,Daily: loaded successfully
2	21:59:39.874	Custom indicator SupResZone_MTF USDCNH,Daily: loaded successfully
2	21:59:39.883	Custom indicator SupResZone_MTF USDCNH,Daily: loaded successfully
2	21:59:39.893	Custom indicator MACD-2x USDCNH,Daily: loaded successfully
2	21:59:39.968	Custom indicator Laguerre-ACS1 USDCNH,Daily: loaded successfully
2	21:59:40.173	Custom indicator GMMA Long USDJPY.,H4: loaded successfully
2	21:59:40.183	Custom indicator GMMA Short USDJPY.,H4: loaded successfully
2	21:59:40.192	Custom indicator 23MTF_MovingAverageIGOR USDJPY.,H4: loaded successfully
2	21:59:40.199	Custom indicator 23MTF_MovingAverageIGOR USDJPY.,H4: loaded successfully
2	21:59:40.210	Custom indicator SupResZone_MTF USDJPY.,H4: loaded successfully
2	21:59:40.220	Custom indicator SupResZone_MTF USDJPY.,H4: loaded successfully
2	21:59:40.230	Custom indicator MACD-2x USDJPY.,H4: loaded successfully
2	21:59:40.421	Custom indicator SupResZone_MTF CHINA300,Daily: loaded successfully
2	21:59:40.431	Custom indicator SupResZone_MTF CHINA300,Daily: loaded successfully
2	21:59:40.441	Custom indicator SupResZone_MTF CHINA300,Daily: loaded successfully
2	21:59:40.452	Custom indicator SupResZone_MTF CHINA300,Daily: loaded successfully
2	21:59:40.461	Custom indicator MACD-2x CHINA300,Daily: loaded successfully
2	21:59:40.530	Custom indicator Laguerre-ACS1 CHINA300,Daily: loaded successfully
0	21:59:42.566	'120010550': login on PRC-Live through Server 5 (ping: 93.85 ms)
0	21:59:44.041	'120010550': login datacenter on PRC-Live through Server 5 (ping: 93.85 ms)
0	21:59:44.450	'120010550': previous successful authorization performed from 223.104.237.105
0	22:00:22.415	'120010550': ping to current access point Server 5 is 96.04 ms
0	22:03:39.963	'120010550': pending order buy stop 0.01 US_OIL at 61.00 sl: 0.00 tp: 0.00
0	22:03:40.443	'120010550': order was opened : #11050246 buy stop 0.01 US_OIL at 61.00 sl: 0.00 tp: 0.00
0	22:03:46.572	'120010550': modify pending order #11050246 buy stop 0.01 US_OIL at 61.00 sl: 0.00 tp: 0.00 -> price: 60.67 sl: 0.00 tp: 0.00
0	22:03:47.066	'120010550': pending order #11050246 buy stop 0.01 US_OIL was modified -> price: 60.67 sl: 0.00 tp: 0.00
0	22:03:49.844	'120010550': modify pending order #11050246 buy stop 0.01 US_OIL at 60.67 sl: 0.00 tp: 0.00 -> price: 60.53 sl: 0.00 tp: 0.00
0	22:03:51.062	'120010550': pending order #11050246 buy stop 0.01 US_OIL was modified -> price: 60.53 sl: 0.00 tp: 0.00
0	22:20:35.520	'120010550': modify order #11042526 sell 0.01 JP225 at 21046 sl: 0 tp: 0 -> sl: 21617 tp: 0
0	22:20:35.810	'120010550': order #11042526 sell 0.01 JP225 at 21046 was modified -> sl: 21617 tp: 0
0	22:21:34.410	'120010550': modify order #11048373 sell 0.02 EURAUD. at 1.62322 sl: 0.00000 tp: 0.00000 -> sl: 1.63029 tp: 0.00000
0	22:21:34.718	'120010550': order #11048373 sell 0.02 EURAUD. at 1.62322 was modified -> sl: 1.63029 tp: 0.00000
0	22:21:42.278	'120010550': modify order #11048373 sell 0.02 EURAUD. at 1.62322 sl: 1.63029 tp: 0.00000 -> sl: 1.63177 tp: 0.00000
0	22:21:42.514	'120010550': order #11048373 sell 0.02 EURAUD. at 1.62322 was modified -> sl: 1.63177 tp: 0.00000
0	22:21:48.230	'120010550': modify order #11048373 sell 0.02 EURAUD. at 1.62322 sl: 1.63177 tp: 0.00000 -> sl: 1.63552 tp: 0.00000
0	22:21:48.749	'120010550': order #11048373 sell 0.02 EURAUD. at 1.62322 was modified -> sl: 1.63552 tp: 0.00000
0	22:23:39.518	'120010550': pending order sell stop 0.02 USDJPY. at 107.525 sl: 0.000 tp: 0.000
0	22:23:39.999	'120010550': order was opened : #11050344 sell stop 0.02 USDJPY. at 107.525 sl: 0.000 tp: 0.000
0	22:23:44.763	'120010550': modify pending order #11050344 sell stop 0.02 USDJPY. at 107.525 sl: 0.000 tp: 0.000 -> price: 107.560 sl: 0.000 tp: 0.000
0	22:23:46.013	'120010550': pending order #11050344 sell stop 0.02 USDJPY. was modified -> price: 107.560 sl: 0.000 tp: 0.000
0	22:23:56.854	'120010550': modify pending order #11050344 sell stop 0.02 USDJPY. at 107.560 sl: 0.000 tp: 0.000 -> price: 107.554 sl: 0.000 tp: 0.000
0	22:23:57.435	'120010550': pending order #11050344 sell stop 0.02 USDJPY. was modified -> price: 107.554 sl: 0.000 tp: 0.000
0	22:48:42.285	'120010550': pending order buy stop 0.02 AUDUSD. at 0.70232 sl: 0.00000 tp: 0.00000
0	22:48:43.086	'120010550': order was opened : #11050418 buy stop 0.02 AUDUSD. at 0.70232 sl: 0.00000 tp: 0.00000
0	22:48:51.672	'120010550': modify pending order #11050418 buy stop 0.02 AUDUSD. at 0.70232 sl: 0.00000 tp: 0.00000 -> price: 0.70311 sl: 0.00000 tp: 0.00000
0	22:48:52.524	'120010550': pending order #11050418 buy stop 0.02 AUDUSD. was modified -> price: 0.70311 sl: 0.00000 tp: 0.00000
0	22:49:51.360	'120010550': modify order #11048373 sell 0.02 EURAUD. at 1.62322 sl: 1.63552 tp: 0.00000 -> sl: 1.63552 tp: 1.61593
0	22:49:52.070	'120010550': order #11048373 sell 0.02 EURAUD. at 1.62322 was modified -> sl: 1.63552 tp: 1.61593
0	23:10:05.436	'120010550': pending order sell stop 0.02 GBPUSD. at 1.26362 sl: 0.00000 tp: 0.00000
0	23:10:06.083	'120010550': order was opened : #11050522 sell stop 0.02 GBPUSD. at 1.26362 sl: 0.00000 tp: 0.00000
