2	01:27:22.493	Custom indicator Laguerre-ACS1 USDJPY,H4: removed
2	01:27:22.502	Custom indicator MACD USDJPY,H4: removed
2	01:27:22.536	Custom indicator Laguerre-ACS1 EURJPY,H4: removed
2	01:27:22.543	Custom indicator MACD EURJPY,H4: removed
2	01:27:22.576	Custom indicator Laguerre-ACS1 EURUSD,H4: removed
2	01:27:22.584	Custom indicator MACD EURUSD,H4: removed
2	01:27:22.596	Custom indicator Laguerre-ACS1 GBPUSD,H4: removed
2	01:27:22.603	Custom indicator MACD GBPUSD,H4: removed
2	01:27:22.615	Custom indicator Laguerre-ACS1 GBPJPY,H4: removed
2	01:27:22.620	Custom indicator MACD GBPJPY,H4: removed
2	01:27:22.708	Custom indicator Laguerre-ACS1 JP225,H4: removed
2	01:27:22.716	Custom indicator MACD JP225,H4: removed
2	01:27:22.731	Custom indicator Laguerre-ACS1 NDX100,Daily: removed
2	01:27:22.740	Custom indicator MACD NDX100,Daily: removed
2	01:27:22.755	Custom indicator Laguerre-ACS1 SPX500,Daily: removed
2	01:27:22.763	Custom indicator MACD SPX500,Daily: removed
2	01:27:22.780	Custom indicator Laguerre-ACS1 A50,Daily: removed
2	01:27:22.786	Custom indicator MACD A50,Daily: removed
2	01:27:22.798	Custom indicator Laguerre-ACS1 CHINA300,Daily: removed
2	01:27:22.805	Custom indicator MACD CHINA300,Daily: removed
2	01:27:22.816	Custom indicator Laguerre-ACS1 XAUUSD,Daily: removed
2	01:27:22.822	Custom indicator MACD XAUUSD,Daily: removed
2	01:27:22.847	Custom indicator Laguerre-ACS1 US_OIL,Daily: removed
2	01:27:22.854	Custom indicator MACD US_OIL,Daily: removed
0	01:27:23.422	FX Trader build 1170 stopped
0	01:27:36.188	FX Trader build 1170 started (Performance Ronnaru Capital Ltd.)
0	01:27:36.188	Windows 10 Home x64, IE 11, UAC, 8 x Intel Core i7-6700HQ  @ 2.60GHz, Memory: 24425 / 32639 Mb, Disk: 152 / 264 Gb, GMT+9
0	01:27:36.188	Data Folder: C:\Users\tiany\AppData\Roaming\MetaQuotes\Terminal\79214103E7A6FC97F86082D309D0B84B
2	01:27:38.384	Custom indicator 小鱼\Laguerre-ACS1 USDJPY,H4: loaded successfully
2	01:27:38.396	Custom indicator MACD USDJPY,H4: loaded successfully
2	01:27:38.532	Custom indicator 小鱼\Laguerre-ACS1 EURJPY,H4: loaded successfully
2	01:27:38.546	Custom indicator MACD EURJPY,H4: loaded successfully
2	01:27:38.696	Custom indicator 小鱼\Laguerre-ACS1 EURUSD,H4: loaded successfully
2	01:27:38.710	Custom indicator MACD EURUSD,H4: loaded successfully
2	01:27:38.857	Custom indicator 小鱼\Laguerre-ACS1 GBPUSD,H4: loaded successfully
2	01:27:38.873	Custom indicator MACD GBPUSD,H4: loaded successfully
2	01:27:38.997	Custom indicator 小鱼\Laguerre-ACS1 GBPJPY,H4: loaded successfully
2	01:27:39.008	Custom indicator MACD GBPJPY,H4: loaded successfully
2	01:27:39.127	Custom indicator 小鱼\Laguerre-ACS1 JP225,H4: loaded successfully
2	01:27:39.137	Custom indicator MACD JP225,H4: loaded successfully
2	01:27:39.261	Custom indicator 小鱼\Laguerre-ACS1 NDX100,Daily: loaded successfully
2	01:27:39.272	Custom indicator MACD NDX100,Daily: loaded successfully
2	01:27:39.394	Custom indicator 小鱼\Laguerre-ACS1 SPX500,Daily: loaded successfully
2	01:27:39.405	Custom indicator MACD SPX500,Daily: loaded successfully
2	01:27:39.558	Custom indicator 小鱼\Laguerre-ACS1 A50,Daily: loaded successfully
2	01:27:39.568	Custom indicator MACD A50,Daily: loaded successfully
2	01:27:39.837	Custom indicator 小鱼\Laguerre-ACS1 CHINA300,Daily: loaded successfully
2	01:27:39.848	Custom indicator MACD CHINA300,Daily: loaded successfully
2	01:27:40.051	Custom indicator 小鱼\Laguerre-ACS1 XAUUSD,Daily: loaded successfully
2	01:27:40.062	Custom indicator MACD XAUUSD,Daily: loaded successfully
2	01:27:40.292	Custom indicator 小鱼\Laguerre-ACS1 US_OIL,Daily: loaded successfully
2	01:27:40.305	Custom indicator MACD US_OIL,Daily: loaded successfully
0	01:27:42.891	'120010550': login on PRC-Live through Server 8 (ping: 503.59 ms)
0	01:27:44.943	'120010550': login datacenter on PRC-Live through Server 8 (ping: 503.59 ms)
0	01:27:45.595	'120010550': previous successful authorization performed from 106.181.131.14
0	01:28:01.665	'120010550': auto connecting to a better access point Server 7 (ping is 34.41 ms)
0	01:28:02.139	'120010550': login on PRC-Live through Server 7 (ping: 34.41 ms)
0	01:28:02.661	'120010550': login datacenter on PRC-Live through Server 7 (ping: 34.41 ms)
0	01:28:02.972	'120010550': previous successful authorization performed from 106.181.131.14
2	01:39:16.885	Custom indicator Laguerre-ACS1 USDJPY,H4: removed
2	01:39:16.893	Custom indicator MACD USDJPY,H4: removed
2	01:39:16.916	Custom indicator Laguerre-ACS1 EURJPY,H4: removed
2	01:39:16.923	Custom indicator MACD EURJPY,H4: removed
2	01:39:16.941	Custom indicator Laguerre-ACS1 EURUSD,H4: removed
2	01:39:16.947	Custom indicator MACD EURUSD,H4: removed
2	01:39:16.967	Custom indicator Laguerre-ACS1 GBPUSD,H4: removed
2	01:39:16.974	Custom indicator MACD GBPUSD,H4: removed
2	01:39:17.096	Custom indicator Laguerre-ACS1 GBPJPY,H4: removed
2	01:39:17.105	Custom indicator MACD GBPJPY,H4: removed
2	01:39:17.169	Custom indicator Laguerre-ACS1 JP225,H4: removed
2	01:39:17.172	Custom indicator MACD JP225,H4: removed
2	01:39:17.177	Custom indicator Laguerre-ACS1 NDX100,Daily: removed
2	01:39:17.180	Custom indicator MACD NDX100,Daily: removed
2	01:39:17.186	Custom indicator Laguerre-ACS1 SPX500,Daily: removed
2	01:39:17.189	Custom indicator MACD SPX500,Daily: removed
2	01:39:17.194	Custom indicator Laguerre-ACS1 A50,Daily: removed
2	01:39:17.196	Custom indicator MACD A50,Daily: removed
2	01:39:17.202	Custom indicator Laguerre-ACS1 CHINA300,Daily: removed
2	01:39:17.205	Custom indicator MACD CHINA300,Daily: removed
2	01:39:17.210	Custom indicator Laguerre-ACS1 XAUUSD,Daily: removed
2	01:39:17.214	Custom indicator MACD XAUUSD,Daily: removed
2	01:39:17.224	Custom indicator Laguerre-ACS1 US_OIL,Daily: removed
2	01:39:17.227	Custom indicator MACD US_OIL,Daily: removed
0	01:39:17.854	FX Trader build 1170 stopped
0	23:01:43.603	FX Trader build 1170 started (Performance Ronnaru Capital Ltd.)
0	23:01:43.604	Windows 10 Home x64, IE 11, UAC, 8 x Intel Core i7-6700HQ  @ 2.60GHz, Memory: 24886 / 32639 Mb, Disk: 152 / 264 Gb, GMT+9
0	23:01:43.604	Data Folder: C:\Users\tiany\AppData\Roaming\MetaQuotes\Terminal\79214103E7A6FC97F86082D309D0B84B
2	23:01:46.549	Custom indicator 小鱼\Laguerre-ACS1 USDJPY,H4: loaded successfully
2	23:01:46.575	Custom indicator MACD USDJPY,H4: loaded successfully
2	23:01:46.807	Custom indicator 小鱼\Laguerre-ACS1 EURJPY,H4: loaded successfully
2	23:01:46.826	Custom indicator MACD EURJPY,H4: loaded successfully
2	23:01:47.011	Custom indicator 小鱼\Laguerre-ACS1 EURUSD,H4: loaded successfully
2	23:01:47.027	Custom indicator MACD EURUSD,H4: loaded successfully
2	23:01:47.241	Custom indicator 小鱼\Laguerre-ACS1 GBPUSD,H4: loaded successfully
2	23:01:47.266	Custom indicator MACD GBPUSD,H4: loaded successfully
2	23:01:47.479	Custom indicator 小鱼\Laguerre-ACS1 GBPJPY,H4: loaded successfully
2	23:01:47.496	Custom indicator MACD GBPJPY,H4: loaded successfully
2	23:01:47.707	Custom indicator 小鱼\Laguerre-ACS1 JP225,H4: loaded successfully
2	23:01:47.725	Custom indicator MACD JP225,H4: loaded successfully
2	23:01:47.928	Custom indicator 小鱼\Laguerre-ACS1 NDX100,Daily: loaded successfully
2	23:01:47.942	Custom indicator MACD NDX100,Daily: loaded successfully
2	23:01:48.138	Custom indicator 小鱼\Laguerre-ACS1 SPX500,Daily: loaded successfully
2	23:01:48.171	Custom indicator MACD SPX500,Daily: loaded successfully
2	23:01:48.347	Custom indicator 小鱼\Laguerre-ACS1 A50,Daily: loaded successfully
2	23:01:48.364	Custom indicator MACD A50,Daily: loaded successfully
2	23:01:48.580	Custom indicator 小鱼\Laguerre-ACS1 CHINA300,Daily: loaded successfully
2	23:01:48.602	Custom indicator MACD CHINA300,Daily: loaded successfully
2	23:01:48.804	Custom indicator 小鱼\Laguerre-ACS1 XAUUSD,Daily: loaded successfully
2	23:01:48.825	Custom indicator MACD XAUUSD,Daily: loaded successfully
2	23:01:49.069	Custom indicator 小鱼\Laguerre-ACS1 US_OIL,Daily: loaded successfully
2	23:01:49.086	Custom indicator MACD US_OIL,Daily: loaded successfully
0	23:01:51.415	'120010550': login on PRC-Live through Server 7 (ping: 34.41 ms)
0	23:01:52.338	'120010550': login datacenter on PRC-Live through Server 7 (ping: 34.41 ms)
0	23:01:52.712	'120010550': previous successful authorization performed from 106.181.131.14
0	23:02:17.295	'120010550': ping to current access point Server 7 is 30.03 ms
