0	01:14:30.579	System to be shutdown, request for close FX Trader
0	01:14:30.922	FX Trader build 1170 stopped because system shutdown
0	08:59:00.454	FX Trader build 1170 started (Performance Ronnaru Capital Ltd.)
0	08:59:00.455	Windows 10 Home x64, IE 11, UAC, 8 x Intel Core i7-6700HQ  @ 2.60GHz, Memory: 26486 / 32639 Mb, Disk: 149 / 264 Gb, GMT+9
0	08:59:00.455	Data Folder: C:\Users\tiany\AppData\Roaming\MetaQuotes\Terminal\79214103E7A6FC97F86082D309D0B84B
2	08:59:02.328	Custom indicator 小鱼\Laguerre-ACS1 USDJPY,H4: loaded successfully
2	08:59:02.340	Custom indicator MACD USDJPY,H4: loaded successfully
2	08:59:02.495	Custom indicator 小鱼\Laguerre-ACS1 EURJPY,H4: loaded successfully
2	08:59:02.505	Custom indicator MACD EURJPY,H4: loaded successfully
2	08:59:02.658	Custom indicator 小鱼\Laguerre-ACS1 EURUSD,H4: loaded successfully
2	08:59:02.667	Custom indicator MACD EURUSD,H4: loaded successfully
2	08:59:02.773	Custom indicator 小鱼\Laguerre-ACS1 GBPUSD,H1: loaded successfully
2	08:59:02.783	Custom indicator MACD GBPUSD,H1: loaded successfully
2	08:59:02.885	Custom indicator 小鱼\Laguerre-ACS1 GBPJPY,H1: loaded successfully
2	08:59:02.896	Custom indicator MACD GBPJPY,H1: loaded successfully
2	08:59:03.063	Custom indicator 小鱼\Laguerre-ACS1 JP225,H1: loaded successfully
2	08:59:03.075	Custom indicator MACD JP225,H1: loaded successfully
2	08:59:03.266	Custom indicator 小鱼\Laguerre-ACS1 NDX100,H4: loaded successfully
2	08:59:03.279	Custom indicator MACD NDX100,H4: loaded successfully
2	08:59:03.463	Custom indicator 小鱼\Laguerre-ACS1 SPX500,H4: loaded successfully
2	08:59:03.474	Custom indicator MACD SPX500,H4: loaded successfully
2	08:59:03.583	Custom indicator 小鱼\Laguerre-ACS1 A50,H4: loaded successfully
2	08:59:03.593	Custom indicator MACD A50,H4: loaded successfully
2	08:59:03.785	Custom indicator 小鱼\Laguerre-ACS1 CHINA300,H4: loaded successfully
2	08:59:03.796	Custom indicator MACD CHINA300,H4: loaded successfully
2	08:59:03.988	Custom indicator 小鱼\Laguerre-ACS1 XAUUSD,Daily: loaded successfully
2	08:59:03.999	Custom indicator MACD XAUUSD,Daily: loaded successfully
2	08:59:04.136	Custom indicator 小鱼\Laguerre-ACS1 US_OIL,Daily: loaded successfully
2	08:59:04.146	Custom indicator MACD US_OIL,Daily: loaded successfully
0	08:59:07.177	'120010550': login on PRC-Live through Server 3 (ping: 39.90 ms)
0	08:59:08.251	'120010550': login datacenter on PRC-Live through Server 3 (ping: 39.90 ms)
0	08:59:08.736	'120010550': previous successful authorization performed from 106.181.127.34
0	08:59:25.177	'120010550': ping to current access point Server 3 is 61.81 ms
0	12:39:47.213	System to be shutdown, request for close FX Trader
0	12:39:47.628	FX Trader build 1170 stopped because system shutdown
0	14:05:17.479	FX Trader build 1170 started (Performance Ronnaru Capital Ltd.)
0	14:05:17.480	Windows 10 Home x64, IE 11, UAC, 8 x Intel Core i7-6700HQ  @ 2.60GHz, Memory: 26757 / 32639 Mb, Disk: 147 / 264 Gb, GMT+9
0	14:05:17.480	Data Folder: C:\Users\tiany\AppData\Roaming\MetaQuotes\Terminal\79214103E7A6FC97F86082D309D0B84B
2	14:05:19.483	Custom indicator 小鱼\Laguerre-ACS1 USDJPY,H4: loaded successfully
2	14:05:19.495	Custom indicator MACD USDJPY,H4: loaded successfully
2	14:05:19.697	Custom indicator 小鱼\Laguerre-ACS1 EURJPY,H4: loaded successfully
2	14:05:19.707	Custom indicator MACD EURJPY,H4: loaded successfully
2	14:05:19.882	Custom indicator 小鱼\Laguerre-ACS1 EURUSD,H4: loaded successfully
2	14:05:19.892	Custom indicator MACD EURUSD,H4: loaded successfully
2	14:05:20.030	Custom indicator 小鱼\Laguerre-ACS1 GBPUSD,H1: loaded successfully
2	14:05:20.040	Custom indicator MACD GBPUSD,H1: loaded successfully
2	14:05:20.204	Custom indicator 小鱼\Laguerre-ACS1 GBPJPY,H1: loaded successfully
2	14:05:20.214	Custom indicator MACD GBPJPY,H1: loaded successfully
2	14:05:20.444	Custom indicator 小鱼\Laguerre-ACS1 JP225,H1: loaded successfully
2	14:05:20.454	Custom indicator MACD JP225,H1: loaded successfully
2	14:05:20.630	Custom indicator 小鱼\Laguerre-ACS1 NDX100,H4: loaded successfully
2	14:05:20.639	Custom indicator MACD NDX100,H4: loaded successfully
2	14:05:20.890	Custom indicator 小鱼\Laguerre-ACS1 SPX500,H4: loaded successfully
2	14:05:20.902	Custom indicator MACD SPX500,H4: loaded successfully
2	14:05:21.094	Custom indicator 小鱼\Laguerre-ACS1 A50,H4: loaded successfully
2	14:05:21.104	Custom indicator MACD A50,H4: loaded successfully
2	14:05:21.266	Custom indicator 小鱼\Laguerre-ACS1 CHINA300,H4: loaded successfully
2	14:05:21.276	Custom indicator MACD CHINA300,H4: loaded successfully
2	14:05:21.470	Custom indicator 小鱼\Laguerre-ACS1 XAUUSD,Daily: loaded successfully
2	14:05:21.481	Custom indicator MACD XAUUSD,Daily: loaded successfully
2	14:05:21.731	Custom indicator 小鱼\Laguerre-ACS1 US_OIL,Daily: loaded successfully
2	14:05:21.740	Custom indicator MACD US_OIL,Daily: loaded successfully
0	14:05:24.254	'120010550': login on PRC-Live through Server 3 (ping: 61.81 ms)
0	14:05:25.054	'120010550': login datacenter on PRC-Live through Server 3 (ping: 61.81 ms)
0	14:05:25.469	'120010550': previous successful authorization performed from 106.181.136.167
0	14:05:41.311	'120010550': ping to current access point Server 3 is 37.89 ms
1	14:38:25.547	'120010550': ping failed
0	14:38:29.123	'120010550': login on PRC-Live through Server 7 (ping: 92.77 ms)
0	14:38:30.452	'120010550': login datacenter on PRC-Live through Server 7 (ping: 92.77 ms)
0	14:38:30.847	'120010550': previous successful authorization performed from 106.181.136.167
1	15:34:20.551	'120010550': ping failed
1	15:34:41.645	'120010550': connect failed [No connection]
2	16:18:44.933	Custom indicator Laguerre-ACS1 USDJPY,H4: removed
2	16:18:44.937	Custom indicator MACD USDJPY,H4: removed
2	16:18:44.949	Custom indicator Laguerre-ACS1 EURJPY,H4: removed
2	16:18:44.953	Custom indicator MACD EURJPY,H4: removed
2	16:18:44.960	Custom indicator Laguerre-ACS1 EURUSD,H4: removed
2	16:18:44.964	Custom indicator MACD EURUSD,H4: removed
2	16:18:44.972	Custom indicator Laguerre-ACS1 GBPUSD,Daily: removed
2	16:18:44.976	Custom indicator MACD GBPUSD,Daily: removed
2	16:18:45.038	Custom indicator Laguerre-ACS1 GBPJPY,Daily: removed
2	16:18:45.043	Custom indicator MACD GBPJPY,Daily: removed
2	16:18:45.053	Custom indicator Laguerre-ACS1 JP225,Weekly: removed
2	16:18:45.060	Custom indicator MACD JP225,Weekly: removed
2	16:18:45.074	Custom indicator Laguerre-ACS1 NDX100,H4: removed
2	16:18:45.079	Custom indicator MACD NDX100,H4: removed
2	16:18:45.090	Custom indicator Laguerre-ACS1 SPX500,H4: removed
2	16:18:45.096	Custom indicator MACD SPX500,H4: removed
2	16:18:45.148	Custom indicator Laguerre-ACS1 A50,Daily: removed
2	16:18:45.156	Custom indicator MACD A50,Daily: removed
2	16:18:45.234	Custom indicator Laguerre-ACS1 CHINA300,H4: removed
2	16:18:45.240	Custom indicator MACD CHINA300,H4: removed
2	16:18:45.325	Custom indicator Laguerre-ACS1 XAUUSD,Daily: removed
2	16:18:45.334	Custom indicator MACD XAUUSD,Daily: removed
2	16:18:45.356	Custom indicator Laguerre-ACS1 US_OIL,Daily: removed
2	16:18:45.362	Custom indicator MACD US_OIL,Daily: removed
0	16:18:46.060	FX Trader build 1170 stopped
0	23:06:56.087	FX Trader build 1170 started (Performance Ronnaru Capital Ltd.)
0	23:06:56.087	Windows 10 Home x64, IE 11, UAC, 8 x Intel Core i7-6700HQ  @ 2.60GHz, Memory: 25804 / 32639 Mb, Disk: 147 / 264 Gb, GMT+9
0	23:06:56.087	Data Folder: C:\Users\tiany\AppData\Roaming\MetaQuotes\Terminal\79214103E7A6FC97F86082D309D0B84B
2	23:06:57.814	Custom indicator 小鱼\Laguerre-ACS1 USDJPY,H4: loaded successfully
2	23:06:57.825	Custom indicator MACD USDJPY,H4: loaded successfully
2	23:06:57.932	Custom indicator 小鱼\Laguerre-ACS1 EURJPY,H4: loaded successfully
2	23:06:57.942	Custom indicator MACD EURJPY,H4: loaded successfully
2	23:06:58.054	Custom indicator 小鱼\Laguerre-ACS1 EURUSD,H4: loaded successfully
2	23:06:58.063	Custom indicator MACD EURUSD,H4: loaded successfully
2	23:06:58.174	Custom indicator 小鱼\Laguerre-ACS1 GBPUSD,Daily: loaded successfully
2	23:06:58.183	Custom indicator MACD GBPUSD,Daily: loaded successfully
2	23:06:58.289	Custom indicator 小鱼\Laguerre-ACS1 GBPJPY,Daily: loaded successfully
2	23:06:58.298	Custom indicator MACD GBPJPY,Daily: loaded successfully
2	23:06:58.422	Custom indicator 小鱼\Laguerre-ACS1 JP225,Weekly: loaded successfully
2	23:06:58.432	Custom indicator MACD JP225,Weekly: loaded successfully
2	23:06:58.553	Custom indicator 小鱼\Laguerre-ACS1 NDX100,H4: loaded successfully
2	23:06:58.562	Custom indicator MACD NDX100,H4: loaded successfully
2	23:06:58.684	Custom indicator 小鱼\Laguerre-ACS1 SPX500,H4: loaded successfully
2	23:06:58.693	Custom indicator MACD SPX500,H4: loaded successfully
2	23:06:58.816	Custom indicator 小鱼\Laguerre-ACS1 A50,Daily: loaded successfully
2	23:06:58.826	Custom indicator MACD A50,Daily: loaded successfully
2	23:06:58.951	Custom indicator 小鱼\Laguerre-ACS1 CHINA300,H4: loaded successfully
2	23:06:58.960	Custom indicator MACD CHINA300,H4: loaded successfully
2	23:06:59.089	Custom indicator 小鱼\Laguerre-ACS1 XAUUSD,Daily: loaded successfully
2	23:06:59.098	Custom indicator MACD XAUUSD,Daily: loaded successfully
2	23:06:59.223	Custom indicator 小鱼\Laguerre-ACS1 US_OIL,Daily: loaded successfully
2	23:06:59.233	Custom indicator MACD US_OIL,Daily: loaded successfully
0	23:07:00.760	'120010550': login on PRC-Live through Server 7 (ping: 92.77 ms)
0	23:07:02.220	'120010550': login datacenter on PRC-Live through Server 7 (ping: 92.77 ms)
0	23:07:02.631	'120010550': previous successful authorization performed from 106.181.136.167
0	23:07:19.664	'120010550': auto connecting to a better access point Server 3 (ping is 37.33 ms)
0	23:07:20.276	'120010550': login on PRC-Live through Server 3 (ping: 37.33 ms)
0	23:07:21.208	'120010550': login datacenter on PRC-Live through Server 3 (ping: 37.33 ms)
0	23:07:21.429	'120010550': previous successful authorization performed from 106.181.141.5
