1	04:12:34.587	'120010550': ping failed
1	04:12:34.725	MQL5.community: authorization failed
1	04:12:34.755	MQL5.community: authorization failed
0	04:12:44.204	'120010550': login on PRC-Live through Server 3 (ping: 227.09 ms)
0	04:12:45.691	'120010550': login datacenter on PRC-Live through Server 3 (ping: 227.09 ms)
0	04:12:46.194	'120010550': previous successful authorization performed from 101.131.181.27
1	06:02:01.505	'120010550': ping failed
1	06:02:01.563	'120010550': ping failed
1	06:02:01.564	'120010550': datacenter connecting failed [6]
1	06:02:02.863	'120010550': connect failed [No connection]
0	06:02:08.554	'120010550': login on PRC-Live through Server 8 (ping: n/a)
0	06:02:09.896	'120010550': login datacenter on PRC-Live through Server 8 (ping: n/a)
0	06:02:10.334	'120010550': previous successful authorization performed from 101.131.181.27
0	06:02:27.538	'120010550': auto connecting to a better access point Server 5 (ping is 96.89 ms)
0	06:02:28.094	'120010550': login on PRC-Live through Server 5 (ping: 96.89 ms)
0	06:02:29.185	'120010550': login datacenter on PRC-Live through Server 5 (ping: 96.89 ms)
0	06:02:29.491	'120010550': previous successful authorization performed from 101.131.181.27
0	06:02:54.262	'120010550': modify order #11106738 sell 0.02 EURAUD. at 1.59109 sl: 0.00000 tp: 1.58948 -> sl: 1.62441 tp: 1.58948
0	06:02:55.069	'120010550': order #11106738 sell 0.02 EURAUD. at 1.59109 was modified -> sl: 1.62441 tp: 1.58948
0	06:03:14.355	'120010550': close order #11106738 sell 0.02 EURAUD. at 1.59109 sl: 1.62441 tp: 1.58948 at price 0.00000
0	06:03:15.116	'120010550': order #11106738 sell 0.02 EURAUD. at 1.59109 sl: 1.62441 tp: 1.58948 closed at price 1.61529
2	06:03:56.257	Custom indicator SupResZone_MTF USDXXX,Daily: removed
2	06:03:56.259	Custom indicator SupResZone_MTF USDXXX,Daily: removed
2	06:03:56.261	Custom indicator SupResZone_MTF USDXXX,Daily: removed
2	06:03:56.263	Custom indicator SupResZone_MTF USDXXX,Daily: removed
2	06:03:56.265	Custom indicator MACD-2x USDXXX,Daily: removed
2	06:03:56.265	Custom indicator Laguerre-ACS1 USDXXX,Daily: removed
2	06:03:56.270	Custom indicator SupResZone_MTF XAUUSD.,H4: removed
2	06:03:56.272	Custom indicator SupResZone_MTF XAUUSD.,H4: removed
2	06:03:56.274	Custom indicator SupResZone_MTF XAUUSD.,H4: removed
2	06:03:56.276	Custom indicator SupResZone_MTF XAUUSD.,H4: removed
2	06:03:56.277	Custom indicator MACD-2x XAUUSD.,H4: removed
2	06:03:56.277	Custom indicator Laguerre-ACS1 XAUUSD.,H4: removed
2	06:03:56.283	Custom indicator SupResZone_MTF XAGUSD.,H1: removed
2	06:03:56.286	Custom indicator SupResZone_MTF XAGUSD.,H1: removed
2	06:03:56.287	Custom indicator SupResZone_MTF XAGUSD.,H1: removed
2	06:03:56.290	Custom indicator SupResZone_MTF XAGUSD.,H1: removed
2	06:03:56.292	Custom indicator MACD-2x XAGUSD.,H1: removed
2	06:03:56.292	Custom indicator Laguerre-ACS1 XAGUSD.,H1: removed
2	06:03:56.299	Custom indicator SupResZone_MTF US_OIL,H4: removed
2	06:03:56.300	Custom indicator SupResZone_MTF US_OIL,H4: removed
2	06:03:56.302	Custom indicator SupResZone_MTF US_OIL,H4: removed
2	06:03:56.303	Custom indicator SupResZone_MTF US_OIL,H4: removed
2	06:03:56.306	Custom indicator MACD-2x US_OIL,H4: removed
2	06:03:56.306	Custom indicator Laguerre-ACS1 US_OIL,H4: removed
2	06:03:56.314	Custom indicator SupResZone_MTF JP225,H4: removed
2	06:03:56.316	Custom indicator SupResZone_MTF JP225,H4: removed
2	06:03:56.318	Custom indicator SupResZone_MTF JP225,H4: removed
2	06:03:56.320	Custom indicator SupResZone_MTF JP225,H4: removed
2	06:03:56.322	Custom indicator MACD-2x JP225,H4: removed
2	06:03:56.322	Custom indicator Laguerre-ACS1 JP225,H4: removed
2	06:03:56.339	Custom indicator SupResZone_MTF SPX500,H4: removed
2	06:03:56.342	Custom indicator SupResZone_MTF SPX500,H4: removed
2	06:03:56.344	Custom indicator SupResZone_MTF SPX500,H4: removed
2	06:03:56.346	Custom indicator SupResZone_MTF SPX500,H4: removed
2	06:03:56.348	Custom indicator MACD-2x SPX500,H4: removed
2	06:03:56.348	Custom indicator Laguerre-ACS1 SPX500,H4: removed
2	06:03:56.359	Custom indicator SupResZone_MTF EURAUD.,H4: removed
2	06:03:56.362	Custom indicator SupResZone_MTF EURAUD.,H4: removed
2	06:03:56.364	Custom indicator SupResZone_MTF EURAUD.,H4: removed
2	06:03:56.366	Custom indicator SupResZone_MTF EURAUD.,H4: removed
2	06:03:56.368	Custom indicator MACD-2x EURAUD.,H4: removed
2	06:03:56.369	Custom indicator Laguerre-ACS1 EURAUD.,H4: removed
2	06:03:56.377	Custom indicator SupResZone_MTF AUDJPY.,H4: removed
2	06:03:56.379	Custom indicator SupResZone_MTF AUDJPY.,H4: removed
2	06:03:56.380	Custom indicator SupResZone_MTF AUDJPY.,H4: removed
2	06:03:56.382	Custom indicator SupResZone_MTF AUDJPY.,H4: removed
2	06:03:56.383	Custom indicator MACD-2x AUDJPY.,H4: removed
2	06:03:56.383	Custom indicator Laguerre-ACS1 AUDJPY.,H4: removed
2	06:03:56.392	Custom indicator SupResZone_MTF AUDUSD.,H4: removed
2	06:03:56.394	Custom indicator SupResZone_MTF AUDUSD.,H4: removed
2	06:03:56.396	Custom indicator SupResZone_MTF AUDUSD.,H4: removed
2	06:03:56.398	Custom indicator SupResZone_MTF AUDUSD.,H4: removed
2	06:03:56.400	Custom indicator MACD-2x AUDUSD.,H4: removed
2	06:03:56.400	Custom indicator Laguerre-ACS1 AUDUSD.,H4: removed
2	06:03:56.409	Custom indicator SupResZone_MTF USDJPY.,H4: removed
2	06:03:56.412	Custom indicator SupResZone_MTF USDJPY.,H4: removed
2	06:03:56.413	Custom indicator SupResZone_MTF USDJPY.,H4: removed
2	06:03:56.416	Custom indicator SupResZone_MTF USDJPY.,H4: removed
2	06:03:56.418	Custom indicator MACD-2x USDJPY.,H4: removed
2	06:03:56.418	Custom indicator Laguerre-ACS1 USDJPY.,H4: removed
2	06:03:56.426	Custom indicator SupResZone_MTF EURJPY.,H4: removed
2	06:03:56.427	Custom indicator SupResZone_MTF EURJPY.,H4: removed
2	06:03:56.429	Custom indicator SupResZone_MTF EURJPY.,H4: removed
2	06:03:56.431	Custom indicator SupResZone_MTF EURJPY.,H4: removed
2	06:03:56.433	Custom indicator MACD-2x EURJPY.,H4: removed
2	06:03:56.433	Custom indicator Laguerre-ACS1 EURJPY.,H4: removed
2	06:03:56.439	Custom indicator SupResZone_MTF EURUSD.,H4: removed
2	06:03:56.441	Custom indicator SupResZone_MTF EURUSD.,H4: removed
2	06:03:56.443	Custom indicator SupResZone_MTF EURUSD.,H4: removed
2	06:03:56.445	Custom indicator SupResZone_MTF EURUSD.,H4: removed
2	06:03:56.447	Custom indicator MACD-2x EURUSD.,H4: removed
2	06:03:56.447	Custom indicator Laguerre-ACS1 EURUSD.,H4: removed
2	06:03:56.454	Custom indicator SupResZone_MTF GBPJPY.,H4: removed
2	06:03:56.456	Custom indicator SupResZone_MTF GBPJPY.,H4: removed
2	06:03:56.459	Custom indicator SupResZone_MTF GBPJPY.,H4: removed
2	06:03:56.460	Custom indicator SupResZone_MTF GBPJPY.,H4: removed
2	06:03:56.462	Custom indicator MACD-2x GBPJPY.,H4: removed
2	06:03:56.462	Custom indicator Laguerre-ACS1 GBPJPY.,H4: removed
2	06:03:56.471	Custom indicator SupResZone_MTF GBPUSD.,H4: removed
2	06:03:56.473	Custom indicator SupResZone_MTF GBPUSD.,H4: removed
2	06:03:56.474	Custom indicator SupResZone_MTF GBPUSD.,H4: removed
2	06:03:56.476	Custom indicator SupResZone_MTF GBPUSD.,H4: removed
2	06:03:56.477	Custom indicator MACD-2x GBPUSD.,H4: removed
2	06:03:56.478	Custom indicator Laguerre-ACS1 GBPUSD.,H4: removed
2	06:03:56.484	Custom indicator SupResZone_MTF USDCAD.,H4: removed
2	06:03:56.486	Custom indicator SupResZone_MTF USDCAD.,H4: removed
2	06:03:56.488	Custom indicator SupResZone_MTF USDCAD.,H4: removed
2	06:03:56.489	Custom indicator SupResZone_MTF USDCAD.,H4: removed
2	06:03:56.491	Custom indicator MACD-2x USDCAD.,H4: removed
2	06:03:56.491	Custom indicator Laguerre-ACS1 USDCAD.,H4: removed
2	06:03:56.516	Custom indicator SupResZone_MTF USDCHF.,H4: removed
2	06:03:56.517	Custom indicator SupResZone_MTF USDCHF.,H4: removed
2	06:03:56.519	Custom indicator SupResZone_MTF USDCHF.,H4: removed
2	06:03:56.521	Custom indicator SupResZone_MTF USDCHF.,H4: removed
2	06:03:56.523	Custom indicator MACD-2x USDCHF.,H4: removed
2	06:03:56.523	Custom indicator Laguerre-ACS1 USDCHF.,H4: removed
2	06:03:56.531	Custom indicator SupResZone_MTF USDCNH,Daily: removed
2	06:03:56.533	Custom indicator SupResZone_MTF USDCNH,Daily: removed
2	06:03:56.536	Custom indicator SupResZone_MTF USDCNH,Daily: removed
2	06:03:56.538	Custom indicator SupResZone_MTF USDCNH,Daily: removed
2	06:03:56.542	Custom indicator MACD-2x USDCNH,Daily: removed
2	06:03:56.542	Custom indicator Laguerre-ACS1 USDCNH,Daily: removed
2	06:03:56.562	Custom indicator GMMA Long USDJPY.,H4: removed
2	06:03:56.564	Custom indicator GMMA Short USDJPY.,H4: removed
2	06:03:56.566	Custom indicator 23MTF_MovingAverageIGOR USDJPY.,H4: removed
2	06:03:56.568	Custom indicator 23MTF_MovingAverageIGOR USDJPY.,H4: removed
2	06:03:56.569	Custom indicator SupResZone_MTF USDJPY.,H4: removed
2	06:03:56.571	Custom indicator SupResZone_MTF USDJPY.,H4: removed
2	06:03:56.573	Custom indicator MACD-2x USDJPY.,H4: removed
2	06:03:56.579	Custom indicator SupResZone_MTF CHINA300,Daily: removed
2	06:03:56.581	Custom indicator SupResZone_MTF CHINA300,Daily: removed
2	06:03:56.583	Custom indicator SupResZone_MTF CHINA300,Daily: removed
2	06:03:56.585	Custom indicator SupResZone_MTF CHINA300,Daily: removed
2	06:03:56.587	Custom indicator MACD-2x CHINA300,Daily: removed
2	06:03:56.587	Custom indicator Laguerre-ACS1 CHINA300,Daily: removed
2	06:03:56.598	Custom indicator 23MTF_MovingAverageIGOR CADJPY.,H1: removed
2	06:03:56.600	Custom indicator ADR CADJPY.,H1: removed
2	06:03:56.602	Custom indicator SupResZone_MTF CADJPY.,H1: removed
2	06:03:56.603	Custom indicator Laguerre-ACS1 CADJPY.,H1: removed
2	06:03:56.605	Custom indicator MACD-2x CADJPY.,H1: removed
0	06:03:57.063	FX Trader build 1170 stopped
0	18:27:50.058	FX Trader build 1170 started (Performance Ronnaru Capital Ltd.)
0	18:27:50.059	Windows 10 Home x64, IE 11, UAC, 8 x Intel Core i7-6700HQ  @ 2.60GHz, Memory: 25158 / 32639 Mb, Disk: 129 / 264 Gb, GMT+8
0	18:27:50.059	Data Folder: C:\Users\tiany\AppData\Roaming\MetaQuotes\Terminal\79214103E7A6FC97F86082D309D0B84B
2	18:27:52.201	Custom indicator SupResZone_MTF USDXXX,Daily: loaded successfully
2	18:27:52.211	Custom indicator SupResZone_MTF USDXXX,Daily: loaded successfully
2	18:27:52.222	Custom indicator SupResZone_MTF USDXXX,Daily: loaded successfully
2	18:27:52.232	Custom indicator SupResZone_MTF USDXXX,Daily: loaded successfully
2	18:27:52.241	Custom indicator MACD-2x USDXXX,Daily: loaded successfully
2	18:27:52.320	Custom indicator Laguerre-ACS1 USDXXX,Daily: loaded successfully
2	18:27:52.536	Custom indicator SupResZone_MTF XAUUSD.,H4: loaded successfully
2	18:27:52.556	Custom indicator SupResZone_MTF XAUUSD.,H4: loaded successfully
2	18:27:52.566	Custom indicator SupResZone_MTF XAUUSD.,H4: loaded successfully
2	18:27:52.578	Custom indicator SupResZone_MTF XAUUSD.,H4: loaded successfully
2	18:27:52.588	Custom indicator MACD-2x XAUUSD.,H4: loaded successfully
2	18:27:52.660	Custom indicator Laguerre-ACS1 XAUUSD.,H4: loaded successfully
2	18:27:52.859	Custom indicator SupResZone_MTF XAGUSD.,H1: loaded successfully
2	18:27:52.869	Custom indicator SupResZone_MTF XAGUSD.,H1: loaded successfully
2	18:27:52.880	Custom indicator SupResZone_MTF XAGUSD.,H1: loaded successfully
2	18:27:52.892	Custom indicator SupResZone_MTF XAGUSD.,H1: loaded successfully
2	18:27:52.903	Custom indicator MACD-2x XAGUSD.,H1: loaded successfully
2	18:27:52.977	Custom indicator Laguerre-ACS1 XAGUSD.,H1: loaded successfully
2	18:27:53.206	Custom indicator SupResZone_MTF US_OIL,H4: loaded successfully
2	18:27:53.217	Custom indicator SupResZone_MTF US_OIL,H4: loaded successfully
2	18:27:53.228	Custom indicator SupResZone_MTF US_OIL,H4: loaded successfully
2	18:27:53.237	Custom indicator SupResZone_MTF US_OIL,H4: loaded successfully
2	18:27:53.248	Custom indicator MACD-2x US_OIL,H4: loaded successfully
2	18:27:53.322	Custom indicator Laguerre-ACS1 US_OIL,H4: loaded successfully
2	18:27:53.544	Custom indicator SupResZone_MTF JP225,H4: loaded successfully
2	18:27:53.557	Custom indicator SupResZone_MTF JP225,H4: loaded successfully
2	18:27:53.576	Custom indicator SupResZone_MTF JP225,H4: loaded successfully
2	18:27:53.586	Custom indicator SupResZone_MTF JP225,H4: loaded successfully
2	18:27:53.596	Custom indicator MACD-2x JP225,H4: loaded successfully
2	18:27:53.681	Custom indicator Laguerre-ACS1 JP225,H4: loaded successfully
2	18:27:53.971	Custom indicator SupResZone_MTF SPX500,H4: loaded successfully
2	18:27:53.992	Custom indicator SupResZone_MTF SPX500,H4: loaded successfully
2	18:27:54.003	Custom indicator SupResZone_MTF SPX500,H4: loaded successfully
2	18:27:54.014	Custom indicator SupResZone_MTF SPX500,H4: loaded successfully
2	18:27:54.024	Custom indicator MACD-2x SPX500,H4: loaded successfully
2	18:27:54.099	Custom indicator Laguerre-ACS1 SPX500,H4: loaded successfully
2	18:27:54.398	Custom indicator SupResZone_MTF EURAUD.,H4: loaded successfully
2	18:27:54.409	Custom indicator SupResZone_MTF EURAUD.,H4: loaded successfully
2	18:27:54.420	Custom indicator SupResZone_MTF EURAUD.,H4: loaded successfully
2	18:27:54.430	Custom indicator SupResZone_MTF EURAUD.,H4: loaded successfully
2	18:27:54.441	Custom indicator MACD-2x EURAUD.,H4: loaded successfully
2	18:27:54.514	Custom indicator Laguerre-ACS1 EURAUD.,H4: loaded successfully
2	18:27:54.732	Custom indicator SupResZone_MTF AUDJPY.,H4: loaded successfully
2	18:27:54.745	Custom indicator SupResZone_MTF AUDJPY.,H4: loaded successfully
2	18:27:54.756	Custom indicator SupResZone_MTF AUDJPY.,H4: loaded successfully
2	18:27:54.767	Custom indicator SupResZone_MTF AUDJPY.,H4: loaded successfully
2	18:27:54.777	Custom indicator MACD-2x AUDJPY.,H4: loaded successfully
2	18:27:54.848	Custom indicator Laguerre-ACS1 AUDJPY.,H4: loaded successfully
2	18:27:55.075	Custom indicator SupResZone_MTF AUDUSD.,H4: loaded successfully
2	18:27:55.086	Custom indicator SupResZone_MTF AUDUSD.,H4: loaded successfully
2	18:27:55.096	Custom indicator SupResZone_MTF AUDUSD.,H4: loaded successfully
2	18:27:55.106	Custom indicator SupResZone_MTF AUDUSD.,H4: loaded successfully
2	18:27:55.117	Custom indicator MACD-2x AUDUSD.,H4: loaded successfully
2	18:27:55.189	Custom indicator Laguerre-ACS1 AUDUSD.,H4: loaded successfully
2	18:27:55.421	Custom indicator SupResZone_MTF USDJPY.,H4: loaded successfully
2	18:27:55.432	Custom indicator SupResZone_MTF USDJPY.,H4: loaded successfully
2	18:27:55.442	Custom indicator SupResZone_MTF USDJPY.,H4: loaded successfully
2	18:27:55.453	Custom indicator SupResZone_MTF USDJPY.,H4: loaded successfully
2	18:27:55.464	Custom indicator MACD-2x USDJPY.,H4: loaded successfully
2	18:27:55.537	Custom indicator Laguerre-ACS1 USDJPY.,H4: loaded successfully
2	18:27:55.776	Custom indicator SupResZone_MTF EURJPY.,H4: loaded successfully
2	18:27:55.787	Custom indicator SupResZone_MTF EURJPY.,H4: loaded successfully
2	18:27:55.807	Custom indicator SupResZone_MTF EURJPY.,H4: loaded successfully
2	18:27:55.825	Custom indicator SupResZone_MTF EURJPY.,H4: loaded successfully
2	18:27:55.835	Custom indicator MACD-2x EURJPY.,H4: loaded successfully
2	18:27:55.911	Custom indicator Laguerre-ACS1 EURJPY.,H4: loaded successfully
2	18:27:56.192	Custom indicator SupResZone_MTF EURUSD.,H4: loaded successfully
2	18:27:56.215	Custom indicator SupResZone_MTF EURUSD.,H4: loaded successfully
2	18:27:56.238	Custom indicator SupResZone_MTF EURUSD.,H4: loaded successfully
2	18:27:56.250	Custom indicator SupResZone_MTF EURUSD.,H4: loaded successfully
2	18:27:56.262	Custom indicator MACD-2x EURUSD.,H4: loaded successfully
2	18:27:56.349	Custom indicator Laguerre-ACS1 EURUSD.,H4: loaded successfully
2	18:27:56.695	Custom indicator SupResZone_MTF GBPJPY.,H4: loaded successfully
2	18:27:56.716	Custom indicator SupResZone_MTF GBPJPY.,H4: loaded successfully
2	18:27:56.730	Custom indicator SupResZone_MTF GBPJPY.,H4: loaded successfully
2	18:27:56.743	Custom indicator SupResZone_MTF GBPJPY.,H4: loaded successfully
2	18:27:56.755	Custom indicator MACD-2x GBPJPY.,H4: loaded successfully
2	18:27:56.826	Custom indicator Laguerre-ACS1 GBPJPY.,H4: loaded successfully
2	18:27:57.039	Custom indicator SupResZone_MTF GBPUSD.,H4: loaded successfully
2	18:27:57.049	Custom indicator SupResZone_MTF GBPUSD.,H4: loaded successfully
2	18:27:57.061	Custom indicator SupResZone_MTF GBPUSD.,H4: loaded successfully
2	18:27:57.072	Custom indicator SupResZone_MTF GBPUSD.,H4: loaded successfully
2	18:27:57.084	Custom indicator MACD-2x GBPUSD.,H4: loaded successfully
2	18:27:57.160	Custom indicator Laguerre-ACS1 GBPUSD.,H4: loaded successfully
2	18:27:57.449	Custom indicator SupResZone_MTF USDCAD.,H4: loaded successfully
2	18:27:57.459	Custom indicator SupResZone_MTF USDCAD.,H4: loaded successfully
2	18:27:57.470	Custom indicator SupResZone_MTF USDCAD.,H4: loaded successfully
2	18:27:57.480	Custom indicator SupResZone_MTF USDCAD.,H4: loaded successfully
2	18:27:57.491	Custom indicator MACD-2x USDCAD.,H4: loaded successfully
2	18:27:57.563	Custom indicator Laguerre-ACS1 USDCAD.,H4: loaded successfully
2	18:27:57.787	Custom indicator SupResZone_MTF USDCHF.,H4: loaded successfully
2	18:27:57.798	Custom indicator SupResZone_MTF USDCHF.,H4: loaded successfully
2	18:27:57.809	Custom indicator SupResZone_MTF USDCHF.,H4: loaded successfully
2	18:27:57.822	Custom indicator SupResZone_MTF USDCHF.,H4: loaded successfully
2	18:27:57.834	Custom indicator MACD-2x USDCHF.,H4: loaded successfully
2	18:27:57.906	Custom indicator Laguerre-ACS1 USDCHF.,H4: loaded successfully
2	18:27:58.143	Custom indicator SupResZone_MTF USDCNH,Daily: loaded successfully
2	18:27:58.155	Custom indicator SupResZone_MTF USDCNH,Daily: loaded successfully
2	18:27:58.166	Custom indicator SupResZone_MTF USDCNH,Daily: loaded successfully
2	18:27:58.176	Custom indicator SupResZone_MTF USDCNH,Daily: loaded successfully
2	18:27:58.186	Custom indicator MACD-2x USDCNH,Daily: loaded successfully
2	18:27:58.258	Custom indicator Laguerre-ACS1 USDCNH,Daily: loaded successfully
2	18:27:58.417	Custom indicator GMMA Long USDJPY.,H4: loaded successfully
2	18:27:58.426	Custom indicator GMMA Short USDJPY.,H4: loaded successfully
2	18:27:58.435	Custom indicator 23MTF_MovingAverageIGOR USDJPY.,H4: loaded successfully
2	18:27:58.443	Custom indicator 23MTF_MovingAverageIGOR USDJPY.,H4: loaded successfully
2	18:27:58.455	Custom indicator SupResZone_MTF USDJPY.,H4: loaded successfully
2	18:27:58.466	Custom indicator SupResZone_MTF USDJPY.,H4: loaded successfully
2	18:27:58.477	Custom indicator MACD-2x USDJPY.,H4: loaded successfully
2	18:27:58.742	Custom indicator SupResZone_MTF CHINA300,Daily: loaded successfully
2	18:27:58.762	Custom indicator SupResZone_MTF CHINA300,Daily: loaded successfully
2	18:27:58.772	Custom indicator SupResZone_MTF CHINA300,Daily: loaded successfully
2	18:27:58.783	Custom indicator SupResZone_MTF CHINA300,Daily: loaded successfully
2	18:27:58.792	Custom indicator MACD-2x CHINA300,Daily: loaded successfully
2	18:27:58.866	Custom indicator Laguerre-ACS1 CHINA300,Daily: loaded successfully
2	18:27:59.062	Custom indicator 23MTF_MovingAverageIGOR CADJPY.,H1: loaded successfully
2	18:27:59.086	Custom indicator ADR CADJPY.,H1: loaded successfully
2	18:27:59.098	Custom indicator SupResZone_MTF CADJPY.,H1: loaded successfully
2	18:27:59.171	Custom indicator Laguerre-ACS1 CADJPY.,H1: loaded successfully
2	18:27:59.182	Custom indicator MACD-2x CADJPY.,H1: loaded successfully
0	18:28:01.317	'120010550': login on PRC-Live through Server 5 (ping: 96.89 ms)
0	18:28:02.473	'120010550': login datacenter on PRC-Live through Server 5 (ping: 96.89 ms)
0	18:28:02.797	'120010550': previous successful authorization performed from 223.104.176.138
0	18:28:32.173	'120010550': ping to current access point Server 5 is 96.96 ms
0	18:31:01.123	'120010550': order sell market 0.02 AUDUSD. sl: 0.00000 tp: 0.00000
0	18:31:01.703	'120010550': order was opened : #11126279 sell 0.02 AUDUSD. at 0.68850 sl: 0.00000 tp: 0.00000
0	18:31:28.474	'120010550': order sell market 0.02 AUDJPY. sl: 0.000 tp: 0.000
0	18:31:28.986	'120010550': order was opened : #11126280 sell 0.02 AUDJPY. at 74.741 sl: 0.000 tp: 0.000
2	18:40:38.239	Custom indicator SupResZone_MTF EURAUD.,H4: removed
2	18:40:38.241	Custom indicator SupResZone_MTF EURAUD.,H4: removed
2	18:40:38.243	Custom indicator SupResZone_MTF EURAUD.,H4: removed
2	18:40:38.246	Custom indicator SupResZone_MTF EURAUD.,H4: removed
2	18:40:38.248	Custom indicator MACD-2x EURAUD.,H4: removed
2	18:40:38.248	Custom indicator Laguerre-ACS1 EURAUD.,H4: removed
2	18:40:38.284	Custom indicator SupResZone_MTF EURAUD.,H4: loaded successfully
2	18:40:38.294	Custom indicator SupResZone_MTF EURAUD.,H4: loaded successfully
2	18:40:38.305	Custom indicator SupResZone_MTF EURAUD.,H4: loaded successfully
2	18:40:38.325	Custom indicator SupResZone_MTF EURAUD.,H4: loaded successfully
2	18:40:38.338	Custom indicator MACD-2x EURAUD.,H4: loaded successfully
2	18:40:38.412	Custom indicator Laguerre-ACS1 EURAUD.,H4: loaded successfully
0	18:48:14.377	'120010550': modify order #11122380 sell 0.02 AUDJPY. at 75.054 sl: 0.000 tp: 0.000 -> sl: 75.100 tp: 0.000
0	18:48:15.355	'120010550': order #11122380 sell 0.02 AUDJPY. at 75.054 was modified -> sl: 75.100 tp: 0.000
0	18:48:18.722	'120010550': modify order #11122380 sell 0.02 AUDJPY. at 75.054 sl: 75.100 tp: 0.000 -> sl: 75.020 tp: 0.000
0	18:48:19.231	'120010550': order #11122380 sell 0.02 AUDJPY. at 75.054 was modified -> sl: 75.020 tp: 0.000
1	20:17:44.727	'120010550': modification of order #11125968 sell 0.02 AUDJPY. at 74.884 sl: 0.000 tp: 0.000 -> sl: 0.000 tp: 74.865 failed [Invalid S/L or T/P]
0	20:17:49.312	'120010550': modify order #11125968 sell 0.02 AUDJPY. at 74.884 sl: 0.000 tp: 0.000 -> sl: 74.899 tp: 0.000
0	20:17:49.923	'120010550': order #11125968 sell 0.02 AUDJPY. at 74.884 was modified -> sl: 74.899 tp: 0.000
0	20:17:52.305	'120010550': modify order #11125968 sell 0.02 AUDJPY. at 74.884 sl: 74.899 tp: 0.000 -> sl: 74.869 tp: 0.000
0	20:17:53.314	'120010550': order #11125968 sell 0.02 AUDJPY. at 74.884 was modified -> sl: 74.869 tp: 0.000
0	20:27:51.018	'120010550': modify order #11122772 sell 0.01 XAGUSD. at 16.391 sl: 0.000 tp: 0.000 -> sl: 0.000 tp: 16.373
0	20:27:51.453	'120010550': order #11122772 sell 0.01 XAGUSD. at 16.391 was modified -> sl: 0.000 tp: 16.373
0	21:27:04.708	'120010550': modify order #11125022 buy 0.02 USDCAD. at 1.31685 sl: 0.00000 tp: 0.00000 -> sl: 0.00000 tp: 1.31852
0	21:27:05.497	'120010550': order #11125022 buy 0.02 USDCAD. at 1.31685 was modified -> sl: 0.00000 tp: 1.31852
0	21:46:28.927	'120010550': order #11125022 buy 0.02 USDCAD. at 1.31685 closed due take-profit at price 1.31852
0	22:27:15.079	'120010550': pending order sell stop 0.02 JP225 at 21418 sl: 0 tp: 0
0	22:27:16.430	'120010550': order was opened : #11127067 sell stop 0.02 JP225 at 21418 sl: 0 tp: 0
0	23:16:12.978	'120010550': login on PRC-Live through Server 5 (ping: 96.96 ms)
0	23:16:15.237	'120010550': login datacenter on PRC-Live through Server 5 (ping: 96.96 ms)
0	23:16:15.936	'120010550': previous successful authorization performed from 101.131.181.27
0	23:16:48.068	'120010550': ping to current access point Server 5 is 122.67 ms
0	23:28:22.675	'120010550': order sell market 0.01 AUDUSD. sl: 0.00000 tp: 0.00000
0	23:28:23.007	'120010550': order was opened : #11127336 sell 0.01 AUDUSD. at 0.68690 sl: 0.00000 tp: 0.00000
0	23:34:14.917	'120010550': modify order #11123916 sell 0.02 AUDUSD. at 0.69032 sl: 0.00000 tp: 0.00000 -> sl: 0.70432 tp: 0.00000
0	23:34:17.582	'120010550': order #11123916 sell 0.02 AUDUSD. at 0.69032 was modified -> sl: 0.70432 tp: 0.00000
0	23:34:18.157	'120010550': modify order #11123916 sell 0.02 AUDUSD. at 0.69032 sl: 0.70432 tp: 0.00000 -> sl: 0.69986 tp: 0.00000
0	23:34:18.582	'120010550': order #11123916 sell 0.02 AUDUSD. at 0.69032 was modified -> sl: 0.69986 tp: 0.00000
