2	00:20:10.208	Custom indicator span_model EURAUD.,H1: removed
2	00:20:10.212	Custom indicator MACD-2x EURAUD.,H1: removed
2	00:20:10.215	Custom indicator MACD-2x EURAUD.,H1: removed
2	00:20:10.215	Custom indicator Laguerre-ACS1 EURAUD.,H1: removed
2	00:20:10.218	Custom indicator span_model AUDJPY.,Daily: removed
2	00:20:10.221	Custom indicator MACD-2x AUDJPY.,Daily: removed
2	00:20:10.222	Custom indicator MACD-2x AUDJPY.,Daily: removed
2	00:20:10.222	Custom indicator Laguerre-ACS1 AUDJPY.,Daily: removed
2	00:20:10.243	Custom indicator span_model XAUUSD.,Daily: removed
2	00:20:10.247	Custom indicator MACD-2x XAUUSD.,Daily: removed
2	00:20:10.250	Custom indicator MACD-2x XAUUSD.,Daily: removed
2	00:20:10.250	Custom indicator Laguerre-ACS1 XAUUSD.,Daily: removed
2	00:20:10.254	Custom indicator span_model US_OIL,Daily: removed
2	00:20:10.257	Custom indicator MACD-2x US_OIL,Daily: removed
2	00:20:10.259	Custom indicator MACD-2x US_OIL,Daily: removed
2	00:20:10.259	Custom indicator Laguerre-ACS1 US_OIL,Daily: removed
2	00:20:10.280	Custom indicator span_model JP225,Daily: removed
2	00:20:10.282	Custom indicator MACD-2x JP225,Daily: removed
2	00:20:10.284	Custom indicator MACD-2x JP225,Daily: removed
2	00:20:10.284	Custom indicator Laguerre-ACS1 JP225,Daily: removed
2	00:20:10.303	Custom indicator span_model SPX500,H4: removed
2	00:20:10.305	Custom indicator MACD-2x SPX500,H4: removed
2	00:20:10.306	Custom indicator MACD-2x SPX500,H4: removed
2	00:20:10.306	Custom indicator Laguerre-ACS1 SPX500,H4: removed
2	00:20:10.325	Custom indicator span_model NDX100,Daily: removed
2	00:20:10.327	Custom indicator MACD-2x NDX100,Daily: removed
2	00:20:10.329	Custom indicator MACD-2x NDX100,Daily: removed
2	00:20:10.329	Custom indicator Laguerre-ACS1 NDX100,Daily: removed
2	00:20:10.336	Custom indicator span_model USDJPY.,H1: removed
2	00:20:10.338	Custom indicator MACD-2x USDJPY.,H1: removed
2	00:20:10.340	Custom indicator MACD-2x USDJPY.,H1: removed
2	00:20:10.340	Custom indicator Laguerre-ACS1 USDJPY.,H1: removed
2	00:20:10.343	Custom indicator span_model EURJPY.,H1: removed
2	00:20:10.346	Custom indicator MACD-2x EURJPY.,H1: removed
2	00:20:10.350	Custom indicator MACD-2x EURJPY.,H1: removed
2	00:20:10.350	Custom indicator Laguerre-ACS1 EURJPY.,H1: removed
2	00:20:10.353	Custom indicator span_model EURUSD.,Daily: removed
2	00:20:10.356	Custom indicator MACD-2x EURUSD.,Daily: removed
2	00:20:10.357	Custom indicator MACD-2x EURUSD.,Daily: removed
2	00:20:10.358	Custom indicator Laguerre-ACS1 EURUSD.,Daily: removed
2	00:20:10.361	Custom indicator span_model GBPUSD.,Daily: removed
2	00:20:10.364	Custom indicator MACD-2x GBPUSD.,Daily: removed
2	00:20:10.365	Custom indicator MACD-2x GBPUSD.,Daily: removed
2	00:20:10.366	Custom indicator Laguerre-ACS1 GBPUSD.,Daily: removed
2	00:20:10.369	Custom indicator span_model GBPJPY.,Daily: removed
2	00:20:10.371	Custom indicator MACD-2x GBPJPY.,Daily: removed
2	00:20:10.373	Custom indicator MACD-2x GBPJPY.,Daily: removed
2	00:20:10.373	Custom indicator Laguerre-ACS1 GBPJPY.,Daily: removed
2	00:20:10.376	Custom indicator span_model USDCHF.,H1: removed
2	00:20:10.378	Custom indicator MACD-2x USDCHF.,H1: removed
2	00:20:10.380	Custom indicator MACD-2x USDCHF.,H1: removed
2	00:20:10.380	Custom indicator Laguerre-ACS1 USDCHF.,H1: removed
2	00:20:10.387	Custom indicator span_model USDCAD.,H1: removed
2	00:20:10.388	Custom indicator MACD-2x USDCAD.,H1: removed
2	00:20:10.390	Custom indicator MACD-2x USDCAD.,H1: removed
2	00:20:10.390	Custom indicator Laguerre-ACS1 USDCAD.,H1: removed
0	00:20:10.781	FX Trader build 1170 stopped
0	19:07:04.334	FX Trader build 1170 started (Performance Ronnaru Capital Ltd.)
0	19:07:04.334	Windows 10 Home x64, IE 11, UAC, 8 x Intel Core i7-6700HQ  @ 2.60GHz, Memory: 23710 / 32639 Mb, Disk: 140 / 264 Gb, GMT+9
0	19:07:04.334	Data Folder: C:\Users\tiany\AppData\Roaming\MetaQuotes\Terminal\79214103E7A6FC97F86082D309D0B84B
2	19:07:07.016	Custom indicator span_model EURAUD.,H1: loaded successfully
2	19:07:07.036	Custom indicator MACD-2x EURAUD.,H1: loaded successfully
2	19:07:07.054	Custom indicator MACD-2x EURAUD.,H1: loaded successfully
2	19:07:07.177	Custom indicator Laguerre-ACS1 EURAUD.,H1: loaded successfully
2	19:07:07.558	Custom indicator span_model XAUUSD.,Daily: loaded successfully
2	19:07:07.589	Custom indicator MACD-2x XAUUSD.,Daily: loaded successfully
2	19:07:07.621	Custom indicator MACD-2x XAUUSD.,Daily: loaded successfully
2	19:07:07.777	Custom indicator Laguerre-ACS1 XAUUSD.,Daily: loaded successfully
2	19:07:08.011	Custom indicator span_model JP225,Daily: loaded successfully
2	19:07:08.027	Custom indicator MACD-2x JP225,Daily: loaded successfully
2	19:07:08.042	Custom indicator MACD-2x JP225,Daily: loaded successfully
2	19:07:08.167	Custom indicator Laguerre-ACS1 JP225,Daily: loaded successfully
2	19:07:08.417	Custom indicator span_model SPX500,H4: loaded successfully
2	19:07:08.433	Custom indicator MACD-2x SPX500,H4: loaded successfully
2	19:07:08.448	Custom indicator MACD-2x SPX500,H4: loaded successfully
2	19:07:08.589	Custom indicator Laguerre-ACS1 SPX500,H4: loaded successfully
2	19:07:08.842	Custom indicator span_model US_OIL,Daily: loaded successfully
2	19:07:08.858	Custom indicator MACD-2x US_OIL,Daily: loaded successfully
2	19:07:08.873	Custom indicator MACD-2x US_OIL,Daily: loaded successfully
2	19:07:08.998	Custom indicator Laguerre-ACS1 US_OIL,Daily: loaded successfully
2	19:07:09.233	Custom indicator span_model NDX100,Daily: loaded successfully
2	19:07:09.248	Custom indicator MACD-2x NDX100,Daily: loaded successfully
2	19:07:09.264	Custom indicator MACD-2x NDX100,Daily: loaded successfully
2	19:07:09.358	Custom indicator Laguerre-ACS1 NDX100,Daily: loaded successfully
2	19:07:09.592	Custom indicator span_model USDJPY.,H1: loaded successfully
2	19:07:09.608	Custom indicator MACD-2x USDJPY.,H1: loaded successfully
2	19:07:09.623	Custom indicator MACD-2x USDJPY.,H1: loaded successfully
2	19:07:09.748	Custom indicator Laguerre-ACS1 USDJPY.,H1: loaded successfully
2	19:07:10.108	Custom indicator span_model EURJPY.,H1: loaded successfully
2	19:07:10.139	Custom indicator MACD-2x EURJPY.,H1: loaded successfully
2	19:07:10.155	Custom indicator MACD-2x EURJPY.,H1: loaded successfully
2	19:07:10.280	Custom indicator Laguerre-ACS1 EURJPY.,H1: loaded successfully
2	19:07:10.639	Custom indicator span_model EURUSD.,Daily: loaded successfully
2	19:07:10.655	Custom indicator MACD-2x EURUSD.,Daily: loaded successfully
2	19:07:10.686	Custom indicator MACD-2x EURUSD.,Daily: loaded successfully
2	19:07:10.889	Custom indicator Laguerre-ACS1 EURUSD.,Daily: loaded successfully
2	19:07:11.233	Custom indicator span_model GBPUSD.,Daily: loaded successfully
2	19:07:11.248	Custom indicator MACD-2x GBPUSD.,Daily: loaded successfully
2	19:07:11.279	Custom indicator MACD-2x GBPUSD.,Daily: loaded successfully
2	19:07:11.404	Custom indicator Laguerre-ACS1 GBPUSD.,Daily: loaded successfully
2	19:07:11.670	Custom indicator span_model GBPJPY.,Daily: loaded successfully
2	19:07:11.686	Custom indicator MACD-2x GBPJPY.,Daily: loaded successfully
2	19:07:11.701	Custom indicator MACD-2x GBPJPY.,Daily: loaded successfully
2	19:07:11.842	Custom indicator Laguerre-ACS1 GBPJPY.,Daily: loaded successfully
2	19:07:12.139	Custom indicator span_model USDCHF.,H1: loaded successfully
2	19:07:12.154	Custom indicator MACD-2x USDCHF.,H1: loaded successfully
2	19:07:12.170	Custom indicator MACD-2x USDCHF.,H1: loaded successfully
2	19:07:12.326	Custom indicator Laguerre-ACS1 USDCHF.,H1: loaded successfully
2	19:07:12.592	Custom indicator span_model USDCAD.,H1: loaded successfully
2	19:07:12.607	Custom indicator MACD-2x USDCAD.,H1: loaded successfully
2	19:07:12.623	Custom indicator MACD-2x USDCAD.,H1: loaded successfully
2	19:07:12.769	Custom indicator Laguerre-ACS1 USDCAD.,H1: loaded successfully
2	19:07:13.018	Custom indicator span_model AUDJPY.,Daily: loaded successfully
2	19:07:13.034	Custom indicator MACD-2x AUDJPY.,Daily: loaded successfully
2	19:07:13.050	Custom indicator MACD-2x AUDJPY.,Daily: loaded successfully
2	19:07:13.159	Custom indicator Laguerre-ACS1 AUDJPY.,Daily: loaded successfully
0	19:07:15.472	'120010550': login on PRC-Live through Server 7 (ping: 39.78 ms)
0	19:07:16.179	'120010550': login datacenter on PRC-Live through Server 7 (ping: 39.78 ms)
0	19:07:16.559	'120010550': previous successful authorization performed from 106.181.134.42
0	19:07:32.789	'120010550': auto connecting to a better access point Server 3 (ping is 47.63 ms)
0	19:07:33.343	'120010550': login on PRC-Live through Server 3 (ping: 47.63 ms)
0	19:07:33.922	'120010550': login datacenter on PRC-Live through Server 3 (ping: 47.63 ms)
0	19:07:34.299	'120010550': previous successful authorization performed from 106.181.134.42
2	19:09:49.017	Custom indicator span_model USDJPY.,H1: removed
2	19:09:49.019	Custom indicator MACD-2x USDJPY.,H1: removed
2	19:09:49.023	Custom indicator MACD-2x USDJPY.,H1: removed
2	19:09:49.023	Custom indicator Laguerre-ACS1 USDJPY.,H1: removed
2	19:09:49.129	Custom indicator span_model USDJPY.,H1: loaded successfully
2	19:09:49.142	Custom indicator MACD-2x USDJPY.,H1: loaded successfully
2	19:09:49.158	Custom indicator MACD-2x USDJPY.,H1: loaded successfully
2	19:09:49.246	Custom indicator Laguerre-ACS1 USDJPY.,H1: loaded successfully
2	19:59:47.790	Custom indicator span_model AUDUSD.,H1: loaded successfully
2	19:59:47.804	Custom indicator MACD-2x AUDUSD.,H1: loaded successfully
2	19:59:47.816	Custom indicator MACD-2x AUDUSD.,H1: loaded successfully
2	19:59:47.895	Custom indicator Laguerre-ACS1 AUDUSD.,H1: loaded successfully
2	20:51:19.642	Custom indicator span_model EURAUD.,H1: removed
2	20:51:19.646	Custom indicator MACD-2x EURAUD.,H1: removed
2	20:51:19.651	Custom indicator MACD-2x EURAUD.,H1: removed
2	20:51:19.651	Custom indicator Laguerre-ACS1 EURAUD.,H1: removed
2	20:51:19.704	Custom indicator span_model XAUUSD.,M15: removed
2	20:51:19.707	Custom indicator MACD-2x XAUUSD.,M15: removed
2	20:51:19.710	Custom indicator MACD-2x XAUUSD.,M15: removed
2	20:51:19.710	Custom indicator Laguerre-ACS1 XAUUSD.,M15: removed
2	20:51:19.738	Custom indicator span_model JP225,H4: removed
2	20:51:19.741	Custom indicator MACD-2x JP225,H4: removed
2	20:51:19.743	Custom indicator MACD-2x JP225,H4: removed
2	20:51:19.743	Custom indicator Laguerre-ACS1 JP225,H4: removed
2	20:51:19.772	Custom indicator span_model SPX500,H1: removed
2	20:51:19.774	Custom indicator MACD-2x SPX500,H1: removed
2	20:51:19.777	Custom indicator MACD-2x SPX500,H1: removed
2	20:51:19.777	Custom indicator Laguerre-ACS1 SPX500,H1: removed
2	20:51:19.805	Custom indicator span_model US_OIL,Daily: removed
2	20:51:19.807	Custom indicator MACD-2x US_OIL,Daily: removed
2	20:51:19.810	Custom indicator MACD-2x US_OIL,Daily: removed
2	20:51:19.810	Custom indicator Laguerre-ACS1 US_OIL,Daily: removed
2	20:51:19.816	Custom indicator span_model NDX100,Daily: removed
2	20:51:19.818	Custom indicator MACD-2x NDX100,Daily: removed
2	20:51:19.821	Custom indicator MACD-2x NDX100,Daily: removed
2	20:51:19.821	Custom indicator Laguerre-ACS1 NDX100,Daily: removed
2	20:51:19.826	Custom indicator span_model USDJPY.,Daily: removed
2	20:51:19.829	Custom indicator MACD-2x USDJPY.,Daily: removed
2	20:51:19.832	Custom indicator MACD-2x USDJPY.,Daily: removed
2	20:51:19.832	Custom indicator Laguerre-ACS1 USDJPY.,Daily: removed
2	20:51:19.837	Custom indicator span_model EURJPY.,H1: removed
2	20:51:19.840	Custom indicator MACD-2x EURJPY.,H1: removed
2	20:51:19.842	Custom indicator MACD-2x EURJPY.,H1: removed
2	20:51:19.842	Custom indicator Laguerre-ACS1 EURJPY.,H1: removed
2	20:51:19.849	Custom indicator span_model EURUSD.,Daily: removed
2	20:51:19.851	Custom indicator MACD-2x EURUSD.,Daily: removed
2	20:51:19.854	Custom indicator MACD-2x EURUSD.,Daily: removed
2	20:51:19.854	Custom indicator Laguerre-ACS1 EURUSD.,Daily: removed
2	20:51:19.859	Custom indicator span_model GBPUSD.,Daily: removed
2	20:51:19.862	Custom indicator MACD-2x GBPUSD.,Daily: removed
2	20:51:19.864	Custom indicator MACD-2x GBPUSD.,Daily: removed
2	20:51:19.864	Custom indicator Laguerre-ACS1 GBPUSD.,Daily: removed
2	20:51:19.872	Custom indicator span_model GBPJPY.,Daily: removed
2	20:51:19.874	Custom indicator MACD-2x GBPJPY.,Daily: removed
2	20:51:19.877	Custom indicator MACD-2x GBPJPY.,Daily: removed
2	20:51:19.877	Custom indicator Laguerre-ACS1 GBPJPY.,Daily: removed
2	20:51:19.904	Custom indicator span_model USDCHF.,Daily: removed
2	20:51:19.907	Custom indicator MACD-2x USDCHF.,Daily: removed
2	20:51:19.909	Custom indicator MACD-2x USDCHF.,Daily: removed
2	20:51:19.909	Custom indicator Laguerre-ACS1 USDCHF.,Daily: removed
2	20:51:19.914	Custom indicator span_model USDCAD.,H1: removed
2	20:51:19.916	Custom indicator MACD-2x USDCAD.,H1: removed
2	20:51:19.919	Custom indicator MACD-2x USDCAD.,H1: removed
2	20:51:19.919	Custom indicator Laguerre-ACS1 USDCAD.,H1: removed
2	20:51:19.925	Custom indicator span_model AUDJPY.,Daily: removed
2	20:51:19.927	Custom indicator MACD-2x AUDJPY.,Daily: removed
2	20:51:19.929	Custom indicator MACD-2x AUDJPY.,Daily: removed
2	20:51:19.930	Custom indicator Laguerre-ACS1 AUDJPY.,Daily: removed
2	20:51:19.942	Custom indicator span_model AUDUSD.,Daily: removed
2	20:51:19.945	Custom indicator MACD-2x AUDUSD.,Daily: removed
2	20:51:19.947	Custom indicator MACD-2x AUDUSD.,Daily: removed
2	20:51:19.948	Custom indicator Laguerre-ACS1 AUDUSD.,Daily: removed
0	20:51:20.428	FX Trader build 1170 stopped
0	23:48:13.914	FX Trader build 1170 started (Performance Ronnaru Capital Ltd.)
0	23:48:13.915	Windows 10 Home x64, IE 11, UAC, 8 x Intel Core i7-6700HQ  @ 2.60GHz, Memory: 23020 / 32639 Mb, Disk: 140 / 264 Gb, GMT+9
0	23:48:13.916	Data Folder: C:\Users\tiany\AppData\Roaming\MetaQuotes\Terminal\79214103E7A6FC97F86082D309D0B84B
2	23:48:17.372	Custom indicator span_model EURAUD.,H1: loaded successfully
2	23:48:17.385	Custom indicator MACD-2x EURAUD.,H1: loaded successfully
2	23:48:17.402	Custom indicator MACD-2x EURAUD.,H1: loaded successfully
2	23:48:17.509	Custom indicator Laguerre-ACS1 EURAUD.,H1: loaded successfully
2	23:48:17.779	Custom indicator span_model XAUUSD.,M15: loaded successfully
2	23:48:17.796	Custom indicator MACD-2x XAUUSD.,M15: loaded successfully
2	23:48:17.810	Custom indicator MACD-2x XAUUSD.,M15: loaded successfully
2	23:48:17.922	Custom indicator Laguerre-ACS1 XAUUSD.,M15: loaded successfully
2	23:48:18.138	Custom indicator span_model JP225,H4: loaded successfully
2	23:48:18.153	Custom indicator MACD-2x JP225,H4: loaded successfully
2	23:48:18.167	Custom indicator MACD-2x JP225,H4: loaded successfully
2	23:48:18.254	Custom indicator Laguerre-ACS1 JP225,H4: loaded successfully
2	23:48:18.492	Custom indicator span_model SPX500,H1: loaded successfully
2	23:48:18.509	Custom indicator MACD-2x SPX500,H1: loaded successfully
2	23:48:18.526	Custom indicator MACD-2x SPX500,H1: loaded successfully
2	23:48:18.658	Custom indicator Laguerre-ACS1 SPX500,H1: loaded successfully
2	23:48:18.877	Custom indicator span_model US_OIL,Daily: loaded successfully
2	23:48:18.888	Custom indicator MACD-2x US_OIL,Daily: loaded successfully
2	23:48:18.901	Custom indicator MACD-2x US_OIL,Daily: loaded successfully
2	23:48:18.998	Custom indicator Laguerre-ACS1 US_OIL,Daily: loaded successfully
2	23:48:19.159	Custom indicator span_model NDX100,Daily: loaded successfully
2	23:48:19.173	Custom indicator MACD-2x NDX100,Daily: loaded successfully
2	23:48:19.183	Custom indicator MACD-2x NDX100,Daily: loaded successfully
2	23:48:19.259	Custom indicator Laguerre-ACS1 NDX100,Daily: loaded successfully
2	23:48:19.429	Custom indicator span_model USDJPY.,Daily: loaded successfully
2	23:48:19.444	Custom indicator MACD-2x USDJPY.,Daily: loaded successfully
2	23:48:19.455	Custom indicator MACD-2x USDJPY.,Daily: loaded successfully
2	23:48:19.546	Custom indicator Laguerre-ACS1 USDJPY.,Daily: loaded successfully
2	23:48:19.748	Custom indicator span_model EURJPY.,H1: loaded successfully
2	23:48:19.759	Custom indicator MACD-2x EURJPY.,H1: loaded successfully
2	23:48:19.770	Custom indicator MACD-2x EURJPY.,H1: loaded successfully
2	23:48:19.848	Custom indicator Laguerre-ACS1 EURJPY.,H1: loaded successfully
2	23:48:20.070	Custom indicator span_model EURUSD.,Daily: loaded successfully
2	23:48:20.081	Custom indicator MACD-2x EURUSD.,Daily: loaded successfully
2	23:48:20.092	Custom indicator MACD-2x EURUSD.,Daily: loaded successfully
2	23:48:20.173	Custom indicator Laguerre-ACS1 EURUSD.,Daily: loaded successfully
2	23:48:20.332	Custom indicator span_model GBPUSD.,Daily: loaded successfully
2	23:48:20.344	Custom indicator MACD-2x GBPUSD.,Daily: loaded successfully
2	23:48:20.355	Custom indicator MACD-2x GBPUSD.,Daily: loaded successfully
2	23:48:20.427	Custom indicator Laguerre-ACS1 GBPUSD.,Daily: loaded successfully
2	23:48:20.582	Custom indicator span_model GBPJPY.,Daily: loaded successfully
2	23:48:20.593	Custom indicator MACD-2x GBPJPY.,Daily: loaded successfully
2	23:48:20.604	Custom indicator MACD-2x GBPJPY.,Daily: loaded successfully
2	23:48:20.676	Custom indicator Laguerre-ACS1 GBPJPY.,Daily: loaded successfully
2	23:48:20.863	Custom indicator span_model USDCHF.,Daily: loaded successfully
2	23:48:20.875	Custom indicator MACD-2x USDCHF.,Daily: loaded successfully
2	23:48:20.887	Custom indicator MACD-2x USDCHF.,Daily: loaded successfully
2	23:48:20.970	Custom indicator Laguerre-ACS1 USDCHF.,Daily: loaded successfully
2	23:48:21.123	Custom indicator span_model USDCAD.,H1: loaded successfully
2	23:48:21.133	Custom indicator MACD-2x USDCAD.,H1: loaded successfully
2	23:48:21.143	Custom indicator MACD-2x USDCAD.,H1: loaded successfully
2	23:48:21.209	Custom indicator Laguerre-ACS1 USDCAD.,H1: loaded successfully
2	23:48:21.359	Custom indicator span_model AUDJPY.,Daily: loaded successfully
2	23:48:21.370	Custom indicator MACD-2x AUDJPY.,Daily: loaded successfully
2	23:48:21.381	Custom indicator MACD-2x AUDJPY.,Daily: loaded successfully
2	23:48:21.448	Custom indicator Laguerre-ACS1 AUDJPY.,Daily: loaded successfully
2	23:48:21.620	Custom indicator span_model AUDUSD.,Daily: loaded successfully
2	23:48:21.635	Custom indicator MACD-2x AUDUSD.,Daily: loaded successfully
2	23:48:21.650	Custom indicator MACD-2x AUDUSD.,Daily: loaded successfully
2	23:48:21.736	Custom indicator Laguerre-ACS1 AUDUSD.,Daily: loaded successfully
0	23:48:23.693	'120010550': login on PRC-Live through Server 3 (ping: 47.63 ms)
0	23:48:24.364	'120010550': login datacenter on PRC-Live through Server 3 (ping: 47.63 ms)
0	23:48:24.686	'120010550': previous successful authorization performed from 106.133.90.56
0	23:48:41.253	'120010550': ping to current access point Server 3 is 40.02 ms
