2	02:11:41.536	Custom indicator Laguerre-ACS1 USDJPY,H4: removed
2	02:11:41.540	Custom indicator MACD USDJPY,H4: removed
2	02:11:41.546	Custom indicator Laguerre-ACS1 EURJPY,H4: removed
2	02:11:41.548	Custom indicator MACD EURJPY,H4: removed
2	02:11:41.552	Custom indicator Laguerre-ACS1 EURUSD,H4: removed
2	02:11:41.555	Custom indicator MACD EURUSD,H4: removed
2	02:11:41.560	Custom indicator Laguerre-ACS1 GBPUSD,Daily: removed
2	02:11:41.561	Custom indicator MACD GBPUSD,Daily: removed
2	02:11:41.594	Custom indicator Laguerre-ACS1 GBPJPY,H4: removed
2	02:11:41.596	Custom indicator MACD GBPJPY,H4: removed
2	02:11:41.603	Custom indicator Laguerre-ACS1 JP225,Weekly: removed
2	02:11:41.605	Custom indicator MACD JP225,Weekly: removed
2	02:11:41.627	Custom indicator Laguerre-ACS1 NDX100,H4: removed
2	02:11:41.629	Custom indicator MACD NDX100,H4: removed
2	02:11:41.635	Custom indicator Laguerre-ACS1 SPX500,H4: removed
2	02:11:41.637	Custom indicator MACD SPX500,H4: removed
2	02:11:41.660	Custom indicator Laguerre-ACS1 A50,H1: removed
2	02:11:41.662	Custom indicator MACD A50,H1: removed
2	02:11:41.685	Custom indicator Laguerre-ACS1 CHINA300,H4: removed
2	02:11:41.687	Custom indicator MACD CHINA300,H4: removed
2	02:11:41.706	Custom indicator Laguerre-ACS1 XAUUSD,Daily: removed
2	02:11:41.708	Custom indicator MACD XAUUSD,Daily: removed
2	02:11:41.717	Custom indicator Laguerre-ACS1 US_OIL,Daily: removed
2	02:11:41.719	Custom indicator MACD US_OIL,Daily: removed
0	02:11:42.082	FX Trader build 1170 stopped
0	14:38:05.371	FX Trader build 1170 started (Performance Ronnaru Capital Ltd.)
0	14:38:05.372	Windows 10 Home x64, IE 11, UAC, 8 x Intel Core i7-6700HQ  @ 2.60GHz, Memory: 24624 / 32639 Mb, Disk: 147 / 264 Gb, GMT+9
0	14:38:05.372	Data Folder: C:\Users\tiany\AppData\Roaming\MetaQuotes\Terminal\79214103E7A6FC97F86082D309D0B84B
2	14:38:07.436	Custom indicator 小鱼\Laguerre-ACS1 USDJPY,H4: loaded successfully
2	14:38:07.446	Custom indicator MACD USDJPY,H4: loaded successfully
2	14:38:07.560	Custom indicator 小鱼\Laguerre-ACS1 EURJPY,H4: loaded successfully
2	14:38:07.571	Custom indicator MACD EURJPY,H4: loaded successfully
2	14:38:07.700	Custom indicator 小鱼\Laguerre-ACS1 EURUSD,H4: loaded successfully
2	14:38:07.717	Custom indicator MACD EURUSD,H4: loaded successfully
2	14:38:07.869	Custom indicator 小鱼\Laguerre-ACS1 GBPUSD,Daily: loaded successfully
2	14:38:07.879	Custom indicator MACD GBPUSD,Daily: loaded successfully
2	14:38:07.991	Custom indicator 小鱼\Laguerre-ACS1 GBPJPY,H4: loaded successfully
2	14:38:08.001	Custom indicator MACD GBPJPY,H4: loaded successfully
2	14:38:08.120	Custom indicator 小鱼\Laguerre-ACS1 JP225,Weekly: loaded successfully
2	14:38:08.130	Custom indicator MACD JP225,Weekly: loaded successfully
2	14:38:08.249	Custom indicator 小鱼\Laguerre-ACS1 NDX100,H4: loaded successfully
2	14:38:08.261	Custom indicator MACD NDX100,H4: loaded successfully
2	14:38:08.379	Custom indicator 小鱼\Laguerre-ACS1 SPX500,H4: loaded successfully
2	14:38:08.393	Custom indicator MACD SPX500,H4: loaded successfully
2	14:38:08.519	Custom indicator 小鱼\Laguerre-ACS1 A50,H1: loaded successfully
2	14:38:08.529	Custom indicator MACD A50,H1: loaded successfully
2	14:38:08.653	Custom indicator 小鱼\Laguerre-ACS1 CHINA300,H4: loaded successfully
2	14:38:08.665	Custom indicator MACD CHINA300,H4: loaded successfully
2	14:38:08.794	Custom indicator 小鱼\Laguerre-ACS1 XAUUSD,Daily: loaded successfully
2	14:38:08.804	Custom indicator MACD XAUUSD,Daily: loaded successfully
2	14:38:08.952	Custom indicator 小鱼\Laguerre-ACS1 US_OIL,Daily: loaded successfully
2	14:38:08.963	Custom indicator MACD US_OIL,Daily: loaded successfully
0	14:38:10.244	'120010550': login on PRC-Live through Server 3 (ping: 37.33 ms)
0	14:38:11.826	'120010550': login datacenter on PRC-Live through Server 3 (ping: 37.33 ms)
0	14:38:12.457	'120010550': previous successful authorization performed from 106.181.141.5
0	14:38:29.241	'120010550': ping to current access point Server 3 is 52.27 ms
1	16:57:23.560	'120010550': datacenter connecting failed [6]
0	16:57:24.222	'120010550': login on PRC-Live through Server 3 (ping: 52.27 ms)
0	16:57:25.112	'120010550': login datacenter on PRC-Live through Server 3 (ping: 52.27 ms)
0	16:57:25.573	'120010550': previous successful authorization performed from 106.181.141.5
0	16:57:42.745	'120010550': ping to current access point Server 3 is 39.77 ms
1	20:12:03.553	'120010550': datacenter connecting failed [6]
0	20:12:04.271	'120010550': login on PRC-Live through Server 3 (ping: 39.77 ms)
0	20:12:06.120	'120010550': login datacenter on PRC-Live through Server 3 (ping: 39.77 ms)
0	20:12:06.925	'120010550': previous successful authorization performed from 106.181.141.5
0	20:12:24.842	'120010550': ping to current access point Server 3 is 79.24 ms
