2	01:19:10.444	Custom indicator Laguerre-ACS1 USDJPY.,H4: removed
2	01:19:10.449	Custom indicator MACD USDJPY.,H4: removed
2	01:19:10.481	Custom indicator Laguerre-ACS1 EURJPY.,H4: removed
2	01:19:10.484	Custom indicator MACD EURJPY.,H4: removed
2	01:19:10.510	Custom indicator Laguerre-ACS1 EURUSD.,H4: removed
2	01:19:10.512	Custom indicator MACD EURUSD.,H4: removed
2	01:19:10.518	Custom indicator Laguerre-ACS1 GBPUSD.,H4: removed
2	01:19:10.521	Custom indicator MACD GBPUSD.,H4: removed
2	01:19:10.558	Custom indicator Laguerre-ACS1 GBPJPY.,H4: removed
2	01:19:10.560	Custom indicator MACD GBPJPY.,H4: removed
2	01:19:10.587	Custom indicator Laguerre-ACS1 JP225,H4: removed
2	01:19:10.589	Custom indicator MACD JP225,H4: removed
2	01:19:10.609	Custom indicator Laguerre-ACS1 NDX100,Daily: removed
2	01:19:10.612	Custom indicator MACD NDX100,Daily: removed
2	01:19:10.633	Custom indicator Laguerre-ACS1 SPX500,Daily: removed
2	01:19:10.635	Custom indicator MACD SPX500,Daily: removed
2	01:19:10.654	Custom indicator Laguerre-ACS1 A50,Daily: removed
2	01:19:10.656	Custom indicator MACD A50,Daily: removed
2	01:19:10.676	Custom indicator Laguerre-ACS1 XAUUSD.,Daily: removed
2	01:19:10.679	Custom indicator MACD XAUUSD.,Daily: removed
2	01:19:10.688	Custom indicator Laguerre-ACS1 US_OIL,Daily: removed
2	01:19:10.690	Custom indicator MACD US_OIL,Daily: removed
0	01:19:11.070	FX Trader build 1170 stopped
0	01:19:52.248	FX Trader build 1170 started (Performance Ronnaru Capital Ltd.)
0	01:19:52.249	Windows 10 Home x64, IE 11, UAC, 8 x Intel Core i7-6700HQ  @ 2.60GHz, Memory: 25302 / 32639 Mb, Disk: 145 / 264 Gb, GMT+9
0	01:19:52.249	Data Folder: C:\Users\tiany\AppData\Roaming\MetaQuotes\Terminal\79214103E7A6FC97F86082D309D0B84B
2	01:19:54.756	Custom indicator 小鱼\Laguerre-ACS1 USDJPY.,H4: loaded successfully
2	01:19:54.769	Custom indicator MACD USDJPY.,H4: loaded successfully
2	01:19:54.941	Custom indicator 小鱼\Laguerre-ACS1 EURJPY.,H4: loaded successfully
2	01:19:54.954	Custom indicator MACD EURJPY.,H4: loaded successfully
2	01:19:55.151	Custom indicator 小鱼\Laguerre-ACS1 EURUSD.,H4: loaded successfully
2	01:19:55.166	Custom indicator MACD EURUSD.,H4: loaded successfully
2	01:19:55.375	Custom indicator 小鱼\Laguerre-ACS1 GBPUSD.,H4: loaded successfully
2	01:19:55.387	Custom indicator MACD GBPUSD.,H4: loaded successfully
2	01:19:55.602	Custom indicator 小鱼\Laguerre-ACS1 GBPJPY.,H4: loaded successfully
2	01:19:55.615	Custom indicator MACD GBPJPY.,H4: loaded successfully
2	01:19:55.758	Custom indicator 小鱼\Laguerre-ACS1 JP225,H4: loaded successfully
2	01:19:55.772	Custom indicator MACD JP225,H4: loaded successfully
2	01:19:56.012	Custom indicator 小鱼\Laguerre-ACS1 NDX100,Daily: loaded successfully
2	01:19:56.028	Custom indicator MACD NDX100,Daily: loaded successfully
2	01:19:56.168	Custom indicator 小鱼\Laguerre-ACS1 SPX500,Daily: loaded successfully
2	01:19:56.182	Custom indicator MACD SPX500,Daily: loaded successfully
2	01:19:56.410	Custom indicator 小鱼\Laguerre-ACS1 A50,Daily: loaded successfully
2	01:19:56.422	Custom indicator MACD A50,Daily: loaded successfully
2	01:19:56.628	Custom indicator 小鱼\Laguerre-ACS1 XAUUSD.,Daily: loaded successfully
2	01:19:56.640	Custom indicator MACD XAUUSD.,Daily: loaded successfully
2	01:19:56.863	Custom indicator 小鱼\Laguerre-ACS1 US_OIL,Daily: loaded successfully
2	01:19:56.878	Custom indicator MACD US_OIL,Daily: loaded successfully
0	01:20:00.092	'120010550': login on PRC-Live through Server 3 (ping: 45.67 ms)
0	01:20:00.781	'120010550': login datacenter on PRC-Live through Server 3 (ping: 45.67 ms)
0	01:20:01.062	'120010550': previous successful authorization performed from 106.181.137.209
0	01:20:17.507	'120010550': ping to current access point Server 3 is 34.05 ms
2	01:20:58.388	Custom indicator Laguerre-ACS1 USDJPY.,H4: removed
2	01:20:58.391	Custom indicator MACD USDJPY.,H4: removed
2	01:20:58.440	Custom indicator Laguerre-ACS1 EURJPY.,H4: removed
2	01:20:58.443	Custom indicator MACD EURJPY.,H4: removed
2	01:20:58.465	Custom indicator Laguerre-ACS1 EURUSD.,H4: removed
2	01:20:58.468	Custom indicator MACD EURUSD.,H4: removed
2	01:20:58.492	Custom indicator Laguerre-ACS1 GBPUSD.,H4: removed
2	01:20:58.495	Custom indicator MACD GBPUSD.,H4: removed
2	01:20:58.521	Custom indicator Laguerre-ACS1 GBPJPY.,H4: removed
2	01:20:58.524	Custom indicator MACD GBPJPY.,H4: removed
2	01:20:58.547	Custom indicator Laguerre-ACS1 JP225,H4: removed
2	01:20:58.550	Custom indicator MACD JP225,H4: removed
2	01:20:58.568	Custom indicator Laguerre-ACS1 NDX100,Daily: removed
2	01:20:58.571	Custom indicator MACD NDX100,Daily: removed
2	01:20:58.590	Custom indicator Laguerre-ACS1 SPX500,Daily: removed
2	01:20:58.592	Custom indicator MACD SPX500,Daily: removed
2	01:20:58.611	Custom indicator Laguerre-ACS1 A50,Daily: removed
2	01:20:58.613	Custom indicator MACD A50,Daily: removed
2	01:20:58.631	Custom indicator Laguerre-ACS1 XAUUSD.,Daily: removed
2	01:20:58.633	Custom indicator MACD XAUUSD.,Daily: removed
2	01:20:58.643	Custom indicator Laguerre-ACS1 US_OIL,Daily: removed
2	01:20:58.645	Custom indicator MACD US_OIL,Daily: removed
0	01:20:59.082	FX Trader build 1170 stopped
0	21:50:31.819	FX Trader build 1170 started (Performance Ronnaru Capital Ltd.)
0	21:50:31.819	Windows 10 Home x64, IE 11, UAC, 8 x Intel Core i7-6700HQ  @ 2.60GHz, Memory: 25812 / 32639 Mb, Disk: 146 / 264 Gb, GMT+9
0	21:50:31.819	Data Folder: C:\Users\tiany\AppData\Roaming\MetaQuotes\Terminal\79214103E7A6FC97F86082D309D0B84B
2	21:50:34.879	Custom indicator 小鱼\Laguerre-ACS1 USDJPY.,H4: loaded successfully
2	21:50:34.891	Custom indicator MACD USDJPY.,H4: loaded successfully
2	21:50:35.021	Custom indicator 小鱼\Laguerre-ACS1 EURJPY.,H4: loaded successfully
2	21:50:35.036	Custom indicator MACD EURJPY.,H4: loaded successfully
2	21:50:35.213	Custom indicator 小鱼\Laguerre-ACS1 EURUSD.,H4: loaded successfully
2	21:50:35.224	Custom indicator MACD EURUSD.,H4: loaded successfully
2	21:50:35.383	Custom indicator 小鱼\Laguerre-ACS1 GBPUSD.,H4: loaded successfully
2	21:50:35.400	Custom indicator MACD GBPUSD.,H4: loaded successfully
2	21:50:35.569	Custom indicator 小鱼\Laguerre-ACS1 GBPJPY.,H4: loaded successfully
2	21:50:35.586	Custom indicator MACD GBPJPY.,H4: loaded successfully
2	21:50:35.766	Custom indicator 小鱼\Laguerre-ACS1 JP225,H4: loaded successfully
2	21:50:35.786	Custom indicator MACD JP225,H4: loaded successfully
2	21:50:35.988	Custom indicator 小鱼\Laguerre-ACS1 NDX100,Daily: loaded successfully
2	21:50:36.006	Custom indicator MACD NDX100,Daily: loaded successfully
2	21:50:36.179	Custom indicator 小鱼\Laguerre-ACS1 SPX500,Daily: loaded successfully
2	21:50:36.189	Custom indicator MACD SPX500,Daily: loaded successfully
2	21:50:36.348	Custom indicator 小鱼\Laguerre-ACS1 A50,Daily: loaded successfully
2	21:50:36.361	Custom indicator MACD A50,Daily: loaded successfully
2	21:50:36.532	Custom indicator 小鱼\Laguerre-ACS1 XAUUSD.,Daily: loaded successfully
2	21:50:36.552	Custom indicator MACD XAUUSD.,Daily: loaded successfully
2	21:50:36.691	Custom indicator 小鱼\Laguerre-ACS1 US_OIL,Daily: loaded successfully
2	21:50:36.706	Custom indicator MACD US_OIL,Daily: loaded successfully
0	21:50:39.157	'120010550': login on PRC-Live through Server 3 (ping: 34.05 ms)
0	21:50:40.030	'120010550': login datacenter on PRC-Live through Server 3 (ping: 34.05 ms)
0	21:50:40.384	'120010550': previous successful authorization performed from 106.181.127.154
0	21:50:58.656	'120010550': ping to current access point Server 3 is 49.98 ms
0	22:11:44.738	'120010550': modify order #10848770 sell 0.01 JP225 at 21713 sl: 0 tp: 21674 -> sl: 0 tp: 21675
0	22:11:45.072	'120010550': order #10848770 sell 0.01 JP225 at 21713 was modified -> sl: 0 tp: 21675
0	22:11:46.410	'120010550': modify order #10848770 sell 0.01 JP225 at 21713 sl: 0 tp: 21675 -> sl: 0 tp: 0
0	22:11:47.076	'120010550': order #10848770 sell 0.01 JP225 at 21713 was modified -> sl: 0 tp: 0
2	23:26:07.959	Custom indicator Laguerre-ACS1 JP225,M30: removed
2	23:26:07.965	Custom indicator MACD JP225,M30: removed
2	23:26:24.047	Custom indicator 小鱼\Laguerre-ACS1 JP225,H1: loaded successfully
2	23:26:24.058	Custom indicator MACD JP225,H1: loaded successfully
