0	14:24:19.085	FX Trader build 1170 started (Performance Ronnaru Capital Ltd.)
0	14:24:19.085	Windows 10 Home x64, IE 11, UAC, 8 x Intel Core i7-6700HQ  @ 2.60GHz, Memory: 24212 / 32639 Mb, Disk: 139 / 264 Gb, GMT+9
0	14:24:19.085	Data Folder: C:\Users\tiany\AppData\Roaming\MetaQuotes\Terminal\79214103E7A6FC97F86082D309D0B84B
2	14:24:21.413	Custom indicator MACD-2x USDXXX,H4: loaded successfully
2	14:24:21.486	Custom indicator Laguerre-ACS1 USDXXX,H4: loaded successfully
2	14:24:21.535	Custom indicator SupResZone_MTF XAUUSD.,H1: loaded successfully
2	14:24:21.544	Custom indicator SupResZone_MTF XAUUSD.,H1: loaded successfully
2	14:24:21.556	Custom indicator SupResZone_MTF XAUUSD.,H1: loaded successfully
2	14:24:21.567	Custom indicator SupResZone_MTF XAUUSD.,H1: loaded successfully
2	14:24:21.576	Custom indicator MACD-2x XAUUSD.,H1: loaded successfully
2	14:24:21.646	Custom indicator Laguerre-ACS1 XAUUSD.,H1: loaded successfully
2	14:24:21.856	Custom indicator SupResZone_MTF XAGUSD.,H4: loaded successfully
2	14:24:21.867	Custom indicator SupResZone_MTF XAGUSD.,H4: loaded successfully
2	14:24:21.878	Custom indicator SupResZone_MTF XAGUSD.,H4: loaded successfully
2	14:24:21.889	Custom indicator SupResZone_MTF XAGUSD.,H4: loaded successfully
2	14:24:21.898	Custom indicator MACD-2x XAGUSD.,H4: loaded successfully
2	14:24:21.970	Custom indicator Laguerre-ACS1 XAGUSD.,H4: loaded successfully
2	14:24:22.134	Custom indicator SupResZone_MTF US_OIL,H1: loaded successfully
2	14:24:22.143	Custom indicator SupResZone_MTF US_OIL,H1: loaded successfully
2	14:24:22.153	Custom indicator SupResZone_MTF US_OIL,H1: loaded successfully
2	14:24:22.163	Custom indicator SupResZone_MTF US_OIL,H1: loaded successfully
2	14:24:22.174	Custom indicator MACD-2x US_OIL,H1: loaded successfully
2	14:24:22.245	Custom indicator Laguerre-ACS1 US_OIL,H1: loaded successfully
2	14:24:22.509	Custom indicator SupResZone_MTF JP225,H1: loaded successfully
2	14:24:22.519	Custom indicator SupResZone_MTF JP225,H1: loaded successfully
2	14:24:22.530	Custom indicator SupResZone_MTF JP225,H1: loaded successfully
2	14:24:22.541	Custom indicator SupResZone_MTF JP225,H1: loaded successfully
2	14:24:22.551	Custom indicator MACD-2x JP225,H1: loaded successfully
2	14:24:22.624	Custom indicator Laguerre-ACS1 JP225,H1: loaded successfully
2	14:24:22.865	Custom indicator SupResZone_MTF SPX500,H1: loaded successfully
2	14:24:22.876	Custom indicator SupResZone_MTF SPX500,H1: loaded successfully
2	14:24:22.887	Custom indicator SupResZone_MTF SPX500,H1: loaded successfully
2	14:24:22.899	Custom indicator SupResZone_MTF SPX500,H1: loaded successfully
2	14:24:22.909	Custom indicator MACD-2x SPX500,H1: loaded successfully
2	14:24:22.991	Custom indicator Laguerre-ACS1 SPX500,H1: loaded successfully
2	14:24:23.309	Custom indicator SupResZone_MTF EURAUD.,H4: loaded successfully
2	14:24:23.322	Custom indicator SupResZone_MTF EURAUD.,H4: loaded successfully
2	14:24:23.333	Custom indicator SupResZone_MTF EURAUD.,H4: loaded successfully
2	14:24:23.344	Custom indicator SupResZone_MTF EURAUD.,H4: loaded successfully
2	14:24:23.353	Custom indicator MACD-2x EURAUD.,H4: loaded successfully
2	14:24:23.425	Custom indicator Laguerre-ACS1 EURAUD.,H4: loaded successfully
2	14:24:23.605	Custom indicator SupResZone_MTF AUDJPY.,H4: loaded successfully
2	14:24:23.617	Custom indicator SupResZone_MTF AUDJPY.,H4: loaded successfully
2	14:24:23.631	Custom indicator SupResZone_MTF AUDJPY.,H4: loaded successfully
2	14:24:23.640	Custom indicator SupResZone_MTF AUDJPY.,H4: loaded successfully
2	14:24:23.651	Custom indicator MACD-2x AUDJPY.,H4: loaded successfully
2	14:24:23.722	Custom indicator Laguerre-ACS1 AUDJPY.,H4: loaded successfully
2	14:24:23.910	Custom indicator SupResZone_MTF AUDUSD.,H4: loaded successfully
2	14:24:23.921	Custom indicator SupResZone_MTF AUDUSD.,H4: loaded successfully
2	14:24:23.931	Custom indicator SupResZone_MTF AUDUSD.,H4: loaded successfully
2	14:24:23.941	Custom indicator SupResZone_MTF AUDUSD.,H4: loaded successfully
2	14:24:23.952	Custom indicator MACD-2x AUDUSD.,H4: loaded successfully
2	14:24:24.023	Custom indicator Laguerre-ACS1 AUDUSD.,H4: loaded successfully
2	14:24:24.265	Custom indicator SupResZone_MTF USDJPY.,H1: loaded successfully
2	14:24:24.276	Custom indicator SupResZone_MTF USDJPY.,H1: loaded successfully
2	14:24:24.287	Custom indicator SupResZone_MTF USDJPY.,H1: loaded successfully
2	14:24:24.297	Custom indicator SupResZone_MTF USDJPY.,H1: loaded successfully
2	14:24:24.308	Custom indicator MACD-2x USDJPY.,H1: loaded successfully
2	14:24:24.382	Custom indicator Laguerre-ACS1 USDJPY.,H1: loaded successfully
2	14:24:24.614	Custom indicator SupResZone_MTF EURJPY.,H1: loaded successfully
2	14:24:24.625	Custom indicator SupResZone_MTF EURJPY.,H1: loaded successfully
2	14:24:24.636	Custom indicator SupResZone_MTF EURJPY.,H1: loaded successfully
2	14:24:24.646	Custom indicator SupResZone_MTF EURJPY.,H1: loaded successfully
2	14:24:24.655	Custom indicator MACD-2x EURJPY.,H1: loaded successfully
2	14:24:24.725	Custom indicator Laguerre-ACS1 EURJPY.,H1: loaded successfully
2	14:24:24.982	Custom indicator SupResZone_MTF EURUSD.,H4: loaded successfully
2	14:24:24.993	Custom indicator SupResZone_MTF EURUSD.,H4: loaded successfully
2	14:24:25.004	Custom indicator SupResZone_MTF EURUSD.,H4: loaded successfully
2	14:24:25.014	Custom indicator SupResZone_MTF EURUSD.,H4: loaded successfully
2	14:24:25.024	Custom indicator MACD-2x EURUSD.,H4: loaded successfully
2	14:24:25.093	Custom indicator Laguerre-ACS1 EURUSD.,H4: loaded successfully
2	14:24:25.323	Custom indicator SupResZone_MTF GBPUSD.,H4: loaded successfully
2	14:24:25.334	Custom indicator SupResZone_MTF GBPUSD.,H4: loaded successfully
2	14:24:25.345	Custom indicator SupResZone_MTF GBPUSD.,H4: loaded successfully
2	14:24:25.365	Custom indicator SupResZone_MTF GBPUSD.,H4: loaded successfully
2	14:24:25.377	Custom indicator MACD-2x GBPUSD.,H4: loaded successfully
2	14:24:25.445	Custom indicator Laguerre-ACS1 GBPUSD.,H4: loaded successfully
2	14:24:25.656	Custom indicator SupResZone_MTF USDCAD.,Daily: loaded successfully
2	14:24:25.667	Custom indicator SupResZone_MTF USDCAD.,Daily: loaded successfully
2	14:24:25.677	Custom indicator SupResZone_MTF USDCAD.,Daily: loaded successfully
2	14:24:25.686	Custom indicator SupResZone_MTF USDCAD.,Daily: loaded successfully
2	14:24:25.697	Custom indicator MACD-2x USDCAD.,Daily: loaded successfully
2	14:24:25.768	Custom indicator Laguerre-ACS1 USDCAD.,Daily: loaded successfully
2	14:24:25.949	Custom indicator SupResZone_MTF USDCHF.,Daily: loaded successfully
2	14:24:25.960	Custom indicator SupResZone_MTF USDCHF.,Daily: loaded successfully
2	14:24:25.971	Custom indicator SupResZone_MTF USDCHF.,Daily: loaded successfully
2	14:24:25.982	Custom indicator SupResZone_MTF USDCHF.,Daily: loaded successfully
2	14:24:25.992	Custom indicator MACD-2x USDCHF.,Daily: loaded successfully
2	14:24:26.076	Custom indicator Laguerre-ACS1 USDCHF.,Daily: loaded successfully
2	14:24:26.272	Custom indicator MACD-2x USDCNH,Daily: loaded successfully
2	14:24:26.293	Custom indicator MACD-2x USDCNH,Daily: loaded successfully
2	14:24:26.367	Custom indicator Laguerre-ACS1 USDCNH,Daily: loaded successfully
2	14:24:26.446	Custom indicator GMMA Long USDJPY.,H1: loaded successfully
2	14:24:26.456	Custom indicator GMMA Short USDJPY.,H1: loaded successfully
2	14:24:26.465	Custom indicator 23MTF_MovingAverageIGOR USDJPY.,H1: loaded successfully
2	14:24:26.473	Custom indicator 23MTF_MovingAverageIGOR USDJPY.,H1: loaded successfully
2	14:24:26.483	Custom indicator SupResZone_MTF USDJPY.,H1: loaded successfully
2	14:24:26.494	Custom indicator SupResZone_MTF USDJPY.,H1: loaded successfully
2	14:24:26.504	Custom indicator MACD-2x USDJPY.,H1: loaded successfully
0	14:24:28.444	'120010550': login on PRC-Live through Server 7 (ping: 63.74 ms)
0	14:24:29.810	'120010550': login datacenter on PRC-Live through Server 7 (ping: 63.74 ms)
0	14:24:30.176	'120010550': previous successful authorization performed from 106.181.142.209
0	14:24:46.311	'120010550': auto connecting to a better access point Server 3 (ping is 59.47 ms)
0	14:24:46.964	'120010550': login on PRC-Live through Server 3 (ping: 59.47 ms)
0	14:24:47.825	'120010550': login datacenter on PRC-Live through Server 3 (ping: 59.47 ms)
0	14:24:48.121	'120010550': previous successful authorization performed from 106.181.128.169
1	18:01:25.201	'120010550': ping failed
1	18:01:25.441	'120010550': connect failed [No connection]
0	18:01:31.238	'120010550': login on PRC-Live through Server 8 (ping: n/a)
0	18:01:32.918	'120010550': login datacenter on PRC-Live through Server 8 (ping: n/a)
0	18:01:33.418	'120010550': previous successful authorization performed from 106.133.98.3
0	19:01:08.762	'120010550': auto connecting to a better access point Server 3 (ping is 59.37 ms)
1	19:01:09.135	'120010550': connect failed [No connection]
0	19:01:14.658	'120010550': login on PRC-Live through Server 3 (ping: 59.37 ms)
0	19:01:15.243	'120010550': login datacenter on PRC-Live through Server 3 (ping: 59.37 ms)
0	19:01:15.545	'120010550': previous successful authorization performed from 106.181.128.169
0	23:46:33.527	'120010550': login on PRC-Live through Server 3 (ping: 59.37 ms)
0	23:46:34.307	'120010550': login datacenter on PRC-Live through Server 3 (ping: 59.37 ms)
0	23:46:34.671	'120010550': previous successful authorization performed from 106.181.128.169
0	23:46:52.094	'120010550': auto connecting to a better access point Server 7 (ping is 49.70 ms)
0	23:46:52.648	'120010550': login on PRC-Live through Server 7 (ping: 49.70 ms)
0	23:46:53.824	'120010550': login datacenter on PRC-Live through Server 7 (ping: 49.70 ms)
0	23:46:54.220	'120010550': previous successful authorization performed from 106.181.128.169
