0	20:33:46.917	FX Trader build 1170 started (Performance Ronnaru Capital Ltd.)
0	20:33:46.918	Windows 10 Home x64, IE 11, UAC, 8 x Intel Core i7-6700HQ  @ 2.60GHz, Memory: 26299 / 32639 Mb, Disk: 131 / 264 Gb, GMT+8
0	20:33:46.918	Data Folder: C:\Users\tiany\AppData\Roaming\MetaQuotes\Terminal\79214103E7A6FC97F86082D309D0B84B
2	20:33:48.903	Custom indicator SupResZone_MTF USDXXX,Daily: loaded successfully
2	20:33:48.916	Custom indicator SupResZone_MTF USDXXX,Daily: loaded successfully
2	20:33:48.926	Custom indicator SupResZone_MTF USDXXX,Daily: loaded successfully
2	20:33:48.938	Custom indicator SupResZone_MTF USDXXX,Daily: loaded successfully
2	20:33:48.949	Custom indicator MACD-2x USDXXX,Daily: loaded successfully
2	20:33:49.019	Custom indicator Laguerre-ACS1 USDXXX,Daily: loaded successfully
2	20:33:49.212	Custom indicator SupResZone_MTF XAUUSD.,H4: loaded successfully
2	20:33:49.225	Custom indicator SupResZone_MTF XAUUSD.,H4: loaded successfully
2	20:33:49.236	Custom indicator SupResZone_MTF XAUUSD.,H4: loaded successfully
2	20:33:49.247	Custom indicator SupResZone_MTF XAUUSD.,H4: loaded successfully
2	20:33:49.259	Custom indicator MACD-2x XAUUSD.,H4: loaded successfully
2	20:33:49.330	Custom indicator Laguerre-ACS1 XAUUSD.,H4: loaded successfully
2	20:33:49.541	Custom indicator SupResZone_MTF XAGUSD.,H4: loaded successfully
2	20:33:49.551	Custom indicator SupResZone_MTF XAGUSD.,H4: loaded successfully
2	20:33:49.562	Custom indicator SupResZone_MTF XAGUSD.,H4: loaded successfully
2	20:33:49.573	Custom indicator SupResZone_MTF XAGUSD.,H4: loaded successfully
2	20:33:49.583	Custom indicator MACD-2x XAGUSD.,H4: loaded successfully
2	20:33:49.655	Custom indicator Laguerre-ACS1 XAGUSD.,H4: loaded successfully
2	20:33:49.855	Custom indicator SupResZone_MTF US_OIL,H4: loaded successfully
2	20:33:49.865	Custom indicator SupResZone_MTF US_OIL,H4: loaded successfully
2	20:33:49.875	Custom indicator SupResZone_MTF US_OIL,H4: loaded successfully
2	20:33:49.886	Custom indicator SupResZone_MTF US_OIL,H4: loaded successfully
2	20:33:49.897	Custom indicator MACD-2x US_OIL,H4: loaded successfully
2	20:33:49.968	Custom indicator Laguerre-ACS1 US_OIL,H4: loaded successfully
2	20:33:50.187	Custom indicator SupResZone_MTF JP225,H1: loaded successfully
2	20:33:50.200	Custom indicator SupResZone_MTF JP225,H1: loaded successfully
2	20:33:50.210	Custom indicator SupResZone_MTF JP225,H1: loaded successfully
2	20:33:50.220	Custom indicator SupResZone_MTF JP225,H1: loaded successfully
2	20:33:50.231	Custom indicator MACD-2x JP225,H1: loaded successfully
2	20:33:50.303	Custom indicator Laguerre-ACS1 JP225,H1: loaded successfully
2	20:33:50.589	Custom indicator SupResZone_MTF SPX500,H1: loaded successfully
2	20:33:50.604	Custom indicator SupResZone_MTF SPX500,H1: loaded successfully
2	20:33:50.626	Custom indicator SupResZone_MTF SPX500,H1: loaded successfully
2	20:33:50.637	Custom indicator SupResZone_MTF SPX500,H1: loaded successfully
2	20:33:50.647	Custom indicator MACD-2x SPX500,H1: loaded successfully
2	20:33:50.719	Custom indicator Laguerre-ACS1 SPX500,H1: loaded successfully
2	20:33:51.038	Custom indicator SupResZone_MTF EURAUD.,H4: loaded successfully
2	20:33:51.052	Custom indicator SupResZone_MTF EURAUD.,H4: loaded successfully
2	20:33:51.062	Custom indicator SupResZone_MTF EURAUD.,H4: loaded successfully
2	20:33:51.073	Custom indicator SupResZone_MTF EURAUD.,H4: loaded successfully
2	20:33:51.085	Custom indicator MACD-2x EURAUD.,H4: loaded successfully
2	20:33:51.156	Custom indicator Laguerre-ACS1 EURAUD.,H4: loaded successfully
2	20:33:51.332	Custom indicator SupResZone_MTF AUDJPY.,H1: loaded successfully
2	20:33:51.344	Custom indicator SupResZone_MTF AUDJPY.,H1: loaded successfully
2	20:33:51.355	Custom indicator SupResZone_MTF AUDJPY.,H1: loaded successfully
2	20:33:51.367	Custom indicator SupResZone_MTF AUDJPY.,H1: loaded successfully
2	20:33:51.377	Custom indicator MACD-2x AUDJPY.,H1: loaded successfully
2	20:33:51.449	Custom indicator Laguerre-ACS1 AUDJPY.,H1: loaded successfully
2	20:33:51.657	Custom indicator SupResZone_MTF AUDUSD.,H1: loaded successfully
2	20:33:51.667	Custom indicator SupResZone_MTF AUDUSD.,H1: loaded successfully
2	20:33:51.678	Custom indicator SupResZone_MTF AUDUSD.,H1: loaded successfully
2	20:33:51.688	Custom indicator SupResZone_MTF AUDUSD.,H1: loaded successfully
2	20:33:51.699	Custom indicator MACD-2x AUDUSD.,H1: loaded successfully
2	20:33:51.792	Custom indicator Laguerre-ACS1 AUDUSD.,H1: loaded successfully
2	20:33:52.018	Custom indicator SupResZone_MTF USDJPY.,Daily: loaded successfully
2	20:33:52.029	Custom indicator SupResZone_MTF USDJPY.,Daily: loaded successfully
2	20:33:52.040	Custom indicator SupResZone_MTF USDJPY.,Daily: loaded successfully
2	20:33:52.049	Custom indicator SupResZone_MTF USDJPY.,Daily: loaded successfully
2	20:33:52.060	Custom indicator MACD-2x USDJPY.,Daily: loaded successfully
2	20:33:52.132	Custom indicator Laguerre-ACS1 USDJPY.,Daily: loaded successfully
2	20:33:52.315	Custom indicator SupResZone_MTF EURJPY.,H4: loaded successfully
2	20:33:52.326	Custom indicator SupResZone_MTF EURJPY.,H4: loaded successfully
2	20:33:52.336	Custom indicator SupResZone_MTF EURJPY.,H4: loaded successfully
2	20:33:52.346	Custom indicator SupResZone_MTF EURJPY.,H4: loaded successfully
2	20:33:52.356	Custom indicator MACD-2x EURJPY.,H4: loaded successfully
2	20:33:52.428	Custom indicator Laguerre-ACS1 EURJPY.,H4: loaded successfully
2	20:33:52.710	Custom indicator SupResZone_MTF EURUSD.,H4: loaded successfully
2	20:33:52.729	Custom indicator SupResZone_MTF EURUSD.,H4: loaded successfully
2	20:33:52.740	Custom indicator SupResZone_MTF EURUSD.,H4: loaded successfully
2	20:33:52.751	Custom indicator SupResZone_MTF EURUSD.,H4: loaded successfully
2	20:33:52.762	Custom indicator MACD-2x EURUSD.,H4: loaded successfully
2	20:33:52.834	Custom indicator Laguerre-ACS1 EURUSD.,H4: loaded successfully
2	20:33:53.112	Custom indicator SupResZone_MTF GBPJPY.,H4: loaded successfully
2	20:33:53.122	Custom indicator SupResZone_MTF GBPJPY.,H4: loaded successfully
2	20:33:53.133	Custom indicator SupResZone_MTF GBPJPY.,H4: loaded successfully
2	20:33:53.144	Custom indicator SupResZone_MTF GBPJPY.,H4: loaded successfully
2	20:33:53.153	Custom indicator MACD-2x GBPJPY.,H4: loaded successfully
2	20:33:53.224	Custom indicator Laguerre-ACS1 GBPJPY.,H4: loaded successfully
2	20:33:53.433	Custom indicator SupResZone_MTF GBPUSD.,H4: loaded successfully
2	20:33:53.445	Custom indicator SupResZone_MTF GBPUSD.,H4: loaded successfully
2	20:33:53.455	Custom indicator SupResZone_MTF GBPUSD.,H4: loaded successfully
2	20:33:53.465	Custom indicator SupResZone_MTF GBPUSD.,H4: loaded successfully
2	20:33:53.476	Custom indicator MACD-2x GBPUSD.,H4: loaded successfully
2	20:33:53.549	Custom indicator Laguerre-ACS1 GBPUSD.,H4: loaded successfully
2	20:33:53.807	Custom indicator SupResZone_MTF USDCAD.,H4: loaded successfully
2	20:33:53.818	Custom indicator SupResZone_MTF USDCAD.,H4: loaded successfully
2	20:33:53.829	Custom indicator SupResZone_MTF USDCAD.,H4: loaded successfully
2	20:33:53.841	Custom indicator SupResZone_MTF USDCAD.,H4: loaded successfully
2	20:33:53.850	Custom indicator MACD-2x USDCAD.,H4: loaded successfully
2	20:33:53.923	Custom indicator Laguerre-ACS1 USDCAD.,H4: loaded successfully
2	20:33:54.119	Custom indicator SupResZone_MTF USDCHF.,H4: loaded successfully
2	20:33:54.131	Custom indicator SupResZone_MTF USDCHF.,H4: loaded successfully
2	20:33:54.142	Custom indicator SupResZone_MTF USDCHF.,H4: loaded successfully
2	20:33:54.152	Custom indicator SupResZone_MTF USDCHF.,H4: loaded successfully
2	20:33:54.162	Custom indicator MACD-2x USDCHF.,H4: loaded successfully
2	20:33:54.235	Custom indicator Laguerre-ACS1 USDCHF.,H4: loaded successfully
2	20:33:54.449	Custom indicator SupResZone_MTF USDCNH,Daily: loaded successfully
2	20:33:54.461	Custom indicator SupResZone_MTF USDCNH,Daily: loaded successfully
2	20:33:54.472	Custom indicator SupResZone_MTF USDCNH,Daily: loaded successfully
2	20:33:54.482	Custom indicator SupResZone_MTF USDCNH,Daily: loaded successfully
2	20:33:54.493	Custom indicator MACD-2x USDCNH,Daily: loaded successfully
2	20:33:54.569	Custom indicator Laguerre-ACS1 USDCNH,Daily: loaded successfully
2	20:33:54.757	Custom indicator GMMA Long USDJPY.,H4: loaded successfully
2	20:33:54.767	Custom indicator GMMA Short USDJPY.,H4: loaded successfully
2	20:33:54.775	Custom indicator 23MTF_MovingAverageIGOR USDJPY.,H4: loaded successfully
2	20:33:54.783	Custom indicator 23MTF_MovingAverageIGOR USDJPY.,H4: loaded successfully
2	20:33:54.793	Custom indicator SupResZone_MTF USDJPY.,H4: loaded successfully
2	20:33:54.805	Custom indicator SupResZone_MTF USDJPY.,H4: loaded successfully
2	20:33:54.815	Custom indicator MACD-2x USDJPY.,H4: loaded successfully
2	20:33:55.056	Custom indicator SupResZone_MTF CHINA300,Daily: loaded successfully
2	20:33:55.067	Custom indicator SupResZone_MTF CHINA300,Daily: loaded successfully
2	20:33:55.078	Custom indicator SupResZone_MTF CHINA300,Daily: loaded successfully
2	20:33:55.089	Custom indicator SupResZone_MTF CHINA300,Daily: loaded successfully
2	20:33:55.099	Custom indicator MACD-2x CHINA300,Daily: loaded successfully
2	20:33:55.171	Custom indicator Laguerre-ACS1 CHINA300,Daily: loaded successfully
2	20:33:55.360	Custom indicator 23MTF_MovingAverageIGOR CADJPY.,H1: loaded successfully
2	20:33:55.371	Custom indicator ADR CADJPY.,H1: loaded successfully
2	20:33:55.380	Custom indicator SupResZone_MTF CADJPY.,H1: loaded successfully
2	20:33:55.452	Custom indicator Laguerre-ACS1 CADJPY.,H1: loaded successfully
2	20:33:55.463	Custom indicator MACD-2x CADJPY.,H1: loaded successfully
0	20:33:58.153	'120010550': login on PRC-Live through Server 5 (ping: 98.16 ms)
0	20:34:00.933	'120010550': login datacenter on PRC-Live through Server 5 (ping: 98.16 ms)
0	20:34:01.434	'120010550': previous successful authorization performed from 101.131.181.234
0	20:34:45.774	'120010550': ping to current access point Server 5 is 101.45 ms
