0	02:56:48.105	FX Trader build 1170 started (Performance Ronnaru Capital Ltd.)
0	02:56:48.106	Windows 10 Home x64, IE 11, UAC, 8 x Intel Core i7-6700HQ  @ 2.60GHz, Memory: 27036 / 32639 Mb, Disk: 154 / 264 Gb, GMT+9
0	02:56:48.106	Data Folder: C:\Users\tiany\AppData\Roaming\MetaQuotes\Terminal\79214103E7A6FC97F86082D309D0B84B
2	02:56:50.129	Custom indicator 小鱼\Laguerre-ACS1 USDJPY,H4: loaded successfully
2	02:56:50.140	Custom indicator MACD USDJPY,H4: loaded successfully
2	02:56:50.295	Custom indicator 小鱼\Laguerre-ACS1 EURJPY,H1: loaded successfully
2	02:56:50.307	Custom indicator MACD EURJPY,H1: loaded successfully
2	02:56:50.509	Custom indicator 小鱼\Laguerre-ACS1 EURUSD,H1: loaded successfully
2	02:56:50.536	Custom indicator MACD EURUSD,H1: loaded successfully
2	02:56:50.710	Custom indicator 小鱼\Laguerre-ACS1 GBPUSD,H1: loaded successfully
2	02:56:50.721	Custom indicator MACD GBPUSD,H1: loaded successfully
2	02:56:50.864	Custom indicator 小鱼\Laguerre-ACS1 GBPJPY,H1: loaded successfully
2	02:56:50.876	Custom indicator MACD GBPJPY,H1: loaded successfully
2	02:56:51.007	Custom indicator 小鱼\Laguerre-ACS1 JP225,H1: loaded successfully
2	02:56:51.020	Custom indicator MACD JP225,H1: loaded successfully
2	02:56:51.140	Custom indicator 小鱼\Laguerre-ACS1 SPX500,H1: loaded successfully
2	02:56:51.151	Custom indicator MACD SPX500,H1: loaded successfully
2	02:56:51.286	Custom indicator 小鱼\Laguerre-ACS1 CHINA300,Daily: loaded successfully
2	02:56:51.297	Custom indicator MACD CHINA300,Daily: loaded successfully
2	02:56:51.422	Custom indicator 小鱼\Laguerre-ACS1 US_OIL,H1: loaded successfully
2	02:56:51.435	Custom indicator MACD US_OIL,H1: loaded successfully
0	02:56:52.770	'120010550': login on PRC-Live through Server 3 (ping: 36.66 ms)
0	02:56:54.003	'120010550': login datacenter on PRC-Live through Server 3 (ping: 36.66 ms)
0	02:56:54.361	'120010550': previous successful authorization performed from 106.181.128.226
0	02:57:12.938	'120010550': ping to current access point Server 3 is 46.97 ms
2	03:31:03.725	Custom indicator Laguerre-ACS1 USDJPY,H4: removed
2	03:31:03.727	Custom indicator MACD USDJPY,H4: removed
2	03:31:03.734	Custom indicator Laguerre-ACS1 EURJPY,H1: removed
2	03:31:03.738	Custom indicator MACD EURJPY,H1: removed
2	03:31:03.744	Custom indicator Laguerre-ACS1 EURUSD,H1: removed
2	03:31:03.746	Custom indicator MACD EURUSD,H1: removed
2	03:31:03.787	Custom indicator Laguerre-ACS1 GBPUSD,H1: removed
2	03:31:03.789	Custom indicator MACD GBPUSD,H1: removed
2	03:31:03.802	Custom indicator Laguerre-ACS1 GBPJPY,H1: removed
2	03:31:03.806	Custom indicator MACD GBPJPY,H1: removed
2	03:31:03.809	Custom indicator Laguerre-ACS1 JP225,H1: removed
2	03:31:03.811	Custom indicator MACD JP225,H1: removed
2	03:31:03.814	Custom indicator Laguerre-ACS1 SPX500,H1: removed
2	03:31:03.816	Custom indicator MACD SPX500,H1: removed
2	03:31:03.820	Custom indicator Laguerre-ACS1 CHINA300,Daily: removed
2	03:31:03.822	Custom indicator MACD CHINA300,Daily: removed
2	03:31:03.828	Custom indicator Laguerre-ACS1 US_OIL,H1: removed
2	03:31:03.830	Custom indicator MACD US_OIL,H1: removed
0	03:31:04.168	FX Trader build 1170 stopped
0	18:28:48.095	FX Trader build 1170 started (Performance Ronnaru Capital Ltd.)
0	18:28:48.097	Windows 10 Home x64, IE 11, UAC, 8 x Intel Core i7-6700HQ  @ 2.60GHz, Memory: 26907 / 32639 Mb, Disk: 154 / 264 Gb, GMT+9
0	18:28:48.097	Data Folder: C:\Users\tiany\AppData\Roaming\MetaQuotes\Terminal\79214103E7A6FC97F86082D309D0B84B
2	18:28:50.341	Custom indicator 小鱼\Laguerre-ACS1 USDJPY,H4: loaded successfully
2	18:28:50.353	Custom indicator MACD USDJPY,H4: loaded successfully
2	18:28:50.508	Custom indicator 小鱼\Laguerre-ACS1 EURJPY,H1: loaded successfully
2	18:28:50.524	Custom indicator MACD EURJPY,H1: loaded successfully
2	18:28:50.653	Custom indicator 小鱼\Laguerre-ACS1 EURUSD,H1: loaded successfully
2	18:28:50.665	Custom indicator MACD EURUSD,H1: loaded successfully
2	18:28:50.818	Custom indicator 小鱼\Laguerre-ACS1 GBPUSD,H1: loaded successfully
2	18:28:50.831	Custom indicator MACD GBPUSD,H1: loaded successfully
2	18:28:50.986	Custom indicator 小鱼\Laguerre-ACS1 GBPJPY,H1: loaded successfully
2	18:28:50.998	Custom indicator MACD GBPJPY,H1: loaded successfully
2	18:28:51.188	Custom indicator 小鱼\Laguerre-ACS1 JP225,H1: loaded successfully
2	18:28:51.199	Custom indicator MACD JP225,H1: loaded successfully
2	18:28:51.379	Custom indicator 小鱼\Laguerre-ACS1 SPX500,H1: loaded successfully
2	18:28:51.390	Custom indicator MACD SPX500,H1: loaded successfully
2	18:28:51.576	Custom indicator 小鱼\Laguerre-ACS1 CHINA300,Daily: loaded successfully
2	18:28:51.586	Custom indicator MACD CHINA300,Daily: loaded successfully
2	18:28:51.768	Custom indicator 小鱼\Laguerre-ACS1 US_OIL,H1: loaded successfully
2	18:28:51.782	Custom indicator MACD US_OIL,H1: loaded successfully
0	18:28:53.335	'120010550': login on PRC-Live through Server 3 (ping: 46.97 ms)
0	18:28:54.400	'120010550': login datacenter on PRC-Live through Server 3 (ping: 46.97 ms)
0	18:28:54.726	'120010550': previous successful authorization performed from 106.181.135.252
0	18:29:12.120	'120010550': ping to current access point Server 3 is 38.08 ms
1	23:52:41.599	'120010550': ping failed
0	23:52:45.382	'120010550': login on PRC-Live through Server 7 (ping: 44.89 ms)
0	23:52:46.594	'120010550': login datacenter on PRC-Live through Server 7 (ping: 44.89 ms)
0	23:52:47.158	'120010550': previous successful authorization performed from 106.181.129.75
