0	19:23:38.589	FX Trader build 1170 started (Performance Ronnaru Capital Ltd.)
0	19:23:38.590	Windows 10 Home x64, IE 11, UAC, 8 x Intel Core i7-6700HQ  @ 2.60GHz, Memory: 27501 / 32639 Mb, Disk: 136 / 264 Gb, GMT+8
0	19:23:38.590	Data Folder: C:\Users\tiany\AppData\Roaming\MetaQuotes\Terminal\79214103E7A6FC97F86082D309D0B84B
2	19:23:41.299	Custom indicator SupResZone_MTF USDXXX,Daily: loaded successfully
2	19:23:41.310	Custom indicator SupResZone_MTF USDXXX,Daily: loaded successfully
2	19:23:41.321	Custom indicator SupResZone_MTF USDXXX,Daily: loaded successfully
2	19:23:41.333	Custom indicator SupResZone_MTF USDXXX,Daily: loaded successfully
2	19:23:41.344	Custom indicator MACD-2x USDXXX,Daily: loaded successfully
2	19:23:41.418	Custom indicator Laguerre-ACS1 USDXXX,Daily: loaded successfully
2	19:23:41.581	Custom indicator SupResZone_MTF XAUUSD.,H4: loaded successfully
2	19:23:41.594	Custom indicator SupResZone_MTF XAUUSD.,H4: loaded successfully
2	19:23:41.605	Custom indicator SupResZone_MTF XAUUSD.,H4: loaded successfully
2	19:23:41.617	Custom indicator SupResZone_MTF XAUUSD.,H4: loaded successfully
2	19:23:41.627	Custom indicator MACD-2x XAUUSD.,H4: loaded successfully
2	19:23:41.711	Custom indicator Laguerre-ACS1 XAUUSD.,H4: loaded successfully
2	19:23:41.924	Custom indicator SupResZone_MTF XAGUSD.,H4: loaded successfully
2	19:23:41.937	Custom indicator SupResZone_MTF XAGUSD.,H4: loaded successfully
2	19:23:41.948	Custom indicator SupResZone_MTF XAGUSD.,H4: loaded successfully
2	19:23:41.961	Custom indicator SupResZone_MTF XAGUSD.,H4: loaded successfully
2	19:23:41.972	Custom indicator MACD-2x XAGUSD.,H4: loaded successfully
2	19:23:42.053	Custom indicator Laguerre-ACS1 XAGUSD.,H4: loaded successfully
2	19:23:42.301	Custom indicator SupResZone_MTF US_OIL,H4: loaded successfully
2	19:23:42.312	Custom indicator SupResZone_MTF US_OIL,H4: loaded successfully
2	19:23:42.323	Custom indicator SupResZone_MTF US_OIL,H4: loaded successfully
2	19:23:42.335	Custom indicator SupResZone_MTF US_OIL,H4: loaded successfully
2	19:23:42.345	Custom indicator MACD-2x US_OIL,H4: loaded successfully
2	19:23:42.413	Custom indicator Laguerre-ACS1 US_OIL,H4: loaded successfully
2	19:23:42.700	Custom indicator SupResZone_MTF JP225,H4: loaded successfully
2	19:23:42.714	Custom indicator SupResZone_MTF JP225,H4: loaded successfully
2	19:23:42.728	Custom indicator SupResZone_MTF JP225,H4: loaded successfully
2	19:23:42.741	Custom indicator SupResZone_MTF JP225,H4: loaded successfully
2	19:23:42.754	Custom indicator MACD-2x JP225,H4: loaded successfully
2	19:23:42.832	Custom indicator Laguerre-ACS1 JP225,H4: loaded successfully
2	19:23:43.105	Custom indicator SupResZone_MTF SPX500,H4: loaded successfully
2	19:23:43.125	Custom indicator SupResZone_MTF SPX500,H4: loaded successfully
2	19:23:43.145	Custom indicator SupResZone_MTF SPX500,H4: loaded successfully
2	19:23:43.155	Custom indicator SupResZone_MTF SPX500,H4: loaded successfully
2	19:23:43.165	Custom indicator MACD-2x SPX500,H4: loaded successfully
2	19:23:43.237	Custom indicator Laguerre-ACS1 SPX500,H4: loaded successfully
2	19:23:43.502	Custom indicator SupResZone_MTF EURAUD.,H4: loaded successfully
2	19:23:43.514	Custom indicator SupResZone_MTF EURAUD.,H4: loaded successfully
2	19:23:43.526	Custom indicator SupResZone_MTF EURAUD.,H4: loaded successfully
2	19:23:43.537	Custom indicator SupResZone_MTF EURAUD.,H4: loaded successfully
2	19:23:43.548	Custom indicator MACD-2x EURAUD.,H4: loaded successfully
2	19:23:43.627	Custom indicator Laguerre-ACS1 EURAUD.,H4: loaded successfully
2	19:23:43.848	Custom indicator SupResZone_MTF AUDJPY.,H4: loaded successfully
2	19:23:43.859	Custom indicator SupResZone_MTF AUDJPY.,H4: loaded successfully
2	19:23:43.870	Custom indicator SupResZone_MTF AUDJPY.,H4: loaded successfully
2	19:23:43.881	Custom indicator SupResZone_MTF AUDJPY.,H4: loaded successfully
2	19:23:43.894	Custom indicator MACD-2x AUDJPY.,H4: loaded successfully
2	19:23:43.978	Custom indicator Laguerre-ACS1 AUDJPY.,H4: loaded successfully
2	19:23:44.232	Custom indicator SupResZone_MTF AUDUSD.,H4: loaded successfully
2	19:23:44.243	Custom indicator SupResZone_MTF AUDUSD.,H4: loaded successfully
2	19:23:44.256	Custom indicator SupResZone_MTF AUDUSD.,H4: loaded successfully
2	19:23:44.279	Custom indicator SupResZone_MTF AUDUSD.,H4: loaded successfully
2	19:23:44.292	Custom indicator MACD-2x AUDUSD.,H4: loaded successfully
2	19:23:44.366	Custom indicator Laguerre-ACS1 AUDUSD.,H4: loaded successfully
2	19:23:44.581	Custom indicator SupResZone_MTF USDJPY.,H4: loaded successfully
2	19:23:44.591	Custom indicator SupResZone_MTF USDJPY.,H4: loaded successfully
2	19:23:44.602	Custom indicator SupResZone_MTF USDJPY.,H4: loaded successfully
2	19:23:44.613	Custom indicator SupResZone_MTF USDJPY.,H4: loaded successfully
2	19:23:44.622	Custom indicator MACD-2x USDJPY.,H4: loaded successfully
2	19:23:44.693	Custom indicator Laguerre-ACS1 USDJPY.,H4: loaded successfully
2	19:23:44.952	Custom indicator SupResZone_MTF EURJPY.,H4: loaded successfully
2	19:23:44.963	Custom indicator SupResZone_MTF EURJPY.,H4: loaded successfully
2	19:23:44.974	Custom indicator SupResZone_MTF EURJPY.,H4: loaded successfully
2	19:23:44.985	Custom indicator SupResZone_MTF EURJPY.,H4: loaded successfully
2	19:23:44.995	Custom indicator MACD-2x EURJPY.,H4: loaded successfully
2	19:23:45.070	Custom indicator Laguerre-ACS1 EURJPY.,H4: loaded successfully
2	19:23:45.331	Custom indicator SupResZone_MTF EURUSD.,H4: loaded successfully
2	19:23:45.352	Custom indicator SupResZone_MTF EURUSD.,H4: loaded successfully
2	19:23:45.367	Custom indicator SupResZone_MTF EURUSD.,H4: loaded successfully
2	19:23:45.377	Custom indicator SupResZone_MTF EURUSD.,H4: loaded successfully
2	19:23:45.387	Custom indicator MACD-2x EURUSD.,H4: loaded successfully
2	19:23:45.456	Custom indicator Laguerre-ACS1 EURUSD.,H4: loaded successfully
2	19:23:45.730	Custom indicator SupResZone_MTF GBPJPY.,H4: loaded successfully
2	19:23:45.743	Custom indicator SupResZone_MTF GBPJPY.,H4: loaded successfully
2	19:23:45.754	Custom indicator SupResZone_MTF GBPJPY.,H4: loaded successfully
2	19:23:45.765	Custom indicator SupResZone_MTF GBPJPY.,H4: loaded successfully
2	19:23:45.775	Custom indicator MACD-2x GBPJPY.,H4: loaded successfully
2	19:23:45.845	Custom indicator Laguerre-ACS1 GBPJPY.,H4: loaded successfully
2	19:23:46.093	Custom indicator SupResZone_MTF GBPUSD.,H4: loaded successfully
2	19:23:46.104	Custom indicator SupResZone_MTF GBPUSD.,H4: loaded successfully
2	19:23:46.115	Custom indicator SupResZone_MTF GBPUSD.,H4: loaded successfully
2	19:23:46.125	Custom indicator SupResZone_MTF GBPUSD.,H4: loaded successfully
2	19:23:46.136	Custom indicator MACD-2x GBPUSD.,H4: loaded successfully
2	19:23:46.208	Custom indicator Laguerre-ACS1 GBPUSD.,H4: loaded successfully
2	19:23:46.470	Custom indicator SupResZone_MTF USDCAD.,H4: loaded successfully
2	19:23:46.481	Custom indicator SupResZone_MTF USDCAD.,H4: loaded successfully
2	19:23:46.491	Custom indicator SupResZone_MTF USDCAD.,H4: loaded successfully
2	19:23:46.502	Custom indicator SupResZone_MTF USDCAD.,H4: loaded successfully
2	19:23:46.512	Custom indicator MACD-2x USDCAD.,H4: loaded successfully
2	19:23:46.594	Custom indicator Laguerre-ACS1 USDCAD.,H4: loaded successfully
2	19:23:46.784	Custom indicator SupResZone_MTF USDCHF.,H4: loaded successfully
2	19:23:46.796	Custom indicator SupResZone_MTF USDCHF.,H4: loaded successfully
2	19:23:46.808	Custom indicator SupResZone_MTF USDCHF.,H4: loaded successfully
2	19:23:46.820	Custom indicator SupResZone_MTF USDCHF.,H4: loaded successfully
2	19:23:46.830	Custom indicator MACD-2x USDCHF.,H4: loaded successfully
2	19:23:46.905	Custom indicator Laguerre-ACS1 USDCHF.,H4: loaded successfully
2	19:23:47.119	Custom indicator SupResZone_MTF USDCNH,Daily: loaded successfully
2	19:23:47.132	Custom indicator SupResZone_MTF USDCNH,Daily: loaded successfully
2	19:23:47.143	Custom indicator SupResZone_MTF USDCNH,Daily: loaded successfully
2	19:23:47.155	Custom indicator SupResZone_MTF USDCNH,Daily: loaded successfully
2	19:23:47.164	Custom indicator MACD-2x USDCNH,Daily: loaded successfully
2	19:23:47.235	Custom indicator Laguerre-ACS1 USDCNH,Daily: loaded successfully
2	19:23:47.432	Custom indicator GMMA Long USDJPY.,H4: loaded successfully
2	19:23:47.445	Custom indicator GMMA Short USDJPY.,H4: loaded successfully
2	19:23:47.453	Custom indicator 23MTF_MovingAverageIGOR USDJPY.,H4: loaded successfully
2	19:23:47.463	Custom indicator 23MTF_MovingAverageIGOR USDJPY.,H4: loaded successfully
2	19:23:47.474	Custom indicator SupResZone_MTF USDJPY.,H4: loaded successfully
2	19:23:47.485	Custom indicator SupResZone_MTF USDJPY.,H4: loaded successfully
2	19:23:47.496	Custom indicator MACD-2x USDJPY.,H4: loaded successfully
2	19:23:47.732	Custom indicator SupResZone_MTF CHINA300,Daily: loaded successfully
2	19:23:47.743	Custom indicator SupResZone_MTF CHINA300,Daily: loaded successfully
2	19:23:47.754	Custom indicator SupResZone_MTF CHINA300,Daily: loaded successfully
2	19:23:47.765	Custom indicator SupResZone_MTF CHINA300,Daily: loaded successfully
2	19:23:47.776	Custom indicator MACD-2x CHINA300,Daily: loaded successfully
2	19:23:47.849	Custom indicator Laguerre-ACS1 CHINA300,Daily: loaded successfully
0	19:23:51.774	'120010550': login on PRC-Live through Server 5 (ping: 97.50 ms)
0	19:23:52.978	'120010550': login datacenter on PRC-Live through Server 5 (ping: 97.50 ms)
0	19:23:53.335	'120010550': previous successful authorization performed from 101.131.181.23
0	19:24:20.190	'120010550': ping to current access point Server 5 is 101.59 ms
0	21:35:51.116	'120010550': pending order sell stop 0.02 USDCHF. at 0.98292 sl: 0.00000 tp: 0.00000
0	21:35:51.417	'120010550': order was opened : #11090118 sell stop 0.02 USDCHF. at 0.98292 sl: 0.00000 tp: 0.00000
0	22:11:08.217	'120010550': modify order #11070990 buy 0.02 AUDJPY. at 75.896 sl: 75.054 tp: 0.000 -> sl: 75.054 tp: 75.915
0	22:11:08.829	'120010550': order #11070990 buy 0.02 AUDJPY. at 75.896 was modified -> sl: 75.054 tp: 75.915
0	22:11:19.898	'120010550': modify order #11084942 sell 0.02 USDJPY. at 108.115 sl: 0.000 tp: 107.944 -> sl: 0.000 tp: 107.604
0	22:11:20.641	'120010550': order #11084942 sell 0.02 USDJPY. at 108.115 was modified -> sl: 0.000 tp: 107.604
0	22:59:27.022	'120010550': order buy market 0.02 AUDUSD. sl: 0.00000 tp: 0.00000
0	22:59:27.676	'120010550': order was opened : #11090292 buy 0.02 AUDUSD. at 0.70077 sl: 0.00000 tp: 0.00000
0	22:59:48.257	'120010550': order sell market 0.02 EURAUD. sl: 0.00000 tp: 0.00000
0	22:59:48.925	'120010550': order was opened : #11090295 sell 0.02 EURAUD. at 1.60580 sl: 0.00000 tp: 0.00000
0	23:00:12.768	'120010550': modify order #11084942 sell 0.02 USDJPY. at 108.115 sl: 0.000 tp: 107.604 -> sl: 108.126 tp: 107.604
0	23:00:13.567	'120010550': order #11084942 sell 0.02 USDJPY. at 108.115 was modified -> sl: 108.126 tp: 107.604
0	23:00:15.823	'120010550': modify order #11084942 sell 0.02 USDJPY. at 108.115 sl: 108.126 tp: 107.604 -> sl: 108.105 tp: 107.604
0	23:00:16.598	'120010550': order #11084942 sell 0.02 USDJPY. at 108.115 was modified -> sl: 108.105 tp: 107.604
2	23:16:43.263	Custom indicator SupResZone_MTF USDXXX,Daily: removed
2	23:16:43.266	Custom indicator SupResZone_MTF USDXXX,Daily: removed
2	23:16:43.268	Custom indicator SupResZone_MTF USDXXX,Daily: removed
2	23:16:43.271	Custom indicator SupResZone_MTF USDXXX,Daily: removed
2	23:16:43.274	Custom indicator MACD-2x USDXXX,Daily: removed
2	23:16:43.274	Custom indicator Laguerre-ACS1 USDXXX,Daily: removed
2	23:16:43.303	Custom indicator SupResZone_MTF XAUUSD.,H1: removed
2	23:16:43.305	Custom indicator SupResZone_MTF XAUUSD.,H1: removed
2	23:16:43.306	Custom indicator SupResZone_MTF XAUUSD.,H1: removed
2	23:16:43.308	Custom indicator SupResZone_MTF XAUUSD.,H1: removed
2	23:16:43.309	Custom indicator MACD-2x XAUUSD.,H1: removed
2	23:16:43.310	Custom indicator Laguerre-ACS1 XAUUSD.,H1: removed
2	23:16:43.335	Custom indicator SupResZone_MTF XAGUSD.,H4: removed
2	23:16:43.338	Custom indicator SupResZone_MTF XAGUSD.,H4: removed
2	23:16:43.340	Custom indicator SupResZone_MTF XAGUSD.,H4: removed
2	23:16:43.342	Custom indicator SupResZone_MTF XAGUSD.,H4: removed
2	23:16:43.343	Custom indicator MACD-2x XAGUSD.,H4: removed
2	23:16:43.343	Custom indicator Laguerre-ACS1 XAGUSD.,H4: removed
2	23:16:43.372	Custom indicator SupResZone_MTF US_OIL,H1: removed
2	23:16:43.375	Custom indicator SupResZone_MTF US_OIL,H1: removed
2	23:16:43.377	Custom indicator SupResZone_MTF US_OIL,H1: removed
2	23:16:43.378	Custom indicator SupResZone_MTF US_OIL,H1: removed
2	23:16:43.380	Custom indicator MACD-2x US_OIL,H1: removed
2	23:16:43.381	Custom indicator Laguerre-ACS1 US_OIL,H1: removed
2	23:16:43.409	Custom indicator SupResZone_MTF JP225,H4: removed
2	23:16:43.411	Custom indicator SupResZone_MTF JP225,H4: removed
2	23:16:43.413	Custom indicator SupResZone_MTF JP225,H4: removed
2	23:16:43.415	Custom indicator SupResZone_MTF JP225,H4: removed
2	23:16:43.416	Custom indicator MACD-2x JP225,H4: removed
2	23:16:43.416	Custom indicator Laguerre-ACS1 JP225,H4: removed
2	23:16:43.423	Custom indicator SupResZone_MTF SPX500,H4: removed
2	23:16:43.425	Custom indicator SupResZone_MTF SPX500,H4: removed
2	23:16:43.427	Custom indicator SupResZone_MTF SPX500,H4: removed
2	23:16:43.429	Custom indicator SupResZone_MTF SPX500,H4: removed
2	23:16:43.431	Custom indicator MACD-2x SPX500,H4: removed
2	23:16:43.431	Custom indicator Laguerre-ACS1 SPX500,H4: removed
2	23:16:43.438	Custom indicator SupResZone_MTF EURAUD.,H4: removed
2	23:16:43.439	Custom indicator SupResZone_MTF EURAUD.,H4: removed
2	23:16:43.441	Custom indicator SupResZone_MTF EURAUD.,H4: removed
2	23:16:43.443	Custom indicator SupResZone_MTF EURAUD.,H4: removed
2	23:16:43.444	Custom indicator MACD-2x EURAUD.,H4: removed
2	23:16:43.444	Custom indicator Laguerre-ACS1 EURAUD.,H4: removed
2	23:16:43.450	Custom indicator SupResZone_MTF AUDJPY.,H4: removed
2	23:16:43.452	Custom indicator SupResZone_MTF AUDJPY.,H4: removed
2	23:16:43.453	Custom indicator SupResZone_MTF AUDJPY.,H4: removed
2	23:16:43.455	Custom indicator SupResZone_MTF AUDJPY.,H4: removed
2	23:16:43.456	Custom indicator MACD-2x AUDJPY.,H4: removed
2	23:16:43.456	Custom indicator Laguerre-ACS1 AUDJPY.,H4: removed
2	23:16:43.483	Custom indicator SupResZone_MTF AUDUSD.,H4: removed
2	23:16:43.485	Custom indicator SupResZone_MTF AUDUSD.,H4: removed
2	23:16:43.487	Custom indicator SupResZone_MTF AUDUSD.,H4: removed
2	23:16:43.488	Custom indicator SupResZone_MTF AUDUSD.,H4: removed
2	23:16:43.490	Custom indicator MACD-2x AUDUSD.,H4: removed
2	23:16:43.490	Custom indicator Laguerre-ACS1 AUDUSD.,H4: removed
2	23:16:43.497	Custom indicator SupResZone_MTF USDJPY.,H1: removed
2	23:16:43.499	Custom indicator SupResZone_MTF USDJPY.,H1: removed
2	23:16:43.500	Custom indicator SupResZone_MTF USDJPY.,H1: removed
2	23:16:43.502	Custom indicator SupResZone_MTF USDJPY.,H1: removed
2	23:16:43.503	Custom indicator MACD-2x USDJPY.,H1: removed
2	23:16:43.504	Custom indicator Laguerre-ACS1 USDJPY.,H1: removed
2	23:16:43.510	Custom indicator SupResZone_MTF EURJPY.,H4: removed
2	23:16:43.511	Custom indicator SupResZone_MTF EURJPY.,H4: removed
2	23:16:43.514	Custom indicator SupResZone_MTF EURJPY.,H4: removed
2	23:16:43.515	Custom indicator SupResZone_MTF EURJPY.,H4: removed
2	23:16:43.516	Custom indicator MACD-2x EURJPY.,H4: removed
2	23:16:43.517	Custom indicator Laguerre-ACS1 EURJPY.,H4: removed
2	23:16:43.524	Custom indicator SupResZone_MTF EURUSD.,H4: removed
2	23:16:43.525	Custom indicator SupResZone_MTF EURUSD.,H4: removed
2	23:16:43.527	Custom indicator SupResZone_MTF EURUSD.,H4: removed
2	23:16:43.528	Custom indicator SupResZone_MTF EURUSD.,H4: removed
2	23:16:43.530	Custom indicator MACD-2x EURUSD.,H4: removed
2	23:16:43.530	Custom indicator Laguerre-ACS1 EURUSD.,H4: removed
2	23:16:43.537	Custom indicator SupResZone_MTF GBPJPY.,H4: removed
2	23:16:43.539	Custom indicator SupResZone_MTF GBPJPY.,H4: removed
2	23:16:43.541	Custom indicator SupResZone_MTF GBPJPY.,H4: removed
2	23:16:43.542	Custom indicator SupResZone_MTF GBPJPY.,H4: removed
2	23:16:43.543	Custom indicator MACD-2x GBPJPY.,H4: removed
2	23:16:43.544	Custom indicator Laguerre-ACS1 GBPJPY.,H4: removed
2	23:16:43.551	Custom indicator SupResZone_MTF GBPUSD.,H4: removed
2	23:16:43.553	Custom indicator SupResZone_MTF GBPUSD.,H4: removed
2	23:16:43.554	Custom indicator SupResZone_MTF GBPUSD.,H4: removed
2	23:16:43.556	Custom indicator SupResZone_MTF GBPUSD.,H4: removed
2	23:16:43.557	Custom indicator MACD-2x GBPUSD.,H4: removed
2	23:16:43.558	Custom indicator Laguerre-ACS1 GBPUSD.,H4: removed
2	23:16:43.566	Custom indicator SupResZone_MTF USDCAD.,H4: removed
2	23:16:43.568	Custom indicator SupResZone_MTF USDCAD.,H4: removed
2	23:16:43.570	Custom indicator SupResZone_MTF USDCAD.,H4: removed
2	23:16:43.571	Custom indicator SupResZone_MTF USDCAD.,H4: removed
2	23:16:43.573	Custom indicator MACD-2x USDCAD.,H4: removed
2	23:16:43.573	Custom indicator Laguerre-ACS1 USDCAD.,H4: removed
2	23:16:43.593	Custom indicator SupResZone_MTF USDCHF.,H4: removed
2	23:16:43.595	Custom indicator SupResZone_MTF USDCHF.,H4: removed
2	23:16:43.596	Custom indicator SupResZone_MTF USDCHF.,H4: removed
2	23:16:43.598	Custom indicator SupResZone_MTF USDCHF.,H4: removed
2	23:16:43.600	Custom indicator MACD-2x USDCHF.,H4: removed
2	23:16:43.600	Custom indicator Laguerre-ACS1 USDCHF.,H4: removed
2	23:16:43.606	Custom indicator SupResZone_MTF USDCNH,Daily: removed
2	23:16:43.608	Custom indicator SupResZone_MTF USDCNH,Daily: removed
2	23:16:43.609	Custom indicator SupResZone_MTF USDCNH,Daily: removed
2	23:16:43.610	Custom indicator SupResZone_MTF USDCNH,Daily: removed
2	23:16:43.612	Custom indicator MACD-2x USDCNH,Daily: removed
2	23:16:43.612	Custom indicator Laguerre-ACS1 USDCNH,Daily: removed
2	23:16:43.630	Custom indicator GMMA Long USDJPY.,H4: removed
2	23:16:43.631	Custom indicator GMMA Short USDJPY.,H4: removed
2	23:16:43.633	Custom indicator 23MTF_MovingAverageIGOR USDJPY.,H4: removed
2	23:16:43.635	Custom indicator 23MTF_MovingAverageIGOR USDJPY.,H4: removed
2	23:16:43.636	Custom indicator SupResZone_MTF USDJPY.,H4: removed
2	23:16:43.638	Custom indicator SupResZone_MTF USDJPY.,H4: removed
2	23:16:43.639	Custom indicator MACD-2x USDJPY.,H4: removed
2	23:16:43.648	Custom indicator SupResZone_MTF CHINA300,Daily: removed
2	23:16:43.649	Custom indicator SupResZone_MTF CHINA300,Daily: removed
2	23:16:43.651	Custom indicator SupResZone_MTF CHINA300,Daily: removed
2	23:16:43.653	Custom indicator SupResZone_MTF CHINA300,Daily: removed
2	23:16:43.654	Custom indicator MACD-2x CHINA300,Daily: removed
2	23:16:43.654	Custom indicator Laguerre-ACS1 CHINA300,Daily: removed
0	23:16:44.218	FX Trader build 1170 stopped
