0	02:00:47.986	'120010550': order sell market 0.01 XAUUSD. sl: 0.00 tp: 0.00
0	02:00:48.634	'120010550': order was opened : #10876823 sell 0.01 XAUUSD. at 1273.31 sl: 0.00 tp: 0.00
2	02:08:21.879	Custom indicator span_model XAUUSD.,M5: removed
2	02:08:21.881	Custom indicator MACD-2x XAUUSD.,M5: removed
2	02:08:21.884	Custom indicator MACD-2x XAUUSD.,M5: removed
2	02:08:21.884	Custom indicator Laguerre-ACS1 XAUUSD.,M5: removed
2	02:08:21.981	Custom indicator span_model XAUUSD.,M5: loaded successfully
2	02:08:21.992	Custom indicator MACD-2x XAUUSD.,M5: loaded successfully
2	02:08:22.002	Custom indicator MACD-2x XAUUSD.,M5: loaded successfully
2	02:08:22.079	Custom indicator Laguerre-ACS1 XAUUSD.,M5: loaded successfully
2	02:09:06.863	Custom indicator span_model EURAUD.,H1: removed
2	02:09:06.867	Custom indicator MACD-2x EURAUD.,H1: removed
2	02:09:06.869	Custom indicator MACD-2x EURAUD.,H1: removed
2	02:09:06.869	Custom indicator Laguerre-ACS1 EURAUD.,H1: removed
2	02:09:06.876	Custom indicator span_model AUDJPY.,H1: removed
2	02:09:06.877	Custom indicator MACD-2x AUDJPY.,H1: removed
2	02:09:06.880	Custom indicator MACD-2x AUDJPY.,H1: removed
2	02:09:06.880	Custom indicator Laguerre-ACS1 AUDJPY.,H1: removed
2	02:09:06.906	Custom indicator span_model XAUUSD.,H1: removed
2	02:09:06.908	Custom indicator MACD-2x XAUUSD.,H1: removed
2	02:09:06.910	Custom indicator MACD-2x XAUUSD.,H1: removed
2	02:09:06.910	Custom indicator Laguerre-ACS1 XAUUSD.,H1: removed
2	02:09:06.914	Custom indicator span_model JP225,H1: removed
2	02:09:06.919	Custom indicator MACD-2x JP225,H1: removed
2	02:09:06.920	Custom indicator MACD-2x JP225,H1: removed
2	02:09:06.921	Custom indicator Laguerre-ACS1 JP225,H1: removed
2	02:09:06.925	Custom indicator span_model US_OIL,Daily: removed
2	02:09:06.927	Custom indicator MACD-2x US_OIL,Daily: removed
2	02:09:06.929	Custom indicator MACD-2x US_OIL,Daily: removed
2	02:09:06.929	Custom indicator Laguerre-ACS1 US_OIL,Daily: removed
2	02:09:06.935	Custom indicator span_model NDX100,Daily: removed
2	02:09:06.937	Custom indicator MACD-2x NDX100,Daily: removed
2	02:09:06.938	Custom indicator MACD-2x NDX100,Daily: removed
2	02:09:06.938	Custom indicator Laguerre-ACS1 NDX100,Daily: removed
2	02:09:06.942	Custom indicator span_model SPX500,Daily: removed
2	02:09:06.944	Custom indicator MACD-2x SPX500,Daily: removed
2	02:09:06.945	Custom indicator MACD-2x SPX500,Daily: removed
2	02:09:06.946	Custom indicator Laguerre-ACS1 SPX500,Daily: removed
2	02:09:06.961	Custom indicator span_model USDJPY.,H1: removed
2	02:09:06.964	Custom indicator MACD-2x USDJPY.,H1: removed
2	02:09:06.966	Custom indicator MACD-2x USDJPY.,H1: removed
2	02:09:06.966	Custom indicator Laguerre-ACS1 USDJPY.,H1: removed
2	02:09:06.970	Custom indicator span_model EURJPY.,H1: removed
2	02:09:06.973	Custom indicator MACD-2x EURJPY.,H1: removed
2	02:09:06.974	Custom indicator MACD-2x EURJPY.,H1: removed
2	02:09:06.974	Custom indicator Laguerre-ACS1 EURJPY.,H1: removed
2	02:09:06.978	Custom indicator span_model EURUSD.,H1: removed
2	02:09:06.980	Custom indicator MACD-2x EURUSD.,H1: removed
2	02:09:06.982	Custom indicator MACD-2x EURUSD.,H1: removed
2	02:09:06.982	Custom indicator Laguerre-ACS1 EURUSD.,H1: removed
2	02:09:06.986	Custom indicator span_model GBPUSD.,Daily: removed
2	02:09:06.988	Custom indicator MACD-2x GBPUSD.,Daily: removed
2	02:09:06.990	Custom indicator MACD-2x GBPUSD.,Daily: removed
2	02:09:06.990	Custom indicator Laguerre-ACS1 GBPUSD.,Daily: removed
2	02:09:06.997	Custom indicator span_model GBPJPY.,Daily: removed
2	02:09:07.000	Custom indicator MACD-2x GBPJPY.,Daily: removed
2	02:09:07.002	Custom indicator MACD-2x GBPJPY.,Daily: removed
2	02:09:07.002	Custom indicator Laguerre-ACS1 GBPJPY.,Daily: removed
0	02:09:07.350	FX Trader build 1170 stopped
