0	00:07:49.335	'120010550': modify order #10901557 sell 0.01 US_OIL at 62.85 sl: 64.74 tp: 62.46 -> sl: 64.83 tp: 62.46
0	00:07:50.278	'120010550': order #10901557 sell 0.01 US_OIL at 62.85 was modified -> sl: 64.83 tp: 62.46
0	00:08:09.971	'120010550': modify order #10901557 sell 0.01 US_OIL at 62.85 sl: 64.83 tp: 62.46 -> sl: 64.92 tp: 62.46
0	00:08:10.294	'120010550': order #10901557 sell 0.01 US_OIL at 62.85 was modified -> sl: 64.92 tp: 62.46
0	00:10:22.420	'120010550': modify order #10886719 sell 0.01 XAUUSD. at 1270.44 sl: 1288.00 tp: 0.00 -> sl: 1288.80 tp: 0.00
0	00:10:23.240	'120010550': order #10886719 sell 0.01 XAUUSD. at 1270.44 was modified -> sl: 1288.80 tp: 0.00
0	00:10:24.872	'120010550': modify order #10896510 sell 0.01 XAUUSD. at 1279.85 sl: 1288.00 tp: 0.00 -> sl: 1289.04 tp: 0.00
0	00:10:25.215	'120010550': order #10896510 sell 0.01 XAUUSD. at 1279.85 was modified -> sl: 1289.04 tp: 0.00
0	00:10:33.486	'120010550': modify order #10896595 sell 0.01 XAUUSD. at 1279.16 sl: 1288.00 tp: 1272.32 -> sl: 1298.02 tp: 1272.32
0	00:10:33.855	'120010550': order #10896595 sell 0.01 XAUUSD. at 1279.16 was modified -> sl: 1298.02 tp: 1272.32
0	00:10:37.910	'120010550': modify order #10896985 sell 0.01 XAUUSD. at 1278.18 sl: 1288.00 tp: 0.00 -> sl: 1298.14 tp: 0.00
0	00:10:38.449	'120010550': order #10896985 sell 0.01 XAUUSD. at 1278.18 was modified -> sl: 1298.14 tp: 0.00
0	00:10:41.141	'120010550': modify order #10884911 sell 0.01 XAUUSD. at 1270.74 sl: 1289.04 tp: 0.00 -> sl: 1290.27 tp: 0.00
0	00:10:41.468	'120010550': order #10884911 sell 0.01 XAUUSD. at 1270.74 was modified -> sl: 1290.27 tp: 0.00
0	00:10:44.963	'120010550': modify order #10884911 sell 0.01 XAUUSD. at 1270.74 sl: 1290.27 tp: 0.00 -> sl: 1298.14 tp: 0.00
0	00:10:45.298	'120010550': order #10884911 sell 0.01 XAUUSD. at 1270.74 was modified -> sl: 1298.14 tp: 0.00
0	00:10:51.354	'120010550': modify order #10885323 sell 0.01 XAUUSD. at 1269.19 sl: 1289.04 tp: 1267.00 -> sl: 1291.99 tp: 1267.00
0	00:10:51.907	'120010550': order #10885323 sell 0.01 XAUUSD. at 1269.19 was modified -> sl: 1291.99 tp: 1267.00
0	00:11:03.936	'120010550': modify order #10896510 sell 0.01 XAUUSD. at 1279.85 sl: 1289.04 tp: 0.00 -> sl: 1294.21 tp: 0.00
0	00:11:04.334	'120010550': order #10896510 sell 0.01 XAUUSD. at 1279.85 was modified -> sl: 1294.21 tp: 0.00
0	00:11:09.791	'120010550': modify order #10886719 sell 0.01 XAUUSD. at 1270.44 sl: 1288.80 tp: 0.00 -> sl: 1290.39 tp: 0.00
0	00:11:10.187	'120010550': order #10886719 sell 0.01 XAUUSD. at 1270.44 was modified -> sl: 1290.39 tp: 0.00
0	00:11:12.460	'120010550': modify order #10886719 sell 0.01 XAUUSD. at 1270.44 sl: 1290.39 tp: 0.00 -> sl: 1289.29 tp: 0.00
0	00:11:12.724	'120010550': order #10886719 sell 0.01 XAUUSD. at 1270.44 was modified -> sl: 1289.29 tp: 0.00
0	00:11:34.840	'120010550': modify order #10885323 sell 0.01 XAUUSD. at 1269.19 sl: 1291.99 tp: 1267.00 -> sl: 1311.05 tp: 1267.00
0	00:11:35.415	'120010550': order #10885323 sell 0.01 XAUUSD. at 1269.19 was modified -> sl: 1311.05 tp: 1267.00
0	00:11:43.495	'120010550': modify order #10896510 sell 0.01 XAUUSD. at 1279.85 sl: 1294.21 tp: 0.00 -> sl: 1310.80 tp: 0.00
0	00:11:44.001	'120010550': order #10896510 sell 0.01 XAUUSD. at 1279.85 was modified -> sl: 1310.80 tp: 0.00
0	00:21:27.778	'120010550': modify order #10876435 sell 0.01 EURAUD. at 1.57417 sl: 1.60845 tp: 1.57100 -> sl: 1.61182 tp: 1.57100
0	00:21:28.090	'120010550': order #10876435 sell 0.01 EURAUD. at 1.57417 was modified -> sl: 1.61182 tp: 1.57100
0	00:21:35.614	'120010550': modify order #10880150 sell 0.01 EURAUD. at 1.57246 sl: 1.60819 tp: 1.57111 -> sl: 1.61104 tp: 1.57111
0	00:21:36.164	'120010550': order #10880150 sell 0.01 EURAUD. at 1.57246 was modified -> sl: 1.61104 tp: 1.57111
0	00:21:45.168	'120010550': modify order #10895151 sell 0.01 EURAUD. at 1.58167 sl: 1.60794 tp: 1.58100 -> sl: 1.61208 tp: 1.58100
0	00:21:45.736	'120010550': order #10895151 sell 0.01 EURAUD. at 1.58167 was modified -> sl: 1.61208 tp: 1.58100
0	00:22:08.660	'120010550': modify order #10876435 sell 0.01 EURAUD. at 1.57417 sl: 1.61182 tp: 1.57100 -> sl: 1.61570 tp: 1.57100
0	00:22:09.222	'120010550': order #10876435 sell 0.01 EURAUD. at 1.57417 was modified -> sl: 1.61570 tp: 1.57100
0	00:22:15.147	'120010550': modify order #10880150 sell 0.01 EURAUD. at 1.57246 sl: 1.61104 tp: 1.57111 -> sl: 1.61596 tp: 1.57111
0	00:22:16.218	'120010550': order #10880150 sell 0.01 EURAUD. at 1.57246 was modified -> sl: 1.61596 tp: 1.57111
1	00:23:59.166	'120010550': modification of order #10890135 sell 0.01 GBPUSD. at 1.28822 sl: 0.00000 tp: 1.28800 -> sl: 0.00000 tp: 1.31304 failed [Invalid S/L or T/P]
0	00:52:54.395	'120010550': modify order #10886719 sell 0.01 XAUUSD. at 1270.44 sl: 1289.29 tp: 0.00 -> sl: 1290.15 tp: 0.00
0	00:52:55.338	'120010550': order #10886719 sell 0.01 XAUUSD. at 1270.44 was modified -> sl: 1290.15 tp: 0.00
0	00:52:58.257	'120010550': modify order #10886719 sell 0.01 XAUUSD. at 1270.44 sl: 1290.15 tp: 0.00 -> sl: 1288.92 tp: 0.00
0	00:52:59.340	'120010550': order #10886719 sell 0.01 XAUUSD. at 1270.44 was modified -> sl: 1288.92 tp: 0.00
0	00:53:08.785	'120010550': modify order #10885323 sell 0.01 XAUUSD. at 1269.19 sl: 1311.05 tp: 1267.00 -> sl: 1298.75 tp: 1267.00
0	00:53:09.371	'120010550': order #10885323 sell 0.01 XAUUSD. at 1269.19 was modified -> sl: 1298.75 tp: 1267.00
2	00:54:38.212	Custom indicator MACD-2x EURAUD.,Daily: removed
2	00:54:38.221	Custom indicator MACD-2x EURAUD.,Daily: removed
2	00:54:38.221	Custom indicator Laguerre-ACS1 EURAUD.,Daily: removed
2	00:54:38.246	Custom indicator MACD-2x XAUUSD.,H4: removed
2	00:54:38.247	Custom indicator MACD-2x XAUUSD.,H4: removed
2	00:54:38.248	Custom indicator Laguerre-ACS1 XAUUSD.,H4: removed
2	00:54:38.256	Custom indicator MACD-2x US_OIL,H1: removed
2	00:54:38.258	Custom indicator MACD-2x US_OIL,H1: removed
2	00:54:38.258	Custom indicator Laguerre-ACS1 US_OIL,H1: removed
2	00:54:38.281	Custom indicator MACD-2x JP225,H4: removed
2	00:54:38.283	Custom indicator MACD-2x JP225,H4: removed
2	00:54:38.283	Custom indicator Laguerre-ACS1 JP225,H4: removed
2	00:54:38.289	Custom indicator MACD-2x SPX500,H4: removed
2	00:54:38.291	Custom indicator MACD-2x SPX500,H4: removed
2	00:54:38.291	Custom indicator Laguerre-ACS1 SPX500,H4: removed
2	00:54:38.299	Custom indicator MACD-2x NDX100,H4: removed
2	00:54:38.301	Custom indicator MACD-2x NDX100,H4: removed
2	00:54:38.301	Custom indicator Laguerre-ACS1 NDX100,H4: removed
2	00:54:38.324	Custom indicator MACD-2x USDJPY.,H4: removed
2	00:54:38.325	Custom indicator MACD-2x USDJPY.,H4: removed
2	00:54:38.326	Custom indicator Laguerre-ACS1 USDJPY.,H4: removed
2	00:54:38.346	Custom indicator MACD-2x EURUSD.,H4: removed
2	00:54:38.348	Custom indicator MACD-2x EURUSD.,H4: removed
2	00:54:38.348	Custom indicator Laguerre-ACS1 EURUSD.,H4: removed
2	00:54:38.368	Custom indicator MACD-2x GBPUSD.,H4: removed
2	00:54:38.369	Custom indicator MACD-2x GBPUSD.,H4: removed
2	00:54:38.370	Custom indicator Laguerre-ACS1 GBPUSD.,H4: removed
2	00:54:38.377	Custom indicator MACD-2x GBPJPY.,H4: removed
2	00:54:38.378	Custom indicator MACD-2x GBPJPY.,H4: removed
2	00:54:38.379	Custom indicator Laguerre-ACS1 GBPJPY.,H4: removed
2	00:54:38.386	Custom indicator MACD-2x USDCAD.,H4: removed
2	00:54:38.388	Custom indicator MACD-2x USDCAD.,H4: removed
2	00:54:38.388	Custom indicator Laguerre-ACS1 USDCAD.,H4: removed
2	00:54:38.394	Custom indicator MACD-2x AUDUSD.,H4: removed
2	00:54:38.396	Custom indicator MACD-2x AUDUSD.,H4: removed
2	00:54:38.396	Custom indicator Laguerre-ACS1 AUDUSD.,H4: removed
2	00:54:38.405	Custom indicator MACD-2x USDCHF.,H4: removed
2	00:54:38.407	Custom indicator MACD-2x USDCHF.,H4: removed
2	00:54:38.407	Custom indicator Laguerre-ACS1 USDCHF.,H4: removed
0	00:54:38.801	FX Trader build 1170 stopped
0	09:08:23.805	FX Trader build 1170 started (Performance Ronnaru Capital Ltd.)
0	09:08:23.806	Windows 10 Home x64, IE 11, UAC, 8 x Intel Core i7-6700HQ  @ 2.60GHz, Memory: 22996 / 32639 Mb, Disk: 139 / 264 Gb, GMT+9
0	09:08:23.806	Data Folder: C:\Users\tiany\AppData\Roaming\MetaQuotes\Terminal\79214103E7A6FC97F86082D309D0B84B
2	09:08:26.518	Custom indicator MACD-2x EURAUD.,Daily: loaded successfully
2	09:08:26.531	Custom indicator MACD-2x EURAUD.,Daily: loaded successfully
2	09:08:26.620	Custom indicator Laguerre-ACS1 EURAUD.,Daily: loaded successfully
2	09:08:26.718	Custom indicator MACD-2x XAUUSD.,H4: loaded successfully
2	09:08:26.734	Custom indicator MACD-2x XAUUSD.,H4: loaded successfully
2	09:08:26.866	Custom indicator Laguerre-ACS1 XAUUSD.,H4: loaded successfully
2	09:08:26.968	Custom indicator MACD-2x US_OIL,H1: loaded successfully
2	09:08:26.984	Custom indicator MACD-2x US_OIL,H1: loaded successfully
2	09:08:27.067	Custom indicator Laguerre-ACS1 US_OIL,H1: loaded successfully
2	09:08:27.156	Custom indicator MACD-2x JP225,H4: loaded successfully
2	09:08:27.172	Custom indicator MACD-2x JP225,H4: loaded successfully
2	09:08:27.291	Custom indicator Laguerre-ACS1 JP225,H4: loaded successfully
2	09:08:27.426	Custom indicator MACD-2x SPX500,H4: loaded successfully
2	09:08:27.439	Custom indicator MACD-2x SPX500,H4: loaded successfully
2	09:08:27.516	Custom indicator Laguerre-ACS1 SPX500,H4: loaded successfully
2	09:08:27.600	Custom indicator MACD-2x NDX100,H4: loaded successfully
2	09:08:27.614	Custom indicator MACD-2x NDX100,H4: loaded successfully
2	09:08:27.731	Custom indicator Laguerre-ACS1 NDX100,H4: loaded successfully
2	09:08:27.862	Custom indicator MACD-2x USDJPY.,H4: loaded successfully
2	09:08:27.873	Custom indicator MACD-2x USDJPY.,H4: loaded successfully
2	09:08:28.001	Custom indicator Laguerre-ACS1 USDJPY.,H4: loaded successfully
2	09:08:28.094	Custom indicator MACD-2x EURUSD.,H4: loaded successfully
2	09:08:28.112	Custom indicator MACD-2x EURUSD.,H4: loaded successfully
2	09:08:28.244	Custom indicator Laguerre-ACS1 EURUSD.,H4: loaded successfully
2	09:08:28.357	Custom indicator MACD-2x GBPUSD.,H4: loaded successfully
2	09:08:28.372	Custom indicator MACD-2x GBPUSD.,H4: loaded successfully
2	09:08:28.497	Custom indicator Laguerre-ACS1 GBPUSD.,H4: loaded successfully
2	09:08:28.606	Custom indicator MACD-2x GBPJPY.,H4: loaded successfully
2	09:08:28.627	Custom indicator MACD-2x GBPJPY.,H4: loaded successfully
2	09:08:28.740	Custom indicator Laguerre-ACS1 GBPJPY.,H4: loaded successfully
2	09:08:28.843	Custom indicator MACD-2x AUDUSD.,H4: loaded successfully
2	09:08:28.863	Custom indicator MACD-2x AUDUSD.,H4: loaded successfully
2	09:08:28.987	Custom indicator Laguerre-ACS1 AUDUSD.,H4: loaded successfully
2	09:08:29.092	Custom indicator MACD-2x USDCHF.,H4: loaded successfully
2	09:08:29.110	Custom indicator MACD-2x USDCHF.,H4: loaded successfully
2	09:08:29.229	Custom indicator Laguerre-ACS1 USDCHF.,H4: loaded successfully
2	09:08:29.332	Custom indicator MACD-2x USDCAD.,H4: loaded successfully
2	09:08:29.347	Custom indicator MACD-2x USDCAD.,H4: loaded successfully
2	09:08:29.452	Custom indicator Laguerre-ACS1 USDCAD.,H4: loaded successfully
0	09:08:30.912	'120010550': login on PRC-Live through Server 3 (ping: 58.48 ms)
0	09:08:31.783	'120010550': login datacenter on PRC-Live through Server 3 (ping: 58.48 ms)
0	09:08:32.093	'120010550': previous successful authorization performed from 106.181.138.3
0	09:08:49.398	'120010550': ping to current access point Server 3 is 49.86 ms
0	09:09:57.857	'120010550': order sell market 0.01 EURUSD. sl: 0.00000 tp: 0.00000
0	09:09:58.218	'120010550': order was opened : #10902729 sell 0.01 EURUSD. at 1.12008 sl: 0.00000 tp: 0.00000
0	09:10:06.294	'120010550': modify order #10902729 sell 0.01 EURUSD. at 1.12008 sl: 0.00000 tp: 0.00000 -> sl: 0.00000 tp: 1.11587
0	09:10:06.753	'120010550': order #10902729 sell 0.01 EURUSD. at 1.12008 was modified -> sl: 0.00000 tp: 1.11587
0	10:05:26.180	'120010550': order sell market 0.01 XAUUSD. sl: 0.00 tp: 0.00
0	10:05:26.542	'120010550': order was opened : #10902833 sell 0.01 XAUUSD. at 1275.80 sl: 0.00 tp: 0.00
0	11:18:31.353	'120010550': modify order #10893389 sell 0.01 EURUSD. at 1.11320 sl: 0.00000 tp: 1.11200 -> sl: 0.00000 tp: 1.11145
0	11:18:32.621	'120010550': order #10893389 sell 0.01 EURUSD. at 1.11320 was modified -> sl: 0.00000 tp: 1.11145
0	11:18:37.364	'120010550': modify order #10902729 sell 0.01 EURUSD. at 1.12008 sl: 0.00000 tp: 1.11587 -> sl: 0.00000 tp: 1.11487
0	11:18:38.637	'120010550': order #10902729 sell 0.01 EURUSD. at 1.12008 was modified -> sl: 0.00000 tp: 1.11487
0	11:18:50.427	'120010550': modify order #10890135 sell 0.01 GBPUSD. at 1.28822 sl: 0.00000 tp: 1.28800 -> sl: 0.00000 tp: 1.27913
0	11:18:51.735	'120010550': order #10890135 sell 0.01 GBPUSD. at 1.28822 was modified -> sl: 0.00000 tp: 1.27913
0	11:18:55.320	'120010550': modify order #10890135 sell 0.01 GBPUSD. at 1.28822 sl: 0.00000 tp: 1.27913 -> sl: 0.00000 tp: 1.27606
0	11:18:55.875	'120010550': order #10890135 sell 0.01 GBPUSD. at 1.28822 was modified -> sl: 0.00000 tp: 1.27606
0	11:51:11.578	'120010550': modify order #10885323 sell 0.01 XAUUSD. at 1269.19 sl: 1298.75 tp: 1267.00 -> sl: 1298.75 tp: 1266.31
0	11:51:12.108	'120010550': order #10885323 sell 0.01 XAUUSD. at 1269.19 was modified -> sl: 1298.75 tp: 1266.31
0	11:51:14.763	'120010550': modify order #10885323 sell 0.01 XAUUSD. at 1269.19 sl: 1298.75 tp: 1266.31 -> sl: 1298.75 tp: 1266.55
0	11:51:15.549	'120010550': order #10885323 sell 0.01 XAUUSD. at 1269.19 was modified -> sl: 1298.75 tp: 1266.55
0	11:52:08.072	'120010550': order sell market 0.01 XAUUSD. sl: 0.00 tp: 0.00
0	11:52:08.632	'120010550': order was opened : #10902959 sell 0.01 XAUUSD. at 1273.82 sl: 0.00 tp: 0.00
0	12:27:34.053	'120010550': modify order #10902729 sell 0.01 EURUSD. at 1.12008 sl: 0.00000 tp: 1.11487 -> sl: 0.00000 tp: 1.11615
0	12:27:34.232	'120010550': order #10902729 sell 0.01 EURUSD. at 1.12008 was modified -> sl: 0.00000 tp: 1.11615
2	12:27:36.061	Custom indicator MACD-2x EURAUD.,H4: removed
2	12:27:36.065	Custom indicator MACD-2x EURAUD.,H4: removed
2	12:27:36.065	Custom indicator Laguerre-ACS1 EURAUD.,H4: removed
2	12:27:36.074	Custom indicator MACD-2x XAUUSD.,H4: removed
2	12:27:36.075	Custom indicator MACD-2x XAUUSD.,H4: removed
2	12:27:36.076	Custom indicator Laguerre-ACS1 XAUUSD.,H4: removed
2	12:27:36.084	Custom indicator MACD-2x US_OIL,H4: removed
2	12:27:36.086	Custom indicator MACD-2x US_OIL,H4: removed
2	12:27:36.086	Custom indicator Laguerre-ACS1 US_OIL,H4: removed
2	12:27:36.094	Custom indicator MACD-2x JP225,H4: removed
2	12:27:36.096	Custom indicator MACD-2x JP225,H4: removed
2	12:27:36.096	Custom indicator Laguerre-ACS1 JP225,H4: removed
2	12:27:36.102	Custom indicator MACD-2x SPX500,H4: removed
2	12:27:36.104	Custom indicator MACD-2x SPX500,H4: removed
2	12:27:36.105	Custom indicator Laguerre-ACS1 SPX500,H4: removed
2	12:27:36.111	Custom indicator MACD-2x NDX100,H4: removed
2	12:27:36.113	Custom indicator MACD-2x NDX100,H4: removed
2	12:27:36.113	Custom indicator Laguerre-ACS1 NDX100,H4: removed
2	12:27:36.119	Custom indicator MACD-2x USDJPY.,H1: removed
2	12:27:36.122	Custom indicator MACD-2x USDJPY.,H1: removed
2	12:27:36.122	Custom indicator Laguerre-ACS1 USDJPY.,H1: removed
2	12:27:36.141	Custom indicator MACD-2x EURUSD.,H4: removed
2	12:27:36.143	Custom indicator MACD-2x EURUSD.,H4: removed
2	12:27:36.143	Custom indicator Laguerre-ACS1 EURUSD.,H4: removed
2	12:27:36.159	Custom indicator MACD-2x GBPUSD.,H1: removed
2	12:27:36.161	Custom indicator MACD-2x GBPUSD.,H1: removed
2	12:27:36.161	Custom indicator Laguerre-ACS1 GBPUSD.,H1: removed
2	12:27:36.178	Custom indicator MACD-2x GBPJPY.,H4: removed
2	12:27:36.180	Custom indicator MACD-2x GBPJPY.,H4: removed
2	12:27:36.180	Custom indicator Laguerre-ACS1 GBPJPY.,H4: removed
2	12:27:36.185	Custom indicator MACD-2x AUDUSD.,Daily: removed
2	12:27:36.187	Custom indicator MACD-2x AUDUSD.,Daily: removed
2	12:27:36.187	Custom indicator Laguerre-ACS1 AUDUSD.,Daily: removed
2	12:27:36.194	Custom indicator MACD-2x USDCHF.,H4: removed
2	12:27:36.195	Custom indicator MACD-2x USDCHF.,H4: removed
2	12:27:36.196	Custom indicator Laguerre-ACS1 USDCHF.,H4: removed
2	12:27:36.206	Custom indicator MACD-2x USDCAD.,H4: removed
2	12:27:36.207	Custom indicator MACD-2x USDCAD.,H4: removed
2	12:27:36.207	Custom indicator Laguerre-ACS1 USDCAD.,H4: removed
0	12:27:36.723	FX Trader build 1170 stopped
