2	01:23:37.933	Custom indicator span_model XAUUSD.,H4: removed
2	01:23:37.936	Custom indicator MACD-2x XAUUSD.,H4: removed
2	01:23:37.938	Custom indicator MACD-2x XAUUSD.,H4: removed
2	01:23:37.938	Custom indicator Laguerre-ACS1 XAUUSD.,H4: removed
2	01:23:38.050	Custom indicator span_model JP225,H1: removed
2	01:23:38.053	Custom indicator MACD-2x JP225,H1: removed
2	01:23:38.056	Custom indicator MACD-2x JP225,H1: removed
2	01:23:38.057	Custom indicator Laguerre-ACS1 JP225,H1: removed
2	01:23:38.068	Custom indicator span_model USDJPY.,Daily: removed
2	01:23:38.072	Custom indicator MACD-2x USDJPY.,Daily: removed
2	01:23:38.074	Custom indicator MACD-2x USDJPY.,Daily: removed
2	01:23:38.074	Custom indicator Laguerre-ACS1 USDJPY.,Daily: removed
2	01:23:38.087	Custom indicator span_model EURJPY.,Daily: removed
2	01:23:38.090	Custom indicator MACD-2x EURJPY.,Daily: removed
2	01:23:38.092	Custom indicator MACD-2x EURJPY.,Daily: removed
2	01:23:38.092	Custom indicator Laguerre-ACS1 EURJPY.,Daily: removed
2	01:23:38.106	Custom indicator span_model EURUSD.,Daily: removed
2	01:23:38.109	Custom indicator MACD-2x EURUSD.,Daily: removed
2	01:23:38.112	Custom indicator MACD-2x EURUSD.,Daily: removed
2	01:23:38.112	Custom indicator Laguerre-ACS1 EURUSD.,Daily: removed
2	01:23:38.124	Custom indicator span_model GBPUSD.,Daily: removed
2	01:23:38.126	Custom indicator MACD-2x GBPUSD.,Daily: removed
2	01:23:38.128	Custom indicator MACD-2x GBPUSD.,Daily: removed
2	01:23:38.128	Custom indicator Laguerre-ACS1 GBPUSD.,Daily: removed
2	01:23:38.206	Custom indicator span_model GBPJPY.,Daily: removed
2	01:23:38.208	Custom indicator MACD-2x GBPJPY.,Daily: removed
2	01:23:38.211	Custom indicator MACD-2x GBPJPY.,Daily: removed
2	01:23:38.211	Custom indicator Laguerre-ACS1 GBPJPY.,Daily: removed
2	01:23:38.222	Custom indicator span_model NDX100,Daily: removed
2	01:23:38.225	Custom indicator MACD-2x NDX100,Daily: removed
2	01:23:38.227	Custom indicator MACD-2x NDX100,Daily: removed
2	01:23:38.227	Custom indicator Laguerre-ACS1 NDX100,Daily: removed
2	01:23:38.239	Custom indicator span_model SPX500,Daily: removed
2	01:23:38.242	Custom indicator MACD-2x SPX500,Daily: removed
2	01:23:38.244	Custom indicator MACD-2x SPX500,Daily: removed
2	01:23:38.245	Custom indicator Laguerre-ACS1 SPX500,Daily: removed
2	01:23:38.311	Custom indicator span_model US_OIL,Daily: removed
2	01:23:38.314	Custom indicator MACD-2x US_OIL,Daily: removed
2	01:23:38.315	Custom indicator MACD-2x US_OIL,Daily: removed
2	01:23:38.315	Custom indicator Laguerre-ACS1 US_OIL,Daily: removed
2	01:23:38.345	Custom indicator span_model EURAUD.,Daily: removed
2	01:23:38.348	Custom indicator MACD-2x EURAUD.,Daily: removed
2	01:23:38.351	Custom indicator MACD-2x EURAUD.,Daily: removed
2	01:23:38.351	Custom indicator Laguerre-ACS1 EURAUD.,Daily: removed
0	01:23:38.755	FX Trader build 1170 stopped
0	23:32:52.580	FX Trader build 1170 started (Performance Ronnaru Capital Ltd.)
0	23:32:52.580	Windows 10 Home x64, IE 11, UAC, 8 x Intel Core i7-6700HQ  @ 2.60GHz, Memory: 23605 / 32639 Mb, Disk: 141 / 264 Gb, GMT+9
0	23:32:52.580	Data Folder: C:\Users\tiany\AppData\Roaming\MetaQuotes\Terminal\79214103E7A6FC97F86082D309D0B84B
2	23:32:56.101	Custom indicator span_model EURAUD.,Daily: loaded successfully
2	23:32:56.112	Custom indicator MACD-2x EURAUD.,Daily: loaded successfully
2	23:32:56.123	Custom indicator MACD-2x EURAUD.,Daily: loaded successfully
2	23:32:56.199	Custom indicator Laguerre-ACS1 EURAUD.,Daily: loaded successfully
2	23:32:56.378	Custom indicator span_model XAUUSD.,H4: loaded successfully
2	23:32:56.392	Custom indicator MACD-2x XAUUSD.,H4: loaded successfully
2	23:32:56.404	Custom indicator MACD-2x XAUUSD.,H4: loaded successfully
2	23:32:56.490	Custom indicator Laguerre-ACS1 XAUUSD.,H4: loaded successfully
2	23:32:56.676	Custom indicator span_model JP225,H1: loaded successfully
2	23:32:56.690	Custom indicator MACD-2x JP225,H1: loaded successfully
2	23:32:56.703	Custom indicator MACD-2x JP225,H1: loaded successfully
2	23:32:56.786	Custom indicator Laguerre-ACS1 JP225,H1: loaded successfully
2	23:32:57.024	Custom indicator span_model US_OIL,Daily: loaded successfully
2	23:32:57.035	Custom indicator MACD-2x US_OIL,Daily: loaded successfully
2	23:32:57.048	Custom indicator MACD-2x US_OIL,Daily: loaded successfully
2	23:32:57.144	Custom indicator Laguerre-ACS1 US_OIL,Daily: loaded successfully
2	23:32:57.311	Custom indicator span_model NDX100,Daily: loaded successfully
2	23:32:57.324	Custom indicator MACD-2x NDX100,Daily: loaded successfully
2	23:32:57.337	Custom indicator MACD-2x NDX100,Daily: loaded successfully
2	23:32:57.416	Custom indicator Laguerre-ACS1 NDX100,Daily: loaded successfully
2	23:32:57.603	Custom indicator span_model SPX500,Daily: loaded successfully
2	23:32:57.616	Custom indicator MACD-2x SPX500,Daily: loaded successfully
2	23:32:57.631	Custom indicator MACD-2x SPX500,Daily: loaded successfully
2	23:32:57.736	Custom indicator Laguerre-ACS1 SPX500,Daily: loaded successfully
2	23:32:57.934	Custom indicator span_model USDJPY.,Daily: loaded successfully
2	23:32:57.950	Custom indicator MACD-2x USDJPY.,Daily: loaded successfully
2	23:32:57.965	Custom indicator MACD-2x USDJPY.,Daily: loaded successfully
2	23:32:58.065	Custom indicator Laguerre-ACS1 USDJPY.,Daily: loaded successfully
2	23:32:58.225	Custom indicator span_model EURJPY.,Daily: loaded successfully
2	23:32:58.236	Custom indicator MACD-2x EURJPY.,Daily: loaded successfully
2	23:32:58.247	Custom indicator MACD-2x EURJPY.,Daily: loaded successfully
2	23:32:58.337	Custom indicator Laguerre-ACS1 EURJPY.,Daily: loaded successfully
2	23:32:58.528	Custom indicator span_model EURUSD.,Daily: loaded successfully
2	23:32:58.538	Custom indicator MACD-2x EURUSD.,Daily: loaded successfully
2	23:32:58.549	Custom indicator MACD-2x EURUSD.,Daily: loaded successfully
2	23:32:58.644	Custom indicator Laguerre-ACS1 EURUSD.,Daily: loaded successfully
2	23:32:58.846	Custom indicator span_model GBPUSD.,Daily: loaded successfully
2	23:32:58.860	Custom indicator MACD-2x GBPUSD.,Daily: loaded successfully
2	23:32:58.876	Custom indicator MACD-2x GBPUSD.,Daily: loaded successfully
2	23:32:58.961	Custom indicator Laguerre-ACS1 GBPUSD.,Daily: loaded successfully
2	23:32:59.162	Custom indicator span_model GBPJPY.,Daily: loaded successfully
2	23:32:59.178	Custom indicator MACD-2x GBPJPY.,Daily: loaded successfully
2	23:32:59.193	Custom indicator MACD-2x GBPJPY.,Daily: loaded successfully
2	23:32:59.316	Custom indicator Laguerre-ACS1 GBPJPY.,Daily: loaded successfully
0	23:33:00.757	'120010550': login on PRC-Live through Server 7 (ping: 34.52 ms)
0	23:33:01.492	'120010550': login datacenter on PRC-Live through Server 7 (ping: 34.52 ms)
0	23:33:01.834	'120010550': previous successful authorization performed from 106.181.126.79
0	23:33:19.910	'120010550': auto connecting to a better access point Server 3 (ping is 41.70 ms)
0	23:33:20.389	'120010550': login on PRC-Live through Server 3 (ping: 41.70 ms)
0	23:33:20.900	'120010550': login datacenter on PRC-Live through Server 3 (ping: 41.70 ms)
0	23:33:21.188	'120010550': previous successful authorization performed from 106.181.126.79
