0	01:56:57.070	FX Trader build 1170 started (Performance Ronnaru Capital Ltd.)
0	01:56:57.071	Windows 10 Home x64, IE 11, UAC, 8 x Intel Core i7-6700HQ  @ 2.60GHz, Memory: 23913 / 32639 Mb, Disk: 154 / 264 Gb, GMT+9
0	01:56:57.071	Data Folder: C:\Users\tiany\AppData\Roaming\MetaQuotes\Terminal\79214103E7A6FC97F86082D309D0B84B
2	01:56:59.340	Custom indicator 小鱼\Laguerre-ACS1 USDJPY,H4: loaded successfully
2	01:56:59.351	Custom indicator MACD USDJPY,H4: loaded successfully
2	01:56:59.506	Custom indicator 小鱼\Laguerre-ACS1 EURJPY,H1: loaded successfully
2	01:56:59.518	Custom indicator MACD EURJPY,H1: loaded successfully
2	01:56:59.642	Custom indicator 小鱼\Laguerre-ACS1 EURUSD,H1: loaded successfully
2	01:56:59.652	Custom indicator MACD EURUSD,H1: loaded successfully
2	01:56:59.789	Custom indicator 小鱼\Laguerre-ACS1 GBPUSD,H1: loaded successfully
2	01:56:59.799	Custom indicator MACD GBPUSD,H1: loaded successfully
2	01:56:59.941	Custom indicator 小鱼\Laguerre-ACS1 GBPJPY,H1: loaded successfully
2	01:56:59.953	Custom indicator MACD GBPJPY,H1: loaded successfully
2	01:57:00.083	Custom indicator 小鱼\Laguerre-ACS1 JP225,H1: loaded successfully
2	01:57:00.094	Custom indicator MACD JP225,H1: loaded successfully
2	01:57:00.226	Custom indicator 小鱼\Laguerre-ACS1 SPX500,H1: loaded successfully
2	01:57:00.238	Custom indicator MACD SPX500,H1: loaded successfully
2	01:57:00.367	Custom indicator 小鱼\Laguerre-ACS1 CHINA300,Daily: loaded successfully
2	01:57:00.380	Custom indicator MACD CHINA300,Daily: loaded successfully
2	01:57:00.512	Custom indicator 小鱼\Laguerre-ACS1 US_OIL,H1: loaded successfully
2	01:57:00.523	Custom indicator MACD US_OIL,H1: loaded successfully
0	01:57:02.736	'120010550': login on PRC-Live through Server 3 (ping: 78.05 ms)
0	01:57:03.575	'120010550': login datacenter on PRC-Live through Server 3 (ping: 78.05 ms)
0	01:57:03.859	'120010550': previous successful authorization performed from 106.181.129.147
0	01:57:20.191	'120010550': ping to current access point Server 3 is 36.66 ms
2	01:57:39.319	Custom indicator 小鱼\Laguerre-ACS1 GBPJPY,H1: loaded successfully
2	01:57:39.330	Custom indicator MACD GBPJPY,H1: loaded successfully
2	01:57:46.775	Custom indicator Laguerre-ACS1 GBPJPY,H1: removed
2	01:57:46.777	Custom indicator MACD GBPJPY,H1: removed
0	01:59:36.332	'120010550': login on PRC-Live through Server 3 (ping: 36.66 ms)
0	01:59:37.064	'120010550': login datacenter on PRC-Live through Server 3 (ping: 36.66 ms)
0	01:59:37.335	'120010550': previous successful authorization performed from 106.181.128.226
2	02:02:59.095	Custom indicator Laguerre-ACS1 USDJPY,H4: removed
2	02:02:59.097	Custom indicator MACD USDJPY,H4: removed
2	02:02:59.108	Custom indicator Laguerre-ACS1 EURJPY,H1: removed
2	02:02:59.111	Custom indicator MACD EURJPY,H1: removed
2	02:02:59.115	Custom indicator Laguerre-ACS1 EURUSD,H1: removed
2	02:02:59.118	Custom indicator MACD EURUSD,H1: removed
2	02:02:59.130	Custom indicator Laguerre-ACS1 GBPUSD,H1: removed
2	02:02:59.133	Custom indicator MACD GBPUSD,H1: removed
2	02:02:59.144	Custom indicator Laguerre-ACS1 JP225,H1: removed
2	02:02:59.147	Custom indicator MACD JP225,H1: removed
2	02:02:59.156	Custom indicator Laguerre-ACS1 SPX500,H1: removed
2	02:02:59.159	Custom indicator MACD SPX500,H1: removed
2	02:02:59.167	Custom indicator Laguerre-ACS1 CHINA300,Daily: removed
2	02:02:59.169	Custom indicator MACD CHINA300,Daily: removed
2	02:02:59.176	Custom indicator Laguerre-ACS1 US_OIL,H1: removed
2	02:02:59.179	Custom indicator MACD US_OIL,H1: removed
2	02:02:59.189	Custom indicator Laguerre-ACS1 GBPJPY,H1: removed
2	02:02:59.191	Custom indicator MACD GBPJPY,H1: removed
0	02:02:59.594	FX Trader build 1170 stopped
0	02:03:03.587	FX Trader build 1170 started (Performance Ronnaru Capital Ltd.)
0	02:03:03.588	Windows 10 Home x64, IE 11, UAC, 8 x Intel Core i7-6700HQ  @ 2.60GHz, Memory: 23843 / 32639 Mb, Disk: 154 / 264 Gb, GMT+9
0	02:03:03.588	Data Folder: C:\Users\tiany\AppData\Roaming\MetaQuotes\Terminal\79214103E7A6FC97F86082D309D0B84B
2	02:03:05.571	Custom indicator 小鱼\Laguerre-ACS1 USDJPY,H4: loaded successfully
2	02:03:05.583	Custom indicator MACD USDJPY,H4: loaded successfully
2	02:03:05.699	Custom indicator 小鱼\Laguerre-ACS1 EURJPY,H1: loaded successfully
2	02:03:05.711	Custom indicator MACD EURJPY,H1: loaded successfully
2	02:03:05.825	Custom indicator 小鱼\Laguerre-ACS1 EURUSD,H1: loaded successfully
2	02:03:05.837	Custom indicator MACD EURUSD,H1: loaded successfully
2	02:03:05.953	Custom indicator 小鱼\Laguerre-ACS1 GBPUSD,H1: loaded successfully
2	02:03:05.964	Custom indicator MACD GBPUSD,H1: loaded successfully
2	02:03:06.080	Custom indicator 小鱼\Laguerre-ACS1 GBPJPY,H1: loaded successfully
2	02:03:06.091	Custom indicator MACD GBPJPY,H1: loaded successfully
2	02:03:06.216	Custom indicator 小鱼\Laguerre-ACS1 JP225,H1: loaded successfully
2	02:03:06.226	Custom indicator MACD JP225,H1: loaded successfully
2	02:03:06.351	Custom indicator 小鱼\Laguerre-ACS1 SPX500,H1: loaded successfully
2	02:03:06.362	Custom indicator MACD SPX500,H1: loaded successfully
2	02:03:06.499	Custom indicator 小鱼\Laguerre-ACS1 CHINA300,Daily: loaded successfully
2	02:03:06.511	Custom indicator MACD CHINA300,Daily: loaded successfully
2	02:03:06.642	Custom indicator 小鱼\Laguerre-ACS1 US_OIL,H1: loaded successfully
2	02:03:06.653	Custom indicator MACD US_OIL,H1: loaded successfully
0	02:03:07.701	'120010550': login on PRC-Live through Server 3 (ping: 36.66 ms)
0	02:03:08.469	'120010550': login datacenter on PRC-Live through Server 3 (ping: 36.66 ms)
0	02:03:08.752	'120010550': previous successful authorization performed from 106.181.128.226
2	02:14:02.534	Custom indicator Laguerre-ACS1 USDJPY,H4: removed
2	02:14:02.537	Custom indicator MACD USDJPY,H4: removed
2	02:14:02.546	Custom indicator Laguerre-ACS1 EURJPY,H1: removed
2	02:14:02.548	Custom indicator MACD EURJPY,H1: removed
2	02:14:02.553	Custom indicator Laguerre-ACS1 EURUSD,H1: removed
2	02:14:02.555	Custom indicator MACD EURUSD,H1: removed
2	02:14:02.559	Custom indicator Laguerre-ACS1 GBPUSD,H1: removed
2	02:14:02.563	Custom indicator MACD GBPUSD,H1: removed
2	02:14:02.613	Custom indicator Laguerre-ACS1 GBPJPY,H1: removed
2	02:14:02.615	Custom indicator MACD GBPJPY,H1: removed
2	02:14:02.621	Custom indicator Laguerre-ACS1 JP225,H1: removed
2	02:14:02.624	Custom indicator MACD JP225,H1: removed
2	02:14:02.630	Custom indicator Laguerre-ACS1 SPX500,H1: removed
2	02:14:02.631	Custom indicator MACD SPX500,H1: removed
2	02:14:02.640	Custom indicator Laguerre-ACS1 CHINA300,Daily: removed
2	02:14:02.641	Custom indicator MACD CHINA300,Daily: removed
2	02:14:02.649	Custom indicator Laguerre-ACS1 US_OIL,H1: removed
2	02:14:02.651	Custom indicator MACD US_OIL,H1: removed
0	02:14:02.982	FX Trader build 1170 stopped
