0	21:44:08.449	FX Trader build 1170 started (Performance Ronnaru Capital Ltd.)
0	21:44:08.449	Windows 10 Home x64, IE 11, UAC, 8 x Intel Core i7-6700HQ  @ 2.60GHz, Memory: 29293 / 32639 Mb, Disk: 139 / 264 Gb, GMT+8
0	21:44:08.449	Data Folder: C:\Users\tiany\AppData\Roaming\MetaQuotes\Terminal\79214103E7A6FC97F86082D309D0B84B
2	21:44:10.382	Custom indicator SupResZone_MTF USDXXX,H4: loaded successfully
2	21:44:10.393	Custom indicator SupResZone_MTF USDXXX,H4: loaded successfully
2	21:44:10.405	Custom indicator SupResZone_MTF USDXXX,H4: loaded successfully
2	21:44:10.416	Custom indicator SupResZone_MTF USDXXX,H4: loaded successfully
2	21:44:10.427	Custom indicator MACD-2x USDXXX,H4: loaded successfully
2	21:44:10.509	Custom indicator Laguerre-ACS1 USDXXX,H4: loaded successfully
2	21:44:10.710	Custom indicator SupResZone_MTF XAUUSD.,H4: loaded successfully
2	21:44:10.724	Custom indicator SupResZone_MTF XAUUSD.,H4: loaded successfully
2	21:44:10.736	Custom indicator SupResZone_MTF XAUUSD.,H4: loaded successfully
2	21:44:10.745	Custom indicator SupResZone_MTF XAUUSD.,H4: loaded successfully
2	21:44:10.755	Custom indicator MACD-2x XAUUSD.,H4: loaded successfully
2	21:44:10.821	Custom indicator Laguerre-ACS1 XAUUSD.,H4: loaded successfully
2	21:44:11.041	Custom indicator SupResZone_MTF XAGUSD.,H4: loaded successfully
2	21:44:11.051	Custom indicator SupResZone_MTF XAGUSD.,H4: loaded successfully
2	21:44:11.062	Custom indicator SupResZone_MTF XAGUSD.,H4: loaded successfully
2	21:44:11.073	Custom indicator SupResZone_MTF XAGUSD.,H4: loaded successfully
2	21:44:11.084	Custom indicator MACD-2x XAGUSD.,H4: loaded successfully
2	21:44:11.176	Custom indicator Laguerre-ACS1 XAGUSD.,H4: loaded successfully
2	21:44:11.392	Custom indicator SupResZone_MTF US_OIL,H4: loaded successfully
2	21:44:11.405	Custom indicator SupResZone_MTF US_OIL,H4: loaded successfully
2	21:44:11.418	Custom indicator SupResZone_MTF US_OIL,H4: loaded successfully
2	21:44:11.431	Custom indicator SupResZone_MTF US_OIL,H4: loaded successfully
2	21:44:11.442	Custom indicator MACD-2x US_OIL,H4: loaded successfully
2	21:44:11.540	Custom indicator Laguerre-ACS1 US_OIL,H4: loaded successfully
2	21:44:11.838	Custom indicator SupResZone_MTF JP225,H4: loaded successfully
2	21:44:11.850	Custom indicator SupResZone_MTF JP225,H4: loaded successfully
2	21:44:11.862	Custom indicator SupResZone_MTF JP225,H4: loaded successfully
2	21:44:11.874	Custom indicator SupResZone_MTF JP225,H4: loaded successfully
2	21:44:11.886	Custom indicator MACD-2x JP225,H4: loaded successfully
2	21:44:11.973	Custom indicator Laguerre-ACS1 JP225,H4: loaded successfully
2	21:44:12.244	Custom indicator SupResZone_MTF SPX500,H4: loaded successfully
2	21:44:12.258	Custom indicator SupResZone_MTF SPX500,H4: loaded successfully
2	21:44:12.273	Custom indicator SupResZone_MTF SPX500,H4: loaded successfully
2	21:44:12.287	Custom indicator SupResZone_MTF SPX500,H4: loaded successfully
2	21:44:12.298	Custom indicator MACD-2x SPX500,H4: loaded successfully
2	21:44:12.395	Custom indicator Laguerre-ACS1 SPX500,H4: loaded successfully
2	21:44:12.634	Custom indicator SupResZone_MTF EURAUD.,H4: loaded successfully
2	21:44:12.654	Custom indicator SupResZone_MTF EURAUD.,H4: loaded successfully
2	21:44:12.666	Custom indicator SupResZone_MTF EURAUD.,H4: loaded successfully
2	21:44:12.678	Custom indicator SupResZone_MTF EURAUD.,H4: loaded successfully
2	21:44:12.691	Custom indicator MACD-2x EURAUD.,H4: loaded successfully
2	21:44:12.775	Custom indicator Laguerre-ACS1 EURAUD.,H4: loaded successfully
2	21:44:13.008	Custom indicator SupResZone_MTF AUDJPY.,H4: loaded successfully
2	21:44:13.031	Custom indicator SupResZone_MTF AUDJPY.,H4: loaded successfully
2	21:44:13.050	Custom indicator SupResZone_MTF AUDJPY.,H4: loaded successfully
2	21:44:13.064	Custom indicator SupResZone_MTF AUDJPY.,H4: loaded successfully
2	21:44:13.076	Custom indicator MACD-2x AUDJPY.,H4: loaded successfully
2	21:44:13.160	Custom indicator Laguerre-ACS1 AUDJPY.,H4: loaded successfully
2	21:44:13.385	Custom indicator SupResZone_MTF AUDUSD.,H4: loaded successfully
2	21:44:13.400	Custom indicator SupResZone_MTF AUDUSD.,H4: loaded successfully
2	21:44:13.418	Custom indicator SupResZone_MTF AUDUSD.,H4: loaded successfully
2	21:44:13.432	Custom indicator SupResZone_MTF AUDUSD.,H4: loaded successfully
2	21:44:13.444	Custom indicator MACD-2x AUDUSD.,H4: loaded successfully
2	21:44:13.524	Custom indicator Laguerre-ACS1 AUDUSD.,H4: loaded successfully
2	21:44:13.748	Custom indicator SupResZone_MTF USDJPY.,H4: loaded successfully
2	21:44:13.758	Custom indicator SupResZone_MTF USDJPY.,H4: loaded successfully
2	21:44:13.768	Custom indicator SupResZone_MTF USDJPY.,H4: loaded successfully
2	21:44:13.782	Custom indicator SupResZone_MTF USDJPY.,H4: loaded successfully
2	21:44:13.792	Custom indicator MACD-2x USDJPY.,H4: loaded successfully
2	21:44:13.878	Custom indicator Laguerre-ACS1 USDJPY.,H4: loaded successfully
2	21:44:14.115	Custom indicator SupResZone_MTF EURJPY.,H4: loaded successfully
2	21:44:14.128	Custom indicator SupResZone_MTF EURJPY.,H4: loaded successfully
2	21:44:14.140	Custom indicator SupResZone_MTF EURJPY.,H4: loaded successfully
2	21:44:14.151	Custom indicator SupResZone_MTF EURJPY.,H4: loaded successfully
2	21:44:14.162	Custom indicator MACD-2x EURJPY.,H4: loaded successfully
2	21:44:14.260	Custom indicator Laguerre-ACS1 EURJPY.,H4: loaded successfully
2	21:44:14.507	Custom indicator SupResZone_MTF EURUSD.,H4: loaded successfully
2	21:44:14.520	Custom indicator SupResZone_MTF EURUSD.,H4: loaded successfully
2	21:44:14.533	Custom indicator SupResZone_MTF EURUSD.,H4: loaded successfully
2	21:44:14.545	Custom indicator SupResZone_MTF EURUSD.,H4: loaded successfully
2	21:44:14.556	Custom indicator MACD-2x EURUSD.,H4: loaded successfully
2	21:44:14.662	Custom indicator Laguerre-ACS1 EURUSD.,H4: loaded successfully
2	21:44:15.031	Custom indicator SupResZone_MTF GBPJPY.,H4: loaded successfully
2	21:44:15.052	Custom indicator SupResZone_MTF GBPJPY.,H4: loaded successfully
2	21:44:15.074	Custom indicator SupResZone_MTF GBPJPY.,H4: loaded successfully
2	21:44:15.091	Custom indicator SupResZone_MTF GBPJPY.,H4: loaded successfully
2	21:44:15.111	Custom indicator MACD-2x GBPJPY.,H4: loaded successfully
2	21:44:15.282	Custom indicator Laguerre-ACS1 GBPJPY.,H4: loaded successfully
2	21:44:15.666	Custom indicator SupResZone_MTF GBPUSD.,H4: loaded successfully
2	21:44:15.682	Custom indicator SupResZone_MTF GBPUSD.,H4: loaded successfully
2	21:44:15.701	Custom indicator SupResZone_MTF GBPUSD.,H4: loaded successfully
2	21:44:15.718	Custom indicator SupResZone_MTF GBPUSD.,H4: loaded successfully
2	21:44:15.735	Custom indicator MACD-2x GBPUSD.,H4: loaded successfully
2	21:44:15.833	Custom indicator Laguerre-ACS1 GBPUSD.,H4: loaded successfully
2	21:44:16.217	Custom indicator SupResZone_MTF USDCAD.,Daily: loaded successfully
2	21:44:16.235	Custom indicator SupResZone_MTF USDCAD.,Daily: loaded successfully
2	21:44:16.247	Custom indicator SupResZone_MTF USDCAD.,Daily: loaded successfully
2	21:44:16.260	Custom indicator SupResZone_MTF USDCAD.,Daily: loaded successfully
2	21:44:16.277	Custom indicator MACD-2x USDCAD.,Daily: loaded successfully
2	21:44:16.393	Custom indicator Laguerre-ACS1 USDCAD.,Daily: loaded successfully
2	21:44:16.677	Custom indicator SupResZone_MTF USDCHF.,Daily: loaded successfully
2	21:44:16.694	Custom indicator SupResZone_MTF USDCHF.,Daily: loaded successfully
2	21:44:16.711	Custom indicator SupResZone_MTF USDCHF.,Daily: loaded successfully
2	21:44:16.728	Custom indicator SupResZone_MTF USDCHF.,Daily: loaded successfully
2	21:44:16.741	Custom indicator MACD-2x USDCHF.,Daily: loaded successfully
2	21:44:16.836	Custom indicator Laguerre-ACS1 USDCHF.,Daily: loaded successfully
2	21:44:17.052	Custom indicator MACD-2x USDCNH,Daily: loaded successfully
2	21:44:17.065	Custom indicator MACD-2x USDCNH,Daily: loaded successfully
2	21:44:17.171	Custom indicator Laguerre-ACS1 USDCNH,Daily: loaded successfully
2	21:44:17.327	Custom indicator GMMA Long USDJPY.,H1: loaded successfully
2	21:44:17.344	Custom indicator GMMA Short USDJPY.,H1: loaded successfully
2	21:44:17.358	Custom indicator 23MTF_MovingAverageIGOR USDJPY.,H1: loaded successfully
2	21:44:17.371	Custom indicator 23MTF_MovingAverageIGOR USDJPY.,H1: loaded successfully
2	21:44:17.385	Custom indicator SupResZone_MTF USDJPY.,H1: loaded successfully
2	21:44:17.401	Custom indicator SupResZone_MTF USDJPY.,H1: loaded successfully
2	21:44:17.413	Custom indicator MACD-2x USDJPY.,H1: loaded successfully
2	21:44:17.741	Custom indicator SupResZone_MTF CHINA300,Daily: loaded successfully
2	21:44:17.758	Custom indicator SupResZone_MTF CHINA300,Daily: loaded successfully
2	21:44:17.775	Custom indicator SupResZone_MTF CHINA300,Daily: loaded successfully
2	21:44:17.790	Custom indicator SupResZone_MTF CHINA300,Daily: loaded successfully
2	21:44:17.803	Custom indicator MACD-2x CHINA300,Daily: loaded successfully
2	21:44:17.889	Custom indicator Laguerre-ACS1 CHINA300,Daily: loaded successfully
0	21:44:21.915	'120010550': login on PRC-Live through Server 8 (ping: 138.63 ms)
0	21:44:23.871	'120010550': login datacenter on PRC-Live through Server 8 (ping: 138.63 ms)
0	21:44:24.266	'120010550': previous successful authorization performed from 223.104.237.88
0	21:45:15.269	'120010550': auto connecting to a better access point Server 7 (ping is 130.64 ms)
0	21:45:15.969	'120010550': login on PRC-Live through Server 7 (ping: 130.64 ms)
0	21:45:17.678	'120010550': login datacenter on PRC-Live through Server 7 (ping: 130.64 ms)
0	21:45:18.186	'120010550': previous successful authorization performed from 101.131.181.94
0	21:50:14.467	'120010550': order sell market 0.01 EURAUD. sl: 0.00000 tp: 0.00000
0	21:50:14.816	'120010550': order was opened : #11015017 sell 0.01 EURAUD. at 1.63251 sl: 0.00000 tp: 0.00000
0	21:52:28.233	'120010550': login on PRC-Live through Server 7 (ping: 130.64 ms)
1	21:52:51.639	'120010550': datacenter connecting failed [6]
0	21:52:51.997	'120010550': previous successful authorization performed from 1.180.18.101
0	21:59:05.559	'120010550': order buy market 0.01 AUDJPY. sl: 0.000 tp: 0.000
0	21:59:05.978	'120010550': order was opened : #11015055 buy 0.01 AUDJPY. at 74.639 sl: 0.000 tp: 0.000
0	22:08:44.965	'120010550': modify order #11015017 sell 0.01 EURAUD. at 1.63251 sl: 0.00000 tp: 0.00000 -> sl: 1.63360 tp: 0.00000
0	22:08:45.486	'120010550': order #11015017 sell 0.01 EURAUD. at 1.63251 was modified -> sl: 1.63360 tp: 0.00000
0	22:08:48.349	'120010550': modify order #11015017 sell 0.01 EURAUD. at 1.63251 sl: 1.63360 tp: 0.00000 -> sl: 1.63225 tp: 0.00000
0	22:08:48.921	'120010550': order #11015017 sell 0.01 EURAUD. at 1.63251 was modified -> sl: 1.63225 tp: 0.00000
0	23:38:38.785	'120010550': login on PRC-Live through Server 7 (ping: 130.64 ms)
0	23:38:41.785	'120010550': login datacenter on PRC-Live through Server 7 (ping: 130.64 ms)
0	23:38:42.514	'120010550': previous successful authorization performed from 1.180.18.101
0	23:39:18.315	'120010550': ping to current access point Server 7 is 126.73 ms
1	23:44:02.408	'120010550': ping failed
1	23:44:02.410	'120010550': datacenter connecting failed [6]
0	23:44:02.994	'120010550': login on PRC-Live through Server 6 (ping: 115.23 ms)
0	23:44:23.216	'120010550': login datacenter on PRC-Live through Server 6 (ping: 115.23 ms)
0	23:44:28.993	'120010550': login on PRC-Live through Server 6 (ping: 115.23 ms)
0	23:44:30.716	'120010550': login datacenter on PRC-Live through Server 6 (ping: 115.23 ms)
0	23:44:31.190	'120010550': previous successful authorization performed from 42.101.65.200
1	23:45:10.846	'120010550': ping failed
1	23:45:10.848	'120010550': datacenter connecting failed [6]
0	23:45:11.549	'120010550': login on PRC-Live through Server 8 (ping: 143.85 ms)
0	23:45:12.845	'120010550': login datacenter on PRC-Live through Server 8 (ping: 143.85 ms)
0	23:45:13.200	'120010550': previous successful authorization performed from 42.101.65.200
