0	21:33:45.481	FX Trader build 1170 started (Performance Ronnaru Capital Ltd.)
0	21:33:45.482	Windows 10 Home x64, IE 11, UAC, 8 x Intel Core i7-6700HQ  @ 2.60GHz, Memory: 24927 / 32639 Mb, Disk: 136 / 264 Gb, GMT+8
0	21:33:45.482	Data Folder: C:\Users\tiany\AppData\Roaming\MetaQuotes\Terminal\79214103E7A6FC97F86082D309D0B84B
2	21:33:48.177	Custom indicator SupResZone_MTF USDXXX,H4: loaded successfully
2	21:33:48.189	Custom indicator SupResZone_MTF USDXXX,H4: loaded successfully
2	21:33:48.200	Custom indicator SupResZone_MTF USDXXX,H4: loaded successfully
2	21:33:48.213	Custom indicator SupResZone_MTF USDXXX,H4: loaded successfully
2	21:33:48.224	Custom indicator MACD-2x USDXXX,H4: loaded successfully
2	21:33:48.298	Custom indicator Laguerre-ACS1 USDXXX,H4: loaded successfully
2	21:33:48.508	Custom indicator SupResZone_MTF XAUUSD.,H4: loaded successfully
2	21:33:48.521	Custom indicator SupResZone_MTF XAUUSD.,H4: loaded successfully
2	21:33:48.533	Custom indicator SupResZone_MTF XAUUSD.,H4: loaded successfully
2	21:33:48.544	Custom indicator SupResZone_MTF XAUUSD.,H4: loaded successfully
2	21:33:48.555	Custom indicator MACD-2x XAUUSD.,H4: loaded successfully
2	21:33:48.633	Custom indicator Laguerre-ACS1 XAUUSD.,H4: loaded successfully
2	21:33:48.862	Custom indicator SupResZone_MTF XAGUSD.,H4: loaded successfully
2	21:33:48.875	Custom indicator SupResZone_MTF XAGUSD.,H4: loaded successfully
2	21:33:48.889	Custom indicator SupResZone_MTF XAGUSD.,H4: loaded successfully
2	21:33:48.902	Custom indicator SupResZone_MTF XAGUSD.,H4: loaded successfully
2	21:33:48.914	Custom indicator MACD-2x XAGUSD.,H4: loaded successfully
2	21:33:49.010	Custom indicator Laguerre-ACS1 XAGUSD.,H4: loaded successfully
2	21:33:49.378	Custom indicator SupResZone_MTF US_OIL,H4: loaded successfully
2	21:33:49.394	Custom indicator SupResZone_MTF US_OIL,H4: loaded successfully
2	21:33:49.414	Custom indicator SupResZone_MTF US_OIL,H4: loaded successfully
2	21:33:49.436	Custom indicator SupResZone_MTF US_OIL,H4: loaded successfully
2	21:33:49.459	Custom indicator MACD-2x US_OIL,H4: loaded successfully
2	21:33:49.612	Custom indicator Laguerre-ACS1 US_OIL,H4: loaded successfully
2	21:33:49.941	Custom indicator SupResZone_MTF JP225,H4: loaded successfully
2	21:33:49.961	Custom indicator SupResZone_MTF JP225,H4: loaded successfully
2	21:33:49.984	Custom indicator SupResZone_MTF JP225,H4: loaded successfully
2	21:33:50.005	Custom indicator SupResZone_MTF JP225,H4: loaded successfully
2	21:33:50.023	Custom indicator MACD-2x JP225,H4: loaded successfully
2	21:33:50.118	Custom indicator Laguerre-ACS1 JP225,H4: loaded successfully
2	21:33:50.412	Custom indicator SupResZone_MTF SPX500,H4: loaded successfully
2	21:33:50.424	Custom indicator SupResZone_MTF SPX500,H4: loaded successfully
2	21:33:50.436	Custom indicator SupResZone_MTF SPX500,H4: loaded successfully
2	21:33:50.448	Custom indicator SupResZone_MTF SPX500,H4: loaded successfully
2	21:33:50.465	Custom indicator MACD-2x SPX500,H4: loaded successfully
2	21:33:50.544	Custom indicator Laguerre-ACS1 SPX500,H4: loaded successfully
2	21:33:50.761	Custom indicator SupResZone_MTF EURAUD.,H4: loaded successfully
2	21:33:50.773	Custom indicator SupResZone_MTF EURAUD.,H4: loaded successfully
2	21:33:50.785	Custom indicator SupResZone_MTF EURAUD.,H4: loaded successfully
2	21:33:50.795	Custom indicator SupResZone_MTF EURAUD.,H4: loaded successfully
2	21:33:50.807	Custom indicator MACD-2x EURAUD.,H4: loaded successfully
2	21:33:50.893	Custom indicator Laguerre-ACS1 EURAUD.,H4: loaded successfully
2	21:33:51.156	Custom indicator SupResZone_MTF AUDJPY.,H4: loaded successfully
2	21:33:51.174	Custom indicator SupResZone_MTF AUDJPY.,H4: loaded successfully
2	21:33:51.190	Custom indicator SupResZone_MTF AUDJPY.,H4: loaded successfully
2	21:33:51.207	Custom indicator SupResZone_MTF AUDJPY.,H4: loaded successfully
2	21:33:51.223	Custom indicator MACD-2x AUDJPY.,H4: loaded successfully
2	21:33:51.341	Custom indicator Laguerre-ACS1 AUDJPY.,H4: loaded successfully
2	21:33:51.608	Custom indicator SupResZone_MTF AUDUSD.,H4: loaded successfully
2	21:33:51.620	Custom indicator SupResZone_MTF AUDUSD.,H4: loaded successfully
2	21:33:51.631	Custom indicator SupResZone_MTF AUDUSD.,H4: loaded successfully
2	21:33:51.643	Custom indicator SupResZone_MTF AUDUSD.,H4: loaded successfully
2	21:33:51.654	Custom indicator MACD-2x AUDUSD.,H4: loaded successfully
2	21:33:51.734	Custom indicator Laguerre-ACS1 AUDUSD.,H4: loaded successfully
2	21:33:51.966	Custom indicator SupResZone_MTF USDJPY.,H4: loaded successfully
2	21:33:51.978	Custom indicator SupResZone_MTF USDJPY.,H4: loaded successfully
2	21:33:51.989	Custom indicator SupResZone_MTF USDJPY.,H4: loaded successfully
2	21:33:52.001	Custom indicator SupResZone_MTF USDJPY.,H4: loaded successfully
2	21:33:52.017	Custom indicator MACD-2x USDJPY.,H4: loaded successfully
2	21:33:52.091	Custom indicator Laguerre-ACS1 USDJPY.,H4: loaded successfully
2	21:33:52.311	Custom indicator SupResZone_MTF EURJPY.,H4: loaded successfully
2	21:33:52.324	Custom indicator SupResZone_MTF EURJPY.,H4: loaded successfully
2	21:33:52.335	Custom indicator SupResZone_MTF EURJPY.,H4: loaded successfully
2	21:33:52.346	Custom indicator SupResZone_MTF EURJPY.,H4: loaded successfully
2	21:33:52.357	Custom indicator MACD-2x EURJPY.,H4: loaded successfully
2	21:33:52.432	Custom indicator Laguerre-ACS1 EURJPY.,H4: loaded successfully
2	21:33:52.680	Custom indicator SupResZone_MTF EURUSD.,H4: loaded successfully
2	21:33:52.692	Custom indicator SupResZone_MTF EURUSD.,H4: loaded successfully
2	21:33:52.704	Custom indicator SupResZone_MTF EURUSD.,H4: loaded successfully
2	21:33:52.719	Custom indicator SupResZone_MTF EURUSD.,H4: loaded successfully
2	21:33:52.728	Custom indicator MACD-2x EURUSD.,H4: loaded successfully
2	21:33:52.804	Custom indicator Laguerre-ACS1 EURUSD.,H4: loaded successfully
2	21:33:53.102	Custom indicator SupResZone_MTF GBPJPY.,H4: loaded successfully
2	21:33:53.113	Custom indicator SupResZone_MTF GBPJPY.,H4: loaded successfully
2	21:33:53.126	Custom indicator SupResZone_MTF GBPJPY.,H4: loaded successfully
2	21:33:53.137	Custom indicator SupResZone_MTF GBPJPY.,H4: loaded successfully
2	21:33:53.149	Custom indicator MACD-2x GBPJPY.,H4: loaded successfully
2	21:33:53.226	Custom indicator Laguerre-ACS1 GBPJPY.,H4: loaded successfully
2	21:33:53.448	Custom indicator SupResZone_MTF GBPUSD.,H4: loaded successfully
2	21:33:53.460	Custom indicator SupResZone_MTF GBPUSD.,H4: loaded successfully
2	21:33:53.471	Custom indicator SupResZone_MTF GBPUSD.,H4: loaded successfully
2	21:33:53.481	Custom indicator SupResZone_MTF GBPUSD.,H4: loaded successfully
2	21:33:53.492	Custom indicator MACD-2x GBPUSD.,H4: loaded successfully
2	21:33:53.565	Custom indicator Laguerre-ACS1 GBPUSD.,H4: loaded successfully
2	21:33:53.789	Custom indicator SupResZone_MTF USDCAD.,Daily: loaded successfully
2	21:33:53.801	Custom indicator SupResZone_MTF USDCAD.,Daily: loaded successfully
2	21:33:53.811	Custom indicator SupResZone_MTF USDCAD.,Daily: loaded successfully
2	21:33:53.822	Custom indicator SupResZone_MTF USDCAD.,Daily: loaded successfully
2	21:33:53.832	Custom indicator MACD-2x USDCAD.,Daily: loaded successfully
2	21:33:53.904	Custom indicator Laguerre-ACS1 USDCAD.,Daily: loaded successfully
2	21:33:54.094	Custom indicator SupResZone_MTF USDCHF.,Daily: loaded successfully
2	21:33:54.108	Custom indicator SupResZone_MTF USDCHF.,Daily: loaded successfully
2	21:33:54.120	Custom indicator SupResZone_MTF USDCHF.,Daily: loaded successfully
2	21:33:54.134	Custom indicator SupResZone_MTF USDCHF.,Daily: loaded successfully
2	21:33:54.149	Custom indicator MACD-2x USDCHF.,Daily: loaded successfully
2	21:33:54.239	Custom indicator Laguerre-ACS1 USDCHF.,Daily: loaded successfully
2	21:33:54.422	Custom indicator MACD-2x USDCNH,Daily: loaded successfully
2	21:33:54.433	Custom indicator MACD-2x USDCNH,Daily: loaded successfully
2	21:33:54.511	Custom indicator Laguerre-ACS1 USDCNH,Daily: loaded successfully
2	21:33:54.594	Custom indicator GMMA Long USDJPY.,H1: loaded successfully
2	21:33:54.606	Custom indicator GMMA Short USDJPY.,H1: loaded successfully
2	21:33:54.617	Custom indicator 23MTF_MovingAverageIGOR USDJPY.,H1: loaded successfully
2	21:33:54.626	Custom indicator 23MTF_MovingAverageIGOR USDJPY.,H1: loaded successfully
2	21:33:54.638	Custom indicator SupResZone_MTF USDJPY.,H1: loaded successfully
2	21:33:54.649	Custom indicator SupResZone_MTF USDJPY.,H1: loaded successfully
2	21:33:54.660	Custom indicator MACD-2x USDJPY.,H1: loaded successfully
2	21:33:54.899	Custom indicator SupResZone_MTF CHINA300,Daily: loaded successfully
2	21:33:54.911	Custom indicator SupResZone_MTF CHINA300,Daily: loaded successfully
2	21:33:54.926	Custom indicator SupResZone_MTF CHINA300,Daily: loaded successfully
2	21:33:54.937	Custom indicator SupResZone_MTF CHINA300,Daily: loaded successfully
2	21:33:54.948	Custom indicator MACD-2x CHINA300,Daily: loaded successfully
2	21:33:55.031	Custom indicator Laguerre-ACS1 CHINA300,Daily: loaded successfully
0	21:33:57.253	'120010550': login on PRC-Live through Server 5 (ping: 93.04 ms)
0	21:33:58.651	'120010550': login datacenter on PRC-Live through Server 5 (ping: 93.04 ms)
0	21:33:59.067	'120010550': previous successful authorization performed from 101.131.181.23
0	21:34:25.035	'120010550': ping to current access point Server 5 is 101.32 ms
2	21:34:54.909	Custom indicator SupResZone_MTF USDXXX,H4: removed
2	21:34:54.911	Custom indicator SupResZone_MTF USDXXX,H4: removed
2	21:34:54.913	Custom indicator SupResZone_MTF USDXXX,H4: removed
2	21:34:54.915	Custom indicator SupResZone_MTF USDXXX,H4: removed
2	21:34:54.916	Custom indicator MACD-2x USDXXX,H4: removed
2	21:34:54.916	Custom indicator Laguerre-ACS1 USDXXX,H4: removed
2	21:34:54.928	Custom indicator SupResZone_MTF USDXXX,H4: loaded successfully
2	21:34:54.937	Custom indicator SupResZone_MTF USDXXX,H4: loaded successfully
2	21:34:54.948	Custom indicator SupResZone_MTF USDXXX,H4: loaded successfully
2	21:34:54.960	Custom indicator SupResZone_MTF USDXXX,H4: loaded successfully
2	21:34:54.969	Custom indicator MACD-2x USDXXX,H4: loaded successfully
2	21:34:55.043	Custom indicator Laguerre-ACS1 USDXXX,H4: loaded successfully
0	21:38:42.128	'120010550': order sell market 0.02 USDJPY. sl: 0.000 tp: 0.000
0	21:38:43.067	'120010550': order was opened : #11024256 sell 0.02 USDJPY. at 107.655 sl: 0.000 tp: 0.000
0	21:38:49.744	'120010550': modify order #11023719 sell 0.01 USDJPY. at 107.615 sl: 0.000 tp: 0.000 -> sl: 0.000 tp: 107.540
0	21:38:50.068	'120010550': order #11023719 sell 0.01 USDJPY. at 107.615 was modified -> sl: 0.000 tp: 107.540
0	21:53:47.294	'120010550': pending order sell stop 0.02 EURAUD. at 1.61000 sl: 0.00000 tp: 0.00000
0	21:53:48.146	'120010550': order was opened : #11024306 sell stop 0.02 EURAUD. at 1.61000 sl: 0.00000 tp: 0.00000
0	21:54:02.495	'120010550': modify pending order #11024306 sell stop 0.02 EURAUD. at 1.61000 sl: 0.00000 tp: 0.00000 -> price: 1.62261 sl: 0.00000 tp: 0.00000
0	21:54:03.286	'120010550': pending order #11024306 sell stop 0.02 EURAUD. was modified -> price: 1.62261 sl: 0.00000 tp: 0.00000
0	21:55:25.563	'120010550': modify pending order #11024306 sell stop 0.02 EURAUD. at 1.62261 sl: 0.00000 tp: 0.00000 -> price: 1.62261 sl: 0.00000 tp: 1.61119
0	21:55:26.019	'120010550': pending order #11024306 sell stop 0.02 EURAUD. was modified -> price: 1.62261 sl: 0.00000 tp: 1.61119
0	21:55:46.611	'120010550': modify pending order #11024306 sell stop 0.02 EURAUD. at 1.62261 sl: 0.00000 tp: 1.61119 -> price: 1.62198 sl: 0.00000 tp: 1.61056
0	21:55:47.912	'120010550': pending order #11024306 sell stop 0.02 EURAUD. was modified -> price: 1.62198 sl: 0.00000 tp: 1.61056
0	21:55:56.107	'120010550': modify pending order #11024306 sell stop 0.02 EURAUD. at 1.62198 sl: 0.00000 tp: 1.61056 -> price: 1.62198 sl: 0.00000 tp: 1.61137
0	21:55:57.068	'120010550': pending order #11024306 sell stop 0.02 EURAUD. was modified -> price: 1.62198 sl: 0.00000 tp: 1.61137
0	21:58:37.745	'120010550': modify order #11020747 sell 0.01 USDJPY. at 107.592 sl: 0.000 tp: 0.000 -> sl: 0.000 tp: 107.540
0	21:58:38.020	'120010550': order #11020747 sell 0.01 USDJPY. at 107.592 was modified -> sl: 0.000 tp: 107.540
0	22:00:10.397	'120010550': modify pending order #11024306 sell stop 0.02 EURAUD. at 1.62198 sl: 0.00000 tp: 1.61137 -> price: 1.62198 sl: 0.00000 tp: 1.61327
0	22:00:10.864	'120010550': pending order #11024306 sell stop 0.02 EURAUD. was modified -> price: 1.62198 sl: 0.00000 tp: 1.61327
0	22:17:17.824	'120010550': modify order #11020773 buy 0.01 XAUUSD. at 1383.06 sl: 0.00 tp: 1386.00 -> sl: 0.00 tp: 1395.55
0	22:17:18.157	'120010550': order #11020773 buy 0.01 XAUUSD. at 1383.06 was modified -> sl: 0.00 tp: 1395.55
0	22:17:30.193	'120010550': modify order #11020773 buy 0.01 XAUUSD. at 1383.06 sl: 0.00 tp: 1395.55 -> sl: 0.00 tp: 0.00
0	22:17:30.784	'120010550': order #11020773 buy 0.01 XAUUSD. at 1383.06 was modified -> sl: 0.00 tp: 0.00
0	22:19:08.032	'120010550': modify order #11020747 sell 0.01 USDJPY. at 107.592 sl: 0.000 tp: 107.540 -> sl: 0.000 tp: 107.494
0	22:19:09.437	'120010550': order #11020747 sell 0.01 USDJPY. at 107.592 was modified -> sl: 0.000 tp: 107.494
0	22:34:35.960	'120010550': modify order #11023719 sell 0.01 USDJPY. at 107.615 sl: 0.000 tp: 107.540 -> sl: 0.000 tp: 0.000
0	22:34:36.249	'120010550': order #11023719 sell 0.01 USDJPY. at 107.615 was modified -> sl: 0.000 tp: 0.000
0	22:35:33.552	'120010550': modify order #11020747 sell 0.01 USDJPY. at 107.592 sl: 0.000 tp: 107.494 -> sl: 0.000 tp: 0.000
0	22:35:34.167	'120010550': order #11020747 sell 0.01 USDJPY. at 107.592 was modified -> sl: 0.000 tp: 0.000
0	22:41:33.885	'120010550': modify order #11019946 sell 0.01 USDJPY. at 108.043 sl: 108.000 tp: 0.000 -> sl: 107.848 tp: 0.000
0	22:41:35.090	'120010550': order #11019946 sell 0.01 USDJPY. at 108.043 was modified -> sl: 107.848 tp: 0.000
