0	00:12:13.651	'120010550': order #11118510 sell 0.02 AUDUSD. at 0.69583 closed due take-profit at price 0.69526
0	00:49:25.688	'120010550': order #11118701 sell 0.02 XAGUSD. at 16.434 closed due take-profit at price 16.416
0	03:42:06.104	System to be shutdown, request for close FX Trader
0	03:42:06.463	FX Trader build 1170 stopped because system shutdown
0	18:34:16.466	FX Trader build 1170 started (Performance Ronnaru Capital Ltd.)
0	18:34:16.467	Windows 10 Home x64, IE 11, UAC, 8 x Intel Core i7-6700HQ  @ 2.60GHz, Memory: 27544 / 32639 Mb, Disk: 133 / 264 Gb, GMT+8
0	18:34:16.467	Data Folder: C:\Users\tiany\AppData\Roaming\MetaQuotes\Terminal\79214103E7A6FC97F86082D309D0B84B
2	18:34:19.529	Custom indicator SupResZone_MTF USDXXX,Daily: loaded successfully
2	18:34:19.547	Custom indicator SupResZone_MTF USDXXX,Daily: loaded successfully
2	18:34:19.563	Custom indicator SupResZone_MTF USDXXX,Daily: loaded successfully
2	18:34:19.577	Custom indicator SupResZone_MTF USDXXX,Daily: loaded successfully
2	18:34:19.597	Custom indicator MACD-2x USDXXX,Daily: loaded successfully
2	18:34:19.721	Custom indicator Laguerre-ACS1 USDXXX,Daily: loaded successfully
2	18:34:19.931	Custom indicator SupResZone_MTF XAUUSD.,H4: loaded successfully
2	18:34:19.949	Custom indicator SupResZone_MTF XAUUSD.,H4: loaded successfully
2	18:34:19.967	Custom indicator SupResZone_MTF XAUUSD.,H4: loaded successfully
2	18:34:19.992	Custom indicator SupResZone_MTF XAUUSD.,H4: loaded successfully
2	18:34:20.010	Custom indicator MACD-2x XAUUSD.,H4: loaded successfully
2	18:34:20.145	Custom indicator Laguerre-ACS1 XAUUSD.,H4: loaded successfully
2	18:34:20.430	Custom indicator SupResZone_MTF XAGUSD.,H4: loaded successfully
2	18:34:20.448	Custom indicator SupResZone_MTF XAGUSD.,H4: loaded successfully
2	18:34:20.466	Custom indicator SupResZone_MTF XAGUSD.,H4: loaded successfully
2	18:34:20.482	Custom indicator SupResZone_MTF XAGUSD.,H4: loaded successfully
2	18:34:20.497	Custom indicator MACD-2x XAGUSD.,H4: loaded successfully
2	18:34:20.631	Custom indicator Laguerre-ACS1 XAGUSD.,H4: loaded successfully
2	18:34:20.909	Custom indicator SupResZone_MTF US_OIL,H1: loaded successfully
2	18:34:20.926	Custom indicator SupResZone_MTF US_OIL,H1: loaded successfully
2	18:34:20.942	Custom indicator SupResZone_MTF US_OIL,H1: loaded successfully
2	18:34:20.959	Custom indicator SupResZone_MTF US_OIL,H1: loaded successfully
2	18:34:20.976	Custom indicator MACD-2x US_OIL,H1: loaded successfully
2	18:34:21.085	Custom indicator Laguerre-ACS1 US_OIL,H1: loaded successfully
2	18:34:22.000	Custom indicator SupResZone_MTF JP225,H4: loaded successfully
2	18:34:22.015	Custom indicator SupResZone_MTF JP225,H4: loaded successfully
2	18:34:22.032	Custom indicator SupResZone_MTF JP225,H4: loaded successfully
2	18:34:22.048	Custom indicator SupResZone_MTF JP225,H4: loaded successfully
2	18:34:22.063	Custom indicator MACD-2x JP225,H4: loaded successfully
2	18:34:22.164	Custom indicator Laguerre-ACS1 JP225,H4: loaded successfully
2	18:34:22.479	Custom indicator SupResZone_MTF SPX500,H4: loaded successfully
2	18:34:22.494	Custom indicator SupResZone_MTF SPX500,H4: loaded successfully
2	18:34:22.512	Custom indicator SupResZone_MTF SPX500,H4: loaded successfully
2	18:34:22.526	Custom indicator SupResZone_MTF SPX500,H4: loaded successfully
2	18:34:22.539	Custom indicator MACD-2x SPX500,H4: loaded successfully
2	18:34:22.635	Custom indicator Laguerre-ACS1 SPX500,H4: loaded successfully
2	18:34:22.915	Custom indicator SupResZone_MTF EURAUD.,H4: loaded successfully
2	18:34:22.930	Custom indicator SupResZone_MTF EURAUD.,H4: loaded successfully
2	18:34:22.942	Custom indicator SupResZone_MTF EURAUD.,H4: loaded successfully
2	18:34:22.957	Custom indicator SupResZone_MTF EURAUD.,H4: loaded successfully
2	18:34:22.975	Custom indicator MACD-2x EURAUD.,H4: loaded successfully
2	18:34:23.083	Custom indicator Laguerre-ACS1 EURAUD.,H4: loaded successfully
2	18:34:23.311	Custom indicator SupResZone_MTF AUDJPY.,H4: loaded successfully
2	18:34:23.325	Custom indicator SupResZone_MTF AUDJPY.,H4: loaded successfully
2	18:34:23.339	Custom indicator SupResZone_MTF AUDJPY.,H4: loaded successfully
2	18:34:23.355	Custom indicator SupResZone_MTF AUDJPY.,H4: loaded successfully
2	18:34:23.370	Custom indicator MACD-2x AUDJPY.,H4: loaded successfully
2	18:34:23.479	Custom indicator Laguerre-ACS1 AUDJPY.,H4: loaded successfully
2	18:34:23.740	Custom indicator SupResZone_MTF AUDUSD.,H4: loaded successfully
2	18:34:23.756	Custom indicator SupResZone_MTF AUDUSD.,H4: loaded successfully
2	18:34:23.772	Custom indicator SupResZone_MTF AUDUSD.,H4: loaded successfully
2	18:34:23.772	Custom indicator SupResZone_MTF AUDUSD.,H4: loaded successfully
2	18:34:23.787	Custom indicator MACD-2x AUDUSD.,H4: loaded successfully
2	18:34:23.881	Custom indicator Laguerre-ACS1 AUDUSD.,H4: loaded successfully
2	18:34:24.115	Custom indicator SupResZone_MTF USDJPY.,H4: loaded successfully
2	18:34:24.131	Custom indicator SupResZone_MTF USDJPY.,H4: loaded successfully
2	18:34:24.131	Custom indicator SupResZone_MTF USDJPY.,H4: loaded successfully
2	18:34:24.146	Custom indicator SupResZone_MTF USDJPY.,H4: loaded successfully
2	18:34:24.162	Custom indicator MACD-2x USDJPY.,H4: loaded successfully
2	18:34:24.281	Custom indicator Laguerre-ACS1 USDJPY.,H4: loaded successfully
2	18:34:24.613	Custom indicator SupResZone_MTF EURJPY.,H4: loaded successfully
2	18:34:24.628	Custom indicator SupResZone_MTF EURJPY.,H4: loaded successfully
2	18:34:24.644	Custom indicator SupResZone_MTF EURJPY.,H4: loaded successfully
2	18:34:24.657	Custom indicator SupResZone_MTF EURJPY.,H4: loaded successfully
2	18:34:24.673	Custom indicator MACD-2x EURJPY.,H4: loaded successfully
2	18:34:24.779	Custom indicator Laguerre-ACS1 EURJPY.,H4: loaded successfully
2	18:34:25.203	Custom indicator SupResZone_MTF EURUSD.,H4: loaded successfully
2	18:34:25.224	Custom indicator SupResZone_MTF EURUSD.,H4: loaded successfully
2	18:34:25.247	Custom indicator SupResZone_MTF EURUSD.,H4: loaded successfully
2	18:34:25.267	Custom indicator SupResZone_MTF EURUSD.,H4: loaded successfully
2	18:34:25.285	Custom indicator MACD-2x EURUSD.,H4: loaded successfully
2	18:34:25.414	Custom indicator Laguerre-ACS1 EURUSD.,H4: loaded successfully
2	18:34:25.861	Custom indicator SupResZone_MTF GBPJPY.,H4: loaded successfully
2	18:34:25.874	Custom indicator SupResZone_MTF GBPJPY.,H4: loaded successfully
2	18:34:25.893	Custom indicator SupResZone_MTF GBPJPY.,H4: loaded successfully
2	18:34:25.907	Custom indicator SupResZone_MTF GBPJPY.,H4: loaded successfully
2	18:34:25.926	Custom indicator MACD-2x GBPJPY.,H4: loaded successfully
2	18:34:26.042	Custom indicator Laguerre-ACS1 GBPJPY.,H4: loaded successfully
2	18:34:26.309	Custom indicator SupResZone_MTF GBPUSD.,H4: loaded successfully
2	18:34:26.325	Custom indicator SupResZone_MTF GBPUSD.,H4: loaded successfully
2	18:34:26.341	Custom indicator SupResZone_MTF GBPUSD.,H4: loaded successfully
2	18:34:26.357	Custom indicator SupResZone_MTF GBPUSD.,H4: loaded successfully
2	18:34:26.375	Custom indicator MACD-2x GBPUSD.,H4: loaded successfully
2	18:34:26.468	Custom indicator Laguerre-ACS1 GBPUSD.,H4: loaded successfully
2	18:34:26.741	Custom indicator SupResZone_MTF USDCAD.,H4: loaded successfully
2	18:34:26.753	Custom indicator SupResZone_MTF USDCAD.,H4: loaded successfully
2	18:34:26.764	Custom indicator SupResZone_MTF USDCAD.,H4: loaded successfully
2	18:34:26.783	Custom indicator SupResZone_MTF USDCAD.,H4: loaded successfully
2	18:34:26.801	Custom indicator MACD-2x USDCAD.,H4: loaded successfully
2	18:34:26.902	Custom indicator Laguerre-ACS1 USDCAD.,H4: loaded successfully
2	18:34:27.112	Custom indicator SupResZone_MTF USDCHF.,H4: loaded successfully
2	18:34:27.126	Custom indicator SupResZone_MTF USDCHF.,H4: loaded successfully
2	18:34:27.144	Custom indicator SupResZone_MTF USDCHF.,H4: loaded successfully
2	18:34:27.158	Custom indicator SupResZone_MTF USDCHF.,H4: loaded successfully
2	18:34:27.169	Custom indicator MACD-2x USDCHF.,H4: loaded successfully
2	18:34:27.263	Custom indicator Laguerre-ACS1 USDCHF.,H4: loaded successfully
2	18:34:27.523	Custom indicator SupResZone_MTF USDCNH,Daily: loaded successfully
2	18:34:27.535	Custom indicator SupResZone_MTF USDCNH,Daily: loaded successfully
2	18:34:27.545	Custom indicator SupResZone_MTF USDCNH,Daily: loaded successfully
2	18:34:27.558	Custom indicator SupResZone_MTF USDCNH,Daily: loaded successfully
2	18:34:27.575	Custom indicator MACD-2x USDCNH,Daily: loaded successfully
2	18:34:27.678	Custom indicator Laguerre-ACS1 USDCNH,Daily: loaded successfully
2	18:34:27.864	Custom indicator GMMA Long USDJPY.,H4: loaded successfully
2	18:34:27.881	Custom indicator GMMA Short USDJPY.,H4: loaded successfully
2	18:34:27.894	Custom indicator 23MTF_MovingAverageIGOR USDJPY.,H4: loaded successfully
2	18:34:27.906	Custom indicator 23MTF_MovingAverageIGOR USDJPY.,H4: loaded successfully
2	18:34:27.924	Custom indicator SupResZone_MTF USDJPY.,H4: loaded successfully
2	18:34:27.941	Custom indicator SupResZone_MTF USDJPY.,H4: loaded successfully
2	18:34:27.957	Custom indicator MACD-2x USDJPY.,H4: loaded successfully
2	18:34:28.286	Custom indicator SupResZone_MTF CHINA300,Daily: loaded successfully
2	18:34:28.298	Custom indicator SupResZone_MTF CHINA300,Daily: loaded successfully
2	18:34:28.313	Custom indicator SupResZone_MTF CHINA300,Daily: loaded successfully
2	18:34:28.329	Custom indicator SupResZone_MTF CHINA300,Daily: loaded successfully
2	18:34:28.345	Custom indicator MACD-2x CHINA300,Daily: loaded successfully
2	18:34:28.453	Custom indicator Laguerre-ACS1 CHINA300,Daily: loaded successfully
0	18:34:31.487	'120010550': login on PRC-Live through Server 5 (ping: 149.25 ms)
0	18:34:32.729	'120010550': login datacenter on PRC-Live through Server 5 (ping: 149.25 ms)
0	18:34:33.096	'120010550': previous successful authorization performed from 223.104.176.138
0	18:35:00.379	'120010550': ping to current access point Server 5 is 94.44 ms
0	18:36:08.328	'120010550': order sell market 0.02 AUDUSD. sl: 0.00000 tp: 0.00000
0	18:36:09.207	'120010550': order was opened : #11120784 sell 0.02 AUDUSD. at 0.69286 sl: 0.00000 tp: 0.00000
0	18:36:21.672	'120010550': modify order #11120784 sell 0.02 AUDUSD. at 0.69286 sl: 0.00000 tp: 0.00000 -> sl: 0.69897 tp: 0.00000
0	18:36:22.271	'120010550': order #11120784 sell 0.02 AUDUSD. at 0.69286 was modified -> sl: 0.69897 tp: 0.00000
2	19:43:56.588	Custom indicator 23MTF_MovingAverageIGOR CADJPY.,H1: loaded successfully
2	19:44:18.496	Custom indicator ADR CADJPY.,H1: loaded successfully
2	19:44:43.338	Custom indicator Laguerre-ACS1 CADJPY.,H1: loaded successfully
2	19:44:55.367	Custom indicator MACD-2x CADJPY.,H1: loaded successfully
2	19:45:17.002	Custom indicator span_model CADJPY.,H1: loaded successfully
2	19:45:44.721	Custom indicator SupResZone_MTF CADJPY.,H1: loaded successfully
2	19:46:00.501	Custom indicator SupResZone_MTF USDXXX,Daily: removed
2	19:46:00.503	Custom indicator SupResZone_MTF USDXXX,Daily: removed
2	19:46:00.506	Custom indicator SupResZone_MTF USDXXX,Daily: removed
2	19:46:00.509	Custom indicator SupResZone_MTF USDXXX,Daily: removed
2	19:46:00.512	Custom indicator MACD-2x USDXXX,Daily: removed
2	19:46:00.512	Custom indicator Laguerre-ACS1 USDXXX,Daily: removed
2	19:46:00.522	Custom indicator SupResZone_MTF XAUUSD.,H4: removed
2	19:46:00.524	Custom indicator SupResZone_MTF XAUUSD.,H4: removed
2	19:46:00.527	Custom indicator SupResZone_MTF XAUUSD.,H4: removed
2	19:46:00.528	Custom indicator SupResZone_MTF XAUUSD.,H4: removed
2	19:46:00.530	Custom indicator MACD-2x XAUUSD.,H4: removed
2	19:46:00.530	Custom indicator Laguerre-ACS1 XAUUSD.,H4: removed
2	19:46:00.540	Custom indicator SupResZone_MTF XAGUSD.,H4: removed
2	19:46:00.542	Custom indicator SupResZone_MTF XAGUSD.,H4: removed
2	19:46:00.544	Custom indicator SupResZone_MTF XAGUSD.,H4: removed
2	19:46:00.545	Custom indicator SupResZone_MTF XAGUSD.,H4: removed
2	19:46:00.548	Custom indicator MACD-2x XAGUSD.,H4: removed
2	19:46:00.548	Custom indicator Laguerre-ACS1 XAGUSD.,H4: removed
2	19:46:00.563	Custom indicator SupResZone_MTF US_OIL,H4: removed
2	19:46:00.567	Custom indicator SupResZone_MTF US_OIL,H4: removed
2	19:46:00.567	Custom indicator SupResZone_MTF US_OIL,H4: removed
2	19:46:00.573	Custom indicator SupResZone_MTF US_OIL,H4: removed
2	19:46:00.576	Custom indicator MACD-2x US_OIL,H4: removed
2	19:46:00.576	Custom indicator Laguerre-ACS1 US_OIL,H4: removed
2	19:46:00.638	Custom indicator SupResZone_MTF JP225,H1: removed
2	19:46:00.640	Custom indicator SupResZone_MTF JP225,H1: removed
2	19:46:00.643	Custom indicator SupResZone_MTF JP225,H1: removed
2	19:46:00.645	Custom indicator SupResZone_MTF JP225,H1: removed
2	19:46:00.648	Custom indicator MACD-2x JP225,H1: removed
2	19:46:00.648	Custom indicator Laguerre-ACS1 JP225,H1: removed
2	19:46:00.870	Custom indicator SupResZone_MTF SPX500,H4: removed
2	19:46:00.875	Custom indicator SupResZone_MTF SPX500,H4: removed
2	19:46:00.877	Custom indicator SupResZone_MTF SPX500,H4: removed
2	19:46:00.879	Custom indicator SupResZone_MTF SPX500,H4: removed
2	19:46:00.879	Custom indicator MACD-2x SPX500,H4: removed
2	19:46:00.879	Custom indicator Laguerre-ACS1 SPX500,H4: removed
2	19:46:00.979	Custom indicator SupResZone_MTF EURAUD.,H4: removed
2	19:46:00.982	Custom indicator SupResZone_MTF EURAUD.,H4: removed
2	19:46:00.985	Custom indicator SupResZone_MTF EURAUD.,H4: removed
2	19:46:00.987	Custom indicator SupResZone_MTF EURAUD.,H4: removed
2	19:46:00.989	Custom indicator MACD-2x EURAUD.,H4: removed
2	19:46:00.989	Custom indicator Laguerre-ACS1 EURAUD.,H4: removed
2	19:46:01.060	Custom indicator SupResZone_MTF AUDJPY.,H4: removed
2	19:46:01.062	Custom indicator SupResZone_MTF AUDJPY.,H4: removed
2	19:46:01.064	Custom indicator SupResZone_MTF AUDJPY.,H4: removed
2	19:46:01.066	Custom indicator SupResZone_MTF AUDJPY.,H4: removed
2	19:46:01.068	Custom indicator MACD-2x AUDJPY.,H4: removed
2	19:46:01.068	Custom indicator Laguerre-ACS1 AUDJPY.,H4: removed
2	19:46:01.141	Custom indicator SupResZone_MTF AUDUSD.,H4: removed
2	19:46:01.142	Custom indicator SupResZone_MTF AUDUSD.,H4: removed
2	19:46:01.144	Custom indicator SupResZone_MTF AUDUSD.,H4: removed
2	19:46:01.146	Custom indicator SupResZone_MTF AUDUSD.,H4: removed
2	19:46:01.148	Custom indicator MACD-2x AUDUSD.,H4: removed
2	19:46:01.148	Custom indicator Laguerre-ACS1 AUDUSD.,H4: removed
2	19:46:01.279	Custom indicator SupResZone_MTF USDJPY.,H4: removed
2	19:46:01.281	Custom indicator SupResZone_MTF USDJPY.,H4: removed
2	19:46:01.283	Custom indicator SupResZone_MTF USDJPY.,H4: removed
2	19:46:01.286	Custom indicator SupResZone_MTF USDJPY.,H4: removed
2	19:46:01.288	Custom indicator MACD-2x USDJPY.,H4: removed
2	19:46:01.288	Custom indicator Laguerre-ACS1 USDJPY.,H4: removed
2	19:46:01.315	Custom indicator SupResZone_MTF EURJPY.,H4: removed
2	19:46:01.319	Custom indicator SupResZone_MTF EURJPY.,H4: removed
2	19:46:01.321	Custom indicator SupResZone_MTF EURJPY.,H4: removed
2	19:46:01.323	Custom indicator SupResZone_MTF EURJPY.,H4: removed
2	19:46:01.324	Custom indicator MACD-2x EURJPY.,H4: removed
2	19:46:01.325	Custom indicator Laguerre-ACS1 EURJPY.,H4: removed
2	19:46:01.333	Custom indicator SupResZone_MTF EURUSD.,H4: removed
2	19:46:01.336	Custom indicator SupResZone_MTF EURUSD.,H4: removed
2	19:46:01.337	Custom indicator SupResZone_MTF EURUSD.,H4: removed
2	19:46:01.339	Custom indicator SupResZone_MTF EURUSD.,H4: removed
2	19:46:01.341	Custom indicator MACD-2x EURUSD.,H4: removed
2	19:46:01.341	Custom indicator Laguerre-ACS1 EURUSD.,H4: removed
2	19:46:01.350	Custom indicator SupResZone_MTF GBPJPY.,H4: removed
2	19:46:01.352	Custom indicator SupResZone_MTF GBPJPY.,H4: removed
2	19:46:01.355	Custom indicator SupResZone_MTF GBPJPY.,H4: removed
2	19:46:01.358	Custom indicator SupResZone_MTF GBPJPY.,H4: removed
2	19:46:01.361	Custom indicator MACD-2x GBPJPY.,H4: removed
2	19:46:01.361	Custom indicator Laguerre-ACS1 GBPJPY.,H4: removed
2	19:46:01.380	Custom indicator SupResZone_MTF GBPUSD.,H4: removed
2	19:46:01.383	Custom indicator SupResZone_MTF GBPUSD.,H4: removed
2	19:46:01.386	Custom indicator SupResZone_MTF GBPUSD.,H4: removed
2	19:46:01.389	Custom indicator SupResZone_MTF GBPUSD.,H4: removed
2	19:46:01.392	Custom indicator MACD-2x GBPUSD.,H4: removed
2	19:46:01.392	Custom indicator Laguerre-ACS1 GBPUSD.,H4: removed
2	19:46:01.407	Custom indicator SupResZone_MTF USDCAD.,H4: removed
2	19:46:01.409	Custom indicator SupResZone_MTF USDCAD.,H4: removed
2	19:46:01.412	Custom indicator SupResZone_MTF USDCAD.,H4: removed
2	19:46:01.414	Custom indicator SupResZone_MTF USDCAD.,H4: removed
2	19:46:01.417	Custom indicator MACD-2x USDCAD.,H4: removed
2	19:46:01.418	Custom indicator Laguerre-ACS1 USDCAD.,H4: removed
2	19:46:01.434	Custom indicator SupResZone_MTF USDCHF.,H4: removed
2	19:46:01.436	Custom indicator SupResZone_MTF USDCHF.,H4: removed
2	19:46:01.438	Custom indicator SupResZone_MTF USDCHF.,H4: removed
2	19:46:01.440	Custom indicator SupResZone_MTF USDCHF.,H4: removed
2	19:46:01.443	Custom indicator MACD-2x USDCHF.,H4: removed
2	19:46:01.443	Custom indicator Laguerre-ACS1 USDCHF.,H4: removed
2	19:46:01.457	Custom indicator SupResZone_MTF USDCNH,Daily: removed
2	19:46:01.459	Custom indicator SupResZone_MTF USDCNH,Daily: removed
2	19:46:01.460	Custom indicator SupResZone_MTF USDCNH,Daily: removed
2	19:46:01.463	Custom indicator SupResZone_MTF USDCNH,Daily: removed
2	19:46:01.465	Custom indicator MACD-2x USDCNH,Daily: removed
2	19:46:01.465	Custom indicator Laguerre-ACS1 USDCNH,Daily: removed
2	19:46:01.473	Custom indicator GMMA Long USDJPY.,H4: removed
2	19:46:01.475	Custom indicator GMMA Short USDJPY.,H4: removed
2	19:46:01.478	Custom indicator 23MTF_MovingAverageIGOR USDJPY.,H4: removed
2	19:46:01.481	Custom indicator 23MTF_MovingAverageIGOR USDJPY.,H4: removed
2	19:46:01.484	Custom indicator SupResZone_MTF USDJPY.,H4: removed
2	19:46:01.486	Custom indicator SupResZone_MTF USDJPY.,H4: removed
2	19:46:01.488	Custom indicator MACD-2x USDJPY.,H4: removed
2	19:46:01.499	Custom indicator SupResZone_MTF CHINA300,Daily: removed
2	19:46:01.501	Custom indicator SupResZone_MTF CHINA300,Daily: removed
2	19:46:01.504	Custom indicator SupResZone_MTF CHINA300,Daily: removed
2	19:46:01.508	Custom indicator SupResZone_MTF CHINA300,Daily: removed
2	19:46:01.511	Custom indicator MACD-2x CHINA300,Daily: removed
2	19:46:01.511	Custom indicator Laguerre-ACS1 CHINA300,Daily: removed
2	19:46:01.780	Custom indicator 23MTF_MovingAverageIGOR CADJPY.,H1: removed
2	19:46:01.782	Custom indicator ADR CADJPY.,H1: removed
2	19:46:01.782	Custom indicator span_model CADJPY.,H1: removed
2	19:46:01.784	Custom indicator SupResZone_MTF CADJPY.,H1: removed
2	19:46:01.784	Custom indicator Laguerre-ACS1 CADJPY.,H1: removed
2	19:46:01.786	Custom indicator MACD-2x CADJPY.,H1: removed
0	19:46:05.122	FX Trader build 1170 stopped
0	19:49:06.625	FX Trader build 1170 started (Performance Ronnaru Capital Ltd.)
0	19:49:06.626	Windows 10 Home x64, IE 11, UAC, 8 x Intel Core i7-6700HQ  @ 2.60GHz, Memory: 25556 / 32639 Mb, Disk: 133 / 264 Gb, GMT+8
0	19:49:06.626	Data Folder: C:\Users\tiany\AppData\Roaming\MetaQuotes\Terminal\79214103E7A6FC97F86082D309D0B84B
2	19:49:08.768	Custom indicator SupResZone_MTF USDXXX,Daily: loaded successfully
2	19:49:08.781	Custom indicator SupResZone_MTF USDXXX,Daily: loaded successfully
2	19:49:08.792	Custom indicator SupResZone_MTF USDXXX,Daily: loaded successfully
2	19:49:08.804	Custom indicator SupResZone_MTF USDXXX,Daily: loaded successfully
2	19:49:08.815	Custom indicator MACD-2x USDXXX,Daily: loaded successfully
2	19:49:08.889	Custom indicator Laguerre-ACS1 USDXXX,Daily: loaded successfully
2	19:49:09.025	Custom indicator SupResZone_MTF XAUUSD.,H4: loaded successfully
2	19:49:09.037	Custom indicator SupResZone_MTF XAUUSD.,H4: loaded successfully
2	19:49:09.048	Custom indicator SupResZone_MTF XAUUSD.,H4: loaded successfully
2	19:49:09.058	Custom indicator SupResZone_MTF XAUUSD.,H4: loaded successfully
2	19:49:09.070	Custom indicator MACD-2x XAUUSD.,H4: loaded successfully
2	19:49:09.146	Custom indicator Laguerre-ACS1 XAUUSD.,H4: loaded successfully
2	19:49:09.342	Custom indicator SupResZone_MTF XAGUSD.,H4: loaded successfully
2	19:49:09.355	Custom indicator SupResZone_MTF XAGUSD.,H4: loaded successfully
2	19:49:09.367	Custom indicator SupResZone_MTF XAGUSD.,H4: loaded successfully
2	19:49:09.380	Custom indicator SupResZone_MTF XAGUSD.,H4: loaded successfully
2	19:49:09.390	Custom indicator MACD-2x XAGUSD.,H4: loaded successfully
2	19:49:09.483	Custom indicator Laguerre-ACS1 XAGUSD.,H4: loaded successfully
2	19:49:09.671	Custom indicator SupResZone_MTF US_OIL,H4: loaded successfully
2	19:49:09.683	Custom indicator SupResZone_MTF US_OIL,H4: loaded successfully
2	19:49:09.696	Custom indicator SupResZone_MTF US_OIL,H4: loaded successfully
2	19:49:09.706	Custom indicator SupResZone_MTF US_OIL,H4: loaded successfully
2	19:49:09.718	Custom indicator MACD-2x US_OIL,H4: loaded successfully
2	19:49:09.793	Custom indicator Laguerre-ACS1 US_OIL,H4: loaded successfully
2	19:49:10.005	Custom indicator SupResZone_MTF JP225,H1: loaded successfully
2	19:49:10.017	Custom indicator SupResZone_MTF JP225,H1: loaded successfully
2	19:49:10.028	Custom indicator SupResZone_MTF JP225,H1: loaded successfully
2	19:49:10.039	Custom indicator SupResZone_MTF JP225,H1: loaded successfully
2	19:49:10.050	Custom indicator MACD-2x JP225,H1: loaded successfully
2	19:49:10.131	Custom indicator Laguerre-ACS1 JP225,H1: loaded successfully
2	19:49:10.396	Custom indicator SupResZone_MTF SPX500,H4: loaded successfully
2	19:49:10.408	Custom indicator SupResZone_MTF SPX500,H4: loaded successfully
2	19:49:10.419	Custom indicator SupResZone_MTF SPX500,H4: loaded successfully
2	19:49:10.430	Custom indicator SupResZone_MTF SPX500,H4: loaded successfully
2	19:49:10.442	Custom indicator MACD-2x SPX500,H4: loaded successfully
2	19:49:10.522	Custom indicator Laguerre-ACS1 SPX500,H4: loaded successfully
2	19:49:10.733	Custom indicator SupResZone_MTF EURAUD.,H4: loaded successfully
2	19:49:10.745	Custom indicator SupResZone_MTF EURAUD.,H4: loaded successfully
2	19:49:10.757	Custom indicator SupResZone_MTF EURAUD.,H4: loaded successfully
2	19:49:10.767	Custom indicator SupResZone_MTF EURAUD.,H4: loaded successfully
2	19:49:10.779	Custom indicator MACD-2x EURAUD.,H4: loaded successfully
2	19:49:10.854	Custom indicator Laguerre-ACS1 EURAUD.,H4: loaded successfully
2	19:49:11.044	Custom indicator SupResZone_MTF AUDJPY.,H4: loaded successfully
2	19:49:11.057	Custom indicator SupResZone_MTF AUDJPY.,H4: loaded successfully
2	19:49:11.071	Custom indicator SupResZone_MTF AUDJPY.,H4: loaded successfully
2	19:49:11.081	Custom indicator SupResZone_MTF AUDJPY.,H4: loaded successfully
2	19:49:11.093	Custom indicator MACD-2x AUDJPY.,H4: loaded successfully
2	19:49:11.171	Custom indicator Laguerre-ACS1 AUDJPY.,H4: loaded successfully
2	19:49:11.357	Custom indicator SupResZone_MTF AUDUSD.,H4: loaded successfully
2	19:49:11.369	Custom indicator SupResZone_MTF AUDUSD.,H4: loaded successfully
2	19:49:11.380	Custom indicator SupResZone_MTF AUDUSD.,H4: loaded successfully
2	19:49:11.392	Custom indicator SupResZone_MTF AUDUSD.,H4: loaded successfully
2	19:49:11.403	Custom indicator MACD-2x AUDUSD.,H4: loaded successfully
2	19:49:11.482	Custom indicator Laguerre-ACS1 AUDUSD.,H4: loaded successfully
2	19:49:11.683	Custom indicator SupResZone_MTF USDJPY.,H4: loaded successfully
2	19:49:11.694	Custom indicator SupResZone_MTF USDJPY.,H4: loaded successfully
2	19:49:11.706	Custom indicator SupResZone_MTF USDJPY.,H4: loaded successfully
2	19:49:11.716	Custom indicator SupResZone_MTF USDJPY.,H4: loaded successfully
2	19:49:11.727	Custom indicator MACD-2x USDJPY.,H4: loaded successfully
2	19:49:11.803	Custom indicator Laguerre-ACS1 USDJPY.,H4: loaded successfully
2	19:49:12.026	Custom indicator SupResZone_MTF EURJPY.,H4: loaded successfully
2	19:49:12.039	Custom indicator SupResZone_MTF EURJPY.,H4: loaded successfully
2	19:49:12.050	Custom indicator SupResZone_MTF EURJPY.,H4: loaded successfully
2	19:49:12.062	Custom indicator SupResZone_MTF EURJPY.,H4: loaded successfully
2	19:49:12.075	Custom indicator MACD-2x EURJPY.,H4: loaded successfully
2	19:49:12.163	Custom indicator Laguerre-ACS1 EURJPY.,H4: loaded successfully
2	19:49:12.387	Custom indicator SupResZone_MTF EURUSD.,H4: loaded successfully
2	19:49:12.399	Custom indicator SupResZone_MTF EURUSD.,H4: loaded successfully
2	19:49:12.412	Custom indicator SupResZone_MTF EURUSD.,H4: loaded successfully
2	19:49:12.424	Custom indicator SupResZone_MTF EURUSD.,H4: loaded successfully
2	19:49:12.436	Custom indicator MACD-2x EURUSD.,H4: loaded successfully
2	19:49:12.516	Custom indicator Laguerre-ACS1 EURUSD.,H4: loaded successfully
2	19:49:12.734	Custom indicator SupResZone_MTF GBPJPY.,H4: loaded successfully
2	19:49:12.745	Custom indicator SupResZone_MTF GBPJPY.,H4: loaded successfully
2	19:49:12.757	Custom indicator SupResZone_MTF GBPJPY.,H4: loaded successfully
2	19:49:12.768	Custom indicator SupResZone_MTF GBPJPY.,H4: loaded successfully
2	19:49:12.780	Custom indicator MACD-2x GBPJPY.,H4: loaded successfully
2	19:49:12.858	Custom indicator Laguerre-ACS1 GBPJPY.,H4: loaded successfully
2	19:49:13.058	Custom indicator SupResZone_MTF GBPUSD.,H4: loaded successfully
2	19:49:13.070	Custom indicator SupResZone_MTF GBPUSD.,H4: loaded successfully
2	19:49:13.081	Custom indicator SupResZone_MTF GBPUSD.,H4: loaded successfully
2	19:49:13.091	Custom indicator SupResZone_MTF GBPUSD.,H4: loaded successfully
2	19:49:13.102	Custom indicator MACD-2x GBPUSD.,H4: loaded successfully
2	19:49:13.185	Custom indicator Laguerre-ACS1 GBPUSD.,H4: loaded successfully
2	19:49:13.432	Custom indicator SupResZone_MTF USDCAD.,H4: loaded successfully
2	19:49:13.444	Custom indicator SupResZone_MTF USDCAD.,H4: loaded successfully
2	19:49:13.455	Custom indicator SupResZone_MTF USDCAD.,H4: loaded successfully
2	19:49:13.467	Custom indicator SupResZone_MTF USDCAD.,H4: loaded successfully
2	19:49:13.480	Custom indicator MACD-2x USDCAD.,H4: loaded successfully
2	19:49:13.565	Custom indicator Laguerre-ACS1 USDCAD.,H4: loaded successfully
2	19:49:13.760	Custom indicator SupResZone_MTF USDCHF.,H4: loaded successfully
2	19:49:13.772	Custom indicator SupResZone_MTF USDCHF.,H4: loaded successfully
2	19:49:13.785	Custom indicator SupResZone_MTF USDCHF.,H4: loaded successfully
2	19:49:13.797	Custom indicator SupResZone_MTF USDCHF.,H4: loaded successfully
2	19:49:13.808	Custom indicator MACD-2x USDCHF.,H4: loaded successfully
2	19:49:13.890	Custom indicator Laguerre-ACS1 USDCHF.,H4: loaded successfully
2	19:49:14.088	Custom indicator SupResZone_MTF USDCNH,Daily: loaded successfully
2	19:49:14.099	Custom indicator SupResZone_MTF USDCNH,Daily: loaded successfully
2	19:49:14.110	Custom indicator SupResZone_MTF USDCNH,Daily: loaded successfully
2	19:49:14.120	Custom indicator SupResZone_MTF USDCNH,Daily: loaded successfully
2	19:49:14.132	Custom indicator MACD-2x USDCNH,Daily: loaded successfully
2	19:49:14.206	Custom indicator Laguerre-ACS1 USDCNH,Daily: loaded successfully
2	19:49:14.354	Custom indicator GMMA Long USDJPY.,H4: loaded successfully
2	19:49:14.363	Custom indicator GMMA Short USDJPY.,H4: loaded successfully
2	19:49:14.374	Custom indicator 23MTF_MovingAverageIGOR USDJPY.,H4: loaded successfully
2	19:49:14.384	Custom indicator 23MTF_MovingAverageIGOR USDJPY.,H4: loaded successfully
2	19:49:14.396	Custom indicator SupResZone_MTF USDJPY.,H4: loaded successfully
2	19:49:14.407	Custom indicator SupResZone_MTF USDJPY.,H4: loaded successfully
2	19:49:14.419	Custom indicator MACD-2x USDJPY.,H4: loaded successfully
2	19:49:14.628	Custom indicator SupResZone_MTF CHINA300,Daily: loaded successfully
2	19:49:14.641	Custom indicator SupResZone_MTF CHINA300,Daily: loaded successfully
2	19:49:14.653	Custom indicator SupResZone_MTF CHINA300,Daily: loaded successfully
2	19:49:14.665	Custom indicator SupResZone_MTF CHINA300,Daily: loaded successfully
2	19:49:14.676	Custom indicator MACD-2x CHINA300,Daily: loaded successfully
2	19:49:14.755	Custom indicator Laguerre-ACS1 CHINA300,Daily: loaded successfully
2	19:49:14.899	Custom indicator 23MTF_MovingAverageIGOR CADJPY.,H1: loaded successfully
2	19:49:14.912	Custom indicator ADR CADJPY.,H1: loaded successfully
2	19:49:14.999	Custom indicator span_model CADJPY.,H1: loaded successfully
2	19:49:15.011	Custom indicator SupResZone_MTF CADJPY.,H1: loaded successfully
2	19:49:15.086	Custom indicator Laguerre-ACS1 CADJPY.,H1: loaded successfully
2	19:49:15.097	Custom indicator MACD-2x CADJPY.,H1: loaded successfully
0	19:49:17.437	'120010550': login on PRC-Live through Server 5 (ping: 94.44 ms)
0	19:49:19.099	'120010550': login datacenter on PRC-Live through Server 5 (ping: 94.44 ms)
0	19:49:19.513	'120010550': previous successful authorization performed from 101.131.181.27
0	19:49:51.679	'120010550': ping to current access point Server 5 is 94.36 ms
2	19:50:36.406	Custom indicator SupResZone_MTF CADJPY.,H1: removed
2	19:50:39.557	Custom indicator span_model CADJPY.,H1: removed
2	19:50:44.534	Custom indicator SupResZone_MTF CADJPY.,H1: loaded successfully
2	19:52:40.882	Custom indicator SupResZone_MTF USDXXX,Daily: removed
2	19:52:40.885	Custom indicator SupResZone_MTF USDXXX,Daily: removed
2	19:52:40.887	Custom indicator SupResZone_MTF USDXXX,Daily: removed
2	19:52:40.891	Custom indicator SupResZone_MTF USDXXX,Daily: removed
2	19:52:40.895	Custom indicator MACD-2x USDXXX,Daily: removed
2	19:52:40.895	Custom indicator Laguerre-ACS1 USDXXX,Daily: removed
2	19:52:40.902	Custom indicator SupResZone_MTF XAUUSD.,H4: removed
2	19:52:40.904	Custom indicator SupResZone_MTF XAUUSD.,H4: removed
2	19:52:40.906	Custom indicator SupResZone_MTF XAUUSD.,H4: removed
2	19:52:40.908	Custom indicator SupResZone_MTF XAUUSD.,H4: removed
2	19:52:40.911	Custom indicator MACD-2x XAUUSD.,H4: removed
2	19:52:40.911	Custom indicator Laguerre-ACS1 XAUUSD.,H4: removed
2	19:52:40.922	Custom indicator SupResZone_MTF XAGUSD.,H4: removed
2	19:52:40.924	Custom indicator SupResZone_MTF XAGUSD.,H4: removed
2	19:52:40.927	Custom indicator SupResZone_MTF XAGUSD.,H4: removed
2	19:52:40.929	Custom indicator SupResZone_MTF XAGUSD.,H4: removed
2	19:52:40.932	Custom indicator MACD-2x XAGUSD.,H4: removed
2	19:52:40.932	Custom indicator Laguerre-ACS1 XAGUSD.,H4: removed
2	19:52:41.007	Custom indicator SupResZone_MTF US_OIL,H4: removed
2	19:52:41.010	Custom indicator SupResZone_MTF US_OIL,H4: removed
2	19:52:41.012	Custom indicator SupResZone_MTF US_OIL,H4: removed
2	19:52:41.015	Custom indicator SupResZone_MTF US_OIL,H4: removed
2	19:52:41.015	Custom indicator MACD-2x US_OIL,H4: removed
2	19:52:41.015	Custom indicator Laguerre-ACS1 US_OIL,H4: removed
2	19:52:41.228	Custom indicator SupResZone_MTF JP225,H1: removed
2	19:52:41.230	Custom indicator SupResZone_MTF JP225,H1: removed
2	19:52:41.231	Custom indicator SupResZone_MTF JP225,H1: removed
2	19:52:41.234	Custom indicator SupResZone_MTF JP225,H1: removed
2	19:52:41.235	Custom indicator MACD-2x JP225,H1: removed
2	19:52:41.236	Custom indicator Laguerre-ACS1 JP225,H1: removed
2	19:52:41.347	Custom indicator SupResZone_MTF SPX500,H4: removed
2	19:52:41.349	Custom indicator SupResZone_MTF SPX500,H4: removed
2	19:52:41.352	Custom indicator SupResZone_MTF SPX500,H4: removed
2	19:52:41.354	Custom indicator SupResZone_MTF SPX500,H4: removed
2	19:52:41.357	Custom indicator MACD-2x SPX500,H4: removed
2	19:52:41.357	Custom indicator Laguerre-ACS1 SPX500,H4: removed
2	19:52:41.441	Custom indicator SupResZone_MTF EURAUD.,H4: removed
2	19:52:41.443	Custom indicator SupResZone_MTF EURAUD.,H4: removed
2	19:52:41.445	Custom indicator SupResZone_MTF EURAUD.,H4: removed
2	19:52:41.446	Custom indicator SupResZone_MTF EURAUD.,H4: removed
2	19:52:41.449	Custom indicator MACD-2x EURAUD.,H4: removed
2	19:52:41.449	Custom indicator Laguerre-ACS1 EURAUD.,H4: removed
2	19:52:41.575	Custom indicator SupResZone_MTF AUDJPY.,H4: removed
2	19:52:41.575	Custom indicator SupResZone_MTF AUDJPY.,H4: removed
2	19:52:41.578	Custom indicator SupResZone_MTF AUDJPY.,H4: removed
2	19:52:41.580	Custom indicator SupResZone_MTF AUDJPY.,H4: removed
2	19:52:41.582	Custom indicator MACD-2x AUDJPY.,H4: removed
2	19:52:41.582	Custom indicator Laguerre-ACS1 AUDJPY.,H4: removed
2	19:52:41.714	Custom indicator SupResZone_MTF AUDUSD.,H4: removed
2	19:52:41.718	Custom indicator SupResZone_MTF AUDUSD.,H4: removed
2	19:52:41.720	Custom indicator SupResZone_MTF AUDUSD.,H4: removed
2	19:52:41.722	Custom indicator SupResZone_MTF AUDUSD.,H4: removed
2	19:52:41.724	Custom indicator MACD-2x AUDUSD.,H4: removed
2	19:52:41.724	Custom indicator Laguerre-ACS1 AUDUSD.,H4: removed
2	19:52:41.731	Custom indicator SupResZone_MTF USDJPY.,H4: removed
2	19:52:41.733	Custom indicator SupResZone_MTF USDJPY.,H4: removed
2	19:52:41.735	Custom indicator SupResZone_MTF USDJPY.,H4: removed
2	19:52:41.736	Custom indicator SupResZone_MTF USDJPY.,H4: removed
2	19:52:41.738	Custom indicator MACD-2x USDJPY.,H4: removed
2	19:52:41.738	Custom indicator Laguerre-ACS1 USDJPY.,H4: removed
2	19:52:41.751	Custom indicator SupResZone_MTF EURJPY.,H4: removed
2	19:52:41.754	Custom indicator SupResZone_MTF EURJPY.,H4: removed
2	19:52:41.756	Custom indicator SupResZone_MTF EURJPY.,H4: removed
2	19:52:41.759	Custom indicator SupResZone_MTF EURJPY.,H4: removed
2	19:52:41.761	Custom indicator MACD-2x EURJPY.,H4: removed
2	19:52:41.761	Custom indicator Laguerre-ACS1 EURJPY.,H4: removed
2	19:52:41.772	Custom indicator SupResZone_MTF EURUSD.,H4: removed
2	19:52:41.775	Custom indicator SupResZone_MTF EURUSD.,H4: removed
2	19:52:41.778	Custom indicator SupResZone_MTF EURUSD.,H4: removed
2	19:52:41.781	Custom indicator SupResZone_MTF EURUSD.,H4: removed
2	19:52:41.786	Custom indicator MACD-2x EURUSD.,H4: removed
2	19:52:41.786	Custom indicator Laguerre-ACS1 EURUSD.,H4: removed
2	19:52:41.795	Custom indicator SupResZone_MTF GBPJPY.,H4: removed
2	19:52:41.797	Custom indicator SupResZone_MTF GBPJPY.,H4: removed
2	19:52:41.798	Custom indicator SupResZone_MTF GBPJPY.,H4: removed
2	19:52:41.800	Custom indicator SupResZone_MTF GBPJPY.,H4: removed
2	19:52:41.816	Custom indicator MACD-2x GBPJPY.,H4: removed
2	19:52:41.816	Custom indicator Laguerre-ACS1 GBPJPY.,H4: removed
2	19:52:41.823	Custom indicator SupResZone_MTF GBPUSD.,H4: removed
2	19:52:41.826	Custom indicator SupResZone_MTF GBPUSD.,H4: removed
2	19:52:41.829	Custom indicator SupResZone_MTF GBPUSD.,H4: removed
2	19:52:41.831	Custom indicator SupResZone_MTF GBPUSD.,H4: removed
2	19:52:41.834	Custom indicator MACD-2x GBPUSD.,H4: removed
2	19:52:41.834	Custom indicator Laguerre-ACS1 GBPUSD.,H4: removed
2	19:52:41.847	Custom indicator SupResZone_MTF USDCAD.,H4: removed
2	19:52:41.850	Custom indicator SupResZone_MTF USDCAD.,H4: removed
2	19:52:41.853	Custom indicator SupResZone_MTF USDCAD.,H4: removed
2	19:52:41.857	Custom indicator SupResZone_MTF USDCAD.,H4: removed
2	19:52:41.860	Custom indicator MACD-2x USDCAD.,H4: removed
2	19:52:41.860	Custom indicator Laguerre-ACS1 USDCAD.,H4: removed
2	19:52:41.873	Custom indicator SupResZone_MTF USDCHF.,H4: removed
2	19:52:41.875	Custom indicator SupResZone_MTF USDCHF.,H4: removed
2	19:52:41.877	Custom indicator SupResZone_MTF USDCHF.,H4: removed
2	19:52:41.879	Custom indicator SupResZone_MTF USDCHF.,H4: removed
2	19:52:41.881	Custom indicator MACD-2x USDCHF.,H4: removed
2	19:52:41.881	Custom indicator Laguerre-ACS1 USDCHF.,H4: removed
2	19:52:41.890	Custom indicator SupResZone_MTF USDCNH,Daily: removed
2	19:52:41.892	Custom indicator SupResZone_MTF USDCNH,Daily: removed
2	19:52:41.894	Custom indicator SupResZone_MTF USDCNH,Daily: removed
2	19:52:41.896	Custom indicator SupResZone_MTF USDCNH,Daily: removed
2	19:52:41.898	Custom indicator MACD-2x USDCNH,Daily: removed
2	19:52:41.898	Custom indicator Laguerre-ACS1 USDCNH,Daily: removed
2	19:52:41.904	Custom indicator GMMA Long USDJPY.,H4: removed
2	19:52:41.906	Custom indicator GMMA Short USDJPY.,H4: removed
2	19:52:41.908	Custom indicator 23MTF_MovingAverageIGOR USDJPY.,H4: removed
2	19:52:41.910	Custom indicator 23MTF_MovingAverageIGOR USDJPY.,H4: removed
2	19:52:41.912	Custom indicator SupResZone_MTF USDJPY.,H4: removed
2	19:52:41.913	Custom indicator SupResZone_MTF USDJPY.,H4: removed
2	19:52:41.916	Custom indicator MACD-2x USDJPY.,H4: removed
2	19:52:41.922	Custom indicator SupResZone_MTF CHINA300,Daily: removed
2	19:52:41.924	Custom indicator SupResZone_MTF CHINA300,Daily: removed
2	19:52:41.926	Custom indicator SupResZone_MTF CHINA300,Daily: removed
2	19:52:41.928	Custom indicator SupResZone_MTF CHINA300,Daily: removed
2	19:52:41.929	Custom indicator MACD-2x CHINA300,Daily: removed
2	19:52:41.929	Custom indicator Laguerre-ACS1 CHINA300,Daily: removed
2	19:52:41.939	Custom indicator 23MTF_MovingAverageIGOR CADJPY.,H1: removed
2	19:52:41.942	Custom indicator ADR CADJPY.,H1: removed
2	19:52:41.945	Custom indicator SupResZone_MTF CADJPY.,H1: removed
2	19:52:41.945	Custom indicator Laguerre-ACS1 CADJPY.,H1: removed
2	19:52:41.947	Custom indicator MACD-2x CADJPY.,H1: removed
0	19:52:42.341	FX Trader build 1170 stopped
0	19:54:12.763	FX Trader build 1170 started (Performance Ronnaru Capital Ltd.)
0	19:54:12.764	Windows 10 Home x64, IE 11, UAC, 8 x Intel Core i7-6700HQ  @ 2.60GHz, Memory: 25433 / 32639 Mb, Disk: 133 / 264 Gb, GMT+8
0	19:54:12.764	Data Folder: C:\Users\tiany\AppData\Roaming\MetaQuotes\Terminal\79214103E7A6FC97F86082D309D0B84B
2	19:54:14.823	Custom indicator SupResZone_MTF USDXXX,Daily: loaded successfully
2	19:54:14.837	Custom indicator SupResZone_MTF USDXXX,Daily: loaded successfully
2	19:54:14.847	Custom indicator SupResZone_MTF USDXXX,Daily: loaded successfully
2	19:54:14.858	Custom indicator SupResZone_MTF USDXXX,Daily: loaded successfully
2	19:54:14.869	Custom indicator MACD-2x USDXXX,Daily: loaded successfully
2	19:54:14.947	Custom indicator Laguerre-ACS1 USDXXX,Daily: loaded successfully
2	19:54:15.089	Custom indicator SupResZone_MTF XAUUSD.,H4: loaded successfully
2	19:54:15.105	Custom indicator SupResZone_MTF XAUUSD.,H4: loaded successfully
2	19:54:15.116	Custom indicator SupResZone_MTF XAUUSD.,H4: loaded successfully
2	19:54:15.126	Custom indicator SupResZone_MTF XAUUSD.,H4: loaded successfully
2	19:54:15.138	Custom indicator MACD-2x XAUUSD.,H4: loaded successfully
2	19:54:15.232	Custom indicator Laguerre-ACS1 XAUUSD.,H4: loaded successfully
2	19:54:15.434	Custom indicator SupResZone_MTF XAGUSD.,H4: loaded successfully
2	19:54:15.446	Custom indicator SupResZone_MTF XAGUSD.,H4: loaded successfully
2	19:54:15.458	Custom indicator SupResZone_MTF XAGUSD.,H4: loaded successfully
2	19:54:15.469	Custom indicator SupResZone_MTF XAGUSD.,H4: loaded successfully
2	19:54:15.481	Custom indicator MACD-2x XAGUSD.,H4: loaded successfully
2	19:54:15.558	Custom indicator Laguerre-ACS1 XAGUSD.,H4: loaded successfully
2	19:54:15.749	Custom indicator SupResZone_MTF US_OIL,H4: loaded successfully
2	19:54:15.760	Custom indicator SupResZone_MTF US_OIL,H4: loaded successfully
2	19:54:15.770	Custom indicator SupResZone_MTF US_OIL,H4: loaded successfully
2	19:54:15.782	Custom indicator SupResZone_MTF US_OIL,H4: loaded successfully
2	19:54:15.794	Custom indicator MACD-2x US_OIL,H4: loaded successfully
2	19:54:15.870	Custom indicator Laguerre-ACS1 US_OIL,H4: loaded successfully
2	19:54:16.075	Custom indicator SupResZone_MTF JP225,H1: loaded successfully
2	19:54:16.088	Custom indicator SupResZone_MTF JP225,H1: loaded successfully
2	19:54:16.100	Custom indicator SupResZone_MTF JP225,H1: loaded successfully
2	19:54:16.111	Custom indicator SupResZone_MTF JP225,H1: loaded successfully
2	19:54:16.122	Custom indicator MACD-2x JP225,H1: loaded successfully
2	19:54:16.203	Custom indicator Laguerre-ACS1 JP225,H1: loaded successfully
2	19:54:16.471	Custom indicator SupResZone_MTF SPX500,H4: loaded successfully
2	19:54:16.486	Custom indicator SupResZone_MTF SPX500,H4: loaded successfully
2	19:54:16.497	Custom indicator SupResZone_MTF SPX500,H4: loaded successfully
2	19:54:16.509	Custom indicator SupResZone_MTF SPX500,H4: loaded successfully
2	19:54:16.519	Custom indicator MACD-2x SPX500,H4: loaded successfully
2	19:54:16.599	Custom indicator Laguerre-ACS1 SPX500,H4: loaded successfully
2	19:54:16.800	Custom indicator SupResZone_MTF EURAUD.,H4: loaded successfully
2	19:54:16.810	Custom indicator SupResZone_MTF EURAUD.,H4: loaded successfully
2	19:54:16.822	Custom indicator SupResZone_MTF EURAUD.,H4: loaded successfully
2	19:54:16.832	Custom indicator SupResZone_MTF EURAUD.,H4: loaded successfully
2	19:54:16.843	Custom indicator MACD-2x EURAUD.,H4: loaded successfully
2	19:54:16.929	Custom indicator Laguerre-ACS1 EURAUD.,H4: loaded successfully
2	19:54:17.132	Custom indicator SupResZone_MTF AUDJPY.,H4: loaded successfully
2	19:54:17.143	Custom indicator SupResZone_MTF AUDJPY.,H4: loaded successfully
2	19:54:17.154	Custom indicator SupResZone_MTF AUDJPY.,H4: loaded successfully
2	19:54:17.165	Custom indicator SupResZone_MTF AUDJPY.,H4: loaded successfully
2	19:54:17.175	Custom indicator MACD-2x AUDJPY.,H4: loaded successfully
2	19:54:17.252	Custom indicator Laguerre-ACS1 AUDJPY.,H4: loaded successfully
2	19:54:17.434	Custom indicator SupResZone_MTF AUDUSD.,H4: loaded successfully
2	19:54:17.445	Custom indicator SupResZone_MTF AUDUSD.,H4: loaded successfully
2	19:54:17.455	Custom indicator SupResZone_MTF AUDUSD.,H4: loaded successfully
2	19:54:17.466	Custom indicator SupResZone_MTF AUDUSD.,H4: loaded successfully
2	19:54:17.477	Custom indicator MACD-2x AUDUSD.,H4: loaded successfully
2	19:54:17.556	Custom indicator Laguerre-ACS1 AUDUSD.,H4: loaded successfully
2	19:54:17.754	Custom indicator SupResZone_MTF USDJPY.,H4: loaded successfully
2	19:54:17.766	Custom indicator SupResZone_MTF USDJPY.,H4: loaded successfully
2	19:54:17.777	Custom indicator SupResZone_MTF USDJPY.,H4: loaded successfully
2	19:54:17.787	Custom indicator SupResZone_MTF USDJPY.,H4: loaded successfully
2	19:54:17.797	Custom indicator MACD-2x USDJPY.,H4: loaded successfully
2	19:54:17.873	Custom indicator Laguerre-ACS1 USDJPY.,H4: loaded successfully
2	19:54:18.097	Custom indicator SupResZone_MTF EURJPY.,H4: loaded successfully
2	19:54:18.109	Custom indicator SupResZone_MTF EURJPY.,H4: loaded successfully
2	19:54:18.122	Custom indicator SupResZone_MTF EURJPY.,H4: loaded successfully
2	19:54:18.136	Custom indicator SupResZone_MTF EURJPY.,H4: loaded successfully
2	19:54:18.146	Custom indicator MACD-2x EURJPY.,H4: loaded successfully
2	19:54:18.230	Custom indicator Laguerre-ACS1 EURJPY.,H4: loaded successfully
2	19:54:18.466	Custom indicator SupResZone_MTF EURUSD.,H4: loaded successfully
2	19:54:18.478	Custom indicator SupResZone_MTF EURUSD.,H4: loaded successfully
2	19:54:18.490	Custom indicator SupResZone_MTF EURUSD.,H4: loaded successfully
2	19:54:18.500	Custom indicator SupResZone_MTF EURUSD.,H4: loaded successfully
2	19:54:18.512	Custom indicator MACD-2x EURUSD.,H4: loaded successfully
2	19:54:18.598	Custom indicator Laguerre-ACS1 EURUSD.,H4: loaded successfully
2	19:54:18.865	Custom indicator SupResZone_MTF GBPJPY.,H4: loaded successfully
2	19:54:18.876	Custom indicator SupResZone_MTF GBPJPY.,H4: loaded successfully
2	19:54:18.888	Custom indicator SupResZone_MTF GBPJPY.,H4: loaded successfully
2	19:54:18.899	Custom indicator SupResZone_MTF GBPJPY.,H4: loaded successfully
2	19:54:18.911	Custom indicator MACD-2x GBPJPY.,H4: loaded successfully
2	19:54:19.003	Custom indicator Laguerre-ACS1 GBPJPY.,H4: loaded successfully
2	19:54:19.292	Custom indicator SupResZone_MTF GBPUSD.,H4: loaded successfully
2	19:54:19.312	Custom indicator SupResZone_MTF GBPUSD.,H4: loaded successfully
2	19:54:19.325	Custom indicator SupResZone_MTF GBPUSD.,H4: loaded successfully
2	19:54:19.338	Custom indicator SupResZone_MTF GBPUSD.,H4: loaded successfully
2	19:54:19.350	Custom indicator MACD-2x GBPUSD.,H4: loaded successfully
2	19:54:19.452	Custom indicator Laguerre-ACS1 GBPUSD.,H4: loaded successfully
2	19:54:19.694	Custom indicator SupResZone_MTF USDCAD.,H4: loaded successfully
2	19:54:19.705	Custom indicator SupResZone_MTF USDCAD.,H4: loaded successfully
2	19:54:19.717	Custom indicator SupResZone_MTF USDCAD.,H4: loaded successfully
2	19:54:19.728	Custom indicator SupResZone_MTF USDCAD.,H4: loaded successfully
2	19:54:19.740	Custom indicator MACD-2x USDCAD.,H4: loaded successfully
2	19:54:19.824	Custom indicator Laguerre-ACS1 USDCAD.,H4: loaded successfully
2	19:54:20.041	Custom indicator SupResZone_MTF USDCHF.,H4: loaded successfully
2	19:54:20.054	Custom indicator SupResZone_MTF USDCHF.,H4: loaded successfully
2	19:54:20.067	Custom indicator SupResZone_MTF USDCHF.,H4: loaded successfully
2	19:54:20.079	Custom indicator SupResZone_MTF USDCHF.,H4: loaded successfully
2	19:54:20.091	Custom indicator MACD-2x USDCHF.,H4: loaded successfully
2	19:54:20.170	Custom indicator Laguerre-ACS1 USDCHF.,H4: loaded successfully
2	19:54:20.379	Custom indicator SupResZone_MTF USDCNH,Daily: loaded successfully
2	19:54:20.391	Custom indicator SupResZone_MTF USDCNH,Daily: loaded successfully
2	19:54:20.404	Custom indicator SupResZone_MTF USDCNH,Daily: loaded successfully
2	19:54:20.415	Custom indicator SupResZone_MTF USDCNH,Daily: loaded successfully
2	19:54:20.427	Custom indicator MACD-2x USDCNH,Daily: loaded successfully
2	19:54:20.510	Custom indicator Laguerre-ACS1 USDCNH,Daily: loaded successfully
2	19:54:20.655	Custom indicator GMMA Long USDJPY.,H4: loaded successfully
2	19:54:20.668	Custom indicator GMMA Short USDJPY.,H4: loaded successfully
2	19:54:20.679	Custom indicator 23MTF_MovingAverageIGOR USDJPY.,H4: loaded successfully
2	19:54:20.688	Custom indicator 23MTF_MovingAverageIGOR USDJPY.,H4: loaded successfully
2	19:54:20.700	Custom indicator SupResZone_MTF USDJPY.,H4: loaded successfully
2	19:54:20.712	Custom indicator SupResZone_MTF USDJPY.,H4: loaded successfully
2	19:54:20.726	Custom indicator MACD-2x USDJPY.,H4: loaded successfully
2	19:54:20.948	Custom indicator SupResZone_MTF CHINA300,Daily: loaded successfully
2	19:54:20.959	Custom indicator SupResZone_MTF CHINA300,Daily: loaded successfully
2	19:54:20.970	Custom indicator SupResZone_MTF CHINA300,Daily: loaded successfully
2	19:54:20.982	Custom indicator SupResZone_MTF CHINA300,Daily: loaded successfully
2	19:54:20.993	Custom indicator MACD-2x CHINA300,Daily: loaded successfully
2	19:54:21.077	Custom indicator Laguerre-ACS1 CHINA300,Daily: loaded successfully
2	19:54:21.218	Custom indicator 23MTF_MovingAverageIGOR CADJPY.,H1: loaded successfully
2	19:54:21.230	Custom indicator ADR CADJPY.,H1: loaded successfully
2	19:54:21.242	Custom indicator SupResZone_MTF CADJPY.,H1: loaded successfully
2	19:54:21.315	Custom indicator Laguerre-ACS1 CADJPY.,H1: loaded successfully
2	19:54:21.326	Custom indicator MACD-2x CADJPY.,H1: loaded successfully
0	19:54:23.614	'120010550': login on PRC-Live through Server 5 (ping: 94.36 ms)
0	19:54:25.224	'120010550': login datacenter on PRC-Live through Server 5 (ping: 94.36 ms)
0	19:54:25.683	'120010550': previous successful authorization performed from 101.131.181.27
2	20:00:26.642	Custom indicator SupResZone_MTF USDXXX,Daily: removed
2	20:00:26.644	Custom indicator SupResZone_MTF USDXXX,Daily: removed
2	20:00:26.646	Custom indicator SupResZone_MTF USDXXX,Daily: removed
2	20:00:26.648	Custom indicator SupResZone_MTF USDXXX,Daily: removed
2	20:00:26.651	Custom indicator MACD-2x USDXXX,Daily: removed
2	20:00:26.651	Custom indicator Laguerre-ACS1 USDXXX,Daily: removed
2	20:00:26.661	Custom indicator SupResZone_MTF XAUUSD.,H4: removed
2	20:00:26.663	Custom indicator SupResZone_MTF XAUUSD.,H4: removed
2	20:00:26.664	Custom indicator SupResZone_MTF XAUUSD.,H4: removed
2	20:00:26.667	Custom indicator SupResZone_MTF XAUUSD.,H4: removed
2	20:00:26.669	Custom indicator MACD-2x XAUUSD.,H4: removed
2	20:00:26.669	Custom indicator Laguerre-ACS1 XAUUSD.,H4: removed
2	20:00:26.678	Custom indicator SupResZone_MTF XAGUSD.,H4: removed
2	20:00:26.681	Custom indicator SupResZone_MTF XAGUSD.,H4: removed
2	20:00:26.683	Custom indicator SupResZone_MTF XAGUSD.,H4: removed
2	20:00:26.687	Custom indicator SupResZone_MTF XAGUSD.,H4: removed
2	20:00:26.690	Custom indicator MACD-2x XAGUSD.,H4: removed
2	20:00:26.690	Custom indicator Laguerre-ACS1 XAGUSD.,H4: removed
2	20:00:26.703	Custom indicator SupResZone_MTF US_OIL,H4: removed
2	20:00:26.706	Custom indicator SupResZone_MTF US_OIL,H4: removed
2	20:00:26.709	Custom indicator SupResZone_MTF US_OIL,H4: removed
2	20:00:26.711	Custom indicator SupResZone_MTF US_OIL,H4: removed
2	20:00:26.714	Custom indicator MACD-2x US_OIL,H4: removed
2	20:00:26.714	Custom indicator Laguerre-ACS1 US_OIL,H4: removed
2	20:00:26.723	Custom indicator SupResZone_MTF JP225,H1: removed
2	20:00:26.725	Custom indicator SupResZone_MTF JP225,H1: removed
2	20:00:26.726	Custom indicator SupResZone_MTF JP225,H1: removed
2	20:00:26.727	Custom indicator SupResZone_MTF JP225,H1: removed
2	20:00:26.729	Custom indicator MACD-2x JP225,H1: removed
2	20:00:26.729	Custom indicator Laguerre-ACS1 JP225,H1: removed
2	20:00:26.737	Custom indicator SupResZone_MTF SPX500,H4: removed
2	20:00:26.738	Custom indicator SupResZone_MTF SPX500,H4: removed
2	20:00:26.739	Custom indicator SupResZone_MTF SPX500,H4: removed
2	20:00:26.740	Custom indicator SupResZone_MTF SPX500,H4: removed
2	20:00:26.744	Custom indicator MACD-2x SPX500,H4: removed
2	20:00:26.744	Custom indicator Laguerre-ACS1 SPX500,H4: removed
2	20:00:26.756	Custom indicator SupResZone_MTF EURAUD.,H4: removed
2	20:00:26.757	Custom indicator SupResZone_MTF EURAUD.,H4: removed
2	20:00:26.759	Custom indicator SupResZone_MTF EURAUD.,H4: removed
2	20:00:26.760	Custom indicator SupResZone_MTF EURAUD.,H4: removed
2	20:00:26.762	Custom indicator MACD-2x EURAUD.,H4: removed
2	20:00:26.762	Custom indicator Laguerre-ACS1 EURAUD.,H4: removed
2	20:00:26.768	Custom indicator SupResZone_MTF AUDJPY.,H4: removed
2	20:00:26.770	Custom indicator SupResZone_MTF AUDJPY.,H4: removed
2	20:00:26.772	Custom indicator SupResZone_MTF AUDJPY.,H4: removed
2	20:00:26.774	Custom indicator SupResZone_MTF AUDJPY.,H4: removed
2	20:00:26.776	Custom indicator MACD-2x AUDJPY.,H4: removed
2	20:00:26.776	Custom indicator Laguerre-ACS1 AUDJPY.,H4: removed
2	20:00:26.782	Custom indicator SupResZone_MTF AUDUSD.,H4: removed
2	20:00:26.786	Custom indicator SupResZone_MTF AUDUSD.,H4: removed
2	20:00:26.788	Custom indicator SupResZone_MTF AUDUSD.,H4: removed
2	20:00:26.789	Custom indicator SupResZone_MTF AUDUSD.,H4: removed
2	20:00:26.791	Custom indicator MACD-2x AUDUSD.,H4: removed
2	20:00:26.791	Custom indicator Laguerre-ACS1 AUDUSD.,H4: removed
2	20:00:26.796	Custom indicator SupResZone_MTF USDJPY.,H4: removed
2	20:00:26.798	Custom indicator SupResZone_MTF USDJPY.,H4: removed
2	20:00:26.802	Custom indicator SupResZone_MTF USDJPY.,H4: removed
2	20:00:26.804	Custom indicator SupResZone_MTF USDJPY.,H4: removed
2	20:00:26.807	Custom indicator MACD-2x USDJPY.,H4: removed
2	20:00:26.807	Custom indicator Laguerre-ACS1 USDJPY.,H4: removed
2	20:00:26.812	Custom indicator SupResZone_MTF EURJPY.,H4: removed
2	20:00:26.813	Custom indicator SupResZone_MTF EURJPY.,H4: removed
2	20:00:26.815	Custom indicator SupResZone_MTF EURJPY.,H4: removed
2	20:00:26.817	Custom indicator SupResZone_MTF EURJPY.,H4: removed
2	20:00:26.819	Custom indicator MACD-2x EURJPY.,H4: removed
2	20:00:26.819	Custom indicator Laguerre-ACS1 EURJPY.,H4: removed
2	20:00:26.824	Custom indicator SupResZone_MTF EURUSD.,H4: removed
2	20:00:26.826	Custom indicator SupResZone_MTF EURUSD.,H4: removed
2	20:00:26.827	Custom indicator SupResZone_MTF EURUSD.,H4: removed
2	20:00:26.829	Custom indicator SupResZone_MTF EURUSD.,H4: removed
2	20:00:26.831	Custom indicator MACD-2x EURUSD.,H4: removed
2	20:00:26.831	Custom indicator Laguerre-ACS1 EURUSD.,H4: removed
2	20:00:26.837	Custom indicator SupResZone_MTF GBPJPY.,H4: removed
2	20:00:26.839	Custom indicator SupResZone_MTF GBPJPY.,H4: removed
2	20:00:26.840	Custom indicator SupResZone_MTF GBPJPY.,H4: removed
2	20:00:26.842	Custom indicator SupResZone_MTF GBPJPY.,H4: removed
2	20:00:26.844	Custom indicator MACD-2x GBPJPY.,H4: removed
2	20:00:26.844	Custom indicator Laguerre-ACS1 GBPJPY.,H4: removed
2	20:00:26.850	Custom indicator SupResZone_MTF GBPUSD.,H4: removed
2	20:00:26.852	Custom indicator SupResZone_MTF GBPUSD.,H4: removed
2	20:00:26.854	Custom indicator SupResZone_MTF GBPUSD.,H4: removed
2	20:00:26.855	Custom indicator SupResZone_MTF GBPUSD.,H4: removed
2	20:00:26.857	Custom indicator MACD-2x GBPUSD.,H4: removed
2	20:00:26.857	Custom indicator Laguerre-ACS1 GBPUSD.,H4: removed
2	20:00:26.862	Custom indicator SupResZone_MTF USDCAD.,H4: removed
2	20:00:26.863	Custom indicator SupResZone_MTF USDCAD.,H4: removed
2	20:00:26.865	Custom indicator SupResZone_MTF USDCAD.,H4: removed
2	20:00:26.867	Custom indicator SupResZone_MTF USDCAD.,H4: removed
2	20:00:26.869	Custom indicator MACD-2x USDCAD.,H4: removed
2	20:00:26.869	Custom indicator Laguerre-ACS1 USDCAD.,H4: removed
2	20:00:26.875	Custom indicator SupResZone_MTF USDCHF.,H4: removed
2	20:00:26.877	Custom indicator SupResZone_MTF USDCHF.,H4: removed
2	20:00:26.880	Custom indicator SupResZone_MTF USDCHF.,H4: removed
2	20:00:26.883	Custom indicator SupResZone_MTF USDCHF.,H4: removed
2	20:00:26.886	Custom indicator MACD-2x USDCHF.,H4: removed
2	20:00:26.886	Custom indicator Laguerre-ACS1 USDCHF.,H4: removed
2	20:00:26.892	Custom indicator SupResZone_MTF USDCNH,Daily: removed
2	20:00:26.894	Custom indicator SupResZone_MTF USDCNH,Daily: removed
2	20:00:26.897	Custom indicator SupResZone_MTF USDCNH,Daily: removed
2	20:00:26.899	Custom indicator SupResZone_MTF USDCNH,Daily: removed
2	20:00:26.902	Custom indicator MACD-2x USDCNH,Daily: removed
2	20:00:26.902	Custom indicator Laguerre-ACS1 USDCNH,Daily: removed
2	20:00:26.908	Custom indicator GMMA Long USDJPY.,H4: removed
2	20:00:26.909	Custom indicator GMMA Short USDJPY.,H4: removed
2	20:00:26.911	Custom indicator 23MTF_MovingAverageIGOR USDJPY.,H4: removed
2	20:00:26.912	Custom indicator 23MTF_MovingAverageIGOR USDJPY.,H4: removed
2	20:00:26.914	Custom indicator SupResZone_MTF USDJPY.,H4: removed
2	20:00:26.916	Custom indicator SupResZone_MTF USDJPY.,H4: removed
2	20:00:26.919	Custom indicator MACD-2x USDJPY.,H4: removed
2	20:00:26.924	Custom indicator SupResZone_MTF CHINA300,Daily: removed
2	20:00:26.926	Custom indicator SupResZone_MTF CHINA300,Daily: removed
2	20:00:26.927	Custom indicator SupResZone_MTF CHINA300,Daily: removed
2	20:00:26.929	Custom indicator SupResZone_MTF CHINA300,Daily: removed
2	20:00:26.931	Custom indicator MACD-2x CHINA300,Daily: removed
2	20:00:26.931	Custom indicator Laguerre-ACS1 CHINA300,Daily: removed
2	20:00:26.940	Custom indicator 23MTF_MovingAverageIGOR CADJPY.,H1: removed
2	20:00:26.942	Custom indicator ADR CADJPY.,H1: removed
2	20:00:26.944	Custom indicator SupResZone_MTF CADJPY.,H1: removed
2	20:00:26.944	Custom indicator Laguerre-ACS1 CADJPY.,H1: removed
2	20:00:26.947	Custom indicator MACD-2x CADJPY.,H1: removed
0	20:00:27.339	FX Trader build 1170 stopped
0	20:03:11.416	FX Trader build 1170 started (Performance Ronnaru Capital Ltd.)
0	20:03:11.416	Windows 10 Home x64, IE 11, UAC, 8 x Intel Core i7-6700HQ  @ 2.60GHz, Memory: 25521 / 32639 Mb, Disk: 133 / 264 Gb, GMT+8
0	20:03:11.416	Data Folder: C:\Users\tiany\AppData\Roaming\MetaQuotes\Terminal\79214103E7A6FC97F86082D309D0B84B
2	20:03:13.556	Custom indicator SupResZone_MTF USDXXX,Daily: loaded successfully
2	20:03:13.567	Custom indicator SupResZone_MTF USDXXX,Daily: loaded successfully
2	20:03:13.580	Custom indicator SupResZone_MTF USDXXX,Daily: loaded successfully
2	20:03:13.591	Custom indicator SupResZone_MTF USDXXX,Daily: loaded successfully
2	20:03:13.603	Custom indicator MACD-2x USDXXX,Daily: loaded successfully
2	20:03:13.684	Custom indicator Laguerre-ACS1 USDXXX,Daily: loaded successfully
2	20:03:13.845	Custom indicator SupResZone_MTF XAUUSD.,H4: loaded successfully
2	20:03:13.860	Custom indicator SupResZone_MTF XAUUSD.,H4: loaded successfully
2	20:03:13.871	Custom indicator SupResZone_MTF XAUUSD.,H4: loaded successfully
2	20:03:13.884	Custom indicator SupResZone_MTF XAUUSD.,H4: loaded successfully
2	20:03:13.897	Custom indicator MACD-2x XAUUSD.,H4: loaded successfully
2	20:03:13.982	Custom indicator Laguerre-ACS1 XAUUSD.,H4: loaded successfully
2	20:03:14.288	Custom indicator SupResZone_MTF XAGUSD.,H4: loaded successfully
2	20:03:14.302	Custom indicator SupResZone_MTF XAGUSD.,H4: loaded successfully
2	20:03:14.317	Custom indicator SupResZone_MTF XAGUSD.,H4: loaded successfully
2	20:03:14.334	Custom indicator SupResZone_MTF XAGUSD.,H4: loaded successfully
2	20:03:14.348	Custom indicator MACD-2x XAGUSD.,H4: loaded successfully
2	20:03:14.447	Custom indicator Laguerre-ACS1 XAGUSD.,H4: loaded successfully
2	20:03:14.654	Custom indicator SupResZone_MTF US_OIL,H4: loaded successfully
2	20:03:14.667	Custom indicator SupResZone_MTF US_OIL,H4: loaded successfully
2	20:03:14.680	Custom indicator SupResZone_MTF US_OIL,H4: loaded successfully
2	20:03:14.693	Custom indicator SupResZone_MTF US_OIL,H4: loaded successfully
2	20:03:14.707	Custom indicator MACD-2x US_OIL,H4: loaded successfully
2	20:03:14.806	Custom indicator Laguerre-ACS1 US_OIL,H4: loaded successfully
2	20:03:15.221	Custom indicator SupResZone_MTF JP225,H1: loaded successfully
2	20:03:15.237	Custom indicator SupResZone_MTF JP225,H1: loaded successfully
2	20:03:15.254	Custom indicator SupResZone_MTF JP225,H1: loaded successfully
2	20:03:15.274	Custom indicator SupResZone_MTF JP225,H1: loaded successfully
2	20:03:15.290	Custom indicator MACD-2x JP225,H1: loaded successfully
2	20:03:15.385	Custom indicator Laguerre-ACS1 JP225,H1: loaded successfully
2	20:03:15.734	Custom indicator SupResZone_MTF SPX500,H4: loaded successfully
2	20:03:15.747	Custom indicator SupResZone_MTF SPX500,H4: loaded successfully
2	20:03:15.762	Custom indicator SupResZone_MTF SPX500,H4: loaded successfully
2	20:03:15.775	Custom indicator SupResZone_MTF SPX500,H4: loaded successfully
2	20:03:15.787	Custom indicator MACD-2x SPX500,H4: loaded successfully
2	20:03:15.867	Custom indicator Laguerre-ACS1 SPX500,H4: loaded successfully
2	20:03:16.176	Custom indicator SupResZone_MTF EURAUD.,H4: loaded successfully
2	20:03:16.191	Custom indicator SupResZone_MTF EURAUD.,H4: loaded successfully
2	20:03:16.207	Custom indicator SupResZone_MTF EURAUD.,H4: loaded successfully
2	20:03:16.222	Custom indicator SupResZone_MTF EURAUD.,H4: loaded successfully
2	20:03:16.236	Custom indicator MACD-2x EURAUD.,H4: loaded successfully
2	20:03:16.317	Custom indicator Laguerre-ACS1 EURAUD.,H4: loaded successfully
2	20:03:16.590	Custom indicator SupResZone_MTF AUDJPY.,H4: loaded successfully
2	20:03:16.603	Custom indicator SupResZone_MTF AUDJPY.,H4: loaded successfully
2	20:03:16.615	Custom indicator SupResZone_MTF AUDJPY.,H4: loaded successfully
2	20:03:16.628	Custom indicator SupResZone_MTF AUDJPY.,H4: loaded successfully
2	20:03:16.641	Custom indicator MACD-2x AUDJPY.,H4: loaded successfully
2	20:03:16.727	Custom indicator Laguerre-ACS1 AUDJPY.,H4: loaded successfully
2	20:03:17.022	Custom indicator SupResZone_MTF AUDUSD.,H4: loaded successfully
2	20:03:17.035	Custom indicator SupResZone_MTF AUDUSD.,H4: loaded successfully
2	20:03:17.047	Custom indicator SupResZone_MTF AUDUSD.,H4: loaded successfully
2	20:03:17.058	Custom indicator SupResZone_MTF AUDUSD.,H4: loaded successfully
2	20:03:17.072	Custom indicator MACD-2x AUDUSD.,H4: loaded successfully
2	20:03:17.161	Custom indicator Laguerre-ACS1 AUDUSD.,H4: loaded successfully
2	20:03:18.183	Custom indicator SupResZone_MTF USDJPY.,H4: loaded successfully
2	20:03:18.201	Custom indicator SupResZone_MTF USDJPY.,H4: loaded successfully
2	20:03:18.217	Custom indicator SupResZone_MTF USDJPY.,H4: loaded successfully
2	20:03:18.234	Custom indicator SupResZone_MTF USDJPY.,H4: loaded successfully
2	20:03:18.250	Custom indicator MACD-2x USDJPY.,H4: loaded successfully
2	20:03:18.352	Custom indicator Laguerre-ACS1 USDJPY.,H4: loaded successfully
2	20:03:19.775	Custom indicator SupResZone_MTF EURJPY.,H4: loaded successfully
2	20:03:19.789	Custom indicator SupResZone_MTF EURJPY.,H4: loaded successfully
2	20:03:19.804	Custom indicator SupResZone_MTF EURJPY.,H4: loaded successfully
2	20:03:19.820	Custom indicator SupResZone_MTF EURJPY.,H4: loaded successfully
2	20:03:19.836	Custom indicator MACD-2x EURJPY.,H4: loaded successfully
2	20:03:19.934	Custom indicator Laguerre-ACS1 EURJPY.,H4: loaded successfully
2	20:03:20.283	Custom indicator SupResZone_MTF EURUSD.,H4: loaded successfully
2	20:03:20.297	Custom indicator SupResZone_MTF EURUSD.,H4: loaded successfully
2	20:03:20.318	Custom indicator SupResZone_MTF EURUSD.,H4: loaded successfully
2	20:03:20.340	Custom indicator SupResZone_MTF EURUSD.,H4: loaded successfully
2	20:03:20.358	Custom indicator MACD-2x EURUSD.,H4: loaded successfully
2	20:03:20.454	Custom indicator Laguerre-ACS1 EURUSD.,H4: loaded successfully
2	20:03:20.753	Custom indicator SupResZone_MTF GBPJPY.,H4: loaded successfully
2	20:03:20.766	Custom indicator SupResZone_MTF GBPJPY.,H4: loaded successfully
2	20:03:20.780	Custom indicator SupResZone_MTF GBPJPY.,H4: loaded successfully
2	20:03:20.802	Custom indicator SupResZone_MTF GBPJPY.,H4: loaded successfully
2	20:03:20.832	Custom indicator MACD-2x GBPJPY.,H4: loaded successfully
2	20:03:21.018	Custom indicator Laguerre-ACS1 GBPJPY.,H4: loaded successfully
2	20:03:21.299	Custom indicator SupResZone_MTF GBPUSD.,H4: loaded successfully
2	20:03:21.313	Custom indicator SupResZone_MTF GBPUSD.,H4: loaded successfully
2	20:03:21.328	Custom indicator SupResZone_MTF GBPUSD.,H4: loaded successfully
2	20:03:21.342	Custom indicator SupResZone_MTF GBPUSD.,H4: loaded successfully
2	20:03:21.359	Custom indicator MACD-2x GBPUSD.,H4: loaded successfully
2	20:03:21.470	Custom indicator Laguerre-ACS1 GBPUSD.,H4: loaded successfully
2	20:03:21.840	Custom indicator SupResZone_MTF USDCAD.,H4: loaded successfully
2	20:03:21.861	Custom indicator SupResZone_MTF USDCAD.,H4: loaded successfully
2	20:03:21.885	Custom indicator SupResZone_MTF USDCAD.,H4: loaded successfully
2	20:03:21.905	Custom indicator SupResZone_MTF USDCAD.,H4: loaded successfully
2	20:03:21.924	Custom indicator MACD-2x USDCAD.,H4: loaded successfully
2	20:03:22.048	Custom indicator Laguerre-ACS1 USDCAD.,H4: loaded successfully
2	20:03:22.280	Custom indicator SupResZone_MTF USDCHF.,H4: loaded successfully
2	20:03:22.292	Custom indicator SupResZone_MTF USDCHF.,H4: loaded successfully
2	20:03:22.304	Custom indicator SupResZone_MTF USDCHF.,H4: loaded successfully
2	20:03:22.321	Custom indicator SupResZone_MTF USDCHF.,H4: loaded successfully
2	20:03:22.339	Custom indicator MACD-2x USDCHF.,H4: loaded successfully
2	20:03:22.465	Custom indicator Laguerre-ACS1 USDCHF.,H4: loaded successfully
2	20:03:23.266	Custom indicator SupResZone_MTF USDCNH,Daily: loaded successfully
2	20:03:23.277	Custom indicator SupResZone_MTF USDCNH,Daily: loaded successfully
2	20:03:23.289	Custom indicator SupResZone_MTF USDCNH,Daily: loaded successfully
2	20:03:23.300	Custom indicator SupResZone_MTF USDCNH,Daily: loaded successfully
2	20:03:23.313	Custom indicator MACD-2x USDCNH,Daily: loaded successfully
2	20:03:23.396	Custom indicator Laguerre-ACS1 USDCNH,Daily: loaded successfully
2	20:03:23.544	Custom indicator GMMA Long USDJPY.,H4: loaded successfully
2	20:03:23.553	Custom indicator GMMA Short USDJPY.,H4: loaded successfully
2	20:03:23.562	Custom indicator 23MTF_MovingAverageIGOR USDJPY.,H4: loaded successfully
2	20:03:23.572	Custom indicator 23MTF_MovingAverageIGOR USDJPY.,H4: loaded successfully
2	20:03:23.582	Custom indicator SupResZone_MTF USDJPY.,H4: loaded successfully
2	20:03:23.594	Custom indicator SupResZone_MTF USDJPY.,H4: loaded successfully
2	20:03:23.606	Custom indicator MACD-2x USDJPY.,H4: loaded successfully
2	20:03:23.818	Custom indicator SupResZone_MTF CHINA300,Daily: loaded successfully
2	20:03:23.829	Custom indicator SupResZone_MTF CHINA300,Daily: loaded successfully
2	20:03:23.840	Custom indicator SupResZone_MTF CHINA300,Daily: loaded successfully
2	20:03:23.853	Custom indicator SupResZone_MTF CHINA300,Daily: loaded successfully
2	20:03:23.867	Custom indicator MACD-2x CHINA300,Daily: loaded successfully
2	20:03:23.951	Custom indicator Laguerre-ACS1 CHINA300,Daily: loaded successfully
2	20:03:24.113	Custom indicator 23MTF_MovingAverageIGOR CADJPY.,H1: loaded successfully
2	20:03:24.127	Custom indicator ADR CADJPY.,H1: loaded successfully
2	20:03:24.138	Custom indicator SupResZone_MTF CADJPY.,H1: loaded successfully
2	20:03:24.242	Custom indicator Laguerre-ACS1 CADJPY.,H1: loaded successfully
2	20:03:24.259	Custom indicator MACD-2x CADJPY.,H1: loaded successfully
0	20:03:27.487	'120010550': login on PRC-Live through Server 5 (ping: 94.36 ms)
0	20:03:29.386	'120010550': login datacenter on PRC-Live through Server 5 (ping: 94.36 ms)
0	20:03:29.883	'120010550': previous successful authorization performed from 101.131.181.27
0	20:23:41.141	'120010550': order sell market 0.02 AUDJPY. sl: 0.000 tp: 0.000
0	20:23:41.552	'120010550': order was opened : #11121021 sell 0.02 AUDJPY. at 75.267 sl: 0.000 tp: 0.000
0	20:31:03.931	'120010550': order sell market 0.01 XAGUSD. sl: 0.000 tp: 0.000
0	20:31:05.297	'120010550': order was opened : #11121055 sell 0.01 XAGUSD. at 16.389 sl: 0.000 tp: 0.000
0	20:39:48.677	'120010550': modify order #11110462 sell 0.02 EURAUD. at 1.59096 sl: 0.00000 tp: 1.59017 -> sl: 1.61207 tp: 1.59017
0	20:39:49.278	'120010550': order #11110462 sell 0.02 EURAUD. at 1.59096 was modified -> sl: 1.61207 tp: 1.59017
0	20:39:54.788	'120010550': modify order #11110462 sell 0.02 EURAUD. at 1.59096 sl: 1.61207 tp: 1.59017 -> sl: 1.61474 tp: 1.59017
0	20:39:55.484	'120010550': order #11110462 sell 0.02 EURAUD. at 1.59096 was modified -> sl: 1.61474 tp: 1.59017
0	20:51:43.324	'120010550': modify order #11121055 sell 0.01 XAGUSD. at 16.389 sl: 0.000 tp: 0.000 -> sl: 0.000 tp: 16.370
0	20:51:43.947	'120010550': order #11121055 sell 0.01 XAGUSD. at 16.389 was modified -> sl: 0.000 tp: 16.370
0	21:19:53.662	'120010550': close order #11055404 buy 0.02 AUDJPY. at 76.182 sl: 0.000 tp: 0.000 at price 0.000
0	21:19:55.000	'120010550': order #11055404 buy 0.02 AUDJPY. at 76.182 sl: 0.000 tp: 0.000 closed at price 75.210
0	21:26:08.443	'120010550': pending order buy limit 0.02 AUDJPY. at 75.065 sl: 0.000 tp: 0.000
0	21:26:08.873	'120010550': order was opened : #11121442 buy limit 0.02 AUDJPY. at 75.065 sl: 0.000 tp: 0.000
0	21:50:24.919	'120010550': pending order sell stop 0.02 AUDUSD. at 0.69021 sl: 0.00000 tp: 0.00000
0	21:50:26.038	'120010550': order was opened : #11121525 sell stop 0.02 AUDUSD. at 0.69021 sl: 0.00000 tp: 0.00000
0	21:51:21.268	'120010550': modify order #11119076 buy 0.02 USDCAD. at 1.31346 sl: 0.00000 tp: 0.00000 -> sl: 1.31257 tp: 0.00000
0	21:51:21.740	'120010550': order #11119076 buy 0.02 USDCAD. at 1.31346 was modified -> sl: 1.31257 tp: 0.00000
0	21:51:25.415	'120010550': modify order #11119076 buy 0.02 USDCAD. at 1.31346 sl: 1.31257 tp: 0.00000 -> sl: 1.31406 tp: 0.00000
0	21:51:25.943	'120010550': order #11119076 buy 0.02 USDCAD. at 1.31346 was modified -> sl: 1.31406 tp: 0.00000
0	22:28:02.497	'120010550': close order #11109453 sell 0.01 JP225 at 21655 sl: 21850 tp: 0 at price 0
0	22:28:03.105	'120010550': order #11109453 sell 0.01 JP225 at 21655 sl: 21850 tp: 0 closed at price 21641
1	22:28:30.196	'120010550': modification of order #11115776 sell 0.01 JP225 at 21621 sl: 0 tp: 0 -> sl: 0 tp: 21612 failed [Invalid S/L or T/P]
1	22:28:34.711	'120010550': modification of order #11115776 sell 0.01 JP225 at 21621 sl: 0 tp: 0 -> sl: 0 tp: 21609 failed [Invalid S/L or T/P]
1	22:28:37.675	'120010550': modification of order #11115776 sell 0.01 JP225 at 21621 sl: 0 tp: 0 -> sl: 0 tp: 21616 failed [Invalid S/L or T/P]
0	22:28:41.314	'120010550': modify order #11115776 sell 0.01 JP225 at 21621 sl: 0 tp: 0 -> sl: 0 tp: 21488
0	22:28:42.698	'120010550': order #11115776 sell 0.01 JP225 at 21621 was modified -> sl: 0 tp: 21488
0	22:28:45.821	'120010550': modify order #11115776 sell 0.01 JP225 at 21621 sl: 0 tp: 21488 -> sl: 0 tp: 21585
0	22:28:47.809	'120010550': order #11115776 sell 0.01 JP225 at 21621 was modified -> sl: 0 tp: 21585
1	22:28:49.961	'120010550': modification of order #11115776 sell 0.01 JP225 at 21621 sl: 0 tp: 21585 -> sl: 0 tp: 21599 failed [Invalid S/L or T/P]
1	22:28:58.051	'120010550': modification of order #11115776 sell 0.01 JP225 at 21621 sl: 0 tp: 21585 -> sl: 0 tp: 21593 failed [Invalid S/L or T/P]
1	22:29:01.593	'120010550': modification of order #11115776 sell 0.01 JP225 at 21621 sl: 0 tp: 21585 -> sl: 0 tp: 21595 failed [Invalid S/L or T/P]
0	22:29:09.598	'120010550': modify order #11115776 sell 0.01 JP225 at 21621 sl: 0 tp: 21585 -> sl: 0 tp: 21591
0	22:29:10.839	'120010550': order #11115776 sell 0.01 JP225 at 21621 was modified -> sl: 0 tp: 21591
1	22:29:13.367	'120010550': modification of order #11115776 sell 0.01 JP225 at 21621 sl: 0 tp: 21591 -> sl: 0 tp: 21595 failed [Invalid S/L or T/P]
1	22:29:21.622	'120010550': modification of order #11115776 sell 0.01 JP225 at 21621 sl: 0 tp: 21591 -> sl: 0 tp: 21594 failed [Invalid S/L or T/P]
1	22:29:25.622	'120010550': modification of order #11115776 sell 0.01 JP225 at 21621 sl: 0 tp: 21591 -> sl: 0 tp: 21595 failed [Invalid S/L or T/P]
1	22:29:29.031	'120010550': modification of order #11115776 sell 0.01 JP225 at 21621 sl: 0 tp: 21591 -> sl: 0 tp: 21596 failed [Invalid S/L or T/P]
1	22:29:32.854	'120010550': modification of order #11115776 sell 0.01 JP225 at 21621 sl: 0 tp: 21591 -> sl: 0 tp: 21594 failed [Invalid S/L or T/P]
0	22:30:23.438	'120010550': modify order #11117741 sell 0.02 EURJPY. at 120.112 sl: 0.000 tp: 120.068 -> sl: 122.405 tp: 120.068
0	22:30:24.231	'120010550': order #11117741 sell 0.02 EURJPY. at 120.112 was modified -> sl: 122.405 tp: 120.068
0	22:55:33.680	'120010550': close order #11096568 buy 0.01 AUDJPY. at 76.076 sl: 0.000 tp: 76.112 at price 0.000
0	22:55:34.908	'120010550': order #11096568 buy 0.01 AUDJPY. at 76.076 sl: 0.000 tp: 76.112 closed at price 75.084
0	22:55:47.506	'120010550': close order #11100355 buy 0.02 AUDJPY. at 75.939 sl: 0.000 tp: 75.990 at price 0.000
0	22:55:47.925	'120010550': order #11100355 buy 0.02 AUDJPY. at 75.939 sl: 0.000 tp: 75.990 closed at price 75.082
0	22:56:05.959	'120010550': modify order #11119076 buy 0.02 USDCAD. at 1.31346 sl: 1.31406 tp: 0.00000 -> sl: 1.31369 tp: 0.00000
0	22:56:07.877	'120010550': order #11119076 buy 0.02 USDCAD. at 1.31346 was modified -> sl: 1.31369 tp: 0.00000
0	23:19:58.574	'120010550': order #11121442 buy limit 0.02 AUDJPY. at 75.065 activated at price 75.065
