0	00:21:23.784	FX Trader build 1170 started (Performance Ronnaru Capital Ltd.)
0	00:21:23.785	Windows 10 Home x64, IE 11, UAC, 8 x Intel Core i7-6700HQ  @ 2.60GHz, Memory: 26535 / 32639 Mb, Disk: 148 / 264 Gb, GMT+9
0	00:21:23.785	Data Folder: C:\Users\tiany\AppData\Roaming\MetaQuotes\Terminal\79214103E7A6FC97F86082D309D0B84B
2	00:21:26.899	Custom indicator 小鱼\Laguerre-ACS1 USDJPY,H1: loaded successfully
2	00:21:26.910	Custom indicator MACD USDJPY,H1: loaded successfully
2	00:21:27.051	Custom indicator 小鱼\Laguerre-ACS1 EURJPY,Daily: loaded successfully
2	00:21:27.064	Custom indicator MACD EURJPY,Daily: loaded successfully
2	00:21:27.192	Custom indicator 小鱼\Laguerre-ACS1 EURUSD,Daily: loaded successfully
2	00:21:27.204	Custom indicator MACD EURUSD,Daily: loaded successfully
2	00:21:27.399	Custom indicator 小鱼\Laguerre-ACS1 GBPUSD,H4: loaded successfully
2	00:21:27.411	Custom indicator MACD GBPUSD,H4: loaded successfully
2	00:21:27.600	Custom indicator 小鱼\Laguerre-ACS1 GBPJPY,H4: loaded successfully
2	00:21:27.613	Custom indicator MACD GBPJPY,H4: loaded successfully
2	00:21:27.735	Custom indicator 小鱼\Laguerre-ACS1 JP225,H4: loaded successfully
2	00:21:27.748	Custom indicator MACD JP225,H4: loaded successfully
2	00:21:27.939	Custom indicator 小鱼\Laguerre-ACS1 NDX100,Daily: loaded successfully
2	00:21:27.951	Custom indicator MACD NDX100,Daily: loaded successfully
2	00:21:28.105	Custom indicator 小鱼\Laguerre-ACS1 SPX500,Daily: loaded successfully
2	00:21:28.118	Custom indicator MACD SPX500,Daily: loaded successfully
2	00:21:28.320	Custom indicator 小鱼\Laguerre-ACS1 A50,Daily: loaded successfully
2	00:21:28.334	Custom indicator MACD A50,Daily: loaded successfully
2	00:21:28.528	Custom indicator 小鱼\Laguerre-ACS1 CHINA300,Daily: loaded successfully
2	00:21:28.538	Custom indicator MACD CHINA300,Daily: loaded successfully
2	00:21:28.664	Custom indicator 小鱼\Laguerre-ACS1 XAUUSD,Daily: loaded successfully
2	00:21:28.678	Custom indicator MACD XAUUSD,Daily: loaded successfully
2	00:21:28.877	Custom indicator 小鱼\Laguerre-ACS1 US_OIL,Daily: loaded successfully
2	00:21:28.891	Custom indicator MACD US_OIL,Daily: loaded successfully
0	00:21:31.979	'120010550': login on PRC-Live through Server 3 (ping: 41.38 ms)
0	00:21:33.078	'120010550': login datacenter on PRC-Live through Server 3 (ping: 41.38 ms)
0	00:21:33.528	'120010550': previous successful authorization performed from 106.181.137.50
0	00:21:51.752	'120010550': ping to current access point Server 3 is 53.59 ms
2	00:28:12.830	Custom indicator Laguerre-ACS1 USDJPY,H1: removed
2	00:28:12.835	Custom indicator MACD USDJPY,H1: removed
2	00:28:12.846	Custom indicator Laguerre-ACS1 EURJPY,Daily: removed
2	00:28:12.849	Custom indicator MACD EURJPY,Daily: removed
2	00:28:12.864	Custom indicator Laguerre-ACS1 EURUSD,Daily: removed
2	00:28:12.868	Custom indicator MACD EURUSD,Daily: removed
2	00:28:12.945	Custom indicator Laguerre-ACS1 GBPUSD,H4: removed
2	00:28:12.953	Custom indicator MACD GBPUSD,H4: removed
2	00:28:13.056	Custom indicator Laguerre-ACS1 GBPJPY,H4: removed
2	00:28:13.064	Custom indicator MACD GBPJPY,H4: removed
2	00:28:13.262	Custom indicator Laguerre-ACS1 JP225,H4: removed
2	00:28:13.269	Custom indicator MACD JP225,H4: removed
2	00:28:13.283	Custom indicator Laguerre-ACS1 NDX100,Daily: removed
2	00:28:13.289	Custom indicator MACD NDX100,Daily: removed
2	00:28:13.299	Custom indicator Laguerre-ACS1 SPX500,Daily: removed
2	00:28:13.304	Custom indicator MACD SPX500,Daily: removed
2	00:28:13.315	Custom indicator Laguerre-ACS1 A50,Daily: removed
2	00:28:13.321	Custom indicator MACD A50,Daily: removed
2	00:28:13.333	Custom indicator Laguerre-ACS1 CHINA300,Daily: removed
2	00:28:13.340	Custom indicator MACD CHINA300,Daily: removed
2	00:28:13.350	Custom indicator Laguerre-ACS1 XAUUSD,Daily: removed
2	00:28:13.356	Custom indicator MACD XAUUSD,Daily: removed
2	00:28:13.390	Custom indicator Laguerre-ACS1 US_OIL,Daily: removed
2	00:28:13.397	Custom indicator MACD US_OIL,Daily: removed
0	00:28:14.485	FX Trader build 1170 stopped
0	22:10:13.979	FX Trader build 1170 started (Performance Ronnaru Capital Ltd.)
0	22:10:13.980	Windows 10 Home x64, IE 11, UAC, 8 x Intel Core i7-6700HQ  @ 2.60GHz, Memory: 26782 / 32639 Mb, Disk: 148 / 264 Gb, GMT+9
0	22:10:13.980	Data Folder: C:\Users\tiany\AppData\Roaming\MetaQuotes\Terminal\79214103E7A6FC97F86082D309D0B84B
2	22:10:15.761	Custom indicator 小鱼\Laguerre-ACS1 USDJPY,H1: loaded successfully
2	22:10:15.774	Custom indicator MACD USDJPY,H1: loaded successfully
2	22:10:15.895	Custom indicator 小鱼\Laguerre-ACS1 EURJPY,Daily: loaded successfully
2	22:10:15.907	Custom indicator MACD EURJPY,Daily: loaded successfully
2	22:10:16.023	Custom indicator 小鱼\Laguerre-ACS1 EURUSD,Daily: loaded successfully
2	22:10:16.035	Custom indicator MACD EURUSD,Daily: loaded successfully
2	22:10:16.152	Custom indicator 小鱼\Laguerre-ACS1 GBPUSD,H4: loaded successfully
2	22:10:16.164	Custom indicator MACD GBPUSD,H4: loaded successfully
2	22:10:16.291	Custom indicator 小鱼\Laguerre-ACS1 GBPJPY,H4: loaded successfully
2	22:10:16.302	Custom indicator MACD GBPJPY,H4: loaded successfully
2	22:10:16.425	Custom indicator 小鱼\Laguerre-ACS1 JP225,H4: loaded successfully
2	22:10:16.437	Custom indicator MACD JP225,H4: loaded successfully
2	22:10:16.558	Custom indicator 小鱼\Laguerre-ACS1 NDX100,Daily: loaded successfully
2	22:10:16.570	Custom indicator MACD NDX100,Daily: loaded successfully
2	22:10:16.688	Custom indicator 小鱼\Laguerre-ACS1 SPX500,Daily: loaded successfully
2	22:10:16.699	Custom indicator MACD SPX500,Daily: loaded successfully
2	22:10:16.818	Custom indicator 小鱼\Laguerre-ACS1 A50,Daily: loaded successfully
2	22:10:16.829	Custom indicator MACD A50,Daily: loaded successfully
2	22:10:16.948	Custom indicator 小鱼\Laguerre-ACS1 CHINA300,Daily: loaded successfully
2	22:10:16.959	Custom indicator MACD CHINA300,Daily: loaded successfully
2	22:10:17.084	Custom indicator 小鱼\Laguerre-ACS1 XAUUSD,Daily: loaded successfully
2	22:10:17.096	Custom indicator MACD XAUUSD,Daily: loaded successfully
2	22:10:17.221	Custom indicator 小鱼\Laguerre-ACS1 US_OIL,Daily: loaded successfully
2	22:10:17.233	Custom indicator MACD US_OIL,Daily: loaded successfully
0	22:10:18.447	'120010550': login on PRC-Live through Server 3 (ping: 53.59 ms)
0	22:10:19.352	'120010550': login datacenter on PRC-Live through Server 3 (ping: 53.59 ms)
0	22:10:19.662	'120010550': previous successful authorization performed from 106.181.137.50
0	22:10:36.616	'120010550': ping to current access point Server 3 is 42.88 ms
