0	18:42:04.247	FX Trader build 1170 started (Performance Ronnaru Capital Ltd.)
0	18:42:04.248	Windows 10 Home x64, IE 11, UAC, 8 x Intel Core i7-6700HQ  @ 2.60GHz, Memory: 27813 / 32639 Mb, Disk: 134 / 264 Gb, GMT+8
0	18:42:04.248	Data Folder: C:\Users\tiany\AppData\Roaming\MetaQuotes\Terminal\79214103E7A6FC97F86082D309D0B84B
2	18:42:06.788	Custom indicator SupResZone_MTF USDXXX,Daily: loaded successfully
2	18:42:06.800	Custom indicator SupResZone_MTF USDXXX,Daily: loaded successfully
2	18:42:06.813	Custom indicator SupResZone_MTF USDXXX,Daily: loaded successfully
2	18:42:06.825	Custom indicator SupResZone_MTF USDXXX,Daily: loaded successfully
2	18:42:06.837	Custom indicator MACD-2x USDXXX,Daily: loaded successfully
2	18:42:06.922	Custom indicator Laguerre-ACS1 USDXXX,Daily: loaded successfully
2	18:42:07.070	Custom indicator SupResZone_MTF XAUUSD.,H4: loaded successfully
2	18:42:07.082	Custom indicator SupResZone_MTF XAUUSD.,H4: loaded successfully
2	18:42:07.094	Custom indicator SupResZone_MTF XAUUSD.,H4: loaded successfully
2	18:42:07.105	Custom indicator SupResZone_MTF XAUUSD.,H4: loaded successfully
2	18:42:07.117	Custom indicator MACD-2x XAUUSD.,H4: loaded successfully
2	18:42:07.192	Custom indicator Laguerre-ACS1 XAUUSD.,H4: loaded successfully
2	18:42:07.452	Custom indicator SupResZone_MTF XAGUSD.,H4: loaded successfully
2	18:42:07.463	Custom indicator SupResZone_MTF XAGUSD.,H4: loaded successfully
2	18:42:07.475	Custom indicator SupResZone_MTF XAGUSD.,H4: loaded successfully
2	18:42:07.486	Custom indicator SupResZone_MTF XAGUSD.,H4: loaded successfully
2	18:42:07.497	Custom indicator MACD-2x XAGUSD.,H4: loaded successfully
2	18:42:07.570	Custom indicator Laguerre-ACS1 XAGUSD.,H4: loaded successfully
2	18:42:07.748	Custom indicator SupResZone_MTF US_OIL,H1: loaded successfully
2	18:42:07.760	Custom indicator SupResZone_MTF US_OIL,H1: loaded successfully
2	18:42:07.771	Custom indicator SupResZone_MTF US_OIL,H1: loaded successfully
2	18:42:07.784	Custom indicator SupResZone_MTF US_OIL,H1: loaded successfully
2	18:42:07.797	Custom indicator MACD-2x US_OIL,H1: loaded successfully
2	18:42:07.872	Custom indicator Laguerre-ACS1 US_OIL,H1: loaded successfully
2	18:42:08.121	Custom indicator SupResZone_MTF JP225,H4: loaded successfully
2	18:42:08.132	Custom indicator SupResZone_MTF JP225,H4: loaded successfully
2	18:42:08.142	Custom indicator SupResZone_MTF JP225,H4: loaded successfully
2	18:42:08.152	Custom indicator SupResZone_MTF JP225,H4: loaded successfully
2	18:42:08.164	Custom indicator MACD-2x JP225,H4: loaded successfully
2	18:42:08.249	Custom indicator Laguerre-ACS1 JP225,H4: loaded successfully
2	18:42:08.444	Custom indicator SupResZone_MTF SPX500,H4: loaded successfully
2	18:42:08.457	Custom indicator SupResZone_MTF SPX500,H4: loaded successfully
2	18:42:08.468	Custom indicator SupResZone_MTF SPX500,H4: loaded successfully
2	18:42:08.479	Custom indicator SupResZone_MTF SPX500,H4: loaded successfully
2	18:42:08.492	Custom indicator MACD-2x SPX500,H4: loaded successfully
2	18:42:08.572	Custom indicator Laguerre-ACS1 SPX500,H4: loaded successfully
2	18:42:08.777	Custom indicator SupResZone_MTF EURAUD.,H4: loaded successfully
2	18:42:08.790	Custom indicator SupResZone_MTF EURAUD.,H4: loaded successfully
2	18:42:08.801	Custom indicator SupResZone_MTF EURAUD.,H4: loaded successfully
2	18:42:08.812	Custom indicator SupResZone_MTF EURAUD.,H4: loaded successfully
2	18:42:08.823	Custom indicator MACD-2x EURAUD.,H4: loaded successfully
2	18:42:08.898	Custom indicator Laguerre-ACS1 EURAUD.,H4: loaded successfully
2	18:42:09.087	Custom indicator SupResZone_MTF AUDJPY.,H4: loaded successfully
2	18:42:09.098	Custom indicator SupResZone_MTF AUDJPY.,H4: loaded successfully
2	18:42:09.108	Custom indicator SupResZone_MTF AUDJPY.,H4: loaded successfully
2	18:42:09.119	Custom indicator SupResZone_MTF AUDJPY.,H4: loaded successfully
2	18:42:09.129	Custom indicator MACD-2x AUDJPY.,H4: loaded successfully
2	18:42:09.201	Custom indicator Laguerre-ACS1 AUDJPY.,H4: loaded successfully
2	18:42:09.427	Custom indicator SupResZone_MTF AUDUSD.,H4: loaded successfully
2	18:42:09.438	Custom indicator SupResZone_MTF AUDUSD.,H4: loaded successfully
2	18:42:09.450	Custom indicator SupResZone_MTF AUDUSD.,H4: loaded successfully
2	18:42:09.462	Custom indicator SupResZone_MTF AUDUSD.,H4: loaded successfully
2	18:42:09.475	Custom indicator MACD-2x AUDUSD.,H4: loaded successfully
2	18:42:09.560	Custom indicator Laguerre-ACS1 AUDUSD.,H4: loaded successfully
2	18:42:09.767	Custom indicator SupResZone_MTF USDJPY.,H4: loaded successfully
2	18:42:09.778	Custom indicator SupResZone_MTF USDJPY.,H4: loaded successfully
2	18:42:09.789	Custom indicator SupResZone_MTF USDJPY.,H4: loaded successfully
2	18:42:09.800	Custom indicator SupResZone_MTF USDJPY.,H4: loaded successfully
2	18:42:09.811	Custom indicator MACD-2x USDJPY.,H4: loaded successfully
2	18:42:09.889	Custom indicator Laguerre-ACS1 USDJPY.,H4: loaded successfully
2	18:42:10.127	Custom indicator SupResZone_MTF EURJPY.,H4: loaded successfully
2	18:42:10.139	Custom indicator SupResZone_MTF EURJPY.,H4: loaded successfully
2	18:42:10.151	Custom indicator SupResZone_MTF EURJPY.,H4: loaded successfully
2	18:42:10.164	Custom indicator SupResZone_MTF EURJPY.,H4: loaded successfully
2	18:42:10.176	Custom indicator MACD-2x EURJPY.,H4: loaded successfully
2	18:42:10.249	Custom indicator Laguerre-ACS1 EURJPY.,H4: loaded successfully
2	18:42:10.559	Custom indicator SupResZone_MTF EURUSD.,H4: loaded successfully
2	18:42:10.571	Custom indicator SupResZone_MTF EURUSD.,H4: loaded successfully
2	18:42:10.583	Custom indicator SupResZone_MTF EURUSD.,H4: loaded successfully
2	18:42:10.594	Custom indicator SupResZone_MTF EURUSD.,H4: loaded successfully
2	18:42:10.605	Custom indicator MACD-2x EURUSD.,H4: loaded successfully
2	18:42:10.695	Custom indicator Laguerre-ACS1 EURUSD.,H4: loaded successfully
2	18:42:10.959	Custom indicator SupResZone_MTF GBPJPY.,H4: loaded successfully
2	18:42:10.972	Custom indicator SupResZone_MTF GBPJPY.,H4: loaded successfully
2	18:42:10.985	Custom indicator SupResZone_MTF GBPJPY.,H4: loaded successfully
2	18:42:10.996	Custom indicator SupResZone_MTF GBPJPY.,H4: loaded successfully
2	18:42:11.007	Custom indicator MACD-2x GBPJPY.,H4: loaded successfully
2	18:42:11.110	Custom indicator Laguerre-ACS1 GBPJPY.,H4: loaded successfully
2	18:42:11.315	Custom indicator SupResZone_MTF GBPUSD.,H4: loaded successfully
2	18:42:11.326	Custom indicator SupResZone_MTF GBPUSD.,H4: loaded successfully
2	18:42:11.338	Custom indicator SupResZone_MTF GBPUSD.,H4: loaded successfully
2	18:42:11.348	Custom indicator SupResZone_MTF GBPUSD.,H4: loaded successfully
2	18:42:11.358	Custom indicator MACD-2x GBPUSD.,H4: loaded successfully
2	18:42:11.432	Custom indicator Laguerre-ACS1 GBPUSD.,H4: loaded successfully
2	18:42:11.687	Custom indicator SupResZone_MTF USDCAD.,H4: loaded successfully
2	18:42:11.704	Custom indicator SupResZone_MTF USDCAD.,H4: loaded successfully
2	18:42:11.715	Custom indicator SupResZone_MTF USDCAD.,H4: loaded successfully
2	18:42:11.728	Custom indicator SupResZone_MTF USDCAD.,H4: loaded successfully
2	18:42:11.741	Custom indicator MACD-2x USDCAD.,H4: loaded successfully
2	18:42:11.831	Custom indicator Laguerre-ACS1 USDCAD.,H4: loaded successfully
2	18:42:12.084	Custom indicator SupResZone_MTF USDCHF.,H4: loaded successfully
2	18:42:12.097	Custom indicator SupResZone_MTF USDCHF.,H4: loaded successfully
2	18:42:12.111	Custom indicator SupResZone_MTF USDCHF.,H4: loaded successfully
2	18:42:12.124	Custom indicator SupResZone_MTF USDCHF.,H4: loaded successfully
2	18:42:12.135	Custom indicator MACD-2x USDCHF.,H4: loaded successfully
2	18:42:12.235	Custom indicator Laguerre-ACS1 USDCHF.,H4: loaded successfully
2	18:42:12.469	Custom indicator SupResZone_MTF USDCNH,Daily: loaded successfully
2	18:42:12.490	Custom indicator SupResZone_MTF USDCNH,Daily: loaded successfully
2	18:42:12.509	Custom indicator SupResZone_MTF USDCNH,Daily: loaded successfully
2	18:42:12.529	Custom indicator SupResZone_MTF USDCNH,Daily: loaded successfully
2	18:42:12.548	Custom indicator MACD-2x USDCNH,Daily: loaded successfully
2	18:42:12.664	Custom indicator Laguerre-ACS1 USDCNH,Daily: loaded successfully
2	18:42:12.859	Custom indicator GMMA Long USDJPY.,H4: loaded successfully
2	18:42:12.876	Custom indicator GMMA Short USDJPY.,H4: loaded successfully
2	18:42:12.887	Custom indicator 23MTF_MovingAverageIGOR USDJPY.,H4: loaded successfully
2	18:42:12.898	Custom indicator 23MTF_MovingAverageIGOR USDJPY.,H4: loaded successfully
2	18:42:12.910	Custom indicator SupResZone_MTF USDJPY.,H4: loaded successfully
2	18:42:12.926	Custom indicator SupResZone_MTF USDJPY.,H4: loaded successfully
2	18:42:12.940	Custom indicator MACD-2x USDJPY.,H4: loaded successfully
2	18:42:13.185	Custom indicator SupResZone_MTF CHINA300,Daily: loaded successfully
2	18:42:13.198	Custom indicator SupResZone_MTF CHINA300,Daily: loaded successfully
2	18:42:13.211	Custom indicator SupResZone_MTF CHINA300,Daily: loaded successfully
2	18:42:13.224	Custom indicator SupResZone_MTF CHINA300,Daily: loaded successfully
2	18:42:13.236	Custom indicator MACD-2x CHINA300,Daily: loaded successfully
2	18:42:13.326	Custom indicator Laguerre-ACS1 CHINA300,Daily: loaded successfully
0	18:42:15.599	'120010550': login on PRC-Live through Server 5 (ping: 209.28 ms)
0	18:42:16.748	'120010550': login datacenter on PRC-Live through Server 5 (ping: 209.28 ms)
0	18:42:17.115	'120010550': previous successful authorization performed from 223.104.176.138
0	18:42:43.585	'120010550': ping to current access point Server 5 is 117.54 ms
0	18:43:46.940	'120010550': modify order #11116236 sell 0.02 AUDUSD. at 0.69851 sl: 0.00000 tp: 0.00000 -> sl: 0.69955 tp: 0.00000
0	18:43:48.319	'120010550': order #11116236 sell 0.02 AUDUSD. at 0.69851 was modified -> sl: 0.69955 tp: 0.00000
0	18:43:50.072	'120010550': modify order #11116236 sell 0.02 AUDUSD. at 0.69851 sl: 0.69955 tp: 0.00000 -> sl: 0.69808 tp: 0.00000
0	18:43:51.304	'120010550': order #11116236 sell 0.02 AUDUSD. at 0.69851 was modified -> sl: 0.69808 tp: 0.00000
0	20:12:11.751	'120010550': login datacenter on PRC-Live through Server 5 (ping: 117.54 ms)
1	20:12:12.200	'120010550': ping failed
0	20:12:14.362	'120010550': login on PRC-Live through Server 5 (ping: 117.54 ms)
0	20:12:15.473	'120010550': login datacenter on PRC-Live through Server 5 (ping: 117.54 ms)
0	20:12:16.611	'120010550': previous successful authorization performed from 101.131.181.27
0	20:12:55.690	'120010550': ping to current access point Server 5 is 116.97 ms
0	20:13:46.746	'120010550': order sell market 0.02 EURJPY. sl: 0.000 tp: 0.000
0	20:13:47.065	'120010550': order was opened : #11117741 sell 0.02 EURJPY. at 120.112 sl: 0.000 tp: 0.000
0	20:13:49.890	'120010550': modify order #11114552 sell 0.02 EURJPY. at 120.519 sl: 0.000 tp: 0.000 -> sl: 120.557 tp: 0.000
0	20:13:50.911	'120010550': order #11114552 sell 0.02 EURJPY. at 120.519 was modified -> sl: 120.557 tp: 0.000
0	20:13:55.179	'120010550': modify order #11114552 sell 0.02 EURJPY. at 120.519 sl: 120.557 tp: 0.000 -> sl: 120.441 tp: 0.000
0	20:13:55.908	'120010550': order #11114552 sell 0.02 EURJPY. at 120.519 was modified -> sl: 120.441 tp: 0.000
0	20:14:04.549	'120010550': modify order #11106738 sell 0.02 EURAUD. at 1.59109 sl: 0.00000 tp: 1.59029 -> sl: 0.00000 tp: 0.00000
0	20:14:04.926	'120010550': order #11106738 sell 0.02 EURAUD. at 1.59109 was modified -> sl: 0.00000 tp: 0.00000
0	20:14:13.899	'120010550': modify order #11110462 sell 0.02 EURAUD. at 1.59096 sl: 0.00000 tp: 1.59042 -> sl: 0.00000 tp: 1.58918
0	20:14:14.145	'120010550': order #11110462 sell 0.02 EURAUD. at 1.59096 was modified -> sl: 0.00000 tp: 1.58918
0	20:32:56.953	'120010550': modify order #11110462 sell 0.02 EURAUD. at 1.59096 sl: 0.00000 tp: 1.58918 -> sl: 0.00000 tp: 0.00000
0	20:32:58.217	'120010550': order #11110462 sell 0.02 EURAUD. at 1.59096 was modified -> sl: 0.00000 tp: 0.00000
0	20:43:30.446	'120010550': close order #11116236 sell 0.02 AUDUSD. at 0.69851 sl: 0.69808 tp: 0.00000 at price 0.00000
0	20:43:31.106	'120010550': order #11116236 sell 0.02 AUDUSD. at 0.69851 sl: 0.69808 tp: 0.00000 closed at price 0.69765
0	20:47:58.665	'120010550': order #11114552 sell 0.02 EURJPY. at 120.519 closed due stop-loss at price 120.441
0	21:30:12.462	'120010550': modify order #11117741 sell 0.02 EURJPY. at 120.112 sl: 0.000 tp: 0.000 -> sl: 0.000 tp: 120.068
0	21:30:12.748	'120010550': order #11117741 sell 0.02 EURJPY. at 120.112 was modified -> sl: 0.000 tp: 120.068
0	21:34:52.440	'120010550': order sell market 0.01 XAUUSD. sl: 0.00 tp: 0.00
0	21:34:52.903	'120010550': order was opened : #11118480 sell 0.01 XAUUSD. at 1419.27 sl: 0.00 tp: 0.00
0	21:37:08.607	'120010550': modify order #11110462 sell 0.02 EURAUD. at 1.59096 sl: 0.00000 tp: 0.00000 -> sl: 0.00000 tp: 1.59017
0	21:37:09.885	'120010550': order #11110462 sell 0.02 EURAUD. at 1.59096 was modified -> sl: 0.00000 tp: 1.59017
0	21:37:11.630	'120010550': modify order #11106738 sell 0.02 EURAUD. at 1.59109 sl: 0.00000 tp: 0.00000 -> sl: 0.00000 tp: 1.58948
0	21:37:12.292	'120010550': order #11106738 sell 0.02 EURAUD. at 1.59109 was modified -> sl: 0.00000 tp: 1.58948
0	21:37:28.086	'120010550': order sell market 0.02 AUDUSD. sl: 0.00000 tp: 0.00000
0	21:37:28.932	'120010550': order was opened : #11118510 sell 0.02 AUDUSD. at 0.69583 sl: 0.00000 tp: 0.00000
0	21:56:54.024	'120010550': order sell market 0.02 XAGUSD. sl: 0.000 tp: 0.000
0	21:56:55.257	'120010550': order was opened : #11118701 sell 0.02 XAGUSD. at 16.434 sl: 0.000 tp: 0.000
0	22:05:11.040	'120010550': modify order #11118510 sell 0.02 AUDUSD. at 0.69583 sl: 0.00000 tp: 0.00000 -> sl: 0.00000 tp: 0.69526
0	22:05:11.501	'120010550': order #11118510 sell 0.02 AUDUSD. at 0.69583 was modified -> sl: 0.00000 tp: 0.69526
0	22:29:56.020	'120010550': modify order #11118701 sell 0.02 XAGUSD. at 16.434 sl: 0.000 tp: 0.000 -> sl: 0.000 tp: 16.416
0	22:29:56.682	'120010550': order #11118701 sell 0.02 XAGUSD. at 16.434 was modified -> sl: 0.000 tp: 16.416
0	22:30:01.906	'120010550': modify order #11118480 sell 0.01 XAUUSD. at 1419.27 sl: 0.00 tp: 0.00 -> sl: 0.00 tp: 1418.35
0	22:30:03.104	'120010550': order #11118480 sell 0.01 XAUUSD. at 1419.27 was modified -> sl: 0.00 tp: 1418.35
0	22:58:58.674	'120010550': order #11118480 sell 0.01 XAUUSD. at 1419.27 closed due take-profit at price 1418.35
0	23:11:20.711	'120010550': order buy market 0.02 USDCAD. sl: 0.00000 tp: 0.00000
0	23:11:21.184	'120010550': order was opened : #11119076 buy 0.02 USDCAD. at 1.31346 sl: 0.00000 tp: 0.00000
1	23:13:45.724	'120010550': ping failed
0	23:13:46.337	'120010550': login on PRC-Live through Server 5 (ping: 116.97 ms)
0	23:13:48.363	'120010550': login datacenter on PRC-Live through Server 5 (ping: 116.97 ms)
0	23:13:48.729	'120010550': previous successful authorization performed from 42.101.65.200
0	23:14:31.539	'120010550': auto connecting to a better access point Server 3 (ping is 113.31 ms)
0	23:14:35.176	'120010550': login on PRC-Live through Server 3 (ping: 113.31 ms)
0	23:15:41.266	'120010550': login on PRC-Live through Server 5 (ping: 149.25 ms)
0	23:15:43.074	'120010550': login datacenter on PRC-Live through Server 5 (ping: 149.25 ms)
0	23:15:43.433	'120010550': previous successful authorization performed from 101.131.181.27
