0	00:40:19.868	'120010550': modify order #10924335 sell 0.01 JP225 at 21151 sl: 0 tp: 0 -> sl: 21586 tp: 0
0	00:40:20.945	'120010550': order #10924335 sell 0.01 JP225 at 21151 was modified -> sl: 21586 tp: 0
0	00:40:34.970	'120010550': modify order #10921220 sell 0.01 SPX500 at 2843.1 sl: 2950.0 tp: 2808.7 -> sl: 2886.7 tp: 2808.7
0	00:40:36.032	'120010550': order #10921220 sell 0.01 SPX500 at 2843.1 was modified -> sl: 2886.7 tp: 2808.7
0	00:40:52.862	'120010550': modify order #10921220 sell 0.01 SPX500 at 2843.1 sl: 2886.7 tp: 2808.7 -> sl: 2893.0 tp: 2808.7
0	00:40:53.438	'120010550': order #10921220 sell 0.01 SPX500 at 2843.1 was modified -> sl: 2893.0 tp: 2808.7
0	00:41:05.024	'120010550': modify order #10924335 sell 0.01 JP225 at 21151 sl: 21586 tp: 0 -> sl: 21650 tp: 0
0	00:41:05.273	'120010550': order #10924335 sell 0.01 JP225 at 21151 was modified -> sl: 21650 tp: 0
0	00:41:28.907	'120010550': modify order #10921220 sell 0.01 SPX500 at 2843.1 sl: 2893.0 tp: 2808.7 -> sl: 2897.1 tp: 2808.7
0	00:41:29.123	'120010550': order #10921220 sell 0.01 SPX500 at 2843.1 was modified -> sl: 2897.1 tp: 2808.7
0	00:41:40.059	'120010550': modify order #10924335 sell 0.01 JP225 at 21151 sl: 21650 tp: 0 -> sl: 21711 tp: 0
0	00:41:40.939	'120010550': order #10924335 sell 0.01 JP225 at 21151 was modified -> sl: 21711 tp: 0
0	00:41:42.598	'120010550': modify order #10924335 sell 0.01 JP225 at 21151 sl: 21711 tp: 0 -> sl: 21701 tp: 0
0	00:41:43.159	'120010550': order #10924335 sell 0.01 JP225 at 21151 was modified -> sl: 21701 tp: 0
0	01:03:30.157	'120010550': modify order #10924335 sell 0.01 JP225 at 21151 sl: 21701 tp: 0 -> sl: 21663 tp: 0
0	01:03:30.505	'120010550': order #10924335 sell 0.01 JP225 at 21151 was modified -> sl: 21663 tp: 0
0	01:03:39.742	'120010550': modify order #10924335 sell 0.01 JP225 at 21151 sl: 21663 tp: 0 -> sl: 21778 tp: 0
0	01:03:41.449	'120010550': order #10924335 sell 0.01 JP225 at 21151 was modified -> sl: 21778 tp: 0
0	01:04:28.444	'120010550': modify order #10924335 sell 0.01 JP225 at 21151 sl: 21778 tp: 0 -> sl: 21776 tp: 0
0	01:04:29.078	'120010550': order #10924335 sell 0.01 JP225 at 21151 was modified -> sl: 21776 tp: 0
0	01:08:01.254	'120010550': modify order #10924335 sell 0.01 JP225 at 21151 sl: 21776 tp: 0 -> sl: 21724 tp: 0
0	01:08:01.957	'120010550': order #10924335 sell 0.01 JP225 at 21151 was modified -> sl: 21724 tp: 0
2	01:10:20.610	Custom indicator MACD-2x EURAUD.,H4: removed
2	01:10:20.613	Custom indicator MACD-2x EURAUD.,H4: removed
2	01:10:20.613	Custom indicator Laguerre-ACS1 EURAUD.,H4: removed
2	01:10:20.619	Custom indicator MACD-2x XAUUSD.,H4: removed
2	01:10:20.620	Custom indicator MACD-2x XAUUSD.,H4: removed
2	01:10:20.621	Custom indicator Laguerre-ACS1 XAUUSD.,H4: removed
2	01:10:20.630	Custom indicator MACD-2x XAGUSD.,H4: removed
2	01:10:20.631	Custom indicator MACD-2x XAGUSD.,H4: removed
2	01:10:20.631	Custom indicator Laguerre-ACS1 XAGUSD.,H4: removed
2	01:10:20.638	Custom indicator MACD-2x US_OIL,H4: removed
2	01:10:20.642	Custom indicator MACD-2x US_OIL,H4: removed
2	01:10:20.642	Custom indicator Laguerre-ACS1 US_OIL,H4: removed
2	01:10:20.654	Custom indicator MACD-2x JP225,H4: removed
2	01:10:20.655	Custom indicator MACD-2x JP225,H4: removed
2	01:10:20.655	Custom indicator Laguerre-ACS1 JP225,H4: removed
2	01:10:20.686	Custom indicator MACD-2x SPX500,H4: removed
2	01:10:20.688	Custom indicator MACD-2x SPX500,H4: removed
2	01:10:20.688	Custom indicator Laguerre-ACS1 SPX500,H4: removed
2	01:10:20.694	Custom indicator MACD-2x NDX100,Daily: removed
2	01:10:20.697	Custom indicator MACD-2x NDX100,Daily: removed
2	01:10:20.697	Custom indicator Laguerre-ACS1 NDX100,Daily: removed
2	01:10:20.705	Custom indicator MACD-2x USDJPY.,H4: removed
2	01:10:20.706	Custom indicator MACD-2x USDJPY.,H4: removed
2	01:10:20.706	Custom indicator Laguerre-ACS1 USDJPY.,H4: removed
2	01:10:20.749	Custom indicator MACD-2x EURJPY.,H4: removed
2	01:10:20.751	Custom indicator MACD-2x EURJPY.,H4: removed
2	01:10:20.751	Custom indicator Laguerre-ACS1 EURJPY.,H4: removed
2	01:10:20.770	Custom indicator MACD-2x EURUSD.,H4: removed
2	01:10:20.772	Custom indicator MACD-2x EURUSD.,H4: removed
2	01:10:20.772	Custom indicator Laguerre-ACS1 EURUSD.,H4: removed
2	01:10:20.779	Custom indicator MACD-2x GBPUSD.,H4: removed
2	01:10:20.781	Custom indicator MACD-2x GBPUSD.,H4: removed
2	01:10:20.781	Custom indicator Laguerre-ACS1 GBPUSD.,H4: removed
2	01:10:20.787	Custom indicator MACD-2x AUDUSD.,H4: removed
2	01:10:20.789	Custom indicator MACD-2x AUDUSD.,H4: removed
2	01:10:20.789	Custom indicator Laguerre-ACS1 AUDUSD.,H4: removed
2	01:10:20.794	Custom indicator MACD-2x USDCHF.,H4: removed
2	01:10:20.796	Custom indicator MACD-2x USDCHF.,H4: removed
2	01:10:20.796	Custom indicator Laguerre-ACS1 USDCHF.,H4: removed
2	01:10:20.802	Custom indicator MACD-2x USDCAD.,Daily: removed
2	01:10:20.803	Custom indicator MACD-2x USDCAD.,Daily: removed
2	01:10:20.803	Custom indicator Laguerre-ACS1 USDCAD.,Daily: removed
2	01:10:20.812	Custom indicator MACD-2x USDXXX,H1: removed
2	01:10:20.814	Custom indicator MACD-2x USDXXX,H1: removed
2	01:10:20.814	Custom indicator Laguerre-ACS1 USDXXX,H1: removed
0	01:10:21.208	FX Trader build 1170 stopped
0	10:09:30.098	FX Trader build 1170 started (Performance Ronnaru Capital Ltd.)
0	10:09:30.098	Windows 10 Home x64, IE 11, UAC, 8 x Intel Core i7-6700HQ  @ 2.60GHz, Memory: 27829 / 32639 Mb, Disk: 139 / 264 Gb, GMT+9
0	10:09:30.098	Data Folder: C:\Users\tiany\AppData\Roaming\MetaQuotes\Terminal\79214103E7A6FC97F86082D309D0B84B
2	10:09:33.684	Custom indicator MACD-2x USDXXX,H1: loaded successfully
2	10:09:33.714	Custom indicator MACD-2x USDXXX,H1: loaded successfully
2	10:09:33.922	Custom indicator Laguerre-ACS1 USDXXX,H1: loaded successfully
2	10:09:34.063	Custom indicator MACD-2x EURAUD.,H4: loaded successfully
2	10:09:34.083	Custom indicator MACD-2x EURAUD.,H4: loaded successfully
2	10:09:34.224	Custom indicator Laguerre-ACS1 EURAUD.,H4: loaded successfully
2	10:09:34.399	Custom indicator MACD-2x XAUUSD.,H4: loaded successfully
2	10:09:34.414	Custom indicator MACD-2x XAUUSD.,H4: loaded successfully
2	10:09:34.617	Custom indicator Laguerre-ACS1 XAUUSD.,H4: loaded successfully
2	10:09:34.727	Custom indicator MACD-2x XAGUSD.,H4: loaded successfully
2	10:09:34.758	Custom indicator MACD-2x XAGUSD.,H4: loaded successfully
2	10:09:34.932	Custom indicator Laguerre-ACS1 XAGUSD.,H4: loaded successfully
2	10:09:35.026	Custom indicator MACD-2x US_OIL,H4: loaded successfully
2	10:09:35.057	Custom indicator MACD-2x US_OIL,H4: loaded successfully
2	10:09:35.307	Custom indicator Laguerre-ACS1 US_OIL,H4: loaded successfully
2	10:09:35.446	Custom indicator MACD-2x JP225,H4: loaded successfully
2	10:09:35.477	Custom indicator MACD-2x JP225,H4: loaded successfully
2	10:09:35.618	Custom indicator Laguerre-ACS1 JP225,H4: loaded successfully
2	10:09:35.774	Custom indicator MACD-2x SPX500,H4: loaded successfully
2	10:09:35.805	Custom indicator MACD-2x SPX500,H4: loaded successfully
2	10:09:35.920	Custom indicator Laguerre-ACS1 SPX500,H4: loaded successfully
2	10:09:36.045	Custom indicator MACD-2x NDX100,Daily: loaded successfully
2	10:09:36.061	Custom indicator MACD-2x NDX100,Daily: loaded successfully
2	10:09:36.242	Custom indicator Laguerre-ACS1 NDX100,Daily: loaded successfully
2	10:09:36.351	Custom indicator MACD-2x USDJPY.,H4: loaded successfully
2	10:09:36.367	Custom indicator MACD-2x USDJPY.,H4: loaded successfully
2	10:09:36.512	Custom indicator Laguerre-ACS1 USDJPY.,H4: loaded successfully
2	10:09:36.647	Custom indicator MACD-2x EURJPY.,H4: loaded successfully
2	10:09:36.663	Custom indicator MACD-2x EURJPY.,H4: loaded successfully
2	10:09:36.764	Custom indicator Laguerre-ACS1 EURJPY.,H4: loaded successfully
2	10:09:36.861	Custom indicator MACD-2x EURUSD.,H4: loaded successfully
2	10:09:36.873	Custom indicator MACD-2x EURUSD.,H4: loaded successfully
2	10:09:36.980	Custom indicator Laguerre-ACS1 EURUSD.,H4: loaded successfully
2	10:09:37.589	Custom indicator MACD-2x GBPUSD.,H4: loaded successfully
2	10:09:37.602	Custom indicator MACD-2x GBPUSD.,H4: loaded successfully
2	10:09:37.715	Custom indicator Laguerre-ACS1 GBPUSD.,H4: loaded successfully
2	10:09:37.847	Custom indicator MACD-2x AUDUSD.,H4: loaded successfully
2	10:09:37.870	Custom indicator MACD-2x AUDUSD.,H4: loaded successfully
2	10:09:38.025	Custom indicator Laguerre-ACS1 AUDUSD.,H4: loaded successfully
2	10:09:38.122	Custom indicator MACD-2x USDCHF.,H4: loaded successfully
2	10:09:38.137	Custom indicator MACD-2x USDCHF.,H4: loaded successfully
2	10:09:38.224	Custom indicator Laguerre-ACS1 USDCHF.,H4: loaded successfully
2	10:09:38.317	Custom indicator MACD-2x USDCAD.,Daily: loaded successfully
2	10:09:38.333	Custom indicator MACD-2x USDCAD.,Daily: loaded successfully
2	10:09:38.458	Custom indicator Laguerre-ACS1 USDCAD.,Daily: loaded successfully
0	10:09:41.008	'120010550': login on PRC-Live through Server 3 (ping: 41.50 ms)
0	10:09:42.031	'120010550': login datacenter on PRC-Live through Server 3 (ping: 41.50 ms)
0	10:09:42.437	'120010550': previous successful authorization performed from 106.181.125.134
0	10:09:59.544	'120010550': auto connecting to a better access point Server 7 (ping is 63.25 ms)
0	10:10:00.348	'120010550': login on PRC-Live through Server 7 (ping: 63.25 ms)
0	10:10:01.436	'120010550': login datacenter on PRC-Live through Server 7 (ping: 63.25 ms)
0	10:10:02.087	'120010550': previous successful authorization performed from 106.181.142.62
1	11:48:23.583	'120010550': ping failed
0	11:48:27.286	'120010550': login on PRC-Live through Server 3 (ping: 76.57 ms)
0	11:48:28.406	'120010550': login datacenter on PRC-Live through Server 3 (ping: 76.57 ms)
0	11:48:29.005	'120010550': previous successful authorization performed from 106.181.142.62
0	11:48:46.108	'120010550': ping to current access point Server 3 is 53.92 ms
1	12:57:24.987	'120010550': ping failed
1	12:57:25.216	'120010550': connect failed [No connection]
0	12:57:31.025	'120010550': login on PRC-Live through Server 8 (ping: n/a)
0	12:57:32.619	'120010550': login datacenter on PRC-Live through Server 8 (ping: n/a)
0	12:57:33.147	'120010550': previous successful authorization performed from 106.181.140.126
0	12:57:49.923	'120010550': auto connecting to a better access point Server 3 (ping is 38.30 ms)
0	12:57:50.692	'120010550': login on PRC-Live through Server 3 (ping: 38.30 ms)
0	12:57:51.544	'120010550': login datacenter on PRC-Live through Server 3 (ping: 38.30 ms)
0	12:57:51.831	'120010550': previous successful authorization performed from 106.181.140.126
1	15:19:54.619	'120010550': ping failed
1	15:20:15.766	'120010550': connect failed [No connection]
0	15:20:44.941	'120010550': login on PRC-Live through Server 8 (ping: n/a)
0	15:20:46.682	'120010550': login datacenter on PRC-Live through Server 8 (ping: n/a)
0	15:20:47.372	'120010550': previous successful authorization performed from 106.133.95.242
0	15:21:04.486	'120010550': auto connecting to a better access point Server 3 (ping is 51.10 ms)
0	15:21:05.098	'120010550': login on PRC-Live through Server 3 (ping: 51.10 ms)
0	15:21:05.984	'120010550': login datacenter on PRC-Live through Server 3 (ping: 51.10 ms)
0	15:21:06.438	'120010550': previous successful authorization performed from 106.181.127.48
2	15:21:19.919	Custom indicator MACD-2x A50,Daily: loaded successfully
2	15:21:19.930	Custom indicator MACD-2x A50,Daily: loaded successfully
2	15:21:20.004	Custom indicator Laguerre-ACS1 A50,Daily: loaded successfully
2	15:21:34.136	Custom indicator MACD-2x CHINA300,Daily: loaded successfully
2	15:21:34.148	Custom indicator MACD-2x CHINA300,Daily: loaded successfully
2	15:21:34.228	Custom indicator Laguerre-ACS1 CHINA300,Daily: loaded successfully
1	16:53:11.571	'120010550': ping failed
0	16:53:16.021	'120010550': login on PRC-Live through Server 7 (ping: 64.22 ms)
0	16:53:17.179	'120010550': login datacenter on PRC-Live through Server 7 (ping: 64.22 ms)
0	16:53:17.737	'120010550': previous successful authorization performed from 106.181.129.121
0	16:53:37.555	'120010550': auto connecting to a better access point Server 3 (ping is 47.06 ms)
0	16:53:38.014	'120010550': login on PRC-Live through Server 3 (ping: 47.06 ms)
0	16:53:38.745	'120010550': login datacenter on PRC-Live through Server 3 (ping: 47.06 ms)
0	16:53:39.169	'120010550': previous successful authorization performed from 106.181.128.102
2	18:10:43.732	Custom indicator MACD-2x USDXXX,H1: removed
2	18:10:43.740	Custom indicator MACD-2x USDXXX,H1: removed
2	18:10:43.740	Custom indicator Laguerre-ACS1 USDXXX,H1: removed
2	18:10:43.756	Custom indicator MACD-2x EURAUD.,H4: removed
2	18:10:43.762	Custom indicator MACD-2x EURAUD.,H4: removed
2	18:10:43.762	Custom indicator Laguerre-ACS1 EURAUD.,H4: removed
2	18:10:43.781	Custom indicator MACD-2x XAUUSD.,Daily: removed
2	18:10:43.788	Custom indicator MACD-2x XAUUSD.,Daily: removed
2	18:10:43.788	Custom indicator Laguerre-ACS1 XAUUSD.,Daily: removed
2	18:10:43.806	Custom indicator MACD-2x XAGUSD.,H4: removed
2	18:10:43.813	Custom indicator MACD-2x XAGUSD.,H4: removed
2	18:10:43.813	Custom indicator Laguerre-ACS1 XAGUSD.,H4: removed
2	18:10:43.829	Custom indicator MACD-2x US_OIL,H4: removed
2	18:10:43.836	Custom indicator MACD-2x US_OIL,H4: removed
2	18:10:43.836	Custom indicator Laguerre-ACS1 US_OIL,H4: removed
2	18:10:43.854	Custom indicator MACD-2x JP225,H4: removed
2	18:10:43.858	Custom indicator MACD-2x JP225,H4: removed
2	18:10:43.859	Custom indicator Laguerre-ACS1 JP225,H4: removed
2	18:10:43.971	Custom indicator MACD-2x SPX500,H4: removed
2	18:10:43.976	Custom indicator MACD-2x SPX500,H4: removed
2	18:10:43.977	Custom indicator Laguerre-ACS1 SPX500,H4: removed
2	18:10:43.993	Custom indicator MACD-2x NDX100,Daily: removed
2	18:10:43.999	Custom indicator MACD-2x NDX100,Daily: removed
2	18:10:43.999	Custom indicator Laguerre-ACS1 NDX100,Daily: removed
2	18:10:44.088	Custom indicator MACD-2x USDJPY.,Monthly: removed
2	18:10:44.090	Custom indicator MACD-2x USDJPY.,Monthly: removed
2	18:10:44.090	Custom indicator Laguerre-ACS1 USDJPY.,Monthly: removed
2	18:10:44.097	Custom indicator MACD-2x EURJPY.,H4: removed
2	18:10:44.100	Custom indicator MACD-2x EURJPY.,H4: removed
2	18:10:44.100	Custom indicator Laguerre-ACS1 EURJPY.,H4: removed
2	18:10:44.109	Custom indicator MACD-2x EURUSD.,H4: removed
2	18:10:44.113	Custom indicator MACD-2x EURUSD.,H4: removed
2	18:10:44.113	Custom indicator Laguerre-ACS1 EURUSD.,H4: removed
2	18:10:44.122	Custom indicator MACD-2x GBPUSD.,H4: removed
2	18:10:44.125	Custom indicator MACD-2x GBPUSD.,H4: removed
2	18:10:44.125	Custom indicator Laguerre-ACS1 GBPUSD.,H4: removed
2	18:10:44.161	Custom indicator MACD-2x AUDUSD.,Monthly: removed
2	18:10:44.162	Custom indicator MACD-2x AUDUSD.,Monthly: removed
2	18:10:44.163	Custom indicator Laguerre-ACS1 AUDUSD.,Monthly: removed
2	18:10:44.172	Custom indicator MACD-2x USDCHF.,H4: removed
2	18:10:44.176	Custom indicator MACD-2x USDCHF.,H4: removed
2	18:10:44.176	Custom indicator Laguerre-ACS1 USDCHF.,H4: removed
2	18:10:44.184	Custom indicator MACD-2x USDCAD.,Daily: removed
2	18:10:44.187	Custom indicator MACD-2x USDCAD.,Daily: removed
2	18:10:44.187	Custom indicator Laguerre-ACS1 USDCAD.,Daily: removed
2	18:10:44.216	Custom indicator MACD-2x CHINA300,H4: removed
2	18:10:44.218	Custom indicator MACD-2x CHINA300,H4: removed
2	18:10:44.218	Custom indicator Laguerre-ACS1 CHINA300,H4: removed
2	18:10:44.233	Custom indicator MACD-2x A50,Daily: removed
2	18:10:44.236	Custom indicator MACD-2x A50,Daily: removed
2	18:10:44.236	Custom indicator Laguerre-ACS1 A50,Daily: removed
0	18:10:45.329	FX Trader build 1170 stopped
0	18:18:16.131	FX Trader build 1170 started (Performance Ronnaru Capital Ltd.)
0	18:18:16.132	Windows 10 Home x64, IE 11, UAC, 8 x Intel Core i7-6700HQ  @ 2.60GHz, Memory: 24756 / 32639 Mb, Disk: 139 / 264 Gb, GMT+9
0	18:18:16.132	Data Folder: C:\Users\tiany\AppData\Roaming\MetaQuotes\Terminal\79214103E7A6FC97F86082D309D0B84B
2	18:18:19.536	Custom indicator MACD-2x USDXXX,H1: loaded successfully
2	18:18:19.549	Custom indicator MACD-2x USDXXX,H1: loaded successfully
2	18:18:19.626	Custom indicator Laguerre-ACS1 USDXXX,H1: loaded successfully
2	18:18:19.681	Custom indicator MACD-2x EURAUD.,H4: loaded successfully
2	18:18:19.693	Custom indicator MACD-2x EURAUD.,H4: loaded successfully
2	18:18:19.784	Custom indicator Laguerre-ACS1 EURAUD.,H4: loaded successfully
2	18:18:19.858	Custom indicator MACD-2x XAUUSD.,Daily: loaded successfully
2	18:18:19.877	Custom indicator MACD-2x XAUUSD.,Daily: loaded successfully
2	18:18:19.955	Custom indicator Laguerre-ACS1 XAUUSD.,Daily: loaded successfully
2	18:18:20.019	Custom indicator MACD-2x XAGUSD.,H4: loaded successfully
2	18:18:20.043	Custom indicator MACD-2x XAGUSD.,H4: loaded successfully
2	18:18:20.158	Custom indicator Laguerre-ACS1 XAGUSD.,H4: loaded successfully
2	18:18:20.220	Custom indicator MACD-2x US_OIL,H4: loaded successfully
2	18:18:20.234	Custom indicator MACD-2x US_OIL,H4: loaded successfully
2	18:18:20.347	Custom indicator Laguerre-ACS1 US_OIL,H4: loaded successfully
2	18:18:20.422	Custom indicator MACD-2x JP225,H4: loaded successfully
2	18:18:20.445	Custom indicator MACD-2x JP225,H4: loaded successfully
2	18:18:20.556	Custom indicator Laguerre-ACS1 JP225,H4: loaded successfully
2	18:18:20.632	Custom indicator MACD-2x SPX500,H4: loaded successfully
2	18:18:20.656	Custom indicator MACD-2x SPX500,H4: loaded successfully
2	18:18:20.763	Custom indicator Laguerre-ACS1 SPX500,H4: loaded successfully
2	18:18:20.857	Custom indicator MACD-2x NDX100,Daily: loaded successfully
2	18:18:20.884	Custom indicator MACD-2x NDX100,Daily: loaded successfully
2	18:18:20.973	Custom indicator Laguerre-ACS1 NDX100,Daily: loaded successfully
2	18:18:21.055	Custom indicator MACD-2x USDJPY.,Monthly: loaded successfully
2	18:18:21.067	Custom indicator MACD-2x USDJPY.,Monthly: loaded successfully
2	18:18:21.144	Custom indicator Laguerre-ACS1 USDJPY.,Monthly: loaded successfully
2	18:18:21.233	Custom indicator MACD-2x EURJPY.,H4: loaded successfully
2	18:18:21.257	Custom indicator MACD-2x EURJPY.,H4: loaded successfully
2	18:18:21.349	Custom indicator Laguerre-ACS1 EURJPY.,H4: loaded successfully
2	18:18:21.476	Custom indicator MACD-2x EURUSD.,H4: loaded successfully
2	18:18:21.496	Custom indicator MACD-2x EURUSD.,H4: loaded successfully
2	18:18:21.574	Custom indicator Laguerre-ACS1 EURUSD.,H4: loaded successfully
2	18:18:21.694	Custom indicator MACD-2x GBPUSD.,H4: loaded successfully
2	18:18:21.723	Custom indicator MACD-2x GBPUSD.,H4: loaded successfully
2	18:18:21.885	Custom indicator Laguerre-ACS1 GBPUSD.,H4: loaded successfully
2	18:18:21.998	Custom indicator MACD-2x AUDUSD.,Monthly: loaded successfully
2	18:18:22.015	Custom indicator MACD-2x AUDUSD.,Monthly: loaded successfully
2	18:18:22.096	Custom indicator Laguerre-ACS1 AUDUSD.,Monthly: loaded successfully
2	18:18:22.213	Custom indicator MACD-2x USDCHF.,H4: loaded successfully
2	18:18:22.246	Custom indicator MACD-2x USDCHF.,H4: loaded successfully
2	18:18:22.396	Custom indicator Laguerre-ACS1 USDCHF.,H4: loaded successfully
2	18:18:22.504	Custom indicator MACD-2x USDCAD.,Daily: loaded successfully
2	18:18:22.520	Custom indicator MACD-2x USDCAD.,Daily: loaded successfully
2	18:18:22.640	Custom indicator Laguerre-ACS1 USDCAD.,Daily: loaded successfully
2	18:18:22.794	Custom indicator MACD-2x CHINA300,H4: loaded successfully
2	18:18:22.817	Custom indicator MACD-2x CHINA300,H4: loaded successfully
2	18:18:22.961	Custom indicator Laguerre-ACS1 CHINA300,H4: loaded successfully
2	18:18:23.113	Custom indicator MACD-2x A50,Daily: loaded successfully
2	18:18:23.135	Custom indicator MACD-2x A50,Daily: loaded successfully
2	18:18:23.271	Custom indicator Laguerre-ACS1 A50,Daily: loaded successfully
0	18:18:26.095	'120010550': login on PRC-Live through Server 3 (ping: 47.06 ms)
0	18:18:26.957	'120010550': login datacenter on PRC-Live through Server 3 (ping: 47.06 ms)
0	18:18:27.245	'120010550': previous successful authorization performed from 106.181.128.102
0	18:18:43.404	'120010550': ping to current access point Server 3 is 47.22 ms
2	18:45:52.291	Custom indicator MACD-2x JP225,Weekly: removed
2	18:45:52.292	Custom indicator MACD-2x JP225,Weekly: removed
2	18:45:52.293	Custom indicator Laguerre-ACS1 JP225,Weekly: removed
2	18:45:52.513	Custom indicator span_model JP225,Weekly: loaded successfully
2	18:45:52.525	Custom indicator MACD-2x JP225,Weekly: loaded successfully
2	18:45:52.537	Custom indicator MACD-2x JP225,Weekly: loaded successfully
2	18:45:52.619	Custom indicator Laguerre-ACS1 JP225,Weekly: loaded successfully
2	19:27:45.612	Custom indicator MACD-2x USDXXX,Daily: removed
2	19:27:45.615	Custom indicator MACD-2x USDXXX,Daily: removed
2	19:27:45.616	Custom indicator Laguerre-ACS1 USDXXX,Daily: removed
2	19:27:45.651	Custom indicator MACD-2x EURAUD.,H4: removed
2	19:27:45.657	Custom indicator MACD-2x EURAUD.,H4: removed
2	19:27:45.657	Custom indicator Laguerre-ACS1 EURAUD.,H4: removed
2	19:27:46.061	Custom indicator MACD-2x XAUUSD.,Daily: removed
2	19:27:46.068	Custom indicator MACD-2x XAUUSD.,Daily: removed
2	19:27:46.069	Custom indicator Laguerre-ACS1 XAUUSD.,Daily: removed
2	19:27:46.154	Custom indicator MACD-2x XAGUSD.,H4: removed
2	19:27:46.160	Custom indicator MACD-2x XAGUSD.,H4: removed
2	19:27:46.160	Custom indicator Laguerre-ACS1 XAGUSD.,H4: removed
2	19:27:46.188	Custom indicator MACD-2x US_OIL,Weekly: removed
2	19:27:46.194	Custom indicator MACD-2x US_OIL,Weekly: removed
2	19:27:46.194	Custom indicator Laguerre-ACS1 US_OIL,Weekly: removed
2	19:27:46.288	Custom indicator span_model JP225,H4: removed
2	19:27:46.295	Custom indicator MACD-2x JP225,H4: removed
2	19:27:46.301	Custom indicator MACD-2x JP225,H4: removed
2	19:27:46.301	Custom indicator Laguerre-ACS1 JP225,H4: removed
2	19:27:46.636	Custom indicator MACD-2x SPX500,H4: removed
2	19:27:46.642	Custom indicator MACD-2x SPX500,H4: removed
2	19:27:46.642	Custom indicator Laguerre-ACS1 SPX500,H4: removed
2	19:27:46.734	Custom indicator MACD-2x NDX100,Daily: removed
2	19:27:46.739	Custom indicator MACD-2x NDX100,Daily: removed
2	19:27:46.739	Custom indicator Laguerre-ACS1 NDX100,Daily: removed
2	19:27:46.886	Custom indicator MACD-2x USDJPY.,Monthly: removed
2	19:27:46.888	Custom indicator MACD-2x USDJPY.,Monthly: removed
2	19:27:46.888	Custom indicator Laguerre-ACS1 USDJPY.,Monthly: removed
2	19:27:46.949	Custom indicator MACD-2x EURJPY.,H4: removed
2	19:27:46.955	Custom indicator MACD-2x EURJPY.,H4: removed
2	19:27:46.956	Custom indicator Laguerre-ACS1 EURJPY.,H4: removed
2	19:27:47.148	Custom indicator MACD-2x EURUSD.,H4: removed
2	19:27:47.157	Custom indicator MACD-2x EURUSD.,H4: removed
2	19:27:47.157	Custom indicator Laguerre-ACS1 EURUSD.,H4: removed
2	19:27:47.297	Custom indicator MACD-2x GBPUSD.,H4: removed
2	19:27:47.305	Custom indicator MACD-2x GBPUSD.,H4: removed
2	19:27:47.305	Custom indicator Laguerre-ACS1 GBPUSD.,H4: removed
2	19:27:48.000	Custom indicator MACD-2x AUDUSD.,Monthly: removed
2	19:27:48.008	Custom indicator MACD-2x AUDUSD.,Monthly: removed
2	19:27:48.008	Custom indicator Laguerre-ACS1 AUDUSD.,Monthly: removed
2	19:27:48.146	Custom indicator MACD-2x USDCHF.,H4: removed
2	19:27:48.149	Custom indicator MACD-2x USDCHF.,H4: removed
2	19:27:48.151	Custom indicator Laguerre-ACS1 USDCHF.,H4: removed
2	19:27:48.220	Custom indicator MACD-2x USDCAD.,Daily: removed
2	19:27:48.224	Custom indicator MACD-2x USDCAD.,Daily: removed
2	19:27:48.224	Custom indicator Laguerre-ACS1 USDCAD.,Daily: removed
2	19:27:48.688	Custom indicator MACD-2x CHINA300,H4: removed
2	19:27:48.693	Custom indicator MACD-2x CHINA300,H4: removed
2	19:27:48.693	Custom indicator Laguerre-ACS1 CHINA300,H4: removed
2	19:27:48.953	Custom indicator MACD-2x A50,Daily: removed
2	19:27:48.958	Custom indicator MACD-2x A50,Daily: removed
2	19:27:48.959	Custom indicator Laguerre-ACS1 A50,Daily: removed
0	19:27:50.270	FX Trader build 1170 stopped
