2	01:07:23.932	Custom indicator MACD-2x USDXXX,H1: removed
2	01:07:23.932	Custom indicator Laguerre-ACS1 USDXXX,H1: removed
2	01:07:23.962	Custom indicator SupResZone_MTF XAUUSD.,H4: removed
2	01:07:23.964	Custom indicator SupResZone_MTF XAUUSD.,H4: removed
2	01:07:23.966	Custom indicator SupResZone_MTF XAUUSD.,H4: removed
2	01:07:23.967	Custom indicator SupResZone_MTF XAUUSD.,H4: removed
2	01:07:23.970	Custom indicator MACD-2x XAUUSD.,H4: removed
2	01:07:23.970	Custom indicator Laguerre-ACS1 XAUUSD.,H4: removed
2	01:07:24.001	Custom indicator SupResZone_MTF XAGUSD.,H4: removed
2	01:07:24.004	Custom indicator SupResZone_MTF XAGUSD.,H4: removed
2	01:07:24.006	Custom indicator SupResZone_MTF XAGUSD.,H4: removed
2	01:07:24.008	Custom indicator SupResZone_MTF XAGUSD.,H4: removed
2	01:07:24.010	Custom indicator MACD-2x XAGUSD.,H4: removed
2	01:07:24.010	Custom indicator Laguerre-ACS1 XAGUSD.,H4: removed
2	01:07:24.017	Custom indicator SupResZone_MTF US_OIL,H4: removed
2	01:07:24.019	Custom indicator SupResZone_MTF US_OIL,H4: removed
2	01:07:24.023	Custom indicator SupResZone_MTF US_OIL,H4: removed
2	01:07:24.025	Custom indicator SupResZone_MTF US_OIL,H4: removed
2	01:07:24.026	Custom indicator MACD-2x US_OIL,H4: removed
2	01:07:24.027	Custom indicator Laguerre-ACS1 US_OIL,H4: removed
2	01:07:24.032	Custom indicator SupResZone_MTF JP225,H1: removed
2	01:07:24.034	Custom indicator SupResZone_MTF JP225,H1: removed
2	01:07:24.035	Custom indicator SupResZone_MTF JP225,H1: removed
2	01:07:24.037	Custom indicator SupResZone_MTF JP225,H1: removed
2	01:07:24.039	Custom indicator MACD-2x JP225,H1: removed
2	01:07:24.039	Custom indicator Laguerre-ACS1 JP225,H1: removed
2	01:07:24.049	Custom indicator SupResZone_MTF SPX500,H1: removed
2	01:07:24.051	Custom indicator SupResZone_MTF SPX500,H1: removed
2	01:07:24.053	Custom indicator SupResZone_MTF SPX500,H1: removed
2	01:07:24.055	Custom indicator SupResZone_MTF SPX500,H1: removed
2	01:07:24.057	Custom indicator MACD-2x SPX500,H1: removed
2	01:07:24.057	Custom indicator Laguerre-ACS1 SPX500,H1: removed
2	01:07:24.066	Custom indicator SupResZone_MTF EURAUD.,Daily: removed
2	01:07:24.067	Custom indicator SupResZone_MTF EURAUD.,Daily: removed
2	01:07:24.069	Custom indicator SupResZone_MTF EURAUD.,Daily: removed
2	01:07:24.070	Custom indicator SupResZone_MTF EURAUD.,Daily: removed
2	01:07:24.073	Custom indicator MACD-2x EURAUD.,Daily: removed
2	01:07:24.073	Custom indicator Laguerre-ACS1 EURAUD.,Daily: removed
2	01:07:24.084	Custom indicator SupResZone_MTF AUDJPY.,Daily: removed
2	01:07:24.085	Custom indicator SupResZone_MTF AUDJPY.,Daily: removed
2	01:07:24.087	Custom indicator SupResZone_MTF AUDJPY.,Daily: removed
2	01:07:24.088	Custom indicator SupResZone_MTF AUDJPY.,Daily: removed
2	01:07:24.091	Custom indicator MACD-2x AUDJPY.,Daily: removed
2	01:07:24.091	Custom indicator Laguerre-ACS1 AUDJPY.,Daily: removed
2	01:07:24.114	Custom indicator SupResZone_MTF AUDUSD.,Daily: removed
2	01:07:24.116	Custom indicator SupResZone_MTF AUDUSD.,Daily: removed
2	01:07:24.118	Custom indicator SupResZone_MTF AUDUSD.,Daily: removed
2	01:07:24.120	Custom indicator SupResZone_MTF AUDUSD.,Daily: removed
2	01:07:24.122	Custom indicator MACD-2x AUDUSD.,Daily: removed
2	01:07:24.122	Custom indicator Laguerre-ACS1 AUDUSD.,Daily: removed
2	01:07:24.144	Custom indicator SupResZone_MTF USDJPY.,H4: removed
2	01:07:24.147	Custom indicator SupResZone_MTF USDJPY.,H4: removed
2	01:07:24.148	Custom indicator SupResZone_MTF USDJPY.,H4: removed
2	01:07:24.150	Custom indicator SupResZone_MTF USDJPY.,H4: removed
2	01:07:24.152	Custom indicator MACD-2x USDJPY.,H4: removed
2	01:07:24.152	Custom indicator Laguerre-ACS1 USDJPY.,H4: removed
2	01:07:24.180	Custom indicator SupResZone_MTF EURJPY.,H4: removed
2	01:07:24.183	Custom indicator SupResZone_MTF EURJPY.,H4: removed
2	01:07:24.185	Custom indicator SupResZone_MTF EURJPY.,H4: removed
2	01:07:24.186	Custom indicator SupResZone_MTF EURJPY.,H4: removed
2	01:07:24.188	Custom indicator MACD-2x EURJPY.,H4: removed
2	01:07:24.188	Custom indicator Laguerre-ACS1 EURJPY.,H4: removed
2	01:07:24.208	Custom indicator SupResZone_MTF EURUSD.,H1: removed
2	01:07:24.210	Custom indicator SupResZone_MTF EURUSD.,H1: removed
2	01:07:24.211	Custom indicator SupResZone_MTF EURUSD.,H1: removed
2	01:07:24.214	Custom indicator SupResZone_MTF EURUSD.,H1: removed
2	01:07:24.216	Custom indicator MACD-2x EURUSD.,H1: removed
2	01:07:24.216	Custom indicator Laguerre-ACS1 EURUSD.,H1: removed
2	01:07:24.234	Custom indicator SupResZone_MTF GBPUSD.,H1: removed
2	01:07:24.235	Custom indicator SupResZone_MTF GBPUSD.,H1: removed
2	01:07:24.237	Custom indicator SupResZone_MTF GBPUSD.,H1: removed
2	01:07:24.239	Custom indicator SupResZone_MTF GBPUSD.,H1: removed
2	01:07:24.240	Custom indicator MACD-2x GBPUSD.,H1: removed
2	01:07:24.241	Custom indicator Laguerre-ACS1 GBPUSD.,H1: removed
2	01:07:24.260	Custom indicator SupResZone_MTF USDCAD.,H4: removed
2	01:07:24.261	Custom indicator SupResZone_MTF USDCAD.,H4: removed
2	01:07:24.263	Custom indicator SupResZone_MTF USDCAD.,H4: removed
2	01:07:24.265	Custom indicator SupResZone_MTF USDCAD.,H4: removed
2	01:07:24.266	Custom indicator MACD-2x USDCAD.,H4: removed
2	01:07:24.266	Custom indicator Laguerre-ACS1 USDCAD.,H4: removed
2	01:07:24.283	Custom indicator SupResZone_MTF USDCHF.,H4: removed
2	01:07:24.285	Custom indicator SupResZone_MTF USDCHF.,H4: removed
2	01:07:24.286	Custom indicator SupResZone_MTF USDCHF.,H4: removed
2	01:07:24.288	Custom indicator SupResZone_MTF USDCHF.,H4: removed
2	01:07:24.290	Custom indicator MACD-2x USDCHF.,H4: removed
2	01:07:24.290	Custom indicator Laguerre-ACS1 USDCHF.,H4: removed
2	01:07:24.308	Custom indicator GMMA Long USDJPY.,H1: removed
2	01:07:24.310	Custom indicator GMMA Short USDJPY.,H1: removed
2	01:07:24.312	Custom indicator 23MTF_MovingAverageIGOR USDJPY.,H1: removed
2	01:07:24.313	Custom indicator 23MTF_MovingAverageIGOR USDJPY.,H1: removed
2	01:07:24.315	Custom indicator SupResZone_MTF USDJPY.,H1: removed
2	01:07:24.316	Custom indicator SupResZone_MTF USDJPY.,H1: removed
2	01:07:24.318	Custom indicator MACD-2x USDJPY.,H1: removed
2	01:07:24.328	Custom indicator MACD-2x USDCNH,Daily: removed
2	01:07:24.329	Custom indicator MACD-2x USDCNH,Daily: removed
2	01:07:24.329	Custom indicator Laguerre-ACS1 USDCNH,Daily: removed
0	01:07:24.741	FX Trader build 1170 stopped
0	01:08:26.931	FX Trader build 1170 started (Performance Ronnaru Capital Ltd.)
0	01:08:26.931	Windows 10 Home x64, IE 11, UAC, 8 x Intel Core i7-6700HQ  @ 2.60GHz, Memory: 24423 / 32639 Mb, Disk: 138 / 264 Gb, GMT+9
0	01:08:26.931	Data Folder: C:\Users\tiany\AppData\Roaming\MetaQuotes\Terminal\79214103E7A6FC97F86082D309D0B84B
2	01:08:28.700	Custom indicator MACD-2x USDXXX,H1: loaded successfully
2	01:08:28.770	Custom indicator Laguerre-ACS1 USDXXX,H1: loaded successfully
2	01:08:28.818	Custom indicator SupResZone_MTF XAUUSD.,H4: loaded successfully
2	01:08:28.829	Custom indicator SupResZone_MTF XAUUSD.,H4: loaded successfully
2	01:08:28.839	Custom indicator SupResZone_MTF XAUUSD.,H4: loaded successfully
2	01:08:28.848	Custom indicator SupResZone_MTF XAUUSD.,H4: loaded successfully
2	01:08:28.858	Custom indicator MACD-2x XAUUSD.,H4: loaded successfully
2	01:08:28.928	Custom indicator Laguerre-ACS1 XAUUSD.,H4: loaded successfully
2	01:08:29.123	Custom indicator SupResZone_MTF XAGUSD.,H4: loaded successfully
2	01:08:29.133	Custom indicator SupResZone_MTF XAGUSD.,H4: loaded successfully
2	01:08:29.143	Custom indicator SupResZone_MTF XAGUSD.,H4: loaded successfully
2	01:08:29.154	Custom indicator SupResZone_MTF XAGUSD.,H4: loaded successfully
2	01:08:29.163	Custom indicator MACD-2x XAGUSD.,H4: loaded successfully
2	01:08:29.234	Custom indicator Laguerre-ACS1 XAGUSD.,H4: loaded successfully
2	01:08:29.424	Custom indicator SupResZone_MTF US_OIL,H4: loaded successfully
2	01:08:29.434	Custom indicator SupResZone_MTF US_OIL,H4: loaded successfully
2	01:08:29.446	Custom indicator SupResZone_MTF US_OIL,H4: loaded successfully
2	01:08:29.457	Custom indicator SupResZone_MTF US_OIL,H4: loaded successfully
2	01:08:29.466	Custom indicator MACD-2x US_OIL,H4: loaded successfully
2	01:08:29.536	Custom indicator Laguerre-ACS1 US_OIL,H4: loaded successfully
2	01:08:29.747	Custom indicator SupResZone_MTF JP225,H1: loaded successfully
2	01:08:29.759	Custom indicator SupResZone_MTF JP225,H1: loaded successfully
2	01:08:29.769	Custom indicator SupResZone_MTF JP225,H1: loaded successfully
2	01:08:29.778	Custom indicator SupResZone_MTF JP225,H1: loaded successfully
2	01:08:29.788	Custom indicator MACD-2x JP225,H1: loaded successfully
2	01:08:29.859	Custom indicator Laguerre-ACS1 JP225,H1: loaded successfully
2	01:08:30.129	Custom indicator SupResZone_MTF SPX500,H1: loaded successfully
2	01:08:30.140	Custom indicator SupResZone_MTF SPX500,H1: loaded successfully
2	01:08:30.150	Custom indicator SupResZone_MTF SPX500,H1: loaded successfully
2	01:08:30.160	Custom indicator SupResZone_MTF SPX500,H1: loaded successfully
2	01:08:30.172	Custom indicator MACD-2x SPX500,H1: loaded successfully
2	01:08:30.244	Custom indicator Laguerre-ACS1 SPX500,H1: loaded successfully
2	01:08:30.495	Custom indicator SupResZone_MTF EURAUD.,Daily: loaded successfully
2	01:08:30.506	Custom indicator SupResZone_MTF EURAUD.,Daily: loaded successfully
2	01:08:30.516	Custom indicator SupResZone_MTF EURAUD.,Daily: loaded successfully
2	01:08:30.527	Custom indicator SupResZone_MTF EURAUD.,Daily: loaded successfully
2	01:08:30.537	Custom indicator MACD-2x EURAUD.,Daily: loaded successfully
2	01:08:30.610	Custom indicator Laguerre-ACS1 EURAUD.,Daily: loaded successfully
2	01:08:30.771	Custom indicator SupResZone_MTF AUDJPY.,Daily: loaded successfully
2	01:08:30.781	Custom indicator SupResZone_MTF AUDJPY.,Daily: loaded successfully
2	01:08:30.792	Custom indicator SupResZone_MTF AUDJPY.,Daily: loaded successfully
2	01:08:30.802	Custom indicator SupResZone_MTF AUDJPY.,Daily: loaded successfully
2	01:08:30.811	Custom indicator MACD-2x AUDJPY.,Daily: loaded successfully
2	01:08:30.882	Custom indicator Laguerre-ACS1 AUDJPY.,Daily: loaded successfully
2	01:08:31.035	Custom indicator SupResZone_MTF AUDUSD.,Daily: loaded successfully
2	01:08:31.045	Custom indicator SupResZone_MTF AUDUSD.,Daily: loaded successfully
2	01:08:31.057	Custom indicator SupResZone_MTF AUDUSD.,Daily: loaded successfully
2	01:08:31.068	Custom indicator SupResZone_MTF AUDUSD.,Daily: loaded successfully
2	01:08:31.079	Custom indicator MACD-2x AUDUSD.,Daily: loaded successfully
2	01:08:31.150	Custom indicator Laguerre-ACS1 AUDUSD.,Daily: loaded successfully
2	01:08:31.307	Custom indicator SupResZone_MTF USDJPY.,H4: loaded successfully
2	01:08:31.318	Custom indicator SupResZone_MTF USDJPY.,H4: loaded successfully
2	01:08:31.328	Custom indicator SupResZone_MTF USDJPY.,H4: loaded successfully
2	01:08:31.337	Custom indicator SupResZone_MTF USDJPY.,H4: loaded successfully
2	01:08:31.348	Custom indicator MACD-2x USDJPY.,H4: loaded successfully
2	01:08:31.419	Custom indicator Laguerre-ACS1 USDJPY.,H4: loaded successfully
2	01:08:31.644	Custom indicator SupResZone_MTF EURJPY.,H4: loaded successfully
2	01:08:31.653	Custom indicator SupResZone_MTF EURJPY.,H4: loaded successfully
2	01:08:31.663	Custom indicator SupResZone_MTF EURJPY.,H4: loaded successfully
2	01:08:31.673	Custom indicator SupResZone_MTF EURJPY.,H4: loaded successfully
2	01:08:31.683	Custom indicator MACD-2x EURJPY.,H4: loaded successfully
2	01:08:31.753	Custom indicator Laguerre-ACS1 EURJPY.,H4: loaded successfully
2	01:08:31.975	Custom indicator SupResZone_MTF EURUSD.,H1: loaded successfully
2	01:08:31.985	Custom indicator SupResZone_MTF EURUSD.,H1: loaded successfully
2	01:08:31.996	Custom indicator SupResZone_MTF EURUSD.,H1: loaded successfully
2	01:08:32.010	Custom indicator SupResZone_MTF EURUSD.,H1: loaded successfully
2	01:08:32.020	Custom indicator MACD-2x EURUSD.,H1: loaded successfully
2	01:08:32.089	Custom indicator Laguerre-ACS1 EURUSD.,H1: loaded successfully
2	01:08:32.328	Custom indicator SupResZone_MTF GBPUSD.,H1: loaded successfully
2	01:08:32.338	Custom indicator SupResZone_MTF GBPUSD.,H1: loaded successfully
2	01:08:32.349	Custom indicator SupResZone_MTF GBPUSD.,H1: loaded successfully
2	01:08:32.358	Custom indicator SupResZone_MTF GBPUSD.,H1: loaded successfully
2	01:08:32.370	Custom indicator MACD-2x GBPUSD.,H1: loaded successfully
2	01:08:32.440	Custom indicator Laguerre-ACS1 GBPUSD.,H1: loaded successfully
2	01:08:32.675	Custom indicator SupResZone_MTF USDCAD.,H4: loaded successfully
2	01:08:32.687	Custom indicator SupResZone_MTF USDCAD.,H4: loaded successfully
2	01:08:32.698	Custom indicator SupResZone_MTF USDCAD.,H4: loaded successfully
2	01:08:32.708	Custom indicator SupResZone_MTF USDCAD.,H4: loaded successfully
2	01:08:32.717	Custom indicator MACD-2x USDCAD.,H4: loaded successfully
2	01:08:32.787	Custom indicator Laguerre-ACS1 USDCAD.,H4: loaded successfully
2	01:08:32.986	Custom indicator SupResZone_MTF USDCHF.,H4: loaded successfully
2	01:08:32.996	Custom indicator SupResZone_MTF USDCHF.,H4: loaded successfully
2	01:08:33.007	Custom indicator SupResZone_MTF USDCHF.,H4: loaded successfully
2	01:08:33.016	Custom indicator SupResZone_MTF USDCHF.,H4: loaded successfully
2	01:08:33.028	Custom indicator MACD-2x USDCHF.,H4: loaded successfully
2	01:08:33.105	Custom indicator Laguerre-ACS1 USDCHF.,H4: loaded successfully
2	01:08:33.303	Custom indicator GMMA Long USDJPY.,H1: loaded successfully
2	01:08:33.313	Custom indicator GMMA Short USDJPY.,H1: loaded successfully
2	01:08:33.321	Custom indicator 23MTF_MovingAverageIGOR USDJPY.,H1: loaded successfully
2	01:08:33.330	Custom indicator 23MTF_MovingAverageIGOR USDJPY.,H1: loaded successfully
2	01:08:33.340	Custom indicator SupResZone_MTF USDJPY.,H1: loaded successfully
2	01:08:33.349	Custom indicator SupResZone_MTF USDJPY.,H1: loaded successfully
2	01:08:33.360	Custom indicator MACD-2x USDJPY.,H1: loaded successfully
2	01:08:33.591	Custom indicator MACD-2x USDCNH,Daily: loaded successfully
2	01:08:33.601	Custom indicator MACD-2x USDCNH,Daily: loaded successfully
2	01:08:33.672	Custom indicator Laguerre-ACS1 USDCNH,Daily: loaded successfully
0	01:08:35.646	'120010550': login on PRC-Live through Server 3 (ping: 63.89 ms)
0	01:08:36.726	'120010550': login datacenter on PRC-Live through Server 3 (ping: 63.89 ms)
0	01:08:37.028	'120010550': previous successful authorization performed from 106.181.129.40
0	01:08:53.601	'120010550': ping to current access point Server 3 is 40.94 ms
2	01:11:54.692	Custom indicator MACD-2x USDXXX,H1: removed
2	01:11:54.692	Custom indicator Laguerre-ACS1 USDXXX,H1: removed
2	01:11:54.723	Custom indicator SupResZone_MTF XAUUSD.,H4: removed
2	01:11:54.725	Custom indicator SupResZone_MTF XAUUSD.,H4: removed
2	01:11:54.726	Custom indicator SupResZone_MTF XAUUSD.,H4: removed
2	01:11:54.728	Custom indicator SupResZone_MTF XAUUSD.,H4: removed
2	01:11:54.732	Custom indicator MACD-2x XAUUSD.,H4: removed
2	01:11:54.732	Custom indicator Laguerre-ACS1 XAUUSD.,H4: removed
2	01:11:54.759	Custom indicator SupResZone_MTF XAGUSD.,H4: removed
2	01:11:54.761	Custom indicator SupResZone_MTF XAGUSD.,H4: removed
2	01:11:54.763	Custom indicator SupResZone_MTF XAGUSD.,H4: removed
2	01:11:54.765	Custom indicator SupResZone_MTF XAGUSD.,H4: removed
2	01:11:54.767	Custom indicator MACD-2x XAGUSD.,H4: removed
2	01:11:54.767	Custom indicator Laguerre-ACS1 XAGUSD.,H4: removed
2	01:11:54.775	Custom indicator SupResZone_MTF US_OIL,H4: removed
2	01:11:54.777	Custom indicator SupResZone_MTF US_OIL,H4: removed
2	01:11:54.779	Custom indicator SupResZone_MTF US_OIL,H4: removed
2	01:11:54.782	Custom indicator SupResZone_MTF US_OIL,H4: removed
2	01:11:54.784	Custom indicator MACD-2x US_OIL,H4: removed
2	01:11:54.784	Custom indicator Laguerre-ACS1 US_OIL,H4: removed
2	01:11:54.788	Custom indicator SupResZone_MTF JP225,H1: removed
2	01:11:54.790	Custom indicator SupResZone_MTF JP225,H1: removed
2	01:11:54.792	Custom indicator SupResZone_MTF JP225,H1: removed
2	01:11:54.794	Custom indicator SupResZone_MTF JP225,H1: removed
2	01:11:54.795	Custom indicator MACD-2x JP225,H1: removed
2	01:11:54.796	Custom indicator Laguerre-ACS1 JP225,H1: removed
2	01:11:54.803	Custom indicator SupResZone_MTF SPX500,H1: removed
2	01:11:54.805	Custom indicator SupResZone_MTF SPX500,H1: removed
2	01:11:54.807	Custom indicator SupResZone_MTF SPX500,H1: removed
2	01:11:54.809	Custom indicator SupResZone_MTF SPX500,H1: removed
2	01:11:54.810	Custom indicator MACD-2x SPX500,H1: removed
2	01:11:54.810	Custom indicator Laguerre-ACS1 SPX500,H1: removed
2	01:11:54.819	Custom indicator SupResZone_MTF EURAUD.,Daily: removed
2	01:11:54.821	Custom indicator SupResZone_MTF EURAUD.,Daily: removed
2	01:11:54.823	Custom indicator SupResZone_MTF EURAUD.,Daily: removed
2	01:11:54.824	Custom indicator SupResZone_MTF EURAUD.,Daily: removed
2	01:11:54.826	Custom indicator MACD-2x EURAUD.,Daily: removed
2	01:11:54.826	Custom indicator Laguerre-ACS1 EURAUD.,Daily: removed
2	01:11:54.833	Custom indicator SupResZone_MTF AUDJPY.,Daily: removed
2	01:11:54.834	Custom indicator SupResZone_MTF AUDJPY.,Daily: removed
2	01:11:54.837	Custom indicator SupResZone_MTF AUDJPY.,Daily: removed
2	01:11:54.839	Custom indicator SupResZone_MTF AUDJPY.,Daily: removed
2	01:11:54.840	Custom indicator MACD-2x AUDJPY.,Daily: removed
2	01:11:54.840	Custom indicator Laguerre-ACS1 AUDJPY.,Daily: removed
2	01:11:54.861	Custom indicator SupResZone_MTF AUDUSD.,Daily: removed
2	01:11:54.863	Custom indicator SupResZone_MTF AUDUSD.,Daily: removed
2	01:11:54.865	Custom indicator SupResZone_MTF AUDUSD.,Daily: removed
2	01:11:54.868	Custom indicator SupResZone_MTF AUDUSD.,Daily: removed
2	01:11:54.870	Custom indicator MACD-2x AUDUSD.,Daily: removed
2	01:11:54.870	Custom indicator Laguerre-ACS1 AUDUSD.,Daily: removed
2	01:11:54.892	Custom indicator SupResZone_MTF USDJPY.,H4: removed
2	01:11:54.893	Custom indicator SupResZone_MTF USDJPY.,H4: removed
2	01:11:54.895	Custom indicator SupResZone_MTF USDJPY.,H4: removed
2	01:11:54.897	Custom indicator SupResZone_MTF USDJPY.,H4: removed
2	01:11:54.900	Custom indicator MACD-2x USDJPY.,H4: removed
2	01:11:54.900	Custom indicator Laguerre-ACS1 USDJPY.,H4: removed
2	01:11:54.921	Custom indicator SupResZone_MTF EURJPY.,H4: removed
2	01:11:54.922	Custom indicator SupResZone_MTF EURJPY.,H4: removed
2	01:11:54.924	Custom indicator SupResZone_MTF EURJPY.,H4: removed
2	01:11:54.925	Custom indicator SupResZone_MTF EURJPY.,H4: removed
2	01:11:54.927	Custom indicator MACD-2x EURJPY.,H4: removed
2	01:11:54.927	Custom indicator Laguerre-ACS1 EURJPY.,H4: removed
2	01:11:54.950	Custom indicator SupResZone_MTF EURUSD.,H1: removed
2	01:11:54.953	Custom indicator SupResZone_MTF EURUSD.,H1: removed
2	01:11:54.954	Custom indicator SupResZone_MTF EURUSD.,H1: removed
2	01:11:54.956	Custom indicator SupResZone_MTF EURUSD.,H1: removed
2	01:11:54.958	Custom indicator MACD-2x EURUSD.,H1: removed
2	01:11:54.958	Custom indicator Laguerre-ACS1 EURUSD.,H1: removed
2	01:11:54.982	Custom indicator SupResZone_MTF GBPUSD.,H1: removed
2	01:11:54.984	Custom indicator SupResZone_MTF GBPUSD.,H1: removed
2	01:11:54.985	Custom indicator SupResZone_MTF GBPUSD.,H1: removed
2	01:11:54.987	Custom indicator SupResZone_MTF GBPUSD.,H1: removed
2	01:11:54.988	Custom indicator MACD-2x GBPUSD.,H1: removed
2	01:11:54.988	Custom indicator Laguerre-ACS1 GBPUSD.,H1: removed
2	01:11:55.009	Custom indicator SupResZone_MTF USDCAD.,H4: removed
2	01:11:55.011	Custom indicator SupResZone_MTF USDCAD.,H4: removed
2	01:11:55.013	Custom indicator SupResZone_MTF USDCAD.,H4: removed
2	01:11:55.014	Custom indicator SupResZone_MTF USDCAD.,H4: removed
2	01:11:55.016	Custom indicator MACD-2x USDCAD.,H4: removed
2	01:11:55.016	Custom indicator Laguerre-ACS1 USDCAD.,H4: removed
2	01:11:55.037	Custom indicator SupResZone_MTF USDCHF.,H4: removed
2	01:11:55.039	Custom indicator SupResZone_MTF USDCHF.,H4: removed
2	01:11:55.041	Custom indicator SupResZone_MTF USDCHF.,H4: removed
2	01:11:55.042	Custom indicator SupResZone_MTF USDCHF.,H4: removed
2	01:11:55.044	Custom indicator MACD-2x USDCHF.,H4: removed
2	01:11:55.044	Custom indicator Laguerre-ACS1 USDCHF.,H4: removed
2	01:11:55.062	Custom indicator GMMA Long USDJPY.,H1: removed
2	01:11:55.064	Custom indicator GMMA Short USDJPY.,H1: removed
2	01:11:55.067	Custom indicator 23MTF_MovingAverageIGOR USDJPY.,H1: removed
2	01:11:55.070	Custom indicator 23MTF_MovingAverageIGOR USDJPY.,H1: removed
2	01:11:55.072	Custom indicator SupResZone_MTF USDJPY.,H1: removed
2	01:11:55.073	Custom indicator SupResZone_MTF USDJPY.,H1: removed
2	01:11:55.075	Custom indicator MACD-2x USDJPY.,H1: removed
2	01:11:55.088	Custom indicator MACD-2x USDCNH,Daily: removed
2	01:11:55.089	Custom indicator MACD-2x USDCNH,Daily: removed
2	01:11:55.089	Custom indicator Laguerre-ACS1 USDCNH,Daily: removed
0	01:11:55.464	FX Trader build 1170 stopped
0	10:04:57.972	FX Trader build 1170 started (Performance Ronnaru Capital Ltd.)
0	10:04:57.972	Windows 10 Home x64, IE 11, UAC, 8 x Intel Core i7-6700HQ  @ 2.60GHz, Memory: 24004 / 32639 Mb, Disk: 138 / 264 Gb, GMT+9
0	10:04:57.972	Data Folder: C:\Users\tiany\AppData\Roaming\MetaQuotes\Terminal\79214103E7A6FC97F86082D309D0B84B
2	10:04:59.936	Custom indicator MACD-2x USDXXX,H1: loaded successfully
2	10:05:00.009	Custom indicator Laguerre-ACS1 USDXXX,H1: loaded successfully
2	10:05:00.056	Custom indicator SupResZone_MTF XAUUSD.,H4: loaded successfully
2	10:05:00.066	Custom indicator SupResZone_MTF XAUUSD.,H4: loaded successfully
2	10:05:00.075	Custom indicator SupResZone_MTF XAUUSD.,H4: loaded successfully
2	10:05:00.086	Custom indicator SupResZone_MTF XAUUSD.,H4: loaded successfully
2	10:05:00.096	Custom indicator MACD-2x XAUUSD.,H4: loaded successfully
2	10:05:00.167	Custom indicator Laguerre-ACS1 XAUUSD.,H4: loaded successfully
2	10:05:00.409	Custom indicator SupResZone_MTF XAGUSD.,H4: loaded successfully
2	10:05:00.420	Custom indicator SupResZone_MTF XAGUSD.,H4: loaded successfully
2	10:05:00.431	Custom indicator SupResZone_MTF XAGUSD.,H4: loaded successfully
2	10:05:00.442	Custom indicator SupResZone_MTF XAGUSD.,H4: loaded successfully
2	10:05:00.451	Custom indicator MACD-2x XAGUSD.,H4: loaded successfully
2	10:05:00.522	Custom indicator Laguerre-ACS1 XAGUSD.,H4: loaded successfully
2	10:05:00.721	Custom indicator SupResZone_MTF US_OIL,H4: loaded successfully
2	10:05:00.731	Custom indicator SupResZone_MTF US_OIL,H4: loaded successfully
2	10:05:00.741	Custom indicator SupResZone_MTF US_OIL,H4: loaded successfully
2	10:05:00.751	Custom indicator SupResZone_MTF US_OIL,H4: loaded successfully
2	10:05:00.761	Custom indicator MACD-2x US_OIL,H4: loaded successfully
2	10:05:00.830	Custom indicator Laguerre-ACS1 US_OIL,H4: loaded successfully
2	10:05:01.107	Custom indicator SupResZone_MTF JP225,H1: loaded successfully
2	10:05:01.127	Custom indicator SupResZone_MTF JP225,H1: loaded successfully
2	10:05:01.137	Custom indicator SupResZone_MTF JP225,H1: loaded successfully
2	10:05:01.152	Custom indicator SupResZone_MTF JP225,H1: loaded successfully
2	10:05:01.161	Custom indicator MACD-2x JP225,H1: loaded successfully
2	10:05:01.229	Custom indicator Laguerre-ACS1 JP225,H1: loaded successfully
2	10:05:01.546	Custom indicator SupResZone_MTF SPX500,H1: loaded successfully
2	10:05:01.559	Custom indicator SupResZone_MTF SPX500,H1: loaded successfully
2	10:05:01.571	Custom indicator SupResZone_MTF SPX500,H1: loaded successfully
2	10:05:01.582	Custom indicator SupResZone_MTF SPX500,H1: loaded successfully
2	10:05:01.592	Custom indicator MACD-2x SPX500,H1: loaded successfully
2	10:05:01.662	Custom indicator Laguerre-ACS1 SPX500,H1: loaded successfully
2	10:05:01.940	Custom indicator SupResZone_MTF EURAUD.,Daily: loaded successfully
2	10:05:01.953	Custom indicator SupResZone_MTF EURAUD.,Daily: loaded successfully
2	10:05:01.964	Custom indicator SupResZone_MTF EURAUD.,Daily: loaded successfully
2	10:05:01.976	Custom indicator SupResZone_MTF EURAUD.,Daily: loaded successfully
2	10:05:01.986	Custom indicator MACD-2x EURAUD.,Daily: loaded successfully
2	10:05:02.059	Custom indicator Laguerre-ACS1 EURAUD.,Daily: loaded successfully
2	10:05:02.282	Custom indicator SupResZone_MTF AUDJPY.,Daily: loaded successfully
2	10:05:02.303	Custom indicator SupResZone_MTF AUDJPY.,Daily: loaded successfully
2	10:05:02.325	Custom indicator SupResZone_MTF AUDJPY.,Daily: loaded successfully
2	10:05:02.336	Custom indicator SupResZone_MTF AUDJPY.,Daily: loaded successfully
2	10:05:02.345	Custom indicator MACD-2x AUDJPY.,Daily: loaded successfully
2	10:05:02.414	Custom indicator Laguerre-ACS1 AUDJPY.,Daily: loaded successfully
2	10:05:02.624	Custom indicator SupResZone_MTF AUDUSD.,Daily: loaded successfully
2	10:05:02.653	Custom indicator SupResZone_MTF AUDUSD.,Daily: loaded successfully
2	10:05:02.667	Custom indicator SupResZone_MTF AUDUSD.,Daily: loaded successfully
2	10:05:02.680	Custom indicator SupResZone_MTF AUDUSD.,Daily: loaded successfully
2	10:05:02.692	Custom indicator MACD-2x AUDUSD.,Daily: loaded successfully
2	10:05:02.762	Custom indicator Laguerre-ACS1 AUDUSD.,Daily: loaded successfully
2	10:05:03.015	Custom indicator SupResZone_MTF USDJPY.,H4: loaded successfully
2	10:05:03.028	Custom indicator SupResZone_MTF USDJPY.,H4: loaded successfully
2	10:05:03.043	Custom indicator SupResZone_MTF USDJPY.,H4: loaded successfully
2	10:05:03.056	Custom indicator SupResZone_MTF USDJPY.,H4: loaded successfully
2	10:05:03.070	Custom indicator MACD-2x USDJPY.,H4: loaded successfully
2	10:05:03.150	Custom indicator Laguerre-ACS1 USDJPY.,H4: loaded successfully
2	10:05:03.491	Custom indicator SupResZone_MTF EURJPY.,H4: loaded successfully
2	10:05:03.513	Custom indicator SupResZone_MTF EURJPY.,H4: loaded successfully
2	10:05:03.531	Custom indicator SupResZone_MTF EURJPY.,H4: loaded successfully
2	10:05:03.541	Custom indicator SupResZone_MTF EURJPY.,H4: loaded successfully
2	10:05:03.552	Custom indicator MACD-2x EURJPY.,H4: loaded successfully
2	10:05:03.622	Custom indicator Laguerre-ACS1 EURJPY.,H4: loaded successfully
2	10:05:03.927	Custom indicator SupResZone_MTF EURUSD.,H1: loaded successfully
2	10:05:03.940	Custom indicator SupResZone_MTF EURUSD.,H1: loaded successfully
2	10:05:03.953	Custom indicator SupResZone_MTF EURUSD.,H1: loaded successfully
2	10:05:03.965	Custom indicator SupResZone_MTF EURUSD.,H1: loaded successfully
2	10:05:03.975	Custom indicator MACD-2x EURUSD.,H1: loaded successfully
2	10:05:04.072	Custom indicator Laguerre-ACS1 EURUSD.,H1: loaded successfully
2	10:05:04.364	Custom indicator SupResZone_MTF GBPUSD.,H1: loaded successfully
2	10:05:04.374	Custom indicator SupResZone_MTF GBPUSD.,H1: loaded successfully
2	10:05:04.384	Custom indicator SupResZone_MTF GBPUSD.,H1: loaded successfully
2	10:05:04.395	Custom indicator SupResZone_MTF GBPUSD.,H1: loaded successfully
2	10:05:04.406	Custom indicator MACD-2x GBPUSD.,H1: loaded successfully
2	10:05:04.476	Custom indicator Laguerre-ACS1 GBPUSD.,H1: loaded successfully
2	10:05:04.830	Custom indicator SupResZone_MTF USDCAD.,H4: loaded successfully
2	10:05:04.849	Custom indicator SupResZone_MTF USDCAD.,H4: loaded successfully
2	10:05:04.859	Custom indicator SupResZone_MTF USDCAD.,H4: loaded successfully
2	10:05:04.870	Custom indicator SupResZone_MTF USDCAD.,H4: loaded successfully
2	10:05:04.888	Custom indicator MACD-2x USDCAD.,H4: loaded successfully
2	10:05:04.966	Custom indicator Laguerre-ACS1 USDCAD.,H4: loaded successfully
2	10:05:05.195	Custom indicator SupResZone_MTF USDCHF.,H4: loaded successfully
2	10:05:05.206	Custom indicator SupResZone_MTF USDCHF.,H4: loaded successfully
2	10:05:05.216	Custom indicator SupResZone_MTF USDCHF.,H4: loaded successfully
2	10:05:05.226	Custom indicator SupResZone_MTF USDCHF.,H4: loaded successfully
2	10:05:05.236	Custom indicator MACD-2x USDCHF.,H4: loaded successfully
2	10:05:05.306	Custom indicator Laguerre-ACS1 USDCHF.,H4: loaded successfully
2	10:05:05.516	Custom indicator GMMA Long USDJPY.,H1: loaded successfully
2	10:05:05.525	Custom indicator GMMA Short USDJPY.,H1: loaded successfully
2	10:05:05.534	Custom indicator 23MTF_MovingAverageIGOR USDJPY.,H1: loaded successfully
2	10:05:05.541	Custom indicator 23MTF_MovingAverageIGOR USDJPY.,H1: loaded successfully
2	10:05:05.551	Custom indicator SupResZone_MTF USDJPY.,H1: loaded successfully
2	10:05:05.561	Custom indicator SupResZone_MTF USDJPY.,H1: loaded successfully
2	10:05:05.572	Custom indicator MACD-2x USDJPY.,H1: loaded successfully
2	10:05:05.819	Custom indicator MACD-2x USDCNH,Daily: loaded successfully
2	10:05:05.839	Custom indicator MACD-2x USDCNH,Daily: loaded successfully
2	10:05:05.914	Custom indicator Laguerre-ACS1 USDCNH,Daily: loaded successfully
0	10:05:08.003	'120010550': login on PRC-Live through Server 3 (ping: 40.94 ms)
0	10:05:08.882	'120010550': login datacenter on PRC-Live through Server 3 (ping: 40.94 ms)
0	10:05:09.242	'120010550': previous successful authorization performed from 106.181.129.40
0	10:05:25.819	'120010550': ping to current access point Server 3 is 36.48 ms
2	14:06:42.450	Custom indicator MACD-2x USDXXX,H1: removed
2	14:06:42.450	Custom indicator Laguerre-ACS1 USDXXX,H1: removed
2	14:06:42.497	Custom indicator SupResZone_MTF XAUUSD.,H1: removed
2	14:06:42.500	Custom indicator SupResZone_MTF XAUUSD.,H1: removed
2	14:06:42.502	Custom indicator SupResZone_MTF XAUUSD.,H1: removed
2	14:06:42.503	Custom indicator SupResZone_MTF XAUUSD.,H1: removed
2	14:06:42.505	Custom indicator MACD-2x XAUUSD.,H1: removed
2	14:06:42.505	Custom indicator Laguerre-ACS1 XAUUSD.,H1: removed
2	14:06:42.511	Custom indicator SupResZone_MTF XAGUSD.,H4: removed
2	14:06:42.514	Custom indicator SupResZone_MTF XAGUSD.,H4: removed
2	14:06:42.516	Custom indicator SupResZone_MTF XAGUSD.,H4: removed
2	14:06:42.518	Custom indicator SupResZone_MTF XAGUSD.,H4: removed
2	14:06:42.520	Custom indicator MACD-2x XAGUSD.,H4: removed
2	14:06:42.520	Custom indicator Laguerre-ACS1 XAGUSD.,H4: removed
2	14:06:42.527	Custom indicator SupResZone_MTF US_OIL,H4: removed
2	14:06:42.528	Custom indicator SupResZone_MTF US_OIL,H4: removed
2	14:06:42.530	Custom indicator SupResZone_MTF US_OIL,H4: removed
2	14:06:42.532	Custom indicator SupResZone_MTF US_OIL,H4: removed
2	14:06:42.534	Custom indicator MACD-2x US_OIL,H4: removed
2	14:06:42.534	Custom indicator Laguerre-ACS1 US_OIL,H4: removed
2	14:06:42.563	Custom indicator SupResZone_MTF JP225,H1: removed
2	14:06:42.565	Custom indicator SupResZone_MTF JP225,H1: removed
2	14:06:42.567	Custom indicator SupResZone_MTF JP225,H1: removed
2	14:06:42.569	Custom indicator SupResZone_MTF JP225,H1: removed
2	14:06:42.570	Custom indicator MACD-2x JP225,H1: removed
2	14:06:42.570	Custom indicator Laguerre-ACS1 JP225,H1: removed
2	14:06:42.580	Custom indicator SupResZone_MTF SPX500,H1: removed
2	14:06:42.582	Custom indicator SupResZone_MTF SPX500,H1: removed
2	14:06:42.584	Custom indicator SupResZone_MTF SPX500,H1: removed
2	14:06:42.585	Custom indicator SupResZone_MTF SPX500,H1: removed
2	14:06:42.587	Custom indicator MACD-2x SPX500,H1: removed
2	14:06:42.588	Custom indicator Laguerre-ACS1 SPX500,H1: removed
2	14:06:42.597	Custom indicator SupResZone_MTF EURAUD.,Daily: removed
2	14:06:42.599	Custom indicator SupResZone_MTF EURAUD.,Daily: removed
2	14:06:42.601	Custom indicator SupResZone_MTF EURAUD.,Daily: removed
2	14:06:42.602	Custom indicator SupResZone_MTF EURAUD.,Daily: removed
2	14:06:42.605	Custom indicator MACD-2x EURAUD.,Daily: removed
2	14:06:42.605	Custom indicator Laguerre-ACS1 EURAUD.,Daily: removed
2	14:06:42.612	Custom indicator SupResZone_MTF AUDJPY.,Daily: removed
2	14:06:42.615	Custom indicator SupResZone_MTF AUDJPY.,Daily: removed
2	14:06:42.616	Custom indicator SupResZone_MTF AUDJPY.,Daily: removed
2	14:06:42.618	Custom indicator SupResZone_MTF AUDJPY.,Daily: removed
2	14:06:42.620	Custom indicator MACD-2x AUDJPY.,Daily: removed
2	14:06:42.620	Custom indicator Laguerre-ACS1 AUDJPY.,Daily: removed
2	14:06:42.643	Custom indicator SupResZone_MTF AUDUSD.,Daily: removed
2	14:06:42.644	Custom indicator SupResZone_MTF AUDUSD.,Daily: removed
2	14:06:42.646	Custom indicator SupResZone_MTF AUDUSD.,Daily: removed
2	14:06:42.648	Custom indicator SupResZone_MTF AUDUSD.,Daily: removed
2	14:06:42.649	Custom indicator MACD-2x AUDUSD.,Daily: removed
2	14:06:42.650	Custom indicator Laguerre-ACS1 AUDUSD.,Daily: removed
2	14:06:42.669	Custom indicator SupResZone_MTF USDJPY.,H4: removed
2	14:06:42.671	Custom indicator SupResZone_MTF USDJPY.,H4: removed
2	14:06:42.673	Custom indicator SupResZone_MTF USDJPY.,H4: removed
2	14:06:42.674	Custom indicator SupResZone_MTF USDJPY.,H4: removed
2	14:06:42.676	Custom indicator MACD-2x USDJPY.,H4: removed
2	14:06:42.676	Custom indicator Laguerre-ACS1 USDJPY.,H4: removed
2	14:06:42.696	Custom indicator SupResZone_MTF EURJPY.,H4: removed
2	14:06:42.698	Custom indicator SupResZone_MTF EURJPY.,H4: removed
2	14:06:42.699	Custom indicator SupResZone_MTF EURJPY.,H4: removed
2	14:06:42.701	Custom indicator SupResZone_MTF EURJPY.,H4: removed
2	14:06:42.702	Custom indicator MACD-2x EURJPY.,H4: removed
2	14:06:42.702	Custom indicator Laguerre-ACS1 EURJPY.,H4: removed
2	14:06:42.724	Custom indicator SupResZone_MTF EURUSD.,H1: removed
2	14:06:42.726	Custom indicator SupResZone_MTF EURUSD.,H1: removed
2	14:06:42.727	Custom indicator SupResZone_MTF EURUSD.,H1: removed
2	14:06:42.729	Custom indicator SupResZone_MTF EURUSD.,H1: removed
2	14:06:42.730	Custom indicator MACD-2x EURUSD.,H1: removed
2	14:06:42.731	Custom indicator Laguerre-ACS1 EURUSD.,H1: removed
2	14:06:42.756	Custom indicator SupResZone_MTF GBPUSD.,H1: removed
2	14:06:42.758	Custom indicator SupResZone_MTF GBPUSD.,H1: removed
2	14:06:42.760	Custom indicator SupResZone_MTF GBPUSD.,H1: removed
2	14:06:42.762	Custom indicator SupResZone_MTF GBPUSD.,H1: removed
2	14:06:42.764	Custom indicator MACD-2x GBPUSD.,H1: removed
2	14:06:42.764	Custom indicator Laguerre-ACS1 GBPUSD.,H1: removed
2	14:06:42.790	Custom indicator SupResZone_MTF USDCAD.,H4: removed
2	14:06:42.792	Custom indicator SupResZone_MTF USDCAD.,H4: removed
2	14:06:42.794	Custom indicator SupResZone_MTF USDCAD.,H4: removed
2	14:06:42.795	Custom indicator SupResZone_MTF USDCAD.,H4: removed
2	14:06:42.797	Custom indicator MACD-2x USDCAD.,H4: removed
2	14:06:42.797	Custom indicator Laguerre-ACS1 USDCAD.,H4: removed
2	14:06:42.817	Custom indicator SupResZone_MTF USDCHF.,H4: removed
2	14:06:42.819	Custom indicator SupResZone_MTF USDCHF.,H4: removed
2	14:06:42.820	Custom indicator SupResZone_MTF USDCHF.,H4: removed
2	14:06:42.822	Custom indicator SupResZone_MTF USDCHF.,H4: removed
2	14:06:42.823	Custom indicator MACD-2x USDCHF.,H4: removed
2	14:06:42.823	Custom indicator Laguerre-ACS1 USDCHF.,H4: removed
2	14:06:42.843	Custom indicator GMMA Long USDJPY.,H1: removed
2	14:06:42.845	Custom indicator GMMA Short USDJPY.,H1: removed
2	14:06:42.847	Custom indicator 23MTF_MovingAverageIGOR USDJPY.,H1: removed
2	14:06:42.849	Custom indicator 23MTF_MovingAverageIGOR USDJPY.,H1: removed
2	14:06:42.851	Custom indicator SupResZone_MTF USDJPY.,H1: removed
2	14:06:42.853	Custom indicator SupResZone_MTF USDJPY.,H1: removed
2	14:06:42.855	Custom indicator MACD-2x USDJPY.,H1: removed
2	14:06:42.867	Custom indicator MACD-2x USDCNH,Daily: removed
2	14:06:42.869	Custom indicator MACD-2x USDCNH,Daily: removed
2	14:06:42.869	Custom indicator Laguerre-ACS1 USDCNH,Daily: removed
0	14:06:43.277	FX Trader build 1170 stopped
0	21:39:27.540	FX Trader build 1170 started (Performance Ronnaru Capital Ltd.)
0	21:39:27.541	Windows 10 Home x64, IE 11, UAC, 8 x Intel Core i7-6700HQ  @ 2.60GHz, Memory: 24358 / 32639 Mb, Disk: 140 / 264 Gb, GMT+9
0	21:39:27.541	Data Folder: C:\Users\tiany\AppData\Roaming\MetaQuotes\Terminal\79214103E7A6FC97F86082D309D0B84B
2	21:39:29.466	Custom indicator MACD-2x USDXXX,H1: loaded successfully
2	21:39:29.534	Custom indicator Laguerre-ACS1 USDXXX,H1: loaded successfully
2	21:39:29.584	Custom indicator SupResZone_MTF XAUUSD.,H1: loaded successfully
2	21:39:29.594	Custom indicator SupResZone_MTF XAUUSD.,H1: loaded successfully
2	21:39:29.604	Custom indicator SupResZone_MTF XAUUSD.,H1: loaded successfully
2	21:39:29.615	Custom indicator SupResZone_MTF XAUUSD.,H1: loaded successfully
2	21:39:29.624	Custom indicator MACD-2x XAUUSD.,H1: loaded successfully
2	21:39:29.693	Custom indicator Laguerre-ACS1 XAUUSD.,H1: loaded successfully
2	21:39:29.961	Custom indicator SupResZone_MTF XAGUSD.,H4: loaded successfully
2	21:39:29.971	Custom indicator SupResZone_MTF XAGUSD.,H4: loaded successfully
2	21:39:29.981	Custom indicator SupResZone_MTF XAGUSD.,H4: loaded successfully
2	21:39:29.991	Custom indicator SupResZone_MTF XAGUSD.,H4: loaded successfully
2	21:39:30.000	Custom indicator MACD-2x XAGUSD.,H4: loaded successfully
2	21:39:30.073	Custom indicator Laguerre-ACS1 XAGUSD.,H4: loaded successfully
2	21:39:30.269	Custom indicator SupResZone_MTF US_OIL,H4: loaded successfully
2	21:39:30.279	Custom indicator SupResZone_MTF US_OIL,H4: loaded successfully
2	21:39:30.289	Custom indicator SupResZone_MTF US_OIL,H4: loaded successfully
2	21:39:30.300	Custom indicator SupResZone_MTF US_OIL,H4: loaded successfully
2	21:39:30.311	Custom indicator MACD-2x US_OIL,H4: loaded successfully
2	21:39:30.389	Custom indicator Laguerre-ACS1 US_OIL,H4: loaded successfully
2	21:39:30.623	Custom indicator SupResZone_MTF JP225,H1: loaded successfully
2	21:39:30.634	Custom indicator SupResZone_MTF JP225,H1: loaded successfully
2	21:39:30.644	Custom indicator SupResZone_MTF JP225,H1: loaded successfully
2	21:39:30.654	Custom indicator SupResZone_MTF JP225,H1: loaded successfully
2	21:39:30.663	Custom indicator MACD-2x JP225,H1: loaded successfully
2	21:39:30.738	Custom indicator Laguerre-ACS1 JP225,H1: loaded successfully
2	21:39:31.016	Custom indicator SupResZone_MTF SPX500,H1: loaded successfully
2	21:39:31.026	Custom indicator SupResZone_MTF SPX500,H1: loaded successfully
2	21:39:31.035	Custom indicator SupResZone_MTF SPX500,H1: loaded successfully
2	21:39:31.045	Custom indicator SupResZone_MTF SPX500,H1: loaded successfully
2	21:39:31.055	Custom indicator MACD-2x SPX500,H1: loaded successfully
2	21:39:31.126	Custom indicator Laguerre-ACS1 SPX500,H1: loaded successfully
2	21:39:31.415	Custom indicator SupResZone_MTF EURAUD.,Daily: loaded successfully
2	21:39:31.425	Custom indicator SupResZone_MTF EURAUD.,Daily: loaded successfully
2	21:39:31.435	Custom indicator SupResZone_MTF EURAUD.,Daily: loaded successfully
2	21:39:31.445	Custom indicator SupResZone_MTF EURAUD.,Daily: loaded successfully
2	21:39:31.455	Custom indicator MACD-2x EURAUD.,Daily: loaded successfully
2	21:39:31.524	Custom indicator Laguerre-ACS1 EURAUD.,Daily: loaded successfully
2	21:39:31.732	Custom indicator SupResZone_MTF AUDJPY.,Daily: loaded successfully
2	21:39:31.742	Custom indicator SupResZone_MTF AUDJPY.,Daily: loaded successfully
2	21:39:31.752	Custom indicator SupResZone_MTF AUDJPY.,Daily: loaded successfully
2	21:39:31.765	Custom indicator SupResZone_MTF AUDJPY.,Daily: loaded successfully
2	21:39:31.775	Custom indicator MACD-2x AUDJPY.,Daily: loaded successfully
2	21:39:31.843	Custom indicator Laguerre-ACS1 AUDJPY.,Daily: loaded successfully
2	21:39:32.005	Custom indicator SupResZone_MTF AUDUSD.,Daily: loaded successfully
2	21:39:32.015	Custom indicator SupResZone_MTF AUDUSD.,Daily: loaded successfully
2	21:39:32.025	Custom indicator SupResZone_MTF AUDUSD.,Daily: loaded successfully
2	21:39:32.034	Custom indicator SupResZone_MTF AUDUSD.,Daily: loaded successfully
2	21:39:32.045	Custom indicator MACD-2x AUDUSD.,Daily: loaded successfully
2	21:39:32.117	Custom indicator Laguerre-ACS1 AUDUSD.,Daily: loaded successfully
2	21:39:32.305	Custom indicator SupResZone_MTF USDJPY.,H4: loaded successfully
2	21:39:32.317	Custom indicator SupResZone_MTF USDJPY.,H4: loaded successfully
2	21:39:32.327	Custom indicator SupResZone_MTF USDJPY.,H4: loaded successfully
2	21:39:32.337	Custom indicator SupResZone_MTF USDJPY.,H4: loaded successfully
2	21:39:32.349	Custom indicator MACD-2x USDJPY.,H4: loaded successfully
2	21:39:32.419	Custom indicator Laguerre-ACS1 USDJPY.,H4: loaded successfully
2	21:39:32.671	Custom indicator SupResZone_MTF EURJPY.,H4: loaded successfully
2	21:39:32.693	Custom indicator SupResZone_MTF EURJPY.,H4: loaded successfully
2	21:39:32.708	Custom indicator SupResZone_MTF EURJPY.,H4: loaded successfully
2	21:39:32.718	Custom indicator SupResZone_MTF EURJPY.,H4: loaded successfully
2	21:39:32.728	Custom indicator MACD-2x EURJPY.,H4: loaded successfully
2	21:39:32.799	Custom indicator Laguerre-ACS1 EURJPY.,H4: loaded successfully
2	21:39:33.066	Custom indicator SupResZone_MTF EURUSD.,H1: loaded successfully
2	21:39:33.076	Custom indicator SupResZone_MTF EURUSD.,H1: loaded successfully
2	21:39:33.086	Custom indicator SupResZone_MTF EURUSD.,H1: loaded successfully
2	21:39:33.095	Custom indicator SupResZone_MTF EURUSD.,H1: loaded successfully
2	21:39:33.108	Custom indicator MACD-2x EURUSD.,H1: loaded successfully
2	21:39:33.185	Custom indicator Laguerre-ACS1 EURUSD.,H1: loaded successfully
2	21:39:33.481	Custom indicator SupResZone_MTF GBPUSD.,H1: loaded successfully
2	21:39:33.505	Custom indicator SupResZone_MTF GBPUSD.,H1: loaded successfully
2	21:39:33.521	Custom indicator SupResZone_MTF GBPUSD.,H1: loaded successfully
2	21:39:33.531	Custom indicator SupResZone_MTF GBPUSD.,H1: loaded successfully
2	21:39:33.540	Custom indicator MACD-2x GBPUSD.,H1: loaded successfully
2	21:39:33.609	Custom indicator Laguerre-ACS1 GBPUSD.,H1: loaded successfully
2	21:39:33.907	Custom indicator SupResZone_MTF USDCAD.,H4: loaded successfully
2	21:39:33.931	Custom indicator SupResZone_MTF USDCAD.,H4: loaded successfully
2	21:39:33.943	Custom indicator SupResZone_MTF USDCAD.,H4: loaded successfully
2	21:39:33.955	Custom indicator SupResZone_MTF USDCAD.,H4: loaded successfully
2	21:39:33.966	Custom indicator MACD-2x USDCAD.,H4: loaded successfully
2	21:39:34.035	Custom indicator Laguerre-ACS1 USDCAD.,H4: loaded successfully
2	21:39:34.272	Custom indicator SupResZone_MTF USDCHF.,H4: loaded successfully
2	21:39:34.283	Custom indicator SupResZone_MTF USDCHF.,H4: loaded successfully
2	21:39:34.293	Custom indicator SupResZone_MTF USDCHF.,H4: loaded successfully
2	21:39:34.303	Custom indicator SupResZone_MTF USDCHF.,H4: loaded successfully
2	21:39:34.314	Custom indicator MACD-2x USDCHF.,H4: loaded successfully
2	21:39:34.387	Custom indicator Laguerre-ACS1 USDCHF.,H4: loaded successfully
2	21:39:34.667	Custom indicator GMMA Long USDJPY.,H1: loaded successfully
2	21:39:34.684	Custom indicator GMMA Short USDJPY.,H1: loaded successfully
2	21:39:34.694	Custom indicator 23MTF_MovingAverageIGOR USDJPY.,H1: loaded successfully
2	21:39:34.705	Custom indicator 23MTF_MovingAverageIGOR USDJPY.,H1: loaded successfully
2	21:39:34.717	Custom indicator SupResZone_MTF USDJPY.,H1: loaded successfully
2	21:39:34.729	Custom indicator SupResZone_MTF USDJPY.,H1: loaded successfully
2	21:39:34.742	Custom indicator MACD-2x USDJPY.,H1: loaded successfully
2	21:39:34.985	Custom indicator MACD-2x USDCNH,Daily: loaded successfully
2	21:39:34.995	Custom indicator MACD-2x USDCNH,Daily: loaded successfully
2	21:39:35.091	Custom indicator Laguerre-ACS1 USDCNH,Daily: loaded successfully
0	21:39:37.054	'120010550': login on PRC-Live through Server 3 (ping: 36.48 ms)
0	21:39:37.975	'120010550': login datacenter on PRC-Live through Server 3 (ping: 36.48 ms)
0	21:39:38.303	'120010550': previous successful authorization performed from 106.181.135.60
0	21:39:54.345	'120010550': ping to current access point Server 3 is 42.55 ms
2	21:46:47.741	Custom indicator MACD-2x USDXXX,H1: removed
2	21:46:47.741	Custom indicator Laguerre-ACS1 USDXXX,H1: removed
2	21:46:47.748	Custom indicator SupResZone_MTF XAUUSD.,H1: removed
2	21:46:47.749	Custom indicator SupResZone_MTF XAUUSD.,H1: removed
2	21:46:47.751	Custom indicator SupResZone_MTF XAUUSD.,H1: removed
2	21:46:47.753	Custom indicator SupResZone_MTF XAUUSD.,H1: removed
2	21:46:47.755	Custom indicator MACD-2x XAUUSD.,H1: removed
2	21:46:47.755	Custom indicator Laguerre-ACS1 XAUUSD.,H1: removed
2	21:46:47.786	Custom indicator SupResZone_MTF XAGUSD.,H1: removed
2	21:46:47.788	Custom indicator SupResZone_MTF XAGUSD.,H1: removed
2	21:46:47.790	Custom indicator SupResZone_MTF XAGUSD.,H1: removed
2	21:46:47.792	Custom indicator SupResZone_MTF XAGUSD.,H1: removed
2	21:46:47.795	Custom indicator MACD-2x XAGUSD.,H1: removed
2	21:46:47.795	Custom indicator Laguerre-ACS1 XAGUSD.,H1: removed
2	21:46:47.804	Custom indicator SupResZone_MTF US_OIL,H4: removed
2	21:46:47.805	Custom indicator SupResZone_MTF US_OIL,H4: removed
2	21:46:47.806	Custom indicator SupResZone_MTF US_OIL,H4: removed
2	21:46:47.808	Custom indicator SupResZone_MTF US_OIL,H4: removed
2	21:46:47.810	Custom indicator MACD-2x US_OIL,H4: removed
2	21:46:47.810	Custom indicator Laguerre-ACS1 US_OIL,H4: removed
2	21:46:47.830	Custom indicator SupResZone_MTF JP225,H1: removed
2	21:46:47.832	Custom indicator SupResZone_MTF JP225,H1: removed
2	21:46:47.835	Custom indicator SupResZone_MTF JP225,H1: removed
2	21:46:47.836	Custom indicator SupResZone_MTF JP225,H1: removed
2	21:46:47.838	Custom indicator MACD-2x JP225,H1: removed
2	21:46:47.838	Custom indicator Laguerre-ACS1 JP225,H1: removed
2	21:46:47.844	Custom indicator SupResZone_MTF SPX500,H1: removed
2	21:46:47.846	Custom indicator SupResZone_MTF SPX500,H1: removed
2	21:46:47.847	Custom indicator SupResZone_MTF SPX500,H1: removed
2	21:46:47.849	Custom indicator SupResZone_MTF SPX500,H1: removed
2	21:46:47.851	Custom indicator MACD-2x SPX500,H1: removed
2	21:46:47.851	Custom indicator Laguerre-ACS1 SPX500,H1: removed
2	21:46:47.858	Custom indicator SupResZone_MTF EURAUD.,Daily: removed
2	21:46:47.859	Custom indicator SupResZone_MTF EURAUD.,Daily: removed
2	21:46:47.860	Custom indicator SupResZone_MTF EURAUD.,Daily: removed
2	21:46:47.862	Custom indicator SupResZone_MTF EURAUD.,Daily: removed
2	21:46:47.863	Custom indicator MACD-2x EURAUD.,Daily: removed
2	21:46:47.863	Custom indicator Laguerre-ACS1 EURAUD.,Daily: removed
2	21:46:47.871	Custom indicator SupResZone_MTF AUDJPY.,Daily: removed
2	21:46:47.873	Custom indicator SupResZone_MTF AUDJPY.,Daily: removed
2	21:46:47.874	Custom indicator SupResZone_MTF AUDJPY.,Daily: removed
2	21:46:47.876	Custom indicator SupResZone_MTF AUDJPY.,Daily: removed
2	21:46:47.877	Custom indicator MACD-2x AUDJPY.,Daily: removed
2	21:46:47.877	Custom indicator Laguerre-ACS1 AUDJPY.,Daily: removed
2	21:46:47.896	Custom indicator SupResZone_MTF AUDUSD.,Daily: removed
2	21:46:47.897	Custom indicator SupResZone_MTF AUDUSD.,Daily: removed
2	21:46:47.899	Custom indicator SupResZone_MTF AUDUSD.,Daily: removed
2	21:46:47.902	Custom indicator SupResZone_MTF AUDUSD.,Daily: removed
2	21:46:47.903	Custom indicator MACD-2x AUDUSD.,Daily: removed
2	21:46:47.903	Custom indicator Laguerre-ACS1 AUDUSD.,Daily: removed
2	21:46:47.921	Custom indicator SupResZone_MTF USDJPY.,H4: removed
2	21:46:47.923	Custom indicator SupResZone_MTF USDJPY.,H4: removed
2	21:46:47.925	Custom indicator SupResZone_MTF USDJPY.,H4: removed
2	21:46:47.927	Custom indicator SupResZone_MTF USDJPY.,H4: removed
2	21:46:47.928	Custom indicator MACD-2x USDJPY.,H4: removed
2	21:46:47.928	Custom indicator Laguerre-ACS1 USDJPY.,H4: removed
2	21:46:47.947	Custom indicator SupResZone_MTF EURJPY.,H4: removed
2	21:46:47.948	Custom indicator SupResZone_MTF EURJPY.,H4: removed
2	21:46:47.950	Custom indicator SupResZone_MTF EURJPY.,H4: removed
2	21:46:47.952	Custom indicator SupResZone_MTF EURJPY.,H4: removed
2	21:46:47.954	Custom indicator MACD-2x EURJPY.,H4: removed
2	21:46:47.954	Custom indicator Laguerre-ACS1 EURJPY.,H4: removed
2	21:46:47.973	Custom indicator SupResZone_MTF EURUSD.,H1: removed
2	21:46:47.975	Custom indicator SupResZone_MTF EURUSD.,H1: removed
2	21:46:47.976	Custom indicator SupResZone_MTF EURUSD.,H1: removed
2	21:46:47.978	Custom indicator SupResZone_MTF EURUSD.,H1: removed
2	21:46:47.979	Custom indicator MACD-2x EURUSD.,H1: removed
2	21:46:47.979	Custom indicator Laguerre-ACS1 EURUSD.,H1: removed
2	21:46:47.997	Custom indicator SupResZone_MTF GBPUSD.,H1: removed
2	21:46:47.998	Custom indicator SupResZone_MTF GBPUSD.,H1: removed
2	21:46:48.000	Custom indicator SupResZone_MTF GBPUSD.,H1: removed
2	21:46:48.002	Custom indicator SupResZone_MTF GBPUSD.,H1: removed
2	21:46:48.003	Custom indicator MACD-2x GBPUSD.,H1: removed
2	21:46:48.003	Custom indicator Laguerre-ACS1 GBPUSD.,H1: removed
2	21:46:48.022	Custom indicator SupResZone_MTF USDCAD.,H4: removed
2	21:46:48.024	Custom indicator SupResZone_MTF USDCAD.,H4: removed
2	21:46:48.025	Custom indicator SupResZone_MTF USDCAD.,H4: removed
2	21:46:48.027	Custom indicator SupResZone_MTF USDCAD.,H4: removed
2	21:46:48.029	Custom indicator MACD-2x USDCAD.,H4: removed
2	21:46:48.029	Custom indicator Laguerre-ACS1 USDCAD.,H4: removed
2	21:46:48.043	Custom indicator SupResZone_MTF USDCHF.,H4: removed
2	21:46:48.045	Custom indicator SupResZone_MTF USDCHF.,H4: removed
2	21:46:48.047	Custom indicator SupResZone_MTF USDCHF.,H4: removed
2	21:46:48.048	Custom indicator SupResZone_MTF USDCHF.,H4: removed
2	21:46:48.049	Custom indicator MACD-2x USDCHF.,H4: removed
2	21:46:48.049	Custom indicator Laguerre-ACS1 USDCHF.,H4: removed
2	21:46:48.066	Custom indicator GMMA Long USDJPY.,H1: removed
2	21:46:48.068	Custom indicator GMMA Short USDJPY.,H1: removed
2	21:46:48.069	Custom indicator 23MTF_MovingAverageIGOR USDJPY.,H1: removed
2	21:46:48.071	Custom indicator 23MTF_MovingAverageIGOR USDJPY.,H1: removed
2	21:46:48.072	Custom indicator SupResZone_MTF USDJPY.,H1: removed
2	21:46:48.074	Custom indicator SupResZone_MTF USDJPY.,H1: removed
2	21:46:48.076	Custom indicator MACD-2x USDJPY.,H1: removed
2	21:46:48.085	Custom indicator MACD-2x USDCNH,Daily: removed
2	21:46:48.087	Custom indicator MACD-2x USDCNH,Daily: removed
2	21:46:48.087	Custom indicator Laguerre-ACS1 USDCNH,Daily: removed
0	21:46:48.555	FX Trader build 1170 stopped
