2	00:04:23.534	Custom indicator Laguerre-ACS1 JP225,H4: removed
2	00:04:23.536	Custom indicator MACD JP225,H4: removed
2	00:04:23.642	Custom indicator 小鱼\Laguerre-ACS1 JP225,H4: loaded successfully
2	00:04:23.656	Custom indicator MACD JP225,H4: loaded successfully
2	02:29:48.147	Custom indicator Laguerre-ACS1 USDJPY,H1: removed
2	02:29:48.151	Custom indicator MACD USDJPY,H1: removed
2	02:29:48.164	Custom indicator Laguerre-ACS1 EURJPY,Daily: removed
2	02:29:48.165	Custom indicator MACD EURJPY,Daily: removed
2	02:29:48.171	Custom indicator Laguerre-ACS1 EURUSD,Daily: removed
2	02:29:48.174	Custom indicator MACD EURUSD,Daily: removed
2	02:29:48.197	Custom indicator Laguerre-ACS1 GBPUSD,H1: removed
2	02:29:48.199	Custom indicator MACD GBPUSD,H1: removed
2	02:29:48.221	Custom indicator Laguerre-ACS1 GBPJPY,H4: removed
2	02:29:48.223	Custom indicator MACD GBPJPY,H4: removed
2	02:29:48.245	Custom indicator Laguerre-ACS1 JP225,H4: removed
2	02:29:48.247	Custom indicator MACD JP225,H4: removed
2	02:29:48.253	Custom indicator Laguerre-ACS1 NDX100,Daily: removed
2	02:29:48.255	Custom indicator MACD NDX100,Daily: removed
2	02:29:48.259	Custom indicator Laguerre-ACS1 SPX500,Daily: removed
2	02:29:48.261	Custom indicator MACD SPX500,Daily: removed
2	02:29:48.265	Custom indicator Laguerre-ACS1 A50,Daily: removed
2	02:29:48.268	Custom indicator MACD A50,Daily: removed
2	02:29:48.273	Custom indicator Laguerre-ACS1 CHINA300,Daily: removed
2	02:29:48.275	Custom indicator MACD CHINA300,Daily: removed
2	02:29:48.280	Custom indicator Laguerre-ACS1 XAUUSD,Daily: removed
2	02:29:48.283	Custom indicator MACD XAUUSD,Daily: removed
2	02:29:48.291	Custom indicator Laguerre-ACS1 US_OIL,Daily: removed
2	02:29:48.293	Custom indicator MACD US_OIL,Daily: removed
0	02:29:48.679	FX Trader build 1170 stopped
0	12:14:30.638	FX Trader build 1170 started (Performance Ronnaru Capital Ltd.)
0	12:14:30.638	Windows 10 Home x64, IE 11, UAC, 8 x Intel Core i7-6700HQ  @ 2.60GHz, Memory: 26164 / 32639 Mb, Disk: 152 / 264 Gb, GMT+9
0	12:14:30.638	Data Folder: C:\Users\tiany\AppData\Roaming\MetaQuotes\Terminal\79214103E7A6FC97F86082D309D0B84B
2	12:14:33.191	Custom indicator 小鱼\Laguerre-ACS1 USDJPY,H1: loaded successfully
2	12:14:33.233	Custom indicator MACD USDJPY,H1: loaded successfully
2	12:14:33.403	Custom indicator 小鱼\Laguerre-ACS1 EURJPY,Daily: loaded successfully
2	12:14:33.416	Custom indicator MACD EURJPY,Daily: loaded successfully
2	12:14:33.593	Custom indicator 小鱼\Laguerre-ACS1 EURUSD,Daily: loaded successfully
2	12:14:33.606	Custom indicator MACD EURUSD,Daily: loaded successfully
2	12:14:33.805	Custom indicator 小鱼\Laguerre-ACS1 GBPUSD,H1: loaded successfully
2	12:14:33.820	Custom indicator MACD GBPUSD,H1: loaded successfully
2	12:14:34.026	Custom indicator 小鱼\Laguerre-ACS1 GBPJPY,H4: loaded successfully
2	12:14:34.039	Custom indicator MACD GBPJPY,H4: loaded successfully
2	12:14:34.302	Custom indicator 小鱼\Laguerre-ACS1 JP225,H4: loaded successfully
2	12:14:34.318	Custom indicator MACD JP225,H4: loaded successfully
2	12:14:34.531	Custom indicator 小鱼\Laguerre-ACS1 NDX100,Daily: loaded successfully
2	12:14:34.543	Custom indicator MACD NDX100,Daily: loaded successfully
2	12:14:34.729	Custom indicator 小鱼\Laguerre-ACS1 SPX500,Daily: loaded successfully
2	12:14:34.742	Custom indicator MACD SPX500,Daily: loaded successfully
2	12:14:34.938	Custom indicator 小鱼\Laguerre-ACS1 A50,Daily: loaded successfully
2	12:14:34.954	Custom indicator MACD A50,Daily: loaded successfully
2	12:14:35.139	Custom indicator 小鱼\Laguerre-ACS1 CHINA300,Daily: loaded successfully
2	12:14:35.150	Custom indicator MACD CHINA300,Daily: loaded successfully
2	12:14:35.345	Custom indicator 小鱼\Laguerre-ACS1 XAUUSD,Daily: loaded successfully
2	12:14:35.358	Custom indicator MACD XAUUSD,Daily: loaded successfully
2	12:14:35.562	Custom indicator 小鱼\Laguerre-ACS1 US_OIL,Daily: loaded successfully
2	12:14:35.578	Custom indicator MACD US_OIL,Daily: loaded successfully
0	16:35:58.381	FX Trader build 1170 started (Performance Ronnaru Capital Ltd.)
0	16:35:58.381	Windows 10 Home x64, IE 11, UAC, 8 x Intel Core i7-6700HQ  @ 2.60GHz, Memory: 25930 / 32639 Mb, Disk: 148 / 264 Gb, GMT+9
0	16:35:58.381	Data Folder: C:\Users\tiany\AppData\Roaming\MetaQuotes\Terminal\79214103E7A6FC97F86082D309D0B84B
2	16:36:01.177	Custom indicator 小鱼\Laguerre-ACS1 USDJPY,H1: loaded successfully
2	16:36:01.189	Custom indicator MACD USDJPY,H1: loaded successfully
2	16:36:01.305	Custom indicator 小鱼\Laguerre-ACS1 EURJPY,Daily: loaded successfully
2	16:36:01.317	Custom indicator MACD EURJPY,Daily: loaded successfully
2	16:36:01.449	Custom indicator 小鱼\Laguerre-ACS1 EURUSD,Daily: loaded successfully
2	16:36:01.461	Custom indicator MACD EURUSD,Daily: loaded successfully
2	16:36:01.601	Custom indicator 小鱼\Laguerre-ACS1 GBPUSD,H1: loaded successfully
2	16:36:01.611	Custom indicator MACD GBPUSD,H1: loaded successfully
2	16:36:01.740	Custom indicator 小鱼\Laguerre-ACS1 GBPJPY,H4: loaded successfully
2	16:36:01.758	Custom indicator MACD GBPJPY,H4: loaded successfully
2	16:36:01.894	Custom indicator 小鱼\Laguerre-ACS1 JP225,H4: loaded successfully
2	16:36:01.907	Custom indicator MACD JP225,H4: loaded successfully
2	16:36:02.042	Custom indicator 小鱼\Laguerre-ACS1 NDX100,Daily: loaded successfully
2	16:36:02.054	Custom indicator MACD NDX100,Daily: loaded successfully
2	16:36:02.193	Custom indicator 小鱼\Laguerre-ACS1 SPX500,Daily: loaded successfully
2	16:36:02.203	Custom indicator MACD SPX500,Daily: loaded successfully
2	16:36:02.333	Custom indicator 小鱼\Laguerre-ACS1 A50,Daily: loaded successfully
2	16:36:02.351	Custom indicator MACD A50,Daily: loaded successfully
2	16:36:02.499	Custom indicator 小鱼\Laguerre-ACS1 CHINA300,Daily: loaded successfully
2	16:36:02.511	Custom indicator MACD CHINA300,Daily: loaded successfully
2	16:36:02.683	Custom indicator 小鱼\Laguerre-ACS1 XAUUSD,Daily: loaded successfully
2	16:36:02.698	Custom indicator MACD XAUUSD,Daily: loaded successfully
2	16:36:02.853	Custom indicator 小鱼\Laguerre-ACS1 US_OIL,Daily: loaded successfully
2	16:36:02.870	Custom indicator MACD US_OIL,Daily: loaded successfully
0	16:36:05.197	'120010550': login on PRC-Live through Server 8 (ping: 2273.37 ms)
0	16:36:07.644	'120010550': login datacenter on PRC-Live through Server 8 (ping: 2273.37 ms)
0	16:36:08.249	'120010550': previous successful authorization performed from 106.181.141.24
0	16:36:25.931	'120010550': auto connecting to a better access point Server 3 (ping is 27.65 ms)
0	16:36:26.640	'120010550': login on PRC-Live through Server 3 (ping: 27.65 ms)
0	16:36:27.622	'120010550': login datacenter on PRC-Live through Server 3 (ping: 27.65 ms)
0	16:36:27.967	'120010550': previous successful authorization performed from 106.181.141.24
1	20:34:19.575	'120010550': datacenter connecting failed [6]
0	20:34:20.359	'120010550': login on PRC-Live through Server 3 (ping: 27.65 ms)
0	20:34:21.424	'120010550': login datacenter on PRC-Live through Server 3 (ping: 27.65 ms)
0	20:34:21.708	'120010550': previous successful authorization performed from 106.181.141.24
0	20:34:39.677	'120010550': ping to current access point Server 3 is 41.38 ms
2	22:37:15.357	Custom indicator Laguerre-ACS1 USDJPY,H1: removed
2	22:37:15.362	Custom indicator MACD USDJPY,H1: removed
2	22:37:15.447	Custom indicator Laguerre-ACS1 EURJPY,Daily: removed
2	22:37:15.452	Custom indicator MACD EURJPY,Daily: removed
2	22:37:15.469	Custom indicator Laguerre-ACS1 EURUSD,Daily: removed
2	22:37:15.475	Custom indicator MACD EURUSD,Daily: removed
2	22:37:15.544	Custom indicator Laguerre-ACS1 GBPUSD,H4: removed
2	22:37:15.548	Custom indicator MACD GBPUSD,H4: removed
2	22:37:15.615	Custom indicator Laguerre-ACS1 GBPJPY,H4: removed
2	22:37:15.621	Custom indicator MACD GBPJPY,H4: removed
2	22:37:15.697	Custom indicator Laguerre-ACS1 JP225,H4: removed
2	22:37:15.701	Custom indicator MACD JP225,H4: removed
2	22:37:15.719	Custom indicator Laguerre-ACS1 NDX100,Daily: removed
2	22:37:15.724	Custom indicator MACD NDX100,Daily: removed
2	22:37:15.734	Custom indicator Laguerre-ACS1 SPX500,Daily: removed
2	22:37:15.738	Custom indicator MACD SPX500,Daily: removed
2	22:37:15.749	Custom indicator Laguerre-ACS1 A50,Daily: removed
2	22:37:15.754	Custom indicator MACD A50,Daily: removed
2	22:37:15.766	Custom indicator Laguerre-ACS1 CHINA300,Daily: removed
2	22:37:15.770	Custom indicator MACD CHINA300,Daily: removed
2	22:37:15.781	Custom indicator Laguerre-ACS1 XAUUSD,Daily: removed
2	22:37:15.783	Custom indicator MACD XAUUSD,Daily: removed
2	22:37:15.798	Custom indicator Laguerre-ACS1 US_OIL,Daily: removed
2	22:37:15.801	Custom indicator MACD US_OIL,Daily: removed
0	22:37:17.321	FX Trader build 1170 stopped
