0	00:00:56.516	'120010550': modify order #10990593 buy 0.01 AUDUSD. at 0.70195 sl: 0.00000 tp: 0.00000 -> sl: 0.69473 tp: 0.00000
0	00:00:56.944	'120010550': order #10990593 buy 0.01 AUDUSD. at 0.70195 was modified -> sl: 0.69473 tp: 0.00000
0	00:01:22.546	'120010550': modify order #10990593 buy 0.01 AUDUSD. at 0.70195 sl: 0.69473 tp: 0.00000 -> sl: 0.69470 tp: 0.00000
0	00:01:23.162	'120010550': order #10990593 buy 0.01 AUDUSD. at 0.70195 was modified -> sl: 0.69470 tp: 0.00000
2	00:03:55.922	Custom indicator SupResZone_MTF USDXXX,Daily: removed
2	00:03:55.924	Custom indicator SupResZone_MTF USDXXX,Daily: removed
2	00:03:55.925	Custom indicator SupResZone_MTF USDXXX,Daily: removed
2	00:03:55.927	Custom indicator SupResZone_MTF USDXXX,Daily: removed
2	00:03:55.929	Custom indicator MACD-2x USDXXX,Daily: removed
2	00:03:55.929	Custom indicator Laguerre-ACS1 USDXXX,Daily: removed
2	00:03:55.939	Custom indicator SupResZone_MTF XAUUSD.,H1: removed
2	00:03:55.942	Custom indicator SupResZone_MTF XAUUSD.,H1: removed
2	00:03:55.945	Custom indicator SupResZone_MTF XAUUSD.,H1: removed
2	00:03:55.947	Custom indicator SupResZone_MTF XAUUSD.,H1: removed
2	00:03:55.949	Custom indicator MACD-2x XAUUSD.,H1: removed
2	00:03:55.949	Custom indicator Laguerre-ACS1 XAUUSD.,H1: removed
2	00:03:55.958	Custom indicator SupResZone_MTF XAGUSD.,H1: removed
2	00:03:55.960	Custom indicator SupResZone_MTF XAGUSD.,H1: removed
2	00:03:55.963	Custom indicator SupResZone_MTF XAGUSD.,H1: removed
2	00:03:55.965	Custom indicator SupResZone_MTF XAGUSD.,H1: removed
2	00:03:55.966	Custom indicator MACD-2x XAGUSD.,H1: removed
2	00:03:55.967	Custom indicator Laguerre-ACS1 XAGUSD.,H1: removed
2	00:03:55.998	Custom indicator SupResZone_MTF US_OIL,H1: removed
2	00:03:56.000	Custom indicator SupResZone_MTF US_OIL,H1: removed
2	00:03:56.003	Custom indicator SupResZone_MTF US_OIL,H1: removed
2	00:03:56.006	Custom indicator SupResZone_MTF US_OIL,H1: removed
2	00:03:56.008	Custom indicator MACD-2x US_OIL,H1: removed
2	00:03:56.008	Custom indicator Laguerre-ACS1 US_OIL,H1: removed
2	00:03:56.041	Custom indicator SupResZone_MTF JP225,H1: removed
2	00:03:56.045	Custom indicator SupResZone_MTF JP225,H1: removed
2	00:03:56.048	Custom indicator SupResZone_MTF JP225,H1: removed
2	00:03:56.051	Custom indicator SupResZone_MTF JP225,H1: removed
2	00:03:56.054	Custom indicator MACD-2x JP225,H1: removed
2	00:03:56.055	Custom indicator Laguerre-ACS1 JP225,H1: removed
2	00:03:56.062	Custom indicator SupResZone_MTF SPX500,H1: removed
2	00:03:56.064	Custom indicator SupResZone_MTF SPX500,H1: removed
2	00:03:56.067	Custom indicator SupResZone_MTF SPX500,H1: removed
2	00:03:56.071	Custom indicator SupResZone_MTF SPX500,H1: removed
2	00:03:56.074	Custom indicator MACD-2x SPX500,H1: removed
2	00:03:56.074	Custom indicator Laguerre-ACS1 SPX500,H1: removed
2	00:03:56.111	Custom indicator SupResZone_MTF EURAUD.,H1: removed
2	00:03:56.113	Custom indicator SupResZone_MTF EURAUD.,H1: removed
2	00:03:56.115	Custom indicator SupResZone_MTF EURAUD.,H1: removed
2	00:03:56.117	Custom indicator SupResZone_MTF EURAUD.,H1: removed
2	00:03:56.119	Custom indicator MACD-2x EURAUD.,H1: removed
2	00:03:56.119	Custom indicator Laguerre-ACS1 EURAUD.,H1: removed
2	00:03:56.144	Custom indicator SupResZone_MTF AUDJPY.,H1: removed
2	00:03:56.146	Custom indicator SupResZone_MTF AUDJPY.,H1: removed
2	00:03:56.149	Custom indicator SupResZone_MTF AUDJPY.,H1: removed
2	00:03:56.150	Custom indicator SupResZone_MTF AUDJPY.,H1: removed
2	00:03:56.153	Custom indicator MACD-2x AUDJPY.,H1: removed
2	00:03:56.153	Custom indicator Laguerre-ACS1 AUDJPY.,H1: removed
2	00:03:56.179	Custom indicator SupResZone_MTF AUDUSD.,H1: removed
2	00:03:56.180	Custom indicator SupResZone_MTF AUDUSD.,H1: removed
2	00:03:56.182	Custom indicator SupResZone_MTF AUDUSD.,H1: removed
2	00:03:56.186	Custom indicator SupResZone_MTF AUDUSD.,H1: removed
2	00:03:56.189	Custom indicator MACD-2x AUDUSD.,H1: removed
2	00:03:56.189	Custom indicator Laguerre-ACS1 AUDUSD.,H1: removed
2	00:03:56.214	Custom indicator SupResZone_MTF USDJPY.,H1: removed
2	00:03:56.216	Custom indicator SupResZone_MTF USDJPY.,H1: removed
2	00:03:56.219	Custom indicator SupResZone_MTF USDJPY.,H1: removed
2	00:03:56.221	Custom indicator SupResZone_MTF USDJPY.,H1: removed
2	00:03:56.224	Custom indicator MACD-2x USDJPY.,H1: removed
2	00:03:56.224	Custom indicator Laguerre-ACS1 USDJPY.,H1: removed
2	00:03:56.229	Custom indicator SupResZone_MTF EURJPY.,H1: removed
2	00:03:56.233	Custom indicator SupResZone_MTF EURJPY.,H1: removed
2	00:03:56.237	Custom indicator SupResZone_MTF EURJPY.,H1: removed
2	00:03:56.239	Custom indicator SupResZone_MTF EURJPY.,H1: removed
2	00:03:56.241	Custom indicator MACD-2x EURJPY.,H1: removed
2	00:03:56.241	Custom indicator Laguerre-ACS1 EURJPY.,H1: removed
2	00:03:56.264	Custom indicator SupResZone_MTF EURUSD.,H1: removed
2	00:03:56.266	Custom indicator SupResZone_MTF EURUSD.,H1: removed
2	00:03:56.270	Custom indicator SupResZone_MTF EURUSD.,H1: removed
2	00:03:56.272	Custom indicator SupResZone_MTF EURUSD.,H1: removed
2	00:03:56.274	Custom indicator MACD-2x EURUSD.,H1: removed
2	00:03:56.275	Custom indicator Laguerre-ACS1 EURUSD.,H1: removed
2	00:03:56.302	Custom indicator SupResZone_MTF GBPJPY.,H1: removed
2	00:03:56.305	Custom indicator SupResZone_MTF GBPJPY.,H1: removed
2	00:03:56.307	Custom indicator SupResZone_MTF GBPJPY.,H1: removed
2	00:03:56.309	Custom indicator SupResZone_MTF GBPJPY.,H1: removed
2	00:03:56.311	Custom indicator MACD-2x GBPJPY.,H1: removed
2	00:03:56.311	Custom indicator Laguerre-ACS1 GBPJPY.,H1: removed
2	00:03:56.332	Custom indicator SupResZone_MTF GBPUSD.,H1: removed
2	00:03:56.333	Custom indicator SupResZone_MTF GBPUSD.,H1: removed
2	00:03:56.336	Custom indicator SupResZone_MTF GBPUSD.,H1: removed
2	00:03:56.339	Custom indicator SupResZone_MTF GBPUSD.,H1: removed
2	00:03:56.341	Custom indicator MACD-2x GBPUSD.,H1: removed
2	00:03:56.341	Custom indicator Laguerre-ACS1 GBPUSD.,H1: removed
2	00:03:56.363	Custom indicator SupResZone_MTF USDCAD.,H4: removed
2	00:03:56.365	Custom indicator SupResZone_MTF USDCAD.,H4: removed
2	00:03:56.368	Custom indicator SupResZone_MTF USDCAD.,H4: removed
2	00:03:56.372	Custom indicator SupResZone_MTF USDCAD.,H4: removed
2	00:03:56.375	Custom indicator MACD-2x USDCAD.,H4: removed
2	00:03:56.375	Custom indicator Laguerre-ACS1 USDCAD.,H4: removed
2	00:03:56.395	Custom indicator SupResZone_MTF USDCHF.,H4: removed
2	00:03:56.397	Custom indicator SupResZone_MTF USDCHF.,H4: removed
2	00:03:56.398	Custom indicator SupResZone_MTF USDCHF.,H4: removed
2	00:03:56.400	Custom indicator SupResZone_MTF USDCHF.,H4: removed
2	00:03:56.403	Custom indicator MACD-2x USDCHF.,H4: removed
2	00:03:56.403	Custom indicator Laguerre-ACS1 USDCHF.,H4: removed
2	00:03:56.410	Custom indicator MACD-2x USDCNH,Daily: removed
2	00:03:56.413	Custom indicator MACD-2x USDCNH,Daily: removed
2	00:03:56.413	Custom indicator Laguerre-ACS1 USDCNH,Daily: removed
2	00:03:56.429	Custom indicator GMMA Long USDJPY.,H1: removed
2	00:03:56.430	Custom indicator GMMA Short USDJPY.,H1: removed
2	00:03:56.432	Custom indicator 23MTF_MovingAverageIGOR USDJPY.,H1: removed
2	00:03:56.435	Custom indicator 23MTF_MovingAverageIGOR USDJPY.,H1: removed
2	00:03:56.437	Custom indicator SupResZone_MTF USDJPY.,H1: removed
2	00:03:56.439	Custom indicator SupResZone_MTF USDJPY.,H1: removed
2	00:03:56.442	Custom indicator MACD-2x USDJPY.,H1: removed
2	00:03:56.452	Custom indicator SupResZone_MTF CHINA300,Daily: removed
2	00:03:56.454	Custom indicator SupResZone_MTF CHINA300,Daily: removed
2	00:03:56.456	Custom indicator SupResZone_MTF CHINA300,Daily: removed
2	00:03:56.458	Custom indicator SupResZone_MTF CHINA300,Daily: removed
2	00:03:56.460	Custom indicator MACD-2x CHINA300,Daily: removed
2	00:03:56.460	Custom indicator Laguerre-ACS1 CHINA300,Daily: removed
0	00:03:56.974	FX Trader build 1170 stopped
0	18:41:58.906	FX Trader build 1170 started (Performance Ronnaru Capital Ltd.)
0	18:41:58.906	Windows 10 Home x64, IE 11, UAC, 8 x Intel Core i7-6700HQ  @ 2.60GHz, Memory: 23945 / 32639 Mb, Disk: 143 / 264 Gb, GMT+8
0	18:41:58.906	Data Folder: C:\Users\tiany\AppData\Roaming\MetaQuotes\Terminal\79214103E7A6FC97F86082D309D0B84B
2	18:42:00.838	Custom indicator SupResZone_MTF USDXXX,Daily: loaded successfully
2	18:42:00.852	Custom indicator SupResZone_MTF USDXXX,Daily: loaded successfully
2	18:42:00.864	Custom indicator SupResZone_MTF USDXXX,Daily: loaded successfully
2	18:42:00.875	Custom indicator SupResZone_MTF USDXXX,Daily: loaded successfully
2	18:42:00.887	Custom indicator MACD-2x USDXXX,Daily: loaded successfully
2	18:42:00.959	Custom indicator Laguerre-ACS1 USDXXX,Daily: loaded successfully
2	18:42:01.114	Custom indicator SupResZone_MTF XAUUSD.,H1: loaded successfully
2	18:42:01.125	Custom indicator SupResZone_MTF XAUUSD.,H1: loaded successfully
2	18:42:01.136	Custom indicator SupResZone_MTF XAUUSD.,H1: loaded successfully
2	18:42:01.148	Custom indicator SupResZone_MTF XAUUSD.,H1: loaded successfully
2	18:42:01.158	Custom indicator MACD-2x XAUUSD.,H1: loaded successfully
2	18:42:01.236	Custom indicator Laguerre-ACS1 XAUUSD.,H1: loaded successfully
2	18:42:01.509	Custom indicator SupResZone_MTF XAGUSD.,H1: loaded successfully
2	18:42:01.524	Custom indicator SupResZone_MTF XAGUSD.,H1: loaded successfully
2	18:42:01.535	Custom indicator SupResZone_MTF XAGUSD.,H1: loaded successfully
2	18:42:01.549	Custom indicator SupResZone_MTF XAGUSD.,H1: loaded successfully
2	18:42:01.561	Custom indicator MACD-2x XAGUSD.,H1: loaded successfully
2	18:42:01.636	Custom indicator Laguerre-ACS1 XAGUSD.,H1: loaded successfully
2	18:42:01.847	Custom indicator SupResZone_MTF US_OIL,H1: loaded successfully
2	18:42:01.859	Custom indicator SupResZone_MTF US_OIL,H1: loaded successfully
2	18:42:01.871	Custom indicator SupResZone_MTF US_OIL,H1: loaded successfully
2	18:42:01.882	Custom indicator SupResZone_MTF US_OIL,H1: loaded successfully
2	18:42:01.897	Custom indicator MACD-2x US_OIL,H1: loaded successfully
2	18:42:01.975	Custom indicator Laguerre-ACS1 US_OIL,H1: loaded successfully
2	18:42:02.268	Custom indicator SupResZone_MTF JP225,H1: loaded successfully
2	18:42:02.286	Custom indicator SupResZone_MTF JP225,H1: loaded successfully
2	18:42:02.300	Custom indicator SupResZone_MTF JP225,H1: loaded successfully
2	18:42:02.311	Custom indicator SupResZone_MTF JP225,H1: loaded successfully
2	18:42:02.322	Custom indicator MACD-2x JP225,H1: loaded successfully
2	18:42:02.392	Custom indicator Laguerre-ACS1 JP225,H1: loaded successfully
2	18:42:02.671	Custom indicator SupResZone_MTF SPX500,H1: loaded successfully
2	18:42:02.682	Custom indicator SupResZone_MTF SPX500,H1: loaded successfully
2	18:42:02.694	Custom indicator SupResZone_MTF SPX500,H1: loaded successfully
2	18:42:02.703	Custom indicator SupResZone_MTF SPX500,H1: loaded successfully
2	18:42:02.714	Custom indicator MACD-2x SPX500,H1: loaded successfully
2	18:42:02.782	Custom indicator Laguerre-ACS1 SPX500,H1: loaded successfully
2	18:42:03.089	Custom indicator SupResZone_MTF EURAUD.,H1: loaded successfully
2	18:42:03.114	Custom indicator SupResZone_MTF EURAUD.,H1: loaded successfully
2	18:42:03.131	Custom indicator SupResZone_MTF EURAUD.,H1: loaded successfully
2	18:42:03.142	Custom indicator SupResZone_MTF EURAUD.,H1: loaded successfully
2	18:42:03.152	Custom indicator MACD-2x EURAUD.,H1: loaded successfully
2	18:42:03.223	Custom indicator Laguerre-ACS1 EURAUD.,H1: loaded successfully
2	18:42:03.427	Custom indicator SupResZone_MTF AUDJPY.,H1: loaded successfully
2	18:42:03.437	Custom indicator SupResZone_MTF AUDJPY.,H1: loaded successfully
2	18:42:03.447	Custom indicator SupResZone_MTF AUDJPY.,H1: loaded successfully
2	18:42:03.458	Custom indicator SupResZone_MTF AUDJPY.,H1: loaded successfully
2	18:42:03.467	Custom indicator MACD-2x AUDJPY.,H1: loaded successfully
2	18:42:03.536	Custom indicator Laguerre-ACS1 AUDJPY.,H1: loaded successfully
2	18:42:03.719	Custom indicator SupResZone_MTF AUDUSD.,H1: loaded successfully
2	18:42:03.734	Custom indicator SupResZone_MTF AUDUSD.,H1: loaded successfully
2	18:42:03.747	Custom indicator SupResZone_MTF AUDUSD.,H1: loaded successfully
2	18:42:03.758	Custom indicator SupResZone_MTF AUDUSD.,H1: loaded successfully
2	18:42:03.769	Custom indicator MACD-2x AUDUSD.,H1: loaded successfully
2	18:42:03.859	Custom indicator Laguerre-ACS1 AUDUSD.,H1: loaded successfully
2	18:42:04.077	Custom indicator SupResZone_MTF USDJPY.,H1: loaded successfully
2	18:42:04.087	Custom indicator SupResZone_MTF USDJPY.,H1: loaded successfully
2	18:42:04.100	Custom indicator SupResZone_MTF USDJPY.,H1: loaded successfully
2	18:42:04.110	Custom indicator SupResZone_MTF USDJPY.,H1: loaded successfully
2	18:42:04.121	Custom indicator MACD-2x USDJPY.,H1: loaded successfully
2	18:42:04.193	Custom indicator Laguerre-ACS1 USDJPY.,H1: loaded successfully
2	18:42:04.434	Custom indicator SupResZone_MTF EURJPY.,H1: loaded successfully
2	18:42:04.443	Custom indicator SupResZone_MTF EURJPY.,H1: loaded successfully
2	18:42:04.453	Custom indicator SupResZone_MTF EURJPY.,H1: loaded successfully
2	18:42:04.463	Custom indicator SupResZone_MTF EURJPY.,H1: loaded successfully
2	18:42:04.473	Custom indicator MACD-2x EURJPY.,H1: loaded successfully
2	18:42:04.542	Custom indicator Laguerre-ACS1 EURJPY.,H1: loaded successfully
2	18:42:04.791	Custom indicator SupResZone_MTF EURUSD.,H1: loaded successfully
2	18:42:04.802	Custom indicator SupResZone_MTF EURUSD.,H1: loaded successfully
2	18:42:04.811	Custom indicator SupResZone_MTF EURUSD.,H1: loaded successfully
2	18:42:04.822	Custom indicator SupResZone_MTF EURUSD.,H1: loaded successfully
2	18:42:04.831	Custom indicator MACD-2x EURUSD.,H1: loaded successfully
2	18:42:04.903	Custom indicator Laguerre-ACS1 EURUSD.,H1: loaded successfully
2	18:42:05.192	Custom indicator SupResZone_MTF GBPJPY.,H1: loaded successfully
2	18:42:05.204	Custom indicator SupResZone_MTF GBPJPY.,H1: loaded successfully
2	18:42:05.214	Custom indicator SupResZone_MTF GBPJPY.,H1: loaded successfully
2	18:42:05.225	Custom indicator SupResZone_MTF GBPJPY.,H1: loaded successfully
2	18:42:05.234	Custom indicator MACD-2x GBPJPY.,H1: loaded successfully
2	18:42:05.303	Custom indicator Laguerre-ACS1 GBPJPY.,H1: loaded successfully
2	18:42:05.549	Custom indicator SupResZone_MTF GBPUSD.,H1: loaded successfully
2	18:42:05.562	Custom indicator SupResZone_MTF GBPUSD.,H1: loaded successfully
2	18:42:05.573	Custom indicator SupResZone_MTF GBPUSD.,H1: loaded successfully
2	18:42:05.584	Custom indicator SupResZone_MTF GBPUSD.,H1: loaded successfully
2	18:42:05.595	Custom indicator MACD-2x GBPUSD.,H1: loaded successfully
2	18:42:05.668	Custom indicator Laguerre-ACS1 GBPUSD.,H1: loaded successfully
2	18:42:05.961	Custom indicator SupResZone_MTF USDCAD.,H4: loaded successfully
2	18:42:05.972	Custom indicator SupResZone_MTF USDCAD.,H4: loaded successfully
2	18:42:05.981	Custom indicator SupResZone_MTF USDCAD.,H4: loaded successfully
2	18:42:05.992	Custom indicator SupResZone_MTF USDCAD.,H4: loaded successfully
2	18:42:06.001	Custom indicator MACD-2x USDCAD.,H4: loaded successfully
2	18:42:06.073	Custom indicator Laguerre-ACS1 USDCAD.,H4: loaded successfully
2	18:42:06.278	Custom indicator SupResZone_MTF USDCHF.,H4: loaded successfully
2	18:42:06.288	Custom indicator SupResZone_MTF USDCHF.,H4: loaded successfully
2	18:42:06.297	Custom indicator SupResZone_MTF USDCHF.,H4: loaded successfully
2	18:42:06.308	Custom indicator SupResZone_MTF USDCHF.,H4: loaded successfully
2	18:42:06.317	Custom indicator MACD-2x USDCHF.,H4: loaded successfully
2	18:42:06.386	Custom indicator Laguerre-ACS1 USDCHF.,H4: loaded successfully
2	18:42:06.587	Custom indicator MACD-2x USDCNH,Daily: loaded successfully
2	18:42:06.597	Custom indicator MACD-2x USDCNH,Daily: loaded successfully
2	18:42:06.667	Custom indicator Laguerre-ACS1 USDCNH,Daily: loaded successfully
2	18:42:06.734	Custom indicator GMMA Long USDJPY.,H1: loaded successfully
2	18:42:06.745	Custom indicator GMMA Short USDJPY.,H1: loaded successfully
2	18:42:06.753	Custom indicator 23MTF_MovingAverageIGOR USDJPY.,H1: loaded successfully
2	18:42:06.761	Custom indicator 23MTF_MovingAverageIGOR USDJPY.,H1: loaded successfully
2	18:42:06.771	Custom indicator SupResZone_MTF USDJPY.,H1: loaded successfully
2	18:42:06.780	Custom indicator SupResZone_MTF USDJPY.,H1: loaded successfully
2	18:42:06.791	Custom indicator MACD-2x USDJPY.,H1: loaded successfully
2	18:42:07.026	Custom indicator SupResZone_MTF CHINA300,Daily: loaded successfully
2	18:42:07.038	Custom indicator SupResZone_MTF CHINA300,Daily: loaded successfully
2	18:42:07.050	Custom indicator SupResZone_MTF CHINA300,Daily: loaded successfully
2	18:42:07.061	Custom indicator SupResZone_MTF CHINA300,Daily: loaded successfully
2	18:42:07.074	Custom indicator MACD-2x CHINA300,Daily: loaded successfully
2	18:42:07.149	Custom indicator Laguerre-ACS1 CHINA300,Daily: loaded successfully
0	18:42:10.216	'120010550': login on PRC-Live through Server 5 (ping: 96.11 ms)
0	18:42:12.140	'120010550': login datacenter on PRC-Live through Server 5 (ping: 96.11 ms)
0	18:42:12.555	'120010550': previous successful authorization performed from 101.131.181.36
0	18:42:29.737	'120010550': ping to current access point Server 5 is 108.36 ms
0	19:37:20.433	'120010550': modify order #10993474 sell 0.01 XAGUSD. at 14.715 sl: 0.000 tp: 14.635 -> sl: 0.000 tp: 14.592
0	19:37:21.122	'120010550': order #10993474 sell 0.01 XAGUSD. at 14.715 was modified -> sl: 0.000 tp: 14.592
0	20:04:35.251	'120010550': order sell market 0.01 AUDUSD. sl: 0.00000 tp: 0.00000
0	20:04:36.418	'120010550': order was opened : #10997008 sell 0.01 AUDUSD. at 0.69521 sl: 0.00000 tp: 0.00000
1	21:07:46.311	'120010550': ping failed
1	21:07:46.311	'120010550': ping failed
0	21:07:47.235	'120010550': login on PRC-Live through Server 3 (ping: 123.21 ms)
0	21:07:49.446	'120010550': login datacenter on PRC-Live through Server 3 (ping: 123.21 ms)
0	21:07:50.055	'120010550': previous successful authorization performed from 101.131.181.36
0	21:08:22.301	'120010550': auto connecting to a better access point Server 5 (ping is 105.85 ms)
0	21:08:23.202	'120010550': login on PRC-Live through Server 5 (ping: 105.85 ms)
0	21:08:25.914	'120010550': login datacenter on PRC-Live through Server 5 (ping: 105.85 ms)
0	21:08:26.615	'120010550': previous successful authorization performed from 1.180.18.102
1	22:34:39.550	'120010550': datacenter connecting failed [6]
0	22:34:40.651	'120010550': login on PRC-Live through Server 5 (ping: 105.85 ms)
0	22:35:09.224	'120010550': login datacenter on PRC-Live through Server 5 (ping: 105.85 ms)
0	22:35:09.633	'120010550': previous successful authorization performed from 1.180.18.102
0	22:35:44.792	'120010550': auto connecting to a better access point Server 8 (ping is 144.89 ms)
0	22:35:45.588	'120010550': login on PRC-Live through Server 8 (ping: 144.89 ms)
0	22:35:47.279	'120010550': login datacenter on PRC-Live through Server 8 (ping: 144.89 ms)
0	22:35:47.758	'120010550': previous successful authorization performed from 101.131.181.36
0	22:41:51.031	System to be shutdown, request for close FX Trader
0	22:41:51.344	FX Trader build 1170 stopped because system shutdown
