2	01:35:51.807	Custom indicator Laguerre-ACS1 USDJPY.,Daily: removed
2	01:35:51.809	Custom indicator MACD USDJPY.,Daily: removed
2	01:35:51.816	Custom indicator Laguerre-ACS1 EURJPY.,H4: removed
2	01:35:51.817	Custom indicator MACD EURJPY.,H4: removed
2	01:35:51.823	Custom indicator Laguerre-ACS1 EURUSD.,H4: removed
2	01:35:51.824	Custom indicator MACD EURUSD.,H4: removed
2	01:35:51.934	Custom indicator Laguerre-ACS1 GBPUSD.,H4: removed
2	01:35:51.936	Custom indicator MACD GBPUSD.,H4: removed
2	01:35:52.059	Custom indicator Laguerre-ACS1 GBPJPY.,H4: removed
2	01:35:52.061	Custom indicator MACD GBPJPY.,H4: removed
2	01:35:52.077	Custom indicator Laguerre-ACS1 JP225,H4: removed
2	01:35:52.079	Custom indicator MACD JP225,H4: removed
2	01:35:52.095	Custom indicator Laguerre-ACS1 NDX100,Daily: removed
2	01:35:52.097	Custom indicator MACD NDX100,Daily: removed
2	01:35:52.112	Custom indicator Laguerre-ACS1 SPX500,Daily: removed
2	01:35:52.114	Custom indicator MACD SPX500,Daily: removed
2	01:35:52.128	Custom indicator Laguerre-ACS1 A50,Daily: removed
2	01:35:52.130	Custom indicator MACD A50,Daily: removed
2	01:35:52.142	Custom indicator Laguerre-ACS1 XAUUSD.,Daily: removed
2	01:35:52.144	Custom indicator MACD XAUUSD.,Daily: removed
2	01:35:52.151	Custom indicator Laguerre-ACS1 US_OIL,Daily: removed
2	01:35:52.152	Custom indicator MACD US_OIL,Daily: removed
0	01:35:52.575	FX Trader build 1170 stopped
0	21:39:42.573	FX Trader build 1170 started (Performance Ronnaru Capital Ltd.)
0	21:39:42.574	Windows 10 Home x64, IE 11, UAC, 8 x Intel Core i7-6700HQ  @ 2.60GHz, Memory: 25454 / 32639 Mb, Disk: 146 / 264 Gb, GMT+9
0	21:39:42.574	Data Folder: C:\Users\tiany\AppData\Roaming\MetaQuotes\Terminal\79214103E7A6FC97F86082D309D0B84B
1	21:39:45.577	MQL Base: failed connect to server
2	21:39:48.332	Custom indicator 小鱼\Laguerre-ACS1 USDJPY.,Daily: loaded successfully
2	21:39:48.350	Custom indicator MACD USDJPY.,Daily: loaded successfully
2	21:39:48.619	Custom indicator 小鱼\Laguerre-ACS1 EURJPY.,H4: loaded successfully
2	21:39:48.649	Custom indicator MACD EURJPY.,H4: loaded successfully
2	21:39:49.051	Custom indicator 小鱼\Laguerre-ACS1 EURUSD.,H4: loaded successfully
2	21:39:49.095	Custom indicator MACD EURUSD.,H4: loaded successfully
2	21:39:49.603	Custom indicator 小鱼\Laguerre-ACS1 GBPUSD.,H4: loaded successfully
2	21:39:49.637	Custom indicator MACD GBPUSD.,H4: loaded successfully
2	21:39:49.912	Custom indicator 小鱼\Laguerre-ACS1 GBPJPY.,H4: loaded successfully
2	21:39:49.933	Custom indicator MACD GBPJPY.,H4: loaded successfully
2	21:39:50.161	Custom indicator 小鱼\Laguerre-ACS1 JP225,H4: loaded successfully
2	21:39:50.201	Custom indicator MACD JP225,H4: loaded successfully
2	21:39:50.536	Custom indicator 小鱼\Laguerre-ACS1 NDX100,Daily: loaded successfully
2	21:39:50.558	Custom indicator MACD NDX100,Daily: loaded successfully
2	21:39:50.756	Custom indicator 小鱼\Laguerre-ACS1 SPX500,Daily: loaded successfully
2	21:39:50.774	Custom indicator MACD SPX500,Daily: loaded successfully
2	21:39:50.916	Custom indicator 小鱼\Laguerre-ACS1 A50,Daily: loaded successfully
2	21:39:50.929	Custom indicator MACD A50,Daily: loaded successfully
2	21:39:51.112	Custom indicator 小鱼\Laguerre-ACS1 XAUUSD.,Daily: loaded successfully
2	21:39:51.130	Custom indicator MACD XAUUSD.,Daily: loaded successfully
2	21:39:51.326	Custom indicator 小鱼\Laguerre-ACS1 US_OIL,Daily: loaded successfully
2	21:39:51.344	Custom indicator MACD US_OIL,Daily: loaded successfully
1	21:39:52.303	'120010550': connect failed [No connection]
1	21:39:52.354	MQL5.community: authorization failed
1	21:39:52.554	MQL5.community: authorization failed
0	21:40:18.049	'120010550': login on PRC-Live through Server 7 (ping: 35.78 ms)
0	21:40:18.957	'120010550': login datacenter on PRC-Live through Server 7 (ping: 35.78 ms)
0	21:40:19.601	'120010550': previous successful authorization performed from 106.133.98.115
0	21:40:35.889	'120010550': auto connecting to a better access point Server 3 (ping is 45.67 ms)
0	21:40:37.231	'120010550': login on PRC-Live through Server 3 (ping: 45.67 ms)
0	21:40:38.170	'120010550': login datacenter on PRC-Live through Server 3 (ping: 45.67 ms)
0	21:40:38.739	'120010550': previous successful authorization performed from 106.181.137.209
