1	06:23:02.478	'120010550': ping failed
1	06:23:03.717	'120010550': connect failed [No connection]
0	06:23:09.692	'120010550': login on PRC-Live through Server 5 (ping: 94.36 ms)
0	06:23:11.078	'120010550': login datacenter on PRC-Live through Server 5 (ping: 94.36 ms)
0	06:23:11.608	'120010550': previous successful authorization performed from 42.101.65.200
0	06:23:39.616	'120010550': ping to current access point Server 5 is 104.28 ms
1	06:57:52.599	'120010550': ping failed
0	06:57:56.409	'120010550': login on PRC-Live through Server 3 (ping: 122.91 ms)
0	06:57:57.870	'120010550': login datacenter on PRC-Live through Server 3 (ping: 122.91 ms)
0	06:57:58.416	'120010550': previous successful authorization performed from 101.131.181.27
1	07:11:19.128	'120010550': ping failed
0	07:11:19.903	'120010550': login on PRC-Live through Server 3 (ping: 122.91 ms)
0	07:11:24.677	'120010550': login datacenter on PRC-Live through Server 3 (ping: 122.91 ms)
0	07:11:25.137	'120010550': previous successful authorization performed from 42.101.65.200
2	07:24:10.965	Custom indicator SupResZone_MTF EURAUD.,H4: removed
2	07:24:10.967	Custom indicator SupResZone_MTF EURAUD.,H4: removed
2	07:24:10.969	Custom indicator SupResZone_MTF EURAUD.,H4: removed
2	07:24:10.971	Custom indicator SupResZone_MTF EURAUD.,H4: removed
2	07:24:10.973	Custom indicator MACD-2x EURAUD.,H4: removed
2	07:24:10.973	Custom indicator Laguerre-ACS1 EURAUD.,H4: removed
2	07:24:11.052	Custom indicator span_model EURAUD.,H4: loaded successfully
2	07:24:11.065	Custom indicator MACD-2x EURAUD.,H4: loaded successfully
2	07:24:11.076	Custom indicator MACD-2x EURAUD.,H4: loaded successfully
2	07:24:11.150	Custom indicator Laguerre-ACS1 EURAUD.,H4: loaded successfully
2	07:26:00.386	Custom indicator span_model EURAUD.,H4: removed
2	07:26:00.387	Custom indicator MACD-2x EURAUD.,H4: removed
2	07:26:00.389	Custom indicator MACD-2x EURAUD.,H4: removed
2	07:26:00.389	Custom indicator Laguerre-ACS1 EURAUD.,H4: removed
2	07:26:00.440	Custom indicator SupResZone_MTF EURAUD.,H4: loaded successfully
2	07:26:00.459	Custom indicator SupResZone_MTF EURAUD.,H4: loaded successfully
2	07:26:00.472	Custom indicator SupResZone_MTF EURAUD.,H4: loaded successfully
2	07:26:00.485	Custom indicator SupResZone_MTF EURAUD.,H4: loaded successfully
2	07:26:00.496	Custom indicator MACD-2x EURAUD.,H4: loaded successfully
2	07:26:00.570	Custom indicator Laguerre-ACS1 EURAUD.,H4: loaded successfully
1	07:29:25.629	'120010550': ping failed
1	07:29:25.631	'120010550': datacenter connecting failed [6]
0	07:29:26.248	'120010550': login on PRC-Live through Server 7 (ping: 126.59 ms)
0	07:29:29.344	'120010550': login datacenter on PRC-Live through Server 7 (ping: 126.59 ms)
0	07:29:56.331	'120010550': previous successful authorization performed from 42.101.65.200
0	07:30:06.751	'120010550': auto connecting to a better access point Server 5 (ping is 97.35 ms)
0	07:30:07.820	'120010550': login on PRC-Live through Server 5 (ping: 97.35 ms)
0	07:30:08.899	'120010550': login datacenter on PRC-Live through Server 5 (ping: 97.35 ms)
0	07:30:09.302	'120010550': previous successful authorization performed from 42.101.65.200
1	08:58:21.592	'120010550': ping failed
0	08:58:31.330	'120010550': login on PRC-Live through Server 3 (ping: 112.63 ms)
0	08:58:32.792	'120010550': login datacenter on PRC-Live through Server 3 (ping: 112.63 ms)
0	08:58:33.336	'120010550': previous successful authorization performed from 101.131.181.27
0	08:58:44.759	'120010550': ping to current access point Server 3 is 108.63 ms
1	08:58:52.958	'120010550': ping failed
0	08:58:53.281	'120010550': login datacenter on PRC-Live
1	08:58:53.691	'120010550': connect failed [No connection]
0	08:58:59.388	'120010550': login on PRC-Live through Server 8 (ping: n/a)
0	08:59:00.875	'120010550': login datacenter on PRC-Live through Server 8 (ping: n/a)
0	08:59:01.265	'120010550': previous successful authorization performed from 42.101.65.200
0	08:59:39.551	'120010550': ping to current access point Server 8 is 145.63 ms
2	10:51:47.468	Custom indicator SupResZone_MTF USDXXX,Daily: removed
2	10:51:47.470	Custom indicator SupResZone_MTF USDXXX,Daily: removed
2	10:51:47.472	Custom indicator SupResZone_MTF USDXXX,Daily: removed
2	10:51:47.474	Custom indicator SupResZone_MTF USDXXX,Daily: removed
2	10:51:47.479	Custom indicator MACD-2x USDXXX,Daily: removed
2	10:51:47.479	Custom indicator Laguerre-ACS1 USDXXX,Daily: removed
2	10:51:47.487	Custom indicator SupResZone_MTF XAUUSD.,H4: removed
2	10:51:47.489	Custom indicator SupResZone_MTF XAUUSD.,H4: removed
2	10:51:47.492	Custom indicator SupResZone_MTF XAUUSD.,H4: removed
2	10:51:47.495	Custom indicator SupResZone_MTF XAUUSD.,H4: removed
2	10:51:47.497	Custom indicator MACD-2x XAUUSD.,H4: removed
2	10:51:47.497	Custom indicator Laguerre-ACS1 XAUUSD.,H4: removed
2	10:51:47.505	Custom indicator SupResZone_MTF XAGUSD.,H1: removed
2	10:51:47.508	Custom indicator SupResZone_MTF XAGUSD.,H1: removed
2	10:51:47.510	Custom indicator SupResZone_MTF XAGUSD.,H1: removed
2	10:51:47.513	Custom indicator SupResZone_MTF XAGUSD.,H1: removed
2	10:51:47.515	Custom indicator MACD-2x XAGUSD.,H1: removed
2	10:51:47.515	Custom indicator Laguerre-ACS1 XAGUSD.,H1: removed
2	10:51:47.521	Custom indicator SupResZone_MTF US_OIL,H4: removed
2	10:51:47.523	Custom indicator SupResZone_MTF US_OIL,H4: removed
2	10:51:47.526	Custom indicator SupResZone_MTF US_OIL,H4: removed
2	10:51:47.529	Custom indicator SupResZone_MTF US_OIL,H4: removed
2	10:51:47.531	Custom indicator MACD-2x US_OIL,H4: removed
2	10:51:47.531	Custom indicator Laguerre-ACS1 US_OIL,H4: removed
2	10:51:47.569	Custom indicator SupResZone_MTF JP225,H1: removed
2	10:51:47.571	Custom indicator SupResZone_MTF JP225,H1: removed
2	10:51:47.574	Custom indicator SupResZone_MTF JP225,H1: removed
2	10:51:47.576	Custom indicator SupResZone_MTF JP225,H1: removed
2	10:51:47.579	Custom indicator MACD-2x JP225,H1: removed
2	10:51:47.579	Custom indicator Laguerre-ACS1 JP225,H1: removed
2	10:51:47.644	Custom indicator SupResZone_MTF SPX500,H4: removed
2	10:51:47.647	Custom indicator SupResZone_MTF SPX500,H4: removed
2	10:51:47.648	Custom indicator SupResZone_MTF SPX500,H4: removed
2	10:51:47.651	Custom indicator SupResZone_MTF SPX500,H4: removed
2	10:51:47.653	Custom indicator MACD-2x SPX500,H4: removed
2	10:51:47.653	Custom indicator Laguerre-ACS1 SPX500,H4: removed
2	10:51:47.690	Custom indicator SupResZone_MTF EURAUD.,H4: removed
2	10:51:47.693	Custom indicator SupResZone_MTF EURAUD.,H4: removed
2	10:51:47.694	Custom indicator SupResZone_MTF EURAUD.,H4: removed
2	10:51:47.696	Custom indicator SupResZone_MTF EURAUD.,H4: removed
2	10:51:47.698	Custom indicator MACD-2x EURAUD.,H4: removed
2	10:51:47.698	Custom indicator Laguerre-ACS1 EURAUD.,H4: removed
2	10:51:47.729	Custom indicator SupResZone_MTF AUDJPY.,Daily: removed
2	10:51:47.730	Custom indicator SupResZone_MTF AUDJPY.,Daily: removed
2	10:51:47.732	Custom indicator SupResZone_MTF AUDJPY.,Daily: removed
2	10:51:47.734	Custom indicator SupResZone_MTF AUDJPY.,Daily: removed
2	10:51:47.735	Custom indicator MACD-2x AUDJPY.,Daily: removed
2	10:51:47.735	Custom indicator Laguerre-ACS1 AUDJPY.,Daily: removed
2	10:51:47.776	Custom indicator SupResZone_MTF AUDUSD.,Daily: removed
2	10:51:47.779	Custom indicator SupResZone_MTF AUDUSD.,Daily: removed
2	10:51:47.781	Custom indicator SupResZone_MTF AUDUSD.,Daily: removed
2	10:51:47.782	Custom indicator SupResZone_MTF AUDUSD.,Daily: removed
2	10:51:47.784	Custom indicator MACD-2x AUDUSD.,Daily: removed
2	10:51:47.784	Custom indicator Laguerre-ACS1 AUDUSD.,Daily: removed
2	10:51:47.791	Custom indicator SupResZone_MTF USDJPY.,H4: removed
2	10:51:47.794	Custom indicator SupResZone_MTF USDJPY.,H4: removed
2	10:51:47.797	Custom indicator SupResZone_MTF USDJPY.,H4: removed
2	10:51:47.799	Custom indicator SupResZone_MTF USDJPY.,H4: removed
2	10:51:47.801	Custom indicator MACD-2x USDJPY.,H4: removed
2	10:51:47.801	Custom indicator Laguerre-ACS1 USDJPY.,H4: removed
2	10:51:47.809	Custom indicator SupResZone_MTF EURJPY.,H4: removed
2	10:51:47.811	Custom indicator SupResZone_MTF EURJPY.,H4: removed
2	10:51:47.813	Custom indicator SupResZone_MTF EURJPY.,H4: removed
2	10:51:47.815	Custom indicator SupResZone_MTF EURJPY.,H4: removed
2	10:51:47.817	Custom indicator MACD-2x EURJPY.,H4: removed
2	10:51:47.817	Custom indicator Laguerre-ACS1 EURJPY.,H4: removed
2	10:51:47.822	Custom indicator SupResZone_MTF EURUSD.,H4: removed
2	10:51:47.824	Custom indicator SupResZone_MTF EURUSD.,H4: removed
2	10:51:47.826	Custom indicator SupResZone_MTF EURUSD.,H4: removed
2	10:51:47.827	Custom indicator SupResZone_MTF EURUSD.,H4: removed
2	10:51:47.829	Custom indicator MACD-2x EURUSD.,H4: removed
2	10:51:47.829	Custom indicator Laguerre-ACS1 EURUSD.,H4: removed
2	10:51:47.836	Custom indicator SupResZone_MTF GBPJPY.,H4: removed
2	10:51:47.838	Custom indicator SupResZone_MTF GBPJPY.,H4: removed
2	10:51:47.840	Custom indicator SupResZone_MTF GBPJPY.,H4: removed
2	10:51:47.842	Custom indicator SupResZone_MTF GBPJPY.,H4: removed
2	10:51:47.845	Custom indicator MACD-2x GBPJPY.,H4: removed
2	10:51:47.845	Custom indicator Laguerre-ACS1 GBPJPY.,H4: removed
2	10:51:47.851	Custom indicator SupResZone_MTF GBPUSD.,H4: removed
2	10:51:47.854	Custom indicator SupResZone_MTF GBPUSD.,H4: removed
2	10:51:47.855	Custom indicator SupResZone_MTF GBPUSD.,H4: removed
2	10:51:47.857	Custom indicator SupResZone_MTF GBPUSD.,H4: removed
2	10:51:47.860	Custom indicator MACD-2x GBPUSD.,H4: removed
2	10:51:47.861	Custom indicator Laguerre-ACS1 GBPUSD.,H4: removed
2	10:51:47.881	Custom indicator SupResZone_MTF USDCAD.,H4: removed
2	10:51:47.883	Custom indicator SupResZone_MTF USDCAD.,H4: removed
2	10:51:47.886	Custom indicator SupResZone_MTF USDCAD.,H4: removed
2	10:51:47.887	Custom indicator SupResZone_MTF USDCAD.,H4: removed
2	10:51:47.889	Custom indicator MACD-2x USDCAD.,H4: removed
2	10:51:47.889	Custom indicator Laguerre-ACS1 USDCAD.,H4: removed
2	10:51:47.916	Custom indicator SupResZone_MTF USDCHF.,H4: removed
2	10:51:47.917	Custom indicator SupResZone_MTF USDCHF.,H4: removed
2	10:51:47.919	Custom indicator SupResZone_MTF USDCHF.,H4: removed
2	10:51:47.920	Custom indicator SupResZone_MTF USDCHF.,H4: removed
2	10:51:47.923	Custom indicator MACD-2x USDCHF.,H4: removed
2	10:51:47.923	Custom indicator Laguerre-ACS1 USDCHF.,H4: removed
2	10:51:47.931	Custom indicator SupResZone_MTF USDCNH,Daily: removed
2	10:51:47.932	Custom indicator SupResZone_MTF USDCNH,Daily: removed
2	10:51:47.934	Custom indicator SupResZone_MTF USDCNH,Daily: removed
2	10:51:47.935	Custom indicator SupResZone_MTF USDCNH,Daily: removed
2	10:51:47.937	Custom indicator MACD-2x USDCNH,Daily: removed
2	10:51:47.937	Custom indicator Laguerre-ACS1 USDCNH,Daily: removed
2	10:51:47.945	Custom indicator GMMA Long USDJPY.,H4: removed
2	10:51:47.948	Custom indicator GMMA Short USDJPY.,H4: removed
2	10:51:47.950	Custom indicator 23MTF_MovingAverageIGOR USDJPY.,H4: removed
2	10:51:47.951	Custom indicator 23MTF_MovingAverageIGOR USDJPY.,H4: removed
2	10:51:47.953	Custom indicator SupResZone_MTF USDJPY.,H4: removed
2	10:51:47.955	Custom indicator SupResZone_MTF USDJPY.,H4: removed
2	10:51:47.957	Custom indicator MACD-2x USDJPY.,H4: removed
2	10:51:47.964	Custom indicator SupResZone_MTF CHINA300,Daily: removed
2	10:51:47.966	Custom indicator SupResZone_MTF CHINA300,Daily: removed
2	10:51:47.968	Custom indicator SupResZone_MTF CHINA300,Daily: removed
2	10:51:47.969	Custom indicator SupResZone_MTF CHINA300,Daily: removed
2	10:51:47.971	Custom indicator MACD-2x CHINA300,Daily: removed
2	10:51:47.971	Custom indicator Laguerre-ACS1 CHINA300,Daily: removed
2	10:51:47.984	Custom indicator 23MTF_MovingAverageIGOR CADJPY.,H1: removed
2	10:51:47.986	Custom indicator ADR CADJPY.,H1: removed
2	10:51:47.988	Custom indicator SupResZone_MTF CADJPY.,H1: removed
2	10:51:47.988	Custom indicator Laguerre-ACS1 CADJPY.,H1: removed
2	10:51:47.989	Custom indicator MACD-2x CADJPY.,H1: removed
0	10:51:48.522	FX Trader build 1170 stopped
0	20:43:42.026	FX Trader build 1170 started (Performance Ronnaru Capital Ltd.)
0	20:43:42.027	Windows 10 Home x64, IE 11, UAC, 8 x Intel Core i7-6700HQ  @ 2.60GHz, Memory: 26761 / 32639 Mb, Disk: 129 / 264 Gb, GMT+8
0	20:43:42.027	Data Folder: C:\Users\tiany\AppData\Roaming\MetaQuotes\Terminal\79214103E7A6FC97F86082D309D0B84B
2	20:43:44.025	Custom indicator SupResZone_MTF USDXXX,Daily: loaded successfully
2	20:43:44.037	Custom indicator SupResZone_MTF USDXXX,Daily: loaded successfully
2	20:43:44.048	Custom indicator SupResZone_MTF USDXXX,Daily: loaded successfully
2	20:43:44.059	Custom indicator SupResZone_MTF USDXXX,Daily: loaded successfully
2	20:43:44.070	Custom indicator MACD-2x USDXXX,Daily: loaded successfully
2	20:43:44.144	Custom indicator Laguerre-ACS1 USDXXX,Daily: loaded successfully
2	20:43:44.284	Custom indicator SupResZone_MTF XAUUSD.,H4: loaded successfully
2	20:43:44.296	Custom indicator SupResZone_MTF XAUUSD.,H4: loaded successfully
2	20:43:44.310	Custom indicator SupResZone_MTF XAUUSD.,H4: loaded successfully
2	20:43:44.324	Custom indicator SupResZone_MTF XAUUSD.,H4: loaded successfully
2	20:43:44.334	Custom indicator MACD-2x XAUUSD.,H4: loaded successfully
2	20:43:44.418	Custom indicator Laguerre-ACS1 XAUUSD.,H4: loaded successfully
2	20:43:44.620	Custom indicator SupResZone_MTF XAGUSD.,H1: loaded successfully
2	20:43:44.632	Custom indicator SupResZone_MTF XAGUSD.,H1: loaded successfully
2	20:43:44.644	Custom indicator SupResZone_MTF XAGUSD.,H1: loaded successfully
2	20:43:44.654	Custom indicator SupResZone_MTF XAGUSD.,H1: loaded successfully
2	20:43:44.665	Custom indicator MACD-2x XAGUSD.,H1: loaded successfully
2	20:43:44.743	Custom indicator Laguerre-ACS1 XAGUSD.,H1: loaded successfully
2	20:43:44.938	Custom indicator SupResZone_MTF US_OIL,H4: loaded successfully
2	20:43:44.950	Custom indicator SupResZone_MTF US_OIL,H4: loaded successfully
2	20:43:44.960	Custom indicator SupResZone_MTF US_OIL,H4: loaded successfully
2	20:43:44.970	Custom indicator SupResZone_MTF US_OIL,H4: loaded successfully
2	20:43:44.980	Custom indicator MACD-2x US_OIL,H4: loaded successfully
2	20:43:45.059	Custom indicator Laguerre-ACS1 US_OIL,H4: loaded successfully
2	20:43:45.264	Custom indicator SupResZone_MTF JP225,H1: loaded successfully
2	20:43:45.276	Custom indicator SupResZone_MTF JP225,H1: loaded successfully
2	20:43:45.287	Custom indicator SupResZone_MTF JP225,H1: loaded successfully
2	20:43:45.298	Custom indicator SupResZone_MTF JP225,H1: loaded successfully
2	20:43:45.308	Custom indicator MACD-2x JP225,H1: loaded successfully
2	20:43:45.386	Custom indicator Laguerre-ACS1 JP225,H1: loaded successfully
2	20:43:45.651	Custom indicator SupResZone_MTF SPX500,H4: loaded successfully
2	20:43:45.667	Custom indicator SupResZone_MTF SPX500,H4: loaded successfully
2	20:43:45.680	Custom indicator SupResZone_MTF SPX500,H4: loaded successfully
2	20:43:45.690	Custom indicator SupResZone_MTF SPX500,H4: loaded successfully
2	20:43:45.701	Custom indicator MACD-2x SPX500,H4: loaded successfully
2	20:43:45.776	Custom indicator Laguerre-ACS1 SPX500,H4: loaded successfully
2	20:43:45.982	Custom indicator SupResZone_MTF EURAUD.,H4: loaded successfully
2	20:43:45.993	Custom indicator SupResZone_MTF EURAUD.,H4: loaded successfully
2	20:43:46.004	Custom indicator SupResZone_MTF EURAUD.,H4: loaded successfully
2	20:43:46.015	Custom indicator SupResZone_MTF EURAUD.,H4: loaded successfully
2	20:43:46.025	Custom indicator MACD-2x EURAUD.,H4: loaded successfully
2	20:43:46.102	Custom indicator Laguerre-ACS1 EURAUD.,H4: loaded successfully
2	20:43:46.290	Custom indicator SupResZone_MTF AUDJPY.,Daily: loaded successfully
2	20:43:46.300	Custom indicator SupResZone_MTF AUDJPY.,Daily: loaded successfully
2	20:43:46.310	Custom indicator SupResZone_MTF AUDJPY.,Daily: loaded successfully
2	20:43:46.321	Custom indicator SupResZone_MTF AUDJPY.,Daily: loaded successfully
2	20:43:46.330	Custom indicator MACD-2x AUDJPY.,Daily: loaded successfully
2	20:43:46.402	Custom indicator Laguerre-ACS1 AUDJPY.,Daily: loaded successfully
2	20:43:46.589	Custom indicator SupResZone_MTF AUDUSD.,Daily: loaded successfully
2	20:43:46.599	Custom indicator SupResZone_MTF AUDUSD.,Daily: loaded successfully
2	20:43:46.610	Custom indicator SupResZone_MTF AUDUSD.,Daily: loaded successfully
2	20:43:46.623	Custom indicator SupResZone_MTF AUDUSD.,Daily: loaded successfully
2	20:43:46.633	Custom indicator MACD-2x AUDUSD.,Daily: loaded successfully
2	20:43:46.703	Custom indicator Laguerre-ACS1 AUDUSD.,Daily: loaded successfully
2	20:43:46.853	Custom indicator SupResZone_MTF USDJPY.,H4: loaded successfully
2	20:43:46.863	Custom indicator SupResZone_MTF USDJPY.,H4: loaded successfully
2	20:43:46.873	Custom indicator SupResZone_MTF USDJPY.,H4: loaded successfully
2	20:43:46.887	Custom indicator SupResZone_MTF USDJPY.,H4: loaded successfully
2	20:43:46.897	Custom indicator MACD-2x USDJPY.,H4: loaded successfully
2	20:43:46.970	Custom indicator Laguerre-ACS1 USDJPY.,H4: loaded successfully
2	20:43:47.185	Custom indicator SupResZone_MTF EURJPY.,H4: loaded successfully
2	20:43:47.199	Custom indicator SupResZone_MTF EURJPY.,H4: loaded successfully
2	20:43:47.210	Custom indicator SupResZone_MTF EURJPY.,H4: loaded successfully
2	20:43:47.222	Custom indicator SupResZone_MTF EURJPY.,H4: loaded successfully
2	20:43:47.234	Custom indicator MACD-2x EURJPY.,H4: loaded successfully
2	20:43:47.318	Custom indicator Laguerre-ACS1 EURJPY.,H4: loaded successfully
2	20:43:47.534	Custom indicator SupResZone_MTF EURUSD.,H4: loaded successfully
2	20:43:47.547	Custom indicator SupResZone_MTF EURUSD.,H4: loaded successfully
2	20:43:47.559	Custom indicator SupResZone_MTF EURUSD.,H4: loaded successfully
2	20:43:47.569	Custom indicator SupResZone_MTF EURUSD.,H4: loaded successfully
2	20:43:47.580	Custom indicator MACD-2x EURUSD.,H4: loaded successfully
2	20:43:47.655	Custom indicator Laguerre-ACS1 EURUSD.,H4: loaded successfully
2	20:43:47.880	Custom indicator SupResZone_MTF GBPJPY.,H4: loaded successfully
2	20:43:47.892	Custom indicator SupResZone_MTF GBPJPY.,H4: loaded successfully
2	20:43:47.903	Custom indicator SupResZone_MTF GBPJPY.,H4: loaded successfully
2	20:43:47.914	Custom indicator SupResZone_MTF GBPJPY.,H4: loaded successfully
2	20:43:47.925	Custom indicator MACD-2x GBPJPY.,H4: loaded successfully
2	20:43:48.004	Custom indicator Laguerre-ACS1 GBPJPY.,H4: loaded successfully
2	20:43:48.206	Custom indicator SupResZone_MTF GBPUSD.,H4: loaded successfully
2	20:43:48.217	Custom indicator SupResZone_MTF GBPUSD.,H4: loaded successfully
2	20:43:48.227	Custom indicator SupResZone_MTF GBPUSD.,H4: loaded successfully
2	20:43:48.237	Custom indicator SupResZone_MTF GBPUSD.,H4: loaded successfully
2	20:43:48.248	Custom indicator MACD-2x GBPUSD.,H4: loaded successfully
2	20:43:48.319	Custom indicator Laguerre-ACS1 GBPUSD.,H4: loaded successfully
2	20:43:48.538	Custom indicator SupResZone_MTF USDCAD.,H4: loaded successfully
2	20:43:48.548	Custom indicator SupResZone_MTF USDCAD.,H4: loaded successfully
2	20:43:48.559	Custom indicator SupResZone_MTF USDCAD.,H4: loaded successfully
2	20:43:48.570	Custom indicator SupResZone_MTF USDCAD.,H4: loaded successfully
2	20:43:48.580	Custom indicator MACD-2x USDCAD.,H4: loaded successfully
2	20:43:48.669	Custom indicator Laguerre-ACS1 USDCAD.,H4: loaded successfully
2	20:43:48.861	Custom indicator SupResZone_MTF USDCHF.,H4: loaded successfully
2	20:43:48.872	Custom indicator SupResZone_MTF USDCHF.,H4: loaded successfully
2	20:43:48.882	Custom indicator SupResZone_MTF USDCHF.,H4: loaded successfully
2	20:43:48.894	Custom indicator SupResZone_MTF USDCHF.,H4: loaded successfully
2	20:43:48.903	Custom indicator MACD-2x USDCHF.,H4: loaded successfully
2	20:43:48.976	Custom indicator Laguerre-ACS1 USDCHF.,H4: loaded successfully
2	20:43:49.168	Custom indicator SupResZone_MTF USDCNH,Daily: loaded successfully
2	20:43:49.179	Custom indicator SupResZone_MTF USDCNH,Daily: loaded successfully
2	20:43:49.190	Custom indicator SupResZone_MTF USDCNH,Daily: loaded successfully
2	20:43:49.200	Custom indicator SupResZone_MTF USDCNH,Daily: loaded successfully
2	20:43:49.210	Custom indicator MACD-2x USDCNH,Daily: loaded successfully
2	20:43:49.281	Custom indicator Laguerre-ACS1 USDCNH,Daily: loaded successfully
2	20:43:49.429	Custom indicator GMMA Long USDJPY.,H4: loaded successfully
2	20:43:49.441	Custom indicator GMMA Short USDJPY.,H4: loaded successfully
2	20:43:49.449	Custom indicator 23MTF_MovingAverageIGOR USDJPY.,H4: loaded successfully
2	20:43:49.457	Custom indicator 23MTF_MovingAverageIGOR USDJPY.,H4: loaded successfully
2	20:43:49.468	Custom indicator SupResZone_MTF USDJPY.,H4: loaded successfully
2	20:43:49.479	Custom indicator SupResZone_MTF USDJPY.,H4: loaded successfully
2	20:43:49.493	Custom indicator MACD-2x USDJPY.,H4: loaded successfully
2	20:43:49.700	Custom indicator SupResZone_MTF CHINA300,Daily: loaded successfully
2	20:43:49.711	Custom indicator SupResZone_MTF CHINA300,Daily: loaded successfully
2	20:43:49.721	Custom indicator SupResZone_MTF CHINA300,Daily: loaded successfully
2	20:43:49.731	Custom indicator SupResZone_MTF CHINA300,Daily: loaded successfully
2	20:43:49.742	Custom indicator MACD-2x CHINA300,Daily: loaded successfully
2	20:43:49.818	Custom indicator Laguerre-ACS1 CHINA300,Daily: loaded successfully
2	20:43:49.959	Custom indicator 23MTF_MovingAverageIGOR CADJPY.,H1: loaded successfully
2	20:43:49.970	Custom indicator ADR CADJPY.,H1: loaded successfully
2	20:43:49.980	Custom indicator SupResZone_MTF CADJPY.,H1: loaded successfully
2	20:43:50.050	Custom indicator Laguerre-ACS1 CADJPY.,H1: loaded successfully
2	20:43:50.061	Custom indicator MACD-2x CADJPY.,H1: loaded successfully
0	20:43:52.565	'120010550': login on PRC-Live through Server 8 (ping: 145.63 ms)
0	20:43:55.181	'120010550': login datacenter on PRC-Live through Server 8 (ping: 145.63 ms)
0	20:43:55.675	'120010550': previous successful authorization performed from 223.104.176.138
0	20:44:24.985	'120010550': auto connecting to a better access point Server 5 (ping is 97.25 ms)
0	20:44:25.909	'120010550': login on PRC-Live through Server 5 (ping: 97.25 ms)
0	20:44:29.298	'120010550': login datacenter on PRC-Live through Server 5 (ping: 97.25 ms)
0	20:44:29.786	'120010550': previous successful authorization performed from 101.131.181.27
2	22:55:36.470	Custom indicator SupResZone_MTF USDXXX,Daily: removed
2	22:55:36.472	Custom indicator SupResZone_MTF USDXXX,Daily: removed
2	22:55:36.474	Custom indicator SupResZone_MTF USDXXX,Daily: removed
2	22:55:36.477	Custom indicator SupResZone_MTF USDXXX,Daily: removed
2	22:55:36.479	Custom indicator MACD-2x USDXXX,Daily: removed
2	22:55:36.479	Custom indicator Laguerre-ACS1 USDXXX,Daily: removed
2	22:55:36.487	Custom indicator SupResZone_MTF XAUUSD.,H4: removed
2	22:55:36.488	Custom indicator SupResZone_MTF XAUUSD.,H4: removed
2	22:55:36.491	Custom indicator SupResZone_MTF XAUUSD.,H4: removed
2	22:55:36.493	Custom indicator SupResZone_MTF XAUUSD.,H4: removed
2	22:55:36.496	Custom indicator MACD-2x XAUUSD.,H4: removed
2	22:55:36.496	Custom indicator Laguerre-ACS1 XAUUSD.,H4: removed
2	22:55:36.504	Custom indicator SupResZone_MTF XAGUSD.,H1: removed
2	22:55:36.506	Custom indicator SupResZone_MTF XAGUSD.,H1: removed
2	22:55:36.509	Custom indicator SupResZone_MTF XAGUSD.,H1: removed
2	22:55:36.511	Custom indicator SupResZone_MTF XAGUSD.,H1: removed
2	22:55:36.512	Custom indicator MACD-2x XAGUSD.,H1: removed
2	22:55:36.513	Custom indicator Laguerre-ACS1 XAGUSD.,H1: removed
2	22:55:36.518	Custom indicator SupResZone_MTF US_OIL,H4: removed
2	22:55:36.519	Custom indicator SupResZone_MTF US_OIL,H4: removed
2	22:55:36.521	Custom indicator SupResZone_MTF US_OIL,H4: removed
2	22:55:36.523	Custom indicator SupResZone_MTF US_OIL,H4: removed
2	22:55:36.526	Custom indicator MACD-2x US_OIL,H4: removed
2	22:55:36.526	Custom indicator Laguerre-ACS1 US_OIL,H4: removed
2	22:55:36.532	Custom indicator SupResZone_MTF JP225,H1: removed
2	22:55:36.534	Custom indicator SupResZone_MTF JP225,H1: removed
2	22:55:36.535	Custom indicator SupResZone_MTF JP225,H1: removed
2	22:55:36.537	Custom indicator SupResZone_MTF JP225,H1: removed
2	22:55:36.539	Custom indicator MACD-2x JP225,H1: removed
2	22:55:36.539	Custom indicator Laguerre-ACS1 JP225,H1: removed
2	22:55:36.576	Custom indicator SupResZone_MTF SPX500,H4: removed
2	22:55:36.578	Custom indicator SupResZone_MTF SPX500,H4: removed
2	22:55:36.580	Custom indicator SupResZone_MTF SPX500,H4: removed
2	22:55:36.582	Custom indicator SupResZone_MTF SPX500,H4: removed
2	22:55:36.584	Custom indicator MACD-2x SPX500,H4: removed
2	22:55:36.584	Custom indicator Laguerre-ACS1 SPX500,H4: removed
2	22:55:36.614	Custom indicator SupResZone_MTF EURAUD.,H4: removed
2	22:55:36.615	Custom indicator SupResZone_MTF EURAUD.,H4: removed
2	22:55:36.617	Custom indicator SupResZone_MTF EURAUD.,H4: removed
2	22:55:36.619	Custom indicator SupResZone_MTF EURAUD.,H4: removed
2	22:55:36.621	Custom indicator MACD-2x EURAUD.,H4: removed
2	22:55:36.621	Custom indicator Laguerre-ACS1 EURAUD.,H4: removed
2	22:55:36.647	Custom indicator SupResZone_MTF AUDJPY.,Daily: removed
2	22:55:36.649	Custom indicator SupResZone_MTF AUDJPY.,Daily: removed
2	22:55:36.650	Custom indicator SupResZone_MTF AUDJPY.,Daily: removed
2	22:55:36.652	Custom indicator SupResZone_MTF AUDJPY.,Daily: removed
2	22:55:36.654	Custom indicator MACD-2x AUDJPY.,Daily: removed
2	22:55:36.654	Custom indicator Laguerre-ACS1 AUDJPY.,Daily: removed
2	22:55:36.680	Custom indicator SupResZone_MTF AUDUSD.,Daily: removed
2	22:55:36.682	Custom indicator SupResZone_MTF AUDUSD.,Daily: removed
2	22:55:36.684	Custom indicator SupResZone_MTF AUDUSD.,Daily: removed
2	22:55:36.685	Custom indicator SupResZone_MTF AUDUSD.,Daily: removed
2	22:55:36.687	Custom indicator MACD-2x AUDUSD.,Daily: removed
2	22:55:36.687	Custom indicator Laguerre-ACS1 AUDUSD.,Daily: removed
2	22:55:36.696	Custom indicator SupResZone_MTF USDJPY.,H4: removed
2	22:55:36.698	Custom indicator SupResZone_MTF USDJPY.,H4: removed
2	22:55:36.699	Custom indicator SupResZone_MTF USDJPY.,H4: removed
2	22:55:36.701	Custom indicator SupResZone_MTF USDJPY.,H4: removed
2	22:55:36.703	Custom indicator MACD-2x USDJPY.,H4: removed
2	22:55:36.703	Custom indicator Laguerre-ACS1 USDJPY.,H4: removed
2	22:55:36.711	Custom indicator SupResZone_MTF EURJPY.,H4: removed
2	22:55:36.713	Custom indicator SupResZone_MTF EURJPY.,H4: removed
2	22:55:36.715	Custom indicator SupResZone_MTF EURJPY.,H4: removed
2	22:55:36.716	Custom indicator SupResZone_MTF EURJPY.,H4: removed
2	22:55:36.718	Custom indicator MACD-2x EURJPY.,H4: removed
2	22:55:36.718	Custom indicator Laguerre-ACS1 EURJPY.,H4: removed
2	22:55:36.725	Custom indicator SupResZone_MTF EURUSD.,H4: removed
2	22:55:36.726	Custom indicator SupResZone_MTF EURUSD.,H4: removed
2	22:55:36.728	Custom indicator SupResZone_MTF EURUSD.,H4: removed
2	22:55:36.729	Custom indicator SupResZone_MTF EURUSD.,H4: removed
2	22:55:36.731	Custom indicator MACD-2x EURUSD.,H4: removed
2	22:55:36.731	Custom indicator Laguerre-ACS1 EURUSD.,H4: removed
2	22:55:36.739	Custom indicator SupResZone_MTF GBPJPY.,H4: removed
2	22:55:36.739	Custom indicator SupResZone_MTF GBPJPY.,H4: removed
2	22:55:36.742	Custom indicator SupResZone_MTF GBPJPY.,H4: removed
2	22:55:36.743	Custom indicator SupResZone_MTF GBPJPY.,H4: removed
2	22:55:36.745	Custom indicator MACD-2x GBPJPY.,H4: removed
2	22:55:36.746	Custom indicator Laguerre-ACS1 GBPJPY.,H4: removed
2	22:55:36.751	Custom indicator SupResZone_MTF GBPUSD.,H4: removed
2	22:55:36.752	Custom indicator SupResZone_MTF GBPUSD.,H4: removed
2	22:55:36.754	Custom indicator SupResZone_MTF GBPUSD.,H4: removed
2	22:55:36.757	Custom indicator SupResZone_MTF GBPUSD.,H4: removed
2	22:55:36.759	Custom indicator MACD-2x GBPUSD.,H4: removed
2	22:55:36.759	Custom indicator Laguerre-ACS1 GBPUSD.,H4: removed
2	22:55:36.776	Custom indicator SupResZone_MTF USDCAD.,H4: removed
2	22:55:36.778	Custom indicator SupResZone_MTF USDCAD.,H4: removed
2	22:55:36.779	Custom indicator SupResZone_MTF USDCAD.,H4: removed
2	22:55:36.780	Custom indicator SupResZone_MTF USDCAD.,H4: removed
2	22:55:36.782	Custom indicator MACD-2x USDCAD.,H4: removed
2	22:55:36.783	Custom indicator Laguerre-ACS1 USDCAD.,H4: removed
2	22:55:36.802	Custom indicator SupResZone_MTF USDCHF.,H4: removed
2	22:55:36.803	Custom indicator SupResZone_MTF USDCHF.,H4: removed
2	22:55:36.805	Custom indicator SupResZone_MTF USDCHF.,H4: removed
2	22:55:36.807	Custom indicator SupResZone_MTF USDCHF.,H4: removed
2	22:55:36.809	Custom indicator MACD-2x USDCHF.,H4: removed
2	22:55:36.809	Custom indicator Laguerre-ACS1 USDCHF.,H4: removed
2	22:55:36.814	Custom indicator SupResZone_MTF USDCNH,Daily: removed
2	22:55:36.816	Custom indicator SupResZone_MTF USDCNH,Daily: removed
2	22:55:36.817	Custom indicator SupResZone_MTF USDCNH,Daily: removed
2	22:55:36.819	Custom indicator SupResZone_MTF USDCNH,Daily: removed
2	22:55:36.821	Custom indicator MACD-2x USDCNH,Daily: removed
2	22:55:36.821	Custom indicator Laguerre-ACS1 USDCNH,Daily: removed
2	22:55:36.835	Custom indicator GMMA Long USDJPY.,H4: removed
2	22:55:36.837	Custom indicator GMMA Short USDJPY.,H4: removed
2	22:55:36.839	Custom indicator 23MTF_MovingAverageIGOR USDJPY.,H4: removed
2	22:55:36.840	Custom indicator 23MTF_MovingAverageIGOR USDJPY.,H4: removed
2	22:55:36.843	Custom indicator SupResZone_MTF USDJPY.,H4: removed
2	22:55:36.844	Custom indicator SupResZone_MTF USDJPY.,H4: removed
2	22:55:36.846	Custom indicator MACD-2x USDJPY.,H4: removed
2	22:55:36.852	Custom indicator SupResZone_MTF CHINA300,Daily: removed
2	22:55:36.853	Custom indicator SupResZone_MTF CHINA300,Daily: removed
2	22:55:36.855	Custom indicator SupResZone_MTF CHINA300,Daily: removed
2	22:55:36.857	Custom indicator SupResZone_MTF CHINA300,Daily: removed
2	22:55:36.858	Custom indicator MACD-2x CHINA300,Daily: removed
2	22:55:36.858	Custom indicator Laguerre-ACS1 CHINA300,Daily: removed
2	22:55:36.868	Custom indicator 23MTF_MovingAverageIGOR CADJPY.,H1: removed
2	22:55:36.870	Custom indicator ADR CADJPY.,H1: removed
2	22:55:36.871	Custom indicator SupResZone_MTF CADJPY.,H1: removed
2	22:55:36.871	Custom indicator Laguerre-ACS1 CADJPY.,H1: removed
2	22:55:36.873	Custom indicator MACD-2x CADJPY.,H1: removed
0	22:55:37.452	FX Trader build 1170 stopped
