0	21:48:59.581	FX Trader build 1170 started (Performance Ronnaru Capital Ltd.)
0	21:48:59.581	Windows 10 Home x64, IE 11, UAC, 8 x Intel Core i7-6700HQ  @ 2.60GHz, Memory: 25212 / 32639 Mb, Disk: 142 / 264 Gb, GMT+8
0	21:48:59.581	Data Folder: C:\Users\tiany\AppData\Roaming\MetaQuotes\Terminal\79214103E7A6FC97F86082D309D0B84B
2	21:49:01.826	Custom indicator SupResZone_MTF USDXXX,H4: loaded successfully
2	21:49:01.842	Custom indicator SupResZone_MTF USDXXX,H4: loaded successfully
2	21:49:01.860	Custom indicator SupResZone_MTF USDXXX,H4: loaded successfully
2	21:49:01.876	Custom indicator SupResZone_MTF USDXXX,H4: loaded successfully
2	21:49:01.891	Custom indicator MACD-2x USDXXX,H4: loaded successfully
2	21:49:02.020	Custom indicator Laguerre-ACS1 USDXXX,H4: loaded successfully
2	21:49:02.290	Custom indicator SupResZone_MTF XAUUSD.,H1: loaded successfully
2	21:49:02.307	Custom indicator SupResZone_MTF XAUUSD.,H1: loaded successfully
2	21:49:02.326	Custom indicator SupResZone_MTF XAUUSD.,H1: loaded successfully
2	21:49:02.343	Custom indicator SupResZone_MTF XAUUSD.,H1: loaded successfully
2	21:49:02.360	Custom indicator MACD-2x XAUUSD.,H1: loaded successfully
2	21:49:02.472	Custom indicator Laguerre-ACS1 XAUUSD.,H1: loaded successfully
2	21:49:02.791	Custom indicator SupResZone_MTF XAGUSD.,H1: loaded successfully
2	21:49:02.812	Custom indicator SupResZone_MTF XAGUSD.,H1: loaded successfully
2	21:49:02.832	Custom indicator SupResZone_MTF XAGUSD.,H1: loaded successfully
2	21:49:02.848	Custom indicator SupResZone_MTF XAGUSD.,H1: loaded successfully
2	21:49:02.864	Custom indicator MACD-2x XAGUSD.,H1: loaded successfully
2	21:49:02.981	Custom indicator Laguerre-ACS1 XAGUSD.,H1: loaded successfully
2	21:49:03.294	Custom indicator SupResZone_MTF US_OIL,H1: loaded successfully
2	21:49:03.317	Custom indicator SupResZone_MTF US_OIL,H1: loaded successfully
2	21:49:03.334	Custom indicator SupResZone_MTF US_OIL,H1: loaded successfully
2	21:49:03.351	Custom indicator SupResZone_MTF US_OIL,H1: loaded successfully
2	21:49:03.381	Custom indicator MACD-2x US_OIL,H1: loaded successfully
2	21:49:03.537	Custom indicator Laguerre-ACS1 US_OIL,H1: loaded successfully
2	21:49:03.900	Custom indicator SupResZone_MTF JP225,H1: loaded successfully
2	21:49:03.917	Custom indicator SupResZone_MTF JP225,H1: loaded successfully
2	21:49:03.934	Custom indicator SupResZone_MTF JP225,H1: loaded successfully
2	21:49:03.952	Custom indicator SupResZone_MTF JP225,H1: loaded successfully
2	21:49:03.982	Custom indicator MACD-2x JP225,H1: loaded successfully
2	21:49:04.151	Custom indicator Laguerre-ACS1 JP225,H1: loaded successfully
2	21:49:04.734	Custom indicator SupResZone_MTF SPX500,H1: loaded successfully
2	21:49:04.750	Custom indicator SupResZone_MTF SPX500,H1: loaded successfully
2	21:49:04.769	Custom indicator SupResZone_MTF SPX500,H1: loaded successfully
2	21:49:04.786	Custom indicator SupResZone_MTF SPX500,H1: loaded successfully
2	21:49:04.805	Custom indicator MACD-2x SPX500,H1: loaded successfully
2	21:49:04.923	Custom indicator Laguerre-ACS1 SPX500,H1: loaded successfully
2	21:49:05.377	Custom indicator SupResZone_MTF EURAUD.,H4: loaded successfully
2	21:49:05.397	Custom indicator SupResZone_MTF EURAUD.,H4: loaded successfully
2	21:49:05.428	Custom indicator SupResZone_MTF EURAUD.,H4: loaded successfully
2	21:49:05.446	Custom indicator SupResZone_MTF EURAUD.,H4: loaded successfully
2	21:49:05.478	Custom indicator MACD-2x EURAUD.,H4: loaded successfully
2	21:49:05.721	Custom indicator Laguerre-ACS1 EURAUD.,H4: loaded successfully
2	21:49:06.036	Custom indicator SupResZone_MTF AUDJPY.,H4: loaded successfully
2	21:49:06.051	Custom indicator SupResZone_MTF AUDJPY.,H4: loaded successfully
2	21:49:06.064	Custom indicator SupResZone_MTF AUDJPY.,H4: loaded successfully
2	21:49:06.077	Custom indicator SupResZone_MTF AUDJPY.,H4: loaded successfully
2	21:49:06.090	Custom indicator MACD-2x AUDJPY.,H4: loaded successfully
2	21:49:06.188	Custom indicator Laguerre-ACS1 AUDJPY.,H4: loaded successfully
2	21:49:06.504	Custom indicator SupResZone_MTF AUDUSD.,H4: loaded successfully
2	21:49:06.523	Custom indicator SupResZone_MTF AUDUSD.,H4: loaded successfully
2	21:49:06.550	Custom indicator SupResZone_MTF AUDUSD.,H4: loaded successfully
2	21:49:06.574	Custom indicator SupResZone_MTF AUDUSD.,H4: loaded successfully
2	21:49:06.601	Custom indicator MACD-2x AUDUSD.,H4: loaded successfully
2	21:49:06.727	Custom indicator Laguerre-ACS1 AUDUSD.,H4: loaded successfully
2	21:49:07.059	Custom indicator SupResZone_MTF USDJPY.,H4: loaded successfully
2	21:49:07.083	Custom indicator SupResZone_MTF USDJPY.,H4: loaded successfully
2	21:49:07.106	Custom indicator SupResZone_MTF USDJPY.,H4: loaded successfully
2	21:49:07.122	Custom indicator SupResZone_MTF USDJPY.,H4: loaded successfully
2	21:49:07.143	Custom indicator MACD-2x USDJPY.,H4: loaded successfully
2	21:49:07.292	Custom indicator Laguerre-ACS1 USDJPY.,H4: loaded successfully
2	21:49:07.671	Custom indicator SupResZone_MTF EURJPY.,H4: loaded successfully
2	21:49:07.689	Custom indicator SupResZone_MTF EURJPY.,H4: loaded successfully
2	21:49:07.705	Custom indicator SupResZone_MTF EURJPY.,H4: loaded successfully
2	21:49:07.722	Custom indicator SupResZone_MTF EURJPY.,H4: loaded successfully
2	21:49:07.739	Custom indicator MACD-2x EURJPY.,H4: loaded successfully
2	21:49:07.850	Custom indicator Laguerre-ACS1 EURJPY.,H4: loaded successfully
2	21:49:08.396	Custom indicator SupResZone_MTF EURUSD.,H4: loaded successfully
2	21:49:08.428	Custom indicator SupResZone_MTF EURUSD.,H4: loaded successfully
2	21:49:08.443	Custom indicator SupResZone_MTF EURUSD.,H4: loaded successfully
2	21:49:08.475	Custom indicator SupResZone_MTF EURUSD.,H4: loaded successfully
2	21:49:08.490	Custom indicator MACD-2x EURUSD.,H4: loaded successfully
2	21:49:08.631	Custom indicator Laguerre-ACS1 EURUSD.,H4: loaded successfully
2	21:49:09.131	Custom indicator SupResZone_MTF GBPJPY.,H4: loaded successfully
2	21:49:09.162	Custom indicator SupResZone_MTF GBPJPY.,H4: loaded successfully
2	21:49:09.177	Custom indicator SupResZone_MTF GBPJPY.,H4: loaded successfully
2	21:49:09.209	Custom indicator SupResZone_MTF GBPJPY.,H4: loaded successfully
2	21:49:09.240	Custom indicator MACD-2x GBPJPY.,H4: loaded successfully
2	21:49:09.427	Custom indicator Laguerre-ACS1 GBPJPY.,H4: loaded successfully
2	21:49:09.891	Custom indicator SupResZone_MTF GBPUSD.,H4: loaded successfully
2	21:49:09.918	Custom indicator SupResZone_MTF GBPUSD.,H4: loaded successfully
2	21:49:09.940	Custom indicator SupResZone_MTF GBPUSD.,H4: loaded successfully
2	21:49:09.962	Custom indicator SupResZone_MTF GBPUSD.,H4: loaded successfully
2	21:49:09.989	Custom indicator MACD-2x GBPUSD.,H4: loaded successfully
2	21:49:10.181	Custom indicator Laguerre-ACS1 GBPUSD.,H4: loaded successfully
2	21:49:10.649	Custom indicator SupResZone_MTF USDCAD.,H4: loaded successfully
2	21:49:10.665	Custom indicator SupResZone_MTF USDCAD.,H4: loaded successfully
2	21:49:10.682	Custom indicator SupResZone_MTF USDCAD.,H4: loaded successfully
2	21:49:10.701	Custom indicator SupResZone_MTF USDCAD.,H4: loaded successfully
2	21:49:10.717	Custom indicator MACD-2x USDCAD.,H4: loaded successfully
2	21:49:10.832	Custom indicator Laguerre-ACS1 USDCAD.,H4: loaded successfully
2	21:49:11.136	Custom indicator SupResZone_MTF USDCHF.,H4: loaded successfully
2	21:49:11.153	Custom indicator SupResZone_MTF USDCHF.,H4: loaded successfully
2	21:49:11.170	Custom indicator SupResZone_MTF USDCHF.,H4: loaded successfully
2	21:49:11.189	Custom indicator SupResZone_MTF USDCHF.,H4: loaded successfully
2	21:49:11.206	Custom indicator MACD-2x USDCHF.,H4: loaded successfully
2	21:49:11.315	Custom indicator Laguerre-ACS1 USDCHF.,H4: loaded successfully
2	21:49:11.605	Custom indicator MACD-2x USDCNH,Daily: loaded successfully
2	21:49:11.617	Custom indicator MACD-2x USDCNH,Daily: loaded successfully
2	21:49:11.694	Custom indicator Laguerre-ACS1 USDCNH,Daily: loaded successfully
2	21:49:11.815	Custom indicator GMMA Long USDJPY.,H1: loaded successfully
2	21:49:11.828	Custom indicator GMMA Short USDJPY.,H1: loaded successfully
2	21:49:11.838	Custom indicator 23MTF_MovingAverageIGOR USDJPY.,H1: loaded successfully
2	21:49:11.848	Custom indicator 23MTF_MovingAverageIGOR USDJPY.,H1: loaded successfully
2	21:49:11.860	Custom indicator SupResZone_MTF USDJPY.,H1: loaded successfully
2	21:49:11.874	Custom indicator SupResZone_MTF USDJPY.,H1: loaded successfully
2	21:49:11.889	Custom indicator MACD-2x USDJPY.,H1: loaded successfully
2	21:49:12.150	Custom indicator SupResZone_MTF CHINA300,Daily: loaded successfully
2	21:49:12.162	Custom indicator SupResZone_MTF CHINA300,Daily: loaded successfully
2	21:49:12.177	Custom indicator SupResZone_MTF CHINA300,Daily: loaded successfully
2	21:49:12.188	Custom indicator SupResZone_MTF CHINA300,Daily: loaded successfully
2	21:49:12.204	Custom indicator MACD-2x CHINA300,Daily: loaded successfully
2	21:49:12.297	Custom indicator Laguerre-ACS1 CHINA300,Daily: loaded successfully
0	21:49:17.835	'120010550': login on PRC-Live through Server 5 (ping: 94.54 ms)
0	21:49:22.553	'120010550': login datacenter on PRC-Live through Server 5 (ping: 94.54 ms)
0	21:49:23.101	'120010550': previous successful authorization performed from 223.104.237.88
0	21:49:57.804	'120010550': ping to current access point Server 5 is 97.84 ms
1	22:44:05.753	'120010550': ping failed
0	22:44:28.080	'120010550': login on PRC-Live through Server 7 (ping: 208.94 ms)
0	22:44:30.238	'120010550': login datacenter on PRC-Live through Server 7 (ping: 208.94 ms)
0	22:44:30.744	'120010550': previous successful authorization performed from 101.131.181.200
1	22:58:31.548	'120010550': ping failed
0	22:58:32.089	'120010550': login on PRC-Live through Server 7 (ping: 208.94 ms)
0	22:58:37.045	'120010550': login datacenter on PRC-Live through Server 7 (ping: 208.94 ms)
0	22:58:37.496	'120010550': previous successful authorization performed from 42.101.65.200
0	22:59:07.690	'120010550': auto connecting to a better access point Server 5 (ping is 97.88 ms)
0	22:59:08.463	'120010550': login on PRC-Live through Server 5 (ping: 97.88 ms)
0	22:59:11.293	'120010550': login datacenter on PRC-Live through Server 5 (ping: 97.88 ms)
0	22:59:11.745	'120010550': previous successful authorization performed from 42.101.65.200
0	23:17:31.922	'120010550': order sell market 0.01 EURUSD. sl: 0.00000 tp: 0.00000
0	23:17:32.527	'120010550': order was opened : #11008696 sell 0.01 EURUSD. at 1.12204 sl: 0.00000 tp: 0.00000
2	23:20:40.417	Custom indicator SupResZone_MTF US_OIL,H4: removed
2	23:20:40.418	Custom indicator SupResZone_MTF US_OIL,H4: removed
2	23:20:40.420	Custom indicator SupResZone_MTF US_OIL,H4: removed
2	23:20:40.422	Custom indicator SupResZone_MTF US_OIL,H4: removed
2	23:20:40.425	Custom indicator MACD-2x US_OIL,H4: removed
2	23:20:40.425	Custom indicator Laguerre-ACS1 US_OIL,H4: removed
2	23:20:40.462	Custom indicator SupResZone_MTF US_OIL,H4: loaded successfully
2	23:20:40.473	Custom indicator SupResZone_MTF US_OIL,H4: loaded successfully
2	23:20:40.483	Custom indicator SupResZone_MTF US_OIL,H4: loaded successfully
2	23:20:40.494	Custom indicator SupResZone_MTF US_OIL,H4: loaded successfully
2	23:20:40.506	Custom indicator MACD-2x US_OIL,H4: loaded successfully
2	23:20:40.580	Custom indicator Laguerre-ACS1 US_OIL,H4: loaded successfully
