0	22:29:49.192	FX Trader build 1170 started (Performance Ronnaru Capital Ltd.)
0	22:29:49.192	Windows 10 Home x64, IE 11, UAC, 8 x Intel Core i7-6700HQ  @ 2.60GHz, Memory: 24237 / 32639 Mb, Disk: 136 / 264 Gb, GMT+8
0	22:29:49.192	Data Folder: C:\Users\tiany\AppData\Roaming\MetaQuotes\Terminal\79214103E7A6FC97F86082D309D0B84B
2	22:29:52.338	Custom indicator SupResZone_MTF USDXXX,H1: loaded successfully
2	22:29:52.349	Custom indicator SupResZone_MTF USDXXX,H1: loaded successfully
2	22:29:52.359	Custom indicator SupResZone_MTF USDXXX,H1: loaded successfully
2	22:29:52.370	Custom indicator SupResZone_MTF USDXXX,H1: loaded successfully
2	22:29:52.380	Custom indicator MACD-2x USDXXX,H1: loaded successfully
2	22:29:52.457	Custom indicator Laguerre-ACS1 USDXXX,H1: loaded successfully
2	22:29:52.696	Custom indicator SupResZone_MTF XAUUSD.,M1: loaded successfully
2	22:29:52.706	Custom indicator SupResZone_MTF XAUUSD.,M1: loaded successfully
2	22:29:52.717	Custom indicator SupResZone_MTF XAUUSD.,M1: loaded successfully
2	22:29:52.730	Custom indicator SupResZone_MTF XAUUSD.,M1: loaded successfully
2	22:29:52.740	Custom indicator MACD-2x XAUUSD.,M1: loaded successfully
2	22:29:52.825	Custom indicator Laguerre-ACS1 XAUUSD.,M1: loaded successfully
2	22:29:52.950	Custom indicator SupResZone_MTF XAGUSD.,H4: loaded successfully
2	22:29:52.961	Custom indicator SupResZone_MTF XAGUSD.,H4: loaded successfully
2	22:29:52.972	Custom indicator SupResZone_MTF XAGUSD.,H4: loaded successfully
2	22:29:52.984	Custom indicator SupResZone_MTF XAGUSD.,H4: loaded successfully
2	22:29:52.997	Custom indicator MACD-2x XAGUSD.,H4: loaded successfully
2	22:29:53.078	Custom indicator Laguerre-ACS1 XAGUSD.,H4: loaded successfully
2	22:29:53.295	Custom indicator SupResZone_MTF US_OIL,H4: loaded successfully
2	22:29:53.306	Custom indicator SupResZone_MTF US_OIL,H4: loaded successfully
2	22:29:53.316	Custom indicator SupResZone_MTF US_OIL,H4: loaded successfully
2	22:29:53.327	Custom indicator SupResZone_MTF US_OIL,H4: loaded successfully
2	22:29:53.337	Custom indicator MACD-2x US_OIL,H4: loaded successfully
2	22:29:53.410	Custom indicator Laguerre-ACS1 US_OIL,H4: loaded successfully
2	22:29:53.674	Custom indicator SupResZone_MTF JP225,H4: loaded successfully
2	22:29:53.685	Custom indicator SupResZone_MTF JP225,H4: loaded successfully
2	22:29:53.697	Custom indicator SupResZone_MTF JP225,H4: loaded successfully
2	22:29:53.707	Custom indicator SupResZone_MTF JP225,H4: loaded successfully
2	22:29:53.719	Custom indicator MACD-2x JP225,H4: loaded successfully
2	22:29:53.793	Custom indicator Laguerre-ACS1 JP225,H4: loaded successfully
2	22:29:54.027	Custom indicator SupResZone_MTF SPX500,H4: loaded successfully
2	22:29:54.040	Custom indicator SupResZone_MTF SPX500,H4: loaded successfully
2	22:29:54.051	Custom indicator SupResZone_MTF SPX500,H4: loaded successfully
2	22:29:54.061	Custom indicator SupResZone_MTF SPX500,H4: loaded successfully
2	22:29:54.072	Custom indicator MACD-2x SPX500,H4: loaded successfully
2	22:29:54.151	Custom indicator Laguerre-ACS1 SPX500,H4: loaded successfully
2	22:29:54.410	Custom indicator SupResZone_MTF EURAUD.,H4: loaded successfully
2	22:29:54.422	Custom indicator SupResZone_MTF EURAUD.,H4: loaded successfully
2	22:29:54.434	Custom indicator SupResZone_MTF EURAUD.,H4: loaded successfully
2	22:29:54.445	Custom indicator SupResZone_MTF EURAUD.,H4: loaded successfully
2	22:29:54.457	Custom indicator MACD-2x EURAUD.,H4: loaded successfully
2	22:29:54.540	Custom indicator Laguerre-ACS1 EURAUD.,H4: loaded successfully
2	22:29:54.754	Custom indicator SupResZone_MTF AUDJPY.,H4: loaded successfully
2	22:29:54.766	Custom indicator SupResZone_MTF AUDJPY.,H4: loaded successfully
2	22:29:54.777	Custom indicator SupResZone_MTF AUDJPY.,H4: loaded successfully
2	22:29:54.791	Custom indicator SupResZone_MTF AUDJPY.,H4: loaded successfully
2	22:29:54.802	Custom indicator MACD-2x AUDJPY.,H4: loaded successfully
2	22:29:54.878	Custom indicator Laguerre-ACS1 AUDJPY.,H4: loaded successfully
2	22:29:55.100	Custom indicator SupResZone_MTF AUDUSD.,H4: loaded successfully
2	22:29:55.112	Custom indicator SupResZone_MTF AUDUSD.,H4: loaded successfully
2	22:29:55.124	Custom indicator SupResZone_MTF AUDUSD.,H4: loaded successfully
2	22:29:55.134	Custom indicator SupResZone_MTF AUDUSD.,H4: loaded successfully
2	22:29:55.145	Custom indicator MACD-2x AUDUSD.,H4: loaded successfully
2	22:29:55.233	Custom indicator Laguerre-ACS1 AUDUSD.,H4: loaded successfully
2	22:29:55.454	Custom indicator SupResZone_MTF USDJPY.,Daily: loaded successfully
2	22:29:55.465	Custom indicator SupResZone_MTF USDJPY.,Daily: loaded successfully
2	22:29:55.487	Custom indicator SupResZone_MTF USDJPY.,Daily: loaded successfully
2	22:29:55.505	Custom indicator SupResZone_MTF USDJPY.,Daily: loaded successfully
2	22:29:55.522	Custom indicator MACD-2x USDJPY.,Daily: loaded successfully
2	22:29:55.616	Custom indicator Laguerre-ACS1 USDJPY.,Daily: loaded successfully
2	22:29:55.801	Custom indicator SupResZone_MTF EURJPY.,H4: loaded successfully
2	22:29:55.814	Custom indicator SupResZone_MTF EURJPY.,H4: loaded successfully
2	22:29:55.825	Custom indicator SupResZone_MTF EURJPY.,H4: loaded successfully
2	22:29:55.837	Custom indicator SupResZone_MTF EURJPY.,H4: loaded successfully
2	22:29:55.848	Custom indicator MACD-2x EURJPY.,H4: loaded successfully
2	22:29:55.923	Custom indicator Laguerre-ACS1 EURJPY.,H4: loaded successfully
2	22:29:56.261	Custom indicator SupResZone_MTF EURUSD.,H4: loaded successfully
2	22:29:56.272	Custom indicator SupResZone_MTF EURUSD.,H4: loaded successfully
2	22:29:56.284	Custom indicator SupResZone_MTF EURUSD.,H4: loaded successfully
2	22:29:56.298	Custom indicator SupResZone_MTF EURUSD.,H4: loaded successfully
2	22:29:56.310	Custom indicator MACD-2x EURUSD.,H4: loaded successfully
2	22:29:56.390	Custom indicator Laguerre-ACS1 EURUSD.,H4: loaded successfully
2	22:29:56.641	Custom indicator SupResZone_MTF GBPJPY.,H4: loaded successfully
2	22:29:56.652	Custom indicator SupResZone_MTF GBPJPY.,H4: loaded successfully
2	22:29:56.663	Custom indicator SupResZone_MTF GBPJPY.,H4: loaded successfully
2	22:29:56.674	Custom indicator SupResZone_MTF GBPJPY.,H4: loaded successfully
2	22:29:56.684	Custom indicator MACD-2x GBPJPY.,H4: loaded successfully
2	22:29:56.757	Custom indicator Laguerre-ACS1 GBPJPY.,H4: loaded successfully
2	22:29:57.000	Custom indicator SupResZone_MTF GBPUSD.,Daily: loaded successfully
2	22:29:57.011	Custom indicator SupResZone_MTF GBPUSD.,Daily: loaded successfully
2	22:29:57.021	Custom indicator SupResZone_MTF GBPUSD.,Daily: loaded successfully
2	22:29:57.032	Custom indicator SupResZone_MTF GBPUSD.,Daily: loaded successfully
2	22:29:57.043	Custom indicator MACD-2x GBPUSD.,Daily: loaded successfully
2	22:29:57.132	Custom indicator Laguerre-ACS1 GBPUSD.,Daily: loaded successfully
2	22:29:57.387	Custom indicator SupResZone_MTF USDCAD.,Daily: loaded successfully
2	22:29:57.407	Custom indicator SupResZone_MTF USDCAD.,Daily: loaded successfully
2	22:29:57.419	Custom indicator SupResZone_MTF USDCAD.,Daily: loaded successfully
2	22:29:57.434	Custom indicator SupResZone_MTF USDCAD.,Daily: loaded successfully
2	22:29:57.446	Custom indicator MACD-2x USDCAD.,Daily: loaded successfully
2	22:29:57.519	Custom indicator Laguerre-ACS1 USDCAD.,Daily: loaded successfully
2	22:29:57.699	Custom indicator SupResZone_MTF USDCHF.,Daily: loaded successfully
2	22:29:57.711	Custom indicator SupResZone_MTF USDCHF.,Daily: loaded successfully
2	22:29:57.722	Custom indicator SupResZone_MTF USDCHF.,Daily: loaded successfully
2	22:29:57.733	Custom indicator SupResZone_MTF USDCHF.,Daily: loaded successfully
2	22:29:57.749	Custom indicator MACD-2x USDCHF.,Daily: loaded successfully
2	22:29:57.840	Custom indicator Laguerre-ACS1 USDCHF.,Daily: loaded successfully
2	22:29:57.998	Custom indicator MACD-2x USDCNH,Daily: loaded successfully
2	22:29:58.009	Custom indicator MACD-2x USDCNH,Daily: loaded successfully
2	22:29:58.084	Custom indicator Laguerre-ACS1 USDCNH,Daily: loaded successfully
2	22:29:58.152	Custom indicator GMMA Long USDJPY.,H1: loaded successfully
2	22:29:58.162	Custom indicator GMMA Short USDJPY.,H1: loaded successfully
2	22:29:58.171	Custom indicator 23MTF_MovingAverageIGOR USDJPY.,H1: loaded successfully
2	22:29:58.179	Custom indicator 23MTF_MovingAverageIGOR USDJPY.,H1: loaded successfully
2	22:29:58.191	Custom indicator SupResZone_MTF USDJPY.,H1: loaded successfully
2	22:29:58.201	Custom indicator SupResZone_MTF USDJPY.,H1: loaded successfully
2	22:29:58.211	Custom indicator MACD-2x USDJPY.,H1: loaded successfully
2	22:29:58.461	Custom indicator SupResZone_MTF CHINA300,Daily: loaded successfully
2	22:29:58.475	Custom indicator SupResZone_MTF CHINA300,Daily: loaded successfully
2	22:29:58.487	Custom indicator SupResZone_MTF CHINA300,Daily: loaded successfully
2	22:29:58.497	Custom indicator SupResZone_MTF CHINA300,Daily: loaded successfully
2	22:29:58.507	Custom indicator MACD-2x CHINA300,Daily: loaded successfully
2	22:29:58.581	Custom indicator Laguerre-ACS1 CHINA300,Daily: loaded successfully
0	22:30:00.746	'120010550': login on PRC-Live through Server 5 (ping: 95.83 ms)
0	22:30:03.250	'120010550': login datacenter on PRC-Live through Server 5 (ping: 95.83 ms)
0	22:30:03.622	'120010550': previous successful authorization performed from 101.131.181.23
0	22:30:50.280	'120010550': ping to current access point Server 5 is 96.48 ms
