2	01:45:44.475	Custom indicator span_model EURAUD.,Daily: removed
2	01:45:44.479	Custom indicator MACD-2x EURAUD.,Daily: removed
2	01:45:44.482	Custom indicator MACD-2x EURAUD.,Daily: removed
2	01:45:44.482	Custom indicator Laguerre-ACS1 EURAUD.,Daily: removed
2	01:45:44.510	Custom indicator span_model XAUUSD.,Daily: removed
2	01:45:44.512	Custom indicator MACD-2x XAUUSD.,Daily: removed
2	01:45:44.514	Custom indicator MACD-2x XAUUSD.,Daily: removed
2	01:45:44.514	Custom indicator Laguerre-ACS1 XAUUSD.,Daily: removed
2	01:45:44.521	Custom indicator span_model JP225,Daily: removed
2	01:45:44.524	Custom indicator MACD-2x JP225,Daily: removed
2	01:45:44.527	Custom indicator MACD-2x JP225,Daily: removed
2	01:45:44.527	Custom indicator Laguerre-ACS1 JP225,Daily: removed
2	01:45:44.539	Custom indicator span_model SPX500,H1: removed
2	01:45:44.541	Custom indicator MACD-2x SPX500,H1: removed
2	01:45:44.543	Custom indicator MACD-2x SPX500,H1: removed
2	01:45:44.543	Custom indicator Laguerre-ACS1 SPX500,H1: removed
2	01:45:44.550	Custom indicator span_model US_OIL,Daily: removed
2	01:45:44.553	Custom indicator MACD-2x US_OIL,Daily: removed
2	01:45:44.556	Custom indicator MACD-2x US_OIL,Daily: removed
2	01:45:44.556	Custom indicator Laguerre-ACS1 US_OIL,Daily: removed
2	01:45:44.560	Custom indicator span_model NDX100,Daily: removed
2	01:45:44.563	Custom indicator MACD-2x NDX100,Daily: removed
2	01:45:44.564	Custom indicator MACD-2x NDX100,Daily: removed
2	01:45:44.564	Custom indicator Laguerre-ACS1 NDX100,Daily: removed
2	01:45:44.588	Custom indicator span_model USDJPY.,Daily: removed
2	01:45:44.590	Custom indicator MACD-2x USDJPY.,Daily: removed
2	01:45:44.591	Custom indicator MACD-2x USDJPY.,Daily: removed
2	01:45:44.591	Custom indicator Laguerre-ACS1 USDJPY.,Daily: removed
2	01:45:44.597	Custom indicator span_model EURJPY.,Daily: removed
2	01:45:44.600	Custom indicator MACD-2x EURJPY.,Daily: removed
2	01:45:44.602	Custom indicator MACD-2x EURJPY.,Daily: removed
2	01:45:44.602	Custom indicator Laguerre-ACS1 EURJPY.,Daily: removed
2	01:45:44.605	Custom indicator span_model EURUSD.,Daily: removed
2	01:45:44.608	Custom indicator MACD-2x EURUSD.,Daily: removed
2	01:45:44.610	Custom indicator MACD-2x EURUSD.,Daily: removed
2	01:45:44.610	Custom indicator Laguerre-ACS1 EURUSD.,Daily: removed
2	01:45:44.628	Custom indicator span_model GBPUSD.,H1: removed
2	01:45:44.631	Custom indicator MACD-2x GBPUSD.,H1: removed
2	01:45:44.633	Custom indicator MACD-2x GBPUSD.,H1: removed
2	01:45:44.633	Custom indicator Laguerre-ACS1 GBPUSD.,H1: removed
2	01:45:44.636	Custom indicator span_model GBPJPY.,Daily: removed
2	01:45:44.638	Custom indicator MACD-2x GBPJPY.,Daily: removed
2	01:45:44.640	Custom indicator MACD-2x GBPJPY.,Daily: removed
2	01:45:44.640	Custom indicator Laguerre-ACS1 GBPJPY.,Daily: removed
2	01:45:44.656	Custom indicator span_model USDCHF.,Daily: removed
2	01:45:44.658	Custom indicator MACD-2x USDCHF.,Daily: removed
2	01:45:44.661	Custom indicator MACD-2x USDCHF.,Daily: removed
2	01:45:44.661	Custom indicator Laguerre-ACS1 USDCHF.,Daily: removed
2	01:45:44.673	Custom indicator span_model USDCAD.,Daily: removed
2	01:45:44.676	Custom indicator MACD-2x USDCAD.,Daily: removed
2	01:45:44.679	Custom indicator MACD-2x USDCAD.,Daily: removed
2	01:45:44.679	Custom indicator Laguerre-ACS1 USDCAD.,Daily: removed
2	01:45:44.682	Custom indicator span_model AUDJPY.,Daily: removed
2	01:45:44.684	Custom indicator MACD-2x AUDJPY.,Daily: removed
2	01:45:44.686	Custom indicator MACD-2x AUDJPY.,Daily: removed
2	01:45:44.686	Custom indicator Laguerre-ACS1 AUDJPY.,Daily: removed
2	01:45:44.696	Custom indicator span_model AUDUSD.,Daily: removed
2	01:45:44.698	Custom indicator MACD-2x AUDUSD.,Daily: removed
2	01:45:44.699	Custom indicator MACD-2x AUDUSD.,Daily: removed
2	01:45:44.699	Custom indicator Laguerre-ACS1 AUDUSD.,Daily: removed
0	01:45:45.137	FX Trader build 1170 stopped
0	23:00:31.634	FX Trader build 1170 started (Performance Ronnaru Capital Ltd.)
0	23:00:31.635	Windows 10 Home x64, IE 11, UAC, 8 x Intel Core i7-6700HQ  @ 2.60GHz, Memory: 22938 / 32639 Mb, Disk: 140 / 264 Gb, GMT+9
0	23:00:31.635	Data Folder: C:\Users\tiany\AppData\Roaming\MetaQuotes\Terminal\79214103E7A6FC97F86082D309D0B84B
2	23:00:33.601	Custom indicator span_model EURAUD.,Daily: loaded successfully
2	23:00:33.612	Custom indicator MACD-2x EURAUD.,Daily: loaded successfully
2	23:00:33.624	Custom indicator MACD-2x EURAUD.,Daily: loaded successfully
2	23:00:33.707	Custom indicator Laguerre-ACS1 EURAUD.,Daily: loaded successfully
2	23:00:33.842	Custom indicator span_model XAUUSD.,Daily: loaded successfully
2	23:00:33.852	Custom indicator MACD-2x XAUUSD.,Daily: loaded successfully
2	23:00:33.863	Custom indicator MACD-2x XAUUSD.,Daily: loaded successfully
2	23:00:33.938	Custom indicator Laguerre-ACS1 XAUUSD.,Daily: loaded successfully
2	23:00:34.115	Custom indicator span_model JP225,Daily: loaded successfully
2	23:00:34.127	Custom indicator MACD-2x JP225,Daily: loaded successfully
2	23:00:34.137	Custom indicator MACD-2x JP225,Daily: loaded successfully
2	23:00:34.218	Custom indicator Laguerre-ACS1 JP225,Daily: loaded successfully
2	23:00:34.368	Custom indicator span_model SPX500,H1: loaded successfully
2	23:00:34.380	Custom indicator MACD-2x SPX500,H1: loaded successfully
2	23:00:34.391	Custom indicator MACD-2x SPX500,H1: loaded successfully
2	23:00:34.470	Custom indicator Laguerre-ACS1 SPX500,H1: loaded successfully
2	23:00:34.757	Custom indicator span_model US_OIL,Daily: loaded successfully
2	23:00:34.771	Custom indicator MACD-2x US_OIL,Daily: loaded successfully
2	23:00:34.784	Custom indicator MACD-2x US_OIL,Daily: loaded successfully
2	23:00:34.873	Custom indicator Laguerre-ACS1 US_OIL,Daily: loaded successfully
2	23:00:35.034	Custom indicator span_model NDX100,Daily: loaded successfully
2	23:00:35.046	Custom indicator MACD-2x NDX100,Daily: loaded successfully
2	23:00:35.057	Custom indicator MACD-2x NDX100,Daily: loaded successfully
2	23:00:35.147	Custom indicator Laguerre-ACS1 NDX100,Daily: loaded successfully
2	23:00:35.297	Custom indicator span_model USDJPY.,Daily: loaded successfully
2	23:00:35.311	Custom indicator MACD-2x USDJPY.,Daily: loaded successfully
2	23:00:35.323	Custom indicator MACD-2x USDJPY.,Daily: loaded successfully
2	23:00:35.406	Custom indicator Laguerre-ACS1 USDJPY.,Daily: loaded successfully
2	23:00:35.560	Custom indicator span_model EURJPY.,Daily: loaded successfully
2	23:00:35.571	Custom indicator MACD-2x EURJPY.,Daily: loaded successfully
2	23:00:35.582	Custom indicator MACD-2x EURJPY.,Daily: loaded successfully
2	23:00:35.664	Custom indicator Laguerre-ACS1 EURJPY.,Daily: loaded successfully
2	23:00:35.855	Custom indicator span_model EURUSD.,Daily: loaded successfully
2	23:00:35.868	Custom indicator MACD-2x EURUSD.,Daily: loaded successfully
2	23:00:35.880	Custom indicator MACD-2x EURUSD.,Daily: loaded successfully
2	23:00:35.957	Custom indicator Laguerre-ACS1 EURUSD.,Daily: loaded successfully
2	23:00:36.162	Custom indicator span_model GBPUSD.,H1: loaded successfully
2	23:00:36.171	Custom indicator MACD-2x GBPUSD.,H1: loaded successfully
2	23:00:36.182	Custom indicator MACD-2x GBPUSD.,H1: loaded successfully
2	23:00:36.257	Custom indicator Laguerre-ACS1 GBPUSD.,H1: loaded successfully
2	23:00:36.521	Custom indicator span_model GBPJPY.,Daily: loaded successfully
2	23:00:36.533	Custom indicator MACD-2x GBPJPY.,Daily: loaded successfully
2	23:00:36.545	Custom indicator MACD-2x GBPJPY.,Daily: loaded successfully
2	23:00:36.628	Custom indicator Laguerre-ACS1 GBPJPY.,Daily: loaded successfully
2	23:00:36.817	Custom indicator span_model USDCHF.,Daily: loaded successfully
2	23:00:36.829	Custom indicator MACD-2x USDCHF.,Daily: loaded successfully
2	23:00:36.840	Custom indicator MACD-2x USDCHF.,Daily: loaded successfully
2	23:00:36.917	Custom indicator Laguerre-ACS1 USDCHF.,Daily: loaded successfully
2	23:00:37.070	Custom indicator span_model USDCAD.,Daily: loaded successfully
2	23:00:37.080	Custom indicator MACD-2x USDCAD.,Daily: loaded successfully
2	23:00:37.090	Custom indicator MACD-2x USDCAD.,Daily: loaded successfully
2	23:00:37.164	Custom indicator Laguerre-ACS1 USDCAD.,Daily: loaded successfully
2	23:00:37.315	Custom indicator span_model AUDJPY.,Daily: loaded successfully
2	23:00:37.326	Custom indicator MACD-2x AUDJPY.,Daily: loaded successfully
2	23:00:37.336	Custom indicator MACD-2x AUDJPY.,Daily: loaded successfully
2	23:00:37.411	Custom indicator Laguerre-ACS1 AUDJPY.,Daily: loaded successfully
2	23:00:37.572	Custom indicator span_model AUDUSD.,Daily: loaded successfully
2	23:00:37.582	Custom indicator MACD-2x AUDUSD.,Daily: loaded successfully
2	23:00:37.593	Custom indicator MACD-2x AUDUSD.,Daily: loaded successfully
2	23:00:37.667	Custom indicator Laguerre-ACS1 AUDUSD.,Daily: loaded successfully
0	23:00:39.774	'120010550': login on PRC-Live through Server 3 (ping: 40.02 ms)
0	23:00:43.162	'120010550': login datacenter on PRC-Live through Server 3 (ping: 40.02 ms)
0	23:00:45.199	'120010550': previous successful authorization performed from 106.181.132.158
0	23:01:19.411	'120010550': auto connecting to a better access point Server 7 (ping is 78.53 ms)
0	23:01:20.221	'120010550': login on PRC-Live through Server 7 (ping: 78.53 ms)
0	23:01:21.050	'120010550': login datacenter on PRC-Live through Server 7 (ping: 78.53 ms)
0	23:01:21.654	'120010550': previous successful authorization performed from 106.181.125.66
2	23:55:40.611	Custom indicator span_model EURAUD.,Daily: removed
2	23:55:40.614	Custom indicator MACD-2x EURAUD.,Daily: removed
2	23:55:40.617	Custom indicator MACD-2x EURAUD.,Daily: removed
2	23:55:40.617	Custom indicator Laguerre-ACS1 EURAUD.,Daily: removed
2	23:55:40.658	Custom indicator span_model XAUUSD.,H1: removed
2	23:55:40.660	Custom indicator MACD-2x XAUUSD.,H1: removed
2	23:55:40.661	Custom indicator MACD-2x XAUUSD.,H1: removed
2	23:55:40.662	Custom indicator Laguerre-ACS1 XAUUSD.,H1: removed
2	23:55:40.668	Custom indicator span_model JP225,Daily: removed
2	23:55:40.673	Custom indicator MACD-2x JP225,Daily: removed
2	23:55:40.675	Custom indicator MACD-2x JP225,Daily: removed
2	23:55:40.675	Custom indicator Laguerre-ACS1 JP225,Daily: removed
2	23:55:40.682	Custom indicator span_model SPX500,Daily: removed
2	23:55:40.685	Custom indicator MACD-2x SPX500,Daily: removed
2	23:55:40.687	Custom indicator MACD-2x SPX500,Daily: removed
2	23:55:40.687	Custom indicator Laguerre-ACS1 SPX500,Daily: removed
2	23:55:40.708	Custom indicator span_model US_OIL,Daily: removed
2	23:55:40.710	Custom indicator MACD-2x US_OIL,Daily: removed
2	23:55:40.712	Custom indicator MACD-2x US_OIL,Daily: removed
2	23:55:40.712	Custom indicator Laguerre-ACS1 US_OIL,Daily: removed
2	23:55:40.733	Custom indicator span_model NDX100,Daily: removed
2	23:55:40.735	Custom indicator MACD-2x NDX100,Daily: removed
2	23:55:40.737	Custom indicator MACD-2x NDX100,Daily: removed
2	23:55:40.737	Custom indicator Laguerre-ACS1 NDX100,Daily: removed
2	23:55:40.768	Custom indicator span_model USDJPY.,Daily: removed
2	23:55:40.771	Custom indicator MACD-2x USDJPY.,Daily: removed
2	23:55:40.773	Custom indicator MACD-2x USDJPY.,Daily: removed
2	23:55:40.773	Custom indicator Laguerre-ACS1 USDJPY.,Daily: removed
2	23:55:40.794	Custom indicator span_model EURJPY.,H1: removed
2	23:55:40.796	Custom indicator MACD-2x EURJPY.,H1: removed
2	23:55:40.798	Custom indicator MACD-2x EURJPY.,H1: removed
2	23:55:40.798	Custom indicator Laguerre-ACS1 EURJPY.,H1: removed
2	23:55:40.817	Custom indicator span_model EURUSD.,H1: removed
2	23:55:40.820	Custom indicator MACD-2x EURUSD.,H1: removed
2	23:55:40.821	Custom indicator MACD-2x EURUSD.,H1: removed
2	23:55:40.821	Custom indicator Laguerre-ACS1 EURUSD.,H1: removed
2	23:55:40.840	Custom indicator span_model GBPUSD.,H1: removed
2	23:55:40.842	Custom indicator MACD-2x GBPUSD.,H1: removed
2	23:55:40.843	Custom indicator MACD-2x GBPUSD.,H1: removed
2	23:55:40.844	Custom indicator Laguerre-ACS1 GBPUSD.,H1: removed
2	23:55:40.862	Custom indicator span_model GBPJPY.,H1: removed
2	23:55:40.864	Custom indicator MACD-2x GBPJPY.,H1: removed
2	23:55:40.866	Custom indicator MACD-2x GBPJPY.,H1: removed
2	23:55:40.866	Custom indicator Laguerre-ACS1 GBPJPY.,H1: removed
2	23:55:40.870	Custom indicator span_model USDCHF.,Daily: removed
2	23:55:40.872	Custom indicator MACD-2x USDCHF.,Daily: removed
2	23:55:40.874	Custom indicator MACD-2x USDCHF.,Daily: removed
2	23:55:40.874	Custom indicator Laguerre-ACS1 USDCHF.,Daily: removed
2	23:55:40.909	Custom indicator span_model USDCAD.,Daily: removed
2	23:55:40.911	Custom indicator MACD-2x USDCAD.,Daily: removed
2	23:55:40.913	Custom indicator MACD-2x USDCAD.,Daily: removed
2	23:55:40.913	Custom indicator Laguerre-ACS1 USDCAD.,Daily: removed
2	23:55:40.930	Custom indicator span_model AUDJPY.,Daily: removed
2	23:55:40.931	Custom indicator MACD-2x AUDJPY.,Daily: removed
2	23:55:40.933	Custom indicator MACD-2x AUDJPY.,Daily: removed
2	23:55:40.933	Custom indicator Laguerre-ACS1 AUDJPY.,Daily: removed
2	23:55:40.944	Custom indicator span_model AUDUSD.,Daily: removed
2	23:55:40.947	Custom indicator MACD-2x AUDUSD.,Daily: removed
2	23:55:40.948	Custom indicator MACD-2x AUDUSD.,Daily: removed
2	23:55:40.948	Custom indicator Laguerre-ACS1 AUDUSD.,Daily: removed
0	23:55:41.349	FX Trader build 1170 stopped
0	23:55:57.424	FX Trader build 1170 started (Performance Ronnaru Capital Ltd.)
0	23:55:57.424	Windows 10 Home x64, IE 11, UAC, 8 x Intel Core i7-6700HQ  @ 2.60GHz, Memory: 20817 / 32639 Mb, Disk: 139 / 264 Gb, GMT+9
0	23:55:57.424	Data Folder: C:\Users\tiany\AppData\Roaming\MetaQuotes\Terminal\79214103E7A6FC97F86082D309D0B84B
0	23:55:58.053	Sources recompilation started
0	23:56:00.043	Sources recompilation finished (1 compiled in 1984 msec)
2	23:56:01.345	Custom indicator span_model EURAUD.,Daily: loaded successfully
2	23:56:01.355	Custom indicator MACD-2x EURAUD.,Daily: loaded successfully
2	23:56:01.365	Custom indicator MACD-2x EURAUD.,Daily: loaded successfully
2	23:56:01.440	Custom indicator Laguerre-ACS1 EURAUD.,Daily: loaded successfully
2	23:56:01.581	Custom indicator span_model XAUUSD.,H1: loaded successfully
2	23:56:01.591	Custom indicator MACD-2x XAUUSD.,H1: loaded successfully
2	23:56:01.602	Custom indicator MACD-2x XAUUSD.,H1: loaded successfully
2	23:56:01.671	Custom indicator Laguerre-ACS1 XAUUSD.,H1: loaded successfully
2	23:56:01.906	Custom indicator span_model JP225,Daily: loaded successfully
2	23:56:01.917	Custom indicator MACD-2x JP225,Daily: loaded successfully
2	23:56:01.926	Custom indicator MACD-2x JP225,Daily: loaded successfully
2	23:56:02.006	Custom indicator Laguerre-ACS1 JP225,Daily: loaded successfully
2	23:56:02.172	Custom indicator span_model SPX500,Daily: loaded successfully
2	23:56:02.183	Custom indicator MACD-2x SPX500,Daily: loaded successfully
2	23:56:02.196	Custom indicator MACD-2x SPX500,Daily: loaded successfully
2	23:56:02.301	Custom indicator Laguerre-ACS1 SPX500,Daily: loaded successfully
2	23:56:02.459	Custom indicator span_model US_OIL,Daily: loaded successfully
2	23:56:02.471	Custom indicator MACD-2x US_OIL,Daily: loaded successfully
2	23:56:02.481	Custom indicator MACD-2x US_OIL,Daily: loaded successfully
2	23:56:02.556	Custom indicator Laguerre-ACS1 US_OIL,Daily: loaded successfully
2	23:56:02.732	Custom indicator span_model NDX100,Daily: loaded successfully
2	23:56:02.743	Custom indicator MACD-2x NDX100,Daily: loaded successfully
2	23:56:02.754	Custom indicator MACD-2x NDX100,Daily: loaded successfully
2	23:56:02.834	Custom indicator Laguerre-ACS1 NDX100,Daily: loaded successfully
2	23:56:03.001	Custom indicator span_model USDJPY.,Daily: loaded successfully
2	23:56:03.012	Custom indicator MACD-2x USDJPY.,Daily: loaded successfully
2	23:56:03.022	Custom indicator MACD-2x USDJPY.,Daily: loaded successfully
2	23:56:03.106	Custom indicator Laguerre-ACS1 USDJPY.,Daily: loaded successfully
2	23:56:03.352	Custom indicator span_model EURJPY.,H1: loaded successfully
2	23:56:03.365	Custom indicator MACD-2x EURJPY.,H1: loaded successfully
2	23:56:03.379	Custom indicator MACD-2x EURJPY.,H1: loaded successfully
2	23:56:03.468	Custom indicator Laguerre-ACS1 EURJPY.,H1: loaded successfully
2	23:56:03.761	Custom indicator span_model EURUSD.,H1: loaded successfully
2	23:56:03.772	Custom indicator MACD-2x EURUSD.,H1: loaded successfully
2	23:56:03.784	Custom indicator MACD-2x EURUSD.,H1: loaded successfully
2	23:56:03.857	Custom indicator Laguerre-ACS1 EURUSD.,H1: loaded successfully
2	23:56:04.083	Custom indicator span_model GBPUSD.,H1: loaded successfully
2	23:56:04.094	Custom indicator MACD-2x GBPUSD.,H1: loaded successfully
2	23:56:04.105	Custom indicator MACD-2x GBPUSD.,H1: loaded successfully
2	23:56:04.179	Custom indicator Laguerre-ACS1 GBPUSD.,H1: loaded successfully
2	23:56:04.421	Custom indicator span_model GBPJPY.,H1: loaded successfully
2	23:56:04.433	Custom indicator MACD-2x GBPJPY.,H1: loaded successfully
2	23:56:04.449	Custom indicator MACD-2x GBPJPY.,H1: loaded successfully
2	23:56:04.537	Custom indicator Laguerre-ACS1 GBPJPY.,H1: loaded successfully
2	23:56:04.757	Custom indicator span_model USDCHF.,Daily: loaded successfully
2	23:56:04.768	Custom indicator MACD-2x USDCHF.,Daily: loaded successfully
2	23:56:04.780	Custom indicator MACD-2x USDCHF.,Daily: loaded successfully
2	23:56:04.856	Custom indicator Laguerre-ACS1 USDCHF.,Daily: loaded successfully
2	23:56:05.027	Custom indicator span_model USDCAD.,Daily: loaded successfully
2	23:56:05.037	Custom indicator MACD-2x USDCAD.,Daily: loaded successfully
2	23:56:05.048	Custom indicator MACD-2x USDCAD.,Daily: loaded successfully
2	23:56:05.128	Custom indicator Laguerre-ACS1 USDCAD.,Daily: loaded successfully
2	23:56:05.295	Custom indicator span_model AUDJPY.,Daily: loaded successfully
2	23:56:05.305	Custom indicator MACD-2x AUDJPY.,Daily: loaded successfully
2	23:56:05.316	Custom indicator MACD-2x AUDJPY.,Daily: loaded successfully
2	23:56:05.419	Custom indicator Laguerre-ACS1 AUDJPY.,Daily: loaded successfully
2	23:56:05.573	Custom indicator span_model AUDUSD.,Daily: loaded successfully
2	23:56:05.583	Custom indicator MACD-2x AUDUSD.,Daily: loaded successfully
2	23:56:05.594	Custom indicator MACD-2x AUDUSD.,Daily: loaded successfully
2	23:56:05.668	Custom indicator Laguerre-ACS1 AUDUSD.,Daily: loaded successfully
0	23:56:07.329	'120010550': login on PRC-Live through Server 7 (ping: 78.53 ms)
0	23:56:07.969	'120010550': login datacenter on PRC-Live through Server 7 (ping: 78.53 ms)
0	23:56:08.295	'120010550': previous successful authorization performed from 106.181.125.66
2	23:56:13.795	Custom indicator TheGreedyPig_ADR_v6 XAUUSD.,H1: loaded successfully
