1	00:28:07.545	'120010550': ping failed
0	00:28:11.102	'120010550': login on PRC-Live through Server 3 (ping: 63.12 ms)
0	00:28:12.131	'120010550': login datacenter on PRC-Live through Server 3 (ping: 63.12 ms)
0	00:28:12.693	'120010550': previous successful authorization performed from 106.181.142.134
0	00:28:31.087	'120010550': ping to current access point Server 3 is 57.05 ms
2	01:14:23.411	Custom indicator Laguerre-ACS1 USDJPY.,H4: removed
2	01:14:23.417	Custom indicator MACD USDJPY.,H4: removed
2	01:14:23.436	Custom indicator Laguerre-ACS1 EURJPY.,Monthly: removed
2	01:14:23.441	Custom indicator MACD EURJPY.,Monthly: removed
2	01:14:23.457	Custom indicator Laguerre-ACS1 EURUSD.,Monthly: removed
2	01:14:23.461	Custom indicator MACD EURUSD.,Monthly: removed
2	01:14:23.555	Custom indicator Laguerre-ACS1 GBPUSD.,Daily: removed
2	01:14:23.560	Custom indicator MACD GBPUSD.,Daily: removed
2	01:14:23.666	Custom indicator Laguerre-ACS1 GBPJPY.,H4: removed
2	01:14:23.672	Custom indicator MACD GBPJPY.,H4: removed
2	01:14:23.811	Custom indicator Laguerre-ACS1 JP225,H4: removed
2	01:14:23.820	Custom indicator MACD JP225,H4: removed
2	01:14:23.943	Custom indicator Laguerre-ACS1 NDX100,H1: removed
2	01:14:23.950	Custom indicator MACD NDX100,H1: removed
2	01:14:23.989	Custom indicator Laguerre-ACS1 SPX500,H4: removed
2	01:14:23.997	Custom indicator MACD SPX500,H4: removed
2	01:14:24.008	Custom indicator Laguerre-ACS1 A50,Daily: removed
2	01:14:24.014	Custom indicator MACD A50,Daily: removed
2	01:14:24.032	Custom indicator Laguerre-ACS1 XAUUSD.,H1: removed
2	01:14:24.037	Custom indicator MACD XAUUSD.,H1: removed
2	01:14:24.069	Custom indicator Laguerre-ACS1 US_OIL,Daily: removed
2	01:14:24.075	Custom indicator MACD US_OIL,Daily: removed
0	01:14:24.846	FX Trader build 1170 stopped
0	15:32:55.942	FX Trader build 1170 started (Performance Ronnaru Capital Ltd.)
0	15:32:55.943	Windows 10 Home x64, IE 11, UAC, 8 x Intel Core i7-6700HQ  @ 2.60GHz, Memory: 23687 / 32639 Mb, Disk: 146 / 264 Gb, GMT+9
0	15:32:55.943	Data Folder: C:\Users\tiany\AppData\Roaming\MetaQuotes\Terminal\79214103E7A6FC97F86082D309D0B84B
2	15:32:57.959	Custom indicator 小鱼\Laguerre-ACS1 USDJPY.,H4: loaded successfully
2	15:32:57.969	Custom indicator MACD USDJPY.,H4: loaded successfully
2	15:32:58.092	Custom indicator 小鱼\Laguerre-ACS1 EURJPY.,Monthly: loaded successfully
2	15:32:58.107	Custom indicator MACD EURJPY.,Monthly: loaded successfully
2	15:32:58.210	Custom indicator 小鱼\Laguerre-ACS1 EURUSD.,Monthly: loaded successfully
2	15:32:58.220	Custom indicator MACD EURUSD.,Monthly: loaded successfully
2	15:32:58.343	Custom indicator 小鱼\Laguerre-ACS1 GBPUSD.,Daily: loaded successfully
2	15:32:58.355	Custom indicator MACD GBPUSD.,Daily: loaded successfully
2	15:32:58.462	Custom indicator 小鱼\Laguerre-ACS1 GBPJPY.,H4: loaded successfully
2	15:32:58.481	Custom indicator MACD GBPJPY.,H4: loaded successfully
2	15:32:58.611	Custom indicator 小鱼\Laguerre-ACS1 JP225,H4: loaded successfully
2	15:32:58.622	Custom indicator MACD JP225,H4: loaded successfully
2	15:32:58.778	Custom indicator 小鱼\Laguerre-ACS1 NDX100,H1: loaded successfully
2	15:32:58.790	Custom indicator MACD NDX100,H1: loaded successfully
2	15:32:58.966	Custom indicator 小鱼\Laguerre-ACS1 SPX500,H4: loaded successfully
2	15:32:58.976	Custom indicator MACD SPX500,H4: loaded successfully
2	15:32:59.139	Custom indicator 小鱼\Laguerre-ACS1 A50,Daily: loaded successfully
2	15:32:59.150	Custom indicator MACD A50,Daily: loaded successfully
2	15:32:59.268	Custom indicator 小鱼\Laguerre-ACS1 XAUUSD.,H1: loaded successfully
2	15:32:59.279	Custom indicator MACD XAUUSD.,H1: loaded successfully
2	15:32:59.407	Custom indicator 小鱼\Laguerre-ACS1 US_OIL,Daily: loaded successfully
2	15:32:59.418	Custom indicator MACD US_OIL,Daily: loaded successfully
0	15:33:00.752	'120010550': login on PRC-Live through Server 3 (ping: 57.05 ms)
0	15:33:01.686	'120010550': login datacenter on PRC-Live through Server 3 (ping: 57.05 ms)
0	15:33:02.066	'120010550': previous successful authorization performed from 106.181.142.134
0	15:33:22.770	'120010550': ping to current access point Server 3 is 53.88 ms
1	20:14:10.584	'120010550': ping failed
0	20:14:15.122	'120010550': login on PRC-Live through Server 7 (ping: 64.31 ms)
0	20:14:21.281	'120010550': login datacenter on PRC-Live through Server 7 (ping: 64.31 ms)
0	20:14:22.449	'120010550': previous successful authorization performed from 106.181.142.134
0	20:15:03.489	'120010550': auto connecting to a better access point Server 3 (ping is 47.96 ms)
0	20:15:04.026	'120010550': login on PRC-Live through Server 3 (ping: 47.96 ms)
0	20:15:04.948	'120010550': login datacenter on PRC-Live through Server 3 (ping: 47.96 ms)
0	20:15:05.308	'120010550': previous successful authorization performed from 106.181.142.61
1	22:52:40.551	'120010550': ping failed
0	22:52:44.202	'120010550': login on PRC-Live through Server 6 (ping: 51.46 ms)
0	22:52:45.705	'120010550': login datacenter on PRC-Live through Server 6 (ping: 51.46 ms)
0	22:52:46.242	'120010550': previous successful authorization performed from 106.181.142.61
0	22:53:05.620	'120010550': auto connecting to a better access point Server 3 (ping is 56.29 ms)
0	22:53:06.148	'120010550': login on PRC-Live through Server 3 (ping: 56.29 ms)
0	22:53:07.019	'120010550': login datacenter on PRC-Live through Server 3 (ping: 56.29 ms)
0	22:53:07.282	'120010550': previous successful authorization performed from 106.181.142.61
