0	00:50:38.482	FX Trader build 1170 started (Performance Ronnaru Capital Ltd.)
0	00:50:38.483	Windows 10 Home x64, IE 11, UAC, 8 x Intel Core i7-6700HQ  @ 2.60GHz, Memory: 24260 / 32639 Mb, Disk: 139 / 264 Gb, GMT+9
0	00:50:38.483	Data Folder: C:\Users\tiany\AppData\Roaming\MetaQuotes\Terminal\79214103E7A6FC97F86082D309D0B84B
1	00:50:39.840	MQL Base: failed connect to server
2	00:50:40.369	Custom indicator MACD-2x USDXXX,H4: loaded successfully
2	00:50:40.438	Custom indicator Laguerre-ACS1 USDXXX,H4: loaded successfully
2	00:50:40.490	Custom indicator SupResZone_MTF XAUUSD.,H1: loaded successfully
2	00:50:40.502	Custom indicator SupResZone_MTF XAUUSD.,H1: loaded successfully
2	00:50:40.512	Custom indicator SupResZone_MTF XAUUSD.,H1: loaded successfully
2	00:50:40.522	Custom indicator SupResZone_MTF XAUUSD.,H1: loaded successfully
2	00:50:40.531	Custom indicator MACD-2x XAUUSD.,H1: loaded successfully
2	00:50:40.604	Custom indicator Laguerre-ACS1 XAUUSD.,H1: loaded successfully
2	00:50:40.846	Custom indicator SupResZone_MTF XAGUSD.,H4: loaded successfully
2	00:50:40.858	Custom indicator SupResZone_MTF XAGUSD.,H4: loaded successfully
2	00:50:40.870	Custom indicator SupResZone_MTF XAGUSD.,H4: loaded successfully
2	00:50:40.885	Custom indicator SupResZone_MTF XAGUSD.,H4: loaded successfully
2	00:50:40.898	Custom indicator MACD-2x XAGUSD.,H4: loaded successfully
2	00:50:40.977	Custom indicator Laguerre-ACS1 XAGUSD.,H4: loaded successfully
2	00:50:41.187	Custom indicator SupResZone_MTF US_OIL,H1: loaded successfully
2	00:50:41.199	Custom indicator SupResZone_MTF US_OIL,H1: loaded successfully
2	00:50:41.210	Custom indicator SupResZone_MTF US_OIL,H1: loaded successfully
2	00:50:41.220	Custom indicator SupResZone_MTF US_OIL,H1: loaded successfully
2	00:50:41.230	Custom indicator MACD-2x US_OIL,H1: loaded successfully
2	00:50:41.316	Custom indicator Laguerre-ACS1 US_OIL,H1: loaded successfully
2	00:50:41.569	Custom indicator SupResZone_MTF JP225,H1: loaded successfully
2	00:50:41.579	Custom indicator SupResZone_MTF JP225,H1: loaded successfully
2	00:50:41.590	Custom indicator SupResZone_MTF JP225,H1: loaded successfully
2	00:50:41.601	Custom indicator SupResZone_MTF JP225,H1: loaded successfully
2	00:50:41.613	Custom indicator MACD-2x JP225,H1: loaded successfully
2	00:50:41.701	Custom indicator Laguerre-ACS1 JP225,H1: loaded successfully
2	00:50:41.978	Custom indicator SupResZone_MTF SPX500,H4: loaded successfully
2	00:50:41.990	Custom indicator SupResZone_MTF SPX500,H4: loaded successfully
2	00:50:42.000	Custom indicator SupResZone_MTF SPX500,H4: loaded successfully
2	00:50:42.010	Custom indicator SupResZone_MTF SPX500,H4: loaded successfully
2	00:50:42.024	Custom indicator MACD-2x SPX500,H4: loaded successfully
2	00:50:42.094	Custom indicator Laguerre-ACS1 SPX500,H4: loaded successfully
2	00:50:42.320	Custom indicator SupResZone_MTF EURAUD.,H4: loaded successfully
2	00:50:42.332	Custom indicator SupResZone_MTF EURAUD.,H4: loaded successfully
2	00:50:42.342	Custom indicator SupResZone_MTF EURAUD.,H4: loaded successfully
2	00:50:42.358	Custom indicator SupResZone_MTF EURAUD.,H4: loaded successfully
2	00:50:42.368	Custom indicator MACD-2x EURAUD.,H4: loaded successfully
2	00:50:42.458	Custom indicator Laguerre-ACS1 EURAUD.,H4: loaded successfully
2	00:50:42.647	Custom indicator SupResZone_MTF AUDJPY.,H4: loaded successfully
2	00:50:42.656	Custom indicator SupResZone_MTF AUDJPY.,H4: loaded successfully
2	00:50:42.667	Custom indicator SupResZone_MTF AUDJPY.,H4: loaded successfully
2	00:50:42.678	Custom indicator SupResZone_MTF AUDJPY.,H4: loaded successfully
2	00:50:42.688	Custom indicator MACD-2x AUDJPY.,H4: loaded successfully
2	00:50:42.766	Custom indicator Laguerre-ACS1 AUDJPY.,H4: loaded successfully
2	00:50:42.973	Custom indicator SupResZone_MTF AUDUSD.,H4: loaded successfully
2	00:50:42.985	Custom indicator SupResZone_MTF AUDUSD.,H4: loaded successfully
2	00:50:42.996	Custom indicator SupResZone_MTF AUDUSD.,H4: loaded successfully
2	00:50:43.007	Custom indicator SupResZone_MTF AUDUSD.,H4: loaded successfully
2	00:50:43.017	Custom indicator MACD-2x AUDUSD.,H4: loaded successfully
2	00:50:43.088	Custom indicator Laguerre-ACS1 AUDUSD.,H4: loaded successfully
2	00:50:43.261	Custom indicator SupResZone_MTF USDJPY.,H1: loaded successfully
2	00:50:43.272	Custom indicator SupResZone_MTF USDJPY.,H1: loaded successfully
2	00:50:43.282	Custom indicator SupResZone_MTF USDJPY.,H1: loaded successfully
2	00:50:43.292	Custom indicator SupResZone_MTF USDJPY.,H1: loaded successfully
2	00:50:43.303	Custom indicator MACD-2x USDJPY.,H1: loaded successfully
2	00:50:43.391	Custom indicator Laguerre-ACS1 USDJPY.,H1: loaded successfully
2	00:50:43.631	Custom indicator SupResZone_MTF EURJPY.,H1: loaded successfully
2	00:50:43.642	Custom indicator SupResZone_MTF EURJPY.,H1: loaded successfully
2	00:50:43.654	Custom indicator SupResZone_MTF EURJPY.,H1: loaded successfully
2	00:50:43.667	Custom indicator SupResZone_MTF EURJPY.,H1: loaded successfully
2	00:50:43.679	Custom indicator MACD-2x EURJPY.,H1: loaded successfully
2	00:50:43.755	Custom indicator Laguerre-ACS1 EURJPY.,H1: loaded successfully
2	00:50:43.986	Custom indicator SupResZone_MTF EURUSD.,H1: loaded successfully
2	00:50:43.997	Custom indicator SupResZone_MTF EURUSD.,H1: loaded successfully
2	00:50:44.007	Custom indicator SupResZone_MTF EURUSD.,H1: loaded successfully
2	00:50:44.017	Custom indicator SupResZone_MTF EURUSD.,H1: loaded successfully
2	00:50:44.026	Custom indicator MACD-2x EURUSD.,H1: loaded successfully
2	00:50:44.094	Custom indicator Laguerre-ACS1 EURUSD.,H1: loaded successfully
2	00:50:44.337	Custom indicator SupResZone_MTF GBPUSD.,H4: loaded successfully
2	00:50:44.349	Custom indicator SupResZone_MTF GBPUSD.,H4: loaded successfully
2	00:50:44.360	Custom indicator SupResZone_MTF GBPUSD.,H4: loaded successfully
2	00:50:44.372	Custom indicator SupResZone_MTF GBPUSD.,H4: loaded successfully
2	00:50:44.385	Custom indicator MACD-2x GBPUSD.,H4: loaded successfully
2	00:50:44.455	Custom indicator Laguerre-ACS1 GBPUSD.,H4: loaded successfully
2	00:50:44.666	Custom indicator SupResZone_MTF USDCAD.,Daily: loaded successfully
2	00:50:44.676	Custom indicator SupResZone_MTF USDCAD.,Daily: loaded successfully
2	00:50:44.687	Custom indicator SupResZone_MTF USDCAD.,Daily: loaded successfully
2	00:50:44.698	Custom indicator SupResZone_MTF USDCAD.,Daily: loaded successfully
2	00:50:44.708	Custom indicator MACD-2x USDCAD.,Daily: loaded successfully
2	00:50:44.776	Custom indicator Laguerre-ACS1 USDCAD.,Daily: loaded successfully
2	00:50:44.944	Custom indicator SupResZone_MTF USDCHF.,Daily: loaded successfully
2	00:50:44.954	Custom indicator SupResZone_MTF USDCHF.,Daily: loaded successfully
2	00:50:44.964	Custom indicator SupResZone_MTF USDCHF.,Daily: loaded successfully
2	00:50:44.974	Custom indicator SupResZone_MTF USDCHF.,Daily: loaded successfully
2	00:50:44.984	Custom indicator MACD-2x USDCHF.,Daily: loaded successfully
2	00:50:45.054	Custom indicator Laguerre-ACS1 USDCHF.,Daily: loaded successfully
2	00:50:45.226	Custom indicator MACD-2x USDCNH,Daily: loaded successfully
2	00:50:45.238	Custom indicator MACD-2x USDCNH,Daily: loaded successfully
2	00:50:45.325	Custom indicator Laguerre-ACS1 USDCNH,Daily: loaded successfully
2	00:50:45.430	Custom indicator GMMA Long USDJPY.,H1: loaded successfully
2	00:50:45.443	Custom indicator GMMA Short USDJPY.,H1: loaded successfully
2	00:50:45.452	Custom indicator 23MTF_MovingAverageIGOR USDJPY.,H1: loaded successfully
2	00:50:45.465	Custom indicator 23MTF_MovingAverageIGOR USDJPY.,H1: loaded successfully
2	00:50:45.476	Custom indicator SupResZone_MTF USDJPY.,H1: loaded successfully
2	00:50:45.487	Custom indicator SupResZone_MTF USDJPY.,H1: loaded successfully
2	00:50:45.497	Custom indicator MACD-2x USDJPY.,H1: loaded successfully
1	00:50:46.997	'120010550': connect failed [No connection]
1	00:50:47.060	MQL5.community: authorization failed
1	00:50:47.389	MQL5.community: authorization failed
0	00:55:15.961	'120010550': login on PRC-Live through Server 3 (ping: 39.98 ms)
0	00:55:17.310	'120010550': login datacenter on PRC-Live through Server 3 (ping: 39.98 ms)
0	00:55:17.794	'120010550': previous successful authorization performed from 106.133.98.3
0	00:55:36.109	'120010550': ping to current access point Server 3 is 37.28 ms
1	00:57:24.143	'120010550': modification of order #10952680 sell 0.02 USDJPY. at 109.567 sl: 0.000 tp: 0.000 -> sl: 0.000 tp: 109.506 failed [Invalid S/L or T/P]
0	00:57:28.511	'120010550': modify order #10952680 sell 0.02 USDJPY. at 109.567 sl: 0.000 tp: 0.000 -> sl: 109.628 tp: 0.000
0	00:57:28.933	'120010550': order #10952680 sell 0.02 USDJPY. at 109.567 was modified -> sl: 109.628 tp: 0.000
0	00:57:32.370	'120010550': modify order #10952680 sell 0.02 USDJPY. at 109.567 sl: 109.628 tp: 0.000 -> sl: 109.495 tp: 0.000
0	00:57:32.758	'120010550': order #10952680 sell 0.02 USDJPY. at 109.567 was modified -> sl: 109.495 tp: 0.000
0	00:58:04.012	'120010550': modify order #10950508 sell 0.01 EURAUD. at 1.61868 sl: 1.62684 tp: 1.61489 -> sl: 1.62684 tp: 1.61561
0	00:58:04.683	'120010550': order #10950508 sell 0.01 EURAUD. at 1.61868 was modified -> sl: 1.62684 tp: 1.61561
0	00:59:02.304	'120010550': modify order #10950111 sell 0.01 US_OIL at 60.06 sl: 60.00 tp: 0.00 -> sl: 59.93 tp: 0.00
0	00:59:03.592	'120010550': order #10950111 sell 0.01 US_OIL at 60.06 was modified -> sl: 59.93 tp: 0.00
0	00:59:06.900	'120010550': modify order #10950111 sell 0.01 US_OIL at 60.06 sl: 59.93 tp: 0.00 -> sl: 59.88 tp: 0.00
0	00:59:07.592	'120010550': order #10950111 sell 0.01 US_OIL at 60.06 was modified -> sl: 59.88 tp: 0.00
0	01:40:29.115	'120010550': modify order #10950111 sell 0.01 US_OIL at 60.06 sl: 59.88 tp: 0.00 -> sl: 59.64 tp: 0.00
0	01:40:29.372	'120010550': order #10950111 sell 0.01 US_OIL at 60.06 was modified -> sl: 59.64 tp: 0.00
2	01:41:05.784	Custom indicator MACD-2x USDXXX,H4: removed
2	01:41:05.784	Custom indicator Laguerre-ACS1 USDXXX,H4: removed
2	01:41:05.784	Custom indicator SupResZone_MTF XAUUSD.,H1: removed
2	01:41:05.800	Custom indicator SupResZone_MTF XAUUSD.,H1: removed
2	01:41:05.800	Custom indicator SupResZone_MTF XAUUSD.,H1: removed
2	01:41:05.800	Custom indicator SupResZone_MTF XAUUSD.,H1: removed
2	01:41:05.800	Custom indicator MACD-2x XAUUSD.,H1: removed
2	01:41:05.800	Custom indicator Laguerre-ACS1 XAUUSD.,H1: removed
2	01:41:05.800	Custom indicator SupResZone_MTF XAGUSD.,H4: removed
2	01:41:05.800	Custom indicator SupResZone_MTF XAGUSD.,H4: removed
2	01:41:05.815	Custom indicator SupResZone_MTF XAGUSD.,H4: removed
2	01:41:05.815	Custom indicator SupResZone_MTF XAGUSD.,H4: removed
2	01:41:05.815	Custom indicator MACD-2x XAGUSD.,H4: removed
2	01:41:05.815	Custom indicator Laguerre-ACS1 XAGUSD.,H4: removed
2	01:41:05.815	Custom indicator SupResZone_MTF US_OIL,H1: removed
2	01:41:05.831	Custom indicator SupResZone_MTF US_OIL,H1: removed
2	01:41:05.831	Custom indicator SupResZone_MTF US_OIL,H1: removed
2	01:41:05.831	Custom indicator SupResZone_MTF US_OIL,H1: removed
2	01:41:05.831	Custom indicator MACD-2x US_OIL,H1: removed
2	01:41:05.831	Custom indicator Laguerre-ACS1 US_OIL,H1: removed
2	01:41:05.846	Custom indicator SupResZone_MTF JP225,H1: removed
2	01:41:05.846	Custom indicator SupResZone_MTF JP225,H1: removed
2	01:41:05.846	Custom indicator SupResZone_MTF JP225,H1: removed
2	01:41:05.846	Custom indicator SupResZone_MTF JP225,H1: removed
2	01:41:05.846	Custom indicator MACD-2x JP225,H1: removed
2	01:41:05.846	Custom indicator Laguerre-ACS1 JP225,H1: removed
2	01:41:05.875	Custom indicator SupResZone_MTF SPX500,H1: removed
2	01:41:05.877	Custom indicator SupResZone_MTF SPX500,H1: removed
2	01:41:05.879	Custom indicator SupResZone_MTF SPX500,H1: removed
2	01:41:05.881	Custom indicator SupResZone_MTF SPX500,H1: removed
2	01:41:05.884	Custom indicator MACD-2x SPX500,H1: removed
2	01:41:05.886	Custom indicator Laguerre-ACS1 SPX500,H1: removed
2	01:41:05.897	Custom indicator SupResZone_MTF EURAUD.,H4: removed
2	01:41:05.899	Custom indicator SupResZone_MTF EURAUD.,H4: removed
2	01:41:05.902	Custom indicator SupResZone_MTF EURAUD.,H4: removed
2	01:41:05.904	Custom indicator SupResZone_MTF EURAUD.,H4: removed
2	01:41:05.905	Custom indicator MACD-2x EURAUD.,H4: removed
2	01:41:05.906	Custom indicator Laguerre-ACS1 EURAUD.,H4: removed
2	01:41:05.911	Custom indicator SupResZone_MTF AUDJPY.,H4: removed
2	01:41:05.913	Custom indicator SupResZone_MTF AUDJPY.,H4: removed
2	01:41:05.914	Custom indicator SupResZone_MTF AUDJPY.,H4: removed
2	01:41:05.916	Custom indicator SupResZone_MTF AUDJPY.,H4: removed
2	01:41:05.918	Custom indicator MACD-2x AUDJPY.,H4: removed
2	01:41:05.918	Custom indicator Laguerre-ACS1 AUDJPY.,H4: removed
2	01:41:05.927	Custom indicator SupResZone_MTF AUDUSD.,H4: removed
2	01:41:05.928	Custom indicator SupResZone_MTF AUDUSD.,H4: removed
2	01:41:05.930	Custom indicator SupResZone_MTF AUDUSD.,H4: removed
2	01:41:05.931	Custom indicator SupResZone_MTF AUDUSD.,H4: removed
2	01:41:05.933	Custom indicator MACD-2x AUDUSD.,H4: removed
2	01:41:05.933	Custom indicator Laguerre-ACS1 AUDUSD.,H4: removed
2	01:41:05.939	Custom indicator SupResZone_MTF USDJPY.,H1: removed
2	01:41:05.941	Custom indicator SupResZone_MTF USDJPY.,H1: removed
2	01:41:05.942	Custom indicator SupResZone_MTF USDJPY.,H1: removed
2	01:41:05.944	Custom indicator SupResZone_MTF USDJPY.,H1: removed
2	01:41:05.946	Custom indicator MACD-2x USDJPY.,H1: removed
2	01:41:05.946	Custom indicator Laguerre-ACS1 USDJPY.,H1: removed
2	01:41:05.954	Custom indicator SupResZone_MTF EURJPY.,H1: removed
2	01:41:05.956	Custom indicator SupResZone_MTF EURJPY.,H1: removed
2	01:41:05.958	Custom indicator SupResZone_MTF EURJPY.,H1: removed
2	01:41:05.959	Custom indicator SupResZone_MTF EURJPY.,H1: removed
2	01:41:05.961	Custom indicator MACD-2x EURJPY.,H1: removed
2	01:41:05.961	Custom indicator Laguerre-ACS1 EURJPY.,H1: removed
2	01:41:05.967	Custom indicator SupResZone_MTF EURUSD.,H4: removed
2	01:41:05.969	Custom indicator SupResZone_MTF EURUSD.,H4: removed
2	01:41:05.970	Custom indicator SupResZone_MTF EURUSD.,H4: removed
2	01:41:05.972	Custom indicator SupResZone_MTF EURUSD.,H4: removed
2	01:41:05.974	Custom indicator MACD-2x EURUSD.,H4: removed
2	01:41:05.974	Custom indicator Laguerre-ACS1 EURUSD.,H4: removed
2	01:41:05.980	Custom indicator SupResZone_MTF GBPUSD.,H4: removed
2	01:41:05.982	Custom indicator SupResZone_MTF GBPUSD.,H4: removed
2	01:41:05.985	Custom indicator SupResZone_MTF GBPUSD.,H4: removed
2	01:41:05.987	Custom indicator SupResZone_MTF GBPUSD.,H4: removed
2	01:41:05.989	Custom indicator MACD-2x GBPUSD.,H4: removed
2	01:41:05.989	Custom indicator Laguerre-ACS1 GBPUSD.,H4: removed
2	01:41:05.995	Custom indicator SupResZone_MTF USDCAD.,Daily: removed
2	01:41:05.996	Custom indicator SupResZone_MTF USDCAD.,Daily: removed
2	01:41:05.999	Custom indicator SupResZone_MTF USDCAD.,Daily: removed
2	01:41:06.000	Custom indicator SupResZone_MTF USDCAD.,Daily: removed
2	01:41:06.001	Custom indicator MACD-2x USDCAD.,Daily: removed
2	01:41:06.003	Custom indicator Laguerre-ACS1 USDCAD.,Daily: removed
2	01:41:06.032	Custom indicator SupResZone_MTF USDCHF.,Daily: removed
2	01:41:06.034	Custom indicator SupResZone_MTF USDCHF.,Daily: removed
2	01:41:06.036	Custom indicator SupResZone_MTF USDCHF.,Daily: removed
2	01:41:06.038	Custom indicator SupResZone_MTF USDCHF.,Daily: removed
2	01:41:06.040	Custom indicator MACD-2x USDCHF.,Daily: removed
2	01:41:06.040	Custom indicator Laguerre-ACS1 USDCHF.,Daily: removed
2	01:41:06.046	Custom indicator MACD-2x USDCNH,Daily: removed
2	01:41:06.047	Custom indicator MACD-2x USDCNH,Daily: removed
2	01:41:06.047	Custom indicator Laguerre-ACS1 USDCNH,Daily: removed
2	01:41:06.057	Custom indicator GMMA Long USDJPY.,H1: removed
2	01:41:06.059	Custom indicator GMMA Short USDJPY.,H1: removed
2	01:41:06.060	Custom indicator 23MTF_MovingAverageIGOR USDJPY.,H1: removed
2	01:41:06.062	Custom indicator 23MTF_MovingAverageIGOR USDJPY.,H1: removed
2	01:41:06.063	Custom indicator SupResZone_MTF USDJPY.,H1: removed
2	01:41:06.065	Custom indicator SupResZone_MTF USDJPY.,H1: removed
2	01:41:06.067	Custom indicator MACD-2x USDJPY.,H1: removed
0	01:41:06.495	FX Trader build 1170 stopped
0	13:08:02.051	FX Trader build 1170 started (Performance Ronnaru Capital Ltd.)
0	13:08:02.051	Windows 10 Home x64, IE 11, UAC, 8 x Intel Core i7-6700HQ  @ 2.60GHz, Memory: 24559 / 32639 Mb, Disk: 140 / 264 Gb, GMT+9
0	13:08:02.051	Data Folder: C:\Users\tiany\AppData\Roaming\MetaQuotes\Terminal\79214103E7A6FC97F86082D309D0B84B
2	13:08:04.480	Custom indicator MACD-2x USDXXX,H4: loaded successfully
2	13:08:04.586	Custom indicator Laguerre-ACS1 USDXXX,H4: loaded successfully
2	13:08:04.640	Custom indicator SupResZone_MTF XAUUSD.,H1: loaded successfully
2	13:08:04.650	Custom indicator SupResZone_MTF XAUUSD.,H1: loaded successfully
2	13:08:04.663	Custom indicator SupResZone_MTF XAUUSD.,H1: loaded successfully
2	13:08:04.674	Custom indicator SupResZone_MTF XAUUSD.,H1: loaded successfully
2	13:08:04.686	Custom indicator MACD-2x XAUUSD.,H1: loaded successfully
2	13:08:04.759	Custom indicator Laguerre-ACS1 XAUUSD.,H1: loaded successfully
2	13:08:04.999	Custom indicator SupResZone_MTF XAGUSD.,H4: loaded successfully
2	13:08:05.011	Custom indicator SupResZone_MTF XAGUSD.,H4: loaded successfully
2	13:08:05.023	Custom indicator SupResZone_MTF XAGUSD.,H4: loaded successfully
2	13:08:05.035	Custom indicator SupResZone_MTF XAGUSD.,H4: loaded successfully
2	13:08:05.048	Custom indicator MACD-2x XAGUSD.,H4: loaded successfully
2	13:08:05.130	Custom indicator Laguerre-ACS1 XAGUSD.,H4: loaded successfully
2	13:08:05.351	Custom indicator SupResZone_MTF US_OIL,H1: loaded successfully
2	13:08:05.367	Custom indicator SupResZone_MTF US_OIL,H1: loaded successfully
2	13:08:05.381	Custom indicator SupResZone_MTF US_OIL,H1: loaded successfully
2	13:08:05.396	Custom indicator SupResZone_MTF US_OIL,H1: loaded successfully
2	13:08:05.409	Custom indicator MACD-2x US_OIL,H1: loaded successfully
2	13:08:05.498	Custom indicator Laguerre-ACS1 US_OIL,H1: loaded successfully
2	13:08:05.777	Custom indicator SupResZone_MTF JP225,H1: loaded successfully
2	13:08:05.791	Custom indicator SupResZone_MTF JP225,H1: loaded successfully
2	13:08:05.804	Custom indicator SupResZone_MTF JP225,H1: loaded successfully
2	13:08:05.816	Custom indicator SupResZone_MTF JP225,H1: loaded successfully
2	13:08:05.829	Custom indicator MACD-2x JP225,H1: loaded successfully
2	13:08:05.921	Custom indicator Laguerre-ACS1 JP225,H1: loaded successfully
2	13:08:06.286	Custom indicator SupResZone_MTF SPX500,H1: loaded successfully
2	13:08:06.299	Custom indicator SupResZone_MTF SPX500,H1: loaded successfully
2	13:08:06.311	Custom indicator SupResZone_MTF SPX500,H1: loaded successfully
2	13:08:06.324	Custom indicator SupResZone_MTF SPX500,H1: loaded successfully
2	13:08:06.337	Custom indicator MACD-2x SPX500,H1: loaded successfully
2	13:08:06.436	Custom indicator Laguerre-ACS1 SPX500,H1: loaded successfully
2	13:08:06.768	Custom indicator SupResZone_MTF EURAUD.,H4: loaded successfully
2	13:08:06.785	Custom indicator SupResZone_MTF EURAUD.,H4: loaded successfully
2	13:08:06.797	Custom indicator SupResZone_MTF EURAUD.,H4: loaded successfully
2	13:08:06.808	Custom indicator SupResZone_MTF EURAUD.,H4: loaded successfully
2	13:08:06.820	Custom indicator MACD-2x EURAUD.,H4: loaded successfully
2	13:08:06.910	Custom indicator Laguerre-ACS1 EURAUD.,H4: loaded successfully
2	13:08:07.089	Custom indicator SupResZone_MTF AUDJPY.,H4: loaded successfully
2	13:08:07.101	Custom indicator SupResZone_MTF AUDJPY.,H4: loaded successfully
2	13:08:07.113	Custom indicator SupResZone_MTF AUDJPY.,H4: loaded successfully
2	13:08:07.124	Custom indicator SupResZone_MTF AUDJPY.,H4: loaded successfully
2	13:08:07.136	Custom indicator MACD-2x AUDJPY.,H4: loaded successfully
2	13:08:07.221	Custom indicator Laguerre-ACS1 AUDJPY.,H4: loaded successfully
2	13:08:07.406	Custom indicator SupResZone_MTF AUDUSD.,H4: loaded successfully
2	13:08:07.417	Custom indicator SupResZone_MTF AUDUSD.,H4: loaded successfully
2	13:08:07.428	Custom indicator SupResZone_MTF AUDUSD.,H4: loaded successfully
2	13:08:07.439	Custom indicator SupResZone_MTF AUDUSD.,H4: loaded successfully
2	13:08:07.449	Custom indicator MACD-2x AUDUSD.,H4: loaded successfully
2	13:08:07.534	Custom indicator Laguerre-ACS1 AUDUSD.,H4: loaded successfully
2	13:08:07.732	Custom indicator SupResZone_MTF USDJPY.,H1: loaded successfully
2	13:08:07.744	Custom indicator SupResZone_MTF USDJPY.,H1: loaded successfully
2	13:08:07.759	Custom indicator SupResZone_MTF USDJPY.,H1: loaded successfully
2	13:08:07.773	Custom indicator SupResZone_MTF USDJPY.,H1: loaded successfully
2	13:08:07.787	Custom indicator MACD-2x USDJPY.,H1: loaded successfully
2	13:08:07.885	Custom indicator Laguerre-ACS1 USDJPY.,H1: loaded successfully
2	13:08:08.136	Custom indicator SupResZone_MTF EURJPY.,H1: loaded successfully
2	13:08:08.151	Custom indicator SupResZone_MTF EURJPY.,H1: loaded successfully
2	13:08:08.164	Custom indicator SupResZone_MTF EURJPY.,H1: loaded successfully
2	13:08:08.178	Custom indicator SupResZone_MTF EURJPY.,H1: loaded successfully
2	13:08:08.193	Custom indicator MACD-2x EURJPY.,H1: loaded successfully
2	13:08:08.285	Custom indicator Laguerre-ACS1 EURJPY.,H1: loaded successfully
2	13:08:08.589	Custom indicator SupResZone_MTF EURUSD.,H4: loaded successfully
2	13:08:08.605	Custom indicator SupResZone_MTF EURUSD.,H4: loaded successfully
2	13:08:08.618	Custom indicator SupResZone_MTF EURUSD.,H4: loaded successfully
2	13:08:08.635	Custom indicator SupResZone_MTF EURUSD.,H4: loaded successfully
2	13:08:08.649	Custom indicator MACD-2x EURUSD.,H4: loaded successfully
2	13:08:08.737	Custom indicator Laguerre-ACS1 EURUSD.,H4: loaded successfully
2	13:08:08.998	Custom indicator SupResZone_MTF GBPUSD.,H4: loaded successfully
2	13:08:09.013	Custom indicator SupResZone_MTF GBPUSD.,H4: loaded successfully
2	13:08:09.027	Custom indicator SupResZone_MTF GBPUSD.,H4: loaded successfully
2	13:08:09.039	Custom indicator SupResZone_MTF GBPUSD.,H4: loaded successfully
2	13:08:09.050	Custom indicator MACD-2x GBPUSD.,H4: loaded successfully
2	13:08:09.140	Custom indicator Laguerre-ACS1 GBPUSD.,H4: loaded successfully
2	13:08:09.370	Custom indicator SupResZone_MTF USDCAD.,Daily: loaded successfully
2	13:08:09.383	Custom indicator SupResZone_MTF USDCAD.,Daily: loaded successfully
2	13:08:09.395	Custom indicator SupResZone_MTF USDCAD.,Daily: loaded successfully
2	13:08:09.406	Custom indicator SupResZone_MTF USDCAD.,Daily: loaded successfully
2	13:08:09.417	Custom indicator MACD-2x USDCAD.,Daily: loaded successfully
2	13:08:09.512	Custom indicator Laguerre-ACS1 USDCAD.,Daily: loaded successfully
2	13:08:09.694	Custom indicator SupResZone_MTF USDCHF.,Daily: loaded successfully
2	13:08:09.706	Custom indicator SupResZone_MTF USDCHF.,Daily: loaded successfully
2	13:08:09.720	Custom indicator SupResZone_MTF USDCHF.,Daily: loaded successfully
2	13:08:09.734	Custom indicator SupResZone_MTF USDCHF.,Daily: loaded successfully
2	13:08:09.748	Custom indicator MACD-2x USDCHF.,Daily: loaded successfully
2	13:08:09.845	Custom indicator Laguerre-ACS1 USDCHF.,Daily: loaded successfully
2	13:08:10.035	Custom indicator MACD-2x USDCNH,Daily: loaded successfully
2	13:08:10.047	Custom indicator MACD-2x USDCNH,Daily: loaded successfully
2	13:08:10.164	Custom indicator Laguerre-ACS1 USDCNH,Daily: loaded successfully
2	13:08:10.247	Custom indicator GMMA Long USDJPY.,H1: loaded successfully
2	13:08:10.260	Custom indicator GMMA Short USDJPY.,H1: loaded successfully
2	13:08:10.274	Custom indicator 23MTF_MovingAverageIGOR USDJPY.,H1: loaded successfully
2	13:08:10.285	Custom indicator 23MTF_MovingAverageIGOR USDJPY.,H1: loaded successfully
2	13:08:10.299	Custom indicator SupResZone_MTF USDJPY.,H1: loaded successfully
2	13:08:10.317	Custom indicator SupResZone_MTF USDJPY.,H1: loaded successfully
2	13:08:10.336	Custom indicator MACD-2x USDJPY.,H1: loaded successfully
0	13:08:50.901	'120010550': login on PRC-Live through Server 3 (ping: 37.28 ms)
0	13:09:46.466	'120010550': login datacenter on PRC-Live through Server 3 (ping: 37.28 ms)
0	13:09:47.645	'120010550': previous successful authorization performed from 106.133.98.3
0	13:10:05.363	'120010550': auto connecting to a better access point Server 7 (ping is 63.39 ms)
0	13:10:06.011	'120010550': login on PRC-Live through Server 7 (ping: 63.39 ms)
0	13:10:07.324	'120010550': login datacenter on PRC-Live through Server 7 (ping: 63.39 ms)
0	13:10:08.124	'120010550': previous successful authorization performed from 106.181.124.192
2	13:38:21.810	Custom indicator MACD-2x USDXXX,H4: removed
2	13:38:21.810	Custom indicator Laguerre-ACS1 USDXXX,H4: removed
2	13:38:21.815	Custom indicator SupResZone_MTF XAUUSD.,H1: removed
2	13:38:21.817	Custom indicator SupResZone_MTF XAUUSD.,H1: removed
2	13:38:21.818	Custom indicator SupResZone_MTF XAUUSD.,H1: removed
2	13:38:21.820	Custom indicator SupResZone_MTF XAUUSD.,H1: removed
2	13:38:21.823	Custom indicator MACD-2x XAUUSD.,H1: removed
2	13:38:21.824	Custom indicator Laguerre-ACS1 XAUUSD.,H1: removed
2	13:38:21.833	Custom indicator SupResZone_MTF XAGUSD.,H4: removed
2	13:38:21.836	Custom indicator SupResZone_MTF XAGUSD.,H4: removed
2	13:38:21.838	Custom indicator SupResZone_MTF XAGUSD.,H4: removed
2	13:38:21.841	Custom indicator SupResZone_MTF XAGUSD.,H4: removed
2	13:38:21.842	Custom indicator MACD-2x XAGUSD.,H4: removed
2	13:38:21.842	Custom indicator Laguerre-ACS1 XAGUSD.,H4: removed
2	13:38:21.853	Custom indicator SupResZone_MTF US_OIL,H1: removed
2	13:38:21.856	Custom indicator SupResZone_MTF US_OIL,H1: removed
2	13:38:21.857	Custom indicator SupResZone_MTF US_OIL,H1: removed
2	13:38:21.859	Custom indicator SupResZone_MTF US_OIL,H1: removed
2	13:38:21.861	Custom indicator MACD-2x US_OIL,H1: removed
2	13:38:21.861	Custom indicator Laguerre-ACS1 US_OIL,H1: removed
2	13:38:21.872	Custom indicator SupResZone_MTF JP225,H1: removed
2	13:38:21.875	Custom indicator SupResZone_MTF JP225,H1: removed
2	13:38:21.876	Custom indicator SupResZone_MTF JP225,H1: removed
2	13:38:21.878	Custom indicator SupResZone_MTF JP225,H1: removed
2	13:38:21.880	Custom indicator MACD-2x JP225,H1: removed
2	13:38:21.880	Custom indicator Laguerre-ACS1 JP225,H1: removed
2	13:38:21.885	Custom indicator SupResZone_MTF SPX500,H1: removed
2	13:38:21.887	Custom indicator SupResZone_MTF SPX500,H1: removed
2	13:38:21.889	Custom indicator SupResZone_MTF SPX500,H1: removed
2	13:38:21.891	Custom indicator SupResZone_MTF SPX500,H1: removed
2	13:38:21.894	Custom indicator MACD-2x SPX500,H1: removed
2	13:38:21.894	Custom indicator Laguerre-ACS1 SPX500,H1: removed
2	13:38:21.903	Custom indicator SupResZone_MTF EURAUD.,H4: removed
2	13:38:21.905	Custom indicator SupResZone_MTF EURAUD.,H4: removed
2	13:38:21.907	Custom indicator SupResZone_MTF EURAUD.,H4: removed
2	13:38:21.908	Custom indicator SupResZone_MTF EURAUD.,H4: removed
2	13:38:21.910	Custom indicator MACD-2x EURAUD.,H4: removed
2	13:38:21.910	Custom indicator Laguerre-ACS1 EURAUD.,H4: removed
2	13:38:21.921	Custom indicator SupResZone_MTF AUDJPY.,H4: removed
2	13:38:21.925	Custom indicator SupResZone_MTF AUDJPY.,H4: removed
2	13:38:21.928	Custom indicator SupResZone_MTF AUDJPY.,H4: removed
2	13:38:21.932	Custom indicator SupResZone_MTF AUDJPY.,H4: removed
2	13:38:21.935	Custom indicator MACD-2x AUDJPY.,H4: removed
2	13:38:21.935	Custom indicator Laguerre-ACS1 AUDJPY.,H4: removed
2	13:38:21.958	Custom indicator SupResZone_MTF AUDUSD.,H4: removed
2	13:38:21.963	Custom indicator SupResZone_MTF AUDUSD.,H4: removed
2	13:38:21.968	Custom indicator SupResZone_MTF AUDUSD.,H4: removed
2	13:38:21.974	Custom indicator SupResZone_MTF AUDUSD.,H4: removed
2	13:38:21.980	Custom indicator MACD-2x AUDUSD.,H4: removed
2	13:38:21.980	Custom indicator Laguerre-ACS1 AUDUSD.,H4: removed
2	13:38:22.067	Custom indicator SupResZone_MTF USDJPY.,H1: removed
2	13:38:22.072	Custom indicator SupResZone_MTF USDJPY.,H1: removed
2	13:38:22.078	Custom indicator SupResZone_MTF USDJPY.,H1: removed
2	13:38:22.084	Custom indicator SupResZone_MTF USDJPY.,H1: removed
2	13:38:22.092	Custom indicator MACD-2x USDJPY.,H1: removed
2	13:38:22.092	Custom indicator Laguerre-ACS1 USDJPY.,H1: removed
2	13:38:22.121	Custom indicator SupResZone_MTF EURJPY.,H1: removed
2	13:38:22.128	Custom indicator SupResZone_MTF EURJPY.,H1: removed
2	13:38:22.134	Custom indicator SupResZone_MTF EURJPY.,H1: removed
2	13:38:22.140	Custom indicator SupResZone_MTF EURJPY.,H1: removed
2	13:38:22.146	Custom indicator MACD-2x EURJPY.,H1: removed
2	13:38:22.147	Custom indicator Laguerre-ACS1 EURJPY.,H1: removed
2	13:38:22.167	Custom indicator SupResZone_MTF EURUSD.,H4: removed
2	13:38:22.172	Custom indicator SupResZone_MTF EURUSD.,H4: removed
2	13:38:22.178	Custom indicator SupResZone_MTF EURUSD.,H4: removed
2	13:38:22.183	Custom indicator SupResZone_MTF EURUSD.,H4: removed
2	13:38:22.189	Custom indicator MACD-2x EURUSD.,H4: removed
2	13:38:22.190	Custom indicator Laguerre-ACS1 EURUSD.,H4: removed
2	13:38:22.211	Custom indicator SupResZone_MTF GBPUSD.,H4: removed
2	13:38:22.216	Custom indicator SupResZone_MTF GBPUSD.,H4: removed
2	13:38:22.222	Custom indicator SupResZone_MTF GBPUSD.,H4: removed
2	13:38:22.227	Custom indicator SupResZone_MTF GBPUSD.,H4: removed
2	13:38:22.233	Custom indicator MACD-2x GBPUSD.,H4: removed
2	13:38:22.233	Custom indicator Laguerre-ACS1 GBPUSD.,H4: removed
2	13:38:22.258	Custom indicator SupResZone_MTF USDCAD.,Daily: removed
2	13:38:22.263	Custom indicator SupResZone_MTF USDCAD.,Daily: removed
2	13:38:22.271	Custom indicator SupResZone_MTF USDCAD.,Daily: removed
2	13:38:22.276	Custom indicator SupResZone_MTF USDCAD.,Daily: removed
2	13:38:22.281	Custom indicator MACD-2x USDCAD.,Daily: removed
2	13:38:22.282	Custom indicator Laguerre-ACS1 USDCAD.,Daily: removed
2	13:38:22.432	Custom indicator SupResZone_MTF USDCHF.,Daily: removed
2	13:38:22.440	Custom indicator SupResZone_MTF USDCHF.,Daily: removed
2	13:38:22.446	Custom indicator SupResZone_MTF USDCHF.,Daily: removed
2	13:38:22.453	Custom indicator SupResZone_MTF USDCHF.,Daily: removed
2	13:38:22.459	Custom indicator MACD-2x USDCHF.,Daily: removed
2	13:38:22.459	Custom indicator Laguerre-ACS1 USDCHF.,Daily: removed
2	13:38:22.493	Custom indicator MACD-2x USDCNH,Daily: removed
2	13:38:22.501	Custom indicator MACD-2x USDCNH,Daily: removed
2	13:38:22.502	Custom indicator Laguerre-ACS1 USDCNH,Daily: removed
2	13:38:22.531	Custom indicator GMMA Long USDJPY.,H1: removed
2	13:38:22.541	Custom indicator GMMA Short USDJPY.,H1: removed
2	13:38:22.549	Custom indicator 23MTF_MovingAverageIGOR USDJPY.,H1: removed
2	13:38:22.555	Custom indicator 23MTF_MovingAverageIGOR USDJPY.,H1: removed
2	13:38:22.561	Custom indicator SupResZone_MTF USDJPY.,H1: removed
2	13:38:22.566	Custom indicator SupResZone_MTF USDJPY.,H1: removed
2	13:38:22.572	Custom indicator MACD-2x USDJPY.,H1: removed
0	13:38:23.463	FX Trader build 1170 stopped
0	20:40:10.906	FX Trader build 1170 started (Performance Ronnaru Capital Ltd.)
0	20:40:10.907	Windows 10 Home x64, IE 11, UAC, 8 x Intel Core i7-6700HQ  @ 2.60GHz, Memory: 22860 / 32639 Mb, Disk: 139 / 264 Gb, GMT+9
0	20:40:10.907	Data Folder: C:\Users\tiany\AppData\Roaming\MetaQuotes\Terminal\79214103E7A6FC97F86082D309D0B84B
2	20:40:12.882	Custom indicator MACD-2x USDXXX,H4: loaded successfully
2	20:40:12.954	Custom indicator Laguerre-ACS1 USDXXX,H4: loaded successfully
2	20:40:13.002	Custom indicator SupResZone_MTF XAUUSD.,H1: loaded successfully
2	20:40:13.012	Custom indicator SupResZone_MTF XAUUSD.,H1: loaded successfully
2	20:40:13.022	Custom indicator SupResZone_MTF XAUUSD.,H1: loaded successfully
2	20:40:13.032	Custom indicator SupResZone_MTF XAUUSD.,H1: loaded successfully
2	20:40:13.042	Custom indicator MACD-2x XAUUSD.,H1: loaded successfully
2	20:40:13.114	Custom indicator Laguerre-ACS1 XAUUSD.,H1: loaded successfully
2	20:40:13.390	Custom indicator SupResZone_MTF XAGUSD.,H4: loaded successfully
2	20:40:13.414	Custom indicator SupResZone_MTF XAGUSD.,H4: loaded successfully
2	20:40:13.428	Custom indicator SupResZone_MTF XAGUSD.,H4: loaded successfully
2	20:40:13.441	Custom indicator SupResZone_MTF XAGUSD.,H4: loaded successfully
2	20:40:13.452	Custom indicator MACD-2x XAGUSD.,H4: loaded successfully
2	20:40:13.526	Custom indicator Laguerre-ACS1 XAGUSD.,H4: loaded successfully
2	20:40:13.762	Custom indicator SupResZone_MTF US_OIL,H1: loaded successfully
2	20:40:13.773	Custom indicator SupResZone_MTF US_OIL,H1: loaded successfully
2	20:40:13.784	Custom indicator SupResZone_MTF US_OIL,H1: loaded successfully
2	20:40:13.795	Custom indicator SupResZone_MTF US_OIL,H1: loaded successfully
2	20:40:13.806	Custom indicator MACD-2x US_OIL,H1: loaded successfully
2	20:40:13.882	Custom indicator Laguerre-ACS1 US_OIL,H1: loaded successfully
2	20:40:14.146	Custom indicator SupResZone_MTF JP225,H1: loaded successfully
2	20:40:14.156	Custom indicator SupResZone_MTF JP225,H1: loaded successfully
2	20:40:14.166	Custom indicator SupResZone_MTF JP225,H1: loaded successfully
2	20:40:14.176	Custom indicator SupResZone_MTF JP225,H1: loaded successfully
2	20:40:14.189	Custom indicator MACD-2x JP225,H1: loaded successfully
2	20:40:14.266	Custom indicator Laguerre-ACS1 JP225,H1: loaded successfully
2	20:40:14.603	Custom indicator SupResZone_MTF SPX500,H1: loaded successfully
2	20:40:14.624	Custom indicator SupResZone_MTF SPX500,H1: loaded successfully
2	20:40:14.636	Custom indicator SupResZone_MTF SPX500,H1: loaded successfully
2	20:40:14.646	Custom indicator SupResZone_MTF SPX500,H1: loaded successfully
2	20:40:14.658	Custom indicator MACD-2x SPX500,H1: loaded successfully
2	20:40:14.758	Custom indicator Laguerre-ACS1 SPX500,H1: loaded successfully
2	20:40:15.102	Custom indicator SupResZone_MTF EURAUD.,H4: loaded successfully
2	20:40:15.116	Custom indicator SupResZone_MTF EURAUD.,H4: loaded successfully
2	20:40:15.129	Custom indicator SupResZone_MTF EURAUD.,H4: loaded successfully
2	20:40:15.140	Custom indicator SupResZone_MTF EURAUD.,H4: loaded successfully
2	20:40:15.149	Custom indicator MACD-2x EURAUD.,H4: loaded successfully
2	20:40:15.223	Custom indicator Laguerre-ACS1 EURAUD.,H4: loaded successfully
2	20:40:15.420	Custom indicator SupResZone_MTF AUDJPY.,H4: loaded successfully
2	20:40:15.432	Custom indicator SupResZone_MTF AUDJPY.,H4: loaded successfully
2	20:40:15.444	Custom indicator SupResZone_MTF AUDJPY.,H4: loaded successfully
2	20:40:15.455	Custom indicator SupResZone_MTF AUDJPY.,H4: loaded successfully
2	20:40:15.467	Custom indicator MACD-2x AUDJPY.,H4: loaded successfully
2	20:40:15.548	Custom indicator Laguerre-ACS1 AUDJPY.,H4: loaded successfully
2	20:40:15.766	Custom indicator SupResZone_MTF AUDUSD.,H4: loaded successfully
2	20:40:15.776	Custom indicator SupResZone_MTF AUDUSD.,H4: loaded successfully
2	20:40:15.786	Custom indicator SupResZone_MTF AUDUSD.,H4: loaded successfully
2	20:40:15.796	Custom indicator SupResZone_MTF AUDUSD.,H4: loaded successfully
2	20:40:15.806	Custom indicator MACD-2x AUDUSD.,H4: loaded successfully
2	20:40:15.876	Custom indicator Laguerre-ACS1 AUDUSD.,H4: loaded successfully
2	20:40:16.079	Custom indicator SupResZone_MTF USDJPY.,H1: loaded successfully
2	20:40:16.091	Custom indicator SupResZone_MTF USDJPY.,H1: loaded successfully
2	20:40:16.103	Custom indicator SupResZone_MTF USDJPY.,H1: loaded successfully
2	20:40:16.113	Custom indicator SupResZone_MTF USDJPY.,H1: loaded successfully
2	20:40:16.123	Custom indicator MACD-2x USDJPY.,H1: loaded successfully
2	20:40:16.194	Custom indicator Laguerre-ACS1 USDJPY.,H1: loaded successfully
2	20:40:16.467	Custom indicator SupResZone_MTF EURJPY.,H1: loaded successfully
2	20:40:16.477	Custom indicator SupResZone_MTF EURJPY.,H1: loaded successfully
2	20:40:16.487	Custom indicator SupResZone_MTF EURJPY.,H1: loaded successfully
2	20:40:16.497	Custom indicator SupResZone_MTF EURJPY.,H1: loaded successfully
2	20:40:16.507	Custom indicator MACD-2x EURJPY.,H1: loaded successfully
2	20:40:16.579	Custom indicator Laguerre-ACS1 EURJPY.,H1: loaded successfully
2	20:40:16.854	Custom indicator SupResZone_MTF EURUSD.,H4: loaded successfully
2	20:40:16.865	Custom indicator SupResZone_MTF EURUSD.,H4: loaded successfully
2	20:40:16.875	Custom indicator SupResZone_MTF EURUSD.,H4: loaded successfully
2	20:40:16.885	Custom indicator SupResZone_MTF EURUSD.,H4: loaded successfully
2	20:40:16.895	Custom indicator MACD-2x EURUSD.,H4: loaded successfully
2	20:40:16.967	Custom indicator Laguerre-ACS1 EURUSD.,H4: loaded successfully
2	20:40:17.207	Custom indicator SupResZone_MTF GBPUSD.,H4: loaded successfully
2	20:40:17.218	Custom indicator SupResZone_MTF GBPUSD.,H4: loaded successfully
2	20:40:17.229	Custom indicator SupResZone_MTF GBPUSD.,H4: loaded successfully
2	20:40:17.239	Custom indicator SupResZone_MTF GBPUSD.,H4: loaded successfully
2	20:40:17.249	Custom indicator MACD-2x GBPUSD.,H4: loaded successfully
2	20:40:17.318	Custom indicator Laguerre-ACS1 GBPUSD.,H4: loaded successfully
2	20:40:17.585	Custom indicator SupResZone_MTF USDCAD.,Daily: loaded successfully
2	20:40:17.595	Custom indicator SupResZone_MTF USDCAD.,Daily: loaded successfully
2	20:40:17.605	Custom indicator SupResZone_MTF USDCAD.,Daily: loaded successfully
2	20:40:17.616	Custom indicator SupResZone_MTF USDCAD.,Daily: loaded successfully
2	20:40:17.626	Custom indicator MACD-2x USDCAD.,Daily: loaded successfully
2	20:40:17.696	Custom indicator Laguerre-ACS1 USDCAD.,Daily: loaded successfully
2	20:40:17.888	Custom indicator SupResZone_MTF USDCHF.,Daily: loaded successfully
2	20:40:17.912	Custom indicator SupResZone_MTF USDCHF.,Daily: loaded successfully
2	20:40:17.929	Custom indicator SupResZone_MTF USDCHF.,Daily: loaded successfully
2	20:40:17.938	Custom indicator SupResZone_MTF USDCHF.,Daily: loaded successfully
2	20:40:17.950	Custom indicator MACD-2x USDCHF.,Daily: loaded successfully
2	20:40:18.025	Custom indicator Laguerre-ACS1 USDCHF.,Daily: loaded successfully
2	20:40:18.220	Custom indicator MACD-2x USDCNH,Daily: loaded successfully
2	20:40:18.231	Custom indicator MACD-2x USDCNH,Daily: loaded successfully
2	20:40:18.300	Custom indicator Laguerre-ACS1 USDCNH,Daily: loaded successfully
2	20:40:18.369	Custom indicator GMMA Long USDJPY.,H1: loaded successfully
2	20:40:18.380	Custom indicator GMMA Short USDJPY.,H1: loaded successfully
2	20:40:18.390	Custom indicator 23MTF_MovingAverageIGOR USDJPY.,H1: loaded successfully
2	20:40:18.398	Custom indicator 23MTF_MovingAverageIGOR USDJPY.,H1: loaded successfully
2	20:40:18.407	Custom indicator SupResZone_MTF USDJPY.,H1: loaded successfully
2	20:40:18.417	Custom indicator SupResZone_MTF USDJPY.,H1: loaded successfully
2	20:40:18.427	Custom indicator MACD-2x USDJPY.,H1: loaded successfully
0	20:40:20.737	'120010550': login on PRC-Live through Server 7 (ping: 63.39 ms)
0	20:40:22.222	'120010550': login datacenter on PRC-Live through Server 7 (ping: 63.39 ms)
0	20:40:22.596	'120010550': previous successful authorization performed from 106.133.98.3
0	20:40:38.735	'120010550': auto connecting to a better access point Server 3 (ping is 59.38 ms)
0	20:40:39.259	'120010550': login on PRC-Live through Server 3 (ping: 59.38 ms)
0	20:40:40.304	'120010550': login datacenter on PRC-Live through Server 3 (ping: 59.38 ms)
0	20:40:40.708	'120010550': previous successful authorization performed from 106.181.142.209
0	21:46:32.599	'120010550': login on PRC-Live through Server 3 (ping: 59.38 ms)
0	21:46:33.558	'120010550': login datacenter on PRC-Live through Server 3 (ping: 59.38 ms)
0	21:46:33.967	'120010550': previous successful authorization performed from 106.133.98.3
0	21:46:52.132	'120010550': auto connecting to a better access point Server 7 (ping is 63.74 ms)
0	21:46:52.683	'120010550': login on PRC-Live through Server 7 (ping: 63.74 ms)
0	21:46:54.150	'120010550': login datacenter on PRC-Live through Server 7 (ping: 63.74 ms)
0	21:46:54.571	'120010550': previous successful authorization performed from 106.181.142.209
2	23:05:01.352	Custom indicator MACD-2x USDXXX,H4: removed
2	23:05:01.352	Custom indicator Laguerre-ACS1 USDXXX,H4: removed
2	23:05:01.360	Custom indicator SupResZone_MTF XAUUSD.,H1: removed
2	23:05:01.361	Custom indicator SupResZone_MTF XAUUSD.,H1: removed
2	23:05:01.363	Custom indicator SupResZone_MTF XAUUSD.,H1: removed
2	23:05:01.366	Custom indicator SupResZone_MTF XAUUSD.,H1: removed
2	23:05:01.368	Custom indicator MACD-2x XAUUSD.,H1: removed
2	23:05:01.369	Custom indicator Laguerre-ACS1 XAUUSD.,H1: removed
2	23:05:01.378	Custom indicator SupResZone_MTF XAGUSD.,H4: removed
2	23:05:01.380	Custom indicator SupResZone_MTF XAGUSD.,H4: removed
2	23:05:01.382	Custom indicator SupResZone_MTF XAGUSD.,H4: removed
2	23:05:01.384	Custom indicator SupResZone_MTF XAGUSD.,H4: removed
2	23:05:01.385	Custom indicator MACD-2x XAGUSD.,H4: removed
2	23:05:01.385	Custom indicator Laguerre-ACS1 XAGUSD.,H4: removed
2	23:05:01.393	Custom indicator SupResZone_MTF US_OIL,H1: removed
2	23:05:01.396	Custom indicator SupResZone_MTF US_OIL,H1: removed
2	23:05:01.397	Custom indicator SupResZone_MTF US_OIL,H1: removed
2	23:05:01.399	Custom indicator SupResZone_MTF US_OIL,H1: removed
2	23:05:01.401	Custom indicator MACD-2x US_OIL,H1: removed
2	23:05:01.401	Custom indicator Laguerre-ACS1 US_OIL,H1: removed
2	23:05:01.413	Custom indicator SupResZone_MTF JP225,H1: removed
2	23:05:01.415	Custom indicator SupResZone_MTF JP225,H1: removed
2	23:05:01.418	Custom indicator SupResZone_MTF JP225,H1: removed
2	23:05:01.420	Custom indicator SupResZone_MTF JP225,H1: removed
2	23:05:01.422	Custom indicator MACD-2x JP225,H1: removed
2	23:05:01.422	Custom indicator Laguerre-ACS1 JP225,H1: removed
2	23:05:01.447	Custom indicator SupResZone_MTF SPX500,H1: removed
2	23:05:01.449	Custom indicator SupResZone_MTF SPX500,H1: removed
2	23:05:01.451	Custom indicator SupResZone_MTF SPX500,H1: removed
2	23:05:01.453	Custom indicator SupResZone_MTF SPX500,H1: removed
2	23:05:01.454	Custom indicator MACD-2x SPX500,H1: removed
2	23:05:01.455	Custom indicator Laguerre-ACS1 SPX500,H1: removed
2	23:05:01.461	Custom indicator SupResZone_MTF EURAUD.,H4: removed
2	23:05:01.462	Custom indicator SupResZone_MTF EURAUD.,H4: removed
2	23:05:01.465	Custom indicator SupResZone_MTF EURAUD.,H4: removed
2	23:05:01.467	Custom indicator SupResZone_MTF EURAUD.,H4: removed
2	23:05:01.469	Custom indicator MACD-2x EURAUD.,H4: removed
2	23:05:01.469	Custom indicator Laguerre-ACS1 EURAUD.,H4: removed
2	23:05:01.475	Custom indicator SupResZone_MTF AUDJPY.,H4: removed
2	23:05:01.476	Custom indicator SupResZone_MTF AUDJPY.,H4: removed
2	23:05:01.478	Custom indicator SupResZone_MTF AUDJPY.,H4: removed
2	23:05:01.480	Custom indicator SupResZone_MTF AUDJPY.,H4: removed
2	23:05:01.483	Custom indicator MACD-2x AUDJPY.,H4: removed
2	23:05:01.483	Custom indicator Laguerre-ACS1 AUDJPY.,H4: removed
2	23:05:01.489	Custom indicator SupResZone_MTF AUDUSD.,H4: removed
2	23:05:01.490	Custom indicator SupResZone_MTF AUDUSD.,H4: removed
2	23:05:01.492	Custom indicator SupResZone_MTF AUDUSD.,H4: removed
2	23:05:01.493	Custom indicator SupResZone_MTF AUDUSD.,H4: removed
2	23:05:01.497	Custom indicator MACD-2x AUDUSD.,H4: removed
2	23:05:01.497	Custom indicator Laguerre-ACS1 AUDUSD.,H4: removed
2	23:05:01.503	Custom indicator SupResZone_MTF USDJPY.,H1: removed
2	23:05:01.504	Custom indicator SupResZone_MTF USDJPY.,H1: removed
2	23:05:01.506	Custom indicator SupResZone_MTF USDJPY.,H1: removed
2	23:05:01.507	Custom indicator SupResZone_MTF USDJPY.,H1: removed
2	23:05:01.509	Custom indicator MACD-2x USDJPY.,H1: removed
2	23:05:01.509	Custom indicator Laguerre-ACS1 USDJPY.,H1: removed
2	23:05:01.518	Custom indicator SupResZone_MTF EURJPY.,H1: removed
2	23:05:01.520	Custom indicator SupResZone_MTF EURJPY.,H1: removed
2	23:05:01.523	Custom indicator SupResZone_MTF EURJPY.,H1: removed
2	23:05:01.527	Custom indicator SupResZone_MTF EURJPY.,H1: removed
2	23:05:01.528	Custom indicator MACD-2x EURJPY.,H1: removed
2	23:05:01.529	Custom indicator Laguerre-ACS1 EURJPY.,H1: removed
2	23:05:01.535	Custom indicator SupResZone_MTF EURUSD.,H4: removed
2	23:05:01.537	Custom indicator SupResZone_MTF EURUSD.,H4: removed
2	23:05:01.538	Custom indicator SupResZone_MTF EURUSD.,H4: removed
2	23:05:01.541	Custom indicator SupResZone_MTF EURUSD.,H4: removed
2	23:05:01.542	Custom indicator MACD-2x EURUSD.,H4: removed
2	23:05:01.543	Custom indicator Laguerre-ACS1 EURUSD.,H4: removed
2	23:05:01.551	Custom indicator SupResZone_MTF GBPUSD.,H4: removed
2	23:05:01.552	Custom indicator SupResZone_MTF GBPUSD.,H4: removed
2	23:05:01.554	Custom indicator SupResZone_MTF GBPUSD.,H4: removed
2	23:05:01.555	Custom indicator SupResZone_MTF GBPUSD.,H4: removed
2	23:05:01.558	Custom indicator MACD-2x GBPUSD.,H4: removed
2	23:05:01.558	Custom indicator Laguerre-ACS1 GBPUSD.,H4: removed
2	23:05:01.563	Custom indicator SupResZone_MTF USDCAD.,Daily: removed
2	23:05:01.565	Custom indicator SupResZone_MTF USDCAD.,Daily: removed
2	23:05:01.567	Custom indicator SupResZone_MTF USDCAD.,Daily: removed
2	23:05:01.568	Custom indicator SupResZone_MTF USDCAD.,Daily: removed
2	23:05:01.570	Custom indicator MACD-2x USDCAD.,Daily: removed
2	23:05:01.570	Custom indicator Laguerre-ACS1 USDCAD.,Daily: removed
2	23:05:01.579	Custom indicator SupResZone_MTF USDCHF.,Daily: removed
2	23:05:01.581	Custom indicator SupResZone_MTF USDCHF.,Daily: removed
2	23:05:01.583	Custom indicator SupResZone_MTF USDCHF.,Daily: removed
2	23:05:01.585	Custom indicator SupResZone_MTF USDCHF.,Daily: removed
2	23:05:01.587	Custom indicator MACD-2x USDCHF.,Daily: removed
2	23:05:01.588	Custom indicator Laguerre-ACS1 USDCHF.,Daily: removed
2	23:05:01.593	Custom indicator MACD-2x USDCNH,Daily: removed
2	23:05:01.595	Custom indicator MACD-2x USDCNH,Daily: removed
2	23:05:01.595	Custom indicator Laguerre-ACS1 USDCNH,Daily: removed
2	23:05:01.607	Custom indicator GMMA Long USDJPY.,H1: removed
2	23:05:01.608	Custom indicator GMMA Short USDJPY.,H1: removed
2	23:05:01.610	Custom indicator 23MTF_MovingAverageIGOR USDJPY.,H1: removed
2	23:05:01.612	Custom indicator 23MTF_MovingAverageIGOR USDJPY.,H1: removed
2	23:05:01.613	Custom indicator SupResZone_MTF USDJPY.,H1: removed
2	23:05:01.615	Custom indicator SupResZone_MTF USDJPY.,H1: removed
2	23:05:01.618	Custom indicator MACD-2x USDJPY.,H1: removed
0	23:05:02.059	FX Trader build 1170 stopped
