0	09:38:23.214	FX Trader build 1170 started (Performance Ronnaru Capital Ltd.)
0	09:38:23.214	Windows 10 Home x64, IE 11, UAC, 8 x Intel Core i7-6700HQ  @ 2.60GHz, Memory: 24914 / 32639 Mb, Disk: 141 / 264 Gb, GMT+8
0	09:38:23.214	Data Folder: C:\Users\tiany\AppData\Roaming\MetaQuotes\Terminal\79214103E7A6FC97F86082D309D0B84B
2	09:38:25.235	Custom indicator SupResZone_MTF USDXXX,H4: loaded successfully
2	09:38:25.245	Custom indicator SupResZone_MTF USDXXX,H4: loaded successfully
2	09:38:25.256	Custom indicator SupResZone_MTF USDXXX,H4: loaded successfully
2	09:38:25.266	Custom indicator SupResZone_MTF USDXXX,H4: loaded successfully
2	09:38:25.276	Custom indicator MACD-2x USDXXX,H4: loaded successfully
2	09:38:25.347	Custom indicator Laguerre-ACS1 USDXXX,H4: loaded successfully
2	09:38:25.541	Custom indicator SupResZone_MTF XAUUSD.,H4: loaded successfully
2	09:38:25.552	Custom indicator SupResZone_MTF XAUUSD.,H4: loaded successfully
2	09:38:25.563	Custom indicator SupResZone_MTF XAUUSD.,H4: loaded successfully
2	09:38:25.573	Custom indicator SupResZone_MTF XAUUSD.,H4: loaded successfully
2	09:38:25.586	Custom indicator MACD-2x XAUUSD.,H4: loaded successfully
2	09:38:25.657	Custom indicator Laguerre-ACS1 XAUUSD.,H4: loaded successfully
2	09:38:25.844	Custom indicator SupResZone_MTF XAGUSD.,H4: loaded successfully
2	09:38:25.861	Custom indicator SupResZone_MTF XAGUSD.,H4: loaded successfully
2	09:38:25.878	Custom indicator SupResZone_MTF XAGUSD.,H4: loaded successfully
2	09:38:25.890	Custom indicator SupResZone_MTF XAGUSD.,H4: loaded successfully
2	09:38:25.900	Custom indicator MACD-2x XAGUSD.,H4: loaded successfully
2	09:38:25.969	Custom indicator Laguerre-ACS1 XAGUSD.,H4: loaded successfully
2	09:38:26.142	Custom indicator SupResZone_MTF US_OIL,H4: loaded successfully
2	09:38:26.154	Custom indicator SupResZone_MTF US_OIL,H4: loaded successfully
2	09:38:26.164	Custom indicator SupResZone_MTF US_OIL,H4: loaded successfully
2	09:38:26.175	Custom indicator SupResZone_MTF US_OIL,H4: loaded successfully
2	09:38:26.186	Custom indicator MACD-2x US_OIL,H4: loaded successfully
2	09:38:26.258	Custom indicator Laguerre-ACS1 US_OIL,H4: loaded successfully
2	09:38:26.512	Custom indicator SupResZone_MTF JP225,H4: loaded successfully
2	09:38:26.523	Custom indicator SupResZone_MTF JP225,H4: loaded successfully
2	09:38:26.533	Custom indicator SupResZone_MTF JP225,H4: loaded successfully
2	09:38:26.543	Custom indicator SupResZone_MTF JP225,H4: loaded successfully
2	09:38:26.553	Custom indicator MACD-2x JP225,H4: loaded successfully
2	09:38:26.627	Custom indicator Laguerre-ACS1 JP225,H4: loaded successfully
2	09:38:26.836	Custom indicator SupResZone_MTF SPX500,H4: loaded successfully
2	09:38:26.850	Custom indicator SupResZone_MTF SPX500,H4: loaded successfully
2	09:38:26.862	Custom indicator SupResZone_MTF SPX500,H4: loaded successfully
2	09:38:26.877	Custom indicator SupResZone_MTF SPX500,H4: loaded successfully
2	09:38:26.890	Custom indicator MACD-2x SPX500,H4: loaded successfully
2	09:38:26.972	Custom indicator Laguerre-ACS1 SPX500,H4: loaded successfully
2	09:38:27.251	Custom indicator SupResZone_MTF EURAUD.,H4: loaded successfully
2	09:38:27.262	Custom indicator SupResZone_MTF EURAUD.,H4: loaded successfully
2	09:38:27.278	Custom indicator SupResZone_MTF EURAUD.,H4: loaded successfully
2	09:38:27.294	Custom indicator SupResZone_MTF EURAUD.,H4: loaded successfully
2	09:38:27.307	Custom indicator MACD-2x EURAUD.,H4: loaded successfully
2	09:38:27.429	Custom indicator Laguerre-ACS1 EURAUD.,H4: loaded successfully
2	09:38:27.646	Custom indicator SupResZone_MTF AUDJPY.,H4: loaded successfully
2	09:38:27.666	Custom indicator SupResZone_MTF AUDJPY.,H4: loaded successfully
2	09:38:27.683	Custom indicator SupResZone_MTF AUDJPY.,H4: loaded successfully
2	09:38:27.697	Custom indicator SupResZone_MTF AUDJPY.,H4: loaded successfully
2	09:38:27.715	Custom indicator MACD-2x AUDJPY.,H4: loaded successfully
2	09:38:27.845	Custom indicator Laguerre-ACS1 AUDJPY.,H4: loaded successfully
2	09:38:28.103	Custom indicator SupResZone_MTF AUDUSD.,H4: loaded successfully
2	09:38:28.116	Custom indicator SupResZone_MTF AUDUSD.,H4: loaded successfully
2	09:38:28.127	Custom indicator SupResZone_MTF AUDUSD.,H4: loaded successfully
2	09:38:28.140	Custom indicator SupResZone_MTF AUDUSD.,H4: loaded successfully
2	09:38:28.152	Custom indicator MACD-2x AUDUSD.,H4: loaded successfully
2	09:38:28.239	Custom indicator Laguerre-ACS1 AUDUSD.,H4: loaded successfully
2	09:38:28.587	Custom indicator SupResZone_MTF USDJPY.,H4: loaded successfully
2	09:38:28.603	Custom indicator SupResZone_MTF USDJPY.,H4: loaded successfully
2	09:38:28.618	Custom indicator SupResZone_MTF USDJPY.,H4: loaded successfully
2	09:38:28.633	Custom indicator SupResZone_MTF USDJPY.,H4: loaded successfully
2	09:38:28.650	Custom indicator MACD-2x USDJPY.,H4: loaded successfully
2	09:38:28.749	Custom indicator Laguerre-ACS1 USDJPY.,H4: loaded successfully
2	09:38:29.038	Custom indicator SupResZone_MTF EURJPY.,H4: loaded successfully
2	09:38:29.056	Custom indicator SupResZone_MTF EURJPY.,H4: loaded successfully
2	09:38:29.073	Custom indicator SupResZone_MTF EURJPY.,H4: loaded successfully
2	09:38:29.090	Custom indicator SupResZone_MTF EURJPY.,H4: loaded successfully
2	09:38:29.111	Custom indicator MACD-2x EURJPY.,H4: loaded successfully
2	09:38:29.241	Custom indicator Laguerre-ACS1 EURJPY.,H4: loaded successfully
2	09:38:29.561	Custom indicator SupResZone_MTF EURUSD.,H4: loaded successfully
2	09:38:29.576	Custom indicator SupResZone_MTF EURUSD.,H4: loaded successfully
2	09:38:29.592	Custom indicator SupResZone_MTF EURUSD.,H4: loaded successfully
2	09:38:29.605	Custom indicator SupResZone_MTF EURUSD.,H4: loaded successfully
2	09:38:29.615	Custom indicator MACD-2x EURUSD.,H4: loaded successfully
2	09:38:29.696	Custom indicator Laguerre-ACS1 EURUSD.,H4: loaded successfully
2	09:38:29.929	Custom indicator SupResZone_MTF GBPJPY.,H4: loaded successfully
2	09:38:29.942	Custom indicator SupResZone_MTF GBPJPY.,H4: loaded successfully
2	09:38:29.953	Custom indicator SupResZone_MTF GBPJPY.,H4: loaded successfully
2	09:38:29.963	Custom indicator SupResZone_MTF GBPJPY.,H4: loaded successfully
2	09:38:29.971	Custom indicator MACD-2x GBPJPY.,H4: loaded successfully
2	09:38:30.044	Custom indicator Laguerre-ACS1 GBPJPY.,H4: loaded successfully
2	09:38:30.262	Custom indicator SupResZone_MTF GBPUSD.,H4: loaded successfully
2	09:38:30.274	Custom indicator SupResZone_MTF GBPUSD.,H4: loaded successfully
2	09:38:30.286	Custom indicator SupResZone_MTF GBPUSD.,H4: loaded successfully
2	09:38:30.296	Custom indicator SupResZone_MTF GBPUSD.,H4: loaded successfully
2	09:38:30.306	Custom indicator MACD-2x GBPUSD.,H4: loaded successfully
2	09:38:30.378	Custom indicator Laguerre-ACS1 GBPUSD.,H4: loaded successfully
2	09:38:30.622	Custom indicator SupResZone_MTF USDCAD.,H4: loaded successfully
2	09:38:30.632	Custom indicator SupResZone_MTF USDCAD.,H4: loaded successfully
2	09:38:30.642	Custom indicator SupResZone_MTF USDCAD.,H4: loaded successfully
2	09:38:30.652	Custom indicator SupResZone_MTF USDCAD.,H4: loaded successfully
2	09:38:30.663	Custom indicator MACD-2x USDCAD.,H4: loaded successfully
2	09:38:30.734	Custom indicator Laguerre-ACS1 USDCAD.,H4: loaded successfully
2	09:38:30.951	Custom indicator SupResZone_MTF USDCHF.,H4: loaded successfully
2	09:38:30.963	Custom indicator SupResZone_MTF USDCHF.,H4: loaded successfully
2	09:38:30.974	Custom indicator SupResZone_MTF USDCHF.,H4: loaded successfully
2	09:38:30.984	Custom indicator SupResZone_MTF USDCHF.,H4: loaded successfully
2	09:38:30.995	Custom indicator MACD-2x USDCHF.,H4: loaded successfully
2	09:38:31.068	Custom indicator Laguerre-ACS1 USDCHF.,H4: loaded successfully
2	09:38:31.261	Custom indicator MACD-2x USDCNH,Daily: loaded successfully
2	09:38:31.272	Custom indicator MACD-2x USDCNH,Daily: loaded successfully
2	09:38:31.342	Custom indicator Laguerre-ACS1 USDCNH,Daily: loaded successfully
2	09:38:31.409	Custom indicator GMMA Long USDJPY.,H1: loaded successfully
2	09:38:31.420	Custom indicator GMMA Short USDJPY.,H1: loaded successfully
2	09:38:31.431	Custom indicator 23MTF_MovingAverageIGOR USDJPY.,H1: loaded successfully
2	09:38:31.439	Custom indicator 23MTF_MovingAverageIGOR USDJPY.,H1: loaded successfully
2	09:38:31.449	Custom indicator SupResZone_MTF USDJPY.,H1: loaded successfully
2	09:38:31.458	Custom indicator SupResZone_MTF USDJPY.,H1: loaded successfully
2	09:38:31.468	Custom indicator MACD-2x USDJPY.,H1: loaded successfully
2	09:38:31.689	Custom indicator SupResZone_MTF CHINA300,Daily: loaded successfully
2	09:38:31.701	Custom indicator SupResZone_MTF CHINA300,Daily: loaded successfully
2	09:38:31.712	Custom indicator SupResZone_MTF CHINA300,Daily: loaded successfully
2	09:38:31.724	Custom indicator SupResZone_MTF CHINA300,Daily: loaded successfully
2	09:38:31.735	Custom indicator MACD-2x CHINA300,Daily: loaded successfully
2	09:38:31.812	Custom indicator Laguerre-ACS1 CHINA300,Daily: loaded successfully
1	09:39:35.142	'120010550': connect failed [No connection]
1	09:42:47.817	MQL Base: failed connect to server
1	09:42:55.343	MQL5.community: authorization failed
1	09:42:55.400	MQL5.community: authorization failed
1	09:42:55.434	MQL5.community: authorization failed
1	09:48:07.951	MQL5.community: authorization failed
1	09:53:07.845	MQL5.community: authorization failed
1	09:58:07.821	MQL5.community: authorization failed
1	10:03:07.922	MQL5.community: authorization failed
1	10:08:07.867	MQL5.community: authorization failed
1	10:13:07.861	MQL5.community: authorization failed
1	10:18:07.859	MQL5.community: authorization failed
1	10:23:07.845	MQL5.community: authorization failed
1	10:28:07.828	MQL5.community: authorization failed
1	10:33:07.846	MQL5.community: authorization failed
1	10:35:20.847	MQL5.community: authorization failed
1	10:43:07.859	MQL5.community: authorization failed
1	10:48:07.846	MQL5.community: authorization failed
1	10:53:07.861	MQL5.community: authorization failed
1	10:58:07.830	MQL5.community: authorization failed
1	10:59:16.750	MQL5.community: authorization failed
0	10:59:23.599	'120010550': login on PRC-Live through Server 8 (ping: n/a)
0	10:59:25.395	'120010550': login datacenter on PRC-Live through Server 8 (ping: n/a)
0	10:59:25.882	'120010550': previous successful authorization performed from 223.104.237.88
0	10:59:57.183	'120010550': auto connecting to a better access point Server 5 (ping is 133.64 ms)
0	11:00:01.043	'120010550': login on PRC-Live through Server 5 (ping: 133.64 ms)
0	11:00:02.921	'120010550': login datacenter on PRC-Live through Server 5 (ping: 133.64 ms)
0	11:00:03.427	'120010550': previous successful authorization performed from 223.104.237.88
1	11:08:36.296	'120010550': connect failed [No connection]
0	11:19:21.002	'120010550': login on PRC-Live through Server 8 (ping: n/a)
0	11:19:22.306	'120010550': login datacenter on PRC-Live through Server 8 (ping: n/a)
0	11:19:22.742	'120010550': previous successful authorization performed from 223.104.237.88
0	11:19:51.472	'120010550': ping to current access point Server 8 is 136.12 ms
1	11:28:42.809	'120010550': ping failed
1	11:28:42.810	'120010550': datacenter connecting failed [6]
1	11:28:43.400	'120010550': connect failed [No connection]
0	11:31:06.000	'120010550': login on PRC-Live through Server 8 (ping: n/a)
0	11:31:07.387	'120010550': login datacenter on PRC-Live through Server 8 (ping: n/a)
0	11:31:08.149	'120010550': previous successful authorization performed from 101.131.181.222
0	11:31:40.312	'120010550': ping to current access point Server 8 is 138.08 ms
1	11:36:07.979	'120010550': ping failed
1	11:36:07.981	'120010550': datacenter connecting failed [6]
0	11:36:08.928	'120010550': login on PRC-Live through Server 5 (ping: 120.11 ms)
0	11:36:10.831	'120010550': login datacenter on PRC-Live through Server 5 (ping: 120.11 ms)
0	11:36:11.309	'120010550': previous successful authorization performed from 101.131.181.222
1	13:59:13.573	'120010550': ping failed
0	13:59:14.417	'120010550': login on PRC-Live through Server 5 (ping: 120.11 ms)
0	13:59:17.838	'120010550': login datacenter on PRC-Live through Server 5 (ping: 120.11 ms)
0	13:59:18.559	'120010550': previous successful authorization performed from 101.131.181.222
0	13:59:54.901	'120010550': ping to current access point Server 5 is 118.50 ms
1	20:45:30.350	'120010550': ping failed
1	20:45:30.600	'120010550': connect failed [No connection]
1	20:45:30.682	MQL5.community: authorization failed
1	20:45:30.705	MQL5.community: authorization failed
1	20:45:30.717	MQL5.community: authorization failed
0	20:45:36.697	'120010550': login on PRC-Live through Server 8 (ping: n/a)
0	20:45:39.669	'120010550': login datacenter on PRC-Live through Server 8 (ping: n/a)
0	20:45:40.203	'120010550': previous successful authorization performed from 1.180.18.100
0	20:46:16.628	'120010550': auto connecting to a better access point Server 5 (ping is 121.29 ms)
0	20:46:18.147	'120010550': login on PRC-Live through Server 5 (ping: 121.29 ms)
0	20:46:20.563	'120010550': login datacenter on PRC-Live through Server 5 (ping: 121.29 ms)
0	20:46:21.015	'120010550': previous successful authorization performed from 101.131.181.112
0	20:51:19.354	'120010550': login on PRC-Live through Server 5 (ping: 121.29 ms)
0	20:51:22.894	'120010550': login datacenter on PRC-Live through Server 5 (ping: 121.29 ms)
0	20:51:23.750	'120010550': previous successful authorization performed from 101.131.181.112
1	21:08:09.511	'120010550': ping failed
1	21:08:09.543	'120010550': datacenter connecting failed [6]
0	21:08:10.586	'120010550': login on PRC-Live through Server 8 (ping: 145.16 ms)
0	21:08:13.087	'120010550': login datacenter on PRC-Live through Server 8 (ping: 145.16 ms)
0	21:08:13.664	'120010550': previous successful authorization performed from 101.131.181.112
2	23:06:38.064	Custom indicator SupResZone_MTF USDXXX,H4: removed
2	23:06:38.067	Custom indicator SupResZone_MTF USDXXX,H4: removed
2	23:06:38.070	Custom indicator SupResZone_MTF USDXXX,H4: removed
2	23:06:38.074	Custom indicator SupResZone_MTF USDXXX,H4: removed
2	23:06:38.077	Custom indicator MACD-2x USDXXX,H4: removed
2	23:06:38.077	Custom indicator Laguerre-ACS1 USDXXX,H4: removed
2	23:06:38.085	Custom indicator SupResZone_MTF XAUUSD.,H4: removed
2	23:06:38.086	Custom indicator SupResZone_MTF XAUUSD.,H4: removed
2	23:06:38.089	Custom indicator SupResZone_MTF XAUUSD.,H4: removed
2	23:06:38.093	Custom indicator SupResZone_MTF XAUUSD.,H4: removed
2	23:06:38.095	Custom indicator MACD-2x XAUUSD.,H4: removed
2	23:06:38.096	Custom indicator Laguerre-ACS1 XAUUSD.,H4: removed
2	23:06:38.102	Custom indicator SupResZone_MTF XAGUSD.,H4: removed
2	23:06:38.104	Custom indicator SupResZone_MTF XAGUSD.,H4: removed
2	23:06:38.106	Custom indicator SupResZone_MTF XAGUSD.,H4: removed
2	23:06:38.108	Custom indicator SupResZone_MTF XAGUSD.,H4: removed
2	23:06:38.110	Custom indicator MACD-2x XAGUSD.,H4: removed
2	23:06:38.110	Custom indicator Laguerre-ACS1 XAGUSD.,H4: removed
2	23:06:38.115	Custom indicator SupResZone_MTF US_OIL,H4: removed
2	23:06:38.117	Custom indicator SupResZone_MTF US_OIL,H4: removed
2	23:06:38.119	Custom indicator SupResZone_MTF US_OIL,H4: removed
2	23:06:38.123	Custom indicator SupResZone_MTF US_OIL,H4: removed
2	23:06:38.125	Custom indicator MACD-2x US_OIL,H4: removed
2	23:06:38.125	Custom indicator Laguerre-ACS1 US_OIL,H4: removed
2	23:06:38.132	Custom indicator SupResZone_MTF JP225,H4: removed
2	23:06:38.133	Custom indicator SupResZone_MTF JP225,H4: removed
2	23:06:38.135	Custom indicator SupResZone_MTF JP225,H4: removed
2	23:06:38.138	Custom indicator SupResZone_MTF JP225,H4: removed
2	23:06:38.142	Custom indicator MACD-2x JP225,H4: removed
2	23:06:38.142	Custom indicator Laguerre-ACS1 JP225,H4: removed
2	23:06:38.148	Custom indicator SupResZone_MTF SPX500,H4: removed
2	23:06:38.151	Custom indicator SupResZone_MTF SPX500,H4: removed
2	23:06:38.154	Custom indicator SupResZone_MTF SPX500,H4: removed
2	23:06:38.157	Custom indicator SupResZone_MTF SPX500,H4: removed
2	23:06:38.159	Custom indicator MACD-2x SPX500,H4: removed
2	23:06:38.159	Custom indicator Laguerre-ACS1 SPX500,H4: removed
2	23:06:38.166	Custom indicator SupResZone_MTF EURAUD.,H4: removed
2	23:06:38.169	Custom indicator SupResZone_MTF EURAUD.,H4: removed
2	23:06:38.172	Custom indicator SupResZone_MTF EURAUD.,H4: removed
2	23:06:38.175	Custom indicator SupResZone_MTF EURAUD.,H4: removed
2	23:06:38.178	Custom indicator MACD-2x EURAUD.,H4: removed
2	23:06:38.178	Custom indicator Laguerre-ACS1 EURAUD.,H4: removed
2	23:06:38.183	Custom indicator SupResZone_MTF AUDJPY.,H4: removed
2	23:06:38.185	Custom indicator SupResZone_MTF AUDJPY.,H4: removed
2	23:06:38.187	Custom indicator SupResZone_MTF AUDJPY.,H4: removed
2	23:06:38.189	Custom indicator SupResZone_MTF AUDJPY.,H4: removed
2	23:06:38.191	Custom indicator MACD-2x AUDJPY.,H4: removed
2	23:06:38.191	Custom indicator Laguerre-ACS1 AUDJPY.,H4: removed
2	23:06:38.198	Custom indicator SupResZone_MTF AUDUSD.,H4: removed
2	23:06:38.200	Custom indicator SupResZone_MTF AUDUSD.,H4: removed
2	23:06:38.202	Custom indicator SupResZone_MTF AUDUSD.,H4: removed
2	23:06:38.204	Custom indicator SupResZone_MTF AUDUSD.,H4: removed
2	23:06:38.206	Custom indicator MACD-2x AUDUSD.,H4: removed
2	23:06:38.206	Custom indicator Laguerre-ACS1 AUDUSD.,H4: removed
2	23:06:38.213	Custom indicator SupResZone_MTF USDJPY.,H4: removed
2	23:06:38.216	Custom indicator SupResZone_MTF USDJPY.,H4: removed
2	23:06:38.219	Custom indicator SupResZone_MTF USDJPY.,H4: removed
2	23:06:38.221	Custom indicator SupResZone_MTF USDJPY.,H4: removed
2	23:06:38.223	Custom indicator MACD-2x USDJPY.,H4: removed
2	23:06:38.223	Custom indicator Laguerre-ACS1 USDJPY.,H4: removed
2	23:06:38.230	Custom indicator SupResZone_MTF EURJPY.,H4: removed
2	23:06:38.232	Custom indicator SupResZone_MTF EURJPY.,H4: removed
2	23:06:38.234	Custom indicator SupResZone_MTF EURJPY.,H4: removed
2	23:06:38.236	Custom indicator SupResZone_MTF EURJPY.,H4: removed
2	23:06:38.238	Custom indicator MACD-2x EURJPY.,H4: removed
2	23:06:38.238	Custom indicator Laguerre-ACS1 EURJPY.,H4: removed
2	23:06:38.265	Custom indicator SupResZone_MTF EURUSD.,H4: removed
2	23:06:38.266	Custom indicator SupResZone_MTF EURUSD.,H4: removed
2	23:06:38.268	Custom indicator SupResZone_MTF EURUSD.,H4: removed
2	23:06:38.269	Custom indicator SupResZone_MTF EURUSD.,H4: removed
2	23:06:38.272	Custom indicator MACD-2x EURUSD.,H4: removed
2	23:06:38.272	Custom indicator Laguerre-ACS1 EURUSD.,H4: removed
2	23:06:38.278	Custom indicator SupResZone_MTF GBPJPY.,H4: removed
2	23:06:38.280	Custom indicator SupResZone_MTF GBPJPY.,H4: removed
2	23:06:38.282	Custom indicator SupResZone_MTF GBPJPY.,H4: removed
2	23:06:38.284	Custom indicator SupResZone_MTF GBPJPY.,H4: removed
2	23:06:38.285	Custom indicator MACD-2x GBPJPY.,H4: removed
2	23:06:38.285	Custom indicator Laguerre-ACS1 GBPJPY.,H4: removed
2	23:06:38.305	Custom indicator SupResZone_MTF GBPUSD.,H4: removed
2	23:06:38.307	Custom indicator SupResZone_MTF GBPUSD.,H4: removed
2	23:06:38.309	Custom indicator SupResZone_MTF GBPUSD.,H4: removed
2	23:06:38.310	Custom indicator SupResZone_MTF GBPUSD.,H4: removed
2	23:06:38.312	Custom indicator MACD-2x GBPUSD.,H4: removed
2	23:06:38.312	Custom indicator Laguerre-ACS1 GBPUSD.,H4: removed
2	23:06:38.330	Custom indicator SupResZone_MTF USDCAD.,H4: removed
2	23:06:38.331	Custom indicator SupResZone_MTF USDCAD.,H4: removed
2	23:06:38.333	Custom indicator SupResZone_MTF USDCAD.,H4: removed
2	23:06:38.334	Custom indicator SupResZone_MTF USDCAD.,H4: removed
2	23:06:38.336	Custom indicator MACD-2x USDCAD.,H4: removed
2	23:06:38.336	Custom indicator Laguerre-ACS1 USDCAD.,H4: removed
2	23:06:38.355	Custom indicator SupResZone_MTF USDCHF.,H4: removed
2	23:06:38.356	Custom indicator SupResZone_MTF USDCHF.,H4: removed
2	23:06:38.358	Custom indicator SupResZone_MTF USDCHF.,H4: removed
2	23:06:38.360	Custom indicator SupResZone_MTF USDCHF.,H4: removed
2	23:06:38.362	Custom indicator MACD-2x USDCHF.,H4: removed
2	23:06:38.362	Custom indicator Laguerre-ACS1 USDCHF.,H4: removed
2	23:06:38.379	Custom indicator MACD-2x USDCNH,Daily: removed
2	23:06:38.381	Custom indicator MACD-2x USDCNH,Daily: removed
2	23:06:38.381	Custom indicator Laguerre-ACS1 USDCNH,Daily: removed
2	23:06:38.387	Custom indicator GMMA Long USDJPY.,H1: removed
2	23:06:38.389	Custom indicator GMMA Short USDJPY.,H1: removed
2	23:06:38.391	Custom indicator 23MTF_MovingAverageIGOR USDJPY.,H1: removed
2	23:06:38.393	Custom indicator 23MTF_MovingAverageIGOR USDJPY.,H1: removed
2	23:06:38.394	Custom indicator SupResZone_MTF USDJPY.,H1: removed
2	23:06:38.396	Custom indicator SupResZone_MTF USDJPY.,H1: removed
2	23:06:38.397	Custom indicator MACD-2x USDJPY.,H1: removed
2	23:06:38.408	Custom indicator SupResZone_MTF CHINA300,Daily: removed
2	23:06:38.409	Custom indicator SupResZone_MTF CHINA300,Daily: removed
2	23:06:38.411	Custom indicator SupResZone_MTF CHINA300,Daily: removed
2	23:06:38.412	Custom indicator SupResZone_MTF CHINA300,Daily: removed
2	23:06:38.414	Custom indicator MACD-2x CHINA300,Daily: removed
2	23:06:38.414	Custom indicator Laguerre-ACS1 CHINA300,Daily: removed
0	23:06:38.834	FX Trader build 1170 stopped
