0	00:06:15.590	'120010550': modify order #11107186 sell 0.01 US_OIL at 55.56 sl: 0.00 tp: 0.00 -> sl: 0.00 tp: 55.39
0	00:06:16.357	'120010550': order #11107186 sell 0.01 US_OIL at 55.56 was modified -> sl: 0.00 tp: 55.39
2	00:07:05.493	Custom indicator SupResZone_MTF USDXXX,Daily: removed
2	00:07:05.493	Custom indicator SupResZone_MTF USDXXX,Daily: removed
2	00:07:05.509	Custom indicator SupResZone_MTF USDXXX,Daily: removed
2	00:07:05.509	Custom indicator SupResZone_MTF USDXXX,Daily: removed
2	00:07:05.509	Custom indicator MACD-2x USDXXX,Daily: removed
2	00:07:05.509	Custom indicator Laguerre-ACS1 USDXXX,Daily: removed
2	00:07:05.540	Custom indicator SupResZone_MTF XAUUSD.,H4: removed
2	00:07:05.540	Custom indicator SupResZone_MTF XAUUSD.,H4: removed
2	00:07:05.556	Custom indicator SupResZone_MTF XAUUSD.,H4: removed
2	00:07:05.556	Custom indicator SupResZone_MTF XAUUSD.,H4: removed
2	00:07:05.556	Custom indicator MACD-2x XAUUSD.,H4: removed
2	00:07:05.556	Custom indicator Laguerre-ACS1 XAUUSD.,H4: removed
2	00:07:05.571	Custom indicator SupResZone_MTF XAGUSD.,H4: removed
2	00:07:05.571	Custom indicator SupResZone_MTF XAGUSD.,H4: removed
2	00:07:05.571	Custom indicator SupResZone_MTF XAGUSD.,H4: removed
2	00:07:05.571	Custom indicator SupResZone_MTF XAGUSD.,H4: removed
2	00:07:05.571	Custom indicator MACD-2x XAGUSD.,H4: removed
2	00:07:05.571	Custom indicator Laguerre-ACS1 XAGUSD.,H4: removed
2	00:07:05.587	Custom indicator SupResZone_MTF US_OIL,H1: removed
2	00:07:05.587	Custom indicator SupResZone_MTF US_OIL,H1: removed
2	00:07:05.587	Custom indicator SupResZone_MTF US_OIL,H1: removed
2	00:07:05.587	Custom indicator SupResZone_MTF US_OIL,H1: removed
2	00:07:05.618	Custom indicator MACD-2x US_OIL,H1: removed
2	00:07:05.618	Custom indicator Laguerre-ACS1 US_OIL,H1: removed
2	00:07:05.649	Custom indicator SupResZone_MTF JP225,H1: removed
2	00:07:05.649	Custom indicator SupResZone_MTF JP225,H1: removed
2	00:07:05.649	Custom indicator SupResZone_MTF JP225,H1: removed
2	00:07:05.649	Custom indicator SupResZone_MTF JP225,H1: removed
2	00:07:05.649	Custom indicator MACD-2x JP225,H1: removed
2	00:07:05.649	Custom indicator Laguerre-ACS1 JP225,H1: removed
2	00:07:05.665	Custom indicator SupResZone_MTF SPX500,H4: removed
2	00:07:05.681	Custom indicator SupResZone_MTF SPX500,H4: removed
2	00:07:05.681	Custom indicator SupResZone_MTF SPX500,H4: removed
2	00:07:05.681	Custom indicator SupResZone_MTF SPX500,H4: removed
2	00:07:05.681	Custom indicator MACD-2x SPX500,H4: removed
2	00:07:05.681	Custom indicator Laguerre-ACS1 SPX500,H4: removed
2	00:07:05.681	Custom indicator SupResZone_MTF EURAUD.,H1: removed
2	00:07:05.681	Custom indicator SupResZone_MTF EURAUD.,H1: removed
2	00:07:05.696	Custom indicator SupResZone_MTF EURAUD.,H1: removed
2	00:07:05.696	Custom indicator SupResZone_MTF EURAUD.,H1: removed
2	00:07:05.696	Custom indicator MACD-2x EURAUD.,H1: removed
2	00:07:05.696	Custom indicator Laguerre-ACS1 EURAUD.,H1: removed
2	00:07:05.696	Custom indicator SupResZone_MTF AUDJPY.,H4: removed
2	00:07:05.696	Custom indicator SupResZone_MTF AUDJPY.,H4: removed
2	00:07:05.712	Custom indicator SupResZone_MTF AUDJPY.,H4: removed
2	00:07:05.712	Custom indicator SupResZone_MTF AUDJPY.,H4: removed
2	00:07:05.712	Custom indicator MACD-2x AUDJPY.,H4: removed
2	00:07:05.712	Custom indicator Laguerre-ACS1 AUDJPY.,H4: removed
2	00:07:05.712	Custom indicator SupResZone_MTF AUDUSD.,H4: removed
2	00:07:05.712	Custom indicator SupResZone_MTF AUDUSD.,H4: removed
2	00:07:05.728	Custom indicator SupResZone_MTF AUDUSD.,H4: removed
2	00:07:05.728	Custom indicator SupResZone_MTF AUDUSD.,H4: removed
2	00:07:05.728	Custom indicator MACD-2x AUDUSD.,H4: removed
2	00:07:05.728	Custom indicator Laguerre-ACS1 AUDUSD.,H4: removed
2	00:07:05.728	Custom indicator SupResZone_MTF USDJPY.,H4: removed
2	00:07:05.728	Custom indicator SupResZone_MTF USDJPY.,H4: removed
2	00:07:05.728	Custom indicator SupResZone_MTF USDJPY.,H4: removed
2	00:07:05.743	Custom indicator SupResZone_MTF USDJPY.,H4: removed
2	00:07:05.743	Custom indicator MACD-2x USDJPY.,H4: removed
2	00:07:05.743	Custom indicator Laguerre-ACS1 USDJPY.,H4: removed
2	00:07:05.774	Custom indicator SupResZone_MTF EURJPY.,H4: removed
2	00:07:05.774	Custom indicator SupResZone_MTF EURJPY.,H4: removed
2	00:07:05.774	Custom indicator SupResZone_MTF EURJPY.,H4: removed
2	00:07:05.774	Custom indicator SupResZone_MTF EURJPY.,H4: removed
2	00:07:05.774	Custom indicator MACD-2x EURJPY.,H4: removed
2	00:07:05.774	Custom indicator Laguerre-ACS1 EURJPY.,H4: removed
2	00:07:05.790	Custom indicator SupResZone_MTF EURUSD.,H4: removed
2	00:07:05.790	Custom indicator SupResZone_MTF EURUSD.,H4: removed
2	00:07:05.790	Custom indicator SupResZone_MTF EURUSD.,H4: removed
2	00:07:05.790	Custom indicator SupResZone_MTF EURUSD.,H4: removed
2	00:07:05.790	Custom indicator MACD-2x EURUSD.,H4: removed
2	00:07:05.790	Custom indicator Laguerre-ACS1 EURUSD.,H4: removed
2	00:07:05.806	Custom indicator SupResZone_MTF GBPJPY.,H4: removed
2	00:07:05.806	Custom indicator SupResZone_MTF GBPJPY.,H4: removed
2	00:07:05.806	Custom indicator SupResZone_MTF GBPJPY.,H4: removed
2	00:07:05.806	Custom indicator SupResZone_MTF GBPJPY.,H4: removed
2	00:07:05.806	Custom indicator MACD-2x GBPJPY.,H4: removed
2	00:07:05.806	Custom indicator Laguerre-ACS1 GBPJPY.,H4: removed
2	00:07:05.821	Custom indicator SupResZone_MTF GBPUSD.,H4: removed
2	00:07:05.821	Custom indicator SupResZone_MTF GBPUSD.,H4: removed
2	00:07:05.821	Custom indicator SupResZone_MTF GBPUSD.,H4: removed
2	00:07:05.821	Custom indicator SupResZone_MTF GBPUSD.,H4: removed
2	00:07:05.821	Custom indicator MACD-2x GBPUSD.,H4: removed
2	00:07:05.821	Custom indicator Laguerre-ACS1 GBPUSD.,H4: removed
2	00:07:05.821	Custom indicator SupResZone_MTF USDCAD.,H4: removed
2	00:07:05.821	Custom indicator SupResZone_MTF USDCAD.,H4: removed
2	00:07:05.837	Custom indicator SupResZone_MTF USDCAD.,H4: removed
2	00:07:05.837	Custom indicator SupResZone_MTF USDCAD.,H4: removed
2	00:07:05.837	Custom indicator MACD-2x USDCAD.,H4: removed
2	00:07:05.837	Custom indicator Laguerre-ACS1 USDCAD.,H4: removed
2	00:07:05.853	Custom indicator SupResZone_MTF USDCHF.,H4: removed
2	00:07:05.853	Custom indicator SupResZone_MTF USDCHF.,H4: removed
2	00:07:05.868	Custom indicator SupResZone_MTF USDCHF.,H4: removed
2	00:07:05.868	Custom indicator SupResZone_MTF USDCHF.,H4: removed
2	00:07:05.868	Custom indicator MACD-2x USDCHF.,H4: removed
2	00:07:05.868	Custom indicator Laguerre-ACS1 USDCHF.,H4: removed
2	00:07:05.868	Custom indicator SupResZone_MTF USDCNH,Daily: removed
2	00:07:05.868	Custom indicator SupResZone_MTF USDCNH,Daily: removed
2	00:07:05.868	Custom indicator SupResZone_MTF USDCNH,Daily: removed
2	00:07:05.868	Custom indicator SupResZone_MTF USDCNH,Daily: removed
2	00:07:05.884	Custom indicator MACD-2x USDCNH,Daily: removed
2	00:07:05.884	Custom indicator Laguerre-ACS1 USDCNH,Daily: removed
2	00:07:05.899	Custom indicator GMMA Long USDJPY.,H4: removed
2	00:07:05.899	Custom indicator GMMA Short USDJPY.,H4: removed
2	00:07:05.899	Custom indicator 23MTF_MovingAverageIGOR USDJPY.,H4: removed
2	00:07:05.899	Custom indicator 23MTF_MovingAverageIGOR USDJPY.,H4: removed
2	00:07:05.899	Custom indicator SupResZone_MTF USDJPY.,H4: removed
2	00:07:05.899	Custom indicator SupResZone_MTF USDJPY.,H4: removed
2	00:07:05.899	Custom indicator MACD-2x USDJPY.,H4: removed
2	00:07:05.915	Custom indicator SupResZone_MTF CHINA300,Daily: removed
2	00:07:05.915	Custom indicator SupResZone_MTF CHINA300,Daily: removed
2	00:07:05.931	Custom indicator SupResZone_MTF CHINA300,Daily: removed
2	00:07:05.931	Custom indicator SupResZone_MTF CHINA300,Daily: removed
2	00:07:05.931	Custom indicator MACD-2x CHINA300,Daily: removed
2	00:07:05.931	Custom indicator Laguerre-ACS1 CHINA300,Daily: removed
0	00:07:06.399	FX Trader build 1170 stopped
0	19:28:11.919	FX Trader build 1170 started (Performance Ronnaru Capital Ltd.)
0	19:28:11.920	Windows 10 Home x64, IE 11, UAC, 8 x Intel Core i7-6700HQ  @ 2.60GHz, Memory: 26936 / 32639 Mb, Disk: 134 / 264 Gb, GMT+8
0	19:28:11.920	Data Folder: C:\Users\tiany\AppData\Roaming\MetaQuotes\Terminal\79214103E7A6FC97F86082D309D0B84B
2	19:28:14.673	Custom indicator SupResZone_MTF USDXXX,Daily: loaded successfully
2	19:28:14.686	Custom indicator SupResZone_MTF USDXXX,Daily: loaded successfully
2	19:28:14.699	Custom indicator SupResZone_MTF USDXXX,Daily: loaded successfully
2	19:28:14.712	Custom indicator SupResZone_MTF USDXXX,Daily: loaded successfully
2	19:28:14.723	Custom indicator MACD-2x USDXXX,Daily: loaded successfully
2	19:28:14.801	Custom indicator Laguerre-ACS1 USDXXX,Daily: loaded successfully
2	19:28:14.956	Custom indicator SupResZone_MTF XAUUSD.,H4: loaded successfully
2	19:28:14.968	Custom indicator SupResZone_MTF XAUUSD.,H4: loaded successfully
2	19:28:14.978	Custom indicator SupResZone_MTF XAUUSD.,H4: loaded successfully
2	19:28:14.990	Custom indicator SupResZone_MTF XAUUSD.,H4: loaded successfully
2	19:28:15.004	Custom indicator MACD-2x XAUUSD.,H4: loaded successfully
2	19:28:15.086	Custom indicator Laguerre-ACS1 XAUUSD.,H4: loaded successfully
2	19:28:15.305	Custom indicator SupResZone_MTF XAGUSD.,H4: loaded successfully
2	19:28:15.316	Custom indicator SupResZone_MTF XAGUSD.,H4: loaded successfully
2	19:28:15.327	Custom indicator SupResZone_MTF XAGUSD.,H4: loaded successfully
2	19:28:15.339	Custom indicator SupResZone_MTF XAGUSD.,H4: loaded successfully
2	19:28:15.349	Custom indicator MACD-2x XAGUSD.,H4: loaded successfully
2	19:28:15.429	Custom indicator Laguerre-ACS1 XAGUSD.,H4: loaded successfully
2	19:28:15.614	Custom indicator SupResZone_MTF US_OIL,H1: loaded successfully
2	19:28:15.628	Custom indicator SupResZone_MTF US_OIL,H1: loaded successfully
2	19:28:15.641	Custom indicator SupResZone_MTF US_OIL,H1: loaded successfully
2	19:28:15.655	Custom indicator SupResZone_MTF US_OIL,H1: loaded successfully
2	19:28:15.667	Custom indicator MACD-2x US_OIL,H1: loaded successfully
2	19:28:15.755	Custom indicator Laguerre-ACS1 US_OIL,H1: loaded successfully
2	19:28:16.088	Custom indicator SupResZone_MTF JP225,H1: loaded successfully
2	19:28:16.104	Custom indicator SupResZone_MTF JP225,H1: loaded successfully
2	19:28:16.121	Custom indicator SupResZone_MTF JP225,H1: loaded successfully
2	19:28:16.137	Custom indicator SupResZone_MTF JP225,H1: loaded successfully
2	19:28:16.154	Custom indicator MACD-2x JP225,H1: loaded successfully
2	19:28:16.249	Custom indicator Laguerre-ACS1 JP225,H1: loaded successfully
2	19:28:16.627	Custom indicator SupResZone_MTF SPX500,H4: loaded successfully
2	19:28:16.640	Custom indicator SupResZone_MTF SPX500,H4: loaded successfully
2	19:28:16.654	Custom indicator SupResZone_MTF SPX500,H4: loaded successfully
2	19:28:16.667	Custom indicator SupResZone_MTF SPX500,H4: loaded successfully
2	19:28:16.681	Custom indicator MACD-2x SPX500,H4: loaded successfully
2	19:28:16.761	Custom indicator Laguerre-ACS1 SPX500,H4: loaded successfully
2	19:28:16.971	Custom indicator SupResZone_MTF EURAUD.,H1: loaded successfully
2	19:28:16.982	Custom indicator SupResZone_MTF EURAUD.,H1: loaded successfully
2	19:28:16.993	Custom indicator SupResZone_MTF EURAUD.,H1: loaded successfully
2	19:28:17.005	Custom indicator SupResZone_MTF EURAUD.,H1: loaded successfully
2	19:28:17.015	Custom indicator MACD-2x EURAUD.,H1: loaded successfully
2	19:28:17.093	Custom indicator Laguerre-ACS1 EURAUD.,H1: loaded successfully
2	19:28:17.298	Custom indicator SupResZone_MTF AUDJPY.,H4: loaded successfully
2	19:28:17.309	Custom indicator SupResZone_MTF AUDJPY.,H4: loaded successfully
2	19:28:17.320	Custom indicator SupResZone_MTF AUDJPY.,H4: loaded successfully
2	19:28:17.330	Custom indicator SupResZone_MTF AUDJPY.,H4: loaded successfully
2	19:28:17.340	Custom indicator MACD-2x AUDJPY.,H4: loaded successfully
2	19:28:17.411	Custom indicator Laguerre-ACS1 AUDJPY.,H4: loaded successfully
2	19:28:17.620	Custom indicator SupResZone_MTF AUDUSD.,H4: loaded successfully
2	19:28:17.633	Custom indicator SupResZone_MTF AUDUSD.,H4: loaded successfully
2	19:28:17.647	Custom indicator SupResZone_MTF AUDUSD.,H4: loaded successfully
2	19:28:17.659	Custom indicator SupResZone_MTF AUDUSD.,H4: loaded successfully
2	19:28:17.669	Custom indicator MACD-2x AUDUSD.,H4: loaded successfully
2	19:28:17.750	Custom indicator Laguerre-ACS1 AUDUSD.,H4: loaded successfully
2	19:28:17.938	Custom indicator SupResZone_MTF USDJPY.,H4: loaded successfully
2	19:28:17.949	Custom indicator SupResZone_MTF USDJPY.,H4: loaded successfully
2	19:28:17.959	Custom indicator SupResZone_MTF USDJPY.,H4: loaded successfully
2	19:28:17.970	Custom indicator SupResZone_MTF USDJPY.,H4: loaded successfully
2	19:28:17.981	Custom indicator MACD-2x USDJPY.,H4: loaded successfully
2	19:28:18.055	Custom indicator Laguerre-ACS1 USDJPY.,H4: loaded successfully
2	19:28:18.302	Custom indicator SupResZone_MTF EURJPY.,H4: loaded successfully
2	19:28:18.314	Custom indicator SupResZone_MTF EURJPY.,H4: loaded successfully
2	19:28:18.324	Custom indicator SupResZone_MTF EURJPY.,H4: loaded successfully
2	19:28:18.336	Custom indicator SupResZone_MTF EURJPY.,H4: loaded successfully
2	19:28:18.347	Custom indicator MACD-2x EURJPY.,H4: loaded successfully
2	19:28:18.424	Custom indicator Laguerre-ACS1 EURJPY.,H4: loaded successfully
2	19:28:18.650	Custom indicator SupResZone_MTF EURUSD.,H4: loaded successfully
2	19:28:18.661	Custom indicator SupResZone_MTF EURUSD.,H4: loaded successfully
2	19:28:18.673	Custom indicator SupResZone_MTF EURUSD.,H4: loaded successfully
2	19:28:18.684	Custom indicator SupResZone_MTF EURUSD.,H4: loaded successfully
2	19:28:18.696	Custom indicator MACD-2x EURUSD.,H4: loaded successfully
2	19:28:18.775	Custom indicator Laguerre-ACS1 EURUSD.,H4: loaded successfully
2	19:28:19.003	Custom indicator SupResZone_MTF GBPJPY.,H4: loaded successfully
2	19:28:19.016	Custom indicator SupResZone_MTF GBPJPY.,H4: loaded successfully
2	19:28:19.026	Custom indicator SupResZone_MTF GBPJPY.,H4: loaded successfully
2	19:28:19.038	Custom indicator SupResZone_MTF GBPJPY.,H4: loaded successfully
2	19:28:19.050	Custom indicator MACD-2x GBPJPY.,H4: loaded successfully
2	19:28:19.141	Custom indicator Laguerre-ACS1 GBPJPY.,H4: loaded successfully
2	19:28:19.349	Custom indicator SupResZone_MTF GBPUSD.,H4: loaded successfully
2	19:28:19.360	Custom indicator SupResZone_MTF GBPUSD.,H4: loaded successfully
2	19:28:19.372	Custom indicator SupResZone_MTF GBPUSD.,H4: loaded successfully
2	19:28:19.383	Custom indicator SupResZone_MTF GBPUSD.,H4: loaded successfully
2	19:28:19.394	Custom indicator MACD-2x GBPUSD.,H4: loaded successfully
2	19:28:19.467	Custom indicator Laguerre-ACS1 GBPUSD.,H4: loaded successfully
2	19:28:19.693	Custom indicator SupResZone_MTF USDCAD.,H4: loaded successfully
2	19:28:19.703	Custom indicator SupResZone_MTF USDCAD.,H4: loaded successfully
2	19:28:19.714	Custom indicator SupResZone_MTF USDCAD.,H4: loaded successfully
2	19:28:19.723	Custom indicator SupResZone_MTF USDCAD.,H4: loaded successfully
2	19:28:19.733	Custom indicator MACD-2x USDCAD.,H4: loaded successfully
2	19:28:19.803	Custom indicator Laguerre-ACS1 USDCAD.,H4: loaded successfully
2	19:28:20.010	Custom indicator SupResZone_MTF USDCHF.,H4: loaded successfully
2	19:28:20.023	Custom indicator SupResZone_MTF USDCHF.,H4: loaded successfully
2	19:28:20.033	Custom indicator SupResZone_MTF USDCHF.,H4: loaded successfully
2	19:28:20.044	Custom indicator SupResZone_MTF USDCHF.,H4: loaded successfully
2	19:28:20.054	Custom indicator MACD-2x USDCHF.,H4: loaded successfully
2	19:28:20.129	Custom indicator Laguerre-ACS1 USDCHF.,H4: loaded successfully
2	19:28:20.318	Custom indicator SupResZone_MTF USDCNH,Daily: loaded successfully
2	19:28:20.328	Custom indicator SupResZone_MTF USDCNH,Daily: loaded successfully
2	19:28:20.340	Custom indicator SupResZone_MTF USDCNH,Daily: loaded successfully
2	19:28:20.350	Custom indicator SupResZone_MTF USDCNH,Daily: loaded successfully
2	19:28:20.360	Custom indicator MACD-2x USDCNH,Daily: loaded successfully
2	19:28:20.431	Custom indicator Laguerre-ACS1 USDCNH,Daily: loaded successfully
2	19:28:20.597	Custom indicator GMMA Long USDJPY.,H4: loaded successfully
2	19:28:20.607	Custom indicator GMMA Short USDJPY.,H4: loaded successfully
2	19:28:20.616	Custom indicator 23MTF_MovingAverageIGOR USDJPY.,H4: loaded successfully
2	19:28:20.624	Custom indicator 23MTF_MovingAverageIGOR USDJPY.,H4: loaded successfully
2	19:28:20.635	Custom indicator SupResZone_MTF USDJPY.,H4: loaded successfully
2	19:28:20.645	Custom indicator SupResZone_MTF USDJPY.,H4: loaded successfully
2	19:28:20.655	Custom indicator MACD-2x USDJPY.,H4: loaded successfully
2	19:28:20.871	Custom indicator SupResZone_MTF CHINA300,Daily: loaded successfully
2	19:28:20.882	Custom indicator SupResZone_MTF CHINA300,Daily: loaded successfully
2	19:28:20.892	Custom indicator SupResZone_MTF CHINA300,Daily: loaded successfully
2	19:28:20.903	Custom indicator SupResZone_MTF CHINA300,Daily: loaded successfully
2	19:28:20.913	Custom indicator MACD-2x CHINA300,Daily: loaded successfully
2	19:28:20.983	Custom indicator Laguerre-ACS1 CHINA300,Daily: loaded successfully
0	19:28:23.183	'120010550': login on PRC-Live through Server 5 (ping: 97.07 ms)
0	19:28:24.411	'120010550': login datacenter on PRC-Live through Server 5 (ping: 97.07 ms)
0	19:28:24.816	'120010550': previous successful authorization performed from 223.104.176.138
0	19:28:42.064	'120010550': auto connecting to a better access point Server 3 (ping is 131.43 ms)
0	19:28:42.672	'120010550': login on PRC-Live through Server 3 (ping: 131.43 ms)
0	19:29:43.811	'120010550': login datacenter on PRC-Live
0	19:30:10.396	'120010550': login on PRC-Live through Server 7 (ping: 131.31 ms)
0	19:30:10.553	'120010550': ping to current access point Server 7 is 132.94 ms
0	19:30:12.560	'120010550': login datacenter on PRC-Live through Server 7 (ping: 132.94 ms)
0	19:30:12.997	'120010550': previous successful authorization performed from 42.101.65.200
1	19:30:32.690	'120010550': ping failed
1	19:30:32.692	'120010550': datacenter connecting failed [6]
0	19:30:33.333	'120010550': login on PRC-Live through Server 3 (ping: 139.41 ms)
0	19:30:34.632	'120010550': login datacenter on PRC-Live through Server 3 (ping: 139.41 ms)
0	19:30:35.134	'120010550': previous successful authorization performed from 42.101.65.200
1	19:31:41.540	'120010550': datacenter connecting failed [6]
0	19:31:42.163	'120010550': login on PRC-Live through Server 6 (ping: 121.55 ms)
0	19:32:12.835	'120010550': login on PRC-Live through Server 6 (ping: 121.55 ms)
0	19:33:13.831	'120010550': login datacenter on PRC-Live
0	19:33:19.899	'120010550': login on PRC-Live through Server 5 (ping: 211.59 ms)
0	19:33:21.332	'120010550': login datacenter on PRC-Live through Server 5 (ping: 211.59 ms)
0	19:33:21.738	'120010550': previous successful authorization performed from 42.101.65.200
0	19:33:34.259	'120010550': ping to current access point Server 5 is 209.26 ms
1	22:23:07.508	'120010550': ping failed
1	22:23:07.575	'120010550': ping failed
1	22:23:07.576	'120010550': datacenter connecting failed [6]
0	22:23:17.319	'120010550': login on PRC-Live through Server 3 (ping: 142.45 ms)
0	22:23:20.326	'120010550': login datacenter on PRC-Live through Server 3 (ping: 142.45 ms)
0	22:23:20.850	'120010550': previous successful authorization performed from 101.131.181.27
0	22:24:04.772	'120010550': ping to current access point Server 3 is 144.22 ms
0	22:28:03.044	'120010550': login datacenter on PRC-Live
0	22:28:03.913	'120010550': login on PRC-Live through Server 6 (ping: 134.99 ms)
0	22:28:19.451	'120010550': login datacenter on PRC-Live through Server 6 (ping: 134.99 ms)
0	22:28:19.978	'120010550': previous successful authorization performed from 42.101.65.200
1	22:28:39.597	'120010550': ping failed
0	22:28:39.802	'120010550': login datacenter on PRC-Live
0	22:28:40.645	'120010550': login on PRC-Live through Server 5 (ping: 209.28 ms)
0	22:28:43.601	'120010550': login datacenter on PRC-Live through Server 5 (ping: 209.28 ms)
0	22:28:43.974	'120010550': previous successful authorization performed from 42.101.65.200
0	22:41:14.194	'120010550': order sell market 0.02 AUDUSD. sl: 0.00000 tp: 0.00000
0	22:41:14.969	'120010550': order was opened : #11116236 sell 0.02 AUDUSD. at 0.69851 sl: 0.00000 tp: 0.00000
0	22:43:13.215	'120010550': modify order #11108072 sell 0.01 US_OIL at 55.03 sl: 0.00 tp: 0.00 -> sl: 57.76 tp: 0.00
0	22:43:13.844	'120010550': order #11108072 sell 0.01 US_OIL at 55.03 was modified -> sl: 57.76 tp: 0.00
0	22:43:28.602	'120010550': modify order #11108072 sell 0.01 US_OIL at 55.03 sl: 57.76 tp: 0.00 -> sl: 57.88 tp: 0.00
0	22:43:28.907	'120010550': order #11108072 sell 0.01 US_OIL at 55.03 was modified -> sl: 57.88 tp: 0.00
0	22:55:14.847	'120010550': login on PRC-Live through Server 5 (ping: 209.28 ms)
0	22:55:16.561	'120010550': login datacenter on PRC-Live through Server 5 (ping: 209.28 ms)
0	22:55:16.966	'120010550': previous successful authorization performed from 101.131.181.27
2	23:28:10.181	Custom indicator SupResZone_MTF USDXXX,Daily: removed
2	23:28:10.182	Custom indicator SupResZone_MTF USDXXX,Daily: removed
2	23:28:10.185	Custom indicator SupResZone_MTF USDXXX,Daily: removed
2	23:28:10.188	Custom indicator SupResZone_MTF USDXXX,Daily: removed
2	23:28:10.189	Custom indicator MACD-2x USDXXX,Daily: removed
2	23:28:10.189	Custom indicator Laguerre-ACS1 USDXXX,Daily: removed
2	23:28:10.196	Custom indicator SupResZone_MTF XAUUSD.,H4: removed
2	23:28:10.197	Custom indicator SupResZone_MTF XAUUSD.,H4: removed
2	23:28:10.199	Custom indicator SupResZone_MTF XAUUSD.,H4: removed
2	23:28:10.202	Custom indicator SupResZone_MTF XAUUSD.,H4: removed
2	23:28:10.205	Custom indicator MACD-2x XAUUSD.,H4: removed
2	23:28:10.205	Custom indicator Laguerre-ACS1 XAUUSD.,H4: removed
2	23:28:10.212	Custom indicator SupResZone_MTF XAGUSD.,H4: removed
2	23:28:10.214	Custom indicator SupResZone_MTF XAGUSD.,H4: removed
2	23:28:10.216	Custom indicator SupResZone_MTF XAGUSD.,H4: removed
2	23:28:10.218	Custom indicator SupResZone_MTF XAGUSD.,H4: removed
2	23:28:10.221	Custom indicator MACD-2x XAGUSD.,H4: removed
2	23:28:10.221	Custom indicator Laguerre-ACS1 XAGUSD.,H4: removed
2	23:28:10.229	Custom indicator SupResZone_MTF US_OIL,H1: removed
2	23:28:10.231	Custom indicator SupResZone_MTF US_OIL,H1: removed
2	23:28:10.234	Custom indicator SupResZone_MTF US_OIL,H1: removed
2	23:28:10.237	Custom indicator SupResZone_MTF US_OIL,H1: removed
2	23:28:10.239	Custom indicator MACD-2x US_OIL,H1: removed
2	23:28:10.239	Custom indicator Laguerre-ACS1 US_OIL,H1: removed
2	23:28:10.253	Custom indicator SupResZone_MTF JP225,H4: removed
2	23:28:10.255	Custom indicator SupResZone_MTF JP225,H4: removed
2	23:28:10.257	Custom indicator SupResZone_MTF JP225,H4: removed
2	23:28:10.258	Custom indicator SupResZone_MTF JP225,H4: removed
2	23:28:10.261	Custom indicator MACD-2x JP225,H4: removed
2	23:28:10.261	Custom indicator Laguerre-ACS1 JP225,H4: removed
2	23:28:10.284	Custom indicator SupResZone_MTF SPX500,H4: removed
2	23:28:10.287	Custom indicator SupResZone_MTF SPX500,H4: removed
2	23:28:10.288	Custom indicator SupResZone_MTF SPX500,H4: removed
2	23:28:10.290	Custom indicator SupResZone_MTF SPX500,H4: removed
2	23:28:10.292	Custom indicator MACD-2x SPX500,H4: removed
2	23:28:10.292	Custom indicator Laguerre-ACS1 SPX500,H4: removed
2	23:28:10.298	Custom indicator SupResZone_MTF EURAUD.,H4: removed
2	23:28:10.300	Custom indicator SupResZone_MTF EURAUD.,H4: removed
2	23:28:10.301	Custom indicator SupResZone_MTF EURAUD.,H4: removed
2	23:28:10.304	Custom indicator SupResZone_MTF EURAUD.,H4: removed
2	23:28:10.306	Custom indicator MACD-2x EURAUD.,H4: removed
2	23:28:10.306	Custom indicator Laguerre-ACS1 EURAUD.,H4: removed
2	23:28:10.311	Custom indicator SupResZone_MTF AUDJPY.,H4: removed
2	23:28:10.312	Custom indicator SupResZone_MTF AUDJPY.,H4: removed
2	23:28:10.314	Custom indicator SupResZone_MTF AUDJPY.,H4: removed
2	23:28:10.315	Custom indicator SupResZone_MTF AUDJPY.,H4: removed
2	23:28:10.317	Custom indicator MACD-2x AUDJPY.,H4: removed
2	23:28:10.318	Custom indicator Laguerre-ACS1 AUDJPY.,H4: removed
2	23:28:10.338	Custom indicator SupResZone_MTF AUDUSD.,H4: removed
2	23:28:10.340	Custom indicator SupResZone_MTF AUDUSD.,H4: removed
2	23:28:10.341	Custom indicator SupResZone_MTF AUDUSD.,H4: removed
2	23:28:10.343	Custom indicator SupResZone_MTF AUDUSD.,H4: removed
2	23:28:10.344	Custom indicator MACD-2x AUDUSD.,H4: removed
2	23:28:10.344	Custom indicator Laguerre-ACS1 AUDUSD.,H4: removed
2	23:28:10.351	Custom indicator SupResZone_MTF USDJPY.,H4: removed
2	23:28:10.353	Custom indicator SupResZone_MTF USDJPY.,H4: removed
2	23:28:10.354	Custom indicator SupResZone_MTF USDJPY.,H4: removed
2	23:28:10.356	Custom indicator SupResZone_MTF USDJPY.,H4: removed
2	23:28:10.357	Custom indicator MACD-2x USDJPY.,H4: removed
2	23:28:10.357	Custom indicator Laguerre-ACS1 USDJPY.,H4: removed
2	23:28:10.378	Custom indicator SupResZone_MTF EURJPY.,H4: removed
2	23:28:10.380	Custom indicator SupResZone_MTF EURJPY.,H4: removed
2	23:28:10.381	Custom indicator SupResZone_MTF EURJPY.,H4: removed
2	23:28:10.383	Custom indicator SupResZone_MTF EURJPY.,H4: removed
2	23:28:10.385	Custom indicator MACD-2x EURJPY.,H4: removed
2	23:28:10.385	Custom indicator Laguerre-ACS1 EURJPY.,H4: removed
2	23:28:10.407	Custom indicator SupResZone_MTF EURUSD.,H4: removed
2	23:28:10.408	Custom indicator SupResZone_MTF EURUSD.,H4: removed
2	23:28:10.410	Custom indicator SupResZone_MTF EURUSD.,H4: removed
2	23:28:10.413	Custom indicator SupResZone_MTF EURUSD.,H4: removed
2	23:28:10.415	Custom indicator MACD-2x EURUSD.,H4: removed
2	23:28:10.416	Custom indicator Laguerre-ACS1 EURUSD.,H4: removed
2	23:28:10.423	Custom indicator SupResZone_MTF GBPJPY.,H4: removed
2	23:28:10.424	Custom indicator SupResZone_MTF GBPJPY.,H4: removed
2	23:28:10.426	Custom indicator SupResZone_MTF GBPJPY.,H4: removed
2	23:28:10.428	Custom indicator SupResZone_MTF GBPJPY.,H4: removed
2	23:28:10.430	Custom indicator MACD-2x GBPJPY.,H4: removed
2	23:28:10.430	Custom indicator Laguerre-ACS1 GBPJPY.,H4: removed
2	23:28:10.451	Custom indicator SupResZone_MTF GBPUSD.,H4: removed
2	23:28:10.453	Custom indicator SupResZone_MTF GBPUSD.,H4: removed
2	23:28:10.454	Custom indicator SupResZone_MTF GBPUSD.,H4: removed
2	23:28:10.456	Custom indicator SupResZone_MTF GBPUSD.,H4: removed
2	23:28:10.458	Custom indicator MACD-2x GBPUSD.,H4: removed
2	23:28:10.459	Custom indicator Laguerre-ACS1 GBPUSD.,H4: removed
2	23:28:10.483	Custom indicator SupResZone_MTF USDCAD.,H4: removed
2	23:28:10.484	Custom indicator SupResZone_MTF USDCAD.,H4: removed
2	23:28:10.486	Custom indicator SupResZone_MTF USDCAD.,H4: removed
2	23:28:10.488	Custom indicator SupResZone_MTF USDCAD.,H4: removed
2	23:28:10.490	Custom indicator MACD-2x USDCAD.,H4: removed
2	23:28:10.490	Custom indicator Laguerre-ACS1 USDCAD.,H4: removed
2	23:28:10.512	Custom indicator SupResZone_MTF USDCHF.,H4: removed
2	23:28:10.513	Custom indicator SupResZone_MTF USDCHF.,H4: removed
2	23:28:10.515	Custom indicator SupResZone_MTF USDCHF.,H4: removed
2	23:28:10.517	Custom indicator SupResZone_MTF USDCHF.,H4: removed
2	23:28:10.519	Custom indicator MACD-2x USDCHF.,H4: removed
2	23:28:10.519	Custom indicator Laguerre-ACS1 USDCHF.,H4: removed
2	23:28:10.525	Custom indicator SupResZone_MTF USDCNH,Daily: removed
2	23:28:10.527	Custom indicator SupResZone_MTF USDCNH,Daily: removed
2	23:28:10.529	Custom indicator SupResZone_MTF USDCNH,Daily: removed
2	23:28:10.530	Custom indicator SupResZone_MTF USDCNH,Daily: removed
2	23:28:10.532	Custom indicator MACD-2x USDCNH,Daily: removed
2	23:28:10.532	Custom indicator Laguerre-ACS1 USDCNH,Daily: removed
2	23:28:10.548	Custom indicator GMMA Long USDJPY.,H4: removed
2	23:28:10.549	Custom indicator GMMA Short USDJPY.,H4: removed
2	23:28:10.551	Custom indicator 23MTF_MovingAverageIGOR USDJPY.,H4: removed
2	23:28:10.553	Custom indicator 23MTF_MovingAverageIGOR USDJPY.,H4: removed
2	23:28:10.554	Custom indicator SupResZone_MTF USDJPY.,H4: removed
2	23:28:10.556	Custom indicator SupResZone_MTF USDJPY.,H4: removed
2	23:28:10.558	Custom indicator MACD-2x USDJPY.,H4: removed
2	23:28:10.570	Custom indicator SupResZone_MTF CHINA300,Daily: removed
2	23:28:10.572	Custom indicator SupResZone_MTF CHINA300,Daily: removed
2	23:28:10.573	Custom indicator SupResZone_MTF CHINA300,Daily: removed
2	23:28:10.574	Custom indicator SupResZone_MTF CHINA300,Daily: removed
2	23:28:10.576	Custom indicator MACD-2x CHINA300,Daily: removed
2	23:28:10.576	Custom indicator Laguerre-ACS1 CHINA300,Daily: removed
0	23:28:11.041	FX Trader build 1170 stopped
