0	00:25:54.516	'120010550': modify order #11002639 sell 0.01 AUDUSD. at 0.69297 sl: 0.00000 tp: 0.00000 -> sl: 0.69583 tp: 0.00000
0	00:25:55.010	'120010550': order #11002639 sell 0.01 AUDUSD. at 0.69297 was modified -> sl: 0.69583 tp: 0.00000
0	00:26:01.117	'120010550': modify order #11002639 sell 0.01 AUDUSD. at 0.69297 sl: 0.69583 tp: 0.00000 -> sl: 0.69014 tp: 0.00000
0	00:26:01.977	'120010550': order #11002639 sell 0.01 AUDUSD. at 0.69297 was modified -> sl: 0.69014 tp: 0.00000
0	00:26:45.568	'120010550': modify order #11006163 sell 0.01 AUDUSD. at 0.68938 sl: 0.00000 tp: 0.00000 -> sl: 0.68978 tp: 0.00000
0	00:26:45.885	'120010550': order #11006163 sell 0.01 AUDUSD. at 0.68938 was modified -> sl: 0.68978 tp: 0.00000
0	00:26:49.932	'120010550': modify order #11006163 sell 0.01 AUDUSD. at 0.68938 sl: 0.68978 tp: 0.00000 -> sl: 0.68896 tp: 0.00000
0	00:26:50.510	'120010550': order #11006163 sell 0.01 AUDUSD. at 0.68938 was modified -> sl: 0.68896 tp: 0.00000
2	00:27:09.246	Custom indicator SupResZone_MTF USDXXX,H4: removed
2	00:27:09.249	Custom indicator SupResZone_MTF USDXXX,H4: removed
2	00:27:09.253	Custom indicator SupResZone_MTF USDXXX,H4: removed
2	00:27:09.257	Custom indicator SupResZone_MTF USDXXX,H4: removed
2	00:27:09.259	Custom indicator MACD-2x USDXXX,H4: removed
2	00:27:09.259	Custom indicator Laguerre-ACS1 USDXXX,H4: removed
2	00:27:09.267	Custom indicator SupResZone_MTF XAUUSD.,H4: removed
2	00:27:09.269	Custom indicator SupResZone_MTF XAUUSD.,H4: removed
2	00:27:09.272	Custom indicator SupResZone_MTF XAUUSD.,H4: removed
2	00:27:09.275	Custom indicator SupResZone_MTF XAUUSD.,H4: removed
2	00:27:09.277	Custom indicator MACD-2x XAUUSD.,H4: removed
2	00:27:09.277	Custom indicator Laguerre-ACS1 XAUUSD.,H4: removed
2	00:27:09.285	Custom indicator SupResZone_MTF XAGUSD.,H4: removed
2	00:27:09.286	Custom indicator SupResZone_MTF XAGUSD.,H4: removed
2	00:27:09.289	Custom indicator SupResZone_MTF XAGUSD.,H4: removed
2	00:27:09.291	Custom indicator SupResZone_MTF XAGUSD.,H4: removed
2	00:27:09.292	Custom indicator MACD-2x XAGUSD.,H4: removed
2	00:27:09.293	Custom indicator Laguerre-ACS1 XAGUSD.,H4: removed
2	00:27:09.300	Custom indicator SupResZone_MTF US_OIL,H4: removed
2	00:27:09.302	Custom indicator SupResZone_MTF US_OIL,H4: removed
2	00:27:09.304	Custom indicator SupResZone_MTF US_OIL,H4: removed
2	00:27:09.306	Custom indicator SupResZone_MTF US_OIL,H4: removed
2	00:27:09.307	Custom indicator MACD-2x US_OIL,H4: removed
2	00:27:09.307	Custom indicator Laguerre-ACS1 US_OIL,H4: removed
2	00:27:09.315	Custom indicator SupResZone_MTF JP225,H4: removed
2	00:27:09.317	Custom indicator SupResZone_MTF JP225,H4: removed
2	00:27:09.318	Custom indicator SupResZone_MTF JP225,H4: removed
2	00:27:09.320	Custom indicator SupResZone_MTF JP225,H4: removed
2	00:27:09.322	Custom indicator MACD-2x JP225,H4: removed
2	00:27:09.323	Custom indicator Laguerre-ACS1 JP225,H4: removed
2	00:27:09.331	Custom indicator SupResZone_MTF SPX500,H4: removed
2	00:27:09.333	Custom indicator SupResZone_MTF SPX500,H4: removed
2	00:27:09.334	Custom indicator SupResZone_MTF SPX500,H4: removed
2	00:27:09.336	Custom indicator SupResZone_MTF SPX500,H4: removed
2	00:27:09.339	Custom indicator MACD-2x SPX500,H4: removed
2	00:27:09.339	Custom indicator Laguerre-ACS1 SPX500,H4: removed
2	00:27:09.356	Custom indicator SupResZone_MTF EURAUD.,H4: removed
2	00:27:09.357	Custom indicator SupResZone_MTF EURAUD.,H4: removed
2	00:27:09.359	Custom indicator SupResZone_MTF EURAUD.,H4: removed
2	00:27:09.360	Custom indicator SupResZone_MTF EURAUD.,H4: removed
2	00:27:09.362	Custom indicator MACD-2x EURAUD.,H4: removed
2	00:27:09.362	Custom indicator Laguerre-ACS1 EURAUD.,H4: removed
2	00:27:09.379	Custom indicator SupResZone_MTF AUDJPY.,H4: removed
2	00:27:09.380	Custom indicator SupResZone_MTF AUDJPY.,H4: removed
2	00:27:09.382	Custom indicator SupResZone_MTF AUDJPY.,H4: removed
2	00:27:09.383	Custom indicator SupResZone_MTF AUDJPY.,H4: removed
2	00:27:09.385	Custom indicator MACD-2x AUDJPY.,H4: removed
2	00:27:09.385	Custom indicator Laguerre-ACS1 AUDJPY.,H4: removed
2	00:27:09.408	Custom indicator SupResZone_MTF AUDUSD.,H4: removed
2	00:27:09.411	Custom indicator SupResZone_MTF AUDUSD.,H4: removed
2	00:27:09.412	Custom indicator SupResZone_MTF AUDUSD.,H4: removed
2	00:27:09.414	Custom indicator SupResZone_MTF AUDUSD.,H4: removed
2	00:27:09.416	Custom indicator MACD-2x AUDUSD.,H4: removed
2	00:27:09.416	Custom indicator Laguerre-ACS1 AUDUSD.,H4: removed
2	00:27:09.438	Custom indicator SupResZone_MTF USDJPY.,H4: removed
2	00:27:09.440	Custom indicator SupResZone_MTF USDJPY.,H4: removed
2	00:27:09.442	Custom indicator SupResZone_MTF USDJPY.,H4: removed
2	00:27:09.444	Custom indicator SupResZone_MTF USDJPY.,H4: removed
2	00:27:09.446	Custom indicator MACD-2x USDJPY.,H4: removed
2	00:27:09.446	Custom indicator Laguerre-ACS1 USDJPY.,H4: removed
2	00:27:09.453	Custom indicator SupResZone_MTF EURJPY.,H4: removed
2	00:27:09.454	Custom indicator SupResZone_MTF EURJPY.,H4: removed
2	00:27:09.457	Custom indicator SupResZone_MTF EURJPY.,H4: removed
2	00:27:09.458	Custom indicator SupResZone_MTF EURJPY.,H4: removed
2	00:27:09.460	Custom indicator MACD-2x EURJPY.,H4: removed
2	00:27:09.460	Custom indicator Laguerre-ACS1 EURJPY.,H4: removed
2	00:27:09.484	Custom indicator SupResZone_MTF EURUSD.,H4: removed
2	00:27:09.485	Custom indicator SupResZone_MTF EURUSD.,H4: removed
2	00:27:09.488	Custom indicator SupResZone_MTF EURUSD.,H4: removed
2	00:27:09.489	Custom indicator SupResZone_MTF EURUSD.,H4: removed
2	00:27:09.491	Custom indicator MACD-2x EURUSD.,H4: removed
2	00:27:09.491	Custom indicator Laguerre-ACS1 EURUSD.,H4: removed
2	00:27:09.499	Custom indicator SupResZone_MTF GBPJPY.,H4: removed
2	00:27:09.501	Custom indicator SupResZone_MTF GBPJPY.,H4: removed
2	00:27:09.502	Custom indicator SupResZone_MTF GBPJPY.,H4: removed
2	00:27:09.504	Custom indicator SupResZone_MTF GBPJPY.,H4: removed
2	00:27:09.506	Custom indicator MACD-2x GBPJPY.,H4: removed
2	00:27:09.506	Custom indicator Laguerre-ACS1 GBPJPY.,H4: removed
2	00:27:09.528	Custom indicator SupResZone_MTF GBPUSD.,H4: removed
2	00:27:09.530	Custom indicator SupResZone_MTF GBPUSD.,H4: removed
2	00:27:09.532	Custom indicator SupResZone_MTF GBPUSD.,H4: removed
2	00:27:09.534	Custom indicator SupResZone_MTF GBPUSD.,H4: removed
2	00:27:09.535	Custom indicator MACD-2x GBPUSD.,H4: removed
2	00:27:09.535	Custom indicator Laguerre-ACS1 GBPUSD.,H4: removed
2	00:27:09.561	Custom indicator SupResZone_MTF USDCAD.,H4: removed
2	00:27:09.563	Custom indicator SupResZone_MTF USDCAD.,H4: removed
2	00:27:09.564	Custom indicator SupResZone_MTF USDCAD.,H4: removed
2	00:27:09.565	Custom indicator SupResZone_MTF USDCAD.,H4: removed
2	00:27:09.567	Custom indicator MACD-2x USDCAD.,H4: removed
2	00:27:09.567	Custom indicator Laguerre-ACS1 USDCAD.,H4: removed
2	00:27:09.589	Custom indicator SupResZone_MTF USDCHF.,H4: removed
2	00:27:09.591	Custom indicator SupResZone_MTF USDCHF.,H4: removed
2	00:27:09.595	Custom indicator SupResZone_MTF USDCHF.,H4: removed
2	00:27:09.597	Custom indicator SupResZone_MTF USDCHF.,H4: removed
2	00:27:09.598	Custom indicator MACD-2x USDCHF.,H4: removed
2	00:27:09.598	Custom indicator Laguerre-ACS1 USDCHF.,H4: removed
2	00:27:09.617	Custom indicator MACD-2x USDCNH,Daily: removed
2	00:27:09.618	Custom indicator MACD-2x USDCNH,Daily: removed
2	00:27:09.618	Custom indicator Laguerre-ACS1 USDCNH,Daily: removed
2	00:27:09.624	Custom indicator GMMA Long USDJPY.,H1: removed
2	00:27:09.625	Custom indicator GMMA Short USDJPY.,H1: removed
2	00:27:09.627	Custom indicator 23MTF_MovingAverageIGOR USDJPY.,H1: removed
2	00:27:09.629	Custom indicator 23MTF_MovingAverageIGOR USDJPY.,H1: removed
2	00:27:09.630	Custom indicator SupResZone_MTF USDJPY.,H1: removed
2	00:27:09.632	Custom indicator SupResZone_MTF USDJPY.,H1: removed
2	00:27:09.634	Custom indicator MACD-2x USDJPY.,H1: removed
2	00:27:09.642	Custom indicator SupResZone_MTF CHINA300,Daily: removed
2	00:27:09.644	Custom indicator SupResZone_MTF CHINA300,Daily: removed
2	00:27:09.646	Custom indicator SupResZone_MTF CHINA300,Daily: removed
2	00:27:09.647	Custom indicator SupResZone_MTF CHINA300,Daily: removed
2	00:27:09.649	Custom indicator MACD-2x CHINA300,Daily: removed
2	00:27:09.649	Custom indicator Laguerre-ACS1 CHINA300,Daily: removed
0	00:27:10.120	FX Trader build 1170 stopped
0	15:50:10.605	FX Trader build 1170 started (Performance Ronnaru Capital Ltd.)
0	15:50:10.606	Windows 10 Home x64, IE 11, UAC, 8 x Intel Core i7-6700HQ  @ 2.60GHz, Memory: 22564 / 32639 Mb, Disk: 141 / 264 Gb, GMT+8
0	15:50:10.606	Data Folder: C:\Users\tiany\AppData\Roaming\MetaQuotes\Terminal\79214103E7A6FC97F86082D309D0B84B
2	15:50:13.953	Custom indicator SupResZone_MTF USDXXX,H4: loaded successfully
2	15:50:13.965	Custom indicator SupResZone_MTF USDXXX,H4: loaded successfully
2	15:50:13.978	Custom indicator SupResZone_MTF USDXXX,H4: loaded successfully
2	15:50:13.988	Custom indicator SupResZone_MTF USDXXX,H4: loaded successfully
2	15:50:13.998	Custom indicator MACD-2x USDXXX,H4: loaded successfully
2	15:50:14.079	Custom indicator Laguerre-ACS1 USDXXX,H4: loaded successfully
2	15:50:14.305	Custom indicator SupResZone_MTF XAUUSD.,H4: loaded successfully
2	15:50:14.318	Custom indicator SupResZone_MTF XAUUSD.,H4: loaded successfully
2	15:50:14.328	Custom indicator SupResZone_MTF XAUUSD.,H4: loaded successfully
2	15:50:14.340	Custom indicator SupResZone_MTF XAUUSD.,H4: loaded successfully
2	15:50:14.350	Custom indicator MACD-2x XAUUSD.,H4: loaded successfully
2	15:50:14.421	Custom indicator Laguerre-ACS1 XAUUSD.,H4: loaded successfully
2	15:50:14.644	Custom indicator SupResZone_MTF XAGUSD.,H4: loaded successfully
2	15:50:14.656	Custom indicator SupResZone_MTF XAGUSD.,H4: loaded successfully
2	15:50:14.667	Custom indicator SupResZone_MTF XAGUSD.,H4: loaded successfully
2	15:50:14.677	Custom indicator SupResZone_MTF XAGUSD.,H4: loaded successfully
2	15:50:14.687	Custom indicator MACD-2x XAGUSD.,H4: loaded successfully
2	15:50:14.762	Custom indicator Laguerre-ACS1 XAGUSD.,H4: loaded successfully
2	15:50:15.128	Custom indicator SupResZone_MTF US_OIL,H4: loaded successfully
2	15:50:15.138	Custom indicator SupResZone_MTF US_OIL,H4: loaded successfully
2	15:50:15.148	Custom indicator SupResZone_MTF US_OIL,H4: loaded successfully
2	15:50:15.158	Custom indicator SupResZone_MTF US_OIL,H4: loaded successfully
2	15:50:15.169	Custom indicator MACD-2x US_OIL,H4: loaded successfully
2	15:50:15.242	Custom indicator Laguerre-ACS1 US_OIL,H4: loaded successfully
2	15:50:15.468	Custom indicator SupResZone_MTF JP225,H4: loaded successfully
2	15:50:15.479	Custom indicator SupResZone_MTF JP225,H4: loaded successfully
2	15:50:15.489	Custom indicator SupResZone_MTF JP225,H4: loaded successfully
2	15:50:15.499	Custom indicator SupResZone_MTF JP225,H4: loaded successfully
2	15:50:15.510	Custom indicator MACD-2x JP225,H4: loaded successfully
2	15:50:15.586	Custom indicator Laguerre-ACS1 JP225,H4: loaded successfully
2	15:50:15.803	Custom indicator SupResZone_MTF SPX500,H4: loaded successfully
2	15:50:15.814	Custom indicator SupResZone_MTF SPX500,H4: loaded successfully
2	15:50:15.825	Custom indicator SupResZone_MTF SPX500,H4: loaded successfully
2	15:50:15.835	Custom indicator SupResZone_MTF SPX500,H4: loaded successfully
2	15:50:15.844	Custom indicator MACD-2x SPX500,H4: loaded successfully
2	15:50:15.917	Custom indicator Laguerre-ACS1 SPX500,H4: loaded successfully
2	15:50:16.213	Custom indicator SupResZone_MTF EURAUD.,H4: loaded successfully
2	15:50:16.225	Custom indicator SupResZone_MTF EURAUD.,H4: loaded successfully
2	15:50:16.237	Custom indicator SupResZone_MTF EURAUD.,H4: loaded successfully
2	15:50:16.248	Custom indicator SupResZone_MTF EURAUD.,H4: loaded successfully
2	15:50:16.261	Custom indicator MACD-2x EURAUD.,H4: loaded successfully
2	15:50:16.332	Custom indicator Laguerre-ACS1 EURAUD.,H4: loaded successfully
2	15:50:16.610	Custom indicator SupResZone_MTF AUDJPY.,H4: loaded successfully
2	15:50:16.622	Custom indicator SupResZone_MTF AUDJPY.,H4: loaded successfully
2	15:50:16.633	Custom indicator SupResZone_MTF AUDJPY.,H4: loaded successfully
2	15:50:16.643	Custom indicator SupResZone_MTF AUDJPY.,H4: loaded successfully
2	15:50:16.653	Custom indicator MACD-2x AUDJPY.,H4: loaded successfully
2	15:50:16.728	Custom indicator Laguerre-ACS1 AUDJPY.,H4: loaded successfully
2	15:50:16.999	Custom indicator SupResZone_MTF AUDUSD.,H4: loaded successfully
2	15:50:17.012	Custom indicator SupResZone_MTF AUDUSD.,H4: loaded successfully
2	15:50:17.022	Custom indicator SupResZone_MTF AUDUSD.,H4: loaded successfully
2	15:50:17.032	Custom indicator SupResZone_MTF AUDUSD.,H4: loaded successfully
2	15:50:17.043	Custom indicator MACD-2x AUDUSD.,H4: loaded successfully
2	15:50:17.119	Custom indicator Laguerre-ACS1 AUDUSD.,H4: loaded successfully
2	15:50:17.339	Custom indicator SupResZone_MTF USDJPY.,H4: loaded successfully
2	15:50:17.351	Custom indicator SupResZone_MTF USDJPY.,H4: loaded successfully
2	15:50:17.362	Custom indicator SupResZone_MTF USDJPY.,H4: loaded successfully
2	15:50:17.372	Custom indicator SupResZone_MTF USDJPY.,H4: loaded successfully
2	15:50:17.384	Custom indicator MACD-2x USDJPY.,H4: loaded successfully
2	15:50:17.455	Custom indicator Laguerre-ACS1 USDJPY.,H4: loaded successfully
2	15:50:17.738	Custom indicator SupResZone_MTF EURJPY.,H4: loaded successfully
2	15:50:17.748	Custom indicator SupResZone_MTF EURJPY.,H4: loaded successfully
2	15:50:17.759	Custom indicator SupResZone_MTF EURJPY.,H4: loaded successfully
2	15:50:17.770	Custom indicator SupResZone_MTF EURJPY.,H4: loaded successfully
2	15:50:17.781	Custom indicator MACD-2x EURJPY.,H4: loaded successfully
2	15:50:17.854	Custom indicator Laguerre-ACS1 EURJPY.,H4: loaded successfully
2	15:50:18.203	Custom indicator SupResZone_MTF EURUSD.,H4: loaded successfully
2	15:50:18.214	Custom indicator SupResZone_MTF EURUSD.,H4: loaded successfully
2	15:50:18.225	Custom indicator SupResZone_MTF EURUSD.,H4: loaded successfully
2	15:50:18.235	Custom indicator SupResZone_MTF EURUSD.,H4: loaded successfully
2	15:50:18.245	Custom indicator MACD-2x EURUSD.,H4: loaded successfully
2	15:50:18.315	Custom indicator Laguerre-ACS1 EURUSD.,H4: loaded successfully
2	15:50:18.594	Custom indicator SupResZone_MTF GBPJPY.,H4: loaded successfully
2	15:50:18.615	Custom indicator SupResZone_MTF GBPJPY.,H4: loaded successfully
2	15:50:18.636	Custom indicator SupResZone_MTF GBPJPY.,H4: loaded successfully
2	15:50:18.658	Custom indicator SupResZone_MTF GBPJPY.,H4: loaded successfully
2	15:50:18.676	Custom indicator MACD-2x GBPJPY.,H4: loaded successfully
2	15:50:18.746	Custom indicator Laguerre-ACS1 GBPJPY.,H4: loaded successfully
2	15:50:19.079	Custom indicator SupResZone_MTF GBPUSD.,H4: loaded successfully
2	15:50:19.089	Custom indicator SupResZone_MTF GBPUSD.,H4: loaded successfully
2	15:50:19.098	Custom indicator SupResZone_MTF GBPUSD.,H4: loaded successfully
2	15:50:19.109	Custom indicator SupResZone_MTF GBPUSD.,H4: loaded successfully
2	15:50:19.121	Custom indicator MACD-2x GBPUSD.,H4: loaded successfully
2	15:50:19.196	Custom indicator Laguerre-ACS1 GBPUSD.,H4: loaded successfully
2	15:50:19.468	Custom indicator SupResZone_MTF USDCAD.,H4: loaded successfully
2	15:50:19.485	Custom indicator SupResZone_MTF USDCAD.,H4: loaded successfully
2	15:50:19.496	Custom indicator SupResZone_MTF USDCAD.,H4: loaded successfully
2	15:50:19.507	Custom indicator SupResZone_MTF USDCAD.,H4: loaded successfully
2	15:50:19.518	Custom indicator MACD-2x USDCAD.,H4: loaded successfully
2	15:50:19.589	Custom indicator Laguerre-ACS1 USDCAD.,H4: loaded successfully
2	15:50:19.883	Custom indicator SupResZone_MTF USDCHF.,H4: loaded successfully
2	15:50:19.894	Custom indicator SupResZone_MTF USDCHF.,H4: loaded successfully
2	15:50:19.905	Custom indicator SupResZone_MTF USDCHF.,H4: loaded successfully
2	15:50:19.916	Custom indicator SupResZone_MTF USDCHF.,H4: loaded successfully
2	15:50:19.927	Custom indicator MACD-2x USDCHF.,H4: loaded successfully
2	15:50:20.002	Custom indicator Laguerre-ACS1 USDCHF.,H4: loaded successfully
2	15:50:20.333	Custom indicator MACD-2x USDCNH,Daily: loaded successfully
2	15:50:20.344	Custom indicator MACD-2x USDCNH,Daily: loaded successfully
2	15:50:20.433	Custom indicator Laguerre-ACS1 USDCNH,Daily: loaded successfully
2	15:50:20.635	Custom indicator GMMA Long USDJPY.,H1: loaded successfully
2	15:50:20.657	Custom indicator GMMA Short USDJPY.,H1: loaded successfully
2	15:50:20.668	Custom indicator 23MTF_MovingAverageIGOR USDJPY.,H1: loaded successfully
2	15:50:20.679	Custom indicator 23MTF_MovingAverageIGOR USDJPY.,H1: loaded successfully
2	15:50:20.689	Custom indicator SupResZone_MTF USDJPY.,H1: loaded successfully
2	15:50:20.704	Custom indicator SupResZone_MTF USDJPY.,H1: loaded successfully
2	15:50:20.714	Custom indicator MACD-2x USDJPY.,H1: loaded successfully
2	15:50:21.016	Custom indicator SupResZone_MTF CHINA300,Daily: loaded successfully
2	15:50:21.028	Custom indicator SupResZone_MTF CHINA300,Daily: loaded successfully
2	15:50:21.039	Custom indicator SupResZone_MTF CHINA300,Daily: loaded successfully
2	15:50:21.051	Custom indicator SupResZone_MTF CHINA300,Daily: loaded successfully
2	15:50:21.062	Custom indicator MACD-2x CHINA300,Daily: loaded successfully
2	15:50:21.142	Custom indicator Laguerre-ACS1 CHINA300,Daily: loaded successfully
0	15:50:24.859	'120010550': login on PRC-Live through Server 5 (ping: 97.88 ms)
0	15:50:27.861	'120010550': login datacenter on PRC-Live through Server 5 (ping: 97.88 ms)
0	15:50:28.316	'120010550': previous successful authorization performed from 101.131.181.200
0	15:50:57.729	'120010550': ping to current access point Server 5 is 116.04 ms
2	15:51:44.562	Custom indicator SupResZone_MTF XAGUSD.,H4: removed
2	15:51:44.565	Custom indicator SupResZone_MTF XAGUSD.,H4: removed
2	15:51:44.567	Custom indicator SupResZone_MTF XAGUSD.,H4: removed
2	15:51:44.569	Custom indicator SupResZone_MTF XAGUSD.,H4: removed
2	15:51:44.571	Custom indicator MACD-2x XAGUSD.,H4: removed
2	15:51:44.571	Custom indicator Laguerre-ACS1 XAGUSD.,H4: removed
2	15:51:44.582	Custom indicator SupResZone_MTF XAGUSD.,H4: loaded successfully
2	15:51:44.592	Custom indicator SupResZone_MTF XAGUSD.,H4: loaded successfully
2	15:51:44.603	Custom indicator SupResZone_MTF XAGUSD.,H4: loaded successfully
2	15:51:44.613	Custom indicator SupResZone_MTF XAGUSD.,H4: loaded successfully
2	15:51:44.624	Custom indicator MACD-2x XAGUSD.,H4: loaded successfully
2	15:51:44.703	Custom indicator Laguerre-ACS1 XAGUSD.,H4: loaded successfully
2	15:51:50.484	Custom indicator SupResZone_MTF US_OIL,H4: removed
2	15:51:50.485	Custom indicator SupResZone_MTF US_OIL,H4: removed
2	15:51:50.487	Custom indicator SupResZone_MTF US_OIL,H4: removed
2	15:51:50.488	Custom indicator SupResZone_MTF US_OIL,H4: removed
2	15:51:50.490	Custom indicator MACD-2x US_OIL,H4: removed
2	15:51:50.490	Custom indicator Laguerre-ACS1 US_OIL,H4: removed
2	15:51:50.501	Custom indicator SupResZone_MTF US_OIL,H4: loaded successfully
2	15:51:50.512	Custom indicator SupResZone_MTF US_OIL,H4: loaded successfully
2	15:51:50.523	Custom indicator SupResZone_MTF US_OIL,H4: loaded successfully
2	15:51:50.533	Custom indicator SupResZone_MTF US_OIL,H4: loaded successfully
2	15:51:50.544	Custom indicator MACD-2x US_OIL,H4: loaded successfully
2	15:51:50.616	Custom indicator Laguerre-ACS1 US_OIL,H4: loaded successfully
2	15:52:17.767	Custom indicator SupResZone_MTF XAUUSD.,H4: removed
2	15:52:17.769	Custom indicator SupResZone_MTF XAUUSD.,H4: removed
2	15:52:17.772	Custom indicator SupResZone_MTF XAUUSD.,H4: removed
2	15:52:17.774	Custom indicator SupResZone_MTF XAUUSD.,H4: removed
2	15:52:17.776	Custom indicator MACD-2x XAUUSD.,H4: removed
2	15:52:17.776	Custom indicator Laguerre-ACS1 XAUUSD.,H4: removed
2	15:52:17.788	Custom indicator SupResZone_MTF XAUUSD.,H4: loaded successfully
2	15:52:17.799	Custom indicator SupResZone_MTF XAUUSD.,H4: loaded successfully
2	15:52:17.811	Custom indicator SupResZone_MTF XAUUSD.,H4: loaded successfully
2	15:52:17.825	Custom indicator SupResZone_MTF XAUUSD.,H4: loaded successfully
2	15:52:17.836	Custom indicator MACD-2x XAUUSD.,H4: loaded successfully
2	15:52:17.920	Custom indicator Laguerre-ACS1 XAUUSD.,H4: loaded successfully
2	15:52:22.709	Custom indicator SupResZone_MTF US_OIL,H4: removed
2	15:52:22.711	Custom indicator SupResZone_MTF US_OIL,H4: removed
2	15:52:22.713	Custom indicator SupResZone_MTF US_OIL,H4: removed
2	15:52:22.714	Custom indicator SupResZone_MTF US_OIL,H4: removed
2	15:52:22.715	Custom indicator MACD-2x US_OIL,H4: removed
2	15:52:22.715	Custom indicator Laguerre-ACS1 US_OIL,H4: removed
2	15:52:22.726	Custom indicator SupResZone_MTF US_OIL,H4: loaded successfully
2	15:52:22.737	Custom indicator SupResZone_MTF US_OIL,H4: loaded successfully
2	15:52:22.749	Custom indicator SupResZone_MTF US_OIL,H4: loaded successfully
2	15:52:22.761	Custom indicator SupResZone_MTF US_OIL,H4: loaded successfully
2	15:52:22.771	Custom indicator MACD-2x US_OIL,H4: loaded successfully
2	15:52:22.845	Custom indicator Laguerre-ACS1 US_OIL,H4: loaded successfully
2	15:52:28.896	Custom indicator SupResZone_MTF JP225,H4: removed
2	15:52:28.898	Custom indicator SupResZone_MTF JP225,H4: removed
2	15:52:28.899	Custom indicator SupResZone_MTF JP225,H4: removed
2	15:52:28.901	Custom indicator SupResZone_MTF JP225,H4: removed
2	15:52:28.903	Custom indicator MACD-2x JP225,H4: removed
2	15:52:28.903	Custom indicator Laguerre-ACS1 JP225,H4: removed
2	15:52:28.913	Custom indicator SupResZone_MTF JP225,H4: loaded successfully
2	15:52:28.923	Custom indicator SupResZone_MTF JP225,H4: loaded successfully
2	15:52:28.935	Custom indicator SupResZone_MTF JP225,H4: loaded successfully
2	15:52:28.947	Custom indicator SupResZone_MTF JP225,H4: loaded successfully
2	15:52:28.957	Custom indicator MACD-2x JP225,H4: loaded successfully
2	15:52:29.038	Custom indicator Laguerre-ACS1 JP225,H4: loaded successfully
2	15:52:34.475	Custom indicator SupResZone_MTF SPX500,H4: removed
2	15:52:34.476	Custom indicator SupResZone_MTF SPX500,H4: removed
2	15:52:34.477	Custom indicator SupResZone_MTF SPX500,H4: removed
2	15:52:34.479	Custom indicator SupResZone_MTF SPX500,H4: removed
2	15:52:34.482	Custom indicator MACD-2x SPX500,H4: removed
2	15:52:34.482	Custom indicator Laguerre-ACS1 SPX500,H4: removed
2	15:52:34.493	Custom indicator SupResZone_MTF SPX500,H4: loaded successfully
2	15:52:34.504	Custom indicator SupResZone_MTF SPX500,H4: loaded successfully
2	15:52:34.515	Custom indicator SupResZone_MTF SPX500,H4: loaded successfully
2	15:52:34.525	Custom indicator SupResZone_MTF SPX500,H4: loaded successfully
2	15:52:34.535	Custom indicator MACD-2x SPX500,H4: loaded successfully
2	15:52:34.607	Custom indicator Laguerre-ACS1 SPX500,H4: loaded successfully
2	15:52:40.509	Custom indicator SupResZone_MTF EURAUD.,H4: removed
2	15:52:40.511	Custom indicator SupResZone_MTF EURAUD.,H4: removed
2	15:52:40.513	Custom indicator SupResZone_MTF EURAUD.,H4: removed
2	15:52:40.515	Custom indicator SupResZone_MTF EURAUD.,H4: removed
2	15:52:40.516	Custom indicator MACD-2x EURAUD.,H4: removed
2	15:52:40.516	Custom indicator Laguerre-ACS1 EURAUD.,H4: removed
2	15:52:40.529	Custom indicator SupResZone_MTF EURAUD.,H4: loaded successfully
2	15:52:40.541	Custom indicator SupResZone_MTF EURAUD.,H4: loaded successfully
2	15:52:40.553	Custom indicator SupResZone_MTF EURAUD.,H4: loaded successfully
2	15:52:40.565	Custom indicator SupResZone_MTF EURAUD.,H4: loaded successfully
2	15:52:40.577	Custom indicator MACD-2x EURAUD.,H4: loaded successfully
2	15:52:40.653	Custom indicator Laguerre-ACS1 EURAUD.,H4: loaded successfully
2	15:52:46.021	Custom indicator SupResZone_MTF AUDJPY.,H4: removed
2	15:52:46.023	Custom indicator SupResZone_MTF AUDJPY.,H4: removed
2	15:52:46.024	Custom indicator SupResZone_MTF AUDJPY.,H4: removed
2	15:52:46.026	Custom indicator SupResZone_MTF AUDJPY.,H4: removed
2	15:52:46.027	Custom indicator MACD-2x AUDJPY.,H4: removed
2	15:52:46.027	Custom indicator Laguerre-ACS1 AUDJPY.,H4: removed
2	15:52:46.037	Custom indicator SupResZone_MTF AUDJPY.,H4: loaded successfully
2	15:52:46.048	Custom indicator SupResZone_MTF AUDJPY.,H4: loaded successfully
2	15:52:46.059	Custom indicator SupResZone_MTF AUDJPY.,H4: loaded successfully
2	15:52:46.071	Custom indicator SupResZone_MTF AUDJPY.,H4: loaded successfully
2	15:52:46.081	Custom indicator MACD-2x AUDJPY.,H4: loaded successfully
2	15:52:46.163	Custom indicator Laguerre-ACS1 AUDJPY.,H4: loaded successfully
2	15:52:52.030	Custom indicator SupResZone_MTF AUDUSD.,H4: removed
2	15:52:52.032	Custom indicator SupResZone_MTF AUDUSD.,H4: removed
2	15:52:52.034	Custom indicator SupResZone_MTF AUDUSD.,H4: removed
2	15:52:52.035	Custom indicator SupResZone_MTF AUDUSD.,H4: removed
2	15:52:52.037	Custom indicator MACD-2x AUDUSD.,H4: removed
2	15:52:52.037	Custom indicator Laguerre-ACS1 AUDUSD.,H4: removed
2	15:52:52.048	Custom indicator SupResZone_MTF AUDUSD.,H4: loaded successfully
2	15:52:52.060	Custom indicator SupResZone_MTF AUDUSD.,H4: loaded successfully
2	15:52:52.073	Custom indicator SupResZone_MTF AUDUSD.,H4: loaded successfully
2	15:52:52.084	Custom indicator SupResZone_MTF AUDUSD.,H4: loaded successfully
2	15:52:52.096	Custom indicator MACD-2x AUDUSD.,H4: loaded successfully
2	15:52:52.181	Custom indicator Laguerre-ACS1 AUDUSD.,H4: loaded successfully
2	15:52:57.872	Custom indicator SupResZone_MTF USDJPY.,H4: removed
2	15:52:57.874	Custom indicator SupResZone_MTF USDJPY.,H4: removed
2	15:52:57.876	Custom indicator SupResZone_MTF USDJPY.,H4: removed
2	15:52:57.877	Custom indicator SupResZone_MTF USDJPY.,H4: removed
2	15:52:57.879	Custom indicator MACD-2x USDJPY.,H4: removed
2	15:52:57.879	Custom indicator Laguerre-ACS1 USDJPY.,H4: removed
2	15:52:57.890	Custom indicator SupResZone_MTF USDJPY.,H4: loaded successfully
2	15:52:57.899	Custom indicator SupResZone_MTF USDJPY.,H4: loaded successfully
2	15:52:57.911	Custom indicator SupResZone_MTF USDJPY.,H4: loaded successfully
2	15:52:57.922	Custom indicator SupResZone_MTF USDJPY.,H4: loaded successfully
2	15:52:57.933	Custom indicator MACD-2x USDJPY.,H4: loaded successfully
2	15:52:58.012	Custom indicator Laguerre-ACS1 USDJPY.,H4: loaded successfully
2	15:53:11.854	Custom indicator SupResZone_MTF EURJPY.,H4: removed
2	15:53:11.856	Custom indicator SupResZone_MTF EURJPY.,H4: removed
2	15:53:11.858	Custom indicator SupResZone_MTF EURJPY.,H4: removed
2	15:53:11.860	Custom indicator SupResZone_MTF EURJPY.,H4: removed
2	15:53:11.861	Custom indicator MACD-2x EURJPY.,H4: removed
2	15:53:11.861	Custom indicator Laguerre-ACS1 EURJPY.,H4: removed
2	15:53:11.874	Custom indicator SupResZone_MTF EURJPY.,H4: loaded successfully
2	15:53:11.886	Custom indicator SupResZone_MTF EURJPY.,H4: loaded successfully
2	15:53:11.897	Custom indicator SupResZone_MTF EURJPY.,H4: loaded successfully
2	15:53:11.909	Custom indicator SupResZone_MTF EURJPY.,H4: loaded successfully
2	15:53:11.919	Custom indicator MACD-2x EURJPY.,H4: loaded successfully
2	15:53:11.998	Custom indicator Laguerre-ACS1 EURJPY.,H4: loaded successfully
2	15:53:17.876	Custom indicator SupResZone_MTF EURUSD.,H4: removed
2	15:53:17.879	Custom indicator SupResZone_MTF EURUSD.,H4: removed
2	15:53:17.880	Custom indicator SupResZone_MTF EURUSD.,H4: removed
2	15:53:17.882	Custom indicator SupResZone_MTF EURUSD.,H4: removed
2	15:53:17.884	Custom indicator MACD-2x EURUSD.,H4: removed
2	15:53:17.884	Custom indicator Laguerre-ACS1 EURUSD.,H4: removed
2	15:53:17.894	Custom indicator SupResZone_MTF EURUSD.,H4: loaded successfully
2	15:53:17.905	Custom indicator SupResZone_MTF EURUSD.,H4: loaded successfully
2	15:53:17.915	Custom indicator SupResZone_MTF EURUSD.,H4: loaded successfully
2	15:53:17.925	Custom indicator SupResZone_MTF EURUSD.,H4: loaded successfully
2	15:53:17.936	Custom indicator MACD-2x EURUSD.,H4: loaded successfully
2	15:53:18.011	Custom indicator Laguerre-ACS1 EURUSD.,H4: loaded successfully
2	15:53:26.946	Custom indicator SupResZone_MTF GBPJPY.,H4: removed
2	15:53:26.948	Custom indicator SupResZone_MTF GBPJPY.,H4: removed
2	15:53:26.950	Custom indicator SupResZone_MTF GBPJPY.,H4: removed
2	15:53:26.952	Custom indicator SupResZone_MTF GBPJPY.,H4: removed
2	15:53:26.953	Custom indicator MACD-2x GBPJPY.,H4: removed
2	15:53:26.953	Custom indicator Laguerre-ACS1 GBPJPY.,H4: removed
2	15:53:26.963	Custom indicator SupResZone_MTF GBPJPY.,H4: loaded successfully
2	15:53:26.974	Custom indicator SupResZone_MTF GBPJPY.,H4: loaded successfully
2	15:53:26.985	Custom indicator SupResZone_MTF GBPJPY.,H4: loaded successfully
2	15:53:26.996	Custom indicator SupResZone_MTF GBPJPY.,H4: loaded successfully
2	15:53:27.007	Custom indicator MACD-2x GBPJPY.,H4: loaded successfully
2	15:53:27.079	Custom indicator Laguerre-ACS1 GBPJPY.,H4: loaded successfully
2	15:53:32.382	Custom indicator SupResZone_MTF GBPUSD.,H4: removed
2	15:53:32.384	Custom indicator SupResZone_MTF GBPUSD.,H4: removed
2	15:53:32.385	Custom indicator SupResZone_MTF GBPUSD.,H4: removed
2	15:53:32.386	Custom indicator SupResZone_MTF GBPUSD.,H4: removed
2	15:53:32.388	Custom indicator MACD-2x GBPUSD.,H4: removed
2	15:53:32.388	Custom indicator Laguerre-ACS1 GBPUSD.,H4: removed
2	15:53:32.398	Custom indicator SupResZone_MTF GBPUSD.,H4: loaded successfully
2	15:53:32.408	Custom indicator SupResZone_MTF GBPUSD.,H4: loaded successfully
2	15:53:32.420	Custom indicator SupResZone_MTF GBPUSD.,H4: loaded successfully
2	15:53:32.430	Custom indicator SupResZone_MTF GBPUSD.,H4: loaded successfully
2	15:53:32.441	Custom indicator MACD-2x GBPUSD.,H4: loaded successfully
2	15:53:32.515	Custom indicator Laguerre-ACS1 GBPUSD.,H4: loaded successfully
2	15:53:38.700	Custom indicator SupResZone_MTF USDCAD.,H4: removed
2	15:53:38.702	Custom indicator SupResZone_MTF USDCAD.,H4: removed
2	15:53:38.703	Custom indicator SupResZone_MTF USDCAD.,H4: removed
2	15:53:38.705	Custom indicator SupResZone_MTF USDCAD.,H4: removed
2	15:53:38.707	Custom indicator MACD-2x USDCAD.,H4: removed
2	15:53:38.707	Custom indicator Laguerre-ACS1 USDCAD.,H4: removed
2	15:53:38.717	Custom indicator SupResZone_MTF USDCAD.,H4: loaded successfully
2	15:53:38.731	Custom indicator SupResZone_MTF USDCAD.,H4: loaded successfully
2	15:53:38.742	Custom indicator SupResZone_MTF USDCAD.,H4: loaded successfully
2	15:53:38.753	Custom indicator SupResZone_MTF USDCAD.,H4: loaded successfully
2	15:53:38.763	Custom indicator MACD-2x USDCAD.,H4: loaded successfully
2	15:53:38.840	Custom indicator Laguerre-ACS1 USDCAD.,H4: loaded successfully
2	15:53:44.719	Custom indicator SupResZone_MTF USDCHF.,H4: removed
2	15:53:44.720	Custom indicator SupResZone_MTF USDCHF.,H4: removed
2	15:53:44.722	Custom indicator SupResZone_MTF USDCHF.,H4: removed
2	15:53:44.724	Custom indicator SupResZone_MTF USDCHF.,H4: removed
2	15:53:44.725	Custom indicator MACD-2x USDCHF.,H4: removed
2	15:53:44.725	Custom indicator Laguerre-ACS1 USDCHF.,H4: removed
2	15:53:44.735	Custom indicator SupResZone_MTF USDCHF.,H4: loaded successfully
2	15:53:44.747	Custom indicator SupResZone_MTF USDCHF.,H4: loaded successfully
2	15:53:44.759	Custom indicator SupResZone_MTF USDCHF.,H4: loaded successfully
2	15:53:44.770	Custom indicator SupResZone_MTF USDCHF.,H4: loaded successfully
2	15:53:44.781	Custom indicator MACD-2x USDCHF.,H4: loaded successfully
2	15:53:44.853	Custom indicator Laguerre-ACS1 USDCHF.,H4: loaded successfully
1	18:24:15.112	'120010550': ping failed
0	18:24:15.242	'120010550': login datacenter on PRC-Live
0	18:24:16.314	'120010550': login on PRC-Live through Server 3 (ping: 148.40 ms)
0	18:24:19.051	'120010550': login datacenter on PRC-Live through Server 3 (ping: 148.40 ms)
0	18:24:19.679	'120010550': previous successful authorization performed from 101.131.181.200
0	18:24:47.897	'120010550': auto connecting to a better access point Server 5 (ping is 116.11 ms)
0	18:24:48.927	'120010550': login on PRC-Live through Server 5 (ping: 116.11 ms)
0	18:24:51.160	'120010550': login datacenter on PRC-Live through Server 5 (ping: 116.11 ms)
0	18:24:51.710	'120010550': previous successful authorization performed from 1.180.18.116
1	19:25:12.374	'120010550': ping failed
1	19:25:12.572	'120010550': connect failed [No connection]
0	19:25:18.458	'120010550': login on PRC-Live through Server 8 (ping: n/a)
0	19:25:20.599	'120010550': login datacenter on PRC-Live through Server 8 (ping: n/a)
0	19:25:21.113	'120010550': previous successful authorization performed from 101.131.181.200
0	19:25:44.824	'120010550': auto connecting to a better access point Server 5 (ping is 115.60 ms)
0	19:25:45.659	'120010550': login on PRC-Live through Server 5 (ping: 115.60 ms)
0	19:25:48.125	'120010550': login datacenter on PRC-Live through Server 5 (ping: 115.60 ms)
0	19:25:49.529	'120010550': previous successful authorization performed from 101.131.181.200
0	20:03:50.375	'120010550': modify order #11006007 sell 0.01 US_OIL at 51.85 sl: 0.00 tp: 0.00 -> sl: 0.00 tp: 51.73
1	20:03:50.634	'120010550': modification of order #11006007 sell 0.01 US_OIL at 51.85 sl: 0.00 tp: 0.00 -> sl: 0.00 tp: 51.73 failed [Market is closed]
0	20:03:53.688	'120010550': modify order #11006007 sell 0.01 US_OIL at 51.85 sl: 0.00 tp: 0.00 -> sl: 0.00 tp: 51.68
1	20:03:54.784	'120010550': modification of order #11006007 sell 0.01 US_OIL at 51.85 sl: 0.00 tp: 0.00 -> sl: 0.00 tp: 51.68 failed [Market is closed]
0	20:03:58.578	'120010550': modify order #11006007 sell 0.01 US_OIL at 51.85 sl: 0.00 tp: 0.00 -> sl: 0.00 tp: 51.56
1	20:03:58.846	'120010550': modification of order #11006007 sell 0.01 US_OIL at 51.85 sl: 0.00 tp: 0.00 -> sl: 0.00 tp: 51.56 failed [Market is closed]
1	23:13:15.584	'120010550': ping failed
0	23:13:25.305	'120010550': login on PRC-Live through Server 8 (ping: 138.85 ms)
0	23:13:26.657	'120010550': login datacenter on PRC-Live through Server 8 (ping: 138.85 ms)
2	23:13:27.679	Custom indicator SupResZone_MTF USDXXX,H4: removed
2	23:13:27.681	Custom indicator SupResZone_MTF USDXXX,H4: removed
2	23:13:27.684	Custom indicator SupResZone_MTF USDXXX,H4: removed
2	23:13:27.687	Custom indicator SupResZone_MTF USDXXX,H4: removed
2	23:13:27.689	Custom indicator MACD-2x USDXXX,H4: removed
2	23:13:27.689	Custom indicator Laguerre-ACS1 USDXXX,H4: removed
2	23:13:27.889	Custom indicator SupResZone_MTF XAUUSD.,H4: removed
2	23:13:27.891	Custom indicator SupResZone_MTF XAUUSD.,H4: removed
2	23:13:27.892	Custom indicator SupResZone_MTF XAUUSD.,H4: removed
2	23:13:27.895	Custom indicator SupResZone_MTF XAUUSD.,H4: removed
2	23:13:27.896	Custom indicator MACD-2x XAUUSD.,H4: removed
2	23:13:27.897	Custom indicator Laguerre-ACS1 XAUUSD.,H4: removed
2	23:13:27.923	Custom indicator SupResZone_MTF XAGUSD.,H4: removed
2	23:13:27.925	Custom indicator SupResZone_MTF XAGUSD.,H4: removed
2	23:13:27.926	Custom indicator SupResZone_MTF XAGUSD.,H4: removed
2	23:13:27.928	Custom indicator SupResZone_MTF XAGUSD.,H4: removed
2	23:13:27.930	Custom indicator MACD-2x XAGUSD.,H4: removed
2	23:13:27.930	Custom indicator Laguerre-ACS1 XAGUSD.,H4: removed
2	23:13:27.936	Custom indicator SupResZone_MTF US_OIL,H4: removed
2	23:13:27.939	Custom indicator SupResZone_MTF US_OIL,H4: removed
2	23:13:27.940	Custom indicator SupResZone_MTF US_OIL,H4: removed
2	23:13:27.942	Custom indicator SupResZone_MTF US_OIL,H4: removed
2	23:13:27.944	Custom indicator MACD-2x US_OIL,H4: removed
2	23:13:27.945	Custom indicator Laguerre-ACS1 US_OIL,H4: removed
2	23:13:27.960	Custom indicator SupResZone_MTF JP225,H4: removed
2	23:13:27.963	Custom indicator SupResZone_MTF JP225,H4: removed
2	23:13:27.965	Custom indicator SupResZone_MTF JP225,H4: removed
2	23:13:27.967	Custom indicator SupResZone_MTF JP225,H4: removed
2	23:13:27.970	Custom indicator MACD-2x JP225,H4: removed
2	23:13:27.970	Custom indicator Laguerre-ACS1 JP225,H4: removed
2	23:13:27.982	Custom indicator SupResZone_MTF SPX500,H4: removed
2	23:13:27.985	Custom indicator SupResZone_MTF SPX500,H4: removed
2	23:13:27.988	Custom indicator SupResZone_MTF SPX500,H4: removed
2	23:13:27.990	Custom indicator SupResZone_MTF SPX500,H4: removed
2	23:13:27.993	Custom indicator MACD-2x SPX500,H4: removed
2	23:13:27.993	Custom indicator Laguerre-ACS1 SPX500,H4: removed
2	23:13:27.999	Custom indicator SupResZone_MTF EURAUD.,H4: removed
2	23:13:28.003	Custom indicator SupResZone_MTF EURAUD.,H4: removed
2	23:13:28.005	Custom indicator SupResZone_MTF EURAUD.,H4: removed
2	23:13:28.008	Custom indicator SupResZone_MTF EURAUD.,H4: removed
2	23:13:28.010	Custom indicator MACD-2x EURAUD.,H4: removed
2	23:13:28.010	Custom indicator Laguerre-ACS1 EURAUD.,H4: removed
2	23:13:28.016	Custom indicator SupResZone_MTF AUDJPY.,H4: removed
2	23:13:28.017	Custom indicator SupResZone_MTF AUDJPY.,H4: removed
2	23:13:28.020	Custom indicator SupResZone_MTF AUDJPY.,H4: removed
2	23:13:28.021	Custom indicator SupResZone_MTF AUDJPY.,H4: removed
2	23:13:28.024	Custom indicator MACD-2x AUDJPY.,H4: removed
2	23:13:28.024	Custom indicator Laguerre-ACS1 AUDJPY.,H4: removed
2	23:13:28.029	Custom indicator SupResZone_MTF AUDUSD.,H4: removed
2	23:13:28.031	Custom indicator SupResZone_MTF AUDUSD.,H4: removed
2	23:13:28.033	Custom indicator SupResZone_MTF AUDUSD.,H4: removed
2	23:13:28.035	Custom indicator SupResZone_MTF AUDUSD.,H4: removed
2	23:13:28.037	Custom indicator MACD-2x AUDUSD.,H4: removed
2	23:13:28.037	Custom indicator Laguerre-ACS1 AUDUSD.,H4: removed
2	23:13:28.044	Custom indicator SupResZone_MTF USDJPY.,H4: removed
2	23:13:28.046	Custom indicator SupResZone_MTF USDJPY.,H4: removed
2	23:13:28.047	Custom indicator SupResZone_MTF USDJPY.,H4: removed
2	23:13:28.049	Custom indicator SupResZone_MTF USDJPY.,H4: removed
2	23:13:28.051	Custom indicator MACD-2x USDJPY.,H4: removed
2	23:13:28.052	Custom indicator Laguerre-ACS1 USDJPY.,H4: removed
2	23:13:28.058	Custom indicator SupResZone_MTF EURJPY.,H4: removed
2	23:13:28.060	Custom indicator SupResZone_MTF EURJPY.,H4: removed
2	23:13:28.062	Custom indicator SupResZone_MTF EURJPY.,H4: removed
2	23:13:28.064	Custom indicator SupResZone_MTF EURJPY.,H4: removed
2	23:13:28.066	Custom indicator MACD-2x EURJPY.,H4: removed
2	23:13:28.066	Custom indicator Laguerre-ACS1 EURJPY.,H4: removed
2	23:13:28.106	Custom indicator SupResZone_MTF EURUSD.,H4: removed
2	23:13:28.111	Custom indicator SupResZone_MTF EURUSD.,H4: removed
2	23:13:28.114	Custom indicator SupResZone_MTF EURUSD.,H4: removed
2	23:13:28.117	Custom indicator SupResZone_MTF EURUSD.,H4: removed
2	23:13:28.122	Custom indicator MACD-2x EURUSD.,H4: removed
2	23:13:28.122	Custom indicator Laguerre-ACS1 EURUSD.,H4: removed
2	23:13:28.137	Custom indicator SupResZone_MTF GBPJPY.,H4: removed
2	23:13:28.140	Custom indicator SupResZone_MTF GBPJPY.,H4: removed
2	23:13:28.142	Custom indicator SupResZone_MTF GBPJPY.,H4: removed
2	23:13:28.145	Custom indicator SupResZone_MTF GBPJPY.,H4: removed
2	23:13:28.148	Custom indicator MACD-2x GBPJPY.,H4: removed
2	23:13:28.148	Custom indicator Laguerre-ACS1 GBPJPY.,H4: removed
2	23:13:28.174	Custom indicator SupResZone_MTF GBPUSD.,H4: removed
2	23:13:28.176	Custom indicator SupResZone_MTF GBPUSD.,H4: removed
2	23:13:28.179	Custom indicator SupResZone_MTF GBPUSD.,H4: removed
2	23:13:28.181	Custom indicator SupResZone_MTF GBPUSD.,H4: removed
2	23:13:28.184	Custom indicator MACD-2x GBPUSD.,H4: removed
2	23:13:28.184	Custom indicator Laguerre-ACS1 GBPUSD.,H4: removed
2	23:13:28.214	Custom indicator SupResZone_MTF USDCAD.,H4: removed
2	23:13:28.219	Custom indicator SupResZone_MTF USDCAD.,H4: removed
2	23:13:28.223	Custom indicator SupResZone_MTF USDCAD.,H4: removed
2	23:13:28.227	Custom indicator SupResZone_MTF USDCAD.,H4: removed
2	23:13:28.230	Custom indicator MACD-2x USDCAD.,H4: removed
2	23:13:28.230	Custom indicator Laguerre-ACS1 USDCAD.,H4: removed
2	23:13:28.282	Custom indicator SupResZone_MTF USDCHF.,H4: removed
2	23:13:28.284	Custom indicator SupResZone_MTF USDCHF.,H4: removed
2	23:13:28.287	Custom indicator SupResZone_MTF USDCHF.,H4: removed
2	23:13:28.289	Custom indicator SupResZone_MTF USDCHF.,H4: removed
2	23:13:28.295	Custom indicator MACD-2x USDCHF.,H4: removed
2	23:13:28.295	Custom indicator Laguerre-ACS1 USDCHF.,H4: removed
2	23:13:28.316	Custom indicator MACD-2x USDCNH,Daily: removed
2	23:13:28.319	Custom indicator MACD-2x USDCNH,Daily: removed
2	23:13:28.319	Custom indicator Laguerre-ACS1 USDCNH,Daily: removed
2	23:13:28.326	Custom indicator GMMA Long USDJPY.,H1: removed
2	23:13:28.329	Custom indicator GMMA Short USDJPY.,H1: removed
2	23:13:28.332	Custom indicator 23MTF_MovingAverageIGOR USDJPY.,H1: removed
2	23:13:28.336	Custom indicator 23MTF_MovingAverageIGOR USDJPY.,H1: removed
2	23:13:28.339	Custom indicator SupResZone_MTF USDJPY.,H1: removed
2	23:13:28.341	Custom indicator SupResZone_MTF USDJPY.,H1: removed
2	23:13:28.344	Custom indicator MACD-2x USDJPY.,H1: removed
2	23:13:28.356	Custom indicator SupResZone_MTF CHINA300,Daily: removed
2	23:13:28.359	Custom indicator SupResZone_MTF CHINA300,Daily: removed
2	23:13:28.362	Custom indicator SupResZone_MTF CHINA300,Daily: removed
2	23:13:28.364	Custom indicator SupResZone_MTF CHINA300,Daily: removed
2	23:13:28.370	Custom indicator MACD-2x CHINA300,Daily: removed
2	23:13:28.370	Custom indicator Laguerre-ACS1 CHINA300,Daily: removed
0	23:13:29.404	'120010550': ping to current access point Server 8 is 142.25 ms
0	23:13:29.513	FX Trader build 1170 stopped
