2	00:40:19.757	Custom indicator Laguerre-ACS1 GBPJPY.,Daily: removed
2	00:40:19.759	Custom indicator MACD GBPJPY.,Daily: removed
2	00:40:19.831	Custom indicator 小鱼\Laguerre-ACS1 GBPJPY.,Daily: loaded successfully
2	00:40:19.842	Custom indicator MACD GBPJPY.,Daily: loaded successfully
2	00:43:03.937	Custom indicator Laguerre-ACS1 GBPUSD.,Daily: removed
2	00:43:03.939	Custom indicator MACD GBPUSD.,Daily: removed
2	00:43:04.040	Custom indicator 小鱼\Laguerre-ACS1 GBPUSD.,Daily: loaded successfully
2	00:43:04.051	Custom indicator MACD GBPUSD.,Daily: loaded successfully
2	00:43:08.722	Custom indicator Laguerre-ACS1 GBPUSD.,Daily: removed
2	00:43:08.724	Custom indicator MACD GBPUSD.,Daily: removed
2	00:43:08.802	Custom indicator 小鱼\Laguerre-ACS1 GBPUSD.,Daily: loaded successfully
2	00:43:08.814	Custom indicator MACD GBPUSD.,Daily: loaded successfully
2	00:43:44.527	Custom indicator Laguerre-ACS1 GBPUSD.,Daily: removed
2	00:43:44.529	Custom indicator MACD GBPUSD.,Daily: removed
2	00:43:44.606	Custom indicator 小鱼\Laguerre-ACS1 GBPUSD.,Daily: loaded successfully
2	00:43:44.617	Custom indicator MACD GBPUSD.,Daily: loaded successfully
2	00:43:49.936	Custom indicator Laguerre-ACS1 GBPUSD.,Daily: removed
2	00:43:49.938	Custom indicator MACD GBPUSD.,Daily: removed
2	00:43:50.027	Custom indicator 小鱼\Laguerre-ACS1 GBPUSD.,Daily: loaded successfully
2	00:43:50.042	Custom indicator MACD GBPUSD.,Daily: loaded successfully
2	00:46:07.442	Custom indicator Laguerre-ACS1 EURUSD.,H4: removed
2	00:46:07.444	Custom indicator MACD EURUSD.,H4: removed
2	00:46:07.517	Custom indicator 小鱼\Laguerre-ACS1 EURUSD.,H4: loaded successfully
2	00:46:07.527	Custom indicator MACD EURUSD.,H4: loaded successfully
2	01:15:43.842	Custom indicator Laguerre-ACS1 EURJPY.,H1: removed
2	01:15:43.844	Custom indicator MACD EURJPY.,H1: removed
2	01:15:43.917	Custom indicator 小鱼\Laguerre-ACS1 EURJPY.,H1: loaded successfully
2	01:15:43.929	Custom indicator MACD EURJPY.,H1: loaded successfully
2	01:17:00.540	Custom indicator Laguerre-ACS1 USDJPY.,H4: removed
2	01:17:00.542	Custom indicator MACD USDJPY.,H4: removed
2	01:17:00.622	Custom indicator 小鱼\Laguerre-ACS1 USDJPY.,H4: loaded successfully
2	01:17:00.633	Custom indicator MACD USDJPY.,H4: loaded successfully
2	01:32:16.775	Custom indicator Laguerre-ACS1 USDJPY.,H1: removed
2	01:32:16.777	Custom indicator MACD USDJPY.,H1: removed
2	01:32:16.788	Custom indicator Laguerre-ACS1 EURJPY.,H1: removed
2	01:32:16.791	Custom indicator MACD EURJPY.,H1: removed
2	01:32:16.795	Custom indicator Laguerre-ACS1 EURUSD.,H1: removed
2	01:32:16.797	Custom indicator MACD EURUSD.,H1: removed
2	01:32:16.806	Custom indicator Laguerre-ACS1 GBPUSD.,H4: removed
2	01:32:16.808	Custom indicator MACD GBPUSD.,H4: removed
2	01:32:16.813	Custom indicator Laguerre-ACS1 GBPJPY.,H4: removed
2	01:32:16.816	Custom indicator MACD GBPJPY.,H4: removed
2	01:32:16.821	Custom indicator Laguerre-ACS1 JP225,H1: removed
2	01:32:16.823	Custom indicator MACD JP225,H1: removed
2	01:32:16.828	Custom indicator Laguerre-ACS1 NDX100,H4: removed
2	01:32:16.829	Custom indicator MACD NDX100,H4: removed
2	01:32:16.848	Custom indicator Laguerre-ACS1 SPX500,H4: removed
2	01:32:16.851	Custom indicator MACD SPX500,H4: removed
2	01:32:16.855	Custom indicator Laguerre-ACS1 A50,Daily: removed
2	01:32:16.856	Custom indicator MACD A50,Daily: removed
2	01:32:16.874	Custom indicator Laguerre-ACS1 XAUUSD.,H4: removed
2	01:32:16.876	Custom indicator MACD XAUUSD.,H4: removed
2	01:32:16.888	Custom indicator Laguerre-ACS1 US_OIL,H1: removed
2	01:32:16.890	Custom indicator MACD US_OIL,H1: removed
0	01:32:17.607	FX Trader build 1170 stopped
0	01:56:15.137	FX Trader build 1170 started (Performance Ronnaru Capital Ltd.)
0	01:56:15.137	Windows 10 Home x64, IE 11, UAC, 8 x Intel Core i7-6700HQ  @ 2.60GHz, Memory: 23839 / 32639 Mb, Disk: 145 / 264 Gb, GMT+9
0	01:56:15.137	Data Folder: C:\Users\tiany\AppData\Roaming\MetaQuotes\Terminal\79214103E7A6FC97F86082D309D0B84B
2	01:56:17.070	Custom indicator 小鱼\Laguerre-ACS1 USDJPY.,H1: loaded successfully
2	01:56:17.080	Custom indicator MACD USDJPY.,H1: loaded successfully
2	01:56:17.197	Custom indicator 小鱼\Laguerre-ACS1 EURJPY.,H1: loaded successfully
2	01:56:17.207	Custom indicator MACD EURJPY.,H1: loaded successfully
2	01:56:17.323	Custom indicator 小鱼\Laguerre-ACS1 EURUSD.,H1: loaded successfully
2	01:56:17.334	Custom indicator MACD EURUSD.,H1: loaded successfully
2	01:56:17.457	Custom indicator 小鱼\Laguerre-ACS1 GBPUSD.,H4: loaded successfully
2	01:56:17.467	Custom indicator MACD GBPUSD.,H4: loaded successfully
2	01:56:17.580	Custom indicator 小鱼\Laguerre-ACS1 GBPJPY.,H4: loaded successfully
2	01:56:17.590	Custom indicator MACD GBPJPY.,H4: loaded successfully
2	01:56:17.705	Custom indicator 小鱼\Laguerre-ACS1 JP225,H1: loaded successfully
2	01:56:17.714	Custom indicator MACD JP225,H1: loaded successfully
2	01:56:17.841	Custom indicator 小鱼\Laguerre-ACS1 NDX100,H4: loaded successfully
2	01:56:17.852	Custom indicator MACD NDX100,H4: loaded successfully
2	01:56:17.969	Custom indicator 小鱼\Laguerre-ACS1 SPX500,H4: loaded successfully
2	01:56:17.980	Custom indicator MACD SPX500,H4: loaded successfully
2	01:56:18.103	Custom indicator 小鱼\Laguerre-ACS1 A50,Daily: loaded successfully
2	01:56:18.113	Custom indicator MACD A50,Daily: loaded successfully
2	01:56:18.240	Custom indicator 小鱼\Laguerre-ACS1 XAUUSD.,H4: loaded successfully
2	01:56:18.252	Custom indicator MACD XAUUSD.,H4: loaded successfully
2	01:56:18.377	Custom indicator 小鱼\Laguerre-ACS1 US_OIL,H1: loaded successfully
2	01:56:18.387	Custom indicator MACD US_OIL,H1: loaded successfully
0	01:56:20.086	'120010550': login on PRC-Live through Server 3 (ping: 41.54 ms)
0	01:56:20.986	'120010550': login datacenter on PRC-Live through Server 3 (ping: 41.54 ms)
0	01:56:21.406	'120010550': previous successful authorization performed from 106.181.132.240
0	01:56:37.896	'120010550': ping to current access point Server 3 is 55.00 ms
2	02:04:25.551	Custom indicator Laguerre-ACS1 XAUUSD.,H4: removed
2	02:04:25.553	Custom indicator MACD XAUUSD.,H4: removed
2	02:04:25.627	Custom indicator 小鱼\Laguerre-ACS1 XAUUSD.,H4: loaded successfully
2	02:04:25.638	Custom indicator MACD XAUUSD.,H4: loaded successfully
2	02:04:47.052	Custom indicator Laguerre-ACS1 XAUUSD.,H4: removed
2	02:04:47.054	Custom indicator MACD XAUUSD.,H4: removed
2	02:04:47.128	Custom indicator 小鱼\Laguerre-ACS1 XAUUSD.,H4: loaded successfully
2	02:04:47.138	Custom indicator MACD XAUUSD.,H4: loaded successfully
2	02:04:55.786	Custom indicator Laguerre-ACS1 US_OIL,H1: removed
2	02:04:55.788	Custom indicator MACD US_OIL,H1: removed
2	02:04:55.860	Custom indicator 小鱼\Laguerre-ACS1 US_OIL,H1: loaded successfully
2	02:04:55.871	Custom indicator MACD US_OIL,H1: loaded successfully
2	02:06:01.122	Custom indicator Laguerre-ACS1 USDJPY.,H4: removed
2	02:06:01.123	Custom indicator MACD USDJPY.,H4: removed
2	02:06:01.145	Custom indicator Laguerre-ACS1 EURJPY.,H4: removed
2	02:06:01.148	Custom indicator MACD EURJPY.,H4: removed
2	02:06:01.171	Custom indicator Laguerre-ACS1 EURUSD.,H4: removed
2	02:06:01.173	Custom indicator MACD EURUSD.,H4: removed
2	02:06:01.195	Custom indicator Laguerre-ACS1 GBPUSD.,H4: removed
2	02:06:01.197	Custom indicator MACD GBPUSD.,H4: removed
2	02:06:01.217	Custom indicator Laguerre-ACS1 GBPJPY.,H4: removed
2	02:06:01.220	Custom indicator MACD GBPJPY.,H4: removed
2	02:06:01.239	Custom indicator Laguerre-ACS1 JP225,H4: removed
2	02:06:01.241	Custom indicator MACD JP225,H4: removed
2	02:06:01.258	Custom indicator Laguerre-ACS1 NDX100,H4: removed
2	02:06:01.260	Custom indicator MACD NDX100,H4: removed
2	02:06:01.275	Custom indicator Laguerre-ACS1 SPX500,H4: removed
2	02:06:01.277	Custom indicator MACD SPX500,H4: removed
2	02:06:01.281	Custom indicator Laguerre-ACS1 A50,Daily: removed
2	02:06:01.283	Custom indicator MACD A50,Daily: removed
2	02:06:01.297	Custom indicator Laguerre-ACS1 XAUUSD.,H4: removed
2	02:06:01.300	Custom indicator MACD XAUUSD.,H4: removed
2	02:06:01.308	Custom indicator Laguerre-ACS1 US_OIL,H4: removed
2	02:06:01.309	Custom indicator MACD US_OIL,H4: removed
0	02:06:01.670	FX Trader build 1170 stopped
0	20:39:43.474	FX Trader build 1170 started (Performance Ronnaru Capital Ltd.)
0	20:39:43.474	Windows 10 Home x64, IE 11, UAC, 8 x Intel Core i7-6700HQ  @ 2.60GHz, Memory: 25214 / 32639 Mb, Disk: 145 / 264 Gb, GMT+9
0	20:39:43.474	Data Folder: C:\Users\tiany\AppData\Roaming\MetaQuotes\Terminal\79214103E7A6FC97F86082D309D0B84B
2	20:39:45.384	Custom indicator 小鱼\Laguerre-ACS1 USDJPY.,H4: loaded successfully
2	20:39:45.394	Custom indicator MACD USDJPY.,H4: loaded successfully
2	20:39:45.509	Custom indicator 小鱼\Laguerre-ACS1 EURJPY.,H4: loaded successfully
2	20:39:45.518	Custom indicator MACD EURJPY.,H4: loaded successfully
2	20:39:45.643	Custom indicator 小鱼\Laguerre-ACS1 EURUSD.,H4: loaded successfully
2	20:39:45.653	Custom indicator MACD EURUSD.,H4: loaded successfully
2	20:39:45.771	Custom indicator 小鱼\Laguerre-ACS1 GBPUSD.,H4: loaded successfully
2	20:39:45.781	Custom indicator MACD GBPUSD.,H4: loaded successfully
2	20:39:45.896	Custom indicator 小鱼\Laguerre-ACS1 GBPJPY.,H4: loaded successfully
2	20:39:45.906	Custom indicator MACD GBPJPY.,H4: loaded successfully
2	20:39:46.021	Custom indicator 小鱼\Laguerre-ACS1 JP225,H4: loaded successfully
2	20:39:46.030	Custom indicator MACD JP225,H4: loaded successfully
2	20:39:46.171	Custom indicator 小鱼\Laguerre-ACS1 NDX100,H4: loaded successfully
2	20:39:46.181	Custom indicator MACD NDX100,H4: loaded successfully
2	20:39:46.299	Custom indicator 小鱼\Laguerre-ACS1 SPX500,H4: loaded successfully
2	20:39:46.309	Custom indicator MACD SPX500,H4: loaded successfully
2	20:39:46.427	Custom indicator 小鱼\Laguerre-ACS1 A50,Daily: loaded successfully
2	20:39:46.438	Custom indicator MACD A50,Daily: loaded successfully
2	20:39:46.554	Custom indicator 小鱼\Laguerre-ACS1 XAUUSD.,H4: loaded successfully
2	20:39:46.568	Custom indicator MACD XAUUSD.,H4: loaded successfully
2	20:39:46.682	Custom indicator 小鱼\Laguerre-ACS1 US_OIL,H4: loaded successfully
2	20:39:46.692	Custom indicator MACD US_OIL,H4: loaded successfully
1	20:39:56.139	MQL Base: failed connect to server
0	20:40:17.871	'120010550': login on PRC-Live through Server 7 (ping: 51.79 ms)
0	20:40:19.087	'120010550': login datacenter on PRC-Live through Server 7 (ping: 51.79 ms)
0	20:40:19.504	'120010550': previous successful authorization performed from 106.181.141.212
0	20:40:36.219	'120010550': auto connecting to a better access point Server 3 (ping is 49.22 ms)
0	20:40:36.645	'120010550': login on PRC-Live through Server 3 (ping: 49.22 ms)
0	20:40:37.253	'120010550': login datacenter on PRC-Live through Server 3 (ping: 49.22 ms)
0	20:40:37.569	'120010550': previous successful authorization performed from 106.181.135.176
0	22:23:56.929	'120010550': order buy market 0.01 EURUSD. sl: 0.00000 tp: 0.00000
0	22:23:57.113	'120010550': order was opened : #10854445 buy 0.01 EURUSD. at 1.12687 sl: 0.00000 tp: 0.00000
