0	11:40:37.143	FX Trader build 1170 started (Performance Ronnaru Capital Ltd.)
0	11:40:37.144	Windows 10 Home x64, IE 11, UAC, 8 x Intel Core i7-6700HQ  @ 2.60GHz, Memory: 27022 / 32639 Mb, Disk: 137 / 264 Gb, GMT+8
0	11:40:37.144	Data Folder: C:\Users\tiany\AppData\Roaming\MetaQuotes\Terminal\79214103E7A6FC97F86082D309D0B84B
2	11:40:39.396	Custom indicator SupResZone_MTF USDXXX,Daily: loaded successfully
2	11:40:39.413	Custom indicator SupResZone_MTF USDXXX,Daily: loaded successfully
2	11:40:39.431	Custom indicator SupResZone_MTF USDXXX,Daily: loaded successfully
2	11:40:39.447	Custom indicator SupResZone_MTF USDXXX,Daily: loaded successfully
2	11:40:39.465	Custom indicator MACD-2x USDXXX,Daily: loaded successfully
2	11:40:39.550	Custom indicator Laguerre-ACS1 USDXXX,Daily: loaded successfully
2	11:40:39.817	Custom indicator SupResZone_MTF XAUUSD.,H1: loaded successfully
2	11:40:39.827	Custom indicator SupResZone_MTF XAUUSD.,H1: loaded successfully
2	11:40:39.840	Custom indicator SupResZone_MTF XAUUSD.,H1: loaded successfully
2	11:40:39.850	Custom indicator SupResZone_MTF XAUUSD.,H1: loaded successfully
2	11:40:39.860	Custom indicator MACD-2x XAUUSD.,H1: loaded successfully
2	11:40:39.934	Custom indicator Laguerre-ACS1 XAUUSD.,H1: loaded successfully
2	11:40:40.269	Custom indicator SupResZone_MTF XAGUSD.,H4: loaded successfully
2	11:40:40.281	Custom indicator SupResZone_MTF XAGUSD.,H4: loaded successfully
2	11:40:40.290	Custom indicator SupResZone_MTF XAGUSD.,H4: loaded successfully
2	11:40:40.301	Custom indicator SupResZone_MTF XAGUSD.,H4: loaded successfully
2	11:40:40.310	Custom indicator MACD-2x XAGUSD.,H4: loaded successfully
2	11:40:40.388	Custom indicator Laguerre-ACS1 XAGUSD.,H4: loaded successfully
2	11:40:40.653	Custom indicator SupResZone_MTF US_OIL,H1: loaded successfully
2	11:40:40.671	Custom indicator SupResZone_MTF US_OIL,H1: loaded successfully
2	11:40:40.688	Custom indicator SupResZone_MTF US_OIL,H1: loaded successfully
2	11:40:40.698	Custom indicator SupResZone_MTF US_OIL,H1: loaded successfully
2	11:40:40.709	Custom indicator MACD-2x US_OIL,H1: loaded successfully
2	11:40:40.782	Custom indicator Laguerre-ACS1 US_OIL,H1: loaded successfully
2	11:40:41.113	Custom indicator SupResZone_MTF JP225,H4: loaded successfully
2	11:40:41.124	Custom indicator SupResZone_MTF JP225,H4: loaded successfully
2	11:40:41.134	Custom indicator SupResZone_MTF JP225,H4: loaded successfully
2	11:40:41.145	Custom indicator SupResZone_MTF JP225,H4: loaded successfully
2	11:40:41.155	Custom indicator MACD-2x JP225,H4: loaded successfully
2	11:40:41.237	Custom indicator Laguerre-ACS1 JP225,H4: loaded successfully
2	11:40:41.566	Custom indicator SupResZone_MTF SPX500,H4: loaded successfully
2	11:40:41.587	Custom indicator SupResZone_MTF SPX500,H4: loaded successfully
2	11:40:41.598	Custom indicator SupResZone_MTF SPX500,H4: loaded successfully
2	11:40:41.610	Custom indicator SupResZone_MTF SPX500,H4: loaded successfully
2	11:40:41.620	Custom indicator MACD-2x SPX500,H4: loaded successfully
2	11:40:41.695	Custom indicator Laguerre-ACS1 SPX500,H4: loaded successfully
2	11:40:42.000	Custom indicator SupResZone_MTF EURAUD.,H4: loaded successfully
2	11:40:42.012	Custom indicator SupResZone_MTF EURAUD.,H4: loaded successfully
2	11:40:42.022	Custom indicator SupResZone_MTF EURAUD.,H4: loaded successfully
2	11:40:42.033	Custom indicator SupResZone_MTF EURAUD.,H4: loaded successfully
2	11:40:42.045	Custom indicator MACD-2x EURAUD.,H4: loaded successfully
2	11:40:42.120	Custom indicator Laguerre-ACS1 EURAUD.,H4: loaded successfully
2	11:40:42.350	Custom indicator SupResZone_MTF AUDJPY.,H4: loaded successfully
2	11:40:42.360	Custom indicator SupResZone_MTF AUDJPY.,H4: loaded successfully
2	11:40:42.372	Custom indicator SupResZone_MTF AUDJPY.,H4: loaded successfully
2	11:40:42.384	Custom indicator SupResZone_MTF AUDJPY.,H4: loaded successfully
2	11:40:42.394	Custom indicator MACD-2x AUDJPY.,H4: loaded successfully
2	11:40:42.466	Custom indicator Laguerre-ACS1 AUDJPY.,H4: loaded successfully
2	11:40:42.708	Custom indicator SupResZone_MTF AUDUSD.,H4: loaded successfully
2	11:40:42.720	Custom indicator SupResZone_MTF AUDUSD.,H4: loaded successfully
2	11:40:42.732	Custom indicator SupResZone_MTF AUDUSD.,H4: loaded successfully
2	11:40:42.742	Custom indicator SupResZone_MTF AUDUSD.,H4: loaded successfully
2	11:40:42.752	Custom indicator MACD-2x AUDUSD.,H4: loaded successfully
2	11:40:42.824	Custom indicator Laguerre-ACS1 AUDUSD.,H4: loaded successfully
2	11:40:43.055	Custom indicator SupResZone_MTF USDJPY.,H1: loaded successfully
2	11:40:43.067	Custom indicator SupResZone_MTF USDJPY.,H1: loaded successfully
2	11:40:43.078	Custom indicator SupResZone_MTF USDJPY.,H1: loaded successfully
2	11:40:43.092	Custom indicator SupResZone_MTF USDJPY.,H1: loaded successfully
2	11:40:43.114	Custom indicator MACD-2x USDJPY.,H1: loaded successfully
2	11:40:43.194	Custom indicator Laguerre-ACS1 USDJPY.,H1: loaded successfully
2	11:40:43.567	Custom indicator SupResZone_MTF EURJPY.,H4: loaded successfully
2	11:40:43.577	Custom indicator SupResZone_MTF EURJPY.,H4: loaded successfully
2	11:40:43.589	Custom indicator SupResZone_MTF EURJPY.,H4: loaded successfully
2	11:40:43.601	Custom indicator SupResZone_MTF EURJPY.,H4: loaded successfully
2	11:40:43.612	Custom indicator MACD-2x EURJPY.,H4: loaded successfully
2	11:40:43.698	Custom indicator Laguerre-ACS1 EURJPY.,H4: loaded successfully
2	11:40:43.981	Custom indicator SupResZone_MTF EURUSD.,H4: loaded successfully
2	11:40:43.997	Custom indicator SupResZone_MTF EURUSD.,H4: loaded successfully
2	11:40:44.016	Custom indicator SupResZone_MTF EURUSD.,H4: loaded successfully
2	11:40:44.027	Custom indicator SupResZone_MTF EURUSD.,H4: loaded successfully
2	11:40:44.038	Custom indicator MACD-2x EURUSD.,H4: loaded successfully
2	11:40:44.113	Custom indicator Laguerre-ACS1 EURUSD.,H4: loaded successfully
2	11:40:44.370	Custom indicator SupResZone_MTF GBPJPY.,H4: loaded successfully
2	11:40:44.382	Custom indicator SupResZone_MTF GBPJPY.,H4: loaded successfully
2	11:40:44.405	Custom indicator SupResZone_MTF GBPJPY.,H4: loaded successfully
2	11:40:44.417	Custom indicator SupResZone_MTF GBPJPY.,H4: loaded successfully
2	11:40:44.428	Custom indicator MACD-2x GBPJPY.,H4: loaded successfully
2	11:40:44.508	Custom indicator Laguerre-ACS1 GBPJPY.,H4: loaded successfully
2	11:40:44.793	Custom indicator SupResZone_MTF GBPUSD.,H4: loaded successfully
2	11:40:44.807	Custom indicator SupResZone_MTF GBPUSD.,H4: loaded successfully
2	11:40:44.817	Custom indicator SupResZone_MTF GBPUSD.,H4: loaded successfully
2	11:40:44.828	Custom indicator SupResZone_MTF GBPUSD.,H4: loaded successfully
2	11:40:44.840	Custom indicator MACD-2x GBPUSD.,H4: loaded successfully
2	11:40:44.922	Custom indicator Laguerre-ACS1 GBPUSD.,H4: loaded successfully
2	11:40:45.269	Custom indicator SupResZone_MTF USDCAD.,H4: loaded successfully
2	11:40:45.290	Custom indicator SupResZone_MTF USDCAD.,H4: loaded successfully
2	11:40:45.309	Custom indicator SupResZone_MTF USDCAD.,H4: loaded successfully
2	11:40:45.322	Custom indicator SupResZone_MTF USDCAD.,H4: loaded successfully
2	11:40:45.335	Custom indicator MACD-2x USDCAD.,H4: loaded successfully
2	11:40:45.409	Custom indicator Laguerre-ACS1 USDCAD.,H4: loaded successfully
2	11:40:45.605	Custom indicator SupResZone_MTF USDCHF.,H4: loaded successfully
2	11:40:45.616	Custom indicator SupResZone_MTF USDCHF.,H4: loaded successfully
2	11:40:45.627	Custom indicator SupResZone_MTF USDCHF.,H4: loaded successfully
2	11:40:45.637	Custom indicator SupResZone_MTF USDCHF.,H4: loaded successfully
2	11:40:45.647	Custom indicator MACD-2x USDCHF.,H4: loaded successfully
2	11:40:45.726	Custom indicator Laguerre-ACS1 USDCHF.,H4: loaded successfully
2	11:40:46.014	Custom indicator SupResZone_MTF USDCNH,Daily: loaded successfully
2	11:40:46.025	Custom indicator SupResZone_MTF USDCNH,Daily: loaded successfully
2	11:40:46.036	Custom indicator SupResZone_MTF USDCNH,Daily: loaded successfully
2	11:40:46.046	Custom indicator SupResZone_MTF USDCNH,Daily: loaded successfully
2	11:40:46.057	Custom indicator MACD-2x USDCNH,Daily: loaded successfully
2	11:40:46.133	Custom indicator Laguerre-ACS1 USDCNH,Daily: loaded successfully
2	11:40:46.359	Custom indicator GMMA Long USDJPY.,H4: loaded successfully
2	11:40:46.369	Custom indicator GMMA Short USDJPY.,H4: loaded successfully
2	11:40:46.379	Custom indicator 23MTF_MovingAverageIGOR USDJPY.,H4: loaded successfully
2	11:40:46.387	Custom indicator 23MTF_MovingAverageIGOR USDJPY.,H4: loaded successfully
2	11:40:46.399	Custom indicator SupResZone_MTF USDJPY.,H4: loaded successfully
2	11:40:46.411	Custom indicator SupResZone_MTF USDJPY.,H4: loaded successfully
2	11:40:46.421	Custom indicator MACD-2x USDJPY.,H4: loaded successfully
2	11:40:46.709	Custom indicator SupResZone_MTF CHINA300,Daily: loaded successfully
2	11:40:46.720	Custom indicator SupResZone_MTF CHINA300,Daily: loaded successfully
2	11:40:46.731	Custom indicator SupResZone_MTF CHINA300,Daily: loaded successfully
2	11:40:46.741	Custom indicator SupResZone_MTF CHINA300,Daily: loaded successfully
2	11:40:46.751	Custom indicator MACD-2x CHINA300,Daily: loaded successfully
2	11:40:46.823	Custom indicator Laguerre-ACS1 CHINA300,Daily: loaded successfully
0	11:40:49.287	'120010550': login on PRC-Live through Server 5 (ping: 101.59 ms)
0	11:40:50.480	'120010550': login datacenter on PRC-Live through Server 5 (ping: 101.59 ms)
0	11:40:50.885	'120010550': previous successful authorization performed from 223.104.237.65
0	11:41:11.237	'120010550': auto connecting to a better access point Server 3 (ping is 127.56 ms)
0	11:41:12.001	'120010550': login on PRC-Live through Server 3 (ping: 127.56 ms)
0	11:41:13.480	'120010550': login datacenter on PRC-Live through Server 3 (ping: 127.56 ms)
0	11:41:13.974	'120010550': previous successful authorization performed from 101.131.181.23
1	12:20:15.424	'120010550': ping failed
1	12:20:15.426	'120010550': datacenter connecting failed [6]
0	12:20:20.102	'120010550': login on PRC-Live through Server 5 (ping: 138.03 ms)
0	12:20:22.199	'120010550': login datacenter on PRC-Live through Server 5 (ping: 138.03 ms)
0	12:20:23.561	'120010550': previous successful authorization performed from 101.131.181.23
1	13:20:39.596	'120010550': ping failed
0	13:20:49.390	'120010550': login on PRC-Live through Server 7 (ping: 167.59 ms)
0	13:21:55.726	'120010550': login on PRC-Live through Server 6 (ping: 154.08 ms)
0	13:22:26.963	'120010550': login on PRC-Live through Server 6 (ping: 154.08 ms)
0	13:22:55.723	'120010550': login datacenter on PRC-Live through Server 6 (ping: 154.08 ms)
0	13:22:56.885	'120010550': previous successful authorization performed from 101.131.181.23
0	13:23:11.291	'120010550': auto connecting to a better access point Server 3 (ping is 117.80 ms)
0	13:23:11.965	'120010550': login on PRC-Live through Server 3 (ping: 117.80 ms)
0	13:23:13.895	'120010550': login datacenter on PRC-Live through Server 3 (ping: 117.80 ms)
0	13:23:14.334	'120010550': previous successful authorization performed from 1.180.18.117
0	13:30:28.980	'120010550': login on PRC-Live through Server 3 (ping: 117.80 ms)
0	13:30:43.291	'120010550': login datacenter on PRC-Live through Server 3 (ping: 117.80 ms)
0	13:30:47.635	'120010550': previous successful authorization performed from 1.180.18.101
1	13:31:27.737	'120010550': ping failed
0	13:31:28.500	'120010550': login on PRC-Live through Server 3 (ping: 117.80 ms)
0	13:31:31.761	'120010550': login datacenter on PRC-Live through Server 3 (ping: 117.80 ms)
0	13:31:32.788	'120010550': previous successful authorization performed from 1.180.18.101
1	13:32:11.957	'120010550': ping failed
1	13:32:11.959	'120010550': datacenter connecting failed [6]
0	13:32:12.758	'120010550': login on PRC-Live through Server 5 (ping: 138.85 ms)
0	13:32:14.048	'120010550': login datacenter on PRC-Live through Server 5 (ping: 138.85 ms)
0	13:32:14.456	'120010550': previous successful authorization performed from 1.180.18.101
1	18:58:00.590	'120010550': ping failed
0	18:58:04.971	'120010550': login on PRC-Live through Server 7 (ping: 158.29 ms)
0	18:58:08.614	'120010550': login datacenter on PRC-Live through Server 7 (ping: 158.29 ms)
0	18:58:09.326	'120010550': previous successful authorization performed from 101.131.181.23
0	18:58:36.506	'120010550': auto connecting to a better access point Server 5 (ping is 138.03 ms)
0	18:58:37.242	'120010550': login on PRC-Live through Server 5 (ping: 138.03 ms)
0	18:58:38.755	'120010550': login datacenter on PRC-Live through Server 5 (ping: 138.03 ms)
0	18:58:39.219	'120010550': previous successful authorization performed from 1.180.18.117
1	21:30:32.596	'120010550': ping failed
0	21:30:42.555	'120010550': login on PRC-Live through Server 3 (ping: 191.59 ms)
0	21:30:45.160	'120010550': login datacenter on PRC-Live through Server 3 (ping: 191.59 ms)
0	21:30:45.779	'120010550': previous successful authorization performed from 101.131.181.23
0	21:31:08.522	'120010550': auto connecting to a better access point Server 5 (ping is 140.37 ms)
0	21:31:09.353	'120010550': login on PRC-Live through Server 5 (ping: 140.37 ms)
0	21:31:10.925	'120010550': login datacenter on PRC-Live through Server 5 (ping: 140.37 ms)
0	21:31:11.665	'120010550': previous successful authorization performed from 1.180.18.101
0	21:51:57.581	'120010550': modify order #11084942 sell 0.02 USDJPY. at 108.115 sl: 108.105 tp: 107.604 -> sl: 108.036 tp: 107.604
1	21:51:57.879	'120010550': modification of order #11084942 sell 0.02 USDJPY. at 108.115 sl: 108.105 tp: 107.604 -> sl: 108.036 tp: 107.604 failed [Market is closed]
0	21:52:01.754	'120010550': modify order #11084942 sell 0.02 USDJPY. at 108.115 sl: 108.105 tp: 107.604 -> sl: 108.023 tp: 107.604
1	21:52:02.025	'120010550': modification of order #11084942 sell 0.02 USDJPY. at 108.115 sl: 108.105 tp: 107.604 -> sl: 108.023 tp: 107.604 failed [Market is closed]
0	23:24:32.973	'120010550': login on PRC-Live through Server 5 (ping: 140.37 ms)
0	23:24:35.668	'120010550': login datacenter on PRC-Live through Server 5 (ping: 140.37 ms)
0	23:24:36.074	'120010550': previous successful authorization performed from 101.131.181.23
0	23:25:03.068	'120010550': auto connecting to a better access point Server 3 (ping is 130.18 ms)
0	23:25:03.915	'120010550': login on PRC-Live through Server 3 (ping: 130.18 ms)
0	23:25:05.752	'120010550': login datacenter on PRC-Live through Server 3 (ping: 130.18 ms)
0	23:25:06.298	'120010550': previous successful authorization performed from 101.131.181.23
2	23:27:57.598	Custom indicator SupResZone_MTF USDXXX,Daily: removed
2	23:27:57.598	Custom indicator SupResZone_MTF USDXXX,Daily: removed
2	23:27:57.598	Custom indicator SupResZone_MTF USDXXX,Daily: removed
2	23:27:57.598	Custom indicator SupResZone_MTF USDXXX,Daily: removed
2	23:27:57.614	Custom indicator MACD-2x USDXXX,Daily: removed
2	23:27:57.614	Custom indicator Laguerre-ACS1 USDXXX,Daily: removed
2	23:27:57.614	Custom indicator SupResZone_MTF XAUUSD.,H4: removed
2	23:27:57.614	Custom indicator SupResZone_MTF XAUUSD.,H4: removed
2	23:27:57.614	Custom indicator SupResZone_MTF XAUUSD.,H4: removed
2	23:27:57.614	Custom indicator SupResZone_MTF XAUUSD.,H4: removed
2	23:27:57.614	Custom indicator MACD-2x XAUUSD.,H4: removed
2	23:27:57.629	Custom indicator Laguerre-ACS1 XAUUSD.,H4: removed
2	23:27:57.629	Custom indicator SupResZone_MTF XAGUSD.,H4: removed
2	23:27:57.629	Custom indicator SupResZone_MTF XAGUSD.,H4: removed
2	23:27:57.629	Custom indicator SupResZone_MTF XAGUSD.,H4: removed
2	23:27:57.629	Custom indicator SupResZone_MTF XAGUSD.,H4: removed
2	23:27:57.629	Custom indicator MACD-2x XAGUSD.,H4: removed
2	23:27:57.629	Custom indicator Laguerre-ACS1 XAGUSD.,H4: removed
2	23:27:57.661	Custom indicator SupResZone_MTF US_OIL,Daily: removed
2	23:27:57.661	Custom indicator SupResZone_MTF US_OIL,Daily: removed
2	23:27:57.676	Custom indicator SupResZone_MTF US_OIL,Daily: removed
2	23:27:57.676	Custom indicator SupResZone_MTF US_OIL,Daily: removed
2	23:27:57.676	Custom indicator MACD-2x US_OIL,Daily: removed
2	23:27:57.676	Custom indicator Laguerre-ACS1 US_OIL,Daily: removed
2	23:27:57.708	Custom indicator SupResZone_MTF JP225,H4: removed
2	23:27:57.708	Custom indicator SupResZone_MTF JP225,H4: removed
2	23:27:57.708	Custom indicator SupResZone_MTF JP225,H4: removed
2	23:27:57.708	Custom indicator SupResZone_MTF JP225,H4: removed
2	23:27:57.708	Custom indicator MACD-2x JP225,H4: removed
2	23:27:57.708	Custom indicator Laguerre-ACS1 JP225,H4: removed
2	23:27:57.754	Custom indicator SupResZone_MTF SPX500,H4: removed
2	23:27:57.754	Custom indicator SupResZone_MTF SPX500,H4: removed
2	23:27:57.754	Custom indicator SupResZone_MTF SPX500,H4: removed
2	23:27:57.754	Custom indicator SupResZone_MTF SPX500,H4: removed
2	23:27:57.754	Custom indicator MACD-2x SPX500,H4: removed
2	23:27:57.754	Custom indicator Laguerre-ACS1 SPX500,H4: removed
2	23:27:57.786	Custom indicator SupResZone_MTF EURAUD.,H4: removed
2	23:27:57.786	Custom indicator SupResZone_MTF EURAUD.,H4: removed
2	23:27:57.786	Custom indicator SupResZone_MTF EURAUD.,H4: removed
2	23:27:57.786	Custom indicator SupResZone_MTF EURAUD.,H4: removed
2	23:27:57.786	Custom indicator MACD-2x EURAUD.,H4: removed
2	23:27:57.786	Custom indicator Laguerre-ACS1 EURAUD.,H4: removed
2	23:27:57.817	Custom indicator SupResZone_MTF AUDJPY.,H4: removed
2	23:27:57.817	Custom indicator SupResZone_MTF AUDJPY.,H4: removed
2	23:27:57.833	Custom indicator SupResZone_MTF AUDJPY.,H4: removed
2	23:27:57.833	Custom indicator SupResZone_MTF AUDJPY.,H4: removed
2	23:27:57.833	Custom indicator MACD-2x AUDJPY.,H4: removed
2	23:27:57.833	Custom indicator Laguerre-ACS1 AUDJPY.,H4: removed
2	23:27:57.864	Custom indicator SupResZone_MTF AUDUSD.,H4: removed
2	23:27:57.864	Custom indicator SupResZone_MTF AUDUSD.,H4: removed
2	23:27:57.864	Custom indicator SupResZone_MTF AUDUSD.,H4: removed
2	23:27:57.864	Custom indicator SupResZone_MTF AUDUSD.,H4: removed
2	23:27:57.864	Custom indicator MACD-2x AUDUSD.,H4: removed
2	23:27:57.864	Custom indicator Laguerre-ACS1 AUDUSD.,H4: removed
2	23:27:57.895	Custom indicator SupResZone_MTF USDJPY.,H4: removed
2	23:27:57.895	Custom indicator SupResZone_MTF USDJPY.,H4: removed
2	23:27:57.895	Custom indicator SupResZone_MTF USDJPY.,H4: removed
2	23:27:57.895	Custom indicator SupResZone_MTF USDJPY.,H4: removed
2	23:27:57.895	Custom indicator MACD-2x USDJPY.,H4: removed
2	23:27:57.895	Custom indicator Laguerre-ACS1 USDJPY.,H4: removed
2	23:27:57.911	Custom indicator SupResZone_MTF EURJPY.,H4: removed
2	23:27:57.911	Custom indicator SupResZone_MTF EURJPY.,H4: removed
2	23:27:57.911	Custom indicator SupResZone_MTF EURJPY.,H4: removed
2	23:27:57.911	Custom indicator SupResZone_MTF EURJPY.,H4: removed
2	23:27:57.911	Custom indicator MACD-2x EURJPY.,H4: removed
2	23:27:57.911	Custom indicator Laguerre-ACS1 EURJPY.,H4: removed
2	23:27:57.926	Custom indicator SupResZone_MTF EURUSD.,H4: removed
2	23:27:57.942	Custom indicator SupResZone_MTF EURUSD.,H4: removed
2	23:27:57.942	Custom indicator SupResZone_MTF EURUSD.,H4: removed
2	23:27:57.942	Custom indicator SupResZone_MTF EURUSD.,H4: removed
2	23:27:57.942	Custom indicator MACD-2x EURUSD.,H4: removed
2	23:27:57.942	Custom indicator Laguerre-ACS1 EURUSD.,H4: removed
2	23:27:57.973	Custom indicator SupResZone_MTF GBPJPY.,H4: removed
2	23:27:57.973	Custom indicator SupResZone_MTF GBPJPY.,H4: removed
2	23:27:57.973	Custom indicator SupResZone_MTF GBPJPY.,H4: removed
2	23:27:57.973	Custom indicator SupResZone_MTF GBPJPY.,H4: removed
2	23:27:57.973	Custom indicator MACD-2x GBPJPY.,H4: removed
2	23:27:57.973	Custom indicator Laguerre-ACS1 GBPJPY.,H4: removed
2	23:27:57.989	Custom indicator SupResZone_MTF GBPUSD.,H4: removed
2	23:27:58.004	Custom indicator SupResZone_MTF GBPUSD.,H4: removed
2	23:27:58.004	Custom indicator SupResZone_MTF GBPUSD.,H4: removed
2	23:27:58.004	Custom indicator SupResZone_MTF GBPUSD.,H4: removed
2	23:27:58.004	Custom indicator MACD-2x GBPUSD.,H4: removed
2	23:27:58.004	Custom indicator Laguerre-ACS1 GBPUSD.,H4: removed
2	23:27:58.020	Custom indicator SupResZone_MTF USDCAD.,H4: removed
2	23:27:58.036	Custom indicator SupResZone_MTF USDCAD.,H4: removed
2	23:27:58.036	Custom indicator SupResZone_MTF USDCAD.,H4: removed
2	23:27:58.036	Custom indicator SupResZone_MTF USDCAD.,H4: removed
2	23:27:58.036	Custom indicator MACD-2x USDCAD.,H4: removed
2	23:27:58.036	Custom indicator Laguerre-ACS1 USDCAD.,H4: removed
2	23:27:58.052	Custom indicator SupResZone_MTF USDCHF.,H4: removed
2	23:27:58.052	Custom indicator SupResZone_MTF USDCHF.,H4: removed
2	23:27:58.068	Custom indicator SupResZone_MTF USDCHF.,H4: removed
2	23:27:58.068	Custom indicator SupResZone_MTF USDCHF.,H4: removed
2	23:27:58.068	Custom indicator MACD-2x USDCHF.,H4: removed
2	23:27:58.068	Custom indicator Laguerre-ACS1 USDCHF.,H4: removed
2	23:27:58.068	Custom indicator SupResZone_MTF USDCNH,Daily: removed
2	23:27:58.068	Custom indicator SupResZone_MTF USDCNH,Daily: removed
2	23:27:58.068	Custom indicator SupResZone_MTF USDCNH,Daily: removed
2	23:27:58.083	Custom indicator SupResZone_MTF USDCNH,Daily: removed
2	23:27:58.083	Custom indicator MACD-2x USDCNH,Daily: removed
2	23:27:58.083	Custom indicator Laguerre-ACS1 USDCNH,Daily: removed
2	23:27:58.099	Custom indicator GMMA Long USDJPY.,H4: removed
2	23:27:58.099	Custom indicator GMMA Short USDJPY.,H4: removed
2	23:27:58.099	Custom indicator 23MTF_MovingAverageIGOR USDJPY.,H4: removed
2	23:27:58.099	Custom indicator 23MTF_MovingAverageIGOR USDJPY.,H4: removed
2	23:27:58.099	Custom indicator SupResZone_MTF USDJPY.,H4: removed
2	23:27:58.099	Custom indicator SupResZone_MTF USDJPY.,H4: removed
2	23:27:58.099	Custom indicator MACD-2x USDJPY.,H4: removed
2	23:27:58.119	Custom indicator SupResZone_MTF CHINA300,Daily: removed
2	23:27:58.119	Custom indicator SupResZone_MTF CHINA300,Daily: removed
2	23:27:58.119	Custom indicator SupResZone_MTF CHINA300,Daily: removed
2	23:27:58.119	Custom indicator SupResZone_MTF CHINA300,Daily: removed
2	23:27:58.119	Custom indicator MACD-2x CHINA300,Daily: removed
2	23:27:58.119	Custom indicator Laguerre-ACS1 CHINA300,Daily: removed
0	23:27:58.598	FX Trader build 1170 stopped
