2	00:30:45.474	Custom indicator SupResZone_MTF USDXXX,Daily: removed
2	00:30:45.477	Custom indicator SupResZone_MTF USDXXX,Daily: removed
2	00:30:45.481	Custom indicator SupResZone_MTF USDXXX,Daily: removed
2	00:30:45.484	Custom indicator SupResZone_MTF USDXXX,Daily: removed
2	00:30:45.487	Custom indicator MACD-2x USDXXX,Daily: removed
2	00:30:45.487	Custom indicator Laguerre-ACS1 USDXXX,Daily: removed
2	00:30:45.494	Custom indicator SupResZone_MTF XAUUSD.,H4: removed
2	00:30:45.496	Custom indicator SupResZone_MTF XAUUSD.,H4: removed
2	00:30:45.498	Custom indicator SupResZone_MTF XAUUSD.,H4: removed
2	00:30:45.500	Custom indicator SupResZone_MTF XAUUSD.,H4: removed
2	00:30:45.504	Custom indicator MACD-2x XAUUSD.,H4: removed
2	00:30:45.504	Custom indicator Laguerre-ACS1 XAUUSD.,H4: removed
2	00:30:45.512	Custom indicator SupResZone_MTF XAGUSD.,H4: removed
2	00:30:45.513	Custom indicator SupResZone_MTF XAGUSD.,H4: removed
2	00:30:45.514	Custom indicator SupResZone_MTF XAGUSD.,H4: removed
2	00:30:45.516	Custom indicator SupResZone_MTF XAGUSD.,H4: removed
2	00:30:45.520	Custom indicator MACD-2x XAGUSD.,H4: removed
2	00:30:45.520	Custom indicator Laguerre-ACS1 XAGUSD.,H4: removed
2	00:30:45.526	Custom indicator SupResZone_MTF US_OIL,H4: removed
2	00:30:45.527	Custom indicator SupResZone_MTF US_OIL,H4: removed
2	00:30:45.529	Custom indicator SupResZone_MTF US_OIL,H4: removed
2	00:30:45.530	Custom indicator SupResZone_MTF US_OIL,H4: removed
2	00:30:45.533	Custom indicator MACD-2x US_OIL,H4: removed
2	00:30:45.533	Custom indicator Laguerre-ACS1 US_OIL,H4: removed
2	00:30:45.540	Custom indicator SupResZone_MTF JP225,H4: removed
2	00:30:45.542	Custom indicator SupResZone_MTF JP225,H4: removed
2	00:30:45.543	Custom indicator SupResZone_MTF JP225,H4: removed
2	00:30:45.545	Custom indicator SupResZone_MTF JP225,H4: removed
2	00:30:45.547	Custom indicator MACD-2x JP225,H4: removed
2	00:30:45.547	Custom indicator Laguerre-ACS1 JP225,H4: removed
2	00:30:45.557	Custom indicator SupResZone_MTF SPX500,H4: removed
2	00:30:45.559	Custom indicator SupResZone_MTF SPX500,H4: removed
2	00:30:45.560	Custom indicator SupResZone_MTF SPX500,H4: removed
2	00:30:45.562	Custom indicator SupResZone_MTF SPX500,H4: removed
2	00:30:45.564	Custom indicator MACD-2x SPX500,H4: removed
2	00:30:45.564	Custom indicator Laguerre-ACS1 SPX500,H4: removed
2	00:30:45.573	Custom indicator SupResZone_MTF EURAUD.,H4: removed
2	00:30:45.574	Custom indicator SupResZone_MTF EURAUD.,H4: removed
2	00:30:45.576	Custom indicator SupResZone_MTF EURAUD.,H4: removed
2	00:30:45.577	Custom indicator SupResZone_MTF EURAUD.,H4: removed
2	00:30:45.579	Custom indicator MACD-2x EURAUD.,H4: removed
2	00:30:45.579	Custom indicator Laguerre-ACS1 EURAUD.,H4: removed
2	00:30:45.588	Custom indicator SupResZone_MTF AUDJPY.,H4: removed
2	00:30:45.589	Custom indicator SupResZone_MTF AUDJPY.,H4: removed
2	00:30:45.591	Custom indicator SupResZone_MTF AUDJPY.,H4: removed
2	00:30:45.592	Custom indicator SupResZone_MTF AUDJPY.,H4: removed
2	00:30:45.594	Custom indicator MACD-2x AUDJPY.,H4: removed
2	00:30:45.594	Custom indicator Laguerre-ACS1 AUDJPY.,H4: removed
2	00:30:45.601	Custom indicator SupResZone_MTF AUDUSD.,H4: removed
2	00:30:45.603	Custom indicator SupResZone_MTF AUDUSD.,H4: removed
2	00:30:45.605	Custom indicator SupResZone_MTF AUDUSD.,H4: removed
2	00:30:45.606	Custom indicator SupResZone_MTF AUDUSD.,H4: removed
2	00:30:45.608	Custom indicator MACD-2x AUDUSD.,H4: removed
2	00:30:45.608	Custom indicator Laguerre-ACS1 AUDUSD.,H4: removed
2	00:30:45.618	Custom indicator SupResZone_MTF USDJPY.,H4: removed
2	00:30:45.620	Custom indicator SupResZone_MTF USDJPY.,H4: removed
2	00:30:45.621	Custom indicator SupResZone_MTF USDJPY.,H4: removed
2	00:30:45.623	Custom indicator SupResZone_MTF USDJPY.,H4: removed
2	00:30:45.624	Custom indicator MACD-2x USDJPY.,H4: removed
2	00:30:45.624	Custom indicator Laguerre-ACS1 USDJPY.,H4: removed
2	00:30:45.632	Custom indicator SupResZone_MTF EURJPY.,H4: removed
2	00:30:45.634	Custom indicator SupResZone_MTF EURJPY.,H4: removed
2	00:30:45.636	Custom indicator SupResZone_MTF EURJPY.,H4: removed
2	00:30:45.638	Custom indicator SupResZone_MTF EURJPY.,H4: removed
2	00:30:45.639	Custom indicator MACD-2x EURJPY.,H4: removed
2	00:30:45.639	Custom indicator Laguerre-ACS1 EURJPY.,H4: removed
2	00:30:45.647	Custom indicator SupResZone_MTF EURUSD.,H4: removed
2	00:30:45.649	Custom indicator SupResZone_MTF EURUSD.,H4: removed
2	00:30:45.650	Custom indicator SupResZone_MTF EURUSD.,H4: removed
2	00:30:45.652	Custom indicator SupResZone_MTF EURUSD.,H4: removed
2	00:30:45.653	Custom indicator MACD-2x EURUSD.,H4: removed
2	00:30:45.653	Custom indicator Laguerre-ACS1 EURUSD.,H4: removed
2	00:30:45.660	Custom indicator SupResZone_MTF GBPJPY.,H4: removed
2	00:30:45.662	Custom indicator SupResZone_MTF GBPJPY.,H4: removed
2	00:30:45.664	Custom indicator SupResZone_MTF GBPJPY.,H4: removed
2	00:30:45.666	Custom indicator SupResZone_MTF GBPJPY.,H4: removed
2	00:30:45.669	Custom indicator MACD-2x GBPJPY.,H4: removed
2	00:30:45.669	Custom indicator Laguerre-ACS1 GBPJPY.,H4: removed
2	00:30:45.678	Custom indicator SupResZone_MTF GBPUSD.,H4: removed
2	00:30:45.679	Custom indicator SupResZone_MTF GBPUSD.,H4: removed
2	00:30:45.681	Custom indicator SupResZone_MTF GBPUSD.,H4: removed
2	00:30:45.682	Custom indicator SupResZone_MTF GBPUSD.,H4: removed
2	00:30:45.684	Custom indicator MACD-2x GBPUSD.,H4: removed
2	00:30:45.684	Custom indicator Laguerre-ACS1 GBPUSD.,H4: removed
2	00:30:45.691	Custom indicator SupResZone_MTF USDCAD.,H4: removed
2	00:30:45.693	Custom indicator SupResZone_MTF USDCAD.,H4: removed
2	00:30:45.694	Custom indicator SupResZone_MTF USDCAD.,H4: removed
2	00:30:45.695	Custom indicator SupResZone_MTF USDCAD.,H4: removed
2	00:30:45.697	Custom indicator MACD-2x USDCAD.,H4: removed
2	00:30:45.697	Custom indicator Laguerre-ACS1 USDCAD.,H4: removed
2	00:30:45.718	Custom indicator SupResZone_MTF USDCHF.,H1: removed
2	00:30:45.720	Custom indicator SupResZone_MTF USDCHF.,H1: removed
2	00:30:45.721	Custom indicator SupResZone_MTF USDCHF.,H1: removed
2	00:30:45.723	Custom indicator SupResZone_MTF USDCHF.,H1: removed
2	00:30:45.724	Custom indicator MACD-2x USDCHF.,H1: removed
2	00:30:45.724	Custom indicator Laguerre-ACS1 USDCHF.,H1: removed
2	00:30:45.732	Custom indicator SupResZone_MTF USDCNH,Daily: removed
2	00:30:45.735	Custom indicator SupResZone_MTF USDCNH,Daily: removed
2	00:30:45.736	Custom indicator SupResZone_MTF USDCNH,Daily: removed
2	00:30:45.738	Custom indicator SupResZone_MTF USDCNH,Daily: removed
2	00:30:45.740	Custom indicator MACD-2x USDCNH,Daily: removed
2	00:30:45.740	Custom indicator Laguerre-ACS1 USDCNH,Daily: removed
2	00:30:45.755	Custom indicator GMMA Long USDJPY.,H4: removed
2	00:30:45.756	Custom indicator GMMA Short USDJPY.,H4: removed
2	00:30:45.758	Custom indicator 23MTF_MovingAverageIGOR USDJPY.,H4: removed
2	00:30:45.760	Custom indicator 23MTF_MovingAverageIGOR USDJPY.,H4: removed
2	00:30:45.761	Custom indicator SupResZone_MTF USDJPY.,H4: removed
2	00:30:45.762	Custom indicator SupResZone_MTF USDJPY.,H4: removed
2	00:30:45.764	Custom indicator MACD-2x USDJPY.,H4: removed
2	00:30:45.777	Custom indicator SupResZone_MTF CHINA300,Daily: removed
2	00:30:45.778	Custom indicator SupResZone_MTF CHINA300,Daily: removed
2	00:30:45.779	Custom indicator SupResZone_MTF CHINA300,Daily: removed
2	00:30:45.781	Custom indicator SupResZone_MTF CHINA300,Daily: removed
2	00:30:45.783	Custom indicator MACD-2x CHINA300,Daily: removed
2	00:30:45.783	Custom indicator Laguerre-ACS1 CHINA300,Daily: removed
0	00:30:46.324	FX Trader build 1170 stopped
0	21:06:13.221	FX Trader build 1170 started (Performance Ronnaru Capital Ltd.)
0	21:06:13.221	Windows 10 Home x64, IE 11, UAC, 8 x Intel Core i7-6700HQ  @ 2.60GHz, Memory: 26989 / 32639 Mb, Disk: 138 / 264 Gb, GMT+8
0	21:06:13.221	Data Folder: C:\Users\tiany\AppData\Roaming\MetaQuotes\Terminal\79214103E7A6FC97F86082D309D0B84B
2	21:06:15.223	Custom indicator SupResZone_MTF USDXXX,Daily: loaded successfully
2	21:06:15.233	Custom indicator SupResZone_MTF USDXXX,Daily: loaded successfully
2	21:06:15.243	Custom indicator SupResZone_MTF USDXXX,Daily: loaded successfully
2	21:06:15.255	Custom indicator SupResZone_MTF USDXXX,Daily: loaded successfully
2	21:06:15.265	Custom indicator MACD-2x USDXXX,Daily: loaded successfully
2	21:06:15.335	Custom indicator Laguerre-ACS1 USDXXX,Daily: loaded successfully
2	21:06:15.482	Custom indicator SupResZone_MTF XAUUSD.,H4: loaded successfully
2	21:06:15.492	Custom indicator SupResZone_MTF XAUUSD.,H4: loaded successfully
2	21:06:15.503	Custom indicator SupResZone_MTF XAUUSD.,H4: loaded successfully
2	21:06:15.513	Custom indicator SupResZone_MTF XAUUSD.,H4: loaded successfully
2	21:06:15.524	Custom indicator MACD-2x XAUUSD.,H4: loaded successfully
2	21:06:15.599	Custom indicator Laguerre-ACS1 XAUUSD.,H4: loaded successfully
2	21:06:15.790	Custom indicator SupResZone_MTF XAGUSD.,H4: loaded successfully
2	21:06:15.800	Custom indicator SupResZone_MTF XAGUSD.,H4: loaded successfully
2	21:06:15.809	Custom indicator SupResZone_MTF XAGUSD.,H4: loaded successfully
2	21:06:15.819	Custom indicator SupResZone_MTF XAGUSD.,H4: loaded successfully
2	21:06:15.828	Custom indicator MACD-2x XAGUSD.,H4: loaded successfully
2	21:06:15.899	Custom indicator Laguerre-ACS1 XAGUSD.,H4: loaded successfully
2	21:06:16.064	Custom indicator SupResZone_MTF US_OIL,H4: loaded successfully
2	21:06:16.075	Custom indicator SupResZone_MTF US_OIL,H4: loaded successfully
2	21:06:16.085	Custom indicator SupResZone_MTF US_OIL,H4: loaded successfully
2	21:06:16.095	Custom indicator SupResZone_MTF US_OIL,H4: loaded successfully
2	21:06:16.105	Custom indicator MACD-2x US_OIL,H4: loaded successfully
2	21:06:16.175	Custom indicator Laguerre-ACS1 US_OIL,H4: loaded successfully
2	21:06:16.420	Custom indicator SupResZone_MTF JP225,H4: loaded successfully
2	21:06:16.432	Custom indicator SupResZone_MTF JP225,H4: loaded successfully
2	21:06:16.445	Custom indicator SupResZone_MTF JP225,H4: loaded successfully
2	21:06:16.457	Custom indicator SupResZone_MTF JP225,H4: loaded successfully
2	21:06:16.469	Custom indicator MACD-2x JP225,H4: loaded successfully
2	21:06:16.543	Custom indicator Laguerre-ACS1 JP225,H4: loaded successfully
2	21:06:16.774	Custom indicator SupResZone_MTF SPX500,H4: loaded successfully
2	21:06:16.787	Custom indicator SupResZone_MTF SPX500,H4: loaded successfully
2	21:06:16.797	Custom indicator SupResZone_MTF SPX500,H4: loaded successfully
2	21:06:16.807	Custom indicator SupResZone_MTF SPX500,H4: loaded successfully
2	21:06:16.817	Custom indicator MACD-2x SPX500,H4: loaded successfully
2	21:06:16.885	Custom indicator Laguerre-ACS1 SPX500,H4: loaded successfully
2	21:06:17.089	Custom indicator SupResZone_MTF EURAUD.,H4: loaded successfully
2	21:06:17.100	Custom indicator SupResZone_MTF EURAUD.,H4: loaded successfully
2	21:06:17.109	Custom indicator SupResZone_MTF EURAUD.,H4: loaded successfully
2	21:06:17.120	Custom indicator SupResZone_MTF EURAUD.,H4: loaded successfully
2	21:06:17.130	Custom indicator MACD-2x EURAUD.,H4: loaded successfully
2	21:06:17.199	Custom indicator Laguerre-ACS1 EURAUD.,H4: loaded successfully
2	21:06:17.373	Custom indicator SupResZone_MTF AUDJPY.,H4: loaded successfully
2	21:06:17.383	Custom indicator SupResZone_MTF AUDJPY.,H4: loaded successfully
2	21:06:17.393	Custom indicator SupResZone_MTF AUDJPY.,H4: loaded successfully
2	21:06:17.404	Custom indicator SupResZone_MTF AUDJPY.,H4: loaded successfully
2	21:06:17.414	Custom indicator MACD-2x AUDJPY.,H4: loaded successfully
2	21:06:17.485	Custom indicator Laguerre-ACS1 AUDJPY.,H4: loaded successfully
2	21:06:17.654	Custom indicator SupResZone_MTF AUDUSD.,H4: loaded successfully
2	21:06:17.665	Custom indicator SupResZone_MTF AUDUSD.,H4: loaded successfully
2	21:06:17.676	Custom indicator SupResZone_MTF AUDUSD.,H4: loaded successfully
2	21:06:17.686	Custom indicator SupResZone_MTF AUDUSD.,H4: loaded successfully
2	21:06:17.696	Custom indicator MACD-2x AUDUSD.,H4: loaded successfully
2	21:06:17.766	Custom indicator Laguerre-ACS1 AUDUSD.,H4: loaded successfully
2	21:06:17.943	Custom indicator SupResZone_MTF USDJPY.,H4: loaded successfully
2	21:06:17.955	Custom indicator SupResZone_MTF USDJPY.,H4: loaded successfully
2	21:06:17.966	Custom indicator SupResZone_MTF USDJPY.,H4: loaded successfully
2	21:06:17.977	Custom indicator SupResZone_MTF USDJPY.,H4: loaded successfully
2	21:06:17.988	Custom indicator MACD-2x USDJPY.,H4: loaded successfully
2	21:06:18.060	Custom indicator Laguerre-ACS1 USDJPY.,H4: loaded successfully
2	21:06:18.296	Custom indicator SupResZone_MTF EURJPY.,H4: loaded successfully
2	21:06:18.307	Custom indicator SupResZone_MTF EURJPY.,H4: loaded successfully
2	21:06:18.317	Custom indicator SupResZone_MTF EURJPY.,H4: loaded successfully
2	21:06:18.326	Custom indicator SupResZone_MTF EURJPY.,H4: loaded successfully
2	21:06:18.337	Custom indicator MACD-2x EURJPY.,H4: loaded successfully
2	21:06:18.406	Custom indicator Laguerre-ACS1 EURJPY.,H4: loaded successfully
2	21:06:18.652	Custom indicator SupResZone_MTF EURUSD.,H4: loaded successfully
2	21:06:18.663	Custom indicator SupResZone_MTF EURUSD.,H4: loaded successfully
2	21:06:18.674	Custom indicator SupResZone_MTF EURUSD.,H4: loaded successfully
2	21:06:18.684	Custom indicator SupResZone_MTF EURUSD.,H4: loaded successfully
2	21:06:18.694	Custom indicator MACD-2x EURUSD.,H4: loaded successfully
2	21:06:18.762	Custom indicator Laguerre-ACS1 EURUSD.,H4: loaded successfully
2	21:06:19.017	Custom indicator SupResZone_MTF GBPJPY.,H4: loaded successfully
2	21:06:19.031	Custom indicator SupResZone_MTF GBPJPY.,H4: loaded successfully
2	21:06:19.042	Custom indicator SupResZone_MTF GBPJPY.,H4: loaded successfully
2	21:06:19.052	Custom indicator SupResZone_MTF GBPJPY.,H4: loaded successfully
2	21:06:19.063	Custom indicator MACD-2x GBPJPY.,H4: loaded successfully
2	21:06:19.138	Custom indicator Laguerre-ACS1 GBPJPY.,H4: loaded successfully
2	21:06:19.368	Custom indicator SupResZone_MTF GBPUSD.,H4: loaded successfully
2	21:06:19.379	Custom indicator SupResZone_MTF GBPUSD.,H4: loaded successfully
2	21:06:19.391	Custom indicator SupResZone_MTF GBPUSD.,H4: loaded successfully
2	21:06:19.401	Custom indicator SupResZone_MTF GBPUSD.,H4: loaded successfully
2	21:06:19.411	Custom indicator MACD-2x GBPUSD.,H4: loaded successfully
2	21:06:19.489	Custom indicator Laguerre-ACS1 GBPUSD.,H4: loaded successfully
2	21:06:19.698	Custom indicator SupResZone_MTF USDCAD.,H4: loaded successfully
2	21:06:19.708	Custom indicator SupResZone_MTF USDCAD.,H4: loaded successfully
2	21:06:19.719	Custom indicator SupResZone_MTF USDCAD.,H4: loaded successfully
2	21:06:19.730	Custom indicator SupResZone_MTF USDCAD.,H4: loaded successfully
2	21:06:19.741	Custom indicator MACD-2x USDCAD.,H4: loaded successfully
2	21:06:19.816	Custom indicator Laguerre-ACS1 USDCAD.,H4: loaded successfully
2	21:06:20.013	Custom indicator SupResZone_MTF USDCHF.,H1: loaded successfully
2	21:06:20.024	Custom indicator SupResZone_MTF USDCHF.,H1: loaded successfully
2	21:06:20.033	Custom indicator SupResZone_MTF USDCHF.,H1: loaded successfully
2	21:06:20.044	Custom indicator SupResZone_MTF USDCHF.,H1: loaded successfully
2	21:06:20.054	Custom indicator MACD-2x USDCHF.,H1: loaded successfully
2	21:06:20.128	Custom indicator Laguerre-ACS1 USDCHF.,H1: loaded successfully
2	21:06:20.310	Custom indicator SupResZone_MTF USDCNH,Daily: loaded successfully
2	21:06:20.321	Custom indicator SupResZone_MTF USDCNH,Daily: loaded successfully
2	21:06:20.331	Custom indicator SupResZone_MTF USDCNH,Daily: loaded successfully
2	21:06:20.341	Custom indicator SupResZone_MTF USDCNH,Daily: loaded successfully
2	21:06:20.352	Custom indicator MACD-2x USDCNH,Daily: loaded successfully
2	21:06:20.433	Custom indicator Laguerre-ACS1 USDCNH,Daily: loaded successfully
2	21:06:20.577	Custom indicator GMMA Long USDJPY.,H4: loaded successfully
2	21:06:20.589	Custom indicator GMMA Short USDJPY.,H4: loaded successfully
2	21:06:20.599	Custom indicator 23MTF_MovingAverageIGOR USDJPY.,H4: loaded successfully
2	21:06:20.608	Custom indicator 23MTF_MovingAverageIGOR USDJPY.,H4: loaded successfully
2	21:06:20.618	Custom indicator SupResZone_MTF USDJPY.,H4: loaded successfully
2	21:06:20.629	Custom indicator SupResZone_MTF USDJPY.,H4: loaded successfully
2	21:06:20.640	Custom indicator MACD-2x USDJPY.,H4: loaded successfully
2	21:06:20.840	Custom indicator SupResZone_MTF CHINA300,Daily: loaded successfully
2	21:06:20.851	Custom indicator SupResZone_MTF CHINA300,Daily: loaded successfully
2	21:06:20.861	Custom indicator SupResZone_MTF CHINA300,Daily: loaded successfully
2	21:06:20.871	Custom indicator SupResZone_MTF CHINA300,Daily: loaded successfully
2	21:06:20.882	Custom indicator MACD-2x CHINA300,Daily: loaded successfully
2	21:06:20.951	Custom indicator Laguerre-ACS1 CHINA300,Daily: loaded successfully
0	21:06:23.026	'120010550': login on PRC-Live through Server 5 (ping: 93.50 ms)
0	21:06:24.611	'120010550': login datacenter on PRC-Live through Server 5 (ping: 93.50 ms)
0	21:06:24.966	'120010550': previous successful authorization performed from 223.104.237.145
0	21:06:43.114	'120010550': ping to current access point Server 5 is 103.17 ms
0	21:07:00.983	'120010550': order sell market 0.02 USDCHF. sl: 0.00000 tp: 0.00000
0	21:07:01.936	'120010550': order was opened : #11107180 sell 0.02 USDCHF. at 0.98203 sl: 0.00000 tp: 0.00000
0	21:08:53.497	'120010550': order sell market 0.01 US_OIL sl: 0.00 tp: 0.00
0	21:08:53.981	'120010550': order was opened : #11107186 sell 0.01 US_OIL at 55.56 sl: 0.00 tp: 0.00
0	21:54:37.226	'120010550': pending order sell stop 0.02 USDCHF. at 0.97913 sl: 0.00000 tp: 0.00000
0	21:54:38.173	'120010550': order was opened : #11107365 sell stop 0.02 USDCHF. at 0.97913 sl: 0.00000 tp: 0.00000
0	21:54:43.281	'120010550': modify pending order #11107365 sell stop 0.02 USDCHF. at 0.97913 sl: 0.00000 tp: 0.00000 -> price: 0.97955 sl: 0.00000 tp: 0.00000
0	21:54:43.579	'120010550': pending order #11107365 sell stop 0.02 USDCHF. was modified -> price: 0.97955 sl: 0.00000 tp: 0.00000
0	23:40:21.090	'120010550': order sell market 0.01 US_OIL sl: 0.00 tp: 0.00
0	23:40:21.642	'120010550': order was opened : #11108072 sell 0.01 US_OIL at 55.03 sl: 0.00 tp: 0.00
