0	22:38:14.975	FX Trader build 1170 started (Performance Ronnaru Capital Ltd.)
0	22:38:14.976	Windows 10 Home x64, IE 11, UAC, 8 x Intel Core i7-6700HQ  @ 2.60GHz, Memory: 25879 / 32639 Mb, Disk: 144 / 264 Gb, GMT+8
0	22:38:14.976	Data Folder: C:\Users\tiany\AppData\Roaming\MetaQuotes\Terminal\79214103E7A6FC97F86082D309D0B84B
2	22:38:16.911	Custom indicator SupResZone_MTF USDXXX,Daily: loaded successfully
2	22:38:16.923	Custom indicator SupResZone_MTF USDXXX,Daily: loaded successfully
2	22:38:16.935	Custom indicator SupResZone_MTF USDXXX,Daily: loaded successfully
2	22:38:16.947	Custom indicator SupResZone_MTF USDXXX,Daily: loaded successfully
2	22:38:16.961	Custom indicator MACD-2x USDXXX,Daily: loaded successfully
2	22:38:17.041	Custom indicator Laguerre-ACS1 USDXXX,Daily: loaded successfully
2	22:38:17.187	Custom indicator SupResZone_MTF XAUUSD.,H1: loaded successfully
2	22:38:17.199	Custom indicator SupResZone_MTF XAUUSD.,H1: loaded successfully
2	22:38:17.213	Custom indicator SupResZone_MTF XAUUSD.,H1: loaded successfully
2	22:38:17.225	Custom indicator SupResZone_MTF XAUUSD.,H1: loaded successfully
2	22:38:17.237	Custom indicator MACD-2x XAUUSD.,H1: loaded successfully
2	22:38:17.318	Custom indicator Laguerre-ACS1 XAUUSD.,H1: loaded successfully
2	22:38:17.567	Custom indicator SupResZone_MTF XAGUSD.,H1: loaded successfully
2	22:38:17.579	Custom indicator SupResZone_MTF XAGUSD.,H1: loaded successfully
2	22:38:17.591	Custom indicator SupResZone_MTF XAGUSD.,H1: loaded successfully
2	22:38:17.604	Custom indicator SupResZone_MTF XAGUSD.,H1: loaded successfully
2	22:38:17.615	Custom indicator MACD-2x XAGUSD.,H1: loaded successfully
2	22:38:17.702	Custom indicator Laguerre-ACS1 XAGUSD.,H1: loaded successfully
2	22:38:17.909	Custom indicator SupResZone_MTF US_OIL,H1: loaded successfully
2	22:38:17.921	Custom indicator SupResZone_MTF US_OIL,H1: loaded successfully
2	22:38:17.933	Custom indicator SupResZone_MTF US_OIL,H1: loaded successfully
2	22:38:17.945	Custom indicator SupResZone_MTF US_OIL,H1: loaded successfully
2	22:38:17.957	Custom indicator MACD-2x US_OIL,H1: loaded successfully
2	22:38:18.058	Custom indicator Laguerre-ACS1 US_OIL,H1: loaded successfully
2	22:38:18.340	Custom indicator SupResZone_MTF JP225,H1: loaded successfully
2	22:38:18.353	Custom indicator SupResZone_MTF JP225,H1: loaded successfully
2	22:38:18.365	Custom indicator SupResZone_MTF JP225,H1: loaded successfully
2	22:38:18.377	Custom indicator SupResZone_MTF JP225,H1: loaded successfully
2	22:38:18.391	Custom indicator MACD-2x JP225,H1: loaded successfully
2	22:38:18.483	Custom indicator Laguerre-ACS1 JP225,H1: loaded successfully
2	22:38:18.786	Custom indicator SupResZone_MTF SPX500,H1: loaded successfully
2	22:38:18.798	Custom indicator SupResZone_MTF SPX500,H1: loaded successfully
2	22:38:18.810	Custom indicator SupResZone_MTF SPX500,H1: loaded successfully
2	22:38:18.822	Custom indicator SupResZone_MTF SPX500,H1: loaded successfully
2	22:38:18.833	Custom indicator MACD-2x SPX500,H1: loaded successfully
2	22:38:18.922	Custom indicator Laguerre-ACS1 SPX500,H1: loaded successfully
2	22:38:19.190	Custom indicator SupResZone_MTF EURAUD.,H4: loaded successfully
2	22:38:19.204	Custom indicator SupResZone_MTF EURAUD.,H4: loaded successfully
2	22:38:19.216	Custom indicator SupResZone_MTF EURAUD.,H4: loaded successfully
2	22:38:19.227	Custom indicator SupResZone_MTF EURAUD.,H4: loaded successfully
2	22:38:19.239	Custom indicator MACD-2x EURAUD.,H4: loaded successfully
2	22:38:19.325	Custom indicator Laguerre-ACS1 EURAUD.,H4: loaded successfully
2	22:38:19.540	Custom indicator SupResZone_MTF AUDJPY.,H4: loaded successfully
2	22:38:19.552	Custom indicator SupResZone_MTF AUDJPY.,H4: loaded successfully
2	22:38:19.566	Custom indicator SupResZone_MTF AUDJPY.,H4: loaded successfully
2	22:38:19.577	Custom indicator SupResZone_MTF AUDJPY.,H4: loaded successfully
2	22:38:19.589	Custom indicator MACD-2x AUDJPY.,H4: loaded successfully
2	22:38:19.680	Custom indicator Laguerre-ACS1 AUDJPY.,H4: loaded successfully
2	22:38:19.890	Custom indicator SupResZone_MTF AUDUSD.,H4: loaded successfully
2	22:38:19.903	Custom indicator SupResZone_MTF AUDUSD.,H4: loaded successfully
2	22:38:19.919	Custom indicator SupResZone_MTF AUDUSD.,H4: loaded successfully
2	22:38:19.931	Custom indicator SupResZone_MTF AUDUSD.,H4: loaded successfully
2	22:38:19.944	Custom indicator MACD-2x AUDUSD.,H4: loaded successfully
2	22:38:20.061	Custom indicator Laguerre-ACS1 AUDUSD.,H4: loaded successfully
2	22:38:20.308	Custom indicator SupResZone_MTF USDJPY.,H4: loaded successfully
2	22:38:20.322	Custom indicator SupResZone_MTF USDJPY.,H4: loaded successfully
2	22:38:20.335	Custom indicator SupResZone_MTF USDJPY.,H4: loaded successfully
2	22:38:20.348	Custom indicator SupResZone_MTF USDJPY.,H4: loaded successfully
2	22:38:20.360	Custom indicator MACD-2x USDJPY.,H4: loaded successfully
2	22:38:20.459	Custom indicator Laguerre-ACS1 USDJPY.,H4: loaded successfully
2	22:38:20.735	Custom indicator SupResZone_MTF EURJPY.,H4: loaded successfully
2	22:38:20.755	Custom indicator SupResZone_MTF EURJPY.,H4: loaded successfully
2	22:38:20.772	Custom indicator SupResZone_MTF EURJPY.,H4: loaded successfully
2	22:38:20.792	Custom indicator SupResZone_MTF EURJPY.,H4: loaded successfully
2	22:38:20.814	Custom indicator MACD-2x EURJPY.,H4: loaded successfully
2	22:38:21.078	Custom indicator Laguerre-ACS1 EURJPY.,H4: loaded successfully
2	22:38:21.565	Custom indicator SupResZone_MTF EURUSD.,H4: loaded successfully
2	22:38:21.584	Custom indicator SupResZone_MTF EURUSD.,H4: loaded successfully
2	22:38:21.608	Custom indicator SupResZone_MTF EURUSD.,H4: loaded successfully
2	22:38:21.632	Custom indicator SupResZone_MTF EURUSD.,H4: loaded successfully
2	22:38:21.656	Custom indicator MACD-2x EURUSD.,H4: loaded successfully
2	22:38:21.807	Custom indicator Laguerre-ACS1 EURUSD.,H4: loaded successfully
2	22:38:22.107	Custom indicator SupResZone_MTF GBPJPY.,H4: loaded successfully
2	22:38:22.121	Custom indicator SupResZone_MTF GBPJPY.,H4: loaded successfully
2	22:38:22.136	Custom indicator SupResZone_MTF GBPJPY.,H4: loaded successfully
2	22:38:22.148	Custom indicator SupResZone_MTF GBPJPY.,H4: loaded successfully
2	22:38:22.159	Custom indicator MACD-2x GBPJPY.,H4: loaded successfully
2	22:38:22.242	Custom indicator Laguerre-ACS1 GBPJPY.,H4: loaded successfully
2	22:38:22.479	Custom indicator SupResZone_MTF GBPUSD.,H4: loaded successfully
2	22:38:22.491	Custom indicator SupResZone_MTF GBPUSD.,H4: loaded successfully
2	22:38:22.503	Custom indicator SupResZone_MTF GBPUSD.,H4: loaded successfully
2	22:38:22.514	Custom indicator SupResZone_MTF GBPUSD.,H4: loaded successfully
2	22:38:22.526	Custom indicator MACD-2x GBPUSD.,H4: loaded successfully
2	22:38:22.609	Custom indicator Laguerre-ACS1 GBPUSD.,H4: loaded successfully
2	22:38:22.927	Custom indicator SupResZone_MTF USDCAD.,Daily: loaded successfully
2	22:38:22.942	Custom indicator SupResZone_MTF USDCAD.,Daily: loaded successfully
2	22:38:22.960	Custom indicator SupResZone_MTF USDCAD.,Daily: loaded successfully
2	22:38:22.977	Custom indicator SupResZone_MTF USDCAD.,Daily: loaded successfully
2	22:38:22.994	Custom indicator MACD-2x USDCAD.,Daily: loaded successfully
2	22:38:23.110	Custom indicator Laguerre-ACS1 USDCAD.,Daily: loaded successfully
2	22:38:23.329	Custom indicator SupResZone_MTF USDCHF.,H4: loaded successfully
2	22:38:23.342	Custom indicator SupResZone_MTF USDCHF.,H4: loaded successfully
2	22:38:23.358	Custom indicator SupResZone_MTF USDCHF.,H4: loaded successfully
2	22:38:23.371	Custom indicator SupResZone_MTF USDCHF.,H4: loaded successfully
2	22:38:23.385	Custom indicator MACD-2x USDCHF.,H4: loaded successfully
2	22:38:23.471	Custom indicator Laguerre-ACS1 USDCHF.,H4: loaded successfully
2	22:38:23.713	Custom indicator MACD-2x USDCNH,Daily: loaded successfully
2	22:38:23.726	Custom indicator MACD-2x USDCNH,Daily: loaded successfully
2	22:38:23.806	Custom indicator Laguerre-ACS1 USDCNH,Daily: loaded successfully
2	22:38:23.891	Custom indicator GMMA Long USDJPY.,H1: loaded successfully
2	22:38:23.903	Custom indicator GMMA Short USDJPY.,H1: loaded successfully
2	22:38:23.913	Custom indicator 23MTF_MovingAverageIGOR USDJPY.,H1: loaded successfully
2	22:38:23.922	Custom indicator 23MTF_MovingAverageIGOR USDJPY.,H1: loaded successfully
2	22:38:23.934	Custom indicator SupResZone_MTF USDJPY.,H1: loaded successfully
2	22:38:23.947	Custom indicator SupResZone_MTF USDJPY.,H1: loaded successfully
2	22:38:23.957	Custom indicator MACD-2x USDJPY.,H1: loaded successfully
2	22:38:24.233	Custom indicator SupResZone_MTF CHINA300,Daily: loaded successfully
2	22:38:24.245	Custom indicator SupResZone_MTF CHINA300,Daily: loaded successfully
2	22:38:24.257	Custom indicator SupResZone_MTF CHINA300,Daily: loaded successfully
2	22:38:24.269	Custom indicator SupResZone_MTF CHINA300,Daily: loaded successfully
2	22:38:24.281	Custom indicator MACD-2x CHINA300,Daily: loaded successfully
2	22:38:24.361	Custom indicator Laguerre-ACS1 CHINA300,Daily: loaded successfully
0	22:38:30.215	'120010550': login on PRC-Live through Server 5 (ping: 96.27 ms)
0	22:38:35.024	'120010550': login datacenter on PRC-Live through Server 5 (ping: 96.27 ms)
0	22:38:35.444	'120010550': previous successful authorization performed from 223.104.176.138
0	22:39:00.805	'120010550': ping to current access point Server 5 is 98.59 ms
2	23:29:02.665	Custom indicator SupResZone_MTF USDXXX,Daily: removed
2	23:29:02.668	Custom indicator SupResZone_MTF USDXXX,Daily: removed
2	23:29:02.671	Custom indicator SupResZone_MTF USDXXX,Daily: removed
2	23:29:02.674	Custom indicator SupResZone_MTF USDXXX,Daily: removed
2	23:29:02.677	Custom indicator MACD-2x USDXXX,Daily: removed
2	23:29:02.677	Custom indicator Laguerre-ACS1 USDXXX,Daily: removed
2	23:29:02.722	Custom indicator SupResZone_MTF XAUUSD.,Daily: removed
2	23:29:02.725	Custom indicator SupResZone_MTF XAUUSD.,Daily: removed
2	23:29:02.728	Custom indicator SupResZone_MTF XAUUSD.,Daily: removed
2	23:29:02.730	Custom indicator SupResZone_MTF XAUUSD.,Daily: removed
2	23:29:02.733	Custom indicator MACD-2x XAUUSD.,Daily: removed
2	23:29:02.733	Custom indicator Laguerre-ACS1 XAUUSD.,Daily: removed
2	23:29:02.764	Custom indicator SupResZone_MTF XAGUSD.,H1: removed
2	23:29:02.766	Custom indicator SupResZone_MTF XAGUSD.,H1: removed
2	23:29:02.767	Custom indicator SupResZone_MTF XAGUSD.,H1: removed
2	23:29:02.770	Custom indicator SupResZone_MTF XAGUSD.,H1: removed
2	23:29:02.773	Custom indicator MACD-2x XAGUSD.,H1: removed
2	23:29:02.773	Custom indicator Laguerre-ACS1 XAGUSD.,H1: removed
2	23:29:02.780	Custom indicator SupResZone_MTF US_OIL,Daily: removed
2	23:29:02.782	Custom indicator SupResZone_MTF US_OIL,Daily: removed
2	23:29:02.784	Custom indicator SupResZone_MTF US_OIL,Daily: removed
2	23:29:02.787	Custom indicator SupResZone_MTF US_OIL,Daily: removed
2	23:29:02.790	Custom indicator MACD-2x US_OIL,Daily: removed
2	23:29:02.790	Custom indicator Laguerre-ACS1 US_OIL,Daily: removed
2	23:29:02.797	Custom indicator SupResZone_MTF JP225,Weekly: removed
2	23:29:02.798	Custom indicator SupResZone_MTF JP225,Weekly: removed
2	23:29:02.800	Custom indicator SupResZone_MTF JP225,Weekly: removed
2	23:29:02.802	Custom indicator SupResZone_MTF JP225,Weekly: removed
2	23:29:02.805	Custom indicator MACD-2x JP225,Weekly: removed
2	23:29:02.805	Custom indicator Laguerre-ACS1 JP225,Weekly: removed
2	23:29:02.832	Custom indicator SupResZone_MTF SPX500,Weekly: removed
2	23:29:02.835	Custom indicator SupResZone_MTF SPX500,Weekly: removed
2	23:29:02.837	Custom indicator SupResZone_MTF SPX500,Weekly: removed
2	23:29:02.838	Custom indicator SupResZone_MTF SPX500,Weekly: removed
2	23:29:02.841	Custom indicator MACD-2x SPX500,Weekly: removed
2	23:29:02.841	Custom indicator Laguerre-ACS1 SPX500,Weekly: removed
2	23:29:02.850	Custom indicator SupResZone_MTF EURAUD.,Weekly: removed
2	23:29:02.852	Custom indicator SupResZone_MTF EURAUD.,Weekly: removed
2	23:29:02.853	Custom indicator SupResZone_MTF EURAUD.,Weekly: removed
2	23:29:02.855	Custom indicator SupResZone_MTF EURAUD.,Weekly: removed
2	23:29:02.857	Custom indicator MACD-2x EURAUD.,Weekly: removed
2	23:29:02.857	Custom indicator Laguerre-ACS1 EURAUD.,Weekly: removed
2	23:29:02.862	Custom indicator SupResZone_MTF AUDJPY.,Weekly: removed
2	23:29:02.864	Custom indicator SupResZone_MTF AUDJPY.,Weekly: removed
2	23:29:02.865	Custom indicator SupResZone_MTF AUDJPY.,Weekly: removed
2	23:29:02.866	Custom indicator SupResZone_MTF AUDJPY.,Weekly: removed
2	23:29:02.868	Custom indicator MACD-2x AUDJPY.,Weekly: removed
2	23:29:02.868	Custom indicator Laguerre-ACS1 AUDJPY.,Weekly: removed
2	23:29:02.874	Custom indicator SupResZone_MTF AUDUSD.,H1: removed
2	23:29:02.875	Custom indicator SupResZone_MTF AUDUSD.,H1: removed
2	23:29:02.877	Custom indicator SupResZone_MTF AUDUSD.,H1: removed
2	23:29:02.879	Custom indicator SupResZone_MTF AUDUSD.,H1: removed
2	23:29:02.881	Custom indicator MACD-2x AUDUSD.,H1: removed
2	23:29:02.881	Custom indicator Laguerre-ACS1 AUDUSD.,H1: removed
2	23:29:02.887	Custom indicator SupResZone_MTF USDJPY.,H1: removed
2	23:29:02.889	Custom indicator SupResZone_MTF USDJPY.,H1: removed
2	23:29:02.891	Custom indicator SupResZone_MTF USDJPY.,H1: removed
2	23:29:02.893	Custom indicator SupResZone_MTF USDJPY.,H1: removed
2	23:29:02.895	Custom indicator MACD-2x USDJPY.,H1: removed
2	23:29:02.895	Custom indicator Laguerre-ACS1 USDJPY.,H1: removed
2	23:29:02.902	Custom indicator SupResZone_MTF EURJPY.,Monthly: removed
2	23:29:02.905	Custom indicator SupResZone_MTF EURJPY.,Monthly: removed
2	23:29:02.907	Custom indicator SupResZone_MTF EURJPY.,Monthly: removed
2	23:29:02.909	Custom indicator SupResZone_MTF EURJPY.,Monthly: removed
2	23:29:02.911	Custom indicator MACD-2x EURJPY.,Monthly: removed
2	23:29:02.911	Custom indicator Laguerre-ACS1 EURJPY.,Monthly: removed
2	23:29:02.917	Custom indicator SupResZone_MTF EURUSD.,Daily: removed
2	23:29:02.919	Custom indicator SupResZone_MTF EURUSD.,Daily: removed
2	23:29:02.921	Custom indicator SupResZone_MTF EURUSD.,Daily: removed
2	23:29:02.923	Custom indicator SupResZone_MTF EURUSD.,Daily: removed
2	23:29:02.924	Custom indicator MACD-2x EURUSD.,Daily: removed
2	23:29:02.924	Custom indicator Laguerre-ACS1 EURUSD.,Daily: removed
2	23:29:02.933	Custom indicator SupResZone_MTF GBPJPY.,H4: removed
2	23:29:02.935	Custom indicator SupResZone_MTF GBPJPY.,H4: removed
2	23:29:02.937	Custom indicator SupResZone_MTF GBPJPY.,H4: removed
2	23:29:02.939	Custom indicator SupResZone_MTF GBPJPY.,H4: removed
2	23:29:02.942	Custom indicator MACD-2x GBPJPY.,H4: removed
2	23:29:02.942	Custom indicator Laguerre-ACS1 GBPJPY.,H4: removed
2	23:29:02.965	Custom indicator SupResZone_MTF GBPUSD.,H1: removed
2	23:29:02.967	Custom indicator SupResZone_MTF GBPUSD.,H1: removed
2	23:29:02.969	Custom indicator SupResZone_MTF GBPUSD.,H1: removed
2	23:29:02.972	Custom indicator SupResZone_MTF GBPUSD.,H1: removed
2	23:29:02.975	Custom indicator MACD-2x GBPUSD.,H1: removed
2	23:29:02.975	Custom indicator Laguerre-ACS1 GBPUSD.,H1: removed
2	23:29:02.998	Custom indicator SupResZone_MTF USDCAD.,Daily: removed
2	23:29:03.000	Custom indicator SupResZone_MTF USDCAD.,Daily: removed
2	23:29:03.002	Custom indicator SupResZone_MTF USDCAD.,Daily: removed
2	23:29:03.003	Custom indicator SupResZone_MTF USDCAD.,Daily: removed
2	23:29:03.006	Custom indicator MACD-2x USDCAD.,Daily: removed
2	23:29:03.006	Custom indicator Laguerre-ACS1 USDCAD.,Daily: removed
2	23:29:03.013	Custom indicator SupResZone_MTF USDCHF.,H4: removed
2	23:29:03.015	Custom indicator SupResZone_MTF USDCHF.,H4: removed
2	23:29:03.017	Custom indicator SupResZone_MTF USDCHF.,H4: removed
2	23:29:03.019	Custom indicator SupResZone_MTF USDCHF.,H4: removed
2	23:29:03.022	Custom indicator MACD-2x USDCHF.,H4: removed
2	23:29:03.022	Custom indicator Laguerre-ACS1 USDCHF.,H4: removed
2	23:29:03.027	Custom indicator MACD-2x USDCNH,Daily: removed
2	23:29:03.029	Custom indicator MACD-2x USDCNH,Daily: removed
2	23:29:03.029	Custom indicator Laguerre-ACS1 USDCNH,Daily: removed
2	23:29:03.049	Custom indicator GMMA Long USDJPY.,H1: removed
2	23:29:03.051	Custom indicator GMMA Short USDJPY.,H1: removed
2	23:29:03.053	Custom indicator 23MTF_MovingAverageIGOR USDJPY.,H1: removed
2	23:29:03.055	Custom indicator 23MTF_MovingAverageIGOR USDJPY.,H1: removed
2	23:29:03.057	Custom indicator SupResZone_MTF USDJPY.,H1: removed
2	23:29:03.059	Custom indicator SupResZone_MTF USDJPY.,H1: removed
2	23:29:03.061	Custom indicator MACD-2x USDJPY.,H1: removed
2	23:29:03.072	Custom indicator SupResZone_MTF CHINA300,Daily: removed
2	23:29:03.074	Custom indicator SupResZone_MTF CHINA300,Daily: removed
2	23:29:03.076	Custom indicator SupResZone_MTF CHINA300,Daily: removed
2	23:29:03.077	Custom indicator SupResZone_MTF CHINA300,Daily: removed
2	23:29:03.079	Custom indicator MACD-2x CHINA300,Daily: removed
2	23:29:03.079	Custom indicator Laguerre-ACS1 CHINA300,Daily: removed
0	23:29:03.521	FX Trader build 1170 stopped
0	23:29:43.778	FX Trader build 1170 started (Performance Ronnaru Capital Ltd.)
0	23:29:43.779	Windows 10 Home x64, IE 11, UAC, 8 x Intel Core i7-6700HQ  @ 2.60GHz, Memory: 26231 / 32639 Mb, Disk: 144 / 264 Gb, GMT+8
0	23:29:43.779	Data Folder: C:\Users\tiany\AppData\Roaming\MetaQuotes\Terminal\79214103E7A6FC97F86082D309D0B84B
2	23:29:45.576	Custom indicator SupResZone_MTF USDXXX,Daily: loaded successfully
2	23:29:45.586	Custom indicator SupResZone_MTF USDXXX,Daily: loaded successfully
2	23:29:45.597	Custom indicator SupResZone_MTF USDXXX,Daily: loaded successfully
2	23:29:45.608	Custom indicator SupResZone_MTF USDXXX,Daily: loaded successfully
2	23:29:45.619	Custom indicator MACD-2x USDXXX,Daily: loaded successfully
2	23:29:45.695	Custom indicator Laguerre-ACS1 USDXXX,Daily: loaded successfully
2	23:29:45.832	Custom indicator SupResZone_MTF XAUUSD.,Daily: loaded successfully
2	23:29:45.842	Custom indicator SupResZone_MTF XAUUSD.,Daily: loaded successfully
2	23:29:45.854	Custom indicator SupResZone_MTF XAUUSD.,Daily: loaded successfully
2	23:29:45.865	Custom indicator SupResZone_MTF XAUUSD.,Daily: loaded successfully
2	23:29:45.875	Custom indicator MACD-2x XAUUSD.,Daily: loaded successfully
2	23:29:45.947	Custom indicator Laguerre-ACS1 XAUUSD.,Daily: loaded successfully
2	23:29:46.087	Custom indicator SupResZone_MTF XAGUSD.,H1: loaded successfully
2	23:29:46.100	Custom indicator SupResZone_MTF XAGUSD.,H1: loaded successfully
2	23:29:46.111	Custom indicator SupResZone_MTF XAGUSD.,H1: loaded successfully
2	23:29:46.123	Custom indicator SupResZone_MTF XAGUSD.,H1: loaded successfully
2	23:29:46.134	Custom indicator MACD-2x XAGUSD.,H1: loaded successfully
2	23:29:46.210	Custom indicator Laguerre-ACS1 XAGUSD.,H1: loaded successfully
2	23:29:46.404	Custom indicator SupResZone_MTF US_OIL,Daily: loaded successfully
2	23:29:46.417	Custom indicator SupResZone_MTF US_OIL,Daily: loaded successfully
2	23:29:46.428	Custom indicator SupResZone_MTF US_OIL,Daily: loaded successfully
2	23:29:46.438	Custom indicator SupResZone_MTF US_OIL,Daily: loaded successfully
2	23:29:46.447	Custom indicator MACD-2x US_OIL,Daily: loaded successfully
2	23:29:46.517	Custom indicator Laguerre-ACS1 US_OIL,Daily: loaded successfully
2	23:29:46.658	Custom indicator SupResZone_MTF JP225,Weekly: loaded successfully
2	23:29:46.668	Custom indicator SupResZone_MTF JP225,Weekly: loaded successfully
2	23:29:46.678	Custom indicator SupResZone_MTF JP225,Weekly: loaded successfully
2	23:29:46.688	Custom indicator SupResZone_MTF JP225,Weekly: loaded successfully
2	23:29:46.698	Custom indicator MACD-2x JP225,Weekly: loaded successfully
2	23:29:46.772	Custom indicator Laguerre-ACS1 JP225,Weekly: loaded successfully
2	23:29:46.877	Custom indicator SupResZone_MTF SPX500,Weekly: loaded successfully
2	23:29:46.886	Custom indicator SupResZone_MTF SPX500,Weekly: loaded successfully
2	23:29:46.897	Custom indicator SupResZone_MTF SPX500,Weekly: loaded successfully
2	23:29:46.908	Custom indicator SupResZone_MTF SPX500,Weekly: loaded successfully
2	23:29:46.919	Custom indicator MACD-2x SPX500,Weekly: loaded successfully
2	23:29:46.998	Custom indicator Laguerre-ACS1 SPX500,Weekly: loaded successfully
2	23:29:47.113	Custom indicator SupResZone_MTF EURAUD.,Weekly: loaded successfully
2	23:29:47.124	Custom indicator SupResZone_MTF EURAUD.,Weekly: loaded successfully
2	23:29:47.135	Custom indicator SupResZone_MTF EURAUD.,Weekly: loaded successfully
2	23:29:47.145	Custom indicator SupResZone_MTF EURAUD.,Weekly: loaded successfully
2	23:29:47.155	Custom indicator MACD-2x EURAUD.,Weekly: loaded successfully
2	23:29:47.228	Custom indicator Laguerre-ACS1 EURAUD.,Weekly: loaded successfully
2	23:29:47.336	Custom indicator SupResZone_MTF AUDJPY.,Weekly: loaded successfully
2	23:29:47.348	Custom indicator SupResZone_MTF AUDJPY.,Weekly: loaded successfully
2	23:29:47.359	Custom indicator SupResZone_MTF AUDJPY.,Weekly: loaded successfully
2	23:29:47.369	Custom indicator SupResZone_MTF AUDJPY.,Weekly: loaded successfully
2	23:29:47.379	Custom indicator MACD-2x AUDJPY.,Weekly: loaded successfully
2	23:29:47.448	Custom indicator Laguerre-ACS1 AUDJPY.,Weekly: loaded successfully
2	23:29:47.557	Custom indicator SupResZone_MTF AUDUSD.,H1: loaded successfully
2	23:29:47.568	Custom indicator SupResZone_MTF AUDUSD.,H1: loaded successfully
2	23:29:47.579	Custom indicator SupResZone_MTF AUDUSD.,H1: loaded successfully
2	23:29:47.589	Custom indicator SupResZone_MTF AUDUSD.,H1: loaded successfully
2	23:29:47.599	Custom indicator MACD-2x AUDUSD.,H1: loaded successfully
2	23:29:47.669	Custom indicator Laguerre-ACS1 AUDUSD.,H1: loaded successfully
2	23:29:47.873	Custom indicator SupResZone_MTF USDJPY.,H1: loaded successfully
2	23:29:47.886	Custom indicator SupResZone_MTF USDJPY.,H1: loaded successfully
2	23:29:47.898	Custom indicator SupResZone_MTF USDJPY.,H1: loaded successfully
2	23:29:47.909	Custom indicator SupResZone_MTF USDJPY.,H1: loaded successfully
2	23:29:47.919	Custom indicator MACD-2x USDJPY.,H1: loaded successfully
2	23:29:47.995	Custom indicator Laguerre-ACS1 USDJPY.,H1: loaded successfully
2	23:29:48.232	Custom indicator SupResZone_MTF EURJPY.,Monthly: loaded successfully
2	23:29:48.243	Custom indicator SupResZone_MTF EURJPY.,Monthly: loaded successfully
2	23:29:48.253	Custom indicator SupResZone_MTF EURJPY.,Monthly: loaded successfully
2	23:29:48.263	Custom indicator SupResZone_MTF EURJPY.,Monthly: loaded successfully
2	23:29:48.274	Custom indicator MACD-2x EURJPY.,Monthly: loaded successfully
2	23:29:48.351	Custom indicator Laguerre-ACS1 EURJPY.,Monthly: loaded successfully
2	23:29:48.465	Custom indicator SupResZone_MTF EURUSD.,Daily: loaded successfully
2	23:29:48.478	Custom indicator SupResZone_MTF EURUSD.,Daily: loaded successfully
2	23:29:48.488	Custom indicator SupResZone_MTF EURUSD.,Daily: loaded successfully
2	23:29:48.500	Custom indicator SupResZone_MTF EURUSD.,Daily: loaded successfully
2	23:29:48.511	Custom indicator MACD-2x EURUSD.,Daily: loaded successfully
2	23:29:48.585	Custom indicator Laguerre-ACS1 EURUSD.,Daily: loaded successfully
2	23:29:48.738	Custom indicator SupResZone_MTF GBPJPY.,H4: loaded successfully
2	23:29:48.751	Custom indicator SupResZone_MTF GBPJPY.,H4: loaded successfully
2	23:29:48.761	Custom indicator SupResZone_MTF GBPJPY.,H4: loaded successfully
2	23:29:48.771	Custom indicator SupResZone_MTF GBPJPY.,H4: loaded successfully
2	23:29:48.781	Custom indicator MACD-2x GBPJPY.,H4: loaded successfully
2	23:29:48.850	Custom indicator Laguerre-ACS1 GBPJPY.,H4: loaded successfully
2	23:29:49.047	Custom indicator SupResZone_MTF GBPUSD.,H1: loaded successfully
2	23:29:49.057	Custom indicator SupResZone_MTF GBPUSD.,H1: loaded successfully
2	23:29:49.069	Custom indicator SupResZone_MTF GBPUSD.,H1: loaded successfully
2	23:29:49.078	Custom indicator SupResZone_MTF GBPUSD.,H1: loaded successfully
2	23:29:49.088	Custom indicator MACD-2x GBPUSD.,H1: loaded successfully
2	23:29:49.162	Custom indicator Laguerre-ACS1 GBPUSD.,H1: loaded successfully
2	23:29:49.399	Custom indicator SupResZone_MTF USDCAD.,Daily: loaded successfully
2	23:29:49.410	Custom indicator SupResZone_MTF USDCAD.,Daily: loaded successfully
2	23:29:49.421	Custom indicator SupResZone_MTF USDCAD.,Daily: loaded successfully
2	23:29:49.430	Custom indicator SupResZone_MTF USDCAD.,Daily: loaded successfully
2	23:29:49.440	Custom indicator MACD-2x USDCAD.,Daily: loaded successfully
2	23:29:49.512	Custom indicator Laguerre-ACS1 USDCAD.,Daily: loaded successfully
2	23:29:49.665	Custom indicator SupResZone_MTF USDCHF.,H4: loaded successfully
2	23:29:49.675	Custom indicator SupResZone_MTF USDCHF.,H4: loaded successfully
2	23:29:49.685	Custom indicator SupResZone_MTF USDCHF.,H4: loaded successfully
2	23:29:49.695	Custom indicator SupResZone_MTF USDCHF.,H4: loaded successfully
2	23:29:49.705	Custom indicator MACD-2x USDCHF.,H4: loaded successfully
2	23:29:49.776	Custom indicator Laguerre-ACS1 USDCHF.,H4: loaded successfully
2	23:29:49.962	Custom indicator MACD-2x USDCNH,Daily: loaded successfully
2	23:29:49.972	Custom indicator MACD-2x USDCNH,Daily: loaded successfully
2	23:29:50.042	Custom indicator Laguerre-ACS1 USDCNH,Daily: loaded successfully
2	23:29:50.117	Custom indicator GMMA Long USDJPY.,H1: loaded successfully
2	23:29:50.128	Custom indicator GMMA Short USDJPY.,H1: loaded successfully
2	23:29:50.136	Custom indicator 23MTF_MovingAverageIGOR USDJPY.,H1: loaded successfully
2	23:29:50.144	Custom indicator 23MTF_MovingAverageIGOR USDJPY.,H1: loaded successfully
2	23:29:50.157	Custom indicator SupResZone_MTF USDJPY.,H1: loaded successfully
2	23:29:50.167	Custom indicator SupResZone_MTF USDJPY.,H1: loaded successfully
2	23:29:50.178	Custom indicator MACD-2x USDJPY.,H1: loaded successfully
2	23:29:50.400	Custom indicator SupResZone_MTF CHINA300,Daily: loaded successfully
2	23:29:50.413	Custom indicator SupResZone_MTF CHINA300,Daily: loaded successfully
2	23:29:50.423	Custom indicator SupResZone_MTF CHINA300,Daily: loaded successfully
2	23:29:50.433	Custom indicator SupResZone_MTF CHINA300,Daily: loaded successfully
2	23:29:50.443	Custom indicator MACD-2x CHINA300,Daily: loaded successfully
2	23:29:50.511	Custom indicator Laguerre-ACS1 CHINA300,Daily: loaded successfully
0	23:29:52.769	'120010550': login on PRC-Live through Server 5 (ping: 98.59 ms)
0	23:29:55.142	'120010550': login datacenter on PRC-Live through Server 5 (ping: 98.59 ms)
0	23:29:55.610	'120010550': previous successful authorization performed from 101.131.181.36
