0	22:03:41.721	FX Trader build 1170 started (Performance Ronnaru Capital Ltd.)
0	22:03:41.722	Windows 10 Home x64, IE 11, UAC, 8 x Intel Core i7-6700HQ  @ 2.60GHz, Memory: 27853 / 32639 Mb, Disk: 139 / 264 Gb, GMT+9
0	22:03:41.722	Data Folder: C:\Users\tiany\AppData\Roaming\MetaQuotes\Terminal\79214103E7A6FC97F86082D309D0B84B
2	22:03:43.510	Custom indicator MACD-2x EURAUD.,H4: loaded successfully
2	22:03:43.523	Custom indicator MACD-2x EURAUD.,H4: loaded successfully
2	22:03:43.611	Custom indicator Laguerre-ACS1 EURAUD.,H4: loaded successfully
2	22:03:43.676	Custom indicator MACD-2x XAUUSD.,H4: loaded successfully
2	22:03:43.690	Custom indicator MACD-2x XAUUSD.,H4: loaded successfully
2	22:03:43.775	Custom indicator Laguerre-ACS1 XAUUSD.,H4: loaded successfully
2	22:03:43.848	Custom indicator MACD-2x US_OIL,H4: loaded successfully
2	22:03:43.860	Custom indicator MACD-2x US_OIL,H4: loaded successfully
2	22:03:43.943	Custom indicator Laguerre-ACS1 US_OIL,H4: loaded successfully
2	22:03:44.009	Custom indicator MACD-2x JP225,H4: loaded successfully
2	22:03:44.018	Custom indicator MACD-2x JP225,H4: loaded successfully
2	22:03:44.094	Custom indicator Laguerre-ACS1 JP225,H4: loaded successfully
2	22:03:44.163	Custom indicator MACD-2x SPX500,H4: loaded successfully
2	22:03:44.176	Custom indicator MACD-2x SPX500,H4: loaded successfully
2	22:03:44.274	Custom indicator Laguerre-ACS1 SPX500,H4: loaded successfully
2	22:03:44.354	Custom indicator MACD-2x NDX100,H4: loaded successfully
2	22:03:44.369	Custom indicator MACD-2x NDX100,H4: loaded successfully
2	22:03:44.470	Custom indicator Laguerre-ACS1 NDX100,H4: loaded successfully
2	22:03:44.550	Custom indicator MACD-2x USDJPY.,H1: loaded successfully
2	22:03:44.562	Custom indicator MACD-2x USDJPY.,H1: loaded successfully
2	22:03:44.652	Custom indicator Laguerre-ACS1 USDJPY.,H1: loaded successfully
2	22:03:44.744	Custom indicator MACD-2x EURUSD.,H4: loaded successfully
2	22:03:44.758	Custom indicator MACD-2x EURUSD.,H4: loaded successfully
2	22:03:44.852	Custom indicator Laguerre-ACS1 EURUSD.,H4: loaded successfully
2	22:03:44.948	Custom indicator MACD-2x GBPUSD.,H1: loaded successfully
2	22:03:44.961	Custom indicator MACD-2x GBPUSD.,H1: loaded successfully
2	22:03:45.044	Custom indicator Laguerre-ACS1 GBPUSD.,H1: loaded successfully
2	22:03:45.137	Custom indicator MACD-2x GBPJPY.,H4: loaded successfully
2	22:03:45.148	Custom indicator MACD-2x GBPJPY.,H4: loaded successfully
2	22:03:45.231	Custom indicator Laguerre-ACS1 GBPJPY.,H4: loaded successfully
2	22:03:45.318	Custom indicator MACD-2x AUDUSD.,Daily: loaded successfully
2	22:03:45.335	Custom indicator MACD-2x AUDUSD.,Daily: loaded successfully
2	22:03:45.424	Custom indicator Laguerre-ACS1 AUDUSD.,Daily: loaded successfully
2	22:03:45.505	Custom indicator MACD-2x USDCHF.,H4: loaded successfully
2	22:03:45.518	Custom indicator MACD-2x USDCHF.,H4: loaded successfully
2	22:03:45.605	Custom indicator Laguerre-ACS1 USDCHF.,H4: loaded successfully
2	22:03:45.689	Custom indicator MACD-2x USDCAD.,H4: loaded successfully
2	22:03:45.700	Custom indicator MACD-2x USDCAD.,H4: loaded successfully
2	22:03:45.792	Custom indicator Laguerre-ACS1 USDCAD.,H4: loaded successfully
0	22:03:47.693	'120010550': login on PRC-Live through Server 3 (ping: 49.86 ms)
0	22:03:48.534	'120010550': login datacenter on PRC-Live through Server 3 (ping: 49.86 ms)
0	22:03:48.808	'120010550': previous successful authorization performed from 106.181.127.144
0	22:04:06.808	'120010550': ping to current access point Server 3 is 71.27 ms
0	22:05:13.509	'120010550': modify order #10884280 sell 0.01 XAUUSD. at 1268.58 sl: 1292.00 tp: 0.00 -> sl: 1292.63 tp: 0.00
0	22:05:14.083	'120010550': order #10884280 sell 0.01 XAUUSD. at 1268.58 was modified -> sl: 1292.63 tp: 0.00
0	22:05:19.176	'120010550': modify order #10884911 sell 0.01 XAUUSD. at 1270.74 sl: 1292.00 tp: 0.00 -> sl: 1292.51 tp: 0.00
0	22:05:19.490	'120010550': order #10884911 sell 0.01 XAUUSD. at 1270.74 was modified -> sl: 1292.51 tp: 0.00
0	22:05:23.359	'120010550': modify order #10886719 sell 0.01 XAUUSD. at 1270.44 sl: 1292.00 tp: 0.00 -> sl: 1292.63 tp: 0.00
0	22:05:23.680	'120010550': order #10886719 sell 0.01 XAUUSD. at 1270.44 was modified -> sl: 1292.63 tp: 0.00
0	22:05:30.245	'120010550': modify order #10904298 sell 0.01 XAUUSD. at 1269.88 sl: 1292.00 tp: 0.00 -> sl: 1292.27 tp: 0.00
0	22:05:31.089	'120010550': order #10904298 sell 0.01 XAUUSD. at 1269.88 was modified -> sl: 1292.27 tp: 0.00
2	22:06:54.101	Custom indicator MACD-2x XAGUSD.,H1: loaded successfully
2	22:06:54.112	Custom indicator MACD-2x XAGUSD.,H1: loaded successfully
2	22:06:54.193	Custom indicator Laguerre-ACS1 XAGUSD.,H1: loaded successfully
0	22:08:17.745	'120010550': modify order #10913599 sell 0.01 XAGUSD. at 14.794 sl: 0.000 tp: 14.700 -> sl: 15.073 tp: 14.700
0	22:08:18.114	'120010550': order #10913599 sell 0.01 XAGUSD. at 14.794 was modified -> sl: 15.073 tp: 14.700
0	22:08:34.382	'120010550': modify order #10910592 sell 0.01 XAGUSD. at 14.765 sl: 0.000 tp: 0.000 -> sl: 15.073 tp: 0.000
0	22:08:34.544	'120010550': order #10910592 sell 0.01 XAGUSD. at 14.765 was modified -> sl: 15.073 tp: 0.000
0	22:08:38.135	'120010550': modify order #10909051 sell 0.01 XAGUSD. at 14.845 sl: 0.000 tp: 0.000 -> sl: 0.000 tp: 14.816
0	22:08:39.140	'120010550': order #10909051 sell 0.01 XAGUSD. at 14.845 was modified -> sl: 0.000 tp: 14.816
0	22:09:00.656	'120010550': modify order #10907962 sell 0.01 XAUUSD. at 1280.34 sl: 0.00 tp: 0.00 -> sl: 0.00 tp: 1279.39
0	22:09:01.227	'120010550': order #10907962 sell 0.01 XAUUSD. at 1280.34 was modified -> sl: 0.00 tp: 1279.39
2	22:12:57.652	Custom indicator MACD-2x JP225,H1: removed
2	22:12:57.654	Custom indicator MACD-2x JP225,H1: removed
2	22:12:57.654	Custom indicator Laguerre-ACS1 JP225,H1: removed
2	22:12:57.747	Custom indicator span_model JP225,H1: loaded successfully
2	22:12:57.762	Custom indicator MACD-2x JP225,H1: loaded successfully
2	22:12:57.773	Custom indicator MACD-2x JP225,H1: loaded successfully
2	22:12:57.862	Custom indicator Laguerre-ACS1 JP225,H1: loaded successfully
2	22:13:43.857	Custom indicator MACD-2x XAUUSD.,H4: removed
2	22:13:43.858	Custom indicator MACD-2x XAUUSD.,H4: removed
2	22:13:43.858	Custom indicator Laguerre-ACS1 XAUUSD.,H4: removed
2	22:13:43.942	Custom indicator span_model XAUUSD.,H4: loaded successfully
2	22:13:43.953	Custom indicator MACD-2x XAUUSD.,H4: loaded successfully
2	22:13:43.966	Custom indicator MACD-2x XAUUSD.,H4: loaded successfully
2	22:13:44.050	Custom indicator Laguerre-ACS1 XAUUSD.,H4: loaded successfully
0	22:14:22.295	'120010550': modify order #10884280 sell 0.01 XAUUSD. at 1268.58 sl: 1292.63 tp: 0.00 -> sl: 1294.68 tp: 0.00
0	22:14:23.145	'120010550': order #10884280 sell 0.01 XAUUSD. at 1268.58 was modified -> sl: 1294.68 tp: 0.00
0	22:14:26.937	'120010550': modify order #10886719 sell 0.01 XAUUSD. at 1270.44 sl: 1292.63 tp: 0.00 -> sl: 1294.92 tp: 0.00
0	22:14:27.380	'120010550': order #10886719 sell 0.01 XAUUSD. at 1270.44 was modified -> sl: 1294.92 tp: 0.00
0	22:14:31.380	'120010550': modify order #10884911 sell 0.01 XAUUSD. at 1270.74 sl: 1292.51 tp: 0.00 -> sl: 1294.92 tp: 0.00
0	22:14:32.195	'120010550': order #10884911 sell 0.01 XAUUSD. at 1270.74 was modified -> sl: 1294.92 tp: 0.00
0	22:14:38.526	'120010550': modify order #10904298 sell 0.01 XAUUSD. at 1269.88 sl: 1292.27 tp: 0.00 -> sl: 1295.64 tp: 0.00
0	22:14:39.209	'120010550': order #10904298 sell 0.01 XAUUSD. at 1269.88 was modified -> sl: 1295.64 tp: 0.00
2	22:14:54.123	Custom indicator span_model XAUUSD.,H4: removed
2	22:14:54.125	Custom indicator MACD-2x XAUUSD.,H4: removed
2	22:14:54.126	Custom indicator MACD-2x XAUUSD.,H4: removed
2	22:14:54.127	Custom indicator Laguerre-ACS1 XAUUSD.,H4: removed
2	22:14:54.137	Custom indicator MACD-2x XAUUSD.,H4: loaded successfully
2	22:14:54.147	Custom indicator MACD-2x XAUUSD.,H4: loaded successfully
2	22:14:54.218	Custom indicator Laguerre-ACS1 XAUUSD.,H4: loaded successfully
0	22:15:44.498	'120010550': modify order #10913599 sell 0.01 XAGUSD. at 14.794 sl: 15.073 tp: 14.700 -> sl: 15.073 tp: 14.774
0	22:15:44.753	'120010550': order #10913599 sell 0.01 XAGUSD. at 14.794 was modified -> sl: 15.073 tp: 14.774
0	22:15:47.645	'120010550': modify order #10910592 sell 0.01 XAGUSD. at 14.765 sl: 15.073 tp: 0.000 -> sl: 15.073 tp: 14.728
0	22:15:48.381	'120010550': order #10910592 sell 0.01 XAGUSD. at 14.765 was modified -> sl: 15.073 tp: 14.728
0	22:15:56.919	'120010550': modify order #10903700 sell 0.01 XAGUSD. at 14.610 sl: 0.000 tp: 0.000 -> sl: 0.000 tp: 14.584
0	22:15:58.195	'120010550': order #10903700 sell 0.01 XAGUSD. at 14.610 was modified -> sl: 0.000 tp: 14.584
0	22:16:24.046	'120010550': modify order #10913599 sell 0.01 XAGUSD. at 14.794 sl: 15.073 tp: 14.774 -> sl: 15.073 tp: 14.770
0	22:16:24.256	'120010550': order #10913599 sell 0.01 XAGUSD. at 14.794 was modified -> sl: 15.073 tp: 14.770
0	22:16:26.621	'120010550': modify order #10910592 sell 0.01 XAGUSD. at 14.765 sl: 15.073 tp: 14.728 -> sl: 15.073 tp: 14.668
0	22:16:26.867	'120010550': order #10910592 sell 0.01 XAGUSD. at 14.765 was modified -> sl: 15.073 tp: 14.668
0	22:16:30.645	'120010550': modify order #10910592 sell 0.01 XAGUSD. at 14.765 sl: 15.073 tp: 14.668 -> sl: 15.073 tp: 14.744
0	22:16:31.055	'120010550': order #10910592 sell 0.01 XAGUSD. at 14.765 was modified -> sl: 15.073 tp: 14.744
2	22:19:49.348	Custom indicator span_model JP225,H4: removed
2	22:19:49.350	Custom indicator MACD-2x JP225,H4: removed
2	22:19:49.352	Custom indicator MACD-2x JP225,H4: removed
2	22:19:49.352	Custom indicator Laguerre-ACS1 JP225,H4: removed
2	22:19:49.365	Custom indicator MACD-2x JP225,H4: loaded successfully
2	22:19:49.375	Custom indicator MACD-2x JP225,H4: loaded successfully
2	22:19:49.451	Custom indicator Laguerre-ACS1 JP225,H4: loaded successfully
2	22:22:13.074	Custom indicator MACD-2x EURJPY.,H1: loaded successfully
2	22:22:13.084	Custom indicator MACD-2x EURJPY.,H1: loaded successfully
2	22:22:13.155	Custom indicator Laguerre-ACS1 EURJPY.,H1: loaded successfully
0	22:23:07.022	'120010550': modify order #10876435 sell 0.01 EURAUD. at 1.57417 sl: 1.61570 tp: 1.57100 -> sl: 1.61337 tp: 1.57100
0	22:23:08.183	'120010550': order #10876435 sell 0.01 EURAUD. at 1.57417 was modified -> sl: 1.61337 tp: 1.57100
0	22:23:13.778	'120010550': modify order #10880150 sell 0.01 EURAUD. at 1.57246 sl: 1.61596 tp: 1.57111 -> sl: 1.61415 tp: 1.57111
0	22:23:14.389	'120010550': order #10880150 sell 0.01 EURAUD. at 1.57246 was modified -> sl: 1.61415 tp: 1.57111
0	23:06:08.852	'120010550': order sell market 0.01 GBPUSD. sl: 0.00000 tp: 0.00000
0	23:06:10.007	'120010550': order was opened : #10917663 sell 0.01 GBPUSD. at 1.30021 sl: 0.00000 tp: 0.00000
0	23:06:15.873	'120010550': modify order #10917663 sell 0.01 GBPUSD. at 1.30021 sl: 0.00000 tp: 0.00000 -> sl: 1.30843 tp: 0.00000
0	23:06:17.040	'120010550': order #10917663 sell 0.01 GBPUSD. at 1.30021 was modified -> sl: 1.30843 tp: 0.00000
0	23:06:22.318	'120010550': modify order #10917663 sell 0.01 GBPUSD. at 1.30021 sl: 1.30843 tp: 0.00000 -> sl: 1.30843 tp: 1.29214
0	23:06:23.075	'120010550': order #10917663 sell 0.01 GBPUSD. at 1.30021 was modified -> sl: 1.30843 tp: 1.29214
0	23:13:21.390	'120010550': modify order #10909051 sell 0.01 XAGUSD. at 14.845 sl: 0.000 tp: 14.816 -> sl: 0.000 tp: 14.822
0	23:13:22.266	'120010550': order #10909051 sell 0.01 XAGUSD. at 14.845 was modified -> sl: 0.000 tp: 14.822
0	23:13:30.327	'120010550': modify order #10909051 sell 0.01 XAGUSD. at 14.845 sl: 0.000 tp: 14.822 -> sl: 0.000 tp: 14.826
0	23:13:30.695	'120010550': order #10909051 sell 0.01 XAGUSD. at 14.845 was modified -> sl: 0.000 tp: 14.826
0	23:13:44.869	'120010550': modify order #10903700 sell 0.01 XAGUSD. at 14.610 sl: 0.000 tp: 14.584 -> sl: 0.000 tp: 14.567
0	23:13:46.116	'120010550': order #10903700 sell 0.01 XAGUSD. at 14.610 was modified -> sl: 0.000 tp: 14.567
0	23:13:48.717	'120010550': modify order #10903700 sell 0.01 XAGUSD. at 14.610 sl: 0.000 tp: 14.567 -> sl: 0.000 tp: 14.585
0	23:13:49.146	'120010550': order #10903700 sell 0.01 XAGUSD. at 14.610 was modified -> sl: 0.000 tp: 14.585
1	23:26:36.288	'120010550': modification of order #10911936 sell 0.01 JP225 at 21941 sl: 0 tp: 0 -> sl: 0 tp: 21836 failed [Invalid S/L or T/P]
1	23:26:40.513	'120010550': modification of order #10911936 sell 0.01 JP225 at 21941 sl: 0 tp: 0 -> sl: 0 tp: 21775 failed [Invalid S/L or T/P]
1	23:26:46.189	'120010550': modification of order #10911936 sell 0.01 JP225 at 21941 sl: 0 tp: 0 -> sl: 0 tp: 21715 failed [Invalid S/L or T/P]
1	23:26:49.859	'120010550': modification of order #10911936 sell 0.01 JP225 at 21941 sl: 0 tp: 0 -> sl: 0 tp: 21663 failed [Invalid S/L or T/P]
1	23:27:09.508	'120010550': modification of order #10911936 sell 0.01 JP225 at 21941 sl: 0 tp: 0 -> sl: 0 tp: 21656 failed [Invalid S/L or T/P]
0	23:50:44.119	'120010550': modify order #10880150 sell 0.01 EURAUD. at 1.57246 sl: 1.61415 tp: 1.57111 -> sl: 1.61104 tp: 1.57111
0	23:50:44.485	'120010550': order #10880150 sell 0.01 EURAUD. at 1.57246 was modified -> sl: 1.61104 tp: 1.57111
0	23:56:46.713	'120010550': modify order #10911936 sell 0.01 JP225 at 21941 sl: 0 tp: 0 -> sl: 0 tp: 21395
0	23:56:47.134	'120010550': order #10911936 sell 0.01 JP225 at 21941 was modified -> sl: 0 tp: 21395
0	23:56:50.837	'120010550': modify order #10911936 sell 0.01 JP225 at 21941 sl: 0 tp: 21395 -> sl: 0 tp: 21418
0	23:56:52.104	'120010550': order #10911936 sell 0.01 JP225 at 21941 was modified -> sl: 0 tp: 21418
1	23:56:53.922	'120010550': modification of order #10911936 sell 0.01 JP225 at 21941 sl: 0 tp: 21418 -> sl: 0 tp: 21434 failed [Invalid S/L or T/P]
0	23:58:02.024	'120010550': modify order #10911936 sell 0.01 JP225 at 21941 sl: 0 tp: 21200 -> sl: 0 tp: 20962
0	23:58:03.074	'120010550': order #10911936 sell 0.01 JP225 at 21941 was modified -> sl: 0 tp: 20962
0	23:58:10.040	'120010550': modify order #10911936 sell 0.01 JP225 at 21941 sl: 0 tp: 20962 -> sl: 0 tp: 21033
0	23:58:10.500	'120010550': order #10911936 sell 0.01 JP225 at 21941 was modified -> sl: 0 tp: 21033
0	23:58:32.413	'120010550': modify order #10910592 sell 0.01 XAGUSD. at 14.765 sl: 15.073 tp: 14.744 -> sl: 15.073 tp: 14.660
0	23:58:33.144	'120010550': order #10910592 sell 0.01 XAGUSD. at 14.765 was modified -> sl: 15.073 tp: 14.660
0	23:59:08.478	'120010550': modify order #10880150 sell 0.01 EURAUD. at 1.57246 sl: 1.61104 tp: 1.57111 -> sl: 1.61337 tp: 1.57111
0	23:59:09.035	'120010550': order #10880150 sell 0.01 EURAUD. at 1.57246 was modified -> sl: 1.61337 tp: 1.57111
