2	00:09:01.859	Custom indicator SupResZone_MTF USDXXX,H1: removed
2	00:09:01.860	Custom indicator SupResZone_MTF USDXXX,H1: removed
2	00:09:01.863	Custom indicator SupResZone_MTF USDXXX,H1: removed
2	00:09:01.865	Custom indicator SupResZone_MTF USDXXX,H1: removed
2	00:09:01.868	Custom indicator MACD-2x USDXXX,H1: removed
2	00:09:01.868	Custom indicator Laguerre-ACS1 USDXXX,H1: removed
2	00:09:01.873	Custom indicator SupResZone_MTF XAUUSD.,H1: removed
2	00:09:01.875	Custom indicator SupResZone_MTF XAUUSD.,H1: removed
2	00:09:01.876	Custom indicator SupResZone_MTF XAUUSD.,H1: removed
2	00:09:01.878	Custom indicator SupResZone_MTF XAUUSD.,H1: removed
2	00:09:01.879	Custom indicator MACD-2x XAUUSD.,H1: removed
2	00:09:01.879	Custom indicator Laguerre-ACS1 XAUUSD.,H1: removed
2	00:09:01.887	Custom indicator SupResZone_MTF XAGUSD.,H1: removed
2	00:09:01.888	Custom indicator SupResZone_MTF XAGUSD.,H1: removed
2	00:09:01.889	Custom indicator SupResZone_MTF XAGUSD.,H1: removed
2	00:09:01.891	Custom indicator SupResZone_MTF XAGUSD.,H1: removed
2	00:09:01.892	Custom indicator MACD-2x XAGUSD.,H1: removed
2	00:09:01.892	Custom indicator Laguerre-ACS1 XAGUSD.,H1: removed
2	00:09:01.897	Custom indicator SupResZone_MTF US_OIL,H1: removed
2	00:09:01.900	Custom indicator SupResZone_MTF US_OIL,H1: removed
2	00:09:01.902	Custom indicator SupResZone_MTF US_OIL,H1: removed
2	00:09:01.904	Custom indicator SupResZone_MTF US_OIL,H1: removed
2	00:09:01.906	Custom indicator MACD-2x US_OIL,H1: removed
2	00:09:01.906	Custom indicator Laguerre-ACS1 US_OIL,H1: removed
2	00:09:01.912	Custom indicator SupResZone_MTF JP225,H4: removed
2	00:09:01.914	Custom indicator SupResZone_MTF JP225,H4: removed
2	00:09:01.917	Custom indicator SupResZone_MTF JP225,H4: removed
2	00:09:01.918	Custom indicator SupResZone_MTF JP225,H4: removed
2	00:09:01.921	Custom indicator MACD-2x JP225,H4: removed
2	00:09:01.921	Custom indicator Laguerre-ACS1 JP225,H4: removed
2	00:09:01.929	Custom indicator SupResZone_MTF SPX500,H4: removed
2	00:09:01.931	Custom indicator SupResZone_MTF SPX500,H4: removed
2	00:09:01.933	Custom indicator SupResZone_MTF SPX500,H4: removed
2	00:09:01.936	Custom indicator SupResZone_MTF SPX500,H4: removed
2	00:09:01.938	Custom indicator MACD-2x SPX500,H4: removed
2	00:09:01.938	Custom indicator Laguerre-ACS1 SPX500,H4: removed
2	00:09:01.945	Custom indicator SupResZone_MTF EURAUD.,H1: removed
2	00:09:01.946	Custom indicator SupResZone_MTF EURAUD.,H1: removed
2	00:09:01.948	Custom indicator SupResZone_MTF EURAUD.,H1: removed
2	00:09:01.951	Custom indicator SupResZone_MTF EURAUD.,H1: removed
2	00:09:01.953	Custom indicator MACD-2x EURAUD.,H1: removed
2	00:09:01.953	Custom indicator Laguerre-ACS1 EURAUD.,H1: removed
2	00:09:01.959	Custom indicator SupResZone_MTF AUDJPY.,H1: removed
2	00:09:01.960	Custom indicator SupResZone_MTF AUDJPY.,H1: removed
2	00:09:01.962	Custom indicator SupResZone_MTF AUDJPY.,H1: removed
2	00:09:01.963	Custom indicator SupResZone_MTF AUDJPY.,H1: removed
2	00:09:01.965	Custom indicator MACD-2x AUDJPY.,H1: removed
2	00:09:01.965	Custom indicator Laguerre-ACS1 AUDJPY.,H1: removed
2	00:09:01.972	Custom indicator SupResZone_MTF AUDUSD.,H1: removed
2	00:09:01.973	Custom indicator SupResZone_MTF AUDUSD.,H1: removed
2	00:09:01.975	Custom indicator SupResZone_MTF AUDUSD.,H1: removed
2	00:09:01.976	Custom indicator SupResZone_MTF AUDUSD.,H1: removed
2	00:09:01.978	Custom indicator MACD-2x AUDUSD.,H1: removed
2	00:09:01.978	Custom indicator Laguerre-ACS1 AUDUSD.,H1: removed
2	00:09:01.985	Custom indicator SupResZone_MTF USDJPY.,H4: removed
2	00:09:01.987	Custom indicator SupResZone_MTF USDJPY.,H4: removed
2	00:09:01.988	Custom indicator SupResZone_MTF USDJPY.,H4: removed
2	00:09:01.990	Custom indicator SupResZone_MTF USDJPY.,H4: removed
2	00:09:01.992	Custom indicator MACD-2x USDJPY.,H4: removed
2	00:09:01.992	Custom indicator Laguerre-ACS1 USDJPY.,H4: removed
2	00:09:01.997	Custom indicator SupResZone_MTF EURJPY.,H4: removed
2	00:09:01.999	Custom indicator SupResZone_MTF EURJPY.,H4: removed
2	00:09:02.000	Custom indicator SupResZone_MTF EURJPY.,H4: removed
2	00:09:02.002	Custom indicator SupResZone_MTF EURJPY.,H4: removed
2	00:09:02.003	Custom indicator MACD-2x EURJPY.,H4: removed
2	00:09:02.004	Custom indicator Laguerre-ACS1 EURJPY.,H4: removed
2	00:09:02.010	Custom indicator SupResZone_MTF EURUSD.,H4: removed
2	00:09:02.012	Custom indicator SupResZone_MTF EURUSD.,H4: removed
2	00:09:02.013	Custom indicator SupResZone_MTF EURUSD.,H4: removed
2	00:09:02.014	Custom indicator SupResZone_MTF EURUSD.,H4: removed
2	00:09:02.017	Custom indicator MACD-2x EURUSD.,H4: removed
2	00:09:02.017	Custom indicator Laguerre-ACS1 EURUSD.,H4: removed
2	00:09:02.023	Custom indicator SupResZone_MTF GBPJPY.,H4: removed
2	00:09:02.024	Custom indicator SupResZone_MTF GBPJPY.,H4: removed
2	00:09:02.025	Custom indicator SupResZone_MTF GBPJPY.,H4: removed
2	00:09:02.027	Custom indicator SupResZone_MTF GBPJPY.,H4: removed
2	00:09:02.029	Custom indicator MACD-2x GBPJPY.,H4: removed
2	00:09:02.029	Custom indicator Laguerre-ACS1 GBPJPY.,H4: removed
2	00:09:02.035	Custom indicator SupResZone_MTF GBPUSD.,H4: removed
2	00:09:02.036	Custom indicator SupResZone_MTF GBPUSD.,H4: removed
2	00:09:02.038	Custom indicator SupResZone_MTF GBPUSD.,H4: removed
2	00:09:02.039	Custom indicator SupResZone_MTF GBPUSD.,H4: removed
2	00:09:02.041	Custom indicator MACD-2x GBPUSD.,H4: removed
2	00:09:02.041	Custom indicator Laguerre-ACS1 GBPUSD.,H4: removed
2	00:09:02.046	Custom indicator SupResZone_MTF USDCAD.,H4: removed
2	00:09:02.048	Custom indicator SupResZone_MTF USDCAD.,H4: removed
2	00:09:02.050	Custom indicator SupResZone_MTF USDCAD.,H4: removed
2	00:09:02.052	Custom indicator SupResZone_MTF USDCAD.,H4: removed
2	00:09:02.054	Custom indicator MACD-2x USDCAD.,H4: removed
2	00:09:02.054	Custom indicator Laguerre-ACS1 USDCAD.,H4: removed
2	00:09:02.075	Custom indicator SupResZone_MTF USDCHF.,H4: removed
2	00:09:02.076	Custom indicator SupResZone_MTF USDCHF.,H4: removed
2	00:09:02.078	Custom indicator SupResZone_MTF USDCHF.,H4: removed
2	00:09:02.079	Custom indicator SupResZone_MTF USDCHF.,H4: removed
2	00:09:02.081	Custom indicator MACD-2x USDCHF.,H4: removed
2	00:09:02.081	Custom indicator Laguerre-ACS1 USDCHF.,H4: removed
2	00:09:02.087	Custom indicator SupResZone_MTF USDCNH,Daily: removed
2	00:09:02.088	Custom indicator SupResZone_MTF USDCNH,Daily: removed
2	00:09:02.090	Custom indicator SupResZone_MTF USDCNH,Daily: removed
2	00:09:02.091	Custom indicator SupResZone_MTF USDCNH,Daily: removed
2	00:09:02.093	Custom indicator MACD-2x USDCNH,Daily: removed
2	00:09:02.093	Custom indicator Laguerre-ACS1 USDCNH,Daily: removed
2	00:09:02.110	Custom indicator GMMA Long USDJPY.,H4: removed
2	00:09:02.112	Custom indicator GMMA Short USDJPY.,H4: removed
2	00:09:02.113	Custom indicator 23MTF_MovingAverageIGOR USDJPY.,H4: removed
2	00:09:02.115	Custom indicator 23MTF_MovingAverageIGOR USDJPY.,H4: removed
2	00:09:02.117	Custom indicator SupResZone_MTF USDJPY.,H4: removed
2	00:09:02.118	Custom indicator SupResZone_MTF USDJPY.,H4: removed
2	00:09:02.120	Custom indicator MACD-2x USDJPY.,H4: removed
2	00:09:02.135	Custom indicator SupResZone_MTF CHINA300,Daily: removed
2	00:09:02.137	Custom indicator SupResZone_MTF CHINA300,Daily: removed
2	00:09:02.138	Custom indicator SupResZone_MTF CHINA300,Daily: removed
2	00:09:02.140	Custom indicator SupResZone_MTF CHINA300,Daily: removed
2	00:09:02.142	Custom indicator MACD-2x CHINA300,Daily: removed
2	00:09:02.142	Custom indicator Laguerre-ACS1 CHINA300,Daily: removed
0	00:09:02.587	FX Trader build 1170 stopped
0	18:55:49.509	FX Trader build 1170 started (Performance Ronnaru Capital Ltd.)
0	18:55:49.509	Windows 10 Home x64, IE 11, UAC, 8 x Intel Core i7-6700HQ  @ 2.60GHz, Memory: 27770 / 32639 Mb, Disk: 137 / 264 Gb, GMT+8
0	18:55:49.509	Data Folder: C:\Users\tiany\AppData\Roaming\MetaQuotes\Terminal\79214103E7A6FC97F86082D309D0B84B
2	18:55:53.247	Custom indicator SupResZone_MTF USDXXX,H1: loaded successfully
2	18:55:53.263	Custom indicator SupResZone_MTF USDXXX,H1: loaded successfully
2	18:55:53.279	Custom indicator SupResZone_MTF USDXXX,H1: loaded successfully
2	18:55:53.297	Custom indicator SupResZone_MTF USDXXX,H1: loaded successfully
2	18:55:53.313	Custom indicator MACD-2x USDXXX,H1: loaded successfully
2	18:55:53.429	Custom indicator Laguerre-ACS1 USDXXX,H1: loaded successfully
2	18:55:53.732	Custom indicator SupResZone_MTF XAUUSD.,H1: loaded successfully
2	18:55:53.749	Custom indicator SupResZone_MTF XAUUSD.,H1: loaded successfully
2	18:55:53.765	Custom indicator SupResZone_MTF XAUUSD.,H1: loaded successfully
2	18:55:53.779	Custom indicator SupResZone_MTF XAUUSD.,H1: loaded successfully
2	18:55:53.798	Custom indicator MACD-2x XAUUSD.,H1: loaded successfully
2	18:55:53.909	Custom indicator Laguerre-ACS1 XAUUSD.,H1: loaded successfully
2	18:55:54.269	Custom indicator SupResZone_MTF XAGUSD.,H1: loaded successfully
2	18:55:54.295	Custom indicator SupResZone_MTF XAGUSD.,H1: loaded successfully
2	18:55:54.315	Custom indicator SupResZone_MTF XAGUSD.,H1: loaded successfully
2	18:55:54.332	Custom indicator SupResZone_MTF XAGUSD.,H1: loaded successfully
2	18:55:54.347	Custom indicator MACD-2x XAGUSD.,H1: loaded successfully
2	18:55:54.465	Custom indicator Laguerre-ACS1 XAGUSD.,H1: loaded successfully
2	18:55:54.789	Custom indicator SupResZone_MTF US_OIL,H1: loaded successfully
2	18:55:54.815	Custom indicator SupResZone_MTF US_OIL,H1: loaded successfully
2	18:55:54.842	Custom indicator SupResZone_MTF US_OIL,H1: loaded successfully
2	18:55:54.868	Custom indicator SupResZone_MTF US_OIL,H1: loaded successfully
2	18:55:54.887	Custom indicator MACD-2x US_OIL,H1: loaded successfully
2	18:55:54.995	Custom indicator Laguerre-ACS1 US_OIL,H1: loaded successfully
2	18:55:55.321	Custom indicator SupResZone_MTF JP225,H4: loaded successfully
2	18:55:55.346	Custom indicator SupResZone_MTF JP225,H4: loaded successfully
2	18:55:55.373	Custom indicator SupResZone_MTF JP225,H4: loaded successfully
2	18:55:55.393	Custom indicator SupResZone_MTF JP225,H4: loaded successfully
2	18:55:55.411	Custom indicator MACD-2x JP225,H4: loaded successfully
2	18:55:55.534	Custom indicator Laguerre-ACS1 JP225,H4: loaded successfully
2	18:55:55.844	Custom indicator SupResZone_MTF SPX500,H4: loaded successfully
2	18:55:55.874	Custom indicator SupResZone_MTF SPX500,H4: loaded successfully
2	18:55:55.901	Custom indicator SupResZone_MTF SPX500,H4: loaded successfully
2	18:55:55.932	Custom indicator SupResZone_MTF SPX500,H4: loaded successfully
2	18:55:55.975	Custom indicator MACD-2x SPX500,H4: loaded successfully
2	18:55:56.246	Custom indicator Laguerre-ACS1 SPX500,H4: loaded successfully
2	18:55:56.630	Custom indicator SupResZone_MTF EURAUD.,H1: loaded successfully
2	18:55:56.668	Custom indicator SupResZone_MTF EURAUD.,H1: loaded successfully
2	18:55:56.705	Custom indicator SupResZone_MTF EURAUD.,H1: loaded successfully
2	18:55:56.728	Custom indicator SupResZone_MTF EURAUD.,H1: loaded successfully
2	18:55:56.746	Custom indicator MACD-2x EURAUD.,H1: loaded successfully
2	18:55:56.875	Custom indicator Laguerre-ACS1 EURAUD.,H1: loaded successfully
2	18:55:57.166	Custom indicator SupResZone_MTF AUDJPY.,H1: loaded successfully
2	18:55:57.186	Custom indicator SupResZone_MTF AUDJPY.,H1: loaded successfully
2	18:55:57.205	Custom indicator SupResZone_MTF AUDJPY.,H1: loaded successfully
2	18:55:57.229	Custom indicator SupResZone_MTF AUDJPY.,H1: loaded successfully
2	18:55:57.249	Custom indicator MACD-2x AUDJPY.,H1: loaded successfully
2	18:55:57.386	Custom indicator Laguerre-ACS1 AUDJPY.,H1: loaded successfully
2	18:55:57.708	Custom indicator SupResZone_MTF AUDUSD.,H1: loaded successfully
2	18:55:57.725	Custom indicator SupResZone_MTF AUDUSD.,H1: loaded successfully
2	18:55:57.743	Custom indicator SupResZone_MTF AUDUSD.,H1: loaded successfully
2	18:55:57.761	Custom indicator SupResZone_MTF AUDUSD.,H1: loaded successfully
2	18:55:57.774	Custom indicator MACD-2x AUDUSD.,H1: loaded successfully
2	18:55:57.880	Custom indicator Laguerre-ACS1 AUDUSD.,H1: loaded successfully
2	18:55:58.128	Custom indicator SupResZone_MTF USDJPY.,H4: loaded successfully
2	18:55:58.142	Custom indicator SupResZone_MTF USDJPY.,H4: loaded successfully
2	18:55:58.158	Custom indicator SupResZone_MTF USDJPY.,H4: loaded successfully
2	18:55:58.175	Custom indicator SupResZone_MTF USDJPY.,H4: loaded successfully
2	18:55:58.190	Custom indicator MACD-2x USDJPY.,H4: loaded successfully
2	18:55:58.291	Custom indicator Laguerre-ACS1 USDJPY.,H4: loaded successfully
2	18:55:58.577	Custom indicator SupResZone_MTF EURJPY.,H4: loaded successfully
2	18:55:58.592	Custom indicator SupResZone_MTF EURJPY.,H4: loaded successfully
2	18:55:58.608	Custom indicator SupResZone_MTF EURJPY.,H4: loaded successfully
2	18:55:58.623	Custom indicator SupResZone_MTF EURJPY.,H4: loaded successfully
2	18:55:58.640	Custom indicator MACD-2x EURJPY.,H4: loaded successfully
2	18:55:58.790	Custom indicator Laguerre-ACS1 EURJPY.,H4: loaded successfully
2	18:55:59.116	Custom indicator SupResZone_MTF EURUSD.,H4: loaded successfully
2	18:55:59.127	Custom indicator SupResZone_MTF EURUSD.,H4: loaded successfully
2	18:55:59.138	Custom indicator SupResZone_MTF EURUSD.,H4: loaded successfully
2	18:55:59.149	Custom indicator SupResZone_MTF EURUSD.,H4: loaded successfully
2	18:55:59.161	Custom indicator MACD-2x EURUSD.,H4: loaded successfully
2	18:55:59.250	Custom indicator Laguerre-ACS1 EURUSD.,H4: loaded successfully
2	18:55:59.490	Custom indicator SupResZone_MTF GBPJPY.,H4: loaded successfully
2	18:55:59.504	Custom indicator SupResZone_MTF GBPJPY.,H4: loaded successfully
2	18:55:59.518	Custom indicator SupResZone_MTF GBPJPY.,H4: loaded successfully
2	18:55:59.531	Custom indicator SupResZone_MTF GBPJPY.,H4: loaded successfully
2	18:55:59.544	Custom indicator MACD-2x GBPJPY.,H4: loaded successfully
2	18:55:59.634	Custom indicator Laguerre-ACS1 GBPJPY.,H4: loaded successfully
2	18:55:59.847	Custom indicator SupResZone_MTF GBPUSD.,H4: loaded successfully
2	18:55:59.859	Custom indicator SupResZone_MTF GBPUSD.,H4: loaded successfully
2	18:55:59.871	Custom indicator SupResZone_MTF GBPUSD.,H4: loaded successfully
2	18:55:59.883	Custom indicator SupResZone_MTF GBPUSD.,H4: loaded successfully
2	18:55:59.894	Custom indicator MACD-2x GBPUSD.,H4: loaded successfully
2	18:55:59.975	Custom indicator Laguerre-ACS1 GBPUSD.,H4: loaded successfully
2	18:56:00.209	Custom indicator SupResZone_MTF USDCAD.,H4: loaded successfully
2	18:56:00.221	Custom indicator SupResZone_MTF USDCAD.,H4: loaded successfully
2	18:56:00.233	Custom indicator SupResZone_MTF USDCAD.,H4: loaded successfully
2	18:56:00.249	Custom indicator SupResZone_MTF USDCAD.,H4: loaded successfully
2	18:56:00.263	Custom indicator MACD-2x USDCAD.,H4: loaded successfully
2	18:56:00.370	Custom indicator Laguerre-ACS1 USDCAD.,H4: loaded successfully
2	18:56:00.626	Custom indicator SupResZone_MTF USDCHF.,H4: loaded successfully
2	18:56:00.642	Custom indicator SupResZone_MTF USDCHF.,H4: loaded successfully
2	18:56:00.655	Custom indicator SupResZone_MTF USDCHF.,H4: loaded successfully
2	18:56:00.669	Custom indicator SupResZone_MTF USDCHF.,H4: loaded successfully
2	18:56:00.682	Custom indicator MACD-2x USDCHF.,H4: loaded successfully
2	18:56:00.785	Custom indicator Laguerre-ACS1 USDCHF.,H4: loaded successfully
2	18:56:01.157	Custom indicator SupResZone_MTF USDCNH,Daily: loaded successfully
2	18:56:01.173	Custom indicator SupResZone_MTF USDCNH,Daily: loaded successfully
2	18:56:01.190	Custom indicator SupResZone_MTF USDCNH,Daily: loaded successfully
2	18:56:01.217	Custom indicator SupResZone_MTF USDCNH,Daily: loaded successfully
2	18:56:01.260	Custom indicator MACD-2x USDCNH,Daily: loaded successfully
2	18:56:01.434	Custom indicator Laguerre-ACS1 USDCNH,Daily: loaded successfully
2	18:56:01.873	Custom indicator GMMA Long USDJPY.,H4: loaded successfully
2	18:56:01.895	Custom indicator GMMA Short USDJPY.,H4: loaded successfully
2	18:56:01.911	Custom indicator 23MTF_MovingAverageIGOR USDJPY.,H4: loaded successfully
2	18:56:01.924	Custom indicator 23MTF_MovingAverageIGOR USDJPY.,H4: loaded successfully
2	18:56:01.942	Custom indicator SupResZone_MTF USDJPY.,H4: loaded successfully
2	18:56:01.956	Custom indicator SupResZone_MTF USDJPY.,H4: loaded successfully
2	18:56:01.972	Custom indicator MACD-2x USDJPY.,H4: loaded successfully
2	18:56:02.338	Custom indicator SupResZone_MTF CHINA300,Daily: loaded successfully
2	18:56:02.359	Custom indicator SupResZone_MTF CHINA300,Daily: loaded successfully
2	18:56:02.374	Custom indicator SupResZone_MTF CHINA300,Daily: loaded successfully
2	18:56:02.391	Custom indicator SupResZone_MTF CHINA300,Daily: loaded successfully
2	18:56:02.407	Custom indicator MACD-2x CHINA300,Daily: loaded successfully
2	18:56:02.544	Custom indicator Laguerre-ACS1 CHINA300,Daily: loaded successfully
0	18:56:06.385	'120010550': login on PRC-Live through Server 5 (ping: 172.91 ms)
0	18:56:08.049	'120010550': login datacenter on PRC-Live through Server 5 (ping: 172.91 ms)
0	18:56:08.362	'120010550': previous successful authorization performed from 223.104.177.61
0	18:56:47.099	'120010550': ping to current access point Server 5 is 96.26 ms
0	20:20:22.795	'120010550': modify order #11067102 sell 0.01 EURAUD. at 1.60433 sl: 0.00000 tp: 1.59032 -> sl: 0.00000 tp: 1.60384
0	20:20:24.089	'120010550': order #11067102 sell 0.01 EURAUD. at 1.60433 was modified -> sl: 0.00000 tp: 1.60384
0	20:33:19.776	'120010550': modify order #11065891 buy 0.01 XAGUSD. at 15.328 sl: 0.000 tp: 0.000 -> sl: 15.026 tp: 0.000
0	20:33:20.907	'120010550': order #11065891 buy 0.01 XAGUSD. at 15.328 was modified -> sl: 15.026 tp: 0.000
0	20:33:25.636	'120010550': modify order #11064051 buy 0.01 XAGUSD. at 15.360 sl: 0.000 tp: 15.366 -> sl: 15.012 tp: 15.366
0	20:33:26.921	'120010550': order #11064051 buy 0.01 XAGUSD. at 15.360 was modified -> sl: 15.012 tp: 15.366
0	20:33:29.406	'120010550': modify order #11065891 buy 0.01 XAGUSD. at 15.328 sl: 15.026 tp: 0.000 -> sl: 14.962 tp: 0.000
0	20:33:30.143	'120010550': order #11065891 buy 0.01 XAGUSD. at 15.328 was modified -> sl: 14.962 tp: 0.000
0	20:33:32.265	'120010550': modify order #11064051 buy 0.01 XAGUSD. at 15.360 sl: 15.012 tp: 15.366 -> sl: 14.987 tp: 15.366
0	20:33:32.734	'120010550': order #11064051 buy 0.01 XAGUSD. at 15.360 was modified -> sl: 14.987 tp: 15.366
0	20:33:45.021	'120010550': modify order #11065891 buy 0.01 XAGUSD. at 15.328 sl: 14.962 tp: 0.000 -> sl: 15.027 tp: 0.000
0	20:33:45.953	'120010550': order #11065891 buy 0.01 XAGUSD. at 15.328 was modified -> sl: 15.027 tp: 0.000
0	20:34:27.417	'120010550': order sell market 0.02 EURUSD. sl: 0.00000 tp: 0.00000
0	20:34:27.875	'120010550': order was opened : #11071400 sell 0.02 EURUSD. at 1.12539 sl: 0.00000 tp: 0.00000
0	20:34:41.092	'120010550': modify order #11069354 sell 0.02 USDCHF. at 0.98514 sl: 0.00000 tp: 0.97944 -> sl: 0.99450 tp: 0.97944
0	20:34:41.687	'120010550': order #11069354 sell 0.02 USDCHF. at 0.98514 was modified -> sl: 0.99450 tp: 0.97944
0	20:34:50.386	'120010550': modify order #11069354 sell 0.02 USDCHF. at 0.98514 sl: 0.99450 tp: 0.97944 -> sl: 0.99559 tp: 0.97944
0	20:34:51.297	'120010550': order #11069354 sell 0.02 USDCHF. at 0.98514 was modified -> sl: 0.99559 tp: 0.97944
0	20:35:56.404	'120010550': modify order #11065897 sell 0.02 USDJPY. at 107.623 sl: 0.000 tp: 107.582 -> sl: 108.898 tp: 107.582
0	20:35:57.062	'120010550': order #11065897 sell 0.02 USDJPY. at 107.623 was modified -> sl: 108.898 tp: 107.582
0	20:36:44.154	'120010550': modify order #11065891 buy 0.01 XAGUSD. at 15.328 sl: 15.027 tp: 0.000 -> sl: 15.010 tp: 0.000
0	20:36:44.984	'120010550': order #11065891 buy 0.01 XAGUSD. at 15.328 was modified -> sl: 15.010 tp: 0.000
0	20:36:55.621	'120010550': modify order #11063954 buy 0.01 XAUUSD. at 1430.51 sl: 0.00 tp: 0.00 -> sl: 1370.23 tp: 0.00
0	20:36:57.592	'120010550': order #11063954 buy 0.01 XAUUSD. at 1430.51 was modified -> sl: 1370.23 tp: 0.00
0	20:38:02.472	'120010550': order sell market 0.02 AUDUSD. sl: 0.00000 tp: 0.00000
0	20:38:03.280	'120010550': order was opened : #11071473 sell 0.02 AUDUSD. at 0.69983 sl: 0.00000 tp: 0.00000
0	20:39:15.649	'120010550': modify order #11069354 sell 0.02 USDCHF. at 0.98514 sl: 0.99559 tp: 0.97944 -> sl: 0.99559 tp: 0.98449
0	20:39:16.952	'120010550': order #11069354 sell 0.02 USDCHF. at 0.98514 was modified -> sl: 0.99559 tp: 0.98449
1	20:39:39.500	'120010550': modification of order #11071400 sell 0.02 EURUSD. at 1.12539 sl: 0.00000 tp: 0.00000 -> sl: 0.00000 tp: 1.12498 failed [Invalid S/L or T/P]
0	20:39:41.471	'120010550': modify order #11071400 sell 0.02 EURUSD. at 1.12539 sl: 0.00000 tp: 0.00000 -> sl: 1.12598 tp: 0.00000
0	20:39:42.015	'120010550': order #11071400 sell 0.02 EURUSD. at 1.12539 was modified -> sl: 1.12598 tp: 0.00000
0	20:39:45.492	'120010550': modify order #11071400 sell 0.02 EURUSD. at 1.12539 sl: 1.12598 tp: 0.00000 -> sl: 1.12498 tp: 0.00000
0	20:39:45.857	'120010550': order #11071400 sell 0.02 EURUSD. at 1.12539 was modified -> sl: 1.12498 tp: 0.00000
0	20:39:54.915	'120010550': modify order #11067195 sell 0.02 EURJPY. at 121.568 sl: 0.000 tp: 121.525 -> sl: 122.993 tp: 121.525
0	20:39:55.857	'120010550': order #11067195 sell 0.02 EURJPY. at 121.568 was modified -> sl: 122.993 tp: 121.525
0	20:44:29.385	'120010550': modify order #11065897 sell 0.02 USDJPY. at 107.623 sl: 108.898 tp: 107.582 -> sl: 108.797 tp: 107.582
0	20:44:29.933	'120010550': order #11065897 sell 0.02 USDJPY. at 107.623 was modified -> sl: 108.797 tp: 107.582
0	20:44:55.062	'120010550': order sell market 0.01 GBPUSD. sl: 0.00000 tp: 0.00000
0	20:44:56.011	'120010550': order was opened : #11071613 sell 0.01 GBPUSD. at 1.25219 sl: 0.00000 tp: 0.00000
0	20:46:02.380	'120010550': modify order #11071613 sell 0.01 GBPUSD. at 1.25219 sl: 0.00000 tp: 0.00000 -> sl: 0.00000 tp: 1.25179
0	20:46:02.966	'120010550': order #11071613 sell 0.01 GBPUSD. at 1.25219 was modified -> sl: 0.00000 tp: 1.25179
0	20:49:15.330	'120010550': modify order #11071473 sell 0.02 AUDUSD. at 0.69983 sl: 0.00000 tp: 0.00000 -> sl: 0.00000 tp: 0.69943
0	20:49:15.776	'120010550': order #11071473 sell 0.02 AUDUSD. at 0.69983 was modified -> sl: 0.00000 tp: 0.69943
0	21:04:20.644	'120010550': order #11071473 sell 0.02 AUDUSD. at 0.69983 closed due take-profit at price 0.69943
0	21:12:49.792	'120010550': modify order #11065891 buy 0.01 XAGUSD. at 15.328 sl: 15.010 tp: 0.000 -> sl: 14.969 tp: 0.000
0	21:12:50.113	'120010550': order #11065891 buy 0.01 XAGUSD. at 15.328 was modified -> sl: 14.969 tp: 0.000
0	21:13:50.868	'120010550': order sell market 0.02 EURUSD. sl: 0.00000 tp: 0.00000
0	21:13:51.876	'120010550': order was opened : #11071877 sell 0.02 EURUSD. at 1.12307 sl: 0.00000 tp: 0.00000
0	21:49:35.394	'120010550': order #11064051 buy 0.01 XAGUSD. at 15.360 closed due stop-loss at price 14.987
0	21:54:00.112	'120010550': order #11065891 buy 0.01 XAGUSD. at 15.328 closed due stop-loss at price 14.969
0	21:57:51.777	'120010550': modify order #11070990 buy 0.02 AUDJPY. at 75.896 sl: 0.000 tp: 76.000 -> sl: 0.000 tp: 75.948
0	21:57:52.861	'120010550': order #11070990 buy 0.02 AUDJPY. at 75.896 was modified -> sl: 0.000 tp: 75.948
0	22:00:57.863	'120010550': order sell market 0.01 XAGUSD. sl: 0.000 tp: 0.000
0	22:00:58.126	'120010550': order was opened : #11072212 sell 0.01 XAGUSD. at 14.961 sl: 0.000 tp: 0.000
0	22:05:22.239	'120010550': close order #11072212 sell 0.01 XAGUSD. at 14.961 sl: 0.000 tp: 0.000 at price 0.000
0	22:05:22.826	'120010550': order #11072212 sell 0.01 XAGUSD. at 14.961 sl: 0.000 tp: 0.000 closed at price 15.019
0	22:33:27.145	'120010550': order sell market 0.02 XAGUSD. sl: 0.000 tp: 0.000
0	22:33:27.457	'120010550': order was opened : #11072358 sell 0.02 XAGUSD. at 14.908 sl: 0.000 tp: 0.000
