0	06:22:36.051	FX Trader build 1170 started (Performance Ronnaru Capital Ltd.)
0	06:22:36.051	Windows 10 Home x64, IE 11, UAC, 8 x Intel Core i7-6700HQ  @ 2.60GHz, Memory: 28033 / 32639 Mb, Disk: 137 / 264 Gb, GMT+8
0	06:22:36.051	Data Folder: C:\Users\tiany\AppData\Roaming\MetaQuotes\Terminal\79214103E7A6FC97F86082D309D0B84B
2	06:22:37.852	Custom indicator SupResZone_MTF USDXXX,Daily: loaded successfully
2	06:22:37.863	Custom indicator SupResZone_MTF USDXXX,Daily: loaded successfully
2	06:22:37.873	Custom indicator SupResZone_MTF USDXXX,Daily: loaded successfully
2	06:22:37.884	Custom indicator SupResZone_MTF USDXXX,Daily: loaded successfully
2	06:22:37.895	Custom indicator MACD-2x USDXXX,Daily: loaded successfully
2	06:22:37.963	Custom indicator Laguerre-ACS1 USDXXX,Daily: loaded successfully
2	06:22:38.087	Custom indicator SupResZone_MTF XAUUSD.,H4: loaded successfully
2	06:22:38.098	Custom indicator SupResZone_MTF XAUUSD.,H4: loaded successfully
2	06:22:38.109	Custom indicator SupResZone_MTF XAUUSD.,H4: loaded successfully
2	06:22:38.118	Custom indicator SupResZone_MTF XAUUSD.,H4: loaded successfully
2	06:22:38.127	Custom indicator MACD-2x XAUUSD.,H4: loaded successfully
2	06:22:38.196	Custom indicator Laguerre-ACS1 XAUUSD.,H4: loaded successfully
2	06:22:38.398	Custom indicator SupResZone_MTF XAGUSD.,H4: loaded successfully
2	06:22:38.409	Custom indicator SupResZone_MTF XAGUSD.,H4: loaded successfully
2	06:22:38.420	Custom indicator SupResZone_MTF XAGUSD.,H4: loaded successfully
2	06:22:38.432	Custom indicator SupResZone_MTF XAGUSD.,H4: loaded successfully
2	06:22:38.446	Custom indicator MACD-2x XAGUSD.,H4: loaded successfully
2	06:22:38.545	Custom indicator Laguerre-ACS1 XAGUSD.,H4: loaded successfully
2	06:22:38.820	Custom indicator SupResZone_MTF US_OIL,H4: loaded successfully
2	06:22:38.833	Custom indicator SupResZone_MTF US_OIL,H4: loaded successfully
2	06:22:38.847	Custom indicator SupResZone_MTF US_OIL,H4: loaded successfully
2	06:22:38.862	Custom indicator SupResZone_MTF US_OIL,H4: loaded successfully
2	06:22:38.874	Custom indicator MACD-2x US_OIL,H4: loaded successfully
2	06:22:38.953	Custom indicator Laguerre-ACS1 US_OIL,H4: loaded successfully
2	06:22:39.195	Custom indicator SupResZone_MTF JP225,H4: loaded successfully
2	06:22:39.207	Custom indicator SupResZone_MTF JP225,H4: loaded successfully
2	06:22:39.219	Custom indicator SupResZone_MTF JP225,H4: loaded successfully
2	06:22:39.236	Custom indicator SupResZone_MTF JP225,H4: loaded successfully
2	06:22:39.253	Custom indicator MACD-2x JP225,H4: loaded successfully
2	06:22:39.341	Custom indicator Laguerre-ACS1 JP225,H4: loaded successfully
2	06:22:39.579	Custom indicator SupResZone_MTF SPX500,H4: loaded successfully
2	06:22:39.593	Custom indicator SupResZone_MTF SPX500,H4: loaded successfully
2	06:22:39.603	Custom indicator SupResZone_MTF SPX500,H4: loaded successfully
2	06:22:39.617	Custom indicator SupResZone_MTF SPX500,H4: loaded successfully
2	06:22:39.630	Custom indicator MACD-2x SPX500,H4: loaded successfully
2	06:22:39.751	Custom indicator Laguerre-ACS1 SPX500,H4: loaded successfully
2	06:22:39.972	Custom indicator SupResZone_MTF EURAUD.,H4: loaded successfully
2	06:22:39.986	Custom indicator SupResZone_MTF EURAUD.,H4: loaded successfully
2	06:22:40.002	Custom indicator SupResZone_MTF EURAUD.,H4: loaded successfully
2	06:22:40.019	Custom indicator SupResZone_MTF EURAUD.,H4: loaded successfully
2	06:22:40.036	Custom indicator MACD-2x EURAUD.,H4: loaded successfully
2	06:22:40.124	Custom indicator Laguerre-ACS1 EURAUD.,H4: loaded successfully
2	06:22:40.340	Custom indicator SupResZone_MTF AUDJPY.,H4: loaded successfully
2	06:22:40.352	Custom indicator SupResZone_MTF AUDJPY.,H4: loaded successfully
2	06:22:40.363	Custom indicator SupResZone_MTF AUDJPY.,H4: loaded successfully
2	06:22:40.374	Custom indicator SupResZone_MTF AUDJPY.,H4: loaded successfully
2	06:22:40.385	Custom indicator MACD-2x AUDJPY.,H4: loaded successfully
2	06:22:40.465	Custom indicator Laguerre-ACS1 AUDJPY.,H4: loaded successfully
2	06:22:40.653	Custom indicator SupResZone_MTF AUDUSD.,H4: loaded successfully
2	06:22:40.665	Custom indicator SupResZone_MTF AUDUSD.,H4: loaded successfully
2	06:22:40.677	Custom indicator SupResZone_MTF AUDUSD.,H4: loaded successfully
2	06:22:40.689	Custom indicator SupResZone_MTF AUDUSD.,H4: loaded successfully
2	06:22:40.705	Custom indicator MACD-2x AUDUSD.,H4: loaded successfully
2	06:22:40.816	Custom indicator Laguerre-ACS1 AUDUSD.,H4: loaded successfully
2	06:22:41.025	Custom indicator SupResZone_MTF USDJPY.,H4: loaded successfully
2	06:22:41.040	Custom indicator SupResZone_MTF USDJPY.,H4: loaded successfully
2	06:22:41.051	Custom indicator SupResZone_MTF USDJPY.,H4: loaded successfully
2	06:22:41.066	Custom indicator SupResZone_MTF USDJPY.,H4: loaded successfully
2	06:22:41.079	Custom indicator MACD-2x USDJPY.,H4: loaded successfully
2	06:22:41.167	Custom indicator Laguerre-ACS1 USDJPY.,H4: loaded successfully
2	06:22:41.417	Custom indicator SupResZone_MTF EURJPY.,H4: loaded successfully
2	06:22:41.434	Custom indicator SupResZone_MTF EURJPY.,H4: loaded successfully
2	06:22:41.452	Custom indicator SupResZone_MTF EURJPY.,H4: loaded successfully
2	06:22:41.465	Custom indicator SupResZone_MTF EURJPY.,H4: loaded successfully
2	06:22:41.479	Custom indicator MACD-2x EURJPY.,H4: loaded successfully
2	06:22:41.577	Custom indicator Laguerre-ACS1 EURJPY.,H4: loaded successfully
2	06:22:41.864	Custom indicator SupResZone_MTF EURUSD.,H4: loaded successfully
2	06:22:41.878	Custom indicator SupResZone_MTF EURUSD.,H4: loaded successfully
2	06:22:41.890	Custom indicator SupResZone_MTF EURUSD.,H4: loaded successfully
2	06:22:41.906	Custom indicator SupResZone_MTF EURUSD.,H4: loaded successfully
2	06:22:41.919	Custom indicator MACD-2x EURUSD.,H4: loaded successfully
2	06:22:42.015	Custom indicator Laguerre-ACS1 EURUSD.,H4: loaded successfully
2	06:22:42.308	Custom indicator SupResZone_MTF GBPJPY.,H4: loaded successfully
2	06:22:42.323	Custom indicator SupResZone_MTF GBPJPY.,H4: loaded successfully
2	06:22:42.338	Custom indicator SupResZone_MTF GBPJPY.,H4: loaded successfully
2	06:22:42.355	Custom indicator SupResZone_MTF GBPJPY.,H4: loaded successfully
2	06:22:42.369	Custom indicator MACD-2x GBPJPY.,H4: loaded successfully
2	06:22:42.481	Custom indicator Laguerre-ACS1 GBPJPY.,H4: loaded successfully
2	06:22:42.788	Custom indicator SupResZone_MTF GBPUSD.,H4: loaded successfully
2	06:22:42.805	Custom indicator SupResZone_MTF GBPUSD.,H4: loaded successfully
2	06:22:42.823	Custom indicator SupResZone_MTF GBPUSD.,H4: loaded successfully
2	06:22:42.838	Custom indicator SupResZone_MTF GBPUSD.,H4: loaded successfully
2	06:22:42.856	Custom indicator MACD-2x GBPUSD.,H4: loaded successfully
2	06:22:42.966	Custom indicator Laguerre-ACS1 GBPUSD.,H4: loaded successfully
2	06:22:43.257	Custom indicator SupResZone_MTF USDCAD.,H4: loaded successfully
2	06:22:43.271	Custom indicator SupResZone_MTF USDCAD.,H4: loaded successfully
2	06:22:43.285	Custom indicator SupResZone_MTF USDCAD.,H4: loaded successfully
2	06:22:43.300	Custom indicator SupResZone_MTF USDCAD.,H4: loaded successfully
2	06:22:43.315	Custom indicator MACD-2x USDCAD.,H4: loaded successfully
2	06:22:43.426	Custom indicator Laguerre-ACS1 USDCAD.,H4: loaded successfully
2	06:22:43.628	Custom indicator SupResZone_MTF USDCHF.,H4: loaded successfully
2	06:22:43.638	Custom indicator SupResZone_MTF USDCHF.,H4: loaded successfully
2	06:22:43.649	Custom indicator SupResZone_MTF USDCHF.,H4: loaded successfully
2	06:22:43.660	Custom indicator SupResZone_MTF USDCHF.,H4: loaded successfully
2	06:22:43.671	Custom indicator MACD-2x USDCHF.,H4: loaded successfully
2	06:22:43.745	Custom indicator Laguerre-ACS1 USDCHF.,H4: loaded successfully
2	06:22:43.949	Custom indicator SupResZone_MTF USDCNH,Daily: loaded successfully
2	06:22:43.961	Custom indicator SupResZone_MTF USDCNH,Daily: loaded successfully
2	06:22:43.971	Custom indicator SupResZone_MTF USDCNH,Daily: loaded successfully
2	06:22:43.983	Custom indicator SupResZone_MTF USDCNH,Daily: loaded successfully
2	06:22:43.993	Custom indicator MACD-2x USDCNH,Daily: loaded successfully
2	06:22:44.077	Custom indicator Laguerre-ACS1 USDCNH,Daily: loaded successfully
2	06:22:44.226	Custom indicator GMMA Long USDJPY.,H4: loaded successfully
2	06:22:44.237	Custom indicator GMMA Short USDJPY.,H4: loaded successfully
2	06:22:44.245	Custom indicator 23MTF_MovingAverageIGOR USDJPY.,H4: loaded successfully
2	06:22:44.254	Custom indicator 23MTF_MovingAverageIGOR USDJPY.,H4: loaded successfully
2	06:22:44.264	Custom indicator SupResZone_MTF USDJPY.,H4: loaded successfully
2	06:22:44.275	Custom indicator SupResZone_MTF USDJPY.,H4: loaded successfully
2	06:22:44.286	Custom indicator MACD-2x USDJPY.,H4: loaded successfully
2	06:22:44.501	Custom indicator SupResZone_MTF CHINA300,Daily: loaded successfully
2	06:22:44.514	Custom indicator SupResZone_MTF CHINA300,Daily: loaded successfully
2	06:22:44.527	Custom indicator SupResZone_MTF CHINA300,Daily: loaded successfully
2	06:22:44.542	Custom indicator SupResZone_MTF CHINA300,Daily: loaded successfully
2	06:22:44.557	Custom indicator MACD-2x CHINA300,Daily: loaded successfully
2	06:22:44.645	Custom indicator Laguerre-ACS1 CHINA300,Daily: loaded successfully
0	06:22:46.924	'120010550': login on PRC-Live through Server 8 (ping: 216.21 ms)
0	06:22:48.323	'120010550': login datacenter on PRC-Live through Server 8 (ping: 216.21 ms)
0	06:22:48.808	'120010550': previous successful authorization performed from 1.180.18.117
0	06:23:06.920	'120010550': auto connecting to a better access point Server 3 (ping is 126.63 ms)
0	06:23:07.599	'120010550': login on PRC-Live through Server 3 (ping: 126.63 ms)
0	06:23:08.972	'120010550': login datacenter on PRC-Live through Server 3 (ping: 126.63 ms)
0	06:23:09.394	'120010550': previous successful authorization performed from 1.180.18.117
0	06:23:51.100	'120010550': modify order #11067195 sell 0.02 EURJPY. at 121.568 sl: 0.000 tp: 121.191 -> sl: 0.000 tp: 121.525
0	06:23:51.517	'120010550': order #11067195 sell 0.02 EURJPY. at 121.568 was modified -> sl: 0.000 tp: 121.525
0	06:26:20.538	'120010550': modify order #11066697 buy 0.01 AUDJPY. at 75.756 sl: 0.000 tp: 77.160 -> sl: 0.000 tp: 75.965
0	06:26:21.617	'120010550': order #11066697 buy 0.01 AUDJPY. at 75.756 was modified -> sl: 0.000 tp: 75.965
0	06:26:56.585	'120010550': modify order #11064754 sell 0.01 JP225 at 21553 sl: 0 tp: 21542 -> sl: 21842 tp: 21542
0	06:26:56.917	'120010550': order #11064754 sell 0.01 JP225 at 21553 was modified -> sl: 21842 tp: 21542
0	06:27:00.586	'120010550': modify order #11064754 sell 0.01 JP225 at 21553 sl: 21842 tp: 21542 -> sl: 21855 tp: 21542
0	06:27:01.744	'120010550': order #11064754 sell 0.01 JP225 at 21553 was modified -> sl: 21855 tp: 21542
0	06:27:11.209	'120010550': modify order #11064754 sell 0.01 JP225 at 21553 sl: 21855 tp: 21542 -> sl: 21944 tp: 21542
0	06:27:11.760	'120010550': order #11064754 sell 0.01 JP225 at 21553 was modified -> sl: 21944 tp: 21542
2	06:27:42.359	Custom indicator SupResZone_MTF USDXXX,Daily: removed
2	06:27:42.362	Custom indicator SupResZone_MTF USDXXX,Daily: removed
2	06:27:42.365	Custom indicator SupResZone_MTF USDXXX,Daily: removed
2	06:27:42.368	Custom indicator SupResZone_MTF USDXXX,Daily: removed
2	06:27:42.370	Custom indicator MACD-2x USDXXX,Daily: removed
2	06:27:42.370	Custom indicator Laguerre-ACS1 USDXXX,Daily: removed
2	06:27:42.377	Custom indicator SupResZone_MTF XAUUSD.,H1: removed
2	06:27:42.380	Custom indicator SupResZone_MTF XAUUSD.,H1: removed
2	06:27:42.383	Custom indicator SupResZone_MTF XAUUSD.,H1: removed
2	06:27:42.385	Custom indicator SupResZone_MTF XAUUSD.,H1: removed
2	06:27:42.388	Custom indicator MACD-2x XAUUSD.,H1: removed
2	06:27:42.388	Custom indicator Laguerre-ACS1 XAUUSD.,H1: removed
2	06:27:42.481	Custom indicator SupResZone_MTF XAGUSD.,Daily: removed
2	06:27:42.482	Custom indicator SupResZone_MTF XAGUSD.,Daily: removed
2	06:27:42.485	Custom indicator SupResZone_MTF XAGUSD.,Daily: removed
2	06:27:42.486	Custom indicator SupResZone_MTF XAGUSD.,Daily: removed
2	06:27:42.489	Custom indicator MACD-2x XAGUSD.,Daily: removed
2	06:27:42.489	Custom indicator Laguerre-ACS1 XAGUSD.,Daily: removed
2	06:27:42.503	Custom indicator SupResZone_MTF US_OIL,H1: removed
2	06:27:42.506	Custom indicator SupResZone_MTF US_OIL,H1: removed
2	06:27:42.508	Custom indicator SupResZone_MTF US_OIL,H1: removed
2	06:27:42.510	Custom indicator SupResZone_MTF US_OIL,H1: removed
2	06:27:42.513	Custom indicator MACD-2x US_OIL,H1: removed
2	06:27:42.513	Custom indicator Laguerre-ACS1 US_OIL,H1: removed
2	06:27:42.595	Custom indicator SupResZone_MTF JP225,H1: removed
2	06:27:42.597	Custom indicator SupResZone_MTF JP225,H1: removed
2	06:27:42.599	Custom indicator SupResZone_MTF JP225,H1: removed
2	06:27:42.600	Custom indicator SupResZone_MTF JP225,H1: removed
2	06:27:42.602	Custom indicator MACD-2x JP225,H1: removed
2	06:27:42.602	Custom indicator Laguerre-ACS1 JP225,H1: removed
2	06:27:42.611	Custom indicator SupResZone_MTF SPX500,H4: removed
2	06:27:42.614	Custom indicator SupResZone_MTF SPX500,H4: removed
2	06:27:42.616	Custom indicator SupResZone_MTF SPX500,H4: removed
2	06:27:42.617	Custom indicator SupResZone_MTF SPX500,H4: removed
2	06:27:42.619	Custom indicator MACD-2x SPX500,H4: removed
2	06:27:42.619	Custom indicator Laguerre-ACS1 SPX500,H4: removed
2	06:27:42.626	Custom indicator SupResZone_MTF EURAUD.,H4: removed
2	06:27:42.629	Custom indicator SupResZone_MTF EURAUD.,H4: removed
2	06:27:42.630	Custom indicator SupResZone_MTF EURAUD.,H4: removed
2	06:27:42.632	Custom indicator SupResZone_MTF EURAUD.,H4: removed
2	06:27:42.634	Custom indicator MACD-2x EURAUD.,H4: removed
2	06:27:42.634	Custom indicator Laguerre-ACS1 EURAUD.,H4: removed
2	06:27:42.665	Custom indicator SupResZone_MTF AUDJPY.,H4: removed
2	06:27:42.668	Custom indicator SupResZone_MTF AUDJPY.,H4: removed
2	06:27:42.671	Custom indicator SupResZone_MTF AUDJPY.,H4: removed
2	06:27:42.673	Custom indicator SupResZone_MTF AUDJPY.,H4: removed
2	06:27:42.675	Custom indicator MACD-2x AUDJPY.,H4: removed
2	06:27:42.676	Custom indicator Laguerre-ACS1 AUDJPY.,H4: removed
2	06:27:42.709	Custom indicator SupResZone_MTF AUDUSD.,H4: removed
2	06:27:42.711	Custom indicator SupResZone_MTF AUDUSD.,H4: removed
2	06:27:42.715	Custom indicator SupResZone_MTF AUDUSD.,H4: removed
2	06:27:42.718	Custom indicator SupResZone_MTF AUDUSD.,H4: removed
2	06:27:42.720	Custom indicator MACD-2x AUDUSD.,H4: removed
2	06:27:42.720	Custom indicator Laguerre-ACS1 AUDUSD.,H4: removed
2	06:27:42.808	Custom indicator SupResZone_MTF USDJPY.,H4: removed
2	06:27:42.810	Custom indicator SupResZone_MTF USDJPY.,H4: removed
2	06:27:42.813	Custom indicator SupResZone_MTF USDJPY.,H4: removed
2	06:27:42.816	Custom indicator SupResZone_MTF USDJPY.,H4: removed
2	06:27:42.819	Custom indicator MACD-2x USDJPY.,H4: removed
2	06:27:42.819	Custom indicator Laguerre-ACS1 USDJPY.,H4: removed
2	06:27:42.869	Custom indicator SupResZone_MTF EURJPY.,H4: removed
2	06:27:42.870	Custom indicator SupResZone_MTF EURJPY.,H4: removed
2	06:27:42.872	Custom indicator SupResZone_MTF EURJPY.,H4: removed
2	06:27:42.874	Custom indicator SupResZone_MTF EURJPY.,H4: removed
2	06:27:42.876	Custom indicator MACD-2x EURJPY.,H4: removed
2	06:27:42.877	Custom indicator Laguerre-ACS1 EURJPY.,H4: removed
2	06:27:42.899	Custom indicator SupResZone_MTF EURUSD.,H4: removed
2	06:27:42.902	Custom indicator SupResZone_MTF EURUSD.,H4: removed
2	06:27:42.905	Custom indicator SupResZone_MTF EURUSD.,H4: removed
2	06:27:42.908	Custom indicator SupResZone_MTF EURUSD.,H4: removed
2	06:27:42.911	Custom indicator MACD-2x EURUSD.,H4: removed
2	06:27:42.911	Custom indicator Laguerre-ACS1 EURUSD.,H4: removed
2	06:27:42.937	Custom indicator SupResZone_MTF GBPJPY.,H4: removed
2	06:27:42.940	Custom indicator SupResZone_MTF GBPJPY.,H4: removed
2	06:27:42.942	Custom indicator SupResZone_MTF GBPJPY.,H4: removed
2	06:27:42.944	Custom indicator SupResZone_MTF GBPJPY.,H4: removed
2	06:27:42.946	Custom indicator MACD-2x GBPJPY.,H4: removed
2	06:27:42.946	Custom indicator Laguerre-ACS1 GBPJPY.,H4: removed
2	06:27:42.983	Custom indicator SupResZone_MTF GBPUSD.,H4: removed
2	06:27:42.985	Custom indicator SupResZone_MTF GBPUSD.,H4: removed
2	06:27:42.987	Custom indicator SupResZone_MTF GBPUSD.,H4: removed
2	06:27:42.990	Custom indicator SupResZone_MTF GBPUSD.,H4: removed
2	06:27:42.992	Custom indicator MACD-2x GBPUSD.,H4: removed
2	06:27:42.992	Custom indicator Laguerre-ACS1 GBPUSD.,H4: removed
2	06:27:43.055	Custom indicator SupResZone_MTF USDCAD.,H4: removed
2	06:27:43.057	Custom indicator SupResZone_MTF USDCAD.,H4: removed
2	06:27:43.058	Custom indicator SupResZone_MTF USDCAD.,H4: removed
2	06:27:43.061	Custom indicator SupResZone_MTF USDCAD.,H4: removed
2	06:27:43.063	Custom indicator MACD-2x USDCAD.,H4: removed
2	06:27:43.063	Custom indicator Laguerre-ACS1 USDCAD.,H4: removed
2	06:27:43.124	Custom indicator SupResZone_MTF USDCHF.,H4: removed
2	06:27:43.126	Custom indicator SupResZone_MTF USDCHF.,H4: removed
2	06:27:43.127	Custom indicator SupResZone_MTF USDCHF.,H4: removed
2	06:27:43.129	Custom indicator SupResZone_MTF USDCHF.,H4: removed
2	06:27:43.131	Custom indicator MACD-2x USDCHF.,H4: removed
2	06:27:43.131	Custom indicator Laguerre-ACS1 USDCHF.,H4: removed
2	06:27:43.144	Custom indicator SupResZone_MTF USDCNH,Daily: removed
2	06:27:43.146	Custom indicator SupResZone_MTF USDCNH,Daily: removed
2	06:27:43.148	Custom indicator SupResZone_MTF USDCNH,Daily: removed
2	06:27:43.149	Custom indicator SupResZone_MTF USDCNH,Daily: removed
2	06:27:43.151	Custom indicator MACD-2x USDCNH,Daily: removed
2	06:27:43.151	Custom indicator Laguerre-ACS1 USDCNH,Daily: removed
2	06:27:43.200	Custom indicator GMMA Long USDJPY.,H4: removed
2	06:27:43.202	Custom indicator GMMA Short USDJPY.,H4: removed
2	06:27:43.205	Custom indicator 23MTF_MovingAverageIGOR USDJPY.,H4: removed
2	06:27:43.207	Custom indicator 23MTF_MovingAverageIGOR USDJPY.,H4: removed
2	06:27:43.209	Custom indicator SupResZone_MTF USDJPY.,H4: removed
2	06:27:43.210	Custom indicator SupResZone_MTF USDJPY.,H4: removed
2	06:27:43.212	Custom indicator MACD-2x USDJPY.,H4: removed
2	06:27:43.244	Custom indicator SupResZone_MTF CHINA300,Daily: removed
2	06:27:43.246	Custom indicator SupResZone_MTF CHINA300,Daily: removed
2	06:27:43.248	Custom indicator SupResZone_MTF CHINA300,Daily: removed
2	06:27:43.251	Custom indicator SupResZone_MTF CHINA300,Daily: removed
2	06:27:43.253	Custom indicator MACD-2x CHINA300,Daily: removed
2	06:27:43.254	Custom indicator Laguerre-ACS1 CHINA300,Daily: removed
0	06:27:44.252	FX Trader build 1170 stopped
0	19:24:54.240	FX Trader build 1170 started (Performance Ronnaru Capital Ltd.)
0	19:24:54.240	Windows 10 Home x64, IE 11, UAC, 8 x Intel Core i7-6700HQ  @ 2.60GHz, Memory: 27816 / 32639 Mb, Disk: 137 / 264 Gb, GMT+8
0	19:24:54.241	Data Folder: C:\Users\tiany\AppData\Roaming\MetaQuotes\Terminal\79214103E7A6FC97F86082D309D0B84B
2	19:24:56.354	Custom indicator SupResZone_MTF USDXXX,Daily: loaded successfully
2	19:24:56.372	Custom indicator SupResZone_MTF USDXXX,Daily: loaded successfully
2	19:24:56.383	Custom indicator SupResZone_MTF USDXXX,Daily: loaded successfully
2	19:24:56.395	Custom indicator SupResZone_MTF USDXXX,Daily: loaded successfully
2	19:24:56.410	Custom indicator MACD-2x USDXXX,Daily: loaded successfully
2	19:24:56.530	Custom indicator Laguerre-ACS1 USDXXX,Daily: loaded successfully
2	19:24:56.701	Custom indicator SupResZone_MTF XAUUSD.,H1: loaded successfully
2	19:24:56.714	Custom indicator SupResZone_MTF XAUUSD.,H1: loaded successfully
2	19:24:56.730	Custom indicator SupResZone_MTF XAUUSD.,H1: loaded successfully
2	19:24:56.746	Custom indicator SupResZone_MTF XAUUSD.,H1: loaded successfully
2	19:24:56.759	Custom indicator MACD-2x XAUUSD.,H1: loaded successfully
2	19:24:56.851	Custom indicator Laguerre-ACS1 XAUUSD.,H1: loaded successfully
2	19:24:57.203	Custom indicator SupResZone_MTF XAGUSD.,Daily: loaded successfully
2	19:24:57.222	Custom indicator SupResZone_MTF XAGUSD.,Daily: loaded successfully
2	19:24:57.247	Custom indicator SupResZone_MTF XAGUSD.,Daily: loaded successfully
2	19:24:57.269	Custom indicator SupResZone_MTF XAGUSD.,Daily: loaded successfully
2	19:24:57.291	Custom indicator MACD-2x XAGUSD.,Daily: loaded successfully
2	19:24:57.437	Custom indicator Laguerre-ACS1 XAGUSD.,Daily: loaded successfully
2	19:24:57.664	Custom indicator SupResZone_MTF US_OIL,H1: loaded successfully
2	19:24:57.679	Custom indicator SupResZone_MTF US_OIL,H1: loaded successfully
2	19:24:57.696	Custom indicator SupResZone_MTF US_OIL,H1: loaded successfully
2	19:24:57.715	Custom indicator SupResZone_MTF US_OIL,H1: loaded successfully
2	19:24:57.731	Custom indicator MACD-2x US_OIL,H1: loaded successfully
2	19:24:57.827	Custom indicator Laguerre-ACS1 US_OIL,H1: loaded successfully
2	19:24:58.165	Custom indicator SupResZone_MTF JP225,H1: loaded successfully
2	19:24:58.177	Custom indicator SupResZone_MTF JP225,H1: loaded successfully
2	19:24:58.190	Custom indicator SupResZone_MTF JP225,H1: loaded successfully
2	19:24:58.204	Custom indicator SupResZone_MTF JP225,H1: loaded successfully
2	19:24:58.221	Custom indicator MACD-2x JP225,H1: loaded successfully
2	19:24:58.345	Custom indicator Laguerre-ACS1 JP225,H1: loaded successfully
2	19:24:58.727	Custom indicator SupResZone_MTF SPX500,H4: loaded successfully
2	19:24:58.743	Custom indicator SupResZone_MTF SPX500,H4: loaded successfully
2	19:24:58.761	Custom indicator SupResZone_MTF SPX500,H4: loaded successfully
2	19:24:58.785	Custom indicator SupResZone_MTF SPX500,H4: loaded successfully
2	19:24:58.808	Custom indicator MACD-2x SPX500,H4: loaded successfully
2	19:24:58.904	Custom indicator Laguerre-ACS1 SPX500,H4: loaded successfully
2	19:24:59.166	Custom indicator SupResZone_MTF EURAUD.,H4: loaded successfully
2	19:24:59.180	Custom indicator SupResZone_MTF EURAUD.,H4: loaded successfully
2	19:24:59.191	Custom indicator SupResZone_MTF EURAUD.,H4: loaded successfully
2	19:24:59.203	Custom indicator SupResZone_MTF EURAUD.,H4: loaded successfully
2	19:24:59.215	Custom indicator MACD-2x EURAUD.,H4: loaded successfully
2	19:24:59.300	Custom indicator Laguerre-ACS1 EURAUD.,H4: loaded successfully
2	19:24:59.531	Custom indicator SupResZone_MTF AUDJPY.,H4: loaded successfully
2	19:24:59.548	Custom indicator SupResZone_MTF AUDJPY.,H4: loaded successfully
2	19:24:59.566	Custom indicator SupResZone_MTF AUDJPY.,H4: loaded successfully
2	19:24:59.584	Custom indicator SupResZone_MTF AUDJPY.,H4: loaded successfully
2	19:24:59.601	Custom indicator MACD-2x AUDJPY.,H4: loaded successfully
2	19:24:59.732	Custom indicator Laguerre-ACS1 AUDJPY.,H4: loaded successfully
2	19:25:00.028	Custom indicator SupResZone_MTF AUDUSD.,H4: loaded successfully
2	19:25:00.040	Custom indicator SupResZone_MTF AUDUSD.,H4: loaded successfully
2	19:25:00.052	Custom indicator SupResZone_MTF AUDUSD.,H4: loaded successfully
2	19:25:00.064	Custom indicator SupResZone_MTF AUDUSD.,H4: loaded successfully
2	19:25:00.081	Custom indicator MACD-2x AUDUSD.,H4: loaded successfully
2	19:25:00.165	Custom indicator Laguerre-ACS1 AUDUSD.,H4: loaded successfully
2	19:25:00.398	Custom indicator SupResZone_MTF USDJPY.,H4: loaded successfully
2	19:25:00.410	Custom indicator SupResZone_MTF USDJPY.,H4: loaded successfully
2	19:25:00.421	Custom indicator SupResZone_MTF USDJPY.,H4: loaded successfully
2	19:25:00.433	Custom indicator SupResZone_MTF USDJPY.,H4: loaded successfully
2	19:25:00.449	Custom indicator MACD-2x USDJPY.,H4: loaded successfully
2	19:25:00.527	Custom indicator Laguerre-ACS1 USDJPY.,H4: loaded successfully
2	19:25:00.801	Custom indicator SupResZone_MTF EURJPY.,H4: loaded successfully
2	19:25:00.813	Custom indicator SupResZone_MTF EURJPY.,H4: loaded successfully
2	19:25:00.825	Custom indicator SupResZone_MTF EURJPY.,H4: loaded successfully
2	19:25:00.837	Custom indicator SupResZone_MTF EURJPY.,H4: loaded successfully
2	19:25:00.852	Custom indicator MACD-2x EURJPY.,H4: loaded successfully
2	19:25:00.927	Custom indicator Laguerre-ACS1 EURJPY.,H4: loaded successfully
2	19:25:01.223	Custom indicator SupResZone_MTF EURUSD.,H4: loaded successfully
2	19:25:01.240	Custom indicator SupResZone_MTF EURUSD.,H4: loaded successfully
2	19:25:01.255	Custom indicator SupResZone_MTF EURUSD.,H4: loaded successfully
2	19:25:01.274	Custom indicator SupResZone_MTF EURUSD.,H4: loaded successfully
2	19:25:01.291	Custom indicator MACD-2x EURUSD.,H4: loaded successfully
2	19:25:01.384	Custom indicator Laguerre-ACS1 EURUSD.,H4: loaded successfully
2	19:25:01.729	Custom indicator SupResZone_MTF GBPJPY.,H4: loaded successfully
2	19:25:01.743	Custom indicator SupResZone_MTF GBPJPY.,H4: loaded successfully
2	19:25:01.757	Custom indicator SupResZone_MTF GBPJPY.,H4: loaded successfully
2	19:25:01.770	Custom indicator SupResZone_MTF GBPJPY.,H4: loaded successfully
2	19:25:01.785	Custom indicator MACD-2x GBPJPY.,H4: loaded successfully
2	19:25:01.875	Custom indicator Laguerre-ACS1 GBPJPY.,H4: loaded successfully
2	19:25:02.135	Custom indicator SupResZone_MTF GBPUSD.,H4: loaded successfully
2	19:25:02.150	Custom indicator SupResZone_MTF GBPUSD.,H4: loaded successfully
2	19:25:02.164	Custom indicator SupResZone_MTF GBPUSD.,H4: loaded successfully
2	19:25:02.178	Custom indicator SupResZone_MTF GBPUSD.,H4: loaded successfully
2	19:25:02.197	Custom indicator MACD-2x GBPUSD.,H4: loaded successfully
2	19:25:02.295	Custom indicator Laguerre-ACS1 GBPUSD.,H4: loaded successfully
2	19:25:02.620	Custom indicator SupResZone_MTF USDCAD.,H4: loaded successfully
2	19:25:02.636	Custom indicator SupResZone_MTF USDCAD.,H4: loaded successfully
2	19:25:02.653	Custom indicator SupResZone_MTF USDCAD.,H4: loaded successfully
2	19:25:02.671	Custom indicator SupResZone_MTF USDCAD.,H4: loaded successfully
2	19:25:02.687	Custom indicator MACD-2x USDCAD.,H4: loaded successfully
2	19:25:02.803	Custom indicator Laguerre-ACS1 USDCAD.,H4: loaded successfully
2	19:25:03.166	Custom indicator SupResZone_MTF USDCHF.,H4: loaded successfully
2	19:25:03.183	Custom indicator SupResZone_MTF USDCHF.,H4: loaded successfully
2	19:25:03.202	Custom indicator SupResZone_MTF USDCHF.,H4: loaded successfully
2	19:25:03.220	Custom indicator SupResZone_MTF USDCHF.,H4: loaded successfully
2	19:25:03.244	Custom indicator MACD-2x USDCHF.,H4: loaded successfully
2	19:25:03.367	Custom indicator Laguerre-ACS1 USDCHF.,H4: loaded successfully
2	19:25:03.693	Custom indicator SupResZone_MTF USDCNH,Daily: loaded successfully
2	19:25:03.715	Custom indicator SupResZone_MTF USDCNH,Daily: loaded successfully
2	19:25:03.739	Custom indicator SupResZone_MTF USDCNH,Daily: loaded successfully
2	19:25:03.758	Custom indicator SupResZone_MTF USDCNH,Daily: loaded successfully
2	19:25:03.776	Custom indicator MACD-2x USDCNH,Daily: loaded successfully
2	19:25:03.901	Custom indicator Laguerre-ACS1 USDCNH,Daily: loaded successfully
2	19:25:04.098	Custom indicator GMMA Long USDJPY.,H4: loaded successfully
2	19:25:04.118	Custom indicator GMMA Short USDJPY.,H4: loaded successfully
2	19:25:04.129	Custom indicator 23MTF_MovingAverageIGOR USDJPY.,H4: loaded successfully
2	19:25:04.141	Custom indicator 23MTF_MovingAverageIGOR USDJPY.,H4: loaded successfully
2	19:25:04.156	Custom indicator SupResZone_MTF USDJPY.,H4: loaded successfully
2	19:25:04.172	Custom indicator SupResZone_MTF USDJPY.,H4: loaded successfully
2	19:25:04.193	Custom indicator MACD-2x USDJPY.,H4: loaded successfully
2	19:25:04.607	Custom indicator SupResZone_MTF CHINA300,Daily: loaded successfully
2	19:25:04.623	Custom indicator SupResZone_MTF CHINA300,Daily: loaded successfully
2	19:25:04.640	Custom indicator SupResZone_MTF CHINA300,Daily: loaded successfully
2	19:25:04.657	Custom indicator SupResZone_MTF CHINA300,Daily: loaded successfully
2	19:25:04.671	Custom indicator MACD-2x CHINA300,Daily: loaded successfully
2	19:25:04.771	Custom indicator Laguerre-ACS1 CHINA300,Daily: loaded successfully
0	19:25:07.875	'120010550': login on PRC-Live through Server 3 (ping: 126.63 ms)
0	19:25:10.382	'120010550': login datacenter on PRC-Live through Server 3 (ping: 126.63 ms)
0	19:25:11.043	'120010550': previous successful authorization performed from 223.104.176.172
0	19:25:33.221	'120010550': auto connecting to a better access point Server 5 (ping is 172.33 ms)
0	19:25:34.241	'120010550': login on PRC-Live through Server 5 (ping: 172.33 ms)
0	19:25:36.522	'120010550': login datacenter on PRC-Live through Server 5 (ping: 172.33 ms)
0	19:25:37.127	'120010550': previous successful authorization performed from 1.180.18.101
0	19:27:17.464	'120010550': order sell market 0.01 EURAUD. sl: 0.00000 tp: 0.00000
0	19:27:17.959	'120010550': order was opened : #11069338 sell 0.01 EURAUD. at 1.60662 sl: 0.00000 tp: 0.00000
0	19:27:53.937	'120010550': modify order #11069338 sell 0.01 EURAUD. at 1.60662 sl: 0.00000 tp: 0.00000 -> sl: 0.00000 tp: 1.60454
0	19:27:54.627	'120010550': order #11069338 sell 0.01 EURAUD. at 1.60662 was modified -> sl: 0.00000 tp: 1.60454
0	19:28:01.890	'120010550': modify order #11069338 sell 0.01 EURAUD. at 1.60662 sl: 0.00000 tp: 1.60454 -> sl: 0.00000 tp: 1.60541
0	19:28:02.644	'120010550': order #11069338 sell 0.01 EURAUD. at 1.60662 was modified -> sl: 0.00000 tp: 1.60541
0	19:28:05.233	'120010550': modify order #11069338 sell 0.01 EURAUD. at 1.60662 sl: 0.00000 tp: 1.60541 -> sl: 0.00000 tp: 1.60507
0	19:28:06.052	'120010550': order #11069338 sell 0.01 EURAUD. at 1.60662 was modified -> sl: 0.00000 tp: 1.60507
0	20:06:44.761	'120010550': order sell market 0.02 USDCHF. sl: 0.00000 tp: 0.00000
0	20:06:45.727	'120010550': order was opened : #11069354 sell 0.02 USDCHF. at 0.98514 sl: 0.00000 tp: 0.00000
0	21:01:05.006	'120010550': order #11069338 sell 0.01 EURAUD. at 1.60662 closed due take-profit at price 1.60507
1	21:32:29.564	'120010550': ping failed
0	21:32:31.545	'120010550': login on PRC-Live through Server 5 (ping: 172.33 ms)
0	21:32:35.071	'120010550': login datacenter on PRC-Live through Server 5 (ping: 172.33 ms)
0	21:32:35.576	'120010550': previous successful authorization performed from 101.131.181.23
0	21:32:57.946	'120010550': ping to current access point Server 5 is 172.91 ms
0	22:46:10.325	'120010550': modify order #11069354 sell 0.02 USDCHF. at 0.98514 sl: 0.00000 tp: 0.00000 -> sl: 0.00000 tp: 0.97944
0	22:46:11.798	'120010550': order #11069354 sell 0.02 USDCHF. at 0.98514 was modified -> sl: 0.00000 tp: 0.97944
