0	00:26:12.052	FX Trader build 1170 started (Performance Ronnaru Capital Ltd.)
0	00:26:12.053	Windows 10 Home x64, IE 11, UAC, 8 x Intel Core i7-6700HQ  @ 2.60GHz, Memory: 27344 / 32639 Mb, Disk: 139 / 264 Gb, GMT+9
0	00:26:12.053	Data Folder: C:\Users\tiany\AppData\Roaming\MetaQuotes\Terminal\79214103E7A6FC97F86082D309D0B84B
1	00:26:13.521	MQL Base: failed connect to server
2	00:26:14.028	Custom indicator MACD-2x USDXXX,H4: loaded successfully
2	00:26:14.041	Custom indicator MACD-2x USDXXX,H4: loaded successfully
2	00:26:14.119	Custom indicator Laguerre-ACS1 USDXXX,H4: loaded successfully
2	00:26:14.200	Custom indicator MACD-2x XAUUSD.,H1: loaded successfully
2	00:26:14.210	Custom indicator MACD-2x XAUUSD.,H1: loaded successfully
2	00:26:14.282	Custom indicator Laguerre-ACS1 XAUUSD.,H1: loaded successfully
2	00:26:14.403	Custom indicator span_model XAGUSD.,H1: loaded successfully
2	00:26:14.413	Custom indicator MACD-2x XAGUSD.,H1: loaded successfully
2	00:26:14.423	Custom indicator MACD-2x XAGUSD.,H1: loaded successfully
2	00:26:14.500	Custom indicator Laguerre-ACS1 XAGUSD.,H1: loaded successfully
2	00:26:14.592	Custom indicator MACD-2x US_OIL,H4: loaded successfully
2	00:26:14.601	Custom indicator MACD-2x US_OIL,H4: loaded successfully
2	00:26:14.672	Custom indicator Laguerre-ACS1 US_OIL,H4: loaded successfully
2	00:26:14.822	Custom indicator span_model JP225,M5: loaded successfully
2	00:26:14.832	Custom indicator MACD-2x JP225,M5: loaded successfully
2	00:26:14.843	Custom indicator MACD-2x JP225,M5: loaded successfully
2	00:26:14.917	Custom indicator Laguerre-ACS1 JP225,M5: loaded successfully
2	00:26:15.084	Custom indicator span_model SPX500,M5: loaded successfully
2	00:26:15.093	Custom indicator MACD-2x SPX500,M5: loaded successfully
2	00:26:15.103	Custom indicator MACD-2x SPX500,M5: loaded successfully
2	00:26:15.174	Custom indicator Laguerre-ACS1 SPX500,M5: loaded successfully
2	00:26:15.264	Custom indicator MACD-2x NDX100,Daily: loaded successfully
2	00:26:15.275	Custom indicator MACD-2x NDX100,Daily: loaded successfully
2	00:26:15.348	Custom indicator Laguerre-ACS1 NDX100,Daily: loaded successfully
2	00:26:15.406	Custom indicator MACD-2x AUDJPY.,H4: loaded successfully
2	00:26:15.416	Custom indicator MACD-2x AUDJPY.,H4: loaded successfully
2	00:26:15.489	Custom indicator Laguerre-ACS1 AUDJPY.,H4: loaded successfully
2	00:26:15.548	Custom indicator MACD-2x AUDUSD.,H4: loaded successfully
2	00:26:15.558	Custom indicator MACD-2x AUDUSD.,H4: loaded successfully
2	00:26:15.629	Custom indicator Laguerre-ACS1 AUDUSD.,H4: loaded successfully
2	00:26:15.693	Custom indicator MACD-2x USDJPY.,M5: loaded successfully
2	00:26:15.704	Custom indicator MACD-2x USDJPY.,M5: loaded successfully
2	00:26:15.776	Custom indicator Laguerre-ACS1 USDJPY.,M5: loaded successfully
2	00:26:15.889	Custom indicator MACD-2x EURJPY.,H4: loaded successfully
2	00:26:15.902	Custom indicator MACD-2x EURJPY.,H4: loaded successfully
2	00:26:15.975	Custom indicator Laguerre-ACS1 EURJPY.,H4: loaded successfully
2	00:26:16.040	Custom indicator MACD-2x EURUSD.,H4: loaded successfully
2	00:26:16.050	Custom indicator MACD-2x EURUSD.,H4: loaded successfully
2	00:26:16.120	Custom indicator Laguerre-ACS1 EURUSD.,H4: loaded successfully
2	00:26:16.204	Custom indicator MACD-2x GBPUSD.,H4: loaded successfully
2	00:26:16.215	Custom indicator MACD-2x GBPUSD.,H4: loaded successfully
2	00:26:16.289	Custom indicator Laguerre-ACS1 GBPUSD.,H4: loaded successfully
2	00:26:16.380	Custom indicator MACD-2x USDCHF.,H4: loaded successfully
2	00:26:16.390	Custom indicator MACD-2x USDCHF.,H4: loaded successfully
2	00:26:16.458	Custom indicator Laguerre-ACS1 USDCHF.,H4: loaded successfully
2	00:26:16.514	Custom indicator MACD-2x USDCAD.,Daily: loaded successfully
2	00:26:16.524	Custom indicator MACD-2x USDCAD.,Daily: loaded successfully
2	00:26:16.597	Custom indicator Laguerre-ACS1 USDCAD.,Daily: loaded successfully
2	00:26:16.659	Custom indicator MACD-2x EURAUD.,H4: loaded successfully
2	00:26:16.669	Custom indicator MACD-2x EURAUD.,H4: loaded successfully
2	00:26:16.739	Custom indicator Laguerre-ACS1 EURAUD.,H4: loaded successfully
2	00:26:16.798	Custom indicator MACD-2x USDJPY,M5: loaded successfully
2	00:26:16.808	Custom indicator MACD-2x USDJPY,M5: loaded successfully
2	00:26:16.889	Custom indicator Laguerre-ACS1 USDJPY,M5: loaded successfully
2	00:26:16.965	Custom indicator GMMA Long USDJPY.,M5: loaded successfully
2	00:26:16.978	Custom indicator GMMA Short USDJPY.,M5: loaded successfully
2	00:26:16.985	Custom indicator 23MTF_MovingAverageIGOR USDJPY.,M5: loaded successfully
2	00:26:16.994	Custom indicator 23MTF_MovingAverageIGOR USDJPY.,M5: loaded successfully
2	00:26:17.004	Custom indicator SupResZone_MTF USDJPY.,M5: loaded successfully
2	00:26:17.014	Custom indicator MACD-2x USDJPY.,M5: loaded successfully
1	00:26:18.343	'120010550': connect failed [No connection]
1	00:26:18.394	MQL5.community: authorization failed
1	00:26:18.732	MQL5.community: authorization failed
0	00:26:39.086	'120010550': login on PRC-Live through Server 3 (ping: 47.25 ms)
0	00:26:40.057	'120010550': login datacenter on PRC-Live through Server 3 (ping: 47.25 ms)
0	00:26:40.617	'120010550': previous successful authorization performed from 106.133.91.203
0	00:26:58.626	'120010550': auto connecting to a better access point Server 7 (ping is 31.05 ms)
0	00:26:59.178	'120010550': login on PRC-Live through Server 7 (ping: 31.05 ms)
0	00:26:59.654	'120010550': login datacenter on PRC-Live through Server 7 (ping: 31.05 ms)
0	00:27:00.025	'120010550': previous successful authorization performed from 106.181.135.181
2	00:28:38.463	Custom indicator SupResZone_MTF USDJPY.,H1: loaded successfully
1	00:38:14.753	'120010550': modification of order #10909046 sell 0.01 US_OIL at 60.06 sl: 64.85 tp: 0.00 -> sl: 60.34 tp: 0.00 failed [Invalid S/L or T/P]
1	00:38:22.531	'120010550': modification of order #10909046 sell 0.01 US_OIL at 60.06 sl: 64.85 tp: 0.00 -> sl: 60.51 tp: 0.00 failed [Invalid S/L or T/P]
1	00:38:25.849	'120010550': modification of order #10909046 sell 0.01 US_OIL at 60.06 sl: 64.85 tp: 0.00 -> sl: 61.10 tp: 0.00 failed [Invalid S/L or T/P]
0	00:38:29.337	'120010550': modify order #10909046 sell 0.01 US_OIL at 60.06 sl: 64.85 tp: 0.00 -> sl: 64.85 tp: 59.97
0	00:38:29.600	'120010550': order #10909046 sell 0.01 US_OIL at 60.06 was modified -> sl: 64.85 tp: 59.97
0	00:38:38.850	'120010550': modify order #10909046 sell 0.01 US_OIL at 60.06 sl: 64.85 tp: 59.97 -> sl: 64.85 tp: 59.96
0	00:38:39.804	'120010550': order #10909046 sell 0.01 US_OIL at 60.06 was modified -> sl: 64.85 tp: 59.96
2	00:39:42.651	Custom indicator SupResZone_MTF US_OIL,Daily: loaded successfully
2	00:46:09.118	Custom indicator SupResZone_MTF US_OIL,H1: loaded successfully
2	01:06:30.894	Custom indicator MACD-2x US_OIL,H1: removed
2	01:09:40.247	Custom indicator SupResZone_MTF US_OIL,M5: loaded successfully
2	01:18:39.492	Custom indicator SupResZone_MTF US_OIL,Daily: removed
2	01:18:39.493	Custom indicator SupResZone_MTF US_OIL,Daily: removed
2	01:18:39.495	Custom indicator SupResZone_MTF US_OIL,Daily: removed
2	01:18:39.496	Custom indicator MACD-2x US_OIL,Daily: removed
2	01:18:39.497	Custom indicator Laguerre-ACS1 US_OIL,Daily: removed
2	01:18:39.508	Custom indicator SupResZone_MTF US_OIL,Daily: loaded successfully
2	01:18:39.518	Custom indicator SupResZone_MTF US_OIL,Daily: loaded successfully
2	01:18:39.529	Custom indicator SupResZone_MTF US_OIL,Daily: loaded successfully
2	01:18:39.539	Custom indicator MACD-2x US_OIL,Daily: loaded successfully
2	01:18:39.609	Custom indicator Laguerre-ACS1 US_OIL,Daily: loaded successfully
2	01:21:24.213	Custom indicator span_model XAGUSD.,H1: removed
2	01:21:24.214	Custom indicator MACD-2x XAGUSD.,H1: removed
2	01:21:24.216	Custom indicator MACD-2x XAGUSD.,H1: removed
2	01:21:24.216	Custom indicator Laguerre-ACS1 XAGUSD.,H1: removed
2	01:21:24.228	Custom indicator SupResZone_MTF XAGUSD.,H1: loaded successfully
2	01:21:24.240	Custom indicator SupResZone_MTF XAGUSD.,H1: loaded successfully
2	01:21:24.253	Custom indicator SupResZone_MTF XAGUSD.,H1: loaded successfully
2	01:21:24.266	Custom indicator MACD-2x XAGUSD.,H1: loaded successfully
2	01:21:24.340	Custom indicator Laguerre-ACS1 XAGUSD.,H1: loaded successfully
2	01:21:55.199	Custom indicator SupResZone_MTF XAGUSD.,Daily: removed
2	01:21:55.202	Custom indicator SupResZone_MTF XAGUSD.,Daily: removed
2	01:21:55.204	Custom indicator SupResZone_MTF XAGUSD.,Daily: removed
2	01:21:55.205	Custom indicator MACD-2x XAGUSD.,Daily: removed
2	01:21:55.205	Custom indicator Laguerre-ACS1 XAGUSD.,Daily: removed
2	01:21:55.215	Custom indicator SupResZone_MTF XAGUSD.,Daily: loaded successfully
2	01:21:55.226	Custom indicator SupResZone_MTF XAGUSD.,Daily: loaded successfully
2	01:21:55.237	Custom indicator SupResZone_MTF XAGUSD.,Daily: loaded successfully
2	01:21:55.246	Custom indicator MACD-2x XAGUSD.,Daily: loaded successfully
2	01:21:55.317	Custom indicator Laguerre-ACS1 XAGUSD.,Daily: loaded successfully
2	01:22:04.006	Custom indicator SupResZone_MTF XAGUSD.,Daily: removed
2	01:22:04.007	Custom indicator SupResZone_MTF XAGUSD.,Daily: removed
2	01:22:04.009	Custom indicator SupResZone_MTF XAGUSD.,Daily: removed
2	01:22:04.010	Custom indicator MACD-2x XAGUSD.,Daily: removed
2	01:22:04.010	Custom indicator Laguerre-ACS1 XAGUSD.,Daily: removed
2	01:22:04.021	Custom indicator SupResZone_MTF XAGUSD.,Daily: loaded successfully
2	01:22:04.033	Custom indicator SupResZone_MTF XAGUSD.,Daily: loaded successfully
2	01:22:04.045	Custom indicator SupResZone_MTF XAGUSD.,Daily: loaded successfully
2	01:22:04.056	Custom indicator MACD-2x XAGUSD.,Daily: loaded successfully
2	01:22:04.129	Custom indicator Laguerre-ACS1 XAGUSD.,Daily: loaded successfully
2	01:22:41.387	Custom indicator MACD-2x USDXXX,H4: removed
2	01:22:41.393	Custom indicator MACD-2x USDXXX,H4: removed
2	01:22:41.393	Custom indicator Laguerre-ACS1 USDXXX,H4: removed
2	01:22:41.428	Custom indicator MACD-2x USDXXX,H4: loaded successfully
2	01:22:41.441	Custom indicator MACD-2x USDXXX,H4: loaded successfully
2	01:22:41.521	Custom indicator Laguerre-ACS1 USDXXX,H4: loaded successfully
2	01:22:53.881	Custom indicator MACD-2x USDXXX,H4: removed
2	01:22:53.883	Custom indicator MACD-2x USDXXX,H4: removed
2	01:22:53.883	Custom indicator Laguerre-ACS1 USDXXX,H4: removed
2	01:22:53.894	Custom indicator SupResZone_MTF USDXXX,H4: loaded successfully
2	01:22:53.905	Custom indicator SupResZone_MTF USDXXX,H4: loaded successfully
2	01:22:53.915	Custom indicator SupResZone_MTF USDXXX,H4: loaded successfully
2	01:22:53.925	Custom indicator MACD-2x USDXXX,H4: loaded successfully
2	01:22:54.002	Custom indicator Laguerre-ACS1 USDXXX,H4: loaded successfully
2	01:23:33.467	Custom indicator SupResZone_MTF USDXXX,Daily: removed
2	01:23:33.469	Custom indicator SupResZone_MTF USDXXX,Daily: removed
2	01:23:33.470	Custom indicator SupResZone_MTF USDXXX,Daily: removed
2	01:23:33.472	Custom indicator MACD-2x USDXXX,Daily: removed
2	01:23:33.472	Custom indicator Laguerre-ACS1 USDXXX,Daily: removed
2	01:23:33.508	Custom indicator MACD-2x USDXXX,Daily: loaded successfully
2	01:23:33.518	Custom indicator MACD-2x USDXXX,Daily: loaded successfully
2	01:23:33.590	Custom indicator Laguerre-ACS1 USDXXX,Daily: loaded successfully
2	01:24:02.065	Custom indicator MACD-2x XAUUSD.,Daily: removed
2	01:24:02.068	Custom indicator MACD-2x XAUUSD.,Daily: removed
2	01:24:02.068	Custom indicator Laguerre-ACS1 XAUUSD.,Daily: removed
2	01:24:02.079	Custom indicator SupResZone_MTF XAUUSD.,Daily: loaded successfully
2	01:24:02.090	Custom indicator SupResZone_MTF XAUUSD.,Daily: loaded successfully
2	01:24:02.100	Custom indicator SupResZone_MTF XAUUSD.,Daily: loaded successfully
2	01:24:02.111	Custom indicator MACD-2x XAUUSD.,Daily: loaded successfully
2	01:24:02.183	Custom indicator Laguerre-ACS1 XAUUSD.,Daily: loaded successfully
2	01:25:08.707	Custom indicator span_model JP225,H1: removed
2	01:25:08.709	Custom indicator MACD-2x JP225,H1: removed
2	01:25:08.710	Custom indicator MACD-2x JP225,H1: removed
2	01:25:08.711	Custom indicator Laguerre-ACS1 JP225,H1: removed
2	01:25:08.724	Custom indicator SupResZone_MTF JP225,H1: loaded successfully
2	01:25:08.735	Custom indicator SupResZone_MTF JP225,H1: loaded successfully
2	01:25:08.746	Custom indicator SupResZone_MTF JP225,H1: loaded successfully
2	01:25:08.756	Custom indicator MACD-2x JP225,H1: loaded successfully
2	01:25:08.828	Custom indicator Laguerre-ACS1 JP225,H1: loaded successfully
2	01:25:50.444	Custom indicator SupResZone_MTF JP225,Daily: removed
2	01:25:50.446	Custom indicator SupResZone_MTF JP225,Daily: removed
2	01:25:50.447	Custom indicator SupResZone_MTF JP225,Daily: removed
2	01:25:50.448	Custom indicator MACD-2x JP225,Daily: removed
2	01:25:50.448	Custom indicator Laguerre-ACS1 JP225,Daily: removed
2	01:25:50.461	Custom indicator SupResZone_MTF JP225,Daily: loaded successfully
2	01:25:50.473	Custom indicator SupResZone_MTF JP225,Daily: loaded successfully
2	01:25:50.482	Custom indicator SupResZone_MTF JP225,Daily: loaded successfully
2	01:25:50.494	Custom indicator MACD-2x JP225,Daily: loaded successfully
2	01:25:50.567	Custom indicator Laguerre-ACS1 JP225,Daily: loaded successfully
2	01:26:21.344	Custom indicator span_model SPX500,H1: removed
2	01:26:21.347	Custom indicator MACD-2x SPX500,H1: removed
2	01:26:21.348	Custom indicator MACD-2x SPX500,H1: removed
2	01:26:21.348	Custom indicator Laguerre-ACS1 SPX500,H1: removed
2	01:26:21.359	Custom indicator SupResZone_MTF SPX500,H1: loaded successfully
2	01:26:21.370	Custom indicator SupResZone_MTF SPX500,H1: loaded successfully
2	01:26:21.382	Custom indicator SupResZone_MTF SPX500,H1: loaded successfully
2	01:26:21.392	Custom indicator MACD-2x SPX500,H1: loaded successfully
2	01:26:21.466	Custom indicator Laguerre-ACS1 SPX500,H1: loaded successfully
2	01:27:28.227	Custom indicator MACD-2x USDJPY.,H1: removed
2	01:27:28.229	Custom indicator MACD-2x USDJPY.,H1: removed
2	01:27:28.229	Custom indicator Laguerre-ACS1 USDJPY.,H1: removed
2	01:27:28.244	Custom indicator SupResZone_MTF USDJPY.,H1: loaded successfully
2	01:27:28.257	Custom indicator SupResZone_MTF USDJPY.,H1: loaded successfully
2	01:27:28.271	Custom indicator SupResZone_MTF USDJPY.,H1: loaded successfully
2	01:27:28.283	Custom indicator MACD-2x USDJPY.,H1: loaded successfully
2	01:27:28.371	Custom indicator Laguerre-ACS1 USDJPY.,H1: loaded successfully
2	01:27:56.100	Custom indicator MACD-2x AUDJPY.,H1: removed
2	01:27:56.101	Custom indicator MACD-2x AUDJPY.,H1: removed
2	01:27:56.101	Custom indicator Laguerre-ACS1 AUDJPY.,H1: removed
2	01:27:56.113	Custom indicator SupResZone_MTF AUDJPY.,H1: loaded successfully
2	01:27:56.122	Custom indicator SupResZone_MTF AUDJPY.,H1: loaded successfully
2	01:27:56.132	Custom indicator SupResZone_MTF AUDJPY.,H1: loaded successfully
2	01:27:56.143	Custom indicator MACD-2x AUDJPY.,H1: loaded successfully
2	01:27:56.213	Custom indicator Laguerre-ACS1 AUDJPY.,H1: loaded successfully
2	01:28:19.477	Custom indicator MACD-2x AUDUSD.,H1: removed
2	01:28:19.478	Custom indicator MACD-2x AUDUSD.,H1: removed
2	01:28:19.478	Custom indicator Laguerre-ACS1 AUDUSD.,H1: removed
2	01:28:19.489	Custom indicator SupResZone_MTF AUDUSD.,H1: loaded successfully
2	01:28:19.500	Custom indicator SupResZone_MTF AUDUSD.,H1: loaded successfully
2	01:28:19.510	Custom indicator SupResZone_MTF AUDUSD.,H1: loaded successfully
2	01:28:19.521	Custom indicator MACD-2x AUDUSD.,H1: loaded successfully
2	01:28:19.592	Custom indicator Laguerre-ACS1 AUDUSD.,H1: loaded successfully
2	01:28:55.295	Custom indicator MACD-2x EURJPY.,H1: removed
2	01:28:55.297	Custom indicator MACD-2x EURJPY.,H1: removed
2	01:28:55.297	Custom indicator Laguerre-ACS1 EURJPY.,H1: removed
2	01:28:55.307	Custom indicator SupResZone_MTF EURJPY.,H1: loaded successfully
2	01:28:55.318	Custom indicator SupResZone_MTF EURJPY.,H1: loaded successfully
2	01:28:55.329	Custom indicator SupResZone_MTF EURJPY.,H1: loaded successfully
2	01:28:55.338	Custom indicator MACD-2x EURJPY.,H1: loaded successfully
2	01:28:55.413	Custom indicator Laguerre-ACS1 EURJPY.,H1: loaded successfully
2	01:29:07.754	Custom indicator MACD-2x EURUSD.,H1: removed
2	01:29:07.756	Custom indicator MACD-2x EURUSD.,H1: removed
2	01:29:07.756	Custom indicator Laguerre-ACS1 EURUSD.,H1: removed
2	01:29:07.766	Custom indicator SupResZone_MTF EURUSD.,H1: loaded successfully
2	01:29:07.776	Custom indicator SupResZone_MTF EURUSD.,H1: loaded successfully
2	01:29:07.787	Custom indicator SupResZone_MTF EURUSD.,H1: loaded successfully
2	01:29:07.797	Custom indicator MACD-2x EURUSD.,H1: loaded successfully
2	01:29:07.868	Custom indicator Laguerre-ACS1 EURUSD.,H1: loaded successfully
2	01:29:30.177	Custom indicator MACD-2x GBPUSD.,H1: removed
2	01:29:30.179	Custom indicator MACD-2x GBPUSD.,H1: removed
2	01:29:30.179	Custom indicator Laguerre-ACS1 GBPUSD.,H1: removed
2	01:29:30.190	Custom indicator SupResZone_MTF GBPUSD.,H1: loaded successfully
2	01:29:30.200	Custom indicator SupResZone_MTF GBPUSD.,H1: loaded successfully
2	01:29:30.210	Custom indicator SupResZone_MTF GBPUSD.,H1: loaded successfully
2	01:29:30.220	Custom indicator MACD-2x GBPUSD.,H1: loaded successfully
2	01:29:30.293	Custom indicator Laguerre-ACS1 GBPUSD.,H1: loaded successfully
2	01:29:50.743	Custom indicator MACD-2x USDCHF.,H1: removed
2	01:29:50.745	Custom indicator MACD-2x USDCHF.,H1: removed
2	01:29:50.745	Custom indicator Laguerre-ACS1 USDCHF.,H1: removed
2	01:29:50.755	Custom indicator SupResZone_MTF USDCHF.,H1: loaded successfully
2	01:29:50.765	Custom indicator SupResZone_MTF USDCHF.,H1: loaded successfully
2	01:29:50.776	Custom indicator SupResZone_MTF USDCHF.,H1: loaded successfully
2	01:29:50.786	Custom indicator MACD-2x USDCHF.,H1: loaded successfully
2	01:29:50.859	Custom indicator Laguerre-ACS1 USDCHF.,H1: loaded successfully
2	01:30:11.887	Custom indicator MACD-2x USDCAD.,H1: removed
2	01:30:11.889	Custom indicator MACD-2x USDCAD.,H1: removed
2	01:30:11.889	Custom indicator Laguerre-ACS1 USDCAD.,H1: removed
2	01:30:11.900	Custom indicator SupResZone_MTF USDCAD.,H1: loaded successfully
2	01:30:11.910	Custom indicator SupResZone_MTF USDCAD.,H1: loaded successfully
2	01:30:11.921	Custom indicator SupResZone_MTF USDCAD.,H1: loaded successfully
2	01:30:11.931	Custom indicator MACD-2x USDCAD.,H1: loaded successfully
2	01:30:12.005	Custom indicator Laguerre-ACS1 USDCAD.,H1: loaded successfully
2	01:30:21.099	Custom indicator MACD-2x EURAUD.,H1: removed
2	01:30:21.101	Custom indicator MACD-2x EURAUD.,H1: removed
2	01:30:21.101	Custom indicator Laguerre-ACS1 EURAUD.,H1: removed
2	01:30:21.111	Custom indicator SupResZone_MTF EURAUD.,H1: loaded successfully
2	01:30:21.122	Custom indicator SupResZone_MTF EURAUD.,H1: loaded successfully
2	01:30:21.132	Custom indicator SupResZone_MTF EURAUD.,H1: loaded successfully
2	01:30:21.143	Custom indicator MACD-2x EURAUD.,H1: loaded successfully
2	01:30:21.215	Custom indicator Laguerre-ACS1 EURAUD.,H1: loaded successfully
2	01:31:30.366	Custom indicator MACD-2x USDJPY,M5: removed
2	01:31:30.368	Custom indicator MACD-2x USDJPY,M5: removed
2	01:31:30.368	Custom indicator Laguerre-ACS1 USDJPY,M5: removed
0	01:34:10.347	'120010550': modify order #10929389 sell 0.01 XAGUSD. at 14.740 sl: 0.000 tp: 14.670 -> sl: 0.000 tp: 14.701
0	01:34:10.730	'120010550': order #10929389 sell 0.01 XAGUSD. at 14.740 was modified -> sl: 0.000 tp: 14.701
0	01:34:48.664	'120010550': modify order #10927735 sell 0.01 AUDUSD. at 0.69451 sl: 0.00000 tp: 0.00000 -> sl: 0.00000 tp: 0.69414
0	01:34:49.821	'120010550': order #10927735 sell 0.01 AUDUSD. at 0.69451 was modified -> sl: 0.00000 tp: 0.69414
0	02:06:45.612	'120010550': order sell market 0.02 EURUSD. sl: 0.00000 tp: 0.00000
0	02:06:46.858	'120010550': order was opened : #10931181 sell 0.02 EURUSD. at 1.12105 sl: 0.00000 tp: 0.00000
0	02:06:56.715	'120010550': modify order #10931181 sell 0.02 EURUSD. at 1.12105 sl: 0.00000 tp: 0.00000 -> sl: 0.00000 tp: 1.11942
0	02:06:57.036	'120010550': order #10931181 sell 0.02 EURUSD. at 1.12105 was modified -> sl: 0.00000 tp: 1.11942
0	02:08:32.938	'120010550': modify order #10929389 sell 0.01 XAGUSD. at 14.740 sl: 0.000 tp: 14.701 -> sl: 0.000 tp: 14.725
0	02:08:33.889	'120010550': order #10929389 sell 0.01 XAGUSD. at 14.740 was modified -> sl: 0.000 tp: 14.725
2	02:20:34.158	Custom indicator MACD-2x USDCNH,H1: loaded successfully
2	02:20:34.168	Custom indicator MACD-2x USDCNH,H1: loaded successfully
2	02:20:34.237	Custom indicator Laguerre-ACS1 USDCNH,H1: loaded successfully
2	02:27:07.666	Custom indicator MACD-2x USDXXX,H4: removed
2	02:27:07.668	Custom indicator MACD-2x USDXXX,H4: removed
2	02:27:07.668	Custom indicator Laguerre-ACS1 USDXXX,H4: removed
2	02:27:07.675	Custom indicator SupResZone_MTF XAUUSD.,H1: removed
2	02:27:07.677	Custom indicator SupResZone_MTF XAUUSD.,H1: removed
2	02:27:07.678	Custom indicator SupResZone_MTF XAUUSD.,H1: removed
2	02:27:07.680	Custom indicator MACD-2x XAUUSD.,H1: removed
2	02:27:07.680	Custom indicator Laguerre-ACS1 XAUUSD.,H1: removed
2	02:27:07.688	Custom indicator SupResZone_MTF XAGUSD.,H1: removed
2	02:27:07.689	Custom indicator SupResZone_MTF XAGUSD.,H1: removed
2	02:27:07.691	Custom indicator SupResZone_MTF XAGUSD.,H1: removed
2	02:27:07.693	Custom indicator MACD-2x XAGUSD.,H1: removed
2	02:27:07.693	Custom indicator Laguerre-ACS1 XAGUSD.,H1: removed
2	02:27:07.700	Custom indicator SupResZone_MTF US_OIL,H1: removed
2	02:27:07.703	Custom indicator SupResZone_MTF US_OIL,H1: removed
2	02:27:07.705	Custom indicator SupResZone_MTF US_OIL,H1: removed
2	02:27:07.706	Custom indicator MACD-2x US_OIL,H1: removed
2	02:27:07.706	Custom indicator Laguerre-ACS1 US_OIL,H1: removed
2	02:27:07.734	Custom indicator SupResZone_MTF JP225,H1: removed
2	02:27:07.736	Custom indicator SupResZone_MTF JP225,H1: removed
2	02:27:07.738	Custom indicator SupResZone_MTF JP225,H1: removed
2	02:27:07.739	Custom indicator MACD-2x JP225,H1: removed
2	02:27:07.739	Custom indicator Laguerre-ACS1 JP225,H1: removed
2	02:27:07.764	Custom indicator SupResZone_MTF SPX500,H1: removed
2	02:27:07.767	Custom indicator SupResZone_MTF SPX500,H1: removed
2	02:27:07.769	Custom indicator SupResZone_MTF SPX500,H1: removed
2	02:27:07.770	Custom indicator MACD-2x SPX500,H1: removed
2	02:27:07.771	Custom indicator Laguerre-ACS1 SPX500,H1: removed
2	02:27:07.780	Custom indicator MACD-2x NDX100,Daily: removed
2	02:27:07.782	Custom indicator MACD-2x NDX100,Daily: removed
2	02:27:07.783	Custom indicator Laguerre-ACS1 NDX100,Daily: removed
2	02:27:07.789	Custom indicator SupResZone_MTF AUDJPY.,H1: removed
2	02:27:07.790	Custom indicator SupResZone_MTF AUDJPY.,H1: removed
2	02:27:07.792	Custom indicator SupResZone_MTF AUDJPY.,H1: removed
2	02:27:07.794	Custom indicator MACD-2x AUDJPY.,H1: removed
2	02:27:07.794	Custom indicator Laguerre-ACS1 AUDJPY.,H1: removed
2	02:27:07.800	Custom indicator SupResZone_MTF AUDUSD.,H1: removed
2	02:27:07.802	Custom indicator SupResZone_MTF AUDUSD.,H1: removed
2	02:27:07.804	Custom indicator SupResZone_MTF AUDUSD.,H1: removed
2	02:27:07.805	Custom indicator MACD-2x AUDUSD.,H1: removed
2	02:27:07.805	Custom indicator Laguerre-ACS1 AUDUSD.,H1: removed
2	02:27:07.812	Custom indicator SupResZone_MTF USDJPY.,H1: removed
2	02:27:07.814	Custom indicator SupResZone_MTF USDJPY.,H1: removed
2	02:27:07.816	Custom indicator SupResZone_MTF USDJPY.,H1: removed
2	02:27:07.818	Custom indicator MACD-2x USDJPY.,H1: removed
2	02:27:07.818	Custom indicator Laguerre-ACS1 USDJPY.,H1: removed
2	02:27:07.826	Custom indicator SupResZone_MTF EURJPY.,H1: removed
2	02:27:07.829	Custom indicator SupResZone_MTF EURJPY.,H1: removed
2	02:27:07.830	Custom indicator SupResZone_MTF EURJPY.,H1: removed
2	02:27:07.832	Custom indicator MACD-2x EURJPY.,H1: removed
2	02:27:07.832	Custom indicator Laguerre-ACS1 EURJPY.,H1: removed
2	02:27:07.839	Custom indicator SupResZone_MTF EURUSD.,H1: removed
2	02:27:07.841	Custom indicator SupResZone_MTF EURUSD.,H1: removed
2	02:27:07.842	Custom indicator SupResZone_MTF EURUSD.,H1: removed
2	02:27:07.844	Custom indicator MACD-2x EURUSD.,H1: removed
2	02:27:07.844	Custom indicator Laguerre-ACS1 EURUSD.,H1: removed
2	02:27:07.850	Custom indicator SupResZone_MTF GBPUSD.,H1: removed
2	02:27:07.852	Custom indicator SupResZone_MTF GBPUSD.,H1: removed
2	02:27:07.854	Custom indicator SupResZone_MTF GBPUSD.,H1: removed
2	02:27:07.855	Custom indicator MACD-2x GBPUSD.,H1: removed
2	02:27:07.855	Custom indicator Laguerre-ACS1 GBPUSD.,H1: removed
2	02:27:07.861	Custom indicator SupResZone_MTF USDCHF.,H1: removed
2	02:27:07.863	Custom indicator SupResZone_MTF USDCHF.,H1: removed
2	02:27:07.864	Custom indicator SupResZone_MTF USDCHF.,H1: removed
2	02:27:07.866	Custom indicator MACD-2x USDCHF.,H1: removed
2	02:27:07.866	Custom indicator Laguerre-ACS1 USDCHF.,H1: removed
2	02:27:07.881	Custom indicator SupResZone_MTF USDCAD.,H1: removed
2	02:27:07.883	Custom indicator SupResZone_MTF USDCAD.,H1: removed
2	02:27:07.884	Custom indicator SupResZone_MTF USDCAD.,H1: removed
2	02:27:07.886	Custom indicator MACD-2x USDCAD.,H1: removed
2	02:27:07.886	Custom indicator Laguerre-ACS1 USDCAD.,H1: removed
2	02:27:07.902	Custom indicator SupResZone_MTF EURAUD.,H1: removed
2	02:27:07.904	Custom indicator SupResZone_MTF EURAUD.,H1: removed
2	02:27:07.906	Custom indicator SupResZone_MTF EURAUD.,H1: removed
2	02:27:07.907	Custom indicator MACD-2x EURAUD.,H1: removed
2	02:27:07.907	Custom indicator Laguerre-ACS1 EURAUD.,H1: removed
2	02:27:07.914	Custom indicator GMMA Long USDJPY.,H1: removed
2	02:27:07.916	Custom indicator GMMA Short USDJPY.,H1: removed
2	02:27:07.918	Custom indicator 23MTF_MovingAverageIGOR USDJPY.,H1: removed
2	02:27:07.920	Custom indicator 23MTF_MovingAverageIGOR USDJPY.,H1: removed
2	02:27:07.921	Custom indicator SupResZone_MTF USDJPY.,H1: removed
2	02:27:07.923	Custom indicator SupResZone_MTF USDJPY.,H1: removed
2	02:27:07.924	Custom indicator MACD-2x USDJPY.,H1: removed
2	02:27:07.934	Custom indicator MACD-2x USDCNH,Daily: removed
2	02:27:07.936	Custom indicator MACD-2x USDCNH,Daily: removed
2	02:27:07.936	Custom indicator Laguerre-ACS1 USDCNH,Daily: removed
0	02:27:08.371	FX Trader build 1170 stopped
0	21:47:09.655	FX Trader build 1170 started (Performance Ronnaru Capital Ltd.)
0	21:47:09.655	Windows 10 Home x64, IE 11, UAC, 8 x Intel Core i7-6700HQ  @ 2.60GHz, Memory: 27696 / 32639 Mb, Disk: 140 / 264 Gb, GMT+9
0	21:47:09.655	Data Folder: C:\Users\tiany\AppData\Roaming\MetaQuotes\Terminal\79214103E7A6FC97F86082D309D0B84B
2	21:47:12.112	Custom indicator MACD-2x USDXXX,H4: loaded successfully
2	21:47:12.126	Custom indicator MACD-2x USDXXX,H4: loaded successfully
2	21:47:12.220	Custom indicator Laguerre-ACS1 USDXXX,H4: loaded successfully
2	21:47:12.304	Custom indicator SupResZone_MTF XAUUSD.,H1: loaded successfully
2	21:47:12.323	Custom indicator SupResZone_MTF XAUUSD.,H1: loaded successfully
2	21:47:12.339	Custom indicator SupResZone_MTF XAUUSD.,H1: loaded successfully
2	21:47:12.355	Custom indicator MACD-2x XAUUSD.,H1: loaded successfully
2	21:47:12.460	Custom indicator Laguerre-ACS1 XAUUSD.,H1: loaded successfully
2	21:47:12.775	Custom indicator SupResZone_MTF XAGUSD.,H1: loaded successfully
2	21:47:12.805	Custom indicator SupResZone_MTF XAGUSD.,H1: loaded successfully
2	21:47:12.825	Custom indicator SupResZone_MTF XAGUSD.,H1: loaded successfully
2	21:47:12.855	Custom indicator MACD-2x XAGUSD.,H1: loaded successfully
2	21:47:13.052	Custom indicator Laguerre-ACS1 XAGUSD.,H1: loaded successfully
2	21:47:13.405	Custom indicator SupResZone_MTF US_OIL,H1: loaded successfully
2	21:47:13.428	Custom indicator SupResZone_MTF US_OIL,H1: loaded successfully
2	21:47:13.459	Custom indicator SupResZone_MTF US_OIL,H1: loaded successfully
2	21:47:13.489	Custom indicator MACD-2x US_OIL,H1: loaded successfully
2	21:47:13.728	Custom indicator Laguerre-ACS1 US_OIL,H1: loaded successfully
2	21:47:14.089	Custom indicator SupResZone_MTF JP225,H1: loaded successfully
2	21:47:14.108	Custom indicator SupResZone_MTF JP225,H1: loaded successfully
2	21:47:14.126	Custom indicator SupResZone_MTF JP225,H1: loaded successfully
2	21:47:14.149	Custom indicator MACD-2x JP225,H1: loaded successfully
2	21:47:14.297	Custom indicator Laguerre-ACS1 JP225,H1: loaded successfully
2	21:47:14.696	Custom indicator SupResZone_MTF SPX500,H1: loaded successfully
2	21:47:14.713	Custom indicator SupResZone_MTF SPX500,H1: loaded successfully
2	21:47:14.732	Custom indicator SupResZone_MTF SPX500,H1: loaded successfully
2	21:47:14.752	Custom indicator MACD-2x SPX500,H1: loaded successfully
2	21:47:14.875	Custom indicator Laguerre-ACS1 SPX500,H1: loaded successfully
2	21:47:15.209	Custom indicator MACD-2x NDX100,Daily: loaded successfully
2	21:47:15.231	Custom indicator MACD-2x NDX100,Daily: loaded successfully
2	21:47:15.361	Custom indicator Laguerre-ACS1 NDX100,Daily: loaded successfully
2	21:47:15.457	Custom indicator SupResZone_MTF AUDJPY.,H1: loaded successfully
2	21:47:15.483	Custom indicator SupResZone_MTF AUDJPY.,H1: loaded successfully
2	21:47:15.503	Custom indicator SupResZone_MTF AUDJPY.,H1: loaded successfully
2	21:47:15.528	Custom indicator MACD-2x AUDJPY.,H1: loaded successfully
2	21:47:15.665	Custom indicator Laguerre-ACS1 AUDJPY.,H1: loaded successfully
2	21:47:15.967	Custom indicator SupResZone_MTF AUDUSD.,H1: loaded successfully
2	21:47:15.989	Custom indicator SupResZone_MTF AUDUSD.,H1: loaded successfully
2	21:47:16.013	Custom indicator SupResZone_MTF AUDUSD.,H1: loaded successfully
2	21:47:16.034	Custom indicator MACD-2x AUDUSD.,H1: loaded successfully
2	21:47:16.197	Custom indicator Laguerre-ACS1 AUDUSD.,H1: loaded successfully
2	21:47:16.447	Custom indicator SupResZone_MTF USDJPY.,H1: loaded successfully
2	21:47:16.466	Custom indicator SupResZone_MTF USDJPY.,H1: loaded successfully
2	21:47:16.483	Custom indicator SupResZone_MTF USDJPY.,H1: loaded successfully
2	21:47:16.499	Custom indicator MACD-2x USDJPY.,H1: loaded successfully
2	21:47:16.612	Custom indicator Laguerre-ACS1 USDJPY.,H1: loaded successfully
2	21:47:17.017	Custom indicator SupResZone_MTF EURJPY.,H1: loaded successfully
2	21:47:17.040	Custom indicator SupResZone_MTF EURJPY.,H1: loaded successfully
2	21:47:17.062	Custom indicator SupResZone_MTF EURJPY.,H1: loaded successfully
2	21:47:17.082	Custom indicator MACD-2x EURJPY.,H1: loaded successfully
2	21:47:17.219	Custom indicator Laguerre-ACS1 EURJPY.,H1: loaded successfully
2	21:47:17.657	Custom indicator SupResZone_MTF EURUSD.,H1: loaded successfully
2	21:47:17.676	Custom indicator SupResZone_MTF EURUSD.,H1: loaded successfully
2	21:47:17.694	Custom indicator SupResZone_MTF EURUSD.,H1: loaded successfully
2	21:47:17.713	Custom indicator MACD-2x EURUSD.,H1: loaded successfully
2	21:47:17.849	Custom indicator Laguerre-ACS1 EURUSD.,H1: loaded successfully
2	21:47:18.160	Custom indicator SupResZone_MTF GBPUSD.,H1: loaded successfully
2	21:47:18.177	Custom indicator SupResZone_MTF GBPUSD.,H1: loaded successfully
2	21:47:18.190	Custom indicator SupResZone_MTF GBPUSD.,H1: loaded successfully
2	21:47:18.201	Custom indicator MACD-2x GBPUSD.,H1: loaded successfully
2	21:47:18.284	Custom indicator Laguerre-ACS1 GBPUSD.,H1: loaded successfully
2	21:47:18.529	Custom indicator SupResZone_MTF USDCHF.,H1: loaded successfully
2	21:47:18.541	Custom indicator SupResZone_MTF USDCHF.,H1: loaded successfully
2	21:47:18.552	Custom indicator SupResZone_MTF USDCHF.,H1: loaded successfully
2	21:47:18.562	Custom indicator MACD-2x USDCHF.,H1: loaded successfully
2	21:47:18.635	Custom indicator Laguerre-ACS1 USDCHF.,H1: loaded successfully
2	21:47:18.848	Custom indicator SupResZone_MTF USDCAD.,H1: loaded successfully
2	21:47:18.859	Custom indicator SupResZone_MTF USDCAD.,H1: loaded successfully
2	21:47:18.872	Custom indicator SupResZone_MTF USDCAD.,H1: loaded successfully
2	21:47:18.884	Custom indicator MACD-2x USDCAD.,H1: loaded successfully
2	21:47:18.970	Custom indicator Laguerre-ACS1 USDCAD.,H1: loaded successfully
2	21:47:19.166	Custom indicator SupResZone_MTF EURAUD.,H1: loaded successfully
2	21:47:19.179	Custom indicator SupResZone_MTF EURAUD.,H1: loaded successfully
2	21:47:19.190	Custom indicator SupResZone_MTF EURAUD.,H1: loaded successfully
2	21:47:19.200	Custom indicator MACD-2x EURAUD.,H1: loaded successfully
2	21:47:19.304	Custom indicator Laguerre-ACS1 EURAUD.,H1: loaded successfully
2	21:47:19.513	Custom indicator GMMA Long USDJPY.,H1: loaded successfully
2	21:47:19.524	Custom indicator GMMA Short USDJPY.,H1: loaded successfully
2	21:47:19.535	Custom indicator 23MTF_MovingAverageIGOR USDJPY.,H1: loaded successfully
2	21:47:19.547	Custom indicator 23MTF_MovingAverageIGOR USDJPY.,H1: loaded successfully
2	21:47:19.558	Custom indicator SupResZone_MTF USDJPY.,H1: loaded successfully
2	21:47:19.570	Custom indicator SupResZone_MTF USDJPY.,H1: loaded successfully
2	21:47:19.582	Custom indicator MACD-2x USDJPY.,H1: loaded successfully
2	21:47:19.806	Custom indicator MACD-2x USDCNH,Daily: loaded successfully
2	21:47:19.818	Custom indicator MACD-2x USDCNH,Daily: loaded successfully
2	21:47:19.896	Custom indicator Laguerre-ACS1 USDCNH,Daily: loaded successfully
0	21:47:21.791	'120010550': login on PRC-Live through Server 7 (ping: 31.05 ms)
0	21:47:22.470	'120010550': login datacenter on PRC-Live through Server 7 (ping: 31.05 ms)
0	21:47:22.782	'120010550': previous successful authorization performed from 106.181.134.181
0	21:47:40.983	'120010550': auto connecting to a better access point Server 3 (ping is 31.98 ms)
0	21:47:41.574	'120010550': login on PRC-Live through Server 3 (ping: 31.98 ms)
0	21:47:42.280	'120010550': login datacenter on PRC-Live through Server 3 (ping: 31.98 ms)
0	21:47:42.550	'120010550': previous successful authorization performed from 106.181.134.181
1	21:49:08.897	'120010550': modification of order #10933011 sell 0.01 JP225 at 20925 sl: 0 tp: 0 -> sl: 0 tp: 20910 failed [Invalid S/L or T/P]
1	21:49:16.157	'120010550': modification of order #10932947 sell 0.01 JP225 at 20945 sl: 0 tp: 0 -> sl: 0 tp: 20919 failed [Invalid S/L or T/P]
1	21:49:26.259	'120010550': modification of order #10932947 sell 0.01 JP225 at 20945 sl: 0 tp: 0 -> sl: 0 tp: 20917 failed [Invalid S/L or T/P]
0	21:50:48.176	'120010550': modify order #10890135 sell 0.01 GBPUSD. at 1.28822 sl: 0.00000 tp: 1.27836 -> sl: 1.29016 tp: 1.27836
0	21:50:49.023	'120010550': order #10890135 sell 0.01 GBPUSD. at 1.28822 was modified -> sl: 1.29016 tp: 1.27836
0	21:50:52.626	'120010550': modify order #10890135 sell 0.01 GBPUSD. at 1.28822 sl: 1.29016 tp: 1.27836 -> sl: 1.28715 tp: 1.27836
0	21:50:53.991	'120010550': order #10890135 sell 0.01 GBPUSD. at 1.28822 was modified -> sl: 1.28715 tp: 1.27836
0	21:51:41.934	'120010550': modify order #10932947 sell 0.01 JP225 at 20945 sl: 0 tp: 0 -> sl: 20956 tp: 0
0	21:51:43.235	'120010550': order #10932947 sell 0.01 JP225 at 20945 was modified -> sl: 20956 tp: 0
1	21:51:46.107	'120010550': modification of order #10932947 sell 0.01 JP225 at 20945 sl: 20956 tp: 0 -> sl: 20917 tp: 0 failed [Invalid S/L or T/P]
1	21:51:49.369	'120010550': modification of order #10932947 sell 0.01 JP225 at 20945 sl: 20956 tp: 0 -> sl: 20920 tp: 0 failed [Invalid S/L or T/P]
1	21:51:51.963	'120010550': modification of order #10932947 sell 0.01 JP225 at 20945 sl: 20956 tp: 0 -> sl: 20934 tp: 0 failed [Invalid S/L or T/P]
1	21:52:00.426	'120010550': modification of order #10932947 sell 0.01 JP225 at 20945 sl: 20956 tp: 0 -> sl: 20941 tp: 0 failed [Invalid S/L or T/P]
0	21:52:09.240	'120010550': modify order #10932947 sell 0.01 JP225 at 20945 sl: 20956 tp: 0 -> sl: 21038 tp: 0
0	21:52:09.822	'120010550': order #10932947 sell 0.01 JP225 at 20945 was modified -> sl: 21038 tp: 0
0	21:54:09.476	'120010550': modify order #10930337 sell 0.01 AUDUSD. at 0.69362 sl: 0.00000 tp: 0.00000 -> sl: 0.69481 tp: 0.00000
0	21:54:09.640	'120010550': order #10930337 sell 0.01 AUDUSD. at 0.69362 was modified -> sl: 0.69481 tp: 0.00000
0	21:54:14.645	'120010550': modify order #10930337 sell 0.01 AUDUSD. at 0.69362 sl: 0.69481 tp: 0.00000 -> sl: 0.69271 tp: 0.00000
0	21:54:15.825	'120010550': order #10930337 sell 0.01 AUDUSD. at 0.69362 was modified -> sl: 0.69271 tp: 0.00000
0	21:54:31.060	'120010550': modify order #10932490 sell 0.01 USDJPY. at 109.322 sl: 0.000 tp: 109.000 -> sl: 0.000 tp: 109.083
0	21:54:32.036	'120010550': order #10932490 sell 0.01 USDJPY. at 109.322 was modified -> sl: 0.000 tp: 109.083
0	22:02:01.649	'120010550': modify order #10933064 sell 0.01 JP225 at 20895 sl: 0 tp: 0 -> sl: 0 tp: 20783
0	22:02:02.963	'120010550': order #10933064 sell 0.01 JP225 at 20895 was modified -> sl: 0 tp: 20783
0	22:03:02.404	'120010550': order sell market 0.01 GBPUSD. sl: 0.00000 tp: 0.00000
0	22:03:02.904	'120010550': order was opened : #10933161 sell 0.01 GBPUSD. at 1.28547 sl: 0.00000 tp: 0.00000
0	22:03:17.003	'120010550': modify order #10933161 sell 0.01 GBPUSD. at 1.28547 sl: 0.00000 tp: 0.00000 -> sl: 0.00000 tp: 1.27944
0	22:03:17.328	'120010550': order #10933161 sell 0.01 GBPUSD. at 1.28547 was modified -> sl: 0.00000 tp: 1.27944
0	22:14:05.964	'120010550': order sell market 0.01 JP225 sl: 0 tp: 0
0	22:14:06.846	'120010550': order was opened : #10933183 sell 0.01 JP225 at 20915 sl: 0 tp: 0
0	22:21:47.054	'120010550': modify order #10903700 sell 0.01 XAGUSD. at 14.610 sl: 15.095 tp: 0.000 -> sl: 15.033 tp: 0.000
0	22:21:47.702	'120010550': order #10903700 sell 0.01 XAGUSD. at 14.610 was modified -> sl: 15.033 tp: 0.000
0	22:21:50.228	'120010550': modify order #10926150 sell 0.01 XAGUSD. at 14.614 sl: 15.092 tp: 14.610 -> sl: 15.034 tp: 14.610
0	22:21:50.922	'120010550': order #10926150 sell 0.01 XAGUSD. at 14.614 was modified -> sl: 15.034 tp: 14.610
0	22:38:29.995	'120010550': modify order #10890135 sell 0.01 GBPUSD. at 1.28822 sl: 1.28715 tp: 1.27836 -> sl: 1.28641 tp: 1.27836
0	22:38:31.036	'120010550': order #10890135 sell 0.01 GBPUSD. at 1.28822 was modified -> sl: 1.28641 tp: 1.27836
1	22:40:03.706	'120010550': modification of order #10933183 sell 0.01 JP225 at 20915 sl: 0 tp: 0 -> sl: 20975 tp: 0 failed [Invalid S/L or T/P]
1	22:40:08.024	'120010550': modification of order #10933183 sell 0.01 JP225 at 20915 sl: 0 tp: 0 -> sl: 20993 tp: 0 failed [Invalid S/L or T/P]
0	22:48:09.047	'120010550': modify order #10929390 sell 0.01 JP225 at 21024 sl: 0 tp: 0 -> sl: 21112 tp: 0
0	22:48:09.915	'120010550': order #10929390 sell 0.01 JP225 at 21024 was modified -> sl: 21112 tp: 0
1	22:48:12.065	'120010550': modification of order #10929390 sell 0.01 JP225 at 21024 sl: 21112 tp: 0 -> sl: 21001 tp: 0 failed [Invalid S/L or T/P]
1	22:48:16.323	'120010550': modification of order #10929390 sell 0.01 JP225 at 21024 sl: 21112 tp: 0 -> sl: 21004 tp: 0 failed [Invalid S/L or T/P]
0	22:48:22.509	'120010550': modify order #10929390 sell 0.01 JP225 at 21024 sl: 21112 tp: 0 -> sl: 21018 tp: 0
0	22:48:22.746	'120010550': order #10929390 sell 0.01 JP225 at 21024 was modified -> sl: 21018 tp: 0
1	22:48:24.855	'120010550': modification of order #10929390 sell 0.01 JP225 at 21024 sl: 21018 tp: 0 -> sl: 21014 tp: 0 failed [Invalid S/L or T/P]
0	22:48:27.835	'120010550': modify order #10929390 sell 0.01 JP225 at 21024 sl: 21018 tp: 0 -> sl: 21015 tp: 0
1	22:48:28.978	'120010550': modification of order #10929390 sell 0.01 JP225 at 21024 sl: 21018 tp: 0 -> sl: 21015 tp: 0 failed [Off quotes]
0	22:48:30.655	'120010550': modify order #10929390 sell 0.01 JP225 at 21024 sl: 21018 tp: 0 -> sl: 21014 tp: 0
0	22:48:31.167	'120010550': order #10929390 sell 0.01 JP225 at 21024 was modified -> sl: 21014 tp: 0
0	22:54:06.995	'120010550': order #10930337 sell 0.01 AUDUSD. at 0.69362 closed due stop-loss at price 0.69271
0	23:13:26.329	'120010550': order #10929390 sell 0.01 JP225 at 21024 closed due stop-loss at price 21014
2	23:32:34.774	Custom indicator MACD-2x NDX100,H1: removed
2	23:32:34.776	Custom indicator MACD-2x NDX100,H1: removed
2	23:32:34.777	Custom indicator Laguerre-ACS1 NDX100,H1: removed
2	23:32:34.816	Custom indicator SupResZone_MTF NDX100,H1: loaded successfully
2	23:32:34.830	Custom indicator SupResZone_MTF NDX100,H1: loaded successfully
2	23:32:34.842	Custom indicator SupResZone_MTF NDX100,H1: loaded successfully
2	23:32:34.858	Custom indicator MACD-2x NDX100,H1: loaded successfully
2	23:32:34.945	Custom indicator Laguerre-ACS1 NDX100,H1: loaded successfully
0	23:33:59.125	'120010550': modify order #10931485 sell 0.01 EURUSD. at 1.12016 sl: 0.00000 tp: 0.00000 -> sl: 0.00000 tp: 1.11986
0	23:33:59.916	'120010550': order #10931485 sell 0.01 EURUSD. at 1.12016 was modified -> sl: 0.00000 tp: 1.11986
0	23:34:03.026	'120010550': modify order #10910655 sell 0.01 EURUSD. at 1.11814 sl: 0.00000 tp: 1.11510 -> sl: 0.00000 tp: 1.11795
0	23:34:03.932	'120010550': order #10910655 sell 0.01 EURUSD. at 1.11814 was modified -> sl: 0.00000 tp: 1.11795
0	23:34:08.302	'120010550': modify order #10932837 sell 0.02 EURUSD. at 1.11834 sl: 0.00000 tp: 1.11400 -> sl: 0.00000 tp: 1.11798
0	23:34:08.934	'120010550': order #10932837 sell 0.02 EURUSD. at 1.11834 was modified -> sl: 0.00000 tp: 1.11798
0	23:34:14.814	'120010550': modify order #10932841 sell 0.02 EURJPY. at 122.329 sl: 0.000 tp: 0.000 -> sl: 0.000 tp: 122.271
0	23:34:15.966	'120010550': order #10932841 sell 0.02 EURJPY. at 122.329 was modified -> sl: 0.000 tp: 122.271
0	23:34:17.967	'120010550': modify order #10932854 sell 0.02 EURJPY. at 122.244 sl: 0.000 tp: 0.000 -> sl: 0.000 tp: 122.168
0	23:34:18.186	'120010550': order #10932854 sell 0.02 EURJPY. at 122.244 was modified -> sl: 0.000 tp: 122.168
