0	00:16:43.033	'120010550': order #10926150 sell 0.01 XAGUSD. at 14.614 closed due take-profit at price 14.610
0	00:25:39.721	'120010550': order sell market 0.01 XAUUSD. sl: 0.00 tp: 0.00
0	00:25:40.206	'120010550': order was opened : #10936778 sell 0.01 XAUUSD. at 1285.21 sl: 0.00 tp: 0.00
0	00:25:58.048	'120010550': order sell market 0.01 XAGUSD. sl: 0.000 tp: 0.000
0	00:25:59.280	'120010550': order was opened : #10936779 sell 0.01 XAGUSD. at 14.572 sl: 0.000 tp: 0.000
0	00:26:14.649	'120010550': modify order #10903700 sell 0.01 XAGUSD. at 14.610 sl: 14.983 tp: 14.556 -> sl: 14.983 tp: 14.402
0	00:26:15.307	'120010550': order #10903700 sell 0.01 XAGUSD. at 14.610 was modified -> sl: 14.983 tp: 14.402
0	00:27:02.845	'120010550': modify order #10909046 sell 0.01 US_OIL at 60.06 sl: 64.04 tp: 60.06 -> sl: 63.88 tp: 60.06
0	00:27:03.423	'120010550': order #10909046 sell 0.01 US_OIL at 60.06 was modified -> sl: 63.88 tp: 60.06
0	00:27:05.801	'120010550': modify order #10909046 sell 0.01 US_OIL at 60.06 sl: 63.88 tp: 60.06 -> sl: 63.75 tp: 60.06
0	00:27:06.224	'120010550': order #10909046 sell 0.01 US_OIL at 60.06 was modified -> sl: 63.75 tp: 60.06
0	00:27:25.176	'120010550': order sell market 0.01 XAUUSD. sl: 0.00 tp: 0.00
0	00:27:25.449	'120010550': order was opened : #10936780 sell 0.01 XAUUSD. at 1285.93 sl: 0.00 tp: 0.00
0	00:27:59.008	'120010550': order buy market 0.01 JP225 sl: 0 tp: 0
0	00:27:59.545	'120010550': order was opened : #10936782 buy 0.01 JP225 at 21321 sl: 0 tp: 0
0	00:30:27.942	'120010550': modify order #10934728 sell 0.02 AUDJPY. at 75.618 sl: 0.000 tp: 0.000 -> sl: 76.460 tp: 0.000
0	00:30:28.495	'120010550': order #10934728 sell 0.02 AUDJPY. at 75.618 was modified -> sl: 76.460 tp: 0.000
0	00:30:41.014	'120010550': modify order #10934728 sell 0.02 AUDJPY. at 75.618 sl: 76.460 tp: 0.000 -> sl: 76.777 tp: 0.000
0	00:30:41.298	'120010550': order #10934728 sell 0.02 AUDJPY. at 75.618 was modified -> sl: 76.777 tp: 0.000
0	00:31:25.660	'120010550': modify order #10933931 sell 0.01 EURUSD. at 1.12018 sl: 0.00000 tp: 1.11672 -> sl: 0.00000 tp: 1.11457
0	00:31:26.009	'120010550': order #10933931 sell 0.01 EURUSD. at 1.12018 was modified -> sl: 0.00000 tp: 1.11457
0	00:31:29.659	'120010550': modify order #10933931 sell 0.01 EURUSD. at 1.12018 sl: 0.00000 tp: 1.11457 -> sl: 1.12080 tp: 1.11457
0	00:31:30.217	'120010550': order #10933931 sell 0.01 EURUSD. at 1.12018 was modified -> sl: 1.12080 tp: 1.11457
0	00:31:35.173	'120010550': modify order #10933931 sell 0.01 EURUSD. at 1.12018 sl: 1.12080 tp: 1.11457 -> sl: 1.11784 tp: 1.11457
0	00:31:36.233	'120010550': order #10933931 sell 0.01 EURUSD. at 1.12018 was modified -> sl: 1.11784 tp: 1.11457
0	00:31:45.026	'120010550': modify order #10933931 sell 0.01 EURUSD. at 1.12018 sl: 1.11784 tp: 1.11457 -> sl: 1.11909 tp: 1.11457
0	00:31:46.269	'120010550': order #10933931 sell 0.01 EURUSD. at 1.12018 was modified -> sl: 1.11909 tp: 1.11457
0	00:31:50.312	'120010550': modify order #10936189 sell 0.01 EURUSD. at 1.11882 sl: 0.00000 tp: 0.00000 -> sl: 1.12111 tp: 0.00000
0	00:31:50.458	'120010550': order #10936189 sell 0.01 EURUSD. at 1.11882 was modified -> sl: 1.12111 tp: 0.00000
0	00:31:53.257	'120010550': modify order #10936189 sell 0.01 EURUSD. at 1.11882 sl: 1.12111 tp: 0.00000 -> sl: 1.11841 tp: 0.00000
0	00:31:54.285	'120010550': order #10936189 sell 0.01 EURUSD. at 1.11882 was modified -> sl: 1.11841 tp: 0.00000
0	00:31:59.258	'120010550': modify order #10933931 sell 0.01 EURUSD. at 1.12018 sl: 1.11909 tp: 1.11457 -> sl: 1.11909 tp: 1.11438
0	00:32:00.319	'120010550': order #10933931 sell 0.01 EURUSD. at 1.12018 was modified -> sl: 1.11909 tp: 1.11438
0	00:32:07.211	'120010550': modify order #10934724 sell 0.01 GBPUSD. at 1.28384 sl: 1.28130 tp: 0.00000 -> sl: 1.28105 tp: 0.00000
0	00:32:08.338	'120010550': order #10934724 sell 0.01 GBPUSD. at 1.28384 was modified -> sl: 1.28105 tp: 0.00000
0	00:33:13.322	'120010550': modify order #10934728 sell 0.02 AUDJPY. at 75.618 sl: 76.777 tp: 0.000 -> sl: 76.777 tp: 75.478
0	00:33:14.269	'120010550': order #10934728 sell 0.02 AUDJPY. at 75.618 was modified -> sl: 76.777 tp: 75.478
0	00:34:02.107	'120010550': modify order #10936141 sell 0.01 XAUUSD. at 1290.54 sl: 0.00 tp: 0.00 -> sl: 1292.58 tp: 0.00
0	00:34:03.391	'120010550': order #10936141 sell 0.01 XAUUSD. at 1290.54 was modified -> sl: 1292.58 tp: 0.00
0	00:34:05.519	'120010550': modify order #10936141 sell 0.01 XAUUSD. at 1290.54 sl: 1292.58 tp: 0.00 -> sl: 1289.42 tp: 0.00
0	00:34:06.011	'120010550': order #10936141 sell 0.01 XAUUSD. at 1290.54 was modified -> sl: 1289.42 tp: 0.00
0	00:34:11.473	'120010550': modify order #10936141 sell 0.01 XAUUSD. at 1290.54 sl: 1289.42 tp: 0.00 -> sl: 1289.10 tp: 0.00
0	00:34:12.201	'120010550': order #10936141 sell 0.01 XAUUSD. at 1290.54 was modified -> sl: 1289.10 tp: 0.00
0	00:37:22.932	'120010550': modify order #10903700 sell 0.01 XAGUSD. at 14.610 sl: 14.983 tp: 14.402 -> sl: 14.983 tp: 14.313
0	00:37:23.234	'120010550': order #10903700 sell 0.01 XAGUSD. at 14.610 was modified -> sl: 14.983 tp: 14.313
0	00:37:42.907	'120010550': order sell market 0.01 XAGUSD. sl: 0.000 tp: 0.000
0	00:37:43.105	'120010550': order was opened : #10936804 sell 0.01 XAGUSD. at 14.535 sl: 0.000 tp: 0.000
0	00:38:18.384	'120010550': order buy market 0.01 SPX500 sl: 0.0 tp: 0.0
0	00:38:19.386	'120010550': order was opened : #10936805 buy 0.01 SPX500 at 2887.0 sl: 0.0 tp: 0.0
0	00:38:26.804	'120010550': modify order #10936805 buy 0.01 SPX500 at 2887.0 sl: 0.0 tp: 0.0 -> sl: 0.0 tp: 2913.9
0	00:38:27.205	'120010550': order #10936805 buy 0.01 SPX500 at 2887.0 was modified -> sl: 0.0 tp: 2913.9
0	00:45:41.587	'120010550': modify order #10933931 sell 0.01 EURUSD. at 1.12018 sl: 1.11909 tp: 1.11438 -> sl: 1.11816 tp: 1.11438
0	00:45:42.362	'120010550': order #10933931 sell 0.01 EURUSD. at 1.12018 was modified -> sl: 1.11816 tp: 1.11438
0	00:45:45.388	'120010550': modify order #10933931 sell 0.01 EURUSD. at 1.12018 sl: 1.11816 tp: 1.11438 -> sl: 1.11845 tp: 1.11438
0	00:45:46.382	'120010550': order #10933931 sell 0.01 EURUSD. at 1.12018 was modified -> sl: 1.11845 tp: 1.11438
0	00:45:59.373	'120010550': order sell market 0.01 EURUSD. sl: 0.00000 tp: 0.00000
0	00:45:59.836	'120010550': order was opened : #10936816 sell 0.01 EURUSD. at 1.11746 sl: 0.00000 tp: 0.00000
0	00:46:06.267	'120010550': modify order #10934724 sell 0.01 GBPUSD. at 1.28384 sl: 1.28105 tp: 0.00000 -> sl: 1.28066 tp: 0.00000
0	00:46:07.243	'120010550': order #10934724 sell 0.01 GBPUSD. at 1.28384 was modified -> sl: 1.28066 tp: 0.00000
0	00:46:12.664	'120010550': modify order #10936048 sell 0.01 GBPUSD. at 1.27971 sl: 0.00000 tp: 0.00000 -> sl: 1.28074 tp: 0.00000
0	00:46:12.870	'120010550': order #10936048 sell 0.01 GBPUSD. at 1.27971 was modified -> sl: 1.28074 tp: 0.00000
0	00:46:39.196	'120010550': modify order #10934724 sell 0.01 GBPUSD. at 1.28384 sl: 1.28066 tp: 0.00000 -> sl: 1.28760 tp: 0.00000
0	00:46:39.539	'120010550': order #10934724 sell 0.01 GBPUSD. at 1.28384 was modified -> sl: 1.28760 tp: 0.00000
0	00:46:41.969	'120010550': modify order #10936048 sell 0.01 GBPUSD. at 1.27971 sl: 1.28074 tp: 0.00000 -> sl: 1.28858 tp: 0.00000
0	00:46:42.582	'120010550': order #10936048 sell 0.01 GBPUSD. at 1.27971 was modified -> sl: 1.28858 tp: 0.00000
0	00:46:54.259	'120010550': modify order #10934724 sell 0.01 GBPUSD. at 1.28384 sl: 1.28760 tp: 0.00000 -> sl: 1.28788 tp: 0.00000
0	00:46:54.781	'120010550': order #10934724 sell 0.01 GBPUSD. at 1.28384 was modified -> sl: 1.28788 tp: 0.00000
0	00:46:58.207	'120010550': modify order #10934724 sell 0.01 GBPUSD. at 1.28384 sl: 1.28788 tp: 0.00000 -> sl: 1.28918 tp: 0.00000
0	00:46:59.366	'120010550': order #10934724 sell 0.01 GBPUSD. at 1.28384 was modified -> sl: 1.28918 tp: 0.00000
0	00:47:02.022	'120010550': modify order #10936048 sell 0.01 GBPUSD. at 1.27971 sl: 1.28858 tp: 0.00000 -> sl: 1.29011 tp: 0.00000
0	00:47:03.376	'120010550': order #10936048 sell 0.01 GBPUSD. at 1.27971 was modified -> sl: 1.29011 tp: 0.00000
0	00:47:10.785	'120010550': modify order #10936193 sell 0.01 GBPUSD. at 1.27942 sl: 0.00000 tp: 0.00000 -> sl: 1.29335 tp: 0.00000
0	00:47:11.205	'120010550': order #10936193 sell 0.01 GBPUSD. at 1.27942 was modified -> sl: 1.29335 tp: 0.00000
0	00:47:13.462	'120010550': modify order #10936193 sell 0.01 GBPUSD. at 1.27942 sl: 1.29335 tp: 0.00000 -> sl: 1.29306 tp: 0.00000
0	00:47:14.003	'120010550': order #10936193 sell 0.01 GBPUSD. at 1.27942 was modified -> sl: 1.29306 tp: 0.00000
1	00:47:25.430	'120010550': modification of order #10934724 sell 0.01 GBPUSD. at 1.28384 sl: 1.28918 tp: 0.00000 -> sl: 1.28918 tp: 1.28286 failed [Invalid S/L or T/P]
0	00:47:29.516	'120010550': modify order #10934724 sell 0.01 GBPUSD. at 1.28384 sl: 1.28918 tp: 0.00000 -> sl: 1.28575 tp: 0.00000
0	00:47:30.072	'120010550': order #10934724 sell 0.01 GBPUSD. at 1.28384 was modified -> sl: 1.28575 tp: 0.00000
0	00:47:36.186	'120010550': modify order #10934724 sell 0.01 GBPUSD. at 1.28384 sl: 1.28575 tp: 0.00000 -> sl: 1.28311 tp: 0.00000
0	00:47:36.655	'120010550': order #10934724 sell 0.01 GBPUSD. at 1.28384 was modified -> sl: 1.28311 tp: 0.00000
0	00:49:01.374	'120010550': modify order #10934728 sell 0.02 AUDJPY. at 75.618 sl: 76.777 tp: 75.478 -> sl: 76.712 tp: 75.478
0	00:49:02.240	'120010550': order #10934728 sell 0.02 AUDJPY. at 75.618 was modified -> sl: 76.712 tp: 75.478
0	00:49:33.092	'120010550': modify order #10936778 sell 0.01 XAUUSD. at 1285.21 sl: 0.00 tp: 0.00 -> sl: 0.00 tp: 1280.71
0	00:49:34.329	'120010550': order #10936778 sell 0.01 XAUUSD. at 1285.21 was modified -> sl: 0.00 tp: 1280.71
0	00:49:43.018	'120010550': modify order #10936780 sell 0.01 XAUUSD. at 1285.93 sl: 0.00 tp: 0.00 -> sl: 0.00 tp: 1278.62
0	00:49:43.549	'120010550': order #10936780 sell 0.01 XAUUSD. at 1285.93 was modified -> sl: 0.00 tp: 1278.62
0	00:49:55.668	'120010550': modify order #10936780 sell 0.01 XAUUSD. at 1285.93 sl: 0.00 tp: 1278.62 -> sl: 0.00 tp: 1270.73
0	00:49:56.175	'120010550': order #10936780 sell 0.01 XAUUSD. at 1285.93 was modified -> sl: 0.00 tp: 1270.73
0	00:49:59.359	'120010550': modify order #10936780 sell 0.01 XAUUSD. at 1285.93 sl: 0.00 tp: 1270.73 -> sl: 0.00 tp: 1270.46
0	00:50:00.411	'120010550': order #10936780 sell 0.01 XAUUSD. at 1285.93 was modified -> sl: 0.00 tp: 1270.46
0	00:55:15.039	'120010550': modify order #10934724 sell 0.01 GBPUSD. at 1.28384 sl: 1.28311 tp: 0.00000 -> sl: 1.28220 tp: 0.00000
0	00:55:15.535	'120010550': order #10934724 sell 0.01 GBPUSD. at 1.28384 was modified -> sl: 1.28220 tp: 0.00000
0	00:59:05.638	'120010550': modify order #10934724 sell 0.01 GBPUSD. at 1.28384 sl: 1.28220 tp: 0.00000 -> sl: 1.28163 tp: 0.00000
0	00:59:06.214	'120010550': order #10934724 sell 0.01 GBPUSD. at 1.28384 was modified -> sl: 1.28163 tp: 0.00000
0	01:00:24.617	'120010550': modify order #10934728 sell 0.02 AUDJPY. at 75.618 sl: 76.712 tp: 75.478 -> sl: 76.712 tp: 75.562
0	01:00:25.396	'120010550': order #10934728 sell 0.02 AUDJPY. at 75.618 was modified -> sl: 76.712 tp: 75.562
0	01:00:32.980	'120010550': modify order #10934728 sell 0.02 AUDJPY. at 75.618 sl: 76.712 tp: 75.562 -> sl: 76.644 tp: 75.562
0	01:00:33.171	'120010550': order #10934728 sell 0.02 AUDJPY. at 75.618 was modified -> sl: 76.644 tp: 75.562
0	01:00:38.135	'120010550': modify order #10934728 sell 0.02 AUDJPY. at 75.618 sl: 76.644 tp: 75.562 -> sl: 76.526 tp: 75.562
0	01:00:38.611	'120010550': order #10934728 sell 0.02 AUDJPY. at 75.618 was modified -> sl: 76.526 tp: 75.562
0	01:01:23.075	'120010550': modify order #10936141 sell 0.01 XAUUSD. at 1290.54 sl: 1289.10 tp: 0.00 -> sl: 1288.70 tp: 0.00
0	01:01:23.315	'120010550': order #10936141 sell 0.01 XAUUSD. at 1290.54 was modified -> sl: 1288.70 tp: 0.00
0	01:01:49.270	'120010550': modify order #10936778 sell 0.01 XAUUSD. at 1285.21 sl: 0.00 tp: 1280.71 -> sl: 0.00 tp: 1279.70
0	01:01:49.778	'120010550': order #10936778 sell 0.01 XAUUSD. at 1285.21 was modified -> sl: 0.00 tp: 1279.70
1	01:02:56.175	'120010550': modification of order #10903700 sell 0.01 XAGUSD. at 14.610 sl: 14.983 tp: 14.313 -> sl: 14.983 tp: 14.589 failed [Invalid S/L or T/P]
1	01:03:02.810	'120010550': modification of order #10903700 sell 0.01 XAGUSD. at 14.610 sl: 14.983 tp: 14.313 -> sl: 14.983 tp: 14.594 failed [Invalid S/L or T/P]
0	01:03:04.652	'120010550': modify order #10903700 sell 0.01 XAGUSD. at 14.610 sl: 14.983 tp: 14.313 -> sl: 14.645 tp: 14.313
0	01:03:05.351	'120010550': order #10903700 sell 0.01 XAGUSD. at 14.610 was modified -> sl: 14.645 tp: 14.313
0	01:03:07.461	'120010550': modify order #10903700 sell 0.01 XAGUSD. at 14.610 sl: 14.645 tp: 14.313 -> sl: 14.595 tp: 14.313
0	01:03:08.341	'120010550': order #10903700 sell 0.01 XAGUSD. at 14.610 was modified -> sl: 14.595 tp: 14.313
2	01:16:24.106	Custom indicator MACD-2x USDXXX,H1: removed
2	01:16:24.108	Custom indicator MACD-2x USDXXX,H1: removed
2	01:16:24.108	Custom indicator Laguerre-ACS1 USDXXX,H1: removed
2	01:16:24.114	Custom indicator SupResZone_MTF XAUUSD.,H4: removed
2	01:16:24.115	Custom indicator SupResZone_MTF XAUUSD.,H4: removed
2	01:16:24.117	Custom indicator SupResZone_MTF XAUUSD.,H4: removed
2	01:16:24.118	Custom indicator MACD-2x XAUUSD.,H4: removed
2	01:16:24.119	Custom indicator Laguerre-ACS1 XAUUSD.,H4: removed
2	01:16:24.127	Custom indicator SupResZone_MTF XAGUSD.,H1: removed
2	01:16:24.130	Custom indicator SupResZone_MTF XAGUSD.,H1: removed
2	01:16:24.133	Custom indicator SupResZone_MTF XAGUSD.,H1: removed
2	01:16:24.137	Custom indicator MACD-2x XAGUSD.,H1: removed
2	01:16:24.137	Custom indicator Laguerre-ACS1 XAGUSD.,H1: removed
2	01:16:24.144	Custom indicator SupResZone_MTF US_OIL,H1: removed
2	01:16:24.147	Custom indicator SupResZone_MTF US_OIL,H1: removed
2	01:16:24.151	Custom indicator SupResZone_MTF US_OIL,H1: removed
2	01:16:24.153	Custom indicator MACD-2x US_OIL,H1: removed
2	01:16:24.153	Custom indicator Laguerre-ACS1 US_OIL,H1: removed
2	01:16:24.160	Custom indicator SupResZone_MTF JP225,H1: removed
2	01:16:24.163	Custom indicator SupResZone_MTF JP225,H1: removed
2	01:16:24.167	Custom indicator SupResZone_MTF JP225,H1: removed
2	01:16:24.169	Custom indicator MACD-2x JP225,H1: removed
2	01:16:24.169	Custom indicator Laguerre-ACS1 JP225,H1: removed
2	01:16:24.180	Custom indicator SupResZone_MTF SPX500,H1: removed
2	01:16:24.184	Custom indicator SupResZone_MTF SPX500,H1: removed
2	01:16:24.186	Custom indicator SupResZone_MTF SPX500,H1: removed
2	01:16:24.188	Custom indicator MACD-2x SPX500,H1: removed
2	01:16:24.188	Custom indicator Laguerre-ACS1 SPX500,H1: removed
2	01:16:24.207	Custom indicator SupResZone_MTF AUDJPY.,H1: removed
2	01:16:24.208	Custom indicator SupResZone_MTF AUDJPY.,H1: removed
2	01:16:24.210	Custom indicator SupResZone_MTF AUDJPY.,H1: removed
2	01:16:24.212	Custom indicator MACD-2x AUDJPY.,H1: removed
2	01:16:24.212	Custom indicator Laguerre-ACS1 AUDJPY.,H1: removed
2	01:16:24.218	Custom indicator SupResZone_MTF AUDUSD.,H1: removed
2	01:16:24.220	Custom indicator SupResZone_MTF AUDUSD.,H1: removed
2	01:16:24.222	Custom indicator SupResZone_MTF AUDUSD.,H1: removed
2	01:16:24.224	Custom indicator MACD-2x AUDUSD.,H1: removed
2	01:16:24.225	Custom indicator Laguerre-ACS1 AUDUSD.,H1: removed
2	01:16:24.230	Custom indicator SupResZone_MTF USDJPY.,H1: removed
2	01:16:24.231	Custom indicator SupResZone_MTF USDJPY.,H1: removed
2	01:16:24.233	Custom indicator SupResZone_MTF USDJPY.,H1: removed
2	01:16:24.235	Custom indicator MACD-2x USDJPY.,H1: removed
2	01:16:24.235	Custom indicator Laguerre-ACS1 USDJPY.,H1: removed
2	01:16:24.242	Custom indicator SupResZone_MTF EURJPY.,H1: removed
2	01:16:24.243	Custom indicator SupResZone_MTF EURJPY.,H1: removed
2	01:16:24.245	Custom indicator SupResZone_MTF EURJPY.,H1: removed
2	01:16:24.247	Custom indicator MACD-2x EURJPY.,H1: removed
2	01:16:24.247	Custom indicator Laguerre-ACS1 EURJPY.,H1: removed
2	01:16:24.252	Custom indicator SupResZone_MTF EURUSD.,H1: removed
2	01:16:24.255	Custom indicator SupResZone_MTF EURUSD.,H1: removed
2	01:16:24.257	Custom indicator SupResZone_MTF EURUSD.,H1: removed
2	01:16:24.259	Custom indicator MACD-2x EURUSD.,H1: removed
2	01:16:24.260	Custom indicator Laguerre-ACS1 EURUSD.,H1: removed
2	01:16:24.265	Custom indicator SupResZone_MTF GBPUSD.,H4: removed
2	01:16:24.267	Custom indicator SupResZone_MTF GBPUSD.,H4: removed
2	01:16:24.270	Custom indicator SupResZone_MTF GBPUSD.,H4: removed
2	01:16:24.272	Custom indicator MACD-2x GBPUSD.,H4: removed
2	01:16:24.273	Custom indicator Laguerre-ACS1 GBPUSD.,H4: removed
2	01:16:24.289	Custom indicator SupResZone_MTF USDCAD.,H4: removed
2	01:16:24.291	Custom indicator SupResZone_MTF USDCAD.,H4: removed
2	01:16:24.293	Custom indicator SupResZone_MTF USDCAD.,H4: removed
2	01:16:24.294	Custom indicator MACD-2x USDCAD.,H4: removed
2	01:16:24.295	Custom indicator Laguerre-ACS1 USDCAD.,H4: removed
2	01:16:24.312	Custom indicator SupResZone_MTF EURAUD.,H4: removed
2	01:16:24.314	Custom indicator SupResZone_MTF EURAUD.,H4: removed
2	01:16:24.316	Custom indicator SupResZone_MTF EURAUD.,H4: removed
2	01:16:24.317	Custom indicator MACD-2x EURAUD.,H4: removed
2	01:16:24.317	Custom indicator Laguerre-ACS1 EURAUD.,H4: removed
2	01:16:24.336	Custom indicator SupResZone_MTF USDCHF.,Daily: removed
2	01:16:24.338	Custom indicator SupResZone_MTF USDCHF.,Daily: removed
2	01:16:24.341	Custom indicator SupResZone_MTF USDCHF.,Daily: removed
2	01:16:24.344	Custom indicator MACD-2x USDCHF.,Daily: removed
2	01:16:24.344	Custom indicator Laguerre-ACS1 USDCHF.,Daily: removed
2	01:16:24.362	Custom indicator GMMA Long USDJPY.,H1: removed
2	01:16:24.364	Custom indicator GMMA Short USDJPY.,H1: removed
2	01:16:24.367	Custom indicator 23MTF_MovingAverageIGOR USDJPY.,H1: removed
2	01:16:24.370	Custom indicator 23MTF_MovingAverageIGOR USDJPY.,H1: removed
2	01:16:24.373	Custom indicator SupResZone_MTF USDJPY.,H1: removed
2	01:16:24.374	Custom indicator SupResZone_MTF USDJPY.,H1: removed
2	01:16:24.376	Custom indicator MACD-2x USDJPY.,H1: removed
2	01:16:24.389	Custom indicator MACD-2x USDCNH,Daily: removed
2	01:16:24.391	Custom indicator MACD-2x USDCNH,Daily: removed
2	01:16:24.391	Custom indicator Laguerre-ACS1 USDCNH,Daily: removed
0	01:16:24.825	FX Trader build 1170 stopped
0	21:59:56.858	FX Trader build 1170 started (Performance Ronnaru Capital Ltd.)
0	21:59:56.858	Windows 10 Home x64, IE 11, UAC, 8 x Intel Core i7-6700HQ  @ 2.60GHz, Memory: 29404 / 32639 Mb, Disk: 137 / 264 Gb, GMT+9
0	21:59:56.858	Data Folder: C:\Users\tiany\AppData\Roaming\MetaQuotes\Terminal\79214103E7A6FC97F86082D309D0B84B
2	21:59:59.079	Custom indicator MACD-2x USDXXX,H1: loaded successfully
2	21:59:59.090	Custom indicator MACD-2x USDXXX,H1: loaded successfully
2	21:59:59.165	Custom indicator Laguerre-ACS1 USDXXX,H1: loaded successfully
2	21:59:59.228	Custom indicator SupResZone_MTF XAUUSD.,H4: loaded successfully
2	21:59:59.245	Custom indicator SupResZone_MTF XAUUSD.,H4: loaded successfully
2	21:59:59.264	Custom indicator SupResZone_MTF XAUUSD.,H4: loaded successfully
2	21:59:59.274	Custom indicator MACD-2x XAUUSD.,H4: loaded successfully
2	21:59:59.356	Custom indicator Laguerre-ACS1 XAUUSD.,H4: loaded successfully
2	21:59:59.500	Custom indicator SupResZone_MTF XAGUSD.,H1: loaded successfully
2	21:59:59.512	Custom indicator SupResZone_MTF XAGUSD.,H1: loaded successfully
2	21:59:59.524	Custom indicator SupResZone_MTF XAGUSD.,H1: loaded successfully
2	21:59:59.535	Custom indicator MACD-2x XAGUSD.,H1: loaded successfully
2	21:59:59.609	Custom indicator Laguerre-ACS1 XAGUSD.,H1: loaded successfully
2	21:59:59.772	Custom indicator SupResZone_MTF US_OIL,H1: loaded successfully
2	21:59:59.782	Custom indicator SupResZone_MTF US_OIL,H1: loaded successfully
2	21:59:59.793	Custom indicator SupResZone_MTF US_OIL,H1: loaded successfully
2	21:59:59.803	Custom indicator MACD-2x US_OIL,H1: loaded successfully
2	21:59:59.884	Custom indicator Laguerre-ACS1 US_OIL,H1: loaded successfully
2	22:00:00.123	Custom indicator SupResZone_MTF JP225,H1: loaded successfully
2	22:00:00.133	Custom indicator SupResZone_MTF JP225,H1: loaded successfully
2	22:00:00.144	Custom indicator SupResZone_MTF JP225,H1: loaded successfully
2	22:00:00.154	Custom indicator MACD-2x JP225,H1: loaded successfully
2	22:00:00.224	Custom indicator Laguerre-ACS1 JP225,H1: loaded successfully
2	22:00:00.473	Custom indicator SupResZone_MTF SPX500,H1: loaded successfully
2	22:00:00.484	Custom indicator SupResZone_MTF SPX500,H1: loaded successfully
2	22:00:00.495	Custom indicator SupResZone_MTF SPX500,H1: loaded successfully
2	22:00:00.505	Custom indicator MACD-2x SPX500,H1: loaded successfully
2	22:00:00.578	Custom indicator Laguerre-ACS1 SPX500,H1: loaded successfully
2	22:00:00.787	Custom indicator SupResZone_MTF AUDJPY.,H1: loaded successfully
2	22:00:00.799	Custom indicator SupResZone_MTF AUDJPY.,H1: loaded successfully
2	22:00:00.809	Custom indicator SupResZone_MTF AUDJPY.,H1: loaded successfully
2	22:00:00.819	Custom indicator MACD-2x AUDJPY.,H1: loaded successfully
2	22:00:00.903	Custom indicator Laguerre-ACS1 AUDJPY.,H1: loaded successfully
2	22:00:01.058	Custom indicator SupResZone_MTF AUDUSD.,H1: loaded successfully
2	22:00:01.070	Custom indicator SupResZone_MTF AUDUSD.,H1: loaded successfully
2	22:00:01.084	Custom indicator SupResZone_MTF AUDUSD.,H1: loaded successfully
2	22:00:01.100	Custom indicator MACD-2x AUDUSD.,H1: loaded successfully
2	22:00:01.183	Custom indicator Laguerre-ACS1 AUDUSD.,H1: loaded successfully
2	22:00:01.372	Custom indicator SupResZone_MTF USDJPY.,H1: loaded successfully
2	22:00:01.385	Custom indicator SupResZone_MTF USDJPY.,H1: loaded successfully
2	22:00:01.397	Custom indicator SupResZone_MTF USDJPY.,H1: loaded successfully
2	22:00:01.409	Custom indicator MACD-2x USDJPY.,H1: loaded successfully
2	22:00:01.499	Custom indicator Laguerre-ACS1 USDJPY.,H1: loaded successfully
2	22:00:01.730	Custom indicator SupResZone_MTF EURJPY.,H1: loaded successfully
2	22:00:01.741	Custom indicator SupResZone_MTF EURJPY.,H1: loaded successfully
2	22:00:01.757	Custom indicator SupResZone_MTF EURJPY.,H1: loaded successfully
2	22:00:01.768	Custom indicator MACD-2x EURJPY.,H1: loaded successfully
2	22:00:01.842	Custom indicator Laguerre-ACS1 EURJPY.,H1: loaded successfully
2	22:00:02.123	Custom indicator SupResZone_MTF EURUSD.,H1: loaded successfully
2	22:00:02.134	Custom indicator SupResZone_MTF EURUSD.,H1: loaded successfully
2	22:00:02.145	Custom indicator SupResZone_MTF EURUSD.,H1: loaded successfully
2	22:00:02.156	Custom indicator MACD-2x EURUSD.,H1: loaded successfully
2	22:00:02.225	Custom indicator Laguerre-ACS1 EURUSD.,H1: loaded successfully
2	22:00:02.450	Custom indicator SupResZone_MTF GBPUSD.,H4: loaded successfully
2	22:00:02.460	Custom indicator SupResZone_MTF GBPUSD.,H4: loaded successfully
2	22:00:02.470	Custom indicator SupResZone_MTF GBPUSD.,H4: loaded successfully
2	22:00:02.480	Custom indicator MACD-2x GBPUSD.,H4: loaded successfully
2	22:00:02.553	Custom indicator Laguerre-ACS1 GBPUSD.,H4: loaded successfully
2	22:00:02.732	Custom indicator SupResZone_MTF USDCAD.,H4: loaded successfully
2	22:00:02.747	Custom indicator SupResZone_MTF USDCAD.,H4: loaded successfully
2	22:00:02.761	Custom indicator SupResZone_MTF USDCAD.,H4: loaded successfully
2	22:00:02.771	Custom indicator MACD-2x USDCAD.,H4: loaded successfully
2	22:00:02.843	Custom indicator Laguerre-ACS1 USDCAD.,H4: loaded successfully
2	22:00:02.980	Custom indicator SupResZone_MTF EURAUD.,H4: loaded successfully
2	22:00:02.990	Custom indicator SupResZone_MTF EURAUD.,H4: loaded successfully
2	22:00:03.001	Custom indicator SupResZone_MTF EURAUD.,H4: loaded successfully
2	22:00:03.012	Custom indicator MACD-2x EURAUD.,H4: loaded successfully
2	22:00:03.084	Custom indicator Laguerre-ACS1 EURAUD.,H4: loaded successfully
2	22:00:03.239	Custom indicator SupResZone_MTF USDCHF.,Daily: loaded successfully
2	22:00:03.250	Custom indicator SupResZone_MTF USDCHF.,Daily: loaded successfully
2	22:00:03.261	Custom indicator SupResZone_MTF USDCHF.,Daily: loaded successfully
2	22:00:03.272	Custom indicator MACD-2x USDCHF.,Daily: loaded successfully
2	22:00:03.365	Custom indicator Laguerre-ACS1 USDCHF.,Daily: loaded successfully
2	22:00:03.532	Custom indicator GMMA Long USDJPY.,H1: loaded successfully
2	22:00:03.554	Custom indicator GMMA Short USDJPY.,H1: loaded successfully
2	22:00:03.573	Custom indicator 23MTF_MovingAverageIGOR USDJPY.,H1: loaded successfully
2	22:00:03.588	Custom indicator 23MTF_MovingAverageIGOR USDJPY.,H1: loaded successfully
2	22:00:03.605	Custom indicator SupResZone_MTF USDJPY.,H1: loaded successfully
2	22:00:03.620	Custom indicator SupResZone_MTF USDJPY.,H1: loaded successfully
2	22:00:03.634	Custom indicator MACD-2x USDJPY.,H1: loaded successfully
2	22:00:03.891	Custom indicator MACD-2x USDCNH,Daily: loaded successfully
2	22:00:03.904	Custom indicator MACD-2x USDCNH,Daily: loaded successfully
2	22:00:04.006	Custom indicator Laguerre-ACS1 USDCNH,Daily: loaded successfully
0	22:00:05.751	'120010550': login on PRC-Live through Server 3 (ping: 43.11 ms)
0	22:00:06.693	'120010550': login datacenter on PRC-Live through Server 3 (ping: 43.11 ms)
0	22:00:07.066	'120010550': previous successful authorization performed from 106.133.96.133
0	22:00:24.972	'120010550': auto connecting to a better access point Server 7 (ping is 49.53 ms)
0	22:00:25.492	'120010550': login on PRC-Live through Server 7 (ping: 49.53 ms)
0	22:00:26.224	'120010550': login datacenter on PRC-Live through Server 7 (ping: 49.53 ms)
0	22:00:26.516	'120010550': previous successful authorization performed from 106.181.135.181
1	22:00:52.431	'120010550': modification of order #10937456 sell 0.01 SPX500 at 2867.3 sl: 0.0 tp: 0.0 -> sl: 2875.8 tp: 0.0 failed [Invalid S/L or T/P]
0	22:00:56.618	'120010550': modify order #10937456 sell 0.01 SPX500 at 2867.3 sl: 0.0 tp: 0.0 -> sl: 2882.2 tp: 0.0
0	22:00:57.741	'120010550': order #10937456 sell 0.01 SPX500 at 2867.3 was modified -> sl: 2882.2 tp: 0.0
1	22:01:02.190	'120010550': modification of order #10937456 sell 0.01 SPX500 at 2867.3 sl: 2882.2 tp: 0.0 -> sl: 2865.9 tp: 0.0 failed [Invalid S/L or T/P]
0	22:01:06.237	'120010550': modify order #10937456 sell 0.01 SPX500 at 2867.3 sl: 2882.2 tp: 0.0 -> sl: 2879.0 tp: 0.0
0	22:01:06.738	'120010550': order #10937456 sell 0.01 SPX500 at 2867.3 was modified -> sl: 2879.0 tp: 0.0
1	22:01:08.545	'120010550': modification of order #10937456 sell 0.01 SPX500 at 2867.3 sl: 2879.0 tp: 0.0 -> sl: 2875.2 tp: 0.0 failed [Invalid S/L or T/P]
0	22:01:11.723	'120010550': modify order #10937456 sell 0.01 SPX500 at 2867.3 sl: 2879.0 tp: 0.0 -> sl: 2876.5 tp: 0.0
0	22:01:12.574	'120010550': order #10937456 sell 0.01 SPX500 at 2867.3 was modified -> sl: 2876.5 tp: 0.0
0	22:01:58.393	'120010550': modify order #10903700 sell 0.01 XAGUSD. at 14.610 sl: 14.595 tp: 14.313 -> sl: 14.551 tp: 14.313
0	22:01:58.903	'120010550': order #10903700 sell 0.01 XAGUSD. at 14.610 was modified -> sl: 14.551 tp: 14.313
0	22:02:55.815	'120010550': order sell market 0.01 EURJPY. sl: 0.000 tp: 0.000
0	22:02:56.642	'120010550': order was opened : #10938677 sell 0.01 EURJPY. at 122.448 sl: 0.000 tp: 0.000
0	22:03:05.992	'120010550': order sell market 0.01 EURUSD. sl: 0.00000 tp: 0.00000
0	22:03:06.640	'120010550': order was opened : #10938679 sell 0.01 EURUSD. at 1.11731 sl: 0.00000 tp: 0.00000
0	22:09:12.916	'120010550': modify order #10937456 sell 0.01 SPX500 at 2867.3 sl: 2876.5 tp: 0.0 -> sl: 2892.1 tp: 0.0
0	22:09:13.487	'120010550': order #10937456 sell 0.01 SPX500 at 2867.3 was modified -> sl: 2892.1 tp: 0.0
0	22:23:08.031	'120010550': order sell market 0.01 XAUUSD. sl: 0.00 tp: 0.00
0	22:23:08.794	'120010550': order was opened : #10938703 sell 0.01 XAUUSD. at 1283.24 sl: 0.00 tp: 0.00
0	22:27:30.756	'120010550': modify order #10937118 sell 0.01 EURUSD. at 1.11732 sl: 0.00000 tp: 1.11510 -> sl: 0.00000 tp: 1.11608
0	22:27:31.208	'120010550': order #10937118 sell 0.01 EURUSD. at 1.11732 was modified -> sl: 0.00000 tp: 1.11608
2	22:31:51.244	Custom indicator SupResZone_MTF SPX500,H4: loaded successfully
0	22:35:10.547	'120010550': modify order #10938405 sell 0.01 JP225 at 21146 sl: 0 tp: 21100 -> sl: 21401 tp: 21100
0	22:35:11.110	'120010550': order #10938405 sell 0.01 JP225 at 21146 was modified -> sl: 21401 tp: 21100
2	22:36:20.923	Custom indicator SupResZone_MTF XAGUSD.,H4: removed
2	22:36:20.924	Custom indicator SupResZone_MTF XAGUSD.,H4: removed
2	22:36:20.926	Custom indicator SupResZone_MTF XAGUSD.,H4: removed
2	22:36:20.927	Custom indicator MACD-2x XAGUSD.,H4: removed
2	22:36:20.927	Custom indicator Laguerre-ACS1 XAGUSD.,H4: removed
2	22:36:20.938	Custom indicator SupResZone_MTF XAGUSD.,H4: loaded successfully
2	22:36:20.947	Custom indicator SupResZone_MTF XAGUSD.,H4: loaded successfully
2	22:36:20.958	Custom indicator SupResZone_MTF XAGUSD.,H4: loaded successfully
2	22:36:20.969	Custom indicator SupResZone_MTF XAGUSD.,H4: loaded successfully
2	22:36:20.982	Custom indicator MACD-2x XAGUSD.,H4: loaded successfully
2	22:36:21.073	Custom indicator Laguerre-ACS1 XAGUSD.,H4: loaded successfully
0	22:36:45.503	'120010550': order sell market 0.01 XAGUSD. sl: 0.000 tp: 0.000
0	22:36:45.887	'120010550': order was opened : #10938722 sell 0.01 XAGUSD. at 14.428 sl: 0.000 tp: 0.000
0	22:40:41.638	'120010550': order sell market 0.01 XAUUSD. sl: 0.00 tp: 0.00
0	22:40:42.880	'120010550': order was opened : #10938751 sell 0.01 XAUUSD. at 1281.05 sl: 0.00 tp: 0.00
0	22:41:19.122	'120010550': modify order #10909046 sell 0.01 US_OIL at 60.06 sl: 63.75 tp: 60.06 -> sl: 63.92 tp: 60.06
0	22:41:19.973	'120010550': order #10909046 sell 0.01 US_OIL at 60.06 was modified -> sl: 63.92 tp: 60.06
0	22:42:39.305	'120010550': modify order #10938405 sell 0.01 JP225 at 21146 sl: 21401 tp: 21100 -> sl: 21307 tp: 21100
0	22:42:39.987	'120010550': order #10938405 sell 0.01 JP225 at 21146 was modified -> sl: 21307 tp: 21100
0	22:44:05.768	'120010550': modify order #10903700 sell 0.01 XAGUSD. at 14.610 sl: 14.551 tp: 14.313 -> sl: 14.514 tp: 14.313
0	22:44:05.968	'120010550': order #10903700 sell 0.01 XAGUSD. at 14.610 was modified -> sl: 14.514 tp: 14.313
0	22:44:09.060	'120010550': modify order #10903700 sell 0.01 XAGUSD. at 14.610 sl: 14.514 tp: 14.313 -> sl: 14.643 tp: 14.313
0	22:44:09.372	'120010550': order #10903700 sell 0.01 XAGUSD. at 14.610 was modified -> sl: 14.643 tp: 14.313
0	22:44:13.625	'120010550': modify order #10936779 sell 0.01 XAGUSD. at 14.572 sl: 0.000 tp: 0.000 -> sl: 14.666 tp: 0.000
0	22:44:13.961	'120010550': order #10936779 sell 0.01 XAGUSD. at 14.572 was modified -> sl: 14.666 tp: 0.000
0	22:44:16.486	'120010550': modify order #10936804 sell 0.01 XAGUSD. at 14.535 sl: 0.000 tp: 0.000 -> sl: 14.703 tp: 0.000
0	22:44:17.003	'120010550': order #10936804 sell 0.01 XAGUSD. at 14.535 was modified -> sl: 14.703 tp: 0.000
0	22:44:20.461	'120010550': modify order #10936804 sell 0.01 XAGUSD. at 14.535 sl: 14.703 tp: 0.000 -> sl: 14.522 tp: 0.000
0	22:44:20.790	'120010550': order #10936804 sell 0.01 XAGUSD. at 14.535 was modified -> sl: 14.522 tp: 0.000
0	22:44:32.945	'120010550': modify order #10903700 sell 0.01 XAGUSD. at 14.610 sl: 14.643 tp: 14.313 -> sl: 14.527 tp: 14.313
0	22:44:33.838	'120010550': order #10903700 sell 0.01 XAGUSD. at 14.610 was modified -> sl: 14.527 tp: 14.313
0	22:44:45.469	'120010550': modify order #10936779 sell 0.01 XAGUSD. at 14.572 sl: 14.666 tp: 0.000 -> sl: 14.583 tp: 0.000
0	22:44:46.073	'120010550': order #10936779 sell 0.01 XAGUSD. at 14.572 was modified -> sl: 14.583 tp: 0.000
0	22:44:52.207	'120010550': modify order #10903700 sell 0.01 XAGUSD. at 14.610 sl: 14.527 tp: 14.313 -> sl: 14.543 tp: 14.313
0	22:44:52.663	'120010550': order #10903700 sell 0.01 XAGUSD. at 14.610 was modified -> sl: 14.543 tp: 14.313
0	22:44:57.629	'120010550': modify order #10936779 sell 0.01 XAGUSD. at 14.572 sl: 14.583 tp: 0.000 -> sl: 14.656 tp: 0.000
0	22:44:58.087	'120010550': order #10936779 sell 0.01 XAGUSD. at 14.572 was modified -> sl: 14.656 tp: 0.000
0	22:45:02.721	'120010550': modify order #10903700 sell 0.01 XAGUSD. at 14.610 sl: 14.543 tp: 14.313 -> sl: 14.695 tp: 14.313
0	22:45:03.101	'120010550': order #10903700 sell 0.01 XAGUSD. at 14.610 was modified -> sl: 14.695 tp: 14.313
0	22:45:10.508	'120010550': modify order #10903700 sell 0.01 XAGUSD. at 14.610 sl: 14.695 tp: 14.313 -> sl: 14.618 tp: 14.313
0	22:45:10.718	'120010550': order #10903700 sell 0.01 XAGUSD. at 14.610 was modified -> sl: 14.618 tp: 14.313
0	22:45:17.118	'120010550': modify order #10903700 sell 0.01 XAGUSD. at 14.610 sl: 14.618 tp: 14.313 -> sl: 14.586 tp: 14.313
0	22:45:17.932	'120010550': order #10903700 sell 0.01 XAGUSD. at 14.610 was modified -> sl: 14.586 tp: 14.313
0	22:45:22.872	'120010550': modify order #10936779 sell 0.01 XAGUSD. at 14.572 sl: 14.656 tp: 0.000 -> sl: 14.652 tp: 0.000
0	22:45:23.930	'120010550': order #10936779 sell 0.01 XAGUSD. at 14.572 was modified -> sl: 14.652 tp: 0.000
0	22:45:27.980	'120010550': modify order #10936779 sell 0.01 XAGUSD. at 14.572 sl: 14.652 tp: 0.000 -> sl: 14.551 tp: 0.000
0	22:45:28.356	'120010550': order #10936779 sell 0.01 XAGUSD. at 14.572 was modified -> sl: 14.551 tp: 0.000
0	22:45:31.545	'120010550': modify order #10936779 sell 0.01 XAGUSD. at 14.572 sl: 14.551 tp: 0.000 -> sl: 14.548 tp: 0.000
0	22:45:31.759	'120010550': order #10936779 sell 0.01 XAGUSD. at 14.572 was modified -> sl: 14.548 tp: 0.000
0	22:45:47.779	'120010550': modify order #10936778 sell 0.01 XAUUSD. at 1285.21 sl: 0.00 tp: 0.00 -> sl: 1287.63 tp: 0.00
0	22:45:48.828	'120010550': order #10936778 sell 0.01 XAUUSD. at 1285.21 was modified -> sl: 1287.63 tp: 0.00
0	22:45:52.086	'120010550': modify order #10936778 sell 0.01 XAUUSD. at 1285.21 sl: 1287.63 tp: 0.00 -> sl: 1284.29 tp: 0.00
0	22:45:52.415	'120010550': order #10936778 sell 0.01 XAUUSD. at 1285.21 was modified -> sl: 1284.29 tp: 0.00
0	22:45:55.238	'120010550': modify order #10936780 sell 0.01 XAUUSD. at 1285.93 sl: 0.00 tp: 1270.46 -> sl: 1288.49 tp: 1270.46
0	22:45:55.837	'120010550': order #10936780 sell 0.01 XAUUSD. at 1285.93 was modified -> sl: 1288.49 tp: 1270.46
0	22:45:59.898	'120010550': modify order #10936780 sell 0.01 XAUUSD. at 1285.93 sl: 1288.49 tp: 1270.46 -> sl: 1284.04 tp: 1270.46
0	22:46:00.853	'120010550': order #10936780 sell 0.01 XAUUSD. at 1285.93 was modified -> sl: 1284.04 tp: 1270.46
0	22:46:38.835	'120010550': modify order #10934725 sell 0.02 AUDUSD. at 0.69052 sl: 0.00000 tp: 0.00000 -> sl: 0.69092 tp: 0.00000
0	22:46:39.938	'120010550': order #10934725 sell 0.02 AUDUSD. at 0.69052 was modified -> sl: 0.69092 tp: 0.00000
0	22:46:42.240	'120010550': modify order #10934725 sell 0.02 AUDUSD. at 0.69052 sl: 0.69092 tp: 0.00000 -> sl: 0.69026 tp: 0.00000
0	22:46:42.544	'120010550': order #10934725 sell 0.02 AUDUSD. at 0.69052 was modified -> sl: 0.69026 tp: 0.00000
0	22:47:24.846	'120010550': modify order #10934725 sell 0.02 AUDUSD. at 0.69052 sl: 0.69026 tp: 0.00000 -> sl: 0.68993 tp: 0.00000
0	22:47:25.824	'120010550': order #10934725 sell 0.02 AUDUSD. at 0.69052 was modified -> sl: 0.68993 tp: 0.00000
0	22:47:38.535	'120010550': modify order #10936048 sell 0.01 GBPUSD. at 1.27971 sl: 0.00000 tp: 0.00000 -> sl: 1.28168 tp: 0.00000
0	22:47:38.889	'120010550': order #10936048 sell 0.01 GBPUSD. at 1.27971 was modified -> sl: 1.28168 tp: 0.00000
0	22:47:41.110	'120010550': modify order #10936048 sell 0.01 GBPUSD. at 1.27971 sl: 1.28168 tp: 0.00000 -> sl: 1.27849 tp: 0.00000
0	22:47:41.685	'120010550': order #10936048 sell 0.01 GBPUSD. at 1.27971 was modified -> sl: 1.27849 tp: 0.00000
0	22:52:26.246	'120010550': modify order #10938677 sell 0.01 EURJPY. at 122.448 sl: 0.000 tp: 0.000 -> sl: 0.000 tp: 122.357
0	22:52:26.744	'120010550': order #10938677 sell 0.01 EURJPY. at 122.448 was modified -> sl: 0.000 tp: 122.357
0	22:52:32.883	'120010550': modify order #10937618 sell 0.01 EURJPY. at 122.461 sl: 0.000 tp: 0.000 -> sl: 0.000 tp: 122.390
0	22:52:33.368	'120010550': order #10937618 sell 0.01 EURJPY. at 122.461 was modified -> sl: 0.000 tp: 122.390
0	22:52:43.008	'120010550': modify order #10937118 sell 0.01 EURUSD. at 1.11732 sl: 0.00000 tp: 1.11608 -> sl: 0.00000 tp: 1.11659
0	22:52:43.368	'120010550': order #10937118 sell 0.01 EURUSD. at 1.11732 was modified -> sl: 0.00000 tp: 1.11659
0	23:00:59.384	'120010550': order #10938285 sell 0.02 GBPUSD. at 1.27541 closed due take-profit at price 1.27500
0	23:09:59.701	'120010550': order #10937118 sell 0.01 EURUSD. at 1.11732 closed due take-profit at price 1.11659
0	23:19:50.169	'120010550': modify order #10936778 sell 0.01 XAUUSD. at 1285.21 sl: 1284.29 tp: 0.00 -> sl: 1282.59 tp: 0.00
0	23:19:50.627	'120010550': order #10936778 sell 0.01 XAUUSD. at 1285.21 was modified -> sl: 1282.59 tp: 0.00
0	23:19:54.125	'120010550': modify order #10936780 sell 0.01 XAUUSD. at 1285.93 sl: 1284.04 tp: 1270.46 -> sl: 1282.54 tp: 1270.46
0	23:19:54.442	'120010550': order #10936780 sell 0.01 XAUUSD. at 1285.93 was modified -> sl: 1282.54 tp: 1270.46
1	23:20:01.187	'120010550': modification of order #10938703 sell 0.01 XAUUSD. at 1283.24 sl: 0.00 tp: 0.00 -> sl: 0.00 tp: 1281.68 failed [Invalid S/L or T/P]
1	23:20:04.775	'120010550': modification of order #10938703 sell 0.01 XAUUSD. at 1283.24 sl: 0.00 tp: 0.00 -> sl: 0.00 tp: 1282.27 failed [Invalid S/L or T/P]
0	23:20:56.964	'120010550': modify order #10934725 sell 0.02 AUDUSD. at 0.69052 sl: 0.68993 tp: 0.00000 -> sl: 0.68990 tp: 0.00000
0	23:20:57.781	'120010550': order #10934725 sell 0.02 AUDUSD. at 0.69052 was modified -> sl: 0.68990 tp: 0.00000
0	23:21:06.019	'120010550': order sell market 0.01 EURUSD. sl: 0.00000 tp: 0.00000
0	23:21:06.811	'120010550': order was opened : #10938964 sell 0.01 EURUSD. at 1.11601 sl: 0.00000 tp: 0.00000
1	23:21:11.977	'120010550': modification of order #10938679 sell 0.01 EURUSD. at 1.11731 sl: 0.00000 tp: 0.00000 -> sl: 0.00000 tp: 1.11705 failed [Invalid S/L or T/P]
0	23:21:15.121	'120010550': modify order #10938679 sell 0.01 EURUSD. at 1.11731 sl: 0.00000 tp: 0.00000 -> sl: 1.11804 tp: 0.00000
0	23:21:15.854	'120010550': order #10938679 sell 0.01 EURUSD. at 1.11731 was modified -> sl: 1.11804 tp: 0.00000
0	23:21:19.331	'120010550': modify order #10938679 sell 0.01 EURUSD. at 1.11731 sl: 1.11804 tp: 0.00000 -> sl: 1.11686 tp: 0.00000
0	23:21:20.064	'120010550': order #10938679 sell 0.01 EURUSD. at 1.11731 was modified -> sl: 1.11686 tp: 0.00000
0	23:21:24.809	'120010550': modify order #10938679 sell 0.01 EURUSD. at 1.11731 sl: 1.11686 tp: 0.00000 -> sl: 1.11697 tp: 0.00000
0	23:21:25.871	'120010550': order #10938679 sell 0.01 EURUSD. at 1.11731 was modified -> sl: 1.11697 tp: 0.00000
0	23:21:43.991	'120010550': modify order #10938362 sell 0.01 GBPUSD. at 1.27394 sl: 0.00000 tp: 1.27290 -> sl: 0.00000 tp: 1.26563
0	23:21:44.339	'120010550': order #10938362 sell 0.01 GBPUSD. at 1.27394 was modified -> sl: 0.00000 tp: 1.26563
0	23:21:46.656	'120010550': modify order #10938365 sell 0.02 GBPUSD. at 1.27362 sl: 0.00000 tp: 1.27260 -> sl: 0.00000 tp: 1.26849
0	23:21:47.923	'120010550': order #10938365 sell 0.02 GBPUSD. at 1.27362 was modified -> sl: 0.00000 tp: 1.26849
0	23:21:55.449	'120010550': modify order #10936048 sell 0.01 GBPUSD. at 1.27971 sl: 1.27849 tp: 0.00000 -> sl: 1.27690 tp: 0.00000
0	23:21:55.947	'120010550': order #10936048 sell 0.01 GBPUSD. at 1.27971 was modified -> sl: 1.27690 tp: 0.00000
0	23:22:41.712	'120010550': modify order #10938703 sell 0.01 XAUUSD. at 1283.24 sl: 0.00 tp: 0.00 -> sl: 1283.78 tp: 0.00
0	23:22:42.268	'120010550': order #10938703 sell 0.01 XAUUSD. at 1283.24 was modified -> sl: 1283.78 tp: 0.00
0	23:22:48.604	'120010550': modify order #10938703 sell 0.01 XAUUSD. at 1283.24 sl: 1283.78 tp: 0.00 -> sl: 1282.24 tp: 0.00
0	23:22:48.858	'120010550': order #10938703 sell 0.01 XAUUSD. at 1283.24 was modified -> sl: 1282.24 tp: 0.00
0	23:22:58.083	'120010550': modify order #10936804 sell 0.01 XAGUSD. at 14.535 sl: 14.522 tp: 0.000 -> sl: 14.507 tp: 0.000
0	23:22:58.903	'120010550': order #10936804 sell 0.01 XAGUSD. at 14.535 was modified -> sl: 14.507 tp: 0.000
0	23:23:05.602	'120010550': modify order #10936779 sell 0.01 XAGUSD. at 14.572 sl: 14.548 tp: 0.000 -> sl: 14.518 tp: 0.000
0	23:23:06.904	'120010550': order #10936779 sell 0.01 XAGUSD. at 14.572 was modified -> sl: 14.518 tp: 0.000
0	23:23:11.426	'120010550': modify order #10903700 sell 0.01 XAGUSD. at 14.610 sl: 14.586 tp: 14.313 -> sl: 14.554 tp: 14.313
0	23:23:11.918	'120010550': order #10903700 sell 0.01 XAGUSD. at 14.610 was modified -> sl: 14.554 tp: 14.313
0	23:23:15.587	'120010550': modify order #10903700 sell 0.01 XAGUSD. at 14.610 sl: 14.554 tp: 14.313 -> sl: 14.544 tp: 14.313
0	23:23:16.153	'120010550': order #10903700 sell 0.01 XAGUSD. at 14.610 was modified -> sl: 14.544 tp: 14.313
0	23:40:00.557	'120010550': order sell market 0.01 XAUUSD. sl: 0.00 tp: 0.00
0	23:40:01.063	'120010550': order was opened : #10939038 sell 0.01 XAUUSD. at 1277.65 sl: 0.00 tp: 0.00
0	23:40:09.979	'120010550': modify order #10938703 sell 0.01 XAUUSD. at 1283.24 sl: 1282.24 tp: 0.00 -> sl: 1280.11 tp: 0.00
0	23:40:10.492	'120010550': order #10938703 sell 0.01 XAUUSD. at 1283.24 was modified -> sl: 1280.11 tp: 0.00
0	23:40:15.927	'120010550': modify order #10936778 sell 0.01 XAUUSD. at 1285.21 sl: 1282.59 tp: 0.00 -> sl: 1280.39 tp: 0.00
0	23:40:16.986	'120010550': order #10936778 sell 0.01 XAUUSD. at 1285.21 was modified -> sl: 1280.39 tp: 0.00
0	23:40:24.403	'120010550': modify order #10936780 sell 0.01 XAUUSD. at 1285.93 sl: 1282.54 tp: 1270.46 -> sl: 1279.97 tp: 1270.46
0	23:40:24.959	'120010550': order #10936780 sell 0.01 XAUUSD. at 1285.93 was modified -> sl: 1279.97 tp: 1270.46
0	23:40:28.515	'120010550': modify order #10938751 sell 0.01 XAUUSD. at 1281.05 sl: 0.00 tp: 0.00 -> sl: 1281.73 tp: 0.00
0	23:40:28.963	'120010550': order #10938751 sell 0.01 XAUUSD. at 1281.05 was modified -> sl: 1281.73 tp: 0.00
0	23:40:32.025	'120010550': modify order #10938751 sell 0.01 XAUUSD. at 1281.05 sl: 1281.73 tp: 0.00 -> sl: 1280.16 tp: 0.00
0	23:40:32.979	'120010550': order #10938751 sell 0.01 XAUUSD. at 1281.05 was modified -> sl: 1280.16 tp: 0.00
0	23:40:35.455	'120010550': modify order #10936780 sell 0.01 XAUUSD. at 1285.93 sl: 1279.97 tp: 1270.46 -> sl: 1287.17 tp: 1270.46
0	23:40:35.979	'120010550': order #10936780 sell 0.01 XAUUSD. at 1285.93 was modified -> sl: 1287.17 tp: 1270.46
0	23:40:40.270	'120010550': modify order #10936780 sell 0.01 XAUUSD. at 1285.93 sl: 1287.17 tp: 1270.46 -> sl: 1284.36 tp: 1270.46
0	23:40:40.593	'120010550': order #10936780 sell 0.01 XAUUSD. at 1285.93 was modified -> sl: 1284.36 tp: 1270.46
1	23:40:48.578	'120010550': modification of order #10936804 sell 0.01 XAGUSD. at 14.535 sl: 14.507 tp: 0.000 -> sl: 14.462 tp: 0.000 failed [Invalid S/L or T/P]
0	23:40:57.935	'120010550': modify order #10936804 sell 0.01 XAGUSD. at 14.535 sl: 14.507 tp: 0.000 -> sl: 14.689 tp: 0.000
0	23:40:58.830	'120010550': order #10936804 sell 0.01 XAGUSD. at 14.535 was modified -> sl: 14.689 tp: 0.000
0	23:41:06.044	'120010550': modify order #10936779 sell 0.01 XAGUSD. at 14.572 sl: 14.518 tp: 0.000 -> sl: 14.652 tp: 0.000
0	23:41:06.260	'120010550': order #10936779 sell 0.01 XAGUSD. at 14.572 was modified -> sl: 14.652 tp: 0.000
0	23:41:13.682	'120010550': modify order #10936779 sell 0.01 XAGUSD. at 14.572 sl: 14.652 tp: 0.000 -> sl: 14.505 tp: 0.000
0	23:41:14.855	'120010550': order #10936779 sell 0.01 XAGUSD. at 14.572 was modified -> sl: 14.505 tp: 0.000
0	23:41:18.605	'120010550': modify order #10936804 sell 0.01 XAGUSD. at 14.535 sl: 14.689 tp: 0.000 -> sl: 14.508 tp: 0.000
0	23:41:19.064	'120010550': order #10936804 sell 0.01 XAGUSD. at 14.535 was modified -> sl: 14.508 tp: 0.000
0	23:54:01.749	'120010550': modify order #10936780 sell 0.01 XAUUSD. at 1285.93 sl: 1284.36 tp: 1270.46 -> sl: 1282.25 tp: 1270.46
0	23:54:02.867	'120010550': order #10936780 sell 0.01 XAUUSD. at 1285.93 was modified -> sl: 1282.25 tp: 1270.46
0	23:54:04.954	'120010550': modify order #10938751 sell 0.01 XAUUSD. at 1281.05 sl: 1280.16 tp: 0.00 -> sl: 1279.65 tp: 0.00
0	23:54:06.022	'120010550': order #10938751 sell 0.01 XAUUSD. at 1281.05 was modified -> sl: 1279.65 tp: 0.00
0	23:54:49.268	'120010550': order #10938405 sell 0.01 JP225 at 21146 closed due stop-loss at price 21307
0	23:55:00.648	'120010550': modify order #10939038 sell 0.01 XAUUSD. at 1277.65 sl: 0.00 tp: 0.00 -> sl: 0.00 tp: 1272.90
0	23:55:00.796	'120010550': order #10939038 sell 0.01 XAUUSD. at 1277.65 was modified -> sl: 0.00 tp: 1272.90
0	23:56:31.178	'120010550': modify order #10938703 sell 0.01 XAUUSD. at 1283.24 sl: 1280.11 tp: 0.00 -> sl: 1279.63 tp: 0.00
0	23:56:31.437	'120010550': order #10938703 sell 0.01 XAUUSD. at 1283.24 was modified -> sl: 1279.63 tp: 0.00
0	23:56:34.202	'120010550': modify order #10936778 sell 0.01 XAUUSD. at 1285.21 sl: 1280.39 tp: 0.00 -> sl: 1279.68 tp: 0.00
0	23:56:34.831	'120010550': order #10936778 sell 0.01 XAUUSD. at 1285.21 was modified -> sl: 1279.68 tp: 0.00
0	23:56:38.014	'120010550': modify order #10936780 sell 0.01 XAUUSD. at 1285.93 sl: 1282.25 tp: 1270.46 -> sl: 1281.80 tp: 1270.46
0	23:56:38.274	'120010550': order #10936780 sell 0.01 XAUUSD. at 1285.93 was modified -> sl: 1281.80 tp: 1270.46
0	23:56:44.831	'120010550': modify order #10936779 sell 0.01 XAGUSD. at 14.572 sl: 14.505 tp: 0.000 -> sl: 14.490 tp: 0.000
0	23:56:45.854	'120010550': order #10936779 sell 0.01 XAGUSD. at 14.572 was modified -> sl: 14.490 tp: 0.000
0	23:56:49.879	'120010550': modify order #10936804 sell 0.01 XAGUSD. at 14.535 sl: 14.508 tp: 0.000 -> sl: 14.488 tp: 0.000
0	23:56:50.893	'120010550': order #10936804 sell 0.01 XAGUSD. at 14.535 was modified -> sl: 14.488 tp: 0.000
0	23:56:53.014	'120010550': modify order #10937940 sell 0.01 XAGUSD. at 14.480 sl: 0.000 tp: 0.000 -> sl: 14.637 tp: 0.000
0	23:56:53.486	'120010550': order #10937940 sell 0.01 XAGUSD. at 14.480 was modified -> sl: 14.637 tp: 0.000
0	23:56:56.604	'120010550': modify order #10937940 sell 0.01 XAGUSD. at 14.480 sl: 14.637 tp: 0.000 -> sl: 14.470 tp: 0.000
0	23:56:57.901	'120010550': order #10937940 sell 0.01 XAGUSD. at 14.480 was modified -> sl: 14.470 tp: 0.000
0	23:57:03.360	'120010550': modify order #10903700 sell 0.01 XAGUSD. at 14.610 sl: 14.544 tp: 14.313 -> sl: 14.517 tp: 14.313
0	23:57:03.924	'120010550': order #10903700 sell 0.01 XAGUSD. at 14.610 was modified -> sl: 14.517 tp: 14.313
0	23:57:53.881	'120010550': modify order #10934725 sell 0.02 AUDUSD. at 0.69052 sl: 0.68990 tp: 0.00000 -> sl: 0.68965 tp: 0.00000
0	23:57:54.253	'120010550': order #10934725 sell 0.02 AUDUSD. at 0.69052 was modified -> sl: 0.68965 tp: 0.00000
0	23:58:24.244	'120010550': modify order #10936816 sell 0.01 EURUSD. at 1.11746 sl: 0.00000 tp: 0.00000 -> sl: 1.11785 tp: 0.00000
0	23:58:24.927	'120010550': order #10936816 sell 0.01 EURUSD. at 1.11746 was modified -> sl: 1.11785 tp: 0.00000
0	23:58:29.489	'120010550': modify order #10936816 sell 0.01 EURUSD. at 1.11746 sl: 1.11785 tp: 0.00000 -> sl: 1.11680 tp: 0.00000
0	23:58:29.915	'120010550': order #10936816 sell 0.01 EURUSD. at 1.11746 was modified -> sl: 1.11680 tp: 0.00000
0	23:59:25.819	'120010550': modify order #10939038 sell 0.01 XAUUSD. at 1277.65 sl: 0.00 tp: 1272.90 -> sl: 1288.78 tp: 1272.90
0	23:59:26.870	'120010550': order #10939038 sell 0.01 XAUUSD. at 1277.65 was modified -> sl: 1288.78 tp: 1272.90
0	23:59:30.068	'120010550': modify order #10939038 sell 0.01 XAUUSD. at 1277.65 sl: 1288.78 tp: 1272.90 -> sl: 1277.15 tp: 1272.90
0	23:59:30.322	'120010550': order #10939038 sell 0.01 XAUUSD. at 1277.65 was modified -> sl: 1277.15 tp: 1272.90
