2	01:33:45.272	Custom indicator Laguerre-ACS1 USDJPY,H4: removed
2	01:33:45.282	Custom indicator MACD USDJPY,H4: removed
2	01:33:45.291	Custom indicator Laguerre-ACS1 EURJPY,H4: removed
2	01:33:45.298	Custom indicator MACD EURJPY,H4: removed
2	01:33:45.307	Custom indicator Laguerre-ACS1 EURUSD,H4: removed
2	01:33:45.313	Custom indicator MACD EURUSD,H4: removed
2	01:33:45.327	Custom indicator Laguerre-ACS1 GBPUSD,H1: removed
2	01:33:45.334	Custom indicator MACD GBPUSD,H1: removed
2	01:33:45.391	Custom indicator Laguerre-ACS1 GBPJPY,H1: removed
2	01:33:45.397	Custom indicator MACD GBPJPY,H1: removed
2	01:33:45.454	Custom indicator Laguerre-ACS1 JP225,H1: removed
2	01:33:45.460	Custom indicator MACD JP225,H1: removed
2	01:33:45.524	Custom indicator Laguerre-ACS1 NDX100,H4: removed
2	01:33:45.529	Custom indicator MACD NDX100,H4: removed
2	01:33:45.580	Custom indicator Laguerre-ACS1 SPX500,H4: removed
2	01:33:45.589	Custom indicator MACD SPX500,H4: removed
2	01:33:45.601	Custom indicator Laguerre-ACS1 A50,H4: removed
2	01:33:45.607	Custom indicator MACD A50,H4: removed
2	01:33:45.680	Custom indicator Laguerre-ACS1 CHINA300,H4: removed
2	01:33:45.687	Custom indicator MACD CHINA300,H4: removed
2	01:33:45.784	Custom indicator Laguerre-ACS1 XAUUSD,Daily: removed
2	01:33:45.790	Custom indicator MACD XAUUSD,Daily: removed
2	01:33:45.815	Custom indicator Laguerre-ACS1 US_OIL,Daily: removed
2	01:33:45.819	Custom indicator MACD US_OIL,Daily: removed
0	01:33:46.460	FX Trader build 1170 stopped
0	23:01:33.526	FX Trader build 1170 started (Performance Ronnaru Capital Ltd.)
0	23:01:33.526	Windows 10 Home x64, IE 11, UAC, 8 x Intel Core i7-6700HQ  @ 2.60GHz, Memory: 26651 / 32639 Mb, Disk: 149 / 264 Gb, GMT+9
0	23:01:33.526	Data Folder: C:\Users\tiany\AppData\Roaming\MetaQuotes\Terminal\79214103E7A6FC97F86082D309D0B84B
2	23:01:35.230	Custom indicator 小鱼\Laguerre-ACS1 USDJPY,H4: loaded successfully
2	23:01:35.240	Custom indicator MACD USDJPY,H4: loaded successfully
2	23:01:35.349	Custom indicator 小鱼\Laguerre-ACS1 EURJPY,H4: loaded successfully
2	23:01:35.359	Custom indicator MACD EURJPY,H4: loaded successfully
2	23:01:35.465	Custom indicator 小鱼\Laguerre-ACS1 EURUSD,H4: loaded successfully
2	23:01:35.475	Custom indicator MACD EURUSD,H4: loaded successfully
2	23:01:35.583	Custom indicator 小鱼\Laguerre-ACS1 GBPUSD,H1: loaded successfully
2	23:01:35.593	Custom indicator MACD GBPUSD,H1: loaded successfully
2	23:01:35.700	Custom indicator 小鱼\Laguerre-ACS1 GBPJPY,H1: loaded successfully
2	23:01:35.710	Custom indicator MACD GBPJPY,H1: loaded successfully
2	23:01:35.831	Custom indicator 小鱼\Laguerre-ACS1 JP225,H1: loaded successfully
2	23:01:35.842	Custom indicator MACD JP225,H1: loaded successfully
2	23:01:35.956	Custom indicator 小鱼\Laguerre-ACS1 NDX100,H4: loaded successfully
2	23:01:35.967	Custom indicator MACD NDX100,H4: loaded successfully
2	23:01:36.080	Custom indicator 小鱼\Laguerre-ACS1 SPX500,H4: loaded successfully
2	23:01:36.090	Custom indicator MACD SPX500,H4: loaded successfully
2	23:01:36.202	Custom indicator 小鱼\Laguerre-ACS1 A50,H4: loaded successfully
2	23:01:36.212	Custom indicator MACD A50,H4: loaded successfully
2	23:01:36.378	Custom indicator 小鱼\Laguerre-ACS1 CHINA300,H4: loaded successfully
2	23:01:36.391	Custom indicator MACD CHINA300,H4: loaded successfully
2	23:01:36.498	Custom indicator 小鱼\Laguerre-ACS1 XAUUSD,Daily: loaded successfully
2	23:01:36.508	Custom indicator MACD XAUUSD,Daily: loaded successfully
2	23:01:36.618	Custom indicator 小鱼\Laguerre-ACS1 US_OIL,Daily: loaded successfully
2	23:01:36.628	Custom indicator MACD US_OIL,Daily: loaded successfully
0	23:01:37.733	'120010550': login on PRC-Live through Server 3 (ping: 49.85 ms)
0	23:01:38.471	'120010550': login datacenter on PRC-Live through Server 3 (ping: 49.85 ms)
0	23:01:38.753	'120010550': previous successful authorization performed from 106.181.138.54
0	23:01:55.085	'120010550': ping to current access point Server 3 is 39.90 ms
