0	00:27:16.832	'120010550': modify order #10961494 sell 0.01 SPX500 at 2786.5 sl: 2866.1 tp: 2771.0 -> sl: 2866.1 tp: 2547.0
1	00:27:16.976	'120010550': modification of order #10961494 sell 0.01 SPX500 at 2786.5 sl: 2866.1 tp: 2771.0 -> sl: 2866.1 tp: 2547.0 failed [Modification denied. Order too close to market]
0	00:27:20.564	'120010550': modify order #10961494 sell 0.01 SPX500 at 2786.5 sl: 2866.1 tp: 2771.0 -> sl: 2866.1 tp: 2717.5
1	00:27:20.675	'120010550': modification of order #10961494 sell 0.01 SPX500 at 2786.5 sl: 2866.1 tp: 2771.0 -> sl: 2866.1 tp: 2717.5 failed [Modification denied. Order too close to market]
0	00:27:22.551	'120010550': modify order #10961494 sell 0.01 SPX500 at 2786.5 sl: 2866.1 tp: 2771.0 -> sl: 2866.1 tp: 2693.7
1	00:27:22.707	'120010550': modification of order #10961494 sell 0.01 SPX500 at 2786.5 sl: 2866.1 tp: 2771.0 -> sl: 2866.1 tp: 2693.7 failed [Modification denied. Order too close to market]
0	00:27:25.035	'120010550': modify order #10961494 sell 0.01 SPX500 at 2786.5 sl: 2866.1 tp: 2771.0 -> sl: 2866.1 tp: 2705.6
1	00:27:25.222	'120010550': modification of order #10961494 sell 0.01 SPX500 at 2786.5 sl: 2866.1 tp: 2771.0 -> sl: 2866.1 tp: 2705.6 failed [Modification denied. Order too close to market]
0	00:28:25.978	'120010550': modify order #10961494 sell 0.01 SPX500 at 2786.5 sl: 2866.1 tp: 2771.0 -> sl: 2866.1 tp: 2693.7
1	00:28:26.130	'120010550': modification of order #10961494 sell 0.01 SPX500 at 2786.5 sl: 2866.1 tp: 2771.0 -> sl: 2866.1 tp: 2693.7 failed [Modification denied. Order too close to market]
0	00:29:22.646	'120010550': modify order #10956469 sell 0.02 EURUSD. at 1.11949 sl: 1.11675 tp: 1.11000 -> sl: 1.11675 tp: 1.10903
0	00:29:23.218	'120010550': order #10956469 sell 0.02 EURUSD. at 1.11949 was modified -> sl: 1.11675 tp: 1.10903
0	00:29:30.056	'120010550': modify order #10956469 sell 0.02 EURUSD. at 1.11949 sl: 1.11675 tp: 1.10903 -> sl: 1.11675 tp: 1.10438
0	00:29:31.001	'120010550': order #10956469 sell 0.02 EURUSD. at 1.11949 was modified -> sl: 1.11675 tp: 1.10438
0	00:29:40.261	'120010550': order sell market 0.02 EURUSD. sl: 0.00000 tp: 0.00000
0	00:29:41.037	'120010550': order was opened : #10962219 sell 0.02 EURUSD. at 1.11276 sl: 0.00000 tp: 0.00000
0	00:31:27.182	'120010550': modify order #10961494 sell 0.01 SPX500 at 2786.5 sl: 2866.1 tp: 2771.0 -> sl: 2866.1 tp: 2704.6
1	00:31:27.358	'120010550': modification of order #10961494 sell 0.01 SPX500 at 2786.5 sl: 2866.1 tp: 2771.0 -> sl: 2866.1 tp: 2704.6 failed [Modification denied. Order too close to market]
0	00:31:29.314	'120010550': modify order #10961494 sell 0.01 SPX500 at 2786.5 sl: 2866.1 tp: 2771.0 -> sl: 2866.1 tp: 2749.2
1	00:31:29.489	'120010550': modification of order #10961494 sell 0.01 SPX500 at 2786.5 sl: 2866.1 tp: 2771.0 -> sl: 2866.1 tp: 2749.2 failed [Modification denied. Order too close to market]
0	00:31:55.145	'120010550': order sell market 0.01 SPX500 sl: 0.0 tp: 0.0
0	00:31:55.351	'120010550': order was opened : #10962225 sell 0.01 SPX500 at 2778.4 sl: 0.0 tp: 0.0
1	00:32:00.000	'120010550': modification of order #10961494 sell 0.01 SPX500 at 2786.5 sl: 2866.1 tp: 2771.0 -> sl: 2783.2 tp: 2771.0 failed [Invalid S/L or T/P]
0	00:32:02.478	'120010550': modify order #10961494 sell 0.01 SPX500 at 2786.5 sl: 2866.1 tp: 2771.0 -> sl: 2826.3 tp: 2771.0
1	00:32:02.620	'120010550': modification of order #10961494 sell 0.01 SPX500 at 2786.5 sl: 2866.1 tp: 2771.0 -> sl: 2826.3 tp: 2771.0 failed [Modification denied. Order too close to market]
0	00:32:07.849	'120010550': modify order #10961494 sell 0.01 SPX500 at 2786.5 sl: 2866.1 tp: 2771.0 -> sl: 2832.7 tp: 2771.0
1	00:32:08.042	'120010550': modification of order #10961494 sell 0.01 SPX500 at 2786.5 sl: 2866.1 tp: 2771.0 -> sl: 2832.7 tp: 2771.0 failed [Modification denied. Order too close to market]
1	00:32:10.725	'120010550': modification of order #10961494 sell 0.01 SPX500 at 2786.5 sl: 2866.1 tp: 2771.0 -> sl: 2783.2 tp: 2771.0 failed [Invalid S/L or T/P]
0	00:32:15.923	'120010550': modify order #10961494 sell 0.01 SPX500 at 2786.5 sl: 2866.1 tp: 2771.0 -> sl: 2866.1 tp: 2739.3
1	00:32:16.077	'120010550': modification of order #10961494 sell 0.01 SPX500 at 2786.5 sl: 2866.1 tp: 2771.0 -> sl: 2866.1 tp: 2739.3 failed [Modification denied. Order too close to market]
0	00:33:38.113	'120010550': modify order #10956469 sell 0.02 EURUSD. at 1.11949 sl: 1.11675 tp: 1.10438 -> sl: 1.11573 tp: 1.10438
0	00:33:38.589	'120010550': order #10956469 sell 0.02 EURUSD. at 1.11949 was modified -> sl: 1.11573 tp: 1.10438
0	00:33:40.927	'120010550': modify order #10956469 sell 0.02 EURUSD. at 1.11949 sl: 1.11573 tp: 1.10438 -> sl: 1.11577 tp: 1.10438
0	00:33:41.995	'120010550': order #10956469 sell 0.02 EURUSD. at 1.11949 was modified -> sl: 1.11577 tp: 1.10438
0	00:36:56.189	'120010550': order sell market 0.01 GBPUSD. sl: 0.00000 tp: 0.00000
0	00:36:57.036	'120010550': order was opened : #10962231 sell 0.01 GBPUSD. at 1.26122 sl: 0.00000 tp: 0.00000
0	00:37:16.118	'120010550': modify order #10956469 sell 0.02 EURUSD. at 1.11949 sl: 1.11577 tp: 1.10438 -> sl: 1.11559 tp: 1.10438
0	00:37:17.062	'120010550': order #10956469 sell 0.02 EURUSD. at 1.11949 was modified -> sl: 1.11559 tp: 1.10438
0	00:42:43.845	'120010550': order #10961494 sell 0.01 SPX500 at 2786.5 closed due take-profit at price 2771.0
0	00:43:06.080	'120010550': order sell market 0.01 JP225 sl: 0 tp: 0
0	00:43:10.125	'120010550': order was opened : #10962238 sell 0.01 JP225 at 20765 sl: 0 tp: 0
0	00:43:25.606	'120010550': order sell market 0.01 US_OIL sl: 0.00 tp: 0.00
0	00:43:25.939	'120010550': order was opened : #10962239 sell 0.01 US_OIL at 56.70 sl: 0.00 tp: 0.00
0	02:04:03.674	'120010550': modify order #10962219 sell 0.02 EURUSD. at 1.11276 sl: 0.00000 tp: 0.00000 -> sl: 0.00000 tp: 1.11246
0	02:04:04.294	'120010550': order #10962219 sell 0.02 EURUSD. at 1.11276 was modified -> sl: 0.00000 tp: 1.11246
0	02:04:07.553	'120010550': modify order #10956469 sell 0.02 EURUSD. at 1.11949 sl: 1.11559 tp: 1.10438 -> sl: 1.11545 tp: 1.10438
0	02:04:08.118	'120010550': order #10956469 sell 0.02 EURUSD. at 1.11949 was modified -> sl: 1.11545 tp: 1.10438
0	02:05:14.897	'120010550': modify order #10962239 sell 0.01 US_OIL at 56.70 sl: 0.00 tp: 0.00 -> sl: 0.00 tp: 56.51
0	02:05:16.039	'120010550': order #10962239 sell 0.01 US_OIL at 56.70 was modified -> sl: 0.00 tp: 56.51
2	02:09:56.590	Custom indicator SupResZone_MTF USDXXX,H4: removed
2	02:09:56.590	Custom indicator SupResZone_MTF USDXXX,H4: removed
2	02:09:56.600	Custom indicator SupResZone_MTF USDXXX,H4: removed
2	02:09:56.601	Custom indicator SupResZone_MTF USDXXX,H4: removed
2	02:09:56.603	Custom indicator MACD-2x USDXXX,H4: removed
2	02:09:56.604	Custom indicator Laguerre-ACS1 USDXXX,H4: removed
2	02:09:56.637	Custom indicator SupResZone_MTF XAUUSD.,H1: removed
2	02:09:56.639	Custom indicator SupResZone_MTF XAUUSD.,H1: removed
2	02:09:56.641	Custom indicator SupResZone_MTF XAUUSD.,H1: removed
2	02:09:56.644	Custom indicator SupResZone_MTF XAUUSD.,H1: removed
2	02:09:56.645	Custom indicator MACD-2x XAUUSD.,H1: removed
2	02:09:56.645	Custom indicator Laguerre-ACS1 XAUUSD.,H1: removed
2	02:09:56.645	Custom indicator WBR XAUUSD.,H1: removed
2	02:09:56.670	Custom indicator SupResZone_MTF XAGUSD.,H1: removed
2	02:09:56.672	Custom indicator SupResZone_MTF XAGUSD.,H1: removed
2	02:09:56.676	Custom indicator SupResZone_MTF XAGUSD.,H1: removed
2	02:09:56.678	Custom indicator SupResZone_MTF XAGUSD.,H1: removed
2	02:09:56.679	Custom indicator MACD-2x XAGUSD.,H1: removed
2	02:09:56.679	Custom indicator Laguerre-ACS1 XAGUSD.,H1: removed
2	02:09:56.702	Custom indicator SupResZone_MTF US_OIL,H4: removed
2	02:09:56.703	Custom indicator SupResZone_MTF US_OIL,H4: removed
2	02:09:56.704	Custom indicator SupResZone_MTF US_OIL,H4: removed
2	02:09:56.706	Custom indicator SupResZone_MTF US_OIL,H4: removed
2	02:09:56.709	Custom indicator MACD-2x US_OIL,H4: removed
2	02:09:56.709	Custom indicator Laguerre-ACS1 US_OIL,H4: removed
2	02:09:56.709	Custom indicator WBR US_OIL,H4: removed
2	02:09:56.732	Custom indicator SupResZone_MTF JP225,H4: removed
2	02:09:56.734	Custom indicator SupResZone_MTF JP225,H4: removed
2	02:09:56.735	Custom indicator SupResZone_MTF JP225,H4: removed
2	02:09:56.737	Custom indicator SupResZone_MTF JP225,H4: removed
2	02:09:56.740	Custom indicator MACD-2x JP225,H4: removed
2	02:09:56.740	Custom indicator Laguerre-ACS1 JP225,H4: removed
2	02:09:56.759	Custom indicator SupResZone_MTF SPX500,H1: removed
2	02:09:56.761	Custom indicator SupResZone_MTF SPX500,H1: removed
2	02:09:56.763	Custom indicator SupResZone_MTF SPX500,H1: removed
2	02:09:56.764	Custom indicator SupResZone_MTF SPX500,H1: removed
2	02:09:56.766	Custom indicator MACD-2x SPX500,H1: removed
2	02:09:56.766	Custom indicator Laguerre-ACS1 SPX500,H1: removed
2	02:09:56.789	Custom indicator SupResZone_MTF EURAUD.,H4: removed
2	02:09:56.791	Custom indicator SupResZone_MTF EURAUD.,H4: removed
2	02:09:56.792	Custom indicator SupResZone_MTF EURAUD.,H4: removed
2	02:09:56.794	Custom indicator SupResZone_MTF EURAUD.,H4: removed
2	02:09:56.795	Custom indicator MACD-2x EURAUD.,H4: removed
2	02:09:56.795	Custom indicator Laguerre-ACS1 EURAUD.,H4: removed
2	02:09:56.801	Custom indicator SupResZone_MTF AUDJPY.,H4: removed
2	02:09:56.803	Custom indicator SupResZone_MTF AUDJPY.,H4: removed
2	02:09:56.804	Custom indicator SupResZone_MTF AUDJPY.,H4: removed
2	02:09:56.806	Custom indicator SupResZone_MTF AUDJPY.,H4: removed
2	02:09:56.808	Custom indicator MACD-2x AUDJPY.,H4: removed
2	02:09:56.808	Custom indicator Laguerre-ACS1 AUDJPY.,H4: removed
2	02:09:56.825	Custom indicator SupResZone_MTF AUDUSD.,H4: removed
2	02:09:56.827	Custom indicator SupResZone_MTF AUDUSD.,H4: removed
2	02:09:56.828	Custom indicator SupResZone_MTF AUDUSD.,H4: removed
2	02:09:56.830	Custom indicator SupResZone_MTF AUDUSD.,H4: removed
2	02:09:56.831	Custom indicator MACD-2x AUDUSD.,H4: removed
2	02:09:56.832	Custom indicator Laguerre-ACS1 AUDUSD.,H4: removed
2	02:09:56.850	Custom indicator SupResZone_MTF USDJPY.,H1: removed
2	02:09:56.852	Custom indicator SupResZone_MTF USDJPY.,H1: removed
2	02:09:56.853	Custom indicator SupResZone_MTF USDJPY.,H1: removed
2	02:09:56.855	Custom indicator SupResZone_MTF USDJPY.,H1: removed
2	02:09:56.857	Custom indicator MACD-2x USDJPY.,H1: removed
2	02:09:56.857	Custom indicator Laguerre-ACS1 USDJPY.,H1: removed
2	02:09:56.874	Custom indicator SupResZone_MTF EURJPY.,H1: removed
2	02:09:56.876	Custom indicator SupResZone_MTF EURJPY.,H1: removed
2	02:09:56.878	Custom indicator SupResZone_MTF EURJPY.,H1: removed
2	02:09:56.879	Custom indicator SupResZone_MTF EURJPY.,H1: removed
2	02:09:56.880	Custom indicator MACD-2x EURJPY.,H1: removed
2	02:09:56.880	Custom indicator Laguerre-ACS1 EURJPY.,H1: removed
2	02:09:56.899	Custom indicator SupResZone_MTF EURUSD.,H1: removed
2	02:09:56.901	Custom indicator SupResZone_MTF EURUSD.,H1: removed
2	02:09:56.902	Custom indicator SupResZone_MTF EURUSD.,H1: removed
2	02:09:56.904	Custom indicator SupResZone_MTF EURUSD.,H1: removed
2	02:09:56.905	Custom indicator MACD-2x EURUSD.,H1: removed
2	02:09:56.905	Custom indicator Laguerre-ACS1 EURUSD.,H1: removed
2	02:09:56.921	Custom indicator SupResZone_MTF GBPUSD.,H4: removed
2	02:09:56.923	Custom indicator SupResZone_MTF GBPUSD.,H4: removed
2	02:09:56.925	Custom indicator SupResZone_MTF GBPUSD.,H4: removed
2	02:09:56.927	Custom indicator SupResZone_MTF GBPUSD.,H4: removed
2	02:09:56.929	Custom indicator MACD-2x GBPUSD.,H4: removed
2	02:09:56.929	Custom indicator Laguerre-ACS1 GBPUSD.,H4: removed
2	02:09:56.946	Custom indicator SupResZone_MTF USDCAD.,H4: removed
2	02:09:56.948	Custom indicator SupResZone_MTF USDCAD.,H4: removed
2	02:09:56.949	Custom indicator SupResZone_MTF USDCAD.,H4: removed
2	02:09:56.950	Custom indicator SupResZone_MTF USDCAD.,H4: removed
2	02:09:56.952	Custom indicator MACD-2x USDCAD.,H4: removed
2	02:09:56.952	Custom indicator Laguerre-ACS1 USDCAD.,H4: removed
2	02:09:56.969	Custom indicator SupResZone_MTF USDCHF.,H4: removed
2	02:09:56.970	Custom indicator SupResZone_MTF USDCHF.,H4: removed
2	02:09:56.972	Custom indicator SupResZone_MTF USDCHF.,H4: removed
2	02:09:56.973	Custom indicator SupResZone_MTF USDCHF.,H4: removed
2	02:09:56.975	Custom indicator MACD-2x USDCHF.,H4: removed
2	02:09:56.975	Custom indicator Laguerre-ACS1 USDCHF.,H4: removed
2	02:09:56.982	Custom indicator MACD-2x USDCNH,Daily: removed
2	02:09:56.984	Custom indicator MACD-2x USDCNH,Daily: removed
2	02:09:56.984	Custom indicator Laguerre-ACS1 USDCNH,Daily: removed
2	02:09:56.993	Custom indicator GMMA Long USDJPY.,H1: removed
2	02:09:56.995	Custom indicator GMMA Short USDJPY.,H1: removed
2	02:09:56.996	Custom indicator 23MTF_MovingAverageIGOR USDJPY.,H1: removed
2	02:09:56.998	Custom indicator 23MTF_MovingAverageIGOR USDJPY.,H1: removed
2	02:09:57.000	Custom indicator SupResZone_MTF USDJPY.,H1: removed
2	02:09:57.001	Custom indicator SupResZone_MTF USDJPY.,H1: removed
2	02:09:57.003	Custom indicator MACD-2x USDJPY.,H1: removed
0	02:09:57.419	FX Trader build 1170 stopped
0	02:10:27.705	FX Trader build 1170 started (Performance Ronnaru Capital Ltd.)
0	02:10:27.706	Windows 10 Home x64, IE 11, UAC, 8 x Intel Core i7-6700HQ  @ 2.60GHz, Memory: 23886 / 32639 Mb, Disk: 139 / 264 Gb, GMT+9
0	02:10:27.706	Data Folder: C:\Users\tiany\AppData\Roaming\MetaQuotes\Terminal\79214103E7A6FC97F86082D309D0B84B
2	02:10:29.584	Custom indicator SupResZone_MTF USDXXX,H4: loaded successfully
2	02:10:29.596	Custom indicator SupResZone_MTF USDXXX,H4: loaded successfully
2	02:10:29.607	Custom indicator SupResZone_MTF USDXXX,H4: loaded successfully
2	02:10:29.618	Custom indicator SupResZone_MTF USDXXX,H4: loaded successfully
2	02:10:29.632	Custom indicator MACD-2x USDXXX,H4: loaded successfully
2	02:10:29.706	Custom indicator Laguerre-ACS1 USDXXX,H4: loaded successfully
2	02:10:29.884	Custom indicator SupResZone_MTF XAUUSD.,H1: loaded successfully
2	02:10:29.895	Custom indicator SupResZone_MTF XAUUSD.,H1: loaded successfully
2	02:10:29.906	Custom indicator SupResZone_MTF XAUUSD.,H1: loaded successfully
2	02:10:29.916	Custom indicator SupResZone_MTF XAUUSD.,H1: loaded successfully
2	02:10:29.926	Custom indicator MACD-2x XAUUSD.,H1: loaded successfully
2	02:10:30.003	Custom indicator Laguerre-ACS1 XAUUSD.,H1: loaded successfully
2	02:10:30.022	Custom indicator WBR XAUUSD.,H1: loaded successfully
2	02:10:30.355	Custom indicator SupResZone_MTF XAGUSD.,H1: loaded successfully
2	02:10:30.366	Custom indicator SupResZone_MTF XAGUSD.,H1: loaded successfully
2	02:10:30.377	Custom indicator SupResZone_MTF XAGUSD.,H1: loaded successfully
2	02:10:30.388	Custom indicator SupResZone_MTF XAGUSD.,H1: loaded successfully
2	02:10:30.399	Custom indicator MACD-2x XAGUSD.,H1: loaded successfully
2	02:10:30.478	Custom indicator Laguerre-ACS1 XAGUSD.,H1: loaded successfully
2	02:10:30.681	Custom indicator SupResZone_MTF US_OIL,H4: loaded successfully
2	02:10:30.692	Custom indicator SupResZone_MTF US_OIL,H4: loaded successfully
2	02:10:30.703	Custom indicator SupResZone_MTF US_OIL,H4: loaded successfully
2	02:10:30.713	Custom indicator SupResZone_MTF US_OIL,H4: loaded successfully
2	02:10:30.726	Custom indicator MACD-2x US_OIL,H4: loaded successfully
2	02:10:30.799	Custom indicator Laguerre-ACS1 US_OIL,H4: loaded successfully
2	02:10:30.815	Custom indicator WBR US_OIL,H4: loaded successfully
2	02:10:31.090	Custom indicator SupResZone_MTF JP225,H4: loaded successfully
2	02:10:31.102	Custom indicator SupResZone_MTF JP225,H4: loaded successfully
2	02:10:31.112	Custom indicator SupResZone_MTF JP225,H4: loaded successfully
2	02:10:31.122	Custom indicator SupResZone_MTF JP225,H4: loaded successfully
2	02:10:31.132	Custom indicator MACD-2x JP225,H4: loaded successfully
2	02:10:31.208	Custom indicator Laguerre-ACS1 JP225,H4: loaded successfully
2	02:10:31.418	Custom indicator SupResZone_MTF SPX500,H1: loaded successfully
2	02:10:31.430	Custom indicator SupResZone_MTF SPX500,H1: loaded successfully
2	02:10:31.441	Custom indicator SupResZone_MTF SPX500,H1: loaded successfully
2	02:10:31.452	Custom indicator SupResZone_MTF SPX500,H1: loaded successfully
2	02:10:31.462	Custom indicator MACD-2x SPX500,H1: loaded successfully
2	02:10:31.547	Custom indicator Laguerre-ACS1 SPX500,H1: loaded successfully
2	02:10:31.784	Custom indicator SupResZone_MTF EURAUD.,H4: loaded successfully
2	02:10:31.795	Custom indicator SupResZone_MTF EURAUD.,H4: loaded successfully
2	02:10:31.806	Custom indicator SupResZone_MTF EURAUD.,H4: loaded successfully
2	02:10:31.816	Custom indicator SupResZone_MTF EURAUD.,H4: loaded successfully
2	02:10:31.827	Custom indicator MACD-2x EURAUD.,H4: loaded successfully
2	02:10:31.905	Custom indicator Laguerre-ACS1 EURAUD.,H4: loaded successfully
2	02:10:32.092	Custom indicator SupResZone_MTF AUDJPY.,H4: loaded successfully
2	02:10:32.105	Custom indicator SupResZone_MTF AUDJPY.,H4: loaded successfully
2	02:10:32.116	Custom indicator SupResZone_MTF AUDJPY.,H4: loaded successfully
2	02:10:32.127	Custom indicator SupResZone_MTF AUDJPY.,H4: loaded successfully
2	02:10:32.137	Custom indicator MACD-2x AUDJPY.,H4: loaded successfully
2	02:10:32.216	Custom indicator Laguerre-ACS1 AUDJPY.,H4: loaded successfully
2	02:10:32.406	Custom indicator SupResZone_MTF AUDUSD.,H4: loaded successfully
2	02:10:32.418	Custom indicator SupResZone_MTF AUDUSD.,H4: loaded successfully
2	02:10:32.428	Custom indicator SupResZone_MTF AUDUSD.,H4: loaded successfully
2	02:10:32.439	Custom indicator SupResZone_MTF AUDUSD.,H4: loaded successfully
2	02:10:32.450	Custom indicator MACD-2x AUDUSD.,H4: loaded successfully
2	02:10:32.528	Custom indicator Laguerre-ACS1 AUDUSD.,H4: loaded successfully
2	02:10:32.718	Custom indicator SupResZone_MTF USDJPY.,H1: loaded successfully
2	02:10:32.729	Custom indicator SupResZone_MTF USDJPY.,H1: loaded successfully
2	02:10:32.740	Custom indicator SupResZone_MTF USDJPY.,H1: loaded successfully
2	02:10:32.750	Custom indicator SupResZone_MTF USDJPY.,H1: loaded successfully
2	02:10:32.761	Custom indicator MACD-2x USDJPY.,H1: loaded successfully
2	02:10:32.840	Custom indicator Laguerre-ACS1 USDJPY.,H1: loaded successfully
2	02:10:33.066	Custom indicator SupResZone_MTF EURJPY.,H1: loaded successfully
2	02:10:33.077	Custom indicator SupResZone_MTF EURJPY.,H1: loaded successfully
2	02:10:33.088	Custom indicator SupResZone_MTF EURJPY.,H1: loaded successfully
2	02:10:33.100	Custom indicator SupResZone_MTF EURJPY.,H1: loaded successfully
2	02:10:33.110	Custom indicator MACD-2x EURJPY.,H1: loaded successfully
2	02:10:33.189	Custom indicator Laguerre-ACS1 EURJPY.,H1: loaded successfully
2	02:10:33.424	Custom indicator SupResZone_MTF EURUSD.,H1: loaded successfully
2	02:10:33.435	Custom indicator SupResZone_MTF EURUSD.,H1: loaded successfully
2	02:10:33.445	Custom indicator SupResZone_MTF EURUSD.,H1: loaded successfully
2	02:10:33.455	Custom indicator SupResZone_MTF EURUSD.,H1: loaded successfully
2	02:10:33.465	Custom indicator MACD-2x EURUSD.,H1: loaded successfully
2	02:10:33.543	Custom indicator Laguerre-ACS1 EURUSD.,H1: loaded successfully
2	02:10:33.773	Custom indicator SupResZone_MTF GBPUSD.,H4: loaded successfully
2	02:10:33.784	Custom indicator SupResZone_MTF GBPUSD.,H4: loaded successfully
2	02:10:33.794	Custom indicator SupResZone_MTF GBPUSD.,H4: loaded successfully
2	02:10:33.804	Custom indicator SupResZone_MTF GBPUSD.,H4: loaded successfully
2	02:10:33.814	Custom indicator MACD-2x GBPUSD.,H4: loaded successfully
2	02:10:33.883	Custom indicator Laguerre-ACS1 GBPUSD.,H4: loaded successfully
2	02:10:34.100	Custom indicator SupResZone_MTF USDCAD.,H4: loaded successfully
2	02:10:34.111	Custom indicator SupResZone_MTF USDCAD.,H4: loaded successfully
2	02:10:34.122	Custom indicator SupResZone_MTF USDCAD.,H4: loaded successfully
2	02:10:34.134	Custom indicator SupResZone_MTF USDCAD.,H4: loaded successfully
2	02:10:34.144	Custom indicator MACD-2x USDCAD.,H4: loaded successfully
2	02:10:34.221	Custom indicator Laguerre-ACS1 USDCAD.,H4: loaded successfully
2	02:10:34.405	Custom indicator SupResZone_MTF USDCHF.,H4: loaded successfully
2	02:10:34.416	Custom indicator SupResZone_MTF USDCHF.,H4: loaded successfully
2	02:10:34.427	Custom indicator SupResZone_MTF USDCHF.,H4: loaded successfully
2	02:10:34.438	Custom indicator SupResZone_MTF USDCHF.,H4: loaded successfully
2	02:10:34.451	Custom indicator MACD-2x USDCHF.,H4: loaded successfully
2	02:10:34.526	Custom indicator Laguerre-ACS1 USDCHF.,H4: loaded successfully
2	02:10:34.716	Custom indicator MACD-2x USDCNH,Daily: loaded successfully
2	02:10:34.727	Custom indicator MACD-2x USDCNH,Daily: loaded successfully
2	02:10:34.797	Custom indicator Laguerre-ACS1 USDCNH,Daily: loaded successfully
2	02:10:34.875	Custom indicator GMMA Long USDJPY.,H1: loaded successfully
2	02:10:34.886	Custom indicator GMMA Short USDJPY.,H1: loaded successfully
2	02:10:34.896	Custom indicator 23MTF_MovingAverageIGOR USDJPY.,H1: loaded successfully
2	02:10:34.905	Custom indicator 23MTF_MovingAverageIGOR USDJPY.,H1: loaded successfully
2	02:10:34.916	Custom indicator SupResZone_MTF USDJPY.,H1: loaded successfully
2	02:10:34.926	Custom indicator SupResZone_MTF USDJPY.,H1: loaded successfully
2	02:10:34.938	Custom indicator MACD-2x USDJPY.,H1: loaded successfully
0	02:10:36.799	'120010550': login on PRC-Live through Server 3 (ping: 658.22 ms)
0	02:10:37.532	'120010550': login datacenter on PRC-Live through Server 3 (ping: 658.22 ms)
0	02:10:37.867	'120010550': previous successful authorization performed from 106.181.137.167
0	02:10:43.858	'120010550': modify order #10959519 sell 0.01 US_OIL at 57.00 sl: 0.00 tp: 0.00 -> sl: 0.00 tp: 56.51
0	02:10:44.407	'120010550': order #10959519 sell 0.01 US_OIL at 57.00 was modified -> sl: 0.00 tp: 56.51
0	02:10:49.198	'120010550': modify order #10962238 sell 0.01 JP225 at 20765 sl: 0 tp: 0 -> sl: 0 tp: 20741
0	02:10:50.009	'120010550': order #10962238 sell 0.01 JP225 at 20765 was modified -> sl: 0 tp: 20741
0	02:10:53.515	'120010550': ping to current access point Server 3 is 44.03 ms
0	02:13:14.808	'120010550': modify order #10956469 sell 0.02 EURUSD. at 1.11949 sl: 1.11545 tp: 1.10438 -> sl: 1.11525 tp: 1.10438
0	02:13:16.146	'120010550': order #10956469 sell 0.02 EURUSD. at 1.11949 was modified -> sl: 1.11525 tp: 1.10438
0	02:13:33.664	'120010550': modify order #10962219 sell 0.02 EURUSD. at 1.11276 sl: 0.00000 tp: 1.11246 -> sl: 0.00000 tp: 1.11170
0	02:13:33.966	'120010550': order #10962219 sell 0.02 EURUSD. at 1.11276 was modified -> sl: 0.00000 tp: 1.11170
0	02:13:37.700	'120010550': modify order #10956469 sell 0.02 EURUSD. at 1.11949 sl: 1.11525 tp: 1.10438 -> sl: 1.11510 tp: 1.10438
0	02:13:38.184	'120010550': order #10956469 sell 0.02 EURUSD. at 1.11949 was modified -> sl: 1.11510 tp: 1.10438
0	02:13:44.708	'120010550': modify order #10956469 sell 0.02 EURUSD. at 1.11949 sl: 1.11510 tp: 1.10438 -> sl: 1.11533 tp: 1.10438
0	02:13:45.219	'120010550': order #10956469 sell 0.02 EURUSD. at 1.11949 was modified -> sl: 1.11533 tp: 1.10438
2	02:15:31.806	Custom indicator SupResZone_MTF USDXXX,H4: removed
2	02:15:31.809	Custom indicator SupResZone_MTF USDXXX,H4: removed
2	02:15:31.813	Custom indicator SupResZone_MTF USDXXX,H4: removed
2	02:15:31.814	Custom indicator SupResZone_MTF USDXXX,H4: removed
2	02:15:31.816	Custom indicator MACD-2x USDXXX,H4: removed
2	02:15:31.816	Custom indicator Laguerre-ACS1 USDXXX,H4: removed
2	02:15:31.823	Custom indicator SupResZone_MTF XAUUSD.,H1: removed
2	02:15:31.825	Custom indicator SupResZone_MTF XAUUSD.,H1: removed
2	02:15:31.827	Custom indicator SupResZone_MTF XAUUSD.,H1: removed
2	02:15:31.830	Custom indicator SupResZone_MTF XAUUSD.,H1: removed
2	02:15:31.831	Custom indicator MACD-2x XAUUSD.,H1: removed
2	02:15:31.831	Custom indicator Laguerre-ACS1 XAUUSD.,H1: removed
2	02:15:31.831	Custom indicator WBR XAUUSD.,H1: removed
2	02:15:31.838	Custom indicator SupResZone_MTF XAGUSD.,H1: removed
2	02:15:31.839	Custom indicator SupResZone_MTF XAGUSD.,H1: removed
2	02:15:31.841	Custom indicator SupResZone_MTF XAGUSD.,H1: removed
2	02:15:31.844	Custom indicator SupResZone_MTF XAGUSD.,H1: removed
2	02:15:31.847	Custom indicator MACD-2x XAGUSD.,H1: removed
2	02:15:31.847	Custom indicator Laguerre-ACS1 XAGUSD.,H1: removed
2	02:15:31.855	Custom indicator SupResZone_MTF US_OIL,H1: removed
2	02:15:31.856	Custom indicator SupResZone_MTF US_OIL,H1: removed
2	02:15:31.858	Custom indicator SupResZone_MTF US_OIL,H1: removed
2	02:15:31.860	Custom indicator SupResZone_MTF US_OIL,H1: removed
2	02:15:31.862	Custom indicator MACD-2x US_OIL,H1: removed
2	02:15:31.863	Custom indicator Laguerre-ACS1 US_OIL,H1: removed
2	02:15:31.863	Custom indicator WBR US_OIL,H1: removed
2	02:15:31.870	Custom indicator SupResZone_MTF JP225,Daily: removed
2	02:15:31.872	Custom indicator SupResZone_MTF JP225,Daily: removed
2	02:15:31.874	Custom indicator SupResZone_MTF JP225,Daily: removed
2	02:15:31.875	Custom indicator SupResZone_MTF JP225,Daily: removed
2	02:15:31.878	Custom indicator MACD-2x JP225,Daily: removed
2	02:15:31.878	Custom indicator Laguerre-ACS1 JP225,Daily: removed
2	02:15:31.886	Custom indicator SupResZone_MTF SPX500,H1: removed
2	02:15:31.887	Custom indicator SupResZone_MTF SPX500,H1: removed
2	02:15:31.889	Custom indicator SupResZone_MTF SPX500,H1: removed
2	02:15:31.891	Custom indicator SupResZone_MTF SPX500,H1: removed
2	02:15:31.895	Custom indicator MACD-2x SPX500,H1: removed
2	02:15:31.895	Custom indicator Laguerre-ACS1 SPX500,H1: removed
2	02:15:31.921	Custom indicator SupResZone_MTF EURAUD.,H1: removed
2	02:15:31.923	Custom indicator SupResZone_MTF EURAUD.,H1: removed
2	02:15:31.924	Custom indicator SupResZone_MTF EURAUD.,H1: removed
2	02:15:31.927	Custom indicator SupResZone_MTF EURAUD.,H1: removed
2	02:15:31.929	Custom indicator MACD-2x EURAUD.,H1: removed
2	02:15:31.929	Custom indicator Laguerre-ACS1 EURAUD.,H1: removed
2	02:15:31.936	Custom indicator SupResZone_MTF AUDJPY.,H4: removed
2	02:15:31.938	Custom indicator SupResZone_MTF AUDJPY.,H4: removed
2	02:15:31.940	Custom indicator SupResZone_MTF AUDJPY.,H4: removed
2	02:15:31.941	Custom indicator SupResZone_MTF AUDJPY.,H4: removed
2	02:15:31.943	Custom indicator MACD-2x AUDJPY.,H4: removed
2	02:15:31.943	Custom indicator Laguerre-ACS1 AUDJPY.,H4: removed
2	02:15:31.951	Custom indicator SupResZone_MTF AUDUSD.,H4: removed
2	02:15:31.952	Custom indicator SupResZone_MTF AUDUSD.,H4: removed
2	02:15:31.954	Custom indicator SupResZone_MTF AUDUSD.,H4: removed
2	02:15:31.956	Custom indicator SupResZone_MTF AUDUSD.,H4: removed
2	02:15:31.958	Custom indicator MACD-2x AUDUSD.,H4: removed
2	02:15:31.958	Custom indicator Laguerre-ACS1 AUDUSD.,H4: removed
2	02:15:31.982	Custom indicator SupResZone_MTF USDJPY.,H1: removed
2	02:15:31.986	Custom indicator SupResZone_MTF USDJPY.,H1: removed
2	02:15:31.988	Custom indicator SupResZone_MTF USDJPY.,H1: removed
2	02:15:31.989	Custom indicator SupResZone_MTF USDJPY.,H1: removed
2	02:15:31.991	Custom indicator MACD-2x USDJPY.,H1: removed
2	02:15:31.991	Custom indicator Laguerre-ACS1 USDJPY.,H1: removed
2	02:15:32.013	Custom indicator SupResZone_MTF EURJPY.,H1: removed
2	02:15:32.014	Custom indicator SupResZone_MTF EURJPY.,H1: removed
2	02:15:32.016	Custom indicator SupResZone_MTF EURJPY.,H1: removed
2	02:15:32.018	Custom indicator SupResZone_MTF EURJPY.,H1: removed
2	02:15:32.019	Custom indicator MACD-2x EURJPY.,H1: removed
2	02:15:32.019	Custom indicator Laguerre-ACS1 EURJPY.,H1: removed
2	02:15:32.040	Custom indicator SupResZone_MTF EURUSD.,H1: removed
2	02:15:32.041	Custom indicator SupResZone_MTF EURUSD.,H1: removed
2	02:15:32.043	Custom indicator SupResZone_MTF EURUSD.,H1: removed
2	02:15:32.045	Custom indicator SupResZone_MTF EURUSD.,H1: removed
2	02:15:32.047	Custom indicator MACD-2x EURUSD.,H1: removed
2	02:15:32.047	Custom indicator Laguerre-ACS1 EURUSD.,H1: removed
2	02:15:32.054	Custom indicator SupResZone_MTF GBPUSD.,H4: removed
2	02:15:32.056	Custom indicator SupResZone_MTF GBPUSD.,H4: removed
2	02:15:32.058	Custom indicator SupResZone_MTF GBPUSD.,H4: removed
2	02:15:32.059	Custom indicator SupResZone_MTF GBPUSD.,H4: removed
2	02:15:32.061	Custom indicator MACD-2x GBPUSD.,H4: removed
2	02:15:32.061	Custom indicator Laguerre-ACS1 GBPUSD.,H4: removed
2	02:15:32.068	Custom indicator SupResZone_MTF USDCAD.,H4: removed
2	02:15:32.070	Custom indicator SupResZone_MTF USDCAD.,H4: removed
2	02:15:32.071	Custom indicator SupResZone_MTF USDCAD.,H4: removed
2	02:15:32.073	Custom indicator SupResZone_MTF USDCAD.,H4: removed
2	02:15:32.074	Custom indicator MACD-2x USDCAD.,H4: removed
2	02:15:32.074	Custom indicator Laguerre-ACS1 USDCAD.,H4: removed
2	02:15:32.082	Custom indicator SupResZone_MTF USDCHF.,H4: removed
2	02:15:32.084	Custom indicator SupResZone_MTF USDCHF.,H4: removed
2	02:15:32.086	Custom indicator SupResZone_MTF USDCHF.,H4: removed
2	02:15:32.087	Custom indicator SupResZone_MTF USDCHF.,H4: removed
2	02:15:32.090	Custom indicator MACD-2x USDCHF.,H4: removed
2	02:15:32.090	Custom indicator Laguerre-ACS1 USDCHF.,H4: removed
2	02:15:32.099	Custom indicator MACD-2x USDCNH,Daily: removed
2	02:15:32.100	Custom indicator MACD-2x USDCNH,Daily: removed
2	02:15:32.100	Custom indicator Laguerre-ACS1 USDCNH,Daily: removed
2	02:15:32.112	Custom indicator GMMA Long USDJPY.,H1: removed
2	02:15:32.113	Custom indicator GMMA Short USDJPY.,H1: removed
2	02:15:32.115	Custom indicator 23MTF_MovingAverageIGOR USDJPY.,H1: removed
2	02:15:32.117	Custom indicator 23MTF_MovingAverageIGOR USDJPY.,H1: removed
2	02:15:32.118	Custom indicator SupResZone_MTF USDJPY.,H1: removed
2	02:15:32.120	Custom indicator SupResZone_MTF USDJPY.,H1: removed
2	02:15:32.121	Custom indicator MACD-2x USDJPY.,H1: removed
0	02:15:32.589	FX Trader build 1170 stopped
0	09:17:10.933	FX Trader build 1170 started (Performance Ronnaru Capital Ltd.)
0	09:17:10.933	Windows 10 Home x64, IE 11, UAC, 8 x Intel Core i7-6700HQ  @ 2.60GHz, Memory: 24475 / 32639 Mb, Disk: 139 / 264 Gb, GMT+9
0	09:17:10.933	Data Folder: C:\Users\tiany\AppData\Roaming\MetaQuotes\Terminal\79214103E7A6FC97F86082D309D0B84B
2	09:17:13.605	Custom indicator SupResZone_MTF USDXXX,H4: loaded successfully
2	09:17:13.619	Custom indicator SupResZone_MTF USDXXX,H4: loaded successfully
2	09:17:13.633	Custom indicator SupResZone_MTF USDXXX,H4: loaded successfully
2	09:17:13.650	Custom indicator SupResZone_MTF USDXXX,H4: loaded successfully
2	09:17:13.673	Custom indicator MACD-2x USDXXX,H4: loaded successfully
2	09:17:13.789	Custom indicator Laguerre-ACS1 USDXXX,H4: loaded successfully
2	09:17:14.035	Custom indicator SupResZone_MTF XAUUSD.,H1: loaded successfully
2	09:17:14.047	Custom indicator SupResZone_MTF XAUUSD.,H1: loaded successfully
2	09:17:14.061	Custom indicator SupResZone_MTF XAUUSD.,H1: loaded successfully
2	09:17:14.075	Custom indicator SupResZone_MTF XAUUSD.,H1: loaded successfully
2	09:17:14.086	Custom indicator MACD-2x XAUUSD.,H1: loaded successfully
2	09:17:14.177	Custom indicator Laguerre-ACS1 XAUUSD.,H1: loaded successfully
2	09:17:14.205	Custom indicator WBR XAUUSD.,H1: loaded successfully
2	09:17:14.815	Custom indicator SupResZone_MTF XAGUSD.,H1: loaded successfully
2	09:17:14.832	Custom indicator SupResZone_MTF XAGUSD.,H1: loaded successfully
2	09:17:14.849	Custom indicator SupResZone_MTF XAGUSD.,H1: loaded successfully
2	09:17:14.866	Custom indicator SupResZone_MTF XAGUSD.,H1: loaded successfully
2	09:17:14.883	Custom indicator MACD-2x XAGUSD.,H1: loaded successfully
2	09:17:14.997	Custom indicator Laguerre-ACS1 XAGUSD.,H1: loaded successfully
2	09:17:15.366	Custom indicator SupResZone_MTF US_OIL,H1: loaded successfully
2	09:17:15.398	Custom indicator SupResZone_MTF US_OIL,H1: loaded successfully
2	09:17:15.429	Custom indicator SupResZone_MTF US_OIL,H1: loaded successfully
2	09:17:15.445	Custom indicator SupResZone_MTF US_OIL,H1: loaded successfully
2	09:17:15.460	Custom indicator MACD-2x US_OIL,H1: loaded successfully
2	09:17:15.554	Custom indicator Laguerre-ACS1 US_OIL,H1: loaded successfully
2	09:17:15.585	Custom indicator WBR US_OIL,H1: loaded successfully
2	09:17:16.241	Custom indicator SupResZone_MTF JP225,Daily: loaded successfully
2	09:17:16.257	Custom indicator SupResZone_MTF JP225,Daily: loaded successfully
2	09:17:16.273	Custom indicator SupResZone_MTF JP225,Daily: loaded successfully
2	09:17:16.288	Custom indicator SupResZone_MTF JP225,Daily: loaded successfully
2	09:17:16.304	Custom indicator MACD-2x JP225,Daily: loaded successfully
2	09:17:16.413	Custom indicator Laguerre-ACS1 JP225,Daily: loaded successfully
2	09:17:16.601	Custom indicator SupResZone_MTF SPX500,H1: loaded successfully
2	09:17:16.617	Custom indicator SupResZone_MTF SPX500,H1: loaded successfully
2	09:17:16.617	Custom indicator SupResZone_MTF SPX500,H1: loaded successfully
2	09:17:16.632	Custom indicator SupResZone_MTF SPX500,H1: loaded successfully
2	09:17:16.648	Custom indicator MACD-2x SPX500,H1: loaded successfully
2	09:17:16.757	Custom indicator Laguerre-ACS1 SPX500,H1: loaded successfully
2	09:17:17.491	Custom indicator SupResZone_MTF EURAUD.,H1: loaded successfully
2	09:17:17.491	Custom indicator SupResZone_MTF EURAUD.,H1: loaded successfully
2	09:17:17.507	Custom indicator SupResZone_MTF EURAUD.,H1: loaded successfully
2	09:17:17.523	Custom indicator SupResZone_MTF EURAUD.,H1: loaded successfully
2	09:17:17.538	Custom indicator MACD-2x EURAUD.,H1: loaded successfully
2	09:17:17.632	Custom indicator Laguerre-ACS1 EURAUD.,H1: loaded successfully
2	09:17:17.882	Custom indicator SupResZone_MTF AUDJPY.,H4: loaded successfully
2	09:17:17.898	Custom indicator SupResZone_MTF AUDJPY.,H4: loaded successfully
2	09:17:17.929	Custom indicator SupResZone_MTF AUDJPY.,H4: loaded successfully
2	09:17:17.944	Custom indicator SupResZone_MTF AUDJPY.,H4: loaded successfully
2	09:17:17.944	Custom indicator MACD-2x AUDJPY.,H4: loaded successfully
2	09:17:18.054	Custom indicator Laguerre-ACS1 AUDJPY.,H4: loaded successfully
2	09:17:18.351	Custom indicator SupResZone_MTF AUDUSD.,H4: loaded successfully
2	09:17:18.366	Custom indicator SupResZone_MTF AUDUSD.,H4: loaded successfully
2	09:17:18.382	Custom indicator SupResZone_MTF AUDUSD.,H4: loaded successfully
2	09:17:18.382	Custom indicator SupResZone_MTF AUDUSD.,H4: loaded successfully
2	09:17:18.397	Custom indicator MACD-2x AUDUSD.,H4: loaded successfully
2	09:17:18.492	Custom indicator Laguerre-ACS1 AUDUSD.,H4: loaded successfully
2	09:17:18.742	Custom indicator SupResZone_MTF USDJPY.,H1: loaded successfully
2	09:17:18.757	Custom indicator SupResZone_MTF USDJPY.,H1: loaded successfully
2	09:17:18.773	Custom indicator SupResZone_MTF USDJPY.,H1: loaded successfully
2	09:17:18.789	Custom indicator SupResZone_MTF USDJPY.,H1: loaded successfully
2	09:17:18.804	Custom indicator MACD-2x USDJPY.,H1: loaded successfully
2	09:17:18.882	Custom indicator Laguerre-ACS1 USDJPY.,H1: loaded successfully
2	09:17:19.179	Custom indicator SupResZone_MTF EURJPY.,H1: loaded successfully
2	09:17:19.179	Custom indicator SupResZone_MTF EURJPY.,H1: loaded successfully
2	09:17:19.195	Custom indicator SupResZone_MTF EURJPY.,H1: loaded successfully
2	09:17:19.210	Custom indicator SupResZone_MTF EURJPY.,H1: loaded successfully
2	09:17:19.226	Custom indicator MACD-2x EURJPY.,H1: loaded successfully
2	09:17:19.320	Custom indicator Laguerre-ACS1 EURJPY.,H1: loaded successfully
2	09:17:19.632	Custom indicator SupResZone_MTF EURUSD.,H1: loaded successfully
2	09:17:19.648	Custom indicator SupResZone_MTF EURUSD.,H1: loaded successfully
2	09:17:19.664	Custom indicator SupResZone_MTF EURUSD.,H1: loaded successfully
2	09:17:19.679	Custom indicator SupResZone_MTF EURUSD.,H1: loaded successfully
2	09:17:19.695	Custom indicator MACD-2x EURUSD.,H1: loaded successfully
2	09:17:19.789	Custom indicator Laguerre-ACS1 EURUSD.,H1: loaded successfully
2	09:17:20.132	Custom indicator SupResZone_MTF GBPUSD.,H4: loaded successfully
2	09:17:20.148	Custom indicator SupResZone_MTF GBPUSD.,H4: loaded successfully
2	09:17:20.164	Custom indicator SupResZone_MTF GBPUSD.,H4: loaded successfully
2	09:17:20.179	Custom indicator SupResZone_MTF GBPUSD.,H4: loaded successfully
2	09:17:20.195	Custom indicator MACD-2x GBPUSD.,H4: loaded successfully
2	09:17:20.320	Custom indicator Laguerre-ACS1 GBPUSD.,H4: loaded successfully
2	09:17:20.632	Custom indicator SupResZone_MTF USDCAD.,H4: loaded successfully
2	09:17:20.632	Custom indicator SupResZone_MTF USDCAD.,H4: loaded successfully
2	09:17:20.664	Custom indicator SupResZone_MTF USDCAD.,H4: loaded successfully
2	09:17:20.679	Custom indicator SupResZone_MTF USDCAD.,H4: loaded successfully
2	09:17:20.695	Custom indicator MACD-2x USDCAD.,H4: loaded successfully
2	09:17:20.804	Custom indicator Laguerre-ACS1 USDCAD.,H4: loaded successfully
2	09:17:21.039	Custom indicator SupResZone_MTF USDCHF.,H4: loaded successfully
2	09:17:21.054	Custom indicator SupResZone_MTF USDCHF.,H4: loaded successfully
2	09:17:21.070	Custom indicator SupResZone_MTF USDCHF.,H4: loaded successfully
2	09:17:21.086	Custom indicator SupResZone_MTF USDCHF.,H4: loaded successfully
2	09:17:21.101	Custom indicator MACD-2x USDCHF.,H4: loaded successfully
2	09:17:21.195	Custom indicator Laguerre-ACS1 USDCHF.,H4: loaded successfully
2	09:17:21.398	Custom indicator MACD-2x USDCNH,Daily: loaded successfully
2	09:17:21.414	Custom indicator MACD-2x USDCNH,Daily: loaded successfully
2	09:17:21.492	Custom indicator Laguerre-ACS1 USDCNH,Daily: loaded successfully
2	09:17:21.586	Custom indicator GMMA Long USDJPY.,H1: loaded successfully
2	09:17:21.601	Custom indicator GMMA Short USDJPY.,H1: loaded successfully
2	09:17:21.617	Custom indicator 23MTF_MovingAverageIGOR USDJPY.,H1: loaded successfully
2	09:17:21.633	Custom indicator 23MTF_MovingAverageIGOR USDJPY.,H1: loaded successfully
2	09:17:21.648	Custom indicator SupResZone_MTF USDJPY.,H1: loaded successfully
2	09:17:21.664	Custom indicator SupResZone_MTF USDJPY.,H1: loaded successfully
2	09:17:21.679	Custom indicator MACD-2x USDJPY.,H1: loaded successfully
0	09:17:24.020	'120010550': login on PRC-Live through Server 3 (ping: 44.03 ms)
0	09:17:25.567	'120010550': login datacenter on PRC-Live through Server 3 (ping: 44.03 ms)
0	09:17:26.051	'120010550': previous successful authorization performed from 106.181.139.195
0	09:17:53.512	'120010550': ping to current access point Server 3 is 37.12 ms
0	09:23:32.224	'120010550': order buy market 0.01 AUDJPY. sl: 0.000 tp: 0.000
0	09:23:32.671	'120010550': order was opened : #10962746 buy 0.01 AUDJPY. at 75.919 sl: 0.000 tp: 0.000
0	09:23:39.345	'120010550': modify order #10962746 buy 0.01 AUDJPY. at 75.919 sl: 0.000 tp: 0.000 -> sl: 75.219 tp: 0.000
0	09:23:39.683	'120010550': order #10962746 buy 0.01 AUDJPY. at 75.919 was modified -> sl: 75.219 tp: 0.000
0	09:23:43.150	'120010550': modify order #10962746 buy 0.01 AUDJPY. at 75.919 sl: 75.219 tp: 0.000 -> sl: 75.219 tp: 77.226
0	09:23:43.512	'120010550': order #10962746 buy 0.01 AUDJPY. at 75.919 was modified -> sl: 75.219 tp: 77.226
0	09:24:58.110	'120010550': order sell market 0.02 XAUUSD. sl: 0.00 tp: 0.00
0	09:24:58.668	'120010550': order was opened : #10962748 sell 0.02 XAUUSD. at 1278.96 sl: 0.00 tp: 0.00
0	09:25:06.229	'120010550': modify order #10962748 sell 0.02 XAUUSD. at 1278.96 sl: 0.00 tp: 0.00 -> sl: 0.00 tp: 1277.15
0	09:25:06.501	'120010550': order #10962748 sell 0.02 XAUUSD. at 1278.96 was modified -> sl: 0.00 tp: 1277.15
0	09:56:14.511	'120010550': order sell market 0.01 JP225 sl: 0 tp: 0
0	09:56:14.919	'120010550': order was opened : #10962802 sell 0.01 JP225 at 20841 sl: 0 tp: 0
0	09:56:22.507	'120010550': modify order #10962802 sell 0.01 JP225 at 20841 sl: 0 tp: 0 -> sl: 0 tp: 20773
0	09:56:23.702	'120010550': order #10962802 sell 0.01 JP225 at 20841 was modified -> sl: 0 tp: 20773
0	09:59:23.158	'120010550': modify order #10962802 sell 0.01 JP225 at 20841 sl: 0 tp: 20773 -> sl: 0 tp: 20722
0	09:59:23.513	'120010550': order #10962802 sell 0.01 JP225 at 20841 was modified -> sl: 0 tp: 20722
1	10:01:12.881	'120010550': modification of order #10962802 sell 0.01 JP225 at 20841 sl: 0 tp: 20722 -> sl: 0 tp: 20796 failed [Invalid S/L or T/P]
0	10:02:52.264	'120010550': modify order #10962802 sell 0.01 JP225 at 20841 sl: 0 tp: 20722 -> sl: 0 tp: 20785
0	10:02:52.758	'120010550': order #10962802 sell 0.01 JP225 at 20841 was modified -> sl: 0 tp: 20785
0	10:02:57.181	'120010550': modify order #10962802 sell 0.01 JP225 at 20841 sl: 0 tp: 20785 -> sl: 0 tp: 20792
0	10:02:57.817	'120010550': order #10962802 sell 0.01 JP225 at 20841 was modified -> sl: 0 tp: 20792
1	10:03:01.336	'120010550': modification of order #10962802 sell 0.01 JP225 at 20841 sl: 0 tp: 20792 -> sl: 0 tp: 20804 failed [Invalid S/L or T/P]
0	10:03:03.638	'120010550': modify order #10962802 sell 0.01 JP225 at 20841 sl: 0 tp: 20792 -> sl: 0 tp: 20799
0	10:03:04.586	'120010550': order #10962802 sell 0.01 JP225 at 20841 was modified -> sl: 0 tp: 20799
0	10:03:07.131	'120010550': modify order #10962802 sell 0.01 JP225 at 20841 sl: 0 tp: 20799 -> sl: 0 tp: 20807
0	10:03:07.588	'120010550': order #10962802 sell 0.01 JP225 at 20841 was modified -> sl: 0 tp: 20807
0	10:03:10.957	'120010550': modify order #10962802 sell 0.01 JP225 at 20841 sl: 0 tp: 20807 -> sl: 0 tp: 20811
0	10:03:11.618	'120010550': order #10962802 sell 0.01 JP225 at 20841 was modified -> sl: 0 tp: 20811
1	10:03:15.068	'120010550': modification of order #10962802 sell 0.01 JP225 at 20841 sl: 0 tp: 20811 -> sl: 0 tp: 20819 failed [Invalid S/L or T/P]
1	10:03:17.760	'120010550': modification of order #10962802 sell 0.01 JP225 at 20841 sl: 0 tp: 20811 -> sl: 0 tp: 20816 failed [Invalid S/L or T/P]
0	10:03:50.328	'120010550': modify order #10962748 sell 0.02 XAUUSD. at 1278.96 sl: 0.00 tp: 1277.15 -> sl: 0.00 tp: 1278.42
0	10:03:50.944	'120010550': order #10962748 sell 0.02 XAUUSD. at 1278.96 was modified -> sl: 0.00 tp: 1278.42
0	10:03:56.746	'120010550': modify order #10962748 sell 0.02 XAUUSD. at 1278.96 sl: 0.00 tp: 1278.42 -> sl: 0.00 tp: 1278.53
0	10:03:57.738	'120010550': order #10962748 sell 0.02 XAUUSD. at 1278.96 was modified -> sl: 0.00 tp: 1278.53
0	10:04:08.778	'120010550': modify order #10962748 sell 0.02 XAUUSD. at 1278.96 sl: 0.00 tp: 1278.53 -> sl: 0.00 tp: 1277.96
0	10:04:09.756	'120010550': order #10962748 sell 0.02 XAUUSD. at 1278.96 was modified -> sl: 0.00 tp: 1277.96
0	10:04:24.888	'120010550': modify order #10962748 sell 0.02 XAUUSD. at 1278.96 sl: 0.00 tp: 1277.96 -> sl: 0.00 tp: 1278.57
0	10:04:25.194	'120010550': order #10962748 sell 0.02 XAUUSD. at 1278.96 was modified -> sl: 0.00 tp: 1278.57
0	10:07:52.784	'120010550': modify order #10962802 sell 0.01 JP225 at 20841 sl: 0 tp: 20811 -> sl: 0 tp: 20820
0	10:07:53.095	'120010550': order #10962802 sell 0.01 JP225 at 20841 was modified -> sl: 0 tp: 20820
0	10:08:00.156	'120010550': modify order #10962802 sell 0.01 JP225 at 20841 sl: 0 tp: 20820 -> sl: 0 tp: 20819
0	10:08:00.657	'120010550': order #10962802 sell 0.01 JP225 at 20841 was modified -> sl: 0 tp: 20819
0	10:08:13.652	'120010550': modify order #10962748 sell 0.02 XAUUSD. at 1278.96 sl: 0.00 tp: 1278.57 -> sl: 0.00 tp: 1277.98
0	10:08:14.719	'120010550': order #10962748 sell 0.02 XAUUSD. at 1278.96 was modified -> sl: 0.00 tp: 1277.98
0	10:13:59.038	'120010550': modify order #10962748 sell 0.02 XAUUSD. at 1278.96 sl: 0.00 tp: 1277.98 -> sl: 0.00 tp: 1277.16
0	10:13:59.642	'120010550': order #10962748 sell 0.02 XAUUSD. at 1278.96 was modified -> sl: 0.00 tp: 1277.16
0	10:14:54.930	'120010550': order sell market 0.01 EURAUD. sl: 0.00000 tp: 0.00000
0	10:14:55.756	'120010550': order was opened : #10962854 sell 0.01 EURAUD. at 1.60886 sl: 0.00000 tp: 0.00000
1	10:15:41.161	'120010550': modification of order #10962802 sell 0.01 JP225 at 20841 sl: 0 tp: 20819 -> sl: 0 tp: 20828 failed [Invalid S/L or T/P]
0	10:15:44.834	'120010550': modify order #10962802 sell 0.01 JP225 at 20841 sl: 0 tp: 20819 -> sl: 0 tp: 20824
0	10:15:45.082	'120010550': order #10962802 sell 0.01 JP225 at 20841 was modified -> sl: 0 tp: 20824
0	10:15:47.778	'120010550': modify order #10962802 sell 0.01 JP225 at 20841 sl: 0 tp: 20824 -> sl: 0 tp: 20828
0	10:15:48.077	'120010550': order #10962802 sell 0.01 JP225 at 20841 was modified -> sl: 0 tp: 20828
0	10:21:46.786	'120010550': modify order #10962802 sell 0.01 JP225 at 20841 sl: 0 tp: 20828 -> sl: 20992 tp: 20828
0	10:21:47.686	'120010550': order #10962802 sell 0.01 JP225 at 20841 was modified -> sl: 20992 tp: 20828
0	10:21:52.210	'120010550': modify order #10962802 sell 0.01 JP225 at 20841 sl: 20992 tp: 20828 -> sl: 21025 tp: 20828
0	10:21:52.684	'120010550': order #10962802 sell 0.01 JP225 at 20841 was modified -> sl: 21025 tp: 20828
0	10:53:51.041	'120010550': order #10962802 sell 0.01 JP225 at 20841 closed due take-profit at price 20828
0	10:54:20.017	'120010550': modify order #10962238 sell 0.01 JP225 at 20765 sl: 0 tp: 20741 -> sl: 0 tp: 20707
0	10:54:20.749	'120010550': order #10962238 sell 0.01 JP225 at 20765 was modified -> sl: 0 tp: 20707
0	10:54:30.444	'120010550': modify order #10962238 sell 0.01 JP225 at 20765 sl: 0 tp: 20707 -> sl: 0 tp: 20224
0	10:54:31.755	'120010550': order #10962238 sell 0.01 JP225 at 20765 was modified -> sl: 0 tp: 20224
0	10:54:54.216	'120010550': modify order #10962748 sell 0.02 XAUUSD. at 1278.96 sl: 0.00 tp: 1277.16 -> sl: 0.00 tp: 1276.48
0	10:54:54.834	'120010550': order #10962748 sell 0.02 XAUUSD. at 1278.96 was modified -> sl: 0.00 tp: 1276.48
0	10:55:06.009	'120010550': modify order #10962748 sell 0.02 XAUUSD. at 1278.96 sl: 0.00 tp: 1276.48 -> sl: 0.00 tp: 1270.36
0	10:55:06.446	'120010550': order #10962748 sell 0.02 XAUUSD. at 1278.96 was modified -> sl: 0.00 tp: 1270.36
0	11:05:10.155	'120010550': order sell market 0.02 XAUUSD. sl: 0.00 tp: 0.00
0	11:05:10.544	'120010550': order was opened : #10962947 sell 0.02 XAUUSD. at 1277.86 sl: 0.00 tp: 0.00
0	11:05:24.746	'120010550': modify order #10962238 sell 0.01 JP225 at 20765 sl: 0 tp: 20224 -> sl: 0 tp: 20743
0	11:05:25.588	'120010550': order #10962238 sell 0.01 JP225 at 20765 was modified -> sl: 0 tp: 20743
0	11:05:55.206	'120010550': modify order #10962746 buy 0.01 AUDJPY. at 75.919 sl: 75.219 tp: 77.226 -> sl: 75.219 tp: 76.175
0	11:05:55.464	'120010550': order #10962746 buy 0.01 AUDJPY. at 75.919 was modified -> sl: 75.219 tp: 76.175
0	11:06:21.642	'120010550': order sell market 0.02 EURUSD. sl: 0.00000 tp: 0.00000
0	11:06:22.721	'120010550': order was opened : #10962951 sell 0.02 EURUSD. at 1.11373 sl: 0.00000 tp: 0.00000
0	11:06:30.477	'120010550': modify order #10962951 sell 0.02 EURUSD. at 1.11373 sl: 0.00000 tp: 0.00000 -> sl: 0.00000 tp: 1.11141
0	11:06:31.754	'120010550': order #10962951 sell 0.02 EURUSD. at 1.11373 was modified -> sl: 0.00000 tp: 1.11141
0	11:06:50.935	'120010550': modify order #10962947 sell 0.02 XAUUSD. at 1277.86 sl: 0.00 tp: 0.00 -> sl: 0.00 tp: 1276.77
0	11:06:51.598	'120010550': order #10962947 sell 0.02 XAUUSD. at 1277.86 was modified -> sl: 0.00 tp: 1276.77
0	11:35:34.602	'120010550': modify order #10962947 sell 0.02 XAUUSD. at 1277.86 sl: 0.00 tp: 1276.77 -> sl: 0.00 tp: 1275.84
0	11:35:35.110	'120010550': order #10962947 sell 0.02 XAUUSD. at 1277.86 was modified -> sl: 0.00 tp: 1275.84
0	11:35:36.980	'120010550': modify order #10962947 sell 0.02 XAUUSD. at 1277.86 sl: 0.00 tp: 1275.84 -> sl: 0.00 tp: 1275.38
0	11:35:37.685	'120010550': order #10962947 sell 0.02 XAUUSD. at 1277.86 was modified -> sl: 0.00 tp: 1275.38
0	12:41:27.153	'120010550': modify order #10962748 sell 0.02 XAUUSD. at 1278.96 sl: 0.00 tp: 1270.36 -> sl: 1279.53 tp: 1270.36
0	12:41:27.739	'120010550': order #10962748 sell 0.02 XAUUSD. at 1278.96 was modified -> sl: 1279.53 tp: 1270.36
0	12:41:30.320	'120010550': modify order #10962748 sell 0.02 XAUUSD. at 1278.96 sl: 1279.53 tp: 1270.36 -> sl: 1278.65 tp: 1270.36
0	12:41:30.725	'120010550': order #10962748 sell 0.02 XAUUSD. at 1278.96 was modified -> sl: 1278.65 tp: 1270.36
1	12:41:34.004	'120010550': modification of order #10962748 sell 0.02 XAUUSD. at 1278.96 sl: 1278.65 tp: 1270.36 -> sl: 1278.53 tp: 1270.36 failed [Invalid S/L or T/P]
0	12:41:53.774	'120010550': modify order #10962238 sell 0.01 JP225 at 20765 sl: 0 tp: 20743 -> sl: 0 tp: 20751
0	12:41:54.607	'120010550': order #10962238 sell 0.01 JP225 at 20765 was modified -> sl: 0 tp: 20751
0	12:42:05.800	'120010550': order sell market 0.02 EURAUD. sl: 0.00000 tp: 0.00000
0	12:42:06.623	'120010550': order was opened : #10963123 sell 0.02 EURAUD. at 1.60780 sl: 0.00000 tp: 0.00000
0	13:25:18.429	'120010550': modify order #10940590 sell 0.01 EURAUD. at 1.61022 sl: 1.62776 tp: 1.60387 -> sl: 1.61149 tp: 1.60387
0	13:25:18.932	'120010550': order #10940590 sell 0.01 EURAUD. at 1.61022 was modified -> sl: 1.61149 tp: 1.60387
0	13:25:22.966	'120010550': modify order #10940590 sell 0.01 EURAUD. at 1.61022 sl: 1.61149 tp: 1.60387 -> sl: 1.60977 tp: 1.60387
0	13:25:23.756	'120010550': order #10940590 sell 0.01 EURAUD. at 1.61022 was modified -> sl: 1.60977 tp: 1.60387
0	14:17:49.836	'120010550': modify order #10962746 buy 0.01 AUDJPY. at 75.919 sl: 75.219 tp: 76.175 -> sl: 75.219 tp: 76.887
0	14:17:50.679	'120010550': order #10962746 buy 0.01 AUDJPY. at 75.919 was modified -> sl: 75.219 tp: 76.887
0	14:17:54.320	'120010550': modify order #10939990 buy 0.01 AUDJPY. at 76.276 sl: 75.113 tp: 76.400 -> sl: 75.113 tp: 76.559
0	14:17:54.846	'120010550': order #10939990 buy 0.01 AUDJPY. at 76.276 was modified -> sl: 75.113 tp: 76.559
0	14:18:09.029	'120010550': modify order #10940590 sell 0.01 EURAUD. at 1.61022 sl: 1.60977 tp: 1.60387 -> sl: 1.60863 tp: 1.60387
0	14:18:09.319	'120010550': order #10940590 sell 0.01 EURAUD. at 1.61022 was modified -> sl: 1.60863 tp: 1.60387
0	15:46:29.541	'120010550': order sell market 0.02 EURAUD. sl: 0.00000 tp: 0.00000
0	15:46:30.890	'120010550': order was opened : #10963407 sell 0.02 EURAUD. at 1.60566 sl: 0.00000 tp: 0.00000
0	15:47:15.769	'120010550': modify order #10956469 sell 0.02 EURUSD. at 1.11949 sl: 1.11533 tp: 1.10438 -> sl: 1.11490 tp: 1.10438
0	15:47:16.624	'120010550': order #10956469 sell 0.02 EURUSD. at 1.11949 was modified -> sl: 1.11490 tp: 1.10438
0	15:57:59.990	'120010550': order #10962748 sell 0.02 XAUUSD. at 1278.96 closed due stop-loss at price 1278.65
1	16:04:52.356	'120010550': modification of order #10962238 sell 0.01 JP225 at 20765 sl: 0 tp: 20751 -> sl: 20987 tp: 20751 failed [Invalid S/L or T/P]
0	16:04:55.916	'120010550': modify order #10962238 sell 0.01 JP225 at 20765 sl: 0 tp: 20751 -> sl: 21013 tp: 20751
0	16:04:56.547	'120010550': order #10962238 sell 0.01 JP225 at 20765 was modified -> sl: 21013 tp: 20751
1	16:04:58.272	'120010550': modification of order #10962238 sell 0.01 JP225 at 20765 sl: 21013 tp: 20751 -> sl: 20994 tp: 20751 failed [Invalid S/L or T/P]
0	16:17:11.285	'120010550': order #10962947 sell 0.02 XAUUSD. at 1277.86 closed due take-profit at price 1275.38
0	16:50:27.439	'120010550': order sell market 0.01 XAUUSD. sl: 0.00 tp: 0.00
0	16:50:27.758	'120010550': order was opened : #10963614 sell 0.01 XAUUSD. at 1275.83 sl: 0.00 tp: 0.00
0	16:50:55.064	'120010550': modify order #10939990 buy 0.01 AUDJPY. at 76.276 sl: 75.113 tp: 76.559 -> sl: 75.113 tp: 77.140
0	16:50:55.620	'120010550': order #10939990 buy 0.01 AUDJPY. at 76.276 was modified -> sl: 75.113 tp: 77.140
0	16:51:28.140	'120010550': modify order #10962231 sell 0.01 GBPUSD. at 1.26122 sl: 0.00000 tp: 0.00000 -> sl: 0.00000 tp: 1.25086
0	16:51:28.520	'120010550': order #10962231 sell 0.01 GBPUSD. at 1.26122 was modified -> sl: 0.00000 tp: 1.25086
1	16:52:11.440	'120010550': modification of order #10961607 sell 0.02 EURAUD. at 1.60904 sl: 0.00000 tp: 0.00000 -> sl: 0.00000 tp: 1.60721 failed [Invalid S/L or T/P]
1	16:52:15.860	'120010550': modification of order #10961607 sell 0.02 EURAUD. at 1.60904 sl: 0.00000 tp: 0.00000 -> sl: 0.00000 tp: 1.60714 failed [Invalid S/L or T/P]
0	16:52:18.482	'120010550': modify order #10961607 sell 0.02 EURAUD. at 1.60904 sl: 0.00000 tp: 0.00000 -> sl: 1.61244 tp: 0.00000
0	16:52:19.036	'120010550': order #10961607 sell 0.02 EURAUD. at 1.60904 was modified -> sl: 1.61244 tp: 0.00000
0	16:52:22.980	'120010550': modify order #10961607 sell 0.02 EURAUD. at 1.60904 sl: 1.61244 tp: 0.00000 -> sl: 1.60707 tp: 0.00000
0	16:52:23.406	'120010550': order #10961607 sell 0.02 EURAUD. at 1.60904 was modified -> sl: 1.60707 tp: 0.00000
0	16:52:26.705	'120010550': modify order #10961607 sell 0.02 EURAUD. at 1.60904 sl: 1.60707 tp: 0.00000 -> sl: 1.61269 tp: 0.00000
0	16:52:27.622	'120010550': order #10961607 sell 0.02 EURAUD. at 1.60904 was modified -> sl: 1.61269 tp: 0.00000
0	16:52:29.482	'120010550': modify order #10961607 sell 0.02 EURAUD. at 1.60904 sl: 1.61269 tp: 0.00000 -> sl: 1.61143 tp: 0.00000
0	16:52:30.642	'120010550': order #10961607 sell 0.02 EURAUD. at 1.60904 was modified -> sl: 1.61143 tp: 0.00000
0	16:52:34.284	'120010550': modify order #10962854 sell 0.01 EURAUD. at 1.60886 sl: 0.00000 tp: 0.00000 -> sl: 1.61233 tp: 0.00000
0	16:52:34.869	'120010550': order #10962854 sell 0.01 EURAUD. at 1.60886 was modified -> sl: 1.61233 tp: 0.00000
0	16:52:38.912	'120010550': modify order #10961607 sell 0.02 EURAUD. at 1.60904 sl: 1.61143 tp: 0.00000 -> sl: 1.60728 tp: 0.00000
0	16:52:39.491	'120010550': order #10961607 sell 0.02 EURAUD. at 1.60904 was modified -> sl: 1.60728 tp: 0.00000
0	16:52:45.377	'120010550': modify order #10962854 sell 0.01 EURAUD. at 1.60886 sl: 1.61233 tp: 0.00000 -> sl: 1.60728 tp: 0.00000
0	16:52:46.475	'120010550': order #10962854 sell 0.01 EURAUD. at 1.60886 was modified -> sl: 1.60728 tp: 0.00000
0	17:19:10.948	'120010550': modify order #10963614 sell 0.01 XAUUSD. at 1275.83 sl: 0.00 tp: 0.00 -> sl: 0.00 tp: 1271.07
0	17:19:11.561	'120010550': order #10963614 sell 0.01 XAUUSD. at 1275.83 was modified -> sl: 0.00 tp: 1271.07
2	17:19:37.796	Custom indicator SupResZone_MTF USDXXX,H4: removed
2	17:19:37.797	Custom indicator SupResZone_MTF USDXXX,H4: removed
2	17:19:37.799	Custom indicator SupResZone_MTF USDXXX,H4: removed
2	17:19:37.801	Custom indicator SupResZone_MTF USDXXX,H4: removed
2	17:19:37.803	Custom indicator MACD-2x USDXXX,H4: removed
2	17:19:37.803	Custom indicator Laguerre-ACS1 USDXXX,H4: removed
2	17:19:37.809	Custom indicator SupResZone_MTF XAUUSD.,H4: removed
2	17:19:37.812	Custom indicator SupResZone_MTF XAUUSD.,H4: removed
2	17:19:37.813	Custom indicator SupResZone_MTF XAUUSD.,H4: removed
2	17:19:37.815	Custom indicator SupResZone_MTF XAUUSD.,H4: removed
2	17:19:37.817	Custom indicator MACD-2x XAUUSD.,H4: removed
2	17:19:37.817	Custom indicator Laguerre-ACS1 XAUUSD.,H4: removed
2	17:19:37.817	Custom indicator WBR XAUUSD.,H4: removed
2	17:19:37.824	Custom indicator SupResZone_MTF XAGUSD.,H1: removed
2	17:19:37.826	Custom indicator SupResZone_MTF XAGUSD.,H1: removed
2	17:19:37.827	Custom indicator SupResZone_MTF XAGUSD.,H1: removed
2	17:19:37.829	Custom indicator SupResZone_MTF XAGUSD.,H1: removed
2	17:19:37.830	Custom indicator MACD-2x XAGUSD.,H1: removed
2	17:19:37.830	Custom indicator Laguerre-ACS1 XAGUSD.,H1: removed
2	17:19:37.837	Custom indicator SupResZone_MTF US_OIL,H1: removed
2	17:19:37.839	Custom indicator SupResZone_MTF US_OIL,H1: removed
2	17:19:37.841	Custom indicator SupResZone_MTF US_OIL,H1: removed
2	17:19:37.842	Custom indicator SupResZone_MTF US_OIL,H1: removed
2	17:19:37.844	Custom indicator MACD-2x US_OIL,H1: removed
2	17:19:37.844	Custom indicator Laguerre-ACS1 US_OIL,H1: removed
2	17:19:37.844	Custom indicator WBR US_OIL,H1: removed
2	17:19:37.851	Custom indicator SupResZone_MTF JP225,H1: removed
2	17:19:37.854	Custom indicator SupResZone_MTF JP225,H1: removed
2	17:19:37.856	Custom indicator SupResZone_MTF JP225,H1: removed
2	17:19:37.857	Custom indicator SupResZone_MTF JP225,H1: removed
2	17:19:37.859	Custom indicator MACD-2x JP225,H1: removed
2	17:19:37.859	Custom indicator Laguerre-ACS1 JP225,H1: removed
2	17:19:37.868	Custom indicator SupResZone_MTF SPX500,H1: removed
2	17:19:37.870	Custom indicator SupResZone_MTF SPX500,H1: removed
2	17:19:37.872	Custom indicator SupResZone_MTF SPX500,H1: removed
2	17:19:37.874	Custom indicator SupResZone_MTF SPX500,H1: removed
2	17:19:37.876	Custom indicator MACD-2x SPX500,H1: removed
2	17:19:37.876	Custom indicator Laguerre-ACS1 SPX500,H1: removed
2	17:19:37.887	Custom indicator SupResZone_MTF EURAUD.,H1: removed
2	17:19:37.890	Custom indicator SupResZone_MTF EURAUD.,H1: removed
2	17:19:37.891	Custom indicator SupResZone_MTF EURAUD.,H1: removed
2	17:19:37.893	Custom indicator SupResZone_MTF EURAUD.,H1: removed
2	17:19:37.894	Custom indicator MACD-2x EURAUD.,H1: removed
2	17:19:37.894	Custom indicator Laguerre-ACS1 EURAUD.,H1: removed
2	17:19:37.901	Custom indicator SupResZone_MTF AUDJPY.,H4: removed
2	17:19:37.902	Custom indicator SupResZone_MTF AUDJPY.,H4: removed
2	17:19:37.905	Custom indicator SupResZone_MTF AUDJPY.,H4: removed
2	17:19:37.907	Custom indicator SupResZone_MTF AUDJPY.,H4: removed
2	17:19:37.908	Custom indicator MACD-2x AUDJPY.,H4: removed
2	17:19:37.908	Custom indicator Laguerre-ACS1 AUDJPY.,H4: removed
2	17:19:37.915	Custom indicator SupResZone_MTF AUDUSD.,H4: removed
2	17:19:37.916	Custom indicator SupResZone_MTF AUDUSD.,H4: removed
2	17:19:37.919	Custom indicator SupResZone_MTF AUDUSD.,H4: removed
2	17:19:37.922	Custom indicator SupResZone_MTF AUDUSD.,H4: removed
2	17:19:37.924	Custom indicator MACD-2x AUDUSD.,H4: removed
2	17:19:37.924	Custom indicator Laguerre-ACS1 AUDUSD.,H4: removed
2	17:19:37.932	Custom indicator SupResZone_MTF USDJPY.,H4: removed
2	17:19:37.935	Custom indicator SupResZone_MTF USDJPY.,H4: removed
2	17:19:37.937	Custom indicator SupResZone_MTF USDJPY.,H4: removed
2	17:19:37.939	Custom indicator SupResZone_MTF USDJPY.,H4: removed
2	17:19:37.941	Custom indicator MACD-2x USDJPY.,H4: removed
2	17:19:37.942	Custom indicator Laguerre-ACS1 USDJPY.,H4: removed
2	17:19:37.948	Custom indicator SupResZone_MTF EURJPY.,H1: removed
2	17:19:37.948	Custom indicator SupResZone_MTF EURJPY.,H1: removed
2	17:19:37.951	Custom indicator SupResZone_MTF EURJPY.,H1: removed
2	17:19:37.952	Custom indicator SupResZone_MTF EURJPY.,H1: removed
2	17:19:37.954	Custom indicator MACD-2x EURJPY.,H1: removed
2	17:19:37.954	Custom indicator Laguerre-ACS1 EURJPY.,H1: removed
2	17:19:37.961	Custom indicator SupResZone_MTF EURUSD.,H1: removed
2	17:19:37.962	Custom indicator SupResZone_MTF EURUSD.,H1: removed
2	17:19:37.964	Custom indicator SupResZone_MTF EURUSD.,H1: removed
2	17:19:37.965	Custom indicator SupResZone_MTF EURUSD.,H1: removed
2	17:19:37.967	Custom indicator MACD-2x EURUSD.,H1: removed
2	17:19:37.967	Custom indicator Laguerre-ACS1 EURUSD.,H1: removed
2	17:19:37.985	Custom indicator SupResZone_MTF GBPUSD.,Daily: removed
2	17:19:37.987	Custom indicator SupResZone_MTF GBPUSD.,Daily: removed
2	17:19:37.989	Custom indicator SupResZone_MTF GBPUSD.,Daily: removed
2	17:19:37.990	Custom indicator SupResZone_MTF GBPUSD.,Daily: removed
2	17:19:37.992	Custom indicator MACD-2x GBPUSD.,Daily: removed
2	17:19:37.992	Custom indicator Laguerre-ACS1 GBPUSD.,Daily: removed
2	17:19:38.011	Custom indicator SupResZone_MTF USDCAD.,H4: removed
2	17:19:38.012	Custom indicator SupResZone_MTF USDCAD.,H4: removed
2	17:19:38.014	Custom indicator SupResZone_MTF USDCAD.,H4: removed
2	17:19:38.017	Custom indicator SupResZone_MTF USDCAD.,H4: removed
2	17:19:38.020	Custom indicator MACD-2x USDCAD.,H4: removed
2	17:19:38.020	Custom indicator Laguerre-ACS1 USDCAD.,H4: removed
2	17:19:38.036	Custom indicator SupResZone_MTF USDCHF.,H4: removed
2	17:19:38.038	Custom indicator SupResZone_MTF USDCHF.,H4: removed
2	17:19:38.039	Custom indicator SupResZone_MTF USDCHF.,H4: removed
2	17:19:38.041	Custom indicator SupResZone_MTF USDCHF.,H4: removed
2	17:19:38.042	Custom indicator MACD-2x USDCHF.,H4: removed
2	17:19:38.042	Custom indicator Laguerre-ACS1 USDCHF.,H4: removed
2	17:19:38.049	Custom indicator MACD-2x USDCNH,Daily: removed
2	17:19:38.050	Custom indicator MACD-2x USDCNH,Daily: removed
2	17:19:38.050	Custom indicator Laguerre-ACS1 USDCNH,Daily: removed
2	17:19:38.060	Custom indicator GMMA Long USDJPY.,H1: removed
2	17:19:38.062	Custom indicator GMMA Short USDJPY.,H1: removed
2	17:19:38.064	Custom indicator 23MTF_MovingAverageIGOR USDJPY.,H1: removed
2	17:19:38.065	Custom indicator 23MTF_MovingAverageIGOR USDJPY.,H1: removed
2	17:19:38.067	Custom indicator SupResZone_MTF USDJPY.,H1: removed
2	17:19:38.075	Custom indicator SupResZone_MTF USDJPY.,H1: removed
2	17:19:38.077	Custom indicator MACD-2x USDJPY.,H1: removed
0	17:19:38.503	FX Trader build 1170 stopped
0	18:52:41.547	FX Trader build 1170 started (Performance Ronnaru Capital Ltd.)
0	18:52:41.548	Windows 10 Home x64, IE 11, UAC, 8 x Intel Core i7-6700HQ  @ 2.60GHz, Memory: 24170 / 32639 Mb, Disk: 139 / 264 Gb, GMT+9
0	18:52:41.548	Data Folder: C:\Users\tiany\AppData\Roaming\MetaQuotes\Terminal\79214103E7A6FC97F86082D309D0B84B
2	18:52:43.770	Custom indicator SupResZone_MTF USDXXX,H4: loaded successfully
2	18:52:43.786	Custom indicator SupResZone_MTF USDXXX,H4: loaded successfully
2	18:52:43.798	Custom indicator SupResZone_MTF USDXXX,H4: loaded successfully
2	18:52:43.809	Custom indicator SupResZone_MTF USDXXX,H4: loaded successfully
2	18:52:43.818	Custom indicator MACD-2x USDXXX,H4: loaded successfully
2	18:52:43.899	Custom indicator Laguerre-ACS1 USDXXX,H4: loaded successfully
2	18:52:44.110	Custom indicator SupResZone_MTF XAUUSD.,H4: loaded successfully
2	18:52:44.121	Custom indicator SupResZone_MTF XAUUSD.,H4: loaded successfully
2	18:52:44.131	Custom indicator SupResZone_MTF XAUUSD.,H4: loaded successfully
2	18:52:44.141	Custom indicator SupResZone_MTF XAUUSD.,H4: loaded successfully
2	18:52:44.152	Custom indicator MACD-2x XAUUSD.,H4: loaded successfully
2	18:52:44.225	Custom indicator Laguerre-ACS1 XAUUSD.,H4: loaded successfully
2	18:52:44.243	Custom indicator WBR XAUUSD.,H4: loaded successfully
2	18:52:44.500	Custom indicator SupResZone_MTF XAGUSD.,H1: loaded successfully
2	18:52:44.512	Custom indicator SupResZone_MTF XAGUSD.,H1: loaded successfully
2	18:52:44.523	Custom indicator SupResZone_MTF XAGUSD.,H1: loaded successfully
2	18:52:44.535	Custom indicator SupResZone_MTF XAGUSD.,H1: loaded successfully
2	18:52:44.546	Custom indicator MACD-2x XAGUSD.,H1: loaded successfully
2	18:52:44.615	Custom indicator Laguerre-ACS1 XAGUSD.,H1: loaded successfully
2	18:52:44.791	Custom indicator SupResZone_MTF US_OIL,H1: loaded successfully
2	18:52:44.802	Custom indicator SupResZone_MTF US_OIL,H1: loaded successfully
2	18:52:44.811	Custom indicator SupResZone_MTF US_OIL,H1: loaded successfully
2	18:52:44.821	Custom indicator SupResZone_MTF US_OIL,H1: loaded successfully
2	18:52:44.832	Custom indicator MACD-2x US_OIL,H1: loaded successfully
2	18:52:44.899	Custom indicator Laguerre-ACS1 US_OIL,H1: loaded successfully
2	18:52:44.915	Custom indicator WBR US_OIL,H1: loaded successfully
2	18:52:45.268	Custom indicator SupResZone_MTF JP225,H1: loaded successfully
2	18:52:45.279	Custom indicator SupResZone_MTF JP225,H1: loaded successfully
2	18:52:45.288	Custom indicator SupResZone_MTF JP225,H1: loaded successfully
2	18:52:45.298	Custom indicator SupResZone_MTF JP225,H1: loaded successfully
2	18:52:45.308	Custom indicator MACD-2x JP225,H1: loaded successfully
2	18:52:45.377	Custom indicator Laguerre-ACS1 JP225,H1: loaded successfully
2	18:52:45.673	Custom indicator SupResZone_MTF SPX500,H1: loaded successfully
2	18:52:45.682	Custom indicator SupResZone_MTF SPX500,H1: loaded successfully
2	18:52:45.692	Custom indicator SupResZone_MTF SPX500,H1: loaded successfully
2	18:52:45.702	Custom indicator SupResZone_MTF SPX500,H1: loaded successfully
2	18:52:45.712	Custom indicator MACD-2x SPX500,H1: loaded successfully
2	18:52:45.780	Custom indicator Laguerre-ACS1 SPX500,H1: loaded successfully
2	18:52:46.035	Custom indicator SupResZone_MTF EURAUD.,H1: loaded successfully
2	18:52:46.047	Custom indicator SupResZone_MTF EURAUD.,H1: loaded successfully
2	18:52:46.058	Custom indicator SupResZone_MTF EURAUD.,H1: loaded successfully
2	18:52:46.068	Custom indicator SupResZone_MTF EURAUD.,H1: loaded successfully
2	18:52:46.078	Custom indicator MACD-2x EURAUD.,H1: loaded successfully
2	18:52:46.145	Custom indicator Laguerre-ACS1 EURAUD.,H1: loaded successfully
2	18:52:46.340	Custom indicator SupResZone_MTF AUDJPY.,H4: loaded successfully
2	18:52:46.352	Custom indicator SupResZone_MTF AUDJPY.,H4: loaded successfully
2	18:52:46.365	Custom indicator SupResZone_MTF AUDJPY.,H4: loaded successfully
2	18:52:46.375	Custom indicator SupResZone_MTF AUDJPY.,H4: loaded successfully
2	18:52:46.386	Custom indicator MACD-2x AUDJPY.,H4: loaded successfully
2	18:52:46.457	Custom indicator Laguerre-ACS1 AUDJPY.,H4: loaded successfully
2	18:52:46.628	Custom indicator SupResZone_MTF AUDUSD.,H4: loaded successfully
2	18:52:46.639	Custom indicator SupResZone_MTF AUDUSD.,H4: loaded successfully
2	18:52:46.651	Custom indicator SupResZone_MTF AUDUSD.,H4: loaded successfully
2	18:52:46.663	Custom indicator SupResZone_MTF AUDUSD.,H4: loaded successfully
2	18:52:46.675	Custom indicator MACD-2x AUDUSD.,H4: loaded successfully
2	18:52:46.756	Custom indicator Laguerre-ACS1 AUDUSD.,H4: loaded successfully
2	18:52:46.949	Custom indicator SupResZone_MTF USDJPY.,H4: loaded successfully
2	18:52:46.960	Custom indicator SupResZone_MTF USDJPY.,H4: loaded successfully
2	18:52:46.972	Custom indicator SupResZone_MTF USDJPY.,H4: loaded successfully
2	18:52:46.982	Custom indicator SupResZone_MTF USDJPY.,H4: loaded successfully
2	18:52:46.992	Custom indicator MACD-2x USDJPY.,H4: loaded successfully
2	18:52:47.060	Custom indicator Laguerre-ACS1 USDJPY.,H4: loaded successfully
2	18:52:47.298	Custom indicator SupResZone_MTF EURJPY.,H1: loaded successfully
2	18:52:47.308	Custom indicator SupResZone_MTF EURJPY.,H1: loaded successfully
2	18:52:47.318	Custom indicator SupResZone_MTF EURJPY.,H1: loaded successfully
2	18:52:47.327	Custom indicator SupResZone_MTF EURJPY.,H1: loaded successfully
2	18:52:47.338	Custom indicator MACD-2x EURJPY.,H1: loaded successfully
2	18:52:47.408	Custom indicator Laguerre-ACS1 EURJPY.,H1: loaded successfully
2	18:52:47.680	Custom indicator SupResZone_MTF EURUSD.,H1: loaded successfully
2	18:52:47.691	Custom indicator SupResZone_MTF EURUSD.,H1: loaded successfully
2	18:52:47.703	Custom indicator SupResZone_MTF EURUSD.,H1: loaded successfully
2	18:52:47.714	Custom indicator SupResZone_MTF EURUSD.,H1: loaded successfully
2	18:52:47.727	Custom indicator MACD-2x EURUSD.,H1: loaded successfully
2	18:52:47.801	Custom indicator Laguerre-ACS1 EURUSD.,H1: loaded successfully
2	18:52:48.059	Custom indicator SupResZone_MTF GBPUSD.,Daily: loaded successfully
2	18:52:48.070	Custom indicator SupResZone_MTF GBPUSD.,Daily: loaded successfully
2	18:52:48.081	Custom indicator SupResZone_MTF GBPUSD.,Daily: loaded successfully
2	18:52:48.093	Custom indicator SupResZone_MTF GBPUSD.,Daily: loaded successfully
2	18:52:48.104	Custom indicator MACD-2x GBPUSD.,Daily: loaded successfully
2	18:52:48.184	Custom indicator Laguerre-ACS1 GBPUSD.,Daily: loaded successfully
2	18:52:48.373	Custom indicator SupResZone_MTF USDCAD.,H4: loaded successfully
2	18:52:48.385	Custom indicator SupResZone_MTF USDCAD.,H4: loaded successfully
2	18:52:48.395	Custom indicator SupResZone_MTF USDCAD.,H4: loaded successfully
2	18:52:48.405	Custom indicator SupResZone_MTF USDCAD.,H4: loaded successfully
2	18:52:48.414	Custom indicator MACD-2x USDCAD.,H4: loaded successfully
2	18:52:48.491	Custom indicator Laguerre-ACS1 USDCAD.,H4: loaded successfully
2	18:52:48.796	Custom indicator SupResZone_MTF USDCHF.,H4: loaded successfully
2	18:52:48.809	Custom indicator SupResZone_MTF USDCHF.,H4: loaded successfully
2	18:52:48.821	Custom indicator SupResZone_MTF USDCHF.,H4: loaded successfully
2	18:52:48.832	Custom indicator SupResZone_MTF USDCHF.,H4: loaded successfully
2	18:52:48.849	Custom indicator MACD-2x USDCHF.,H4: loaded successfully
2	18:52:48.951	Custom indicator Laguerre-ACS1 USDCHF.,H4: loaded successfully
2	18:52:49.171	Custom indicator MACD-2x USDCNH,Daily: loaded successfully
2	18:52:49.184	Custom indicator MACD-2x USDCNH,Daily: loaded successfully
2	18:52:49.261	Custom indicator Laguerre-ACS1 USDCNH,Daily: loaded successfully
2	18:52:49.337	Custom indicator GMMA Long USDJPY.,H1: loaded successfully
2	18:52:49.350	Custom indicator GMMA Short USDJPY.,H1: loaded successfully
2	18:52:49.358	Custom indicator 23MTF_MovingAverageIGOR USDJPY.,H1: loaded successfully
2	18:52:49.367	Custom indicator 23MTF_MovingAverageIGOR USDJPY.,H1: loaded successfully
2	18:52:49.378	Custom indicator SupResZone_MTF USDJPY.,H1: loaded successfully
2	18:52:49.389	Custom indicator SupResZone_MTF USDJPY.,H1: loaded successfully
2	18:52:49.400	Custom indicator MACD-2x USDJPY.,H1: loaded successfully
0	18:52:51.513	'120010550': login on PRC-Live through Server 3 (ping: 37.12 ms)
0	18:52:52.851	'120010550': login datacenter on PRC-Live through Server 3 (ping: 37.12 ms)
0	18:52:53.170	'120010550': previous successful authorization performed from 106.181.139.195
0	18:53:10.736	'120010550': ping to current access point Server 3 is 51.34 ms
0	18:57:26.430	'120010550': login on PRC-Live through Server 3 (ping: 51.34 ms)
0	18:57:27.426	'120010550': login datacenter on PRC-Live through Server 3 (ping: 51.34 ms)
0	18:57:27.799	'120010550': previous successful authorization performed from 106.181.137.111
1	19:07:04.969	'120010550': connect failed [No connection]
0	19:08:01.464	'120010550': login on PRC-Live through Server 3 (ping: n/a)
0	19:08:02.433	'120010550': login datacenter on PRC-Live through Server 3 (ping: n/a)
0	19:08:02.743	'120010550': previous successful authorization performed from 106.181.137.111
0	19:08:20.059	'120010550': ping to current access point Server 3 is 50.91 ms
0	19:08:48.179	'120010550': order #10961454 sell 0.01 USDCHF. at 1.00498 closed due stop-loss at price 1.00990
0	19:29:59.394	'120010550': modify order #10960208 sell 0.03 USDJPY. at 109.258 sl: 0.000 tp: 0.000 -> sl: 0.000 tp: 109.177
0	19:29:59.655	'120010550': order #10960208 sell 0.03 USDJPY. at 109.258 was modified -> sl: 0.000 tp: 109.177
1	19:55:44.732	'120010550': ping failed
1	19:55:44.734	'120010550': datacenter connecting failed [6]
0	19:55:46.504	'120010550': login on PRC-Live through Server 7 (ping: 53.70 ms)
0	19:55:47.312	'120010550': login datacenter on PRC-Live through Server 7 (ping: 53.70 ms)
0	19:55:47.648	'120010550': previous successful authorization performed from 106.181.137.111
1	19:56:47.403	'120010550': ping failed
1	19:56:47.405	'120010550': datacenter connecting failed [6]
0	19:57:11.556	'120010550': login on PRC-Live through Server 1 (ping: 113.69 ms)
0	19:57:13.619	'120010550': login datacenter on PRC-Live through Server 1 (ping: 113.69 ms)
0	19:57:14.113	'120010550': previous successful authorization performed from 106.181.137.111
1	19:58:53.778	'120010550': ping failed
1	19:58:53.780	'120010550': datacenter connecting failed [6]
0	19:58:54.830	'120010550': login on PRC-Live through Server 5 (ping: 172.31 ms)
0	19:58:56.959	'120010550': login datacenter on PRC-Live through Server 5 (ping: 172.31 ms)
0	19:58:57.604	'120010550': previous successful authorization performed from 106.181.137.111
0	20:03:09.963	'120010550': login on PRC-Live through Server 5 (ping: 172.31 ms)
0	20:03:11.652	'120010550': login datacenter on PRC-Live through Server 5 (ping: 172.31 ms)
0	20:03:12.211	'120010550': previous successful authorization performed from 106.181.137.111
1	20:04:51.872	'120010550': ping failed
1	20:04:51.874	'120010550': datacenter connecting failed [6]
0	20:05:03.982	'120010550': login on PRC-Live through Server 8 (ping: 199.04 ms)
0	20:05:05.797	'120010550': login datacenter on PRC-Live through Server 8 (ping: 199.04 ms)
0	20:05:06.352	'120010550': previous successful authorization performed from 106.181.137.111
1	20:07:46.075	'120010550': ping failed
1	20:07:46.077	'120010550': datacenter connecting failed [6]
0	20:07:46.635	'120010550': login on PRC-Live through Server 6 (ping: n/a)
0	20:07:47.917	'120010550': login datacenter on PRC-Live through Server 6 (ping: n/a)
0	20:07:48.316	'120010550': previous successful authorization performed from 106.181.137.111
0	20:08:04.554	'120010550': ping to current access point Server 6 is 47.55 ms
0	20:15:31.256	'120010550': order #10940590 sell 0.01 EURAUD. at 1.61022 closed due stop-loss at price 1.60863
2	21:03:30.717	Custom indicator SupResZone_MTF USDXXX,H4: removed
2	21:03:30.719	Custom indicator SupResZone_MTF USDXXX,H4: removed
2	21:03:30.720	Custom indicator SupResZone_MTF USDXXX,H4: removed
2	21:03:30.722	Custom indicator SupResZone_MTF USDXXX,H4: removed
2	21:03:30.723	Custom indicator MACD-2x USDXXX,H4: removed
2	21:03:30.723	Custom indicator Laguerre-ACS1 USDXXX,H4: removed
2	21:03:30.730	Custom indicator SupResZone_MTF XAUUSD.,H1: removed
2	21:03:30.732	Custom indicator SupResZone_MTF XAUUSD.,H1: removed
2	21:03:30.735	Custom indicator SupResZone_MTF XAUUSD.,H1: removed
2	21:03:30.736	Custom indicator SupResZone_MTF XAUUSD.,H1: removed
2	21:03:30.738	Custom indicator MACD-2x XAUUSD.,H1: removed
2	21:03:30.738	Custom indicator Laguerre-ACS1 XAUUSD.,H1: removed
2	21:03:30.738	Custom indicator WBR XAUUSD.,H1: removed
2	21:03:30.743	Custom indicator SupResZone_MTF XAGUSD.,H1: removed
2	21:03:30.745	Custom indicator SupResZone_MTF XAGUSD.,H1: removed
2	21:03:30.747	Custom indicator SupResZone_MTF XAGUSD.,H1: removed
2	21:03:30.748	Custom indicator SupResZone_MTF XAGUSD.,H1: removed
2	21:03:30.750	Custom indicator MACD-2x XAGUSD.,H1: removed
2	21:03:30.751	Custom indicator Laguerre-ACS1 XAGUSD.,H1: removed
2	21:03:30.759	Custom indicator SupResZone_MTF US_OIL,H1: removed
2	21:03:30.760	Custom indicator SupResZone_MTF US_OIL,H1: removed
2	21:03:30.762	Custom indicator SupResZone_MTF US_OIL,H1: removed
2	21:03:30.764	Custom indicator SupResZone_MTF US_OIL,H1: removed
2	21:03:30.765	Custom indicator MACD-2x US_OIL,H1: removed
2	21:03:30.766	Custom indicator Laguerre-ACS1 US_OIL,H1: removed
2	21:03:30.766	Custom indicator WBR US_OIL,H1: removed
2	21:03:30.773	Custom indicator SupResZone_MTF JP225,H1: removed
2	21:03:30.774	Custom indicator SupResZone_MTF JP225,H1: removed
2	21:03:30.776	Custom indicator SupResZone_MTF JP225,H1: removed
2	21:03:30.777	Custom indicator SupResZone_MTF JP225,H1: removed
2	21:03:30.779	Custom indicator MACD-2x JP225,H1: removed
2	21:03:30.779	Custom indicator Laguerre-ACS1 JP225,H1: removed
2	21:03:30.788	Custom indicator SupResZone_MTF SPX500,H1: removed
2	21:03:30.790	Custom indicator SupResZone_MTF SPX500,H1: removed
2	21:03:30.791	Custom indicator SupResZone_MTF SPX500,H1: removed
2	21:03:30.793	Custom indicator SupResZone_MTF SPX500,H1: removed
2	21:03:30.795	Custom indicator MACD-2x SPX500,H1: removed
2	21:03:30.795	Custom indicator Laguerre-ACS1 SPX500,H1: removed
2	21:03:30.802	Custom indicator SupResZone_MTF EURAUD.,H1: removed
2	21:03:30.804	Custom indicator SupResZone_MTF EURAUD.,H1: removed
2	21:03:30.805	Custom indicator SupResZone_MTF EURAUD.,H1: removed
2	21:03:30.807	Custom indicator SupResZone_MTF EURAUD.,H1: removed
2	21:03:30.808	Custom indicator MACD-2x EURAUD.,H1: removed
2	21:03:30.808	Custom indicator Laguerre-ACS1 EURAUD.,H1: removed
2	21:03:30.815	Custom indicator SupResZone_MTF AUDJPY.,H4: removed
2	21:03:30.817	Custom indicator SupResZone_MTF AUDJPY.,H4: removed
2	21:03:30.819	Custom indicator SupResZone_MTF AUDJPY.,H4: removed
2	21:03:30.822	Custom indicator SupResZone_MTF AUDJPY.,H4: removed
2	21:03:30.823	Custom indicator MACD-2x AUDJPY.,H4: removed
2	21:03:30.823	Custom indicator Laguerre-ACS1 AUDJPY.,H4: removed
2	21:03:30.829	Custom indicator SupResZone_MTF AUDUSD.,H4: removed
2	21:03:30.831	Custom indicator SupResZone_MTF AUDUSD.,H4: removed
2	21:03:30.832	Custom indicator SupResZone_MTF AUDUSD.,H4: removed
2	21:03:30.834	Custom indicator SupResZone_MTF AUDUSD.,H4: removed
2	21:03:30.836	Custom indicator MACD-2x AUDUSD.,H4: removed
2	21:03:30.836	Custom indicator Laguerre-ACS1 AUDUSD.,H4: removed
2	21:03:30.842	Custom indicator SupResZone_MTF USDJPY.,H4: removed
2	21:03:30.843	Custom indicator SupResZone_MTF USDJPY.,H4: removed
2	21:03:30.845	Custom indicator SupResZone_MTF USDJPY.,H4: removed
2	21:03:30.846	Custom indicator SupResZone_MTF USDJPY.,H4: removed
2	21:03:30.848	Custom indicator MACD-2x USDJPY.,H4: removed
2	21:03:30.848	Custom indicator Laguerre-ACS1 USDJPY.,H4: removed
2	21:03:30.855	Custom indicator SupResZone_MTF EURJPY.,H1: removed
2	21:03:30.856	Custom indicator SupResZone_MTF EURJPY.,H1: removed
2	21:03:30.859	Custom indicator SupResZone_MTF EURJPY.,H1: removed
2	21:03:30.860	Custom indicator SupResZone_MTF EURJPY.,H1: removed
2	21:03:30.862	Custom indicator MACD-2x EURJPY.,H1: removed
2	21:03:30.862	Custom indicator Laguerre-ACS1 EURJPY.,H1: removed
2	21:03:30.879	Custom indicator SupResZone_MTF EURUSD.,H1: removed
2	21:03:30.880	Custom indicator SupResZone_MTF EURUSD.,H1: removed
2	21:03:30.882	Custom indicator SupResZone_MTF EURUSD.,H1: removed
2	21:03:30.884	Custom indicator SupResZone_MTF EURUSD.,H1: removed
2	21:03:30.885	Custom indicator MACD-2x EURUSD.,H1: removed
2	21:03:30.885	Custom indicator Laguerre-ACS1 EURUSD.,H1: removed
2	21:03:30.892	Custom indicator SupResZone_MTF GBPUSD.,Daily: removed
2	21:03:30.894	Custom indicator SupResZone_MTF GBPUSD.,Daily: removed
2	21:03:30.896	Custom indicator SupResZone_MTF GBPUSD.,Daily: removed
2	21:03:30.897	Custom indicator SupResZone_MTF GBPUSD.,Daily: removed
2	21:03:30.899	Custom indicator MACD-2x GBPUSD.,Daily: removed
2	21:03:30.899	Custom indicator Laguerre-ACS1 GBPUSD.,Daily: removed
2	21:03:30.905	Custom indicator SupResZone_MTF USDCAD.,H4: removed
2	21:03:30.907	Custom indicator SupResZone_MTF USDCAD.,H4: removed
2	21:03:30.908	Custom indicator SupResZone_MTF USDCAD.,H4: removed
2	21:03:30.910	Custom indicator SupResZone_MTF USDCAD.,H4: removed
2	21:03:30.912	Custom indicator MACD-2x USDCAD.,H4: removed
2	21:03:30.912	Custom indicator Laguerre-ACS1 USDCAD.,H4: removed
2	21:03:30.932	Custom indicator SupResZone_MTF USDCHF.,H4: removed
2	21:03:30.934	Custom indicator SupResZone_MTF USDCHF.,H4: removed
2	21:03:30.935	Custom indicator SupResZone_MTF USDCHF.,H4: removed
2	21:03:30.937	Custom indicator SupResZone_MTF USDCHF.,H4: removed
2	21:03:30.940	Custom indicator MACD-2x USDCHF.,H4: removed
2	21:03:30.940	Custom indicator Laguerre-ACS1 USDCHF.,H4: removed
2	21:03:30.945	Custom indicator MACD-2x USDCNH,Daily: removed
2	21:03:30.947	Custom indicator MACD-2x USDCNH,Daily: removed
2	21:03:30.947	Custom indicator Laguerre-ACS1 USDCNH,Daily: removed
2	21:03:30.958	Custom indicator GMMA Long USDJPY.,H1: removed
2	21:03:30.960	Custom indicator GMMA Short USDJPY.,H1: removed
2	21:03:30.961	Custom indicator 23MTF_MovingAverageIGOR USDJPY.,H1: removed
2	21:03:30.963	Custom indicator 23MTF_MovingAverageIGOR USDJPY.,H1: removed
2	21:03:30.965	Custom indicator SupResZone_MTF USDJPY.,H1: removed
2	21:03:30.967	Custom indicator SupResZone_MTF USDJPY.,H1: removed
2	21:03:30.969	Custom indicator MACD-2x USDJPY.,H1: removed
0	21:03:31.533	FX Trader build 1170 stopped
0	22:21:18.070	FX Trader build 1170 started (Performance Ronnaru Capital Ltd.)
0	22:21:18.070	Windows 10 Home x64, IE 11, UAC, 8 x Intel Core i7-6700HQ  @ 2.60GHz, Memory: 23635 / 32639 Mb, Disk: 139 / 264 Gb, GMT+9
0	22:21:18.070	Data Folder: C:\Users\tiany\AppData\Roaming\MetaQuotes\Terminal\79214103E7A6FC97F86082D309D0B84B
1	22:21:19.304	MQL Base: failed connect to server
2	22:21:19.849	Custom indicator SupResZone_MTF USDXXX,H4: loaded successfully
2	22:21:19.861	Custom indicator SupResZone_MTF USDXXX,H4: loaded successfully
2	22:21:19.872	Custom indicator SupResZone_MTF USDXXX,H4: loaded successfully
2	22:21:19.882	Custom indicator SupResZone_MTF USDXXX,H4: loaded successfully
2	22:21:19.892	Custom indicator MACD-2x USDXXX,H4: loaded successfully
2	22:21:19.959	Custom indicator Laguerre-ACS1 USDXXX,H4: loaded successfully
2	22:21:20.131	Custom indicator SupResZone_MTF XAUUSD.,H1: loaded successfully
2	22:21:20.140	Custom indicator SupResZone_MTF XAUUSD.,H1: loaded successfully
2	22:21:20.150	Custom indicator SupResZone_MTF XAUUSD.,H1: loaded successfully
2	22:21:20.160	Custom indicator SupResZone_MTF XAUUSD.,H1: loaded successfully
2	22:21:20.170	Custom indicator MACD-2x XAUUSD.,H1: loaded successfully
2	22:21:20.239	Custom indicator Laguerre-ACS1 XAUUSD.,H1: loaded successfully
2	22:21:20.255	Custom indicator WBR XAUUSD.,H1: loaded successfully
2	22:21:20.668	Custom indicator SupResZone_MTF XAGUSD.,H1: loaded successfully
2	22:21:20.682	Custom indicator SupResZone_MTF XAGUSD.,H1: loaded successfully
2	22:21:20.699	Custom indicator SupResZone_MTF XAGUSD.,H1: loaded successfully
2	22:21:20.714	Custom indicator SupResZone_MTF XAGUSD.,H1: loaded successfully
2	22:21:20.726	Custom indicator MACD-2x XAGUSD.,H1: loaded successfully
2	22:21:20.806	Custom indicator Laguerre-ACS1 XAGUSD.,H1: loaded successfully
2	22:21:21.054	Custom indicator SupResZone_MTF US_OIL,H1: loaded successfully
2	22:21:21.069	Custom indicator SupResZone_MTF US_OIL,H1: loaded successfully
2	22:21:21.083	Custom indicator SupResZone_MTF US_OIL,H1: loaded successfully
2	22:21:21.097	Custom indicator SupResZone_MTF US_OIL,H1: loaded successfully
2	22:21:21.109	Custom indicator MACD-2x US_OIL,H1: loaded successfully
2	22:21:21.189	Custom indicator Laguerre-ACS1 US_OIL,H1: loaded successfully
2	22:21:21.213	Custom indicator WBR US_OIL,H1: loaded successfully
2	22:21:21.598	Custom indicator SupResZone_MTF JP225,H1: loaded successfully
2	22:21:21.608	Custom indicator SupResZone_MTF JP225,H1: loaded successfully
2	22:21:21.618	Custom indicator SupResZone_MTF JP225,H1: loaded successfully
2	22:21:21.628	Custom indicator SupResZone_MTF JP225,H1: loaded successfully
2	22:21:21.638	Custom indicator MACD-2x JP225,H1: loaded successfully
2	22:21:21.706	Custom indicator Laguerre-ACS1 JP225,H1: loaded successfully
2	22:21:21.956	Custom indicator SupResZone_MTF SPX500,H1: loaded successfully
2	22:21:21.966	Custom indicator SupResZone_MTF SPX500,H1: loaded successfully
2	22:21:21.977	Custom indicator SupResZone_MTF SPX500,H1: loaded successfully
2	22:21:21.987	Custom indicator SupResZone_MTF SPX500,H1: loaded successfully
2	22:21:21.997	Custom indicator MACD-2x SPX500,H1: loaded successfully
2	22:21:22.065	Custom indicator Laguerre-ACS1 SPX500,H1: loaded successfully
2	22:21:22.306	Custom indicator SupResZone_MTF EURAUD.,H1: loaded successfully
2	22:21:22.316	Custom indicator SupResZone_MTF EURAUD.,H1: loaded successfully
2	22:21:22.325	Custom indicator SupResZone_MTF EURAUD.,H1: loaded successfully
2	22:21:22.335	Custom indicator SupResZone_MTF EURAUD.,H1: loaded successfully
2	22:21:22.345	Custom indicator MACD-2x EURAUD.,H1: loaded successfully
2	22:21:22.414	Custom indicator Laguerre-ACS1 EURAUD.,H1: loaded successfully
2	22:21:22.592	Custom indicator SupResZone_MTF AUDJPY.,H4: loaded successfully
2	22:21:22.602	Custom indicator SupResZone_MTF AUDJPY.,H4: loaded successfully
2	22:21:22.613	Custom indicator SupResZone_MTF AUDJPY.,H4: loaded successfully
2	22:21:22.623	Custom indicator SupResZone_MTF AUDJPY.,H4: loaded successfully
2	22:21:22.632	Custom indicator MACD-2x AUDJPY.,H4: loaded successfully
2	22:21:22.701	Custom indicator Laguerre-ACS1 AUDJPY.,H4: loaded successfully
2	22:21:22.884	Custom indicator SupResZone_MTF AUDUSD.,H4: loaded successfully
2	22:21:22.894	Custom indicator SupResZone_MTF AUDUSD.,H4: loaded successfully
2	22:21:22.905	Custom indicator SupResZone_MTF AUDUSD.,H4: loaded successfully
2	22:21:22.915	Custom indicator SupResZone_MTF AUDUSD.,H4: loaded successfully
2	22:21:22.926	Custom indicator MACD-2x AUDUSD.,H4: loaded successfully
2	22:21:22.994	Custom indicator Laguerre-ACS1 AUDUSD.,H4: loaded successfully
2	22:21:23.168	Custom indicator SupResZone_MTF USDJPY.,H4: loaded successfully
2	22:21:23.178	Custom indicator SupResZone_MTF USDJPY.,H4: loaded successfully
2	22:21:23.188	Custom indicator SupResZone_MTF USDJPY.,H4: loaded successfully
2	22:21:23.198	Custom indicator SupResZone_MTF USDJPY.,H4: loaded successfully
2	22:21:23.208	Custom indicator MACD-2x USDJPY.,H4: loaded successfully
2	22:21:23.275	Custom indicator Laguerre-ACS1 USDJPY.,H4: loaded successfully
2	22:21:23.481	Custom indicator SupResZone_MTF EURJPY.,H1: loaded successfully
2	22:21:23.492	Custom indicator SupResZone_MTF EURJPY.,H1: loaded successfully
2	22:21:23.502	Custom indicator SupResZone_MTF EURJPY.,H1: loaded successfully
2	22:21:23.516	Custom indicator SupResZone_MTF EURJPY.,H1: loaded successfully
2	22:21:23.527	Custom indicator MACD-2x EURJPY.,H1: loaded successfully
2	22:21:23.599	Custom indicator Laguerre-ACS1 EURJPY.,H1: loaded successfully
2	22:21:23.821	Custom indicator SupResZone_MTF EURUSD.,H1: loaded successfully
2	22:21:23.831	Custom indicator SupResZone_MTF EURUSD.,H1: loaded successfully
2	22:21:23.841	Custom indicator SupResZone_MTF EURUSD.,H1: loaded successfully
2	22:21:23.851	Custom indicator SupResZone_MTF EURUSD.,H1: loaded successfully
2	22:21:23.861	Custom indicator MACD-2x EURUSD.,H1: loaded successfully
2	22:21:23.930	Custom indicator Laguerre-ACS1 EURUSD.,H1: loaded successfully
2	22:21:24.161	Custom indicator SupResZone_MTF GBPUSD.,Daily: loaded successfully
2	22:21:24.172	Custom indicator SupResZone_MTF GBPUSD.,Daily: loaded successfully
2	22:21:24.183	Custom indicator SupResZone_MTF GBPUSD.,Daily: loaded successfully
2	22:21:24.192	Custom indicator SupResZone_MTF GBPUSD.,Daily: loaded successfully
2	22:21:24.201	Custom indicator MACD-2x GBPUSD.,Daily: loaded successfully
2	22:21:24.270	Custom indicator Laguerre-ACS1 GBPUSD.,Daily: loaded successfully
2	22:21:24.425	Custom indicator SupResZone_MTF USDCAD.,H4: loaded successfully
2	22:21:24.435	Custom indicator SupResZone_MTF USDCAD.,H4: loaded successfully
2	22:21:24.445	Custom indicator SupResZone_MTF USDCAD.,H4: loaded successfully
2	22:21:24.455	Custom indicator SupResZone_MTF USDCAD.,H4: loaded successfully
2	22:21:24.464	Custom indicator MACD-2x USDCAD.,H4: loaded successfully
2	22:21:24.536	Custom indicator Laguerre-ACS1 USDCAD.,H4: loaded successfully
2	22:21:24.732	Custom indicator SupResZone_MTF USDCHF.,H4: loaded successfully
2	22:21:24.741	Custom indicator SupResZone_MTF USDCHF.,H4: loaded successfully
2	22:21:24.751	Custom indicator SupResZone_MTF USDCHF.,H4: loaded successfully
2	22:21:24.761	Custom indicator SupResZone_MTF USDCHF.,H4: loaded successfully
2	22:21:24.771	Custom indicator MACD-2x USDCHF.,H4: loaded successfully
2	22:21:24.840	Custom indicator Laguerre-ACS1 USDCHF.,H4: loaded successfully
2	22:21:25.036	Custom indicator MACD-2x USDCNH,Daily: loaded successfully
2	22:21:25.046	Custom indicator MACD-2x USDCNH,Daily: loaded successfully
2	22:21:25.115	Custom indicator Laguerre-ACS1 USDCNH,Daily: loaded successfully
2	22:21:25.202	Custom indicator GMMA Long USDJPY.,H1: loaded successfully
2	22:21:25.211	Custom indicator GMMA Short USDJPY.,H1: loaded successfully
2	22:21:25.219	Custom indicator 23MTF_MovingAverageIGOR USDJPY.,H1: loaded successfully
2	22:21:25.228	Custom indicator 23MTF_MovingAverageIGOR USDJPY.,H1: loaded successfully
2	22:21:25.238	Custom indicator SupResZone_MTF USDJPY.,H1: loaded successfully
2	22:21:25.247	Custom indicator SupResZone_MTF USDJPY.,H1: loaded successfully
2	22:21:25.257	Custom indicator MACD-2x USDJPY.,H1: loaded successfully
1	22:21:26.968	'120010550': connect failed [No connection]
1	22:21:27.083	MQL5.community: authorization failed
0	22:22:07.774	'120010550': login on PRC-Live through Server 6 (ping: 47.55 ms)
0	22:22:09.043	'120010550': login datacenter on PRC-Live through Server 6 (ping: 47.55 ms)
0	22:22:09.498	'120010550': previous successful authorization performed from 106.133.94.76
0	22:22:26.026	'120010550': auto connecting to a better access point Server 3 (ping is 35.97 ms)
0	22:22:26.436	'120010550': login on PRC-Live through Server 3 (ping: 35.97 ms)
0	22:22:27.056	'120010550': login datacenter on PRC-Live through Server 3 (ping: 35.97 ms)
0	22:22:27.318	'120010550': previous successful authorization performed from 106.181.137.111
0	22:22:38.064	'120010550': modify order #10963614 sell 0.01 XAUUSD. at 1275.83 sl: 0.00 tp: 1271.07 -> sl: 0.00 tp: 1275.31
0	22:22:39.095	'120010550': order #10963614 sell 0.01 XAUUSD. at 1275.83 was modified -> sl: 0.00 tp: 1275.31
1	22:22:56.668	'120010550': modification of order #10959519 sell 0.01 US_OIL at 57.00 sl: 0.00 tp: 56.51 -> sl: 57.20 tp: 56.51 failed [Invalid S/L or T/P]
0	22:22:59.397	'120010550': modify order #10959519 sell 0.01 US_OIL at 57.00 sl: 0.00 tp: 56.51 -> sl: 0.00 tp: 56.89
0	22:22:59.960	'120010550': order #10959519 sell 0.01 US_OIL at 57.00 was modified -> sl: 0.00 tp: 56.89
0	22:33:50.621	'120010550': modify order #10962219 sell 0.02 EURUSD. at 1.11276 sl: 0.00000 tp: 1.11170 -> sl: 0.00000 tp: 1.11104
0	22:33:51.130	'120010550': order #10962219 sell 0.02 EURUSD. at 1.11276 was modified -> sl: 0.00000 tp: 1.11104
0	22:33:53.124	'120010550': modify order #10956469 sell 0.02 EURUSD. at 1.11949 sl: 1.11490 tp: 1.10438 -> sl: 1.11459 tp: 1.10438
0	22:33:53.943	'120010550': order #10956469 sell 0.02 EURUSD. at 1.11949 was modified -> sl: 1.11459 tp: 1.10438
0	23:56:34.313	'120010550': modify order #10963123 sell 0.02 EURAUD. at 1.60780 sl: 0.00000 tp: 0.00000 -> sl: 0.00000 tp: 1.60681
0	23:56:35.026	'120010550': order #10963123 sell 0.02 EURAUD. at 1.60780 was modified -> sl: 0.00000 tp: 1.60681
0	23:56:39.377	'120010550': modify order #10963407 sell 0.02 EURAUD. at 1.60566 sl: 0.00000 tp: 0.00000 -> sl: 0.00000 tp: 1.60519
0	23:56:40.047	'120010550': order #10963407 sell 0.02 EURAUD. at 1.60566 was modified -> sl: 0.00000 tp: 1.60519
0	23:56:42.009	'120010550': modify order #10963123 sell 0.02 EURAUD. at 1.60780 sl: 0.00000 tp: 1.60681 -> sl: 0.00000 tp: 1.60743
0	23:56:43.042	'120010550': order #10963123 sell 0.02 EURAUD. at 1.60780 was modified -> sl: 0.00000 tp: 1.60743
