2	00:49:54.419	Custom indicator SupResZone_MTF USDXXX,Daily: removed
2	00:49:54.420	Custom indicator SupResZone_MTF USDXXX,Daily: removed
2	00:49:54.423	Custom indicator SupResZone_MTF USDXXX,Daily: removed
2	00:49:54.425	Custom indicator SupResZone_MTF USDXXX,Daily: removed
2	00:49:54.427	Custom indicator MACD-2x USDXXX,Daily: removed
2	00:49:54.427	Custom indicator Laguerre-ACS1 USDXXX,Daily: removed
2	00:49:54.449	Custom indicator SupResZone_MTF XAUUSD.,H4: removed
2	00:49:54.451	Custom indicator SupResZone_MTF XAUUSD.,H4: removed
2	00:49:54.452	Custom indicator SupResZone_MTF XAUUSD.,H4: removed
2	00:49:54.454	Custom indicator SupResZone_MTF XAUUSD.,H4: removed
2	00:49:54.456	Custom indicator MACD-2x XAUUSD.,H4: removed
2	00:49:54.456	Custom indicator Laguerre-ACS1 XAUUSD.,H4: removed
2	00:49:54.479	Custom indicator SupResZone_MTF XAGUSD.,H4: removed
2	00:49:54.482	Custom indicator SupResZone_MTF XAGUSD.,H4: removed
2	00:49:54.483	Custom indicator SupResZone_MTF XAGUSD.,H4: removed
2	00:49:54.485	Custom indicator SupResZone_MTF XAGUSD.,H4: removed
2	00:49:54.487	Custom indicator MACD-2x XAGUSD.,H4: removed
2	00:49:54.487	Custom indicator Laguerre-ACS1 XAGUSD.,H4: removed
2	00:49:54.513	Custom indicator SupResZone_MTF US_OIL,H4: removed
2	00:49:54.515	Custom indicator SupResZone_MTF US_OIL,H4: removed
2	00:49:54.516	Custom indicator SupResZone_MTF US_OIL,H4: removed
2	00:49:54.517	Custom indicator SupResZone_MTF US_OIL,H4: removed
2	00:49:54.520	Custom indicator MACD-2x US_OIL,H4: removed
2	00:49:54.520	Custom indicator Laguerre-ACS1 US_OIL,H4: removed
2	00:49:54.540	Custom indicator SupResZone_MTF JP225,H4: removed
2	00:49:54.542	Custom indicator SupResZone_MTF JP225,H4: removed
2	00:49:54.544	Custom indicator SupResZone_MTF JP225,H4: removed
2	00:49:54.546	Custom indicator SupResZone_MTF JP225,H4: removed
2	00:49:54.547	Custom indicator MACD-2x JP225,H4: removed
2	00:49:54.547	Custom indicator Laguerre-ACS1 JP225,H4: removed
2	00:49:54.567	Custom indicator SupResZone_MTF SPX500,H4: removed
2	00:49:54.568	Custom indicator SupResZone_MTF SPX500,H4: removed
2	00:49:54.569	Custom indicator SupResZone_MTF SPX500,H4: removed
2	00:49:54.571	Custom indicator SupResZone_MTF SPX500,H4: removed
2	00:49:54.573	Custom indicator MACD-2x SPX500,H4: removed
2	00:49:54.573	Custom indicator Laguerre-ACS1 SPX500,H4: removed
2	00:49:54.595	Custom indicator SupResZone_MTF EURAUD.,H4: removed
2	00:49:54.597	Custom indicator SupResZone_MTF EURAUD.,H4: removed
2	00:49:54.599	Custom indicator SupResZone_MTF EURAUD.,H4: removed
2	00:49:54.601	Custom indicator SupResZone_MTF EURAUD.,H4: removed
2	00:49:54.602	Custom indicator MACD-2x EURAUD.,H4: removed
2	00:49:54.602	Custom indicator Laguerre-ACS1 EURAUD.,H4: removed
2	00:49:54.621	Custom indicator SupResZone_MTF AUDJPY.,H4: removed
2	00:49:54.623	Custom indicator SupResZone_MTF AUDJPY.,H4: removed
2	00:49:54.625	Custom indicator SupResZone_MTF AUDJPY.,H4: removed
2	00:49:54.626	Custom indicator SupResZone_MTF AUDJPY.,H4: removed
2	00:49:54.628	Custom indicator MACD-2x AUDJPY.,H4: removed
2	00:49:54.628	Custom indicator Laguerre-ACS1 AUDJPY.,H4: removed
2	00:49:54.650	Custom indicator SupResZone_MTF AUDUSD.,H4: removed
2	00:49:54.652	Custom indicator SupResZone_MTF AUDUSD.,H4: removed
2	00:49:54.653	Custom indicator SupResZone_MTF AUDUSD.,H4: removed
2	00:49:54.655	Custom indicator SupResZone_MTF AUDUSD.,H4: removed
2	00:49:54.657	Custom indicator MACD-2x AUDUSD.,H4: removed
2	00:49:54.657	Custom indicator Laguerre-ACS1 AUDUSD.,H4: removed
2	00:49:54.679	Custom indicator SupResZone_MTF USDJPY.,H1: removed
2	00:49:54.681	Custom indicator SupResZone_MTF USDJPY.,H1: removed
2	00:49:54.683	Custom indicator SupResZone_MTF USDJPY.,H1: removed
2	00:49:54.685	Custom indicator SupResZone_MTF USDJPY.,H1: removed
2	00:49:54.687	Custom indicator MACD-2x USDJPY.,H1: removed
2	00:49:54.687	Custom indicator Laguerre-ACS1 USDJPY.,H1: removed
2	00:49:54.714	Custom indicator SupResZone_MTF EURJPY.,H4: removed
2	00:49:54.716	Custom indicator SupResZone_MTF EURJPY.,H4: removed
2	00:49:54.717	Custom indicator SupResZone_MTF EURJPY.,H4: removed
2	00:49:54.719	Custom indicator SupResZone_MTF EURJPY.,H4: removed
2	00:49:54.720	Custom indicator MACD-2x EURJPY.,H4: removed
2	00:49:54.720	Custom indicator Laguerre-ACS1 EURJPY.,H4: removed
2	00:49:54.745	Custom indicator SupResZone_MTF EURUSD.,H4: removed
2	00:49:54.748	Custom indicator SupResZone_MTF EURUSD.,H4: removed
2	00:49:54.749	Custom indicator SupResZone_MTF EURUSD.,H4: removed
2	00:49:54.751	Custom indicator SupResZone_MTF EURUSD.,H4: removed
2	00:49:54.753	Custom indicator MACD-2x EURUSD.,H4: removed
2	00:49:54.753	Custom indicator Laguerre-ACS1 EURUSD.,H4: removed
2	00:49:54.786	Custom indicator SupResZone_MTF GBPJPY.,H4: removed
2	00:49:54.788	Custom indicator SupResZone_MTF GBPJPY.,H4: removed
2	00:49:54.790	Custom indicator SupResZone_MTF GBPJPY.,H4: removed
2	00:49:54.794	Custom indicator SupResZone_MTF GBPJPY.,H4: removed
2	00:49:54.795	Custom indicator MACD-2x GBPJPY.,H4: removed
2	00:49:54.795	Custom indicator Laguerre-ACS1 GBPJPY.,H4: removed
2	00:49:54.818	Custom indicator SupResZone_MTF GBPUSD.,H4: removed
2	00:49:54.821	Custom indicator SupResZone_MTF GBPUSD.,H4: removed
2	00:49:54.823	Custom indicator SupResZone_MTF GBPUSD.,H4: removed
2	00:49:54.825	Custom indicator SupResZone_MTF GBPUSD.,H4: removed
2	00:49:54.827	Custom indicator MACD-2x GBPUSD.,H4: removed
2	00:49:54.827	Custom indicator Laguerre-ACS1 GBPUSD.,H4: removed
2	00:49:54.836	Custom indicator SupResZone_MTF USDCAD.,H4: removed
2	00:49:54.837	Custom indicator SupResZone_MTF USDCAD.,H4: removed
2	00:49:54.839	Custom indicator SupResZone_MTF USDCAD.,H4: removed
2	00:49:54.841	Custom indicator SupResZone_MTF USDCAD.,H4: removed
2	00:49:54.843	Custom indicator MACD-2x USDCAD.,H4: removed
2	00:49:54.843	Custom indicator Laguerre-ACS1 USDCAD.,H4: removed
2	00:49:54.849	Custom indicator SupResZone_MTF USDCHF.,H4: removed
2	00:49:54.851	Custom indicator SupResZone_MTF USDCHF.,H4: removed
2	00:49:54.853	Custom indicator SupResZone_MTF USDCHF.,H4: removed
2	00:49:54.854	Custom indicator SupResZone_MTF USDCHF.,H4: removed
2	00:49:54.856	Custom indicator MACD-2x USDCHF.,H4: removed
2	00:49:54.856	Custom indicator Laguerre-ACS1 USDCHF.,H4: removed
2	00:49:54.864	Custom indicator SupResZone_MTF USDCNH,Daily: removed
2	00:49:54.866	Custom indicator SupResZone_MTF USDCNH,Daily: removed
2	00:49:54.867	Custom indicator SupResZone_MTF USDCNH,Daily: removed
2	00:49:54.869	Custom indicator SupResZone_MTF USDCNH,Daily: removed
2	00:49:54.871	Custom indicator MACD-2x USDCNH,Daily: removed
2	00:49:54.871	Custom indicator Laguerre-ACS1 USDCNH,Daily: removed
2	00:49:54.888	Custom indicator GMMA Long USDJPY.,H4: removed
2	00:49:54.890	Custom indicator GMMA Short USDJPY.,H4: removed
2	00:49:54.892	Custom indicator 23MTF_MovingAverageIGOR USDJPY.,H4: removed
2	00:49:54.894	Custom indicator 23MTF_MovingAverageIGOR USDJPY.,H4: removed
2	00:49:54.896	Custom indicator SupResZone_MTF USDJPY.,H4: removed
2	00:49:54.898	Custom indicator SupResZone_MTF USDJPY.,H4: removed
2	00:49:54.900	Custom indicator MACD-2x USDJPY.,H4: removed
2	00:49:54.912	Custom indicator SupResZone_MTF CHINA300,Daily: removed
2	00:49:54.913	Custom indicator SupResZone_MTF CHINA300,Daily: removed
2	00:49:54.915	Custom indicator SupResZone_MTF CHINA300,Daily: removed
2	00:49:54.916	Custom indicator SupResZone_MTF CHINA300,Daily: removed
2	00:49:54.918	Custom indicator MACD-2x CHINA300,Daily: removed
2	00:49:54.918	Custom indicator Laguerre-ACS1 CHINA300,Daily: removed
0	00:49:55.453	FX Trader build 1170 stopped
0	18:48:21.636	FX Trader build 1170 started (Performance Ronnaru Capital Ltd.)
0	18:48:21.637	Windows 10 Home x64, IE 11, UAC, 8 x Intel Core i7-6700HQ  @ 2.60GHz, Memory: 26272 / 32639 Mb, Disk: 137 / 264 Gb, GMT+8
0	18:48:21.637	Data Folder: C:\Users\tiany\AppData\Roaming\MetaQuotes\Terminal\79214103E7A6FC97F86082D309D0B84B
2	18:48:24.139	Custom indicator SupResZone_MTF USDXXX,Daily: loaded successfully
2	18:48:24.157	Custom indicator SupResZone_MTF USDXXX,Daily: loaded successfully
2	18:48:24.177	Custom indicator SupResZone_MTF USDXXX,Daily: loaded successfully
2	18:48:24.195	Custom indicator SupResZone_MTF USDXXX,Daily: loaded successfully
2	18:48:24.210	Custom indicator MACD-2x USDXXX,Daily: loaded successfully
2	18:48:24.316	Custom indicator Laguerre-ACS1 USDXXX,Daily: loaded successfully
2	18:48:24.516	Custom indicator SupResZone_MTF XAUUSD.,H4: loaded successfully
2	18:48:24.532	Custom indicator SupResZone_MTF XAUUSD.,H4: loaded successfully
2	18:48:24.548	Custom indicator SupResZone_MTF XAUUSD.,H4: loaded successfully
2	18:48:24.563	Custom indicator SupResZone_MTF XAUUSD.,H4: loaded successfully
2	18:48:24.577	Custom indicator MACD-2x XAUUSD.,H4: loaded successfully
2	18:48:24.711	Custom indicator Laguerre-ACS1 XAUUSD.,H4: loaded successfully
2	18:48:25.061	Custom indicator SupResZone_MTF XAGUSD.,H4: loaded successfully
2	18:48:25.079	Custom indicator SupResZone_MTF XAGUSD.,H4: loaded successfully
2	18:48:25.098	Custom indicator SupResZone_MTF XAGUSD.,H4: loaded successfully
2	18:48:25.124	Custom indicator SupResZone_MTF XAGUSD.,H4: loaded successfully
2	18:48:25.168	Custom indicator MACD-2x XAGUSD.,H4: loaded successfully
2	18:48:25.383	Custom indicator Laguerre-ACS1 XAGUSD.,H4: loaded successfully
2	18:48:25.788	Custom indicator SupResZone_MTF US_OIL,H4: loaded successfully
2	18:48:25.816	Custom indicator SupResZone_MTF US_OIL,H4: loaded successfully
2	18:48:25.835	Custom indicator SupResZone_MTF US_OIL,H4: loaded successfully
2	18:48:25.853	Custom indicator SupResZone_MTF US_OIL,H4: loaded successfully
2	18:48:25.877	Custom indicator MACD-2x US_OIL,H4: loaded successfully
2	18:48:26.053	Custom indicator Laguerre-ACS1 US_OIL,H4: loaded successfully
2	18:48:26.457	Custom indicator SupResZone_MTF JP225,H4: loaded successfully
2	18:48:26.477	Custom indicator SupResZone_MTF JP225,H4: loaded successfully
2	18:48:26.501	Custom indicator SupResZone_MTF JP225,H4: loaded successfully
2	18:48:26.526	Custom indicator SupResZone_MTF JP225,H4: loaded successfully
2	18:48:26.549	Custom indicator MACD-2x JP225,H4: loaded successfully
2	18:48:26.705	Custom indicator Laguerre-ACS1 JP225,H4: loaded successfully
2	18:48:27.065	Custom indicator SupResZone_MTF SPX500,H4: loaded successfully
2	18:48:27.083	Custom indicator SupResZone_MTF SPX500,H4: loaded successfully
2	18:48:27.103	Custom indicator SupResZone_MTF SPX500,H4: loaded successfully
2	18:48:27.119	Custom indicator SupResZone_MTF SPX500,H4: loaded successfully
2	18:48:27.137	Custom indicator MACD-2x SPX500,H4: loaded successfully
2	18:48:27.278	Custom indicator Laguerre-ACS1 SPX500,H4: loaded successfully
2	18:48:27.614	Custom indicator SupResZone_MTF EURAUD.,H4: loaded successfully
2	18:48:27.632	Custom indicator SupResZone_MTF EURAUD.,H4: loaded successfully
2	18:48:27.647	Custom indicator SupResZone_MTF EURAUD.,H4: loaded successfully
2	18:48:27.663	Custom indicator SupResZone_MTF EURAUD.,H4: loaded successfully
2	18:48:27.680	Custom indicator MACD-2x EURAUD.,H4: loaded successfully
2	18:48:27.788	Custom indicator Laguerre-ACS1 EURAUD.,H4: loaded successfully
2	18:48:28.050	Custom indicator SupResZone_MTF AUDJPY.,H4: loaded successfully
2	18:48:28.066	Custom indicator SupResZone_MTF AUDJPY.,H4: loaded successfully
2	18:48:28.080	Custom indicator SupResZone_MTF AUDJPY.,H4: loaded successfully
2	18:48:28.095	Custom indicator SupResZone_MTF AUDJPY.,H4: loaded successfully
2	18:48:28.109	Custom indicator MACD-2x AUDJPY.,H4: loaded successfully
2	18:48:28.210	Custom indicator Laguerre-ACS1 AUDJPY.,H4: loaded successfully
2	18:48:28.462	Custom indicator SupResZone_MTF AUDUSD.,H4: loaded successfully
2	18:48:28.479	Custom indicator SupResZone_MTF AUDUSD.,H4: loaded successfully
2	18:48:28.497	Custom indicator SupResZone_MTF AUDUSD.,H4: loaded successfully
2	18:48:28.516	Custom indicator SupResZone_MTF AUDUSD.,H4: loaded successfully
2	18:48:28.534	Custom indicator MACD-2x AUDUSD.,H4: loaded successfully
2	18:48:28.637	Custom indicator Laguerre-ACS1 AUDUSD.,H4: loaded successfully
2	18:48:28.856	Custom indicator SupResZone_MTF USDJPY.,H1: loaded successfully
2	18:48:28.870	Custom indicator SupResZone_MTF USDJPY.,H1: loaded successfully
2	18:48:28.886	Custom indicator SupResZone_MTF USDJPY.,H1: loaded successfully
2	18:48:28.902	Custom indicator SupResZone_MTF USDJPY.,H1: loaded successfully
2	18:48:28.916	Custom indicator MACD-2x USDJPY.,H1: loaded successfully
2	18:48:29.016	Custom indicator Laguerre-ACS1 USDJPY.,H1: loaded successfully
2	18:48:29.302	Custom indicator SupResZone_MTF EURJPY.,H4: loaded successfully
2	18:48:29.316	Custom indicator SupResZone_MTF EURJPY.,H4: loaded successfully
2	18:48:29.331	Custom indicator SupResZone_MTF EURJPY.,H4: loaded successfully
2	18:48:29.343	Custom indicator SupResZone_MTF EURJPY.,H4: loaded successfully
2	18:48:29.355	Custom indicator MACD-2x EURJPY.,H4: loaded successfully
2	18:48:29.436	Custom indicator Laguerre-ACS1 EURJPY.,H4: loaded successfully
2	18:48:29.675	Custom indicator SupResZone_MTF EURUSD.,H4: loaded successfully
2	18:48:29.686	Custom indicator SupResZone_MTF EURUSD.,H4: loaded successfully
2	18:48:29.697	Custom indicator SupResZone_MTF EURUSD.,H4: loaded successfully
2	18:48:29.708	Custom indicator SupResZone_MTF EURUSD.,H4: loaded successfully
2	18:48:29.725	Custom indicator MACD-2x EURUSD.,H4: loaded successfully
2	18:48:29.793	Custom indicator Laguerre-ACS1 EURUSD.,H4: loaded successfully
2	18:48:30.029	Custom indicator SupResZone_MTF GBPJPY.,H4: loaded successfully
2	18:48:30.040	Custom indicator SupResZone_MTF GBPJPY.,H4: loaded successfully
2	18:48:30.051	Custom indicator SupResZone_MTF GBPJPY.,H4: loaded successfully
2	18:48:30.061	Custom indicator SupResZone_MTF GBPJPY.,H4: loaded successfully
2	18:48:30.075	Custom indicator MACD-2x GBPJPY.,H4: loaded successfully
2	18:48:30.156	Custom indicator Laguerre-ACS1 GBPJPY.,H4: loaded successfully
2	18:48:30.399	Custom indicator SupResZone_MTF GBPUSD.,H4: loaded successfully
2	18:48:30.413	Custom indicator SupResZone_MTF GBPUSD.,H4: loaded successfully
2	18:48:30.425	Custom indicator SupResZone_MTF GBPUSD.,H4: loaded successfully
2	18:48:30.439	Custom indicator SupResZone_MTF GBPUSD.,H4: loaded successfully
2	18:48:30.451	Custom indicator MACD-2x GBPUSD.,H4: loaded successfully
2	18:48:30.533	Custom indicator Laguerre-ACS1 GBPUSD.,H4: loaded successfully
2	18:48:30.841	Custom indicator SupResZone_MTF USDCAD.,H4: loaded successfully
2	18:48:30.856	Custom indicator SupResZone_MTF USDCAD.,H4: loaded successfully
2	18:48:30.871	Custom indicator SupResZone_MTF USDCAD.,H4: loaded successfully
2	18:48:30.887	Custom indicator SupResZone_MTF USDCAD.,H4: loaded successfully
2	18:48:30.901	Custom indicator MACD-2x USDCAD.,H4: loaded successfully
2	18:48:31.014	Custom indicator Laguerre-ACS1 USDCAD.,H4: loaded successfully
2	18:48:31.292	Custom indicator SupResZone_MTF USDCHF.,H4: loaded successfully
2	18:48:31.308	Custom indicator SupResZone_MTF USDCHF.,H4: loaded successfully
2	18:48:31.325	Custom indicator SupResZone_MTF USDCHF.,H4: loaded successfully
2	18:48:31.340	Custom indicator SupResZone_MTF USDCHF.,H4: loaded successfully
2	18:48:31.353	Custom indicator MACD-2x USDCHF.,H4: loaded successfully
2	18:48:31.463	Custom indicator Laguerre-ACS1 USDCHF.,H4: loaded successfully
2	18:48:31.680	Custom indicator SupResZone_MTF USDCNH,Daily: loaded successfully
2	18:48:31.691	Custom indicator SupResZone_MTF USDCNH,Daily: loaded successfully
2	18:48:31.701	Custom indicator SupResZone_MTF USDCNH,Daily: loaded successfully
2	18:48:31.714	Custom indicator SupResZone_MTF USDCNH,Daily: loaded successfully
2	18:48:31.730	Custom indicator MACD-2x USDCNH,Daily: loaded successfully
2	18:48:31.823	Custom indicator Laguerre-ACS1 USDCNH,Daily: loaded successfully
2	18:48:31.997	Custom indicator GMMA Long USDJPY.,H4: loaded successfully
2	18:48:32.008	Custom indicator GMMA Short USDJPY.,H4: loaded successfully
2	18:48:32.020	Custom indicator 23MTF_MovingAverageIGOR USDJPY.,H4: loaded successfully
2	18:48:32.031	Custom indicator 23MTF_MovingAverageIGOR USDJPY.,H4: loaded successfully
2	18:48:32.041	Custom indicator SupResZone_MTF USDJPY.,H4: loaded successfully
2	18:48:32.053	Custom indicator SupResZone_MTF USDJPY.,H4: loaded successfully
2	18:48:32.067	Custom indicator MACD-2x USDJPY.,H4: loaded successfully
2	18:48:32.350	Custom indicator SupResZone_MTF CHINA300,Daily: loaded successfully
2	18:48:32.372	Custom indicator SupResZone_MTF CHINA300,Daily: loaded successfully
2	18:48:32.390	Custom indicator SupResZone_MTF CHINA300,Daily: loaded successfully
2	18:48:32.406	Custom indicator SupResZone_MTF CHINA300,Daily: loaded successfully
2	18:48:32.419	Custom indicator MACD-2x CHINA300,Daily: loaded successfully
2	18:48:32.526	Custom indicator Laguerre-ACS1 CHINA300,Daily: loaded successfully
0	18:48:35.419	'120010550': login on PRC-Live through Server 5 (ping: 96.04 ms)
0	18:48:36.613	'120010550': login datacenter on PRC-Live through Server 5 (ping: 96.04 ms)
0	18:48:36.990	'120010550': previous successful authorization performed from 223.104.237.156
0	18:48:51.704	'120010550': modify order #11051103 buy 0.01 XAUUSD. at 1416.00 sl: 0.00 tp: 1417.00 -> sl: 0.00 tp: 1430.32
0	18:48:52.163	'120010550': order #11051103 buy 0.01 XAUUSD. at 1416.00 was modified -> sl: 0.00 tp: 1430.32
0	18:48:56.003	'120010550': ping to current access point Server 5 is 96.08 ms
0	19:42:05.034	'120010550': order sell market 0.01 EURAUD. sl: 0.00000 tp: 0.00000
0	19:42:05.827	'120010550': order was opened : #11052993 sell 0.01 EURAUD. at 1.62427 sl: 0.00000 tp: 0.00000
0	19:42:21.789	'120010550': modify order #11052993 sell 0.01 EURAUD. at 1.62427 sl: 0.00000 tp: 0.00000 -> sl: 0.00000 tp: 1.62173
0	19:42:22.874	'120010550': order #11052993 sell 0.01 EURAUD. at 1.62427 was modified -> sl: 0.00000 tp: 1.62173
0	19:55:59.208	'120010550': modify order #11042526 sell 0.01 JP225 at 21046 sl: 21617 tp: 0 -> sl: 21617 tp: 21029
0	19:55:59.934	'120010550': order #11042526 sell 0.01 JP225 at 21046 was modified -> sl: 21617 tp: 21029
0	20:22:53.217	'120010550': modify order #11048373 sell 0.02 EURAUD. at 1.62322 sl: 1.63552 tp: 1.61593 -> sl: 1.63128 tp: 1.61593
0	20:22:53.772	'120010550': order #11048373 sell 0.02 EURAUD. at 1.62322 was modified -> sl: 1.63128 tp: 1.61593
0	20:22:58.741	'120010550': modify order #11048373 sell 0.02 EURAUD. at 1.62322 sl: 1.63128 tp: 1.61593 -> sl: 1.63078 tp: 1.61593
0	20:22:59.772	'120010550': order #11048373 sell 0.02 EURAUD. at 1.62322 was modified -> sl: 1.63078 tp: 1.61593
0	20:31:58.852	'120010550': modify pending order #11050246 buy stop 0.01 US_OIL at 60.53 sl: 0.00 tp: 0.00 -> price: 60.02 sl: 0.00 tp: 0.00
0	20:31:59.850	'120010550': pending order #11050246 buy stop 0.01 US_OIL was modified -> price: 60.02 sl: 0.00 tp: 0.00
0	20:53:29.176	'120010550': modify order #11052993 sell 0.01 EURAUD. at 1.62427 sl: 0.00000 tp: 1.62173 -> sl: 0.00000 tp: 1.62236
0	20:53:29.841	'120010550': order #11052993 sell 0.01 EURAUD. at 1.62427 was modified -> sl: 0.00000 tp: 1.62236
0	21:07:54.911	'120010550': modify order #11051103 buy 0.01 XAUUSD. at 1416.00 sl: 0.00 tp: 1430.32 -> sl: 0.00 tp: 1416.15
0	21:07:55.494	'120010550': order #11051103 buy 0.01 XAUUSD. at 1416.00 was modified -> sl: 0.00 tp: 1416.15
1	21:42:25.549	'120010550': ping failed
0	21:42:26.304	'120010550': login on PRC-Live through Server 5 (ping: 96.08 ms)
0	21:42:29.193	'120010550': login datacenter on PRC-Live through Server 5 (ping: 96.08 ms)
0	21:42:29.646	'120010550': previous successful authorization performed from 223.104.237.156
0	21:42:57.976	'120010550': ping to current access point Server 5 is 96.02 ms
0	22:58:04.147	'120010550': order #11052993 sell 0.01 EURAUD. at 1.62427 closed due take-profit at price 1.62236
