2	03:43:25.780	Custom indicator Laguerre-ACS1 USDJPY.,H4: removed
2	03:43:25.784	Custom indicator MACD USDJPY.,H4: removed
2	03:43:25.791	Custom indicator Laguerre-ACS1 EURJPY.,H4: removed
2	03:43:25.793	Custom indicator MACD EURJPY.,H4: removed
2	03:43:25.797	Custom indicator Laguerre-ACS1 EURUSD.,H4: removed
2	03:43:25.799	Custom indicator MACD EURUSD.,H4: removed
2	03:43:25.805	Custom indicator Laguerre-ACS1 GBPUSD.,H4: removed
2	03:43:25.807	Custom indicator MACD GBPUSD.,H4: removed
2	03:43:25.811	Custom indicator Laguerre-ACS1 GBPJPY.,H4: removed
2	03:43:25.813	Custom indicator MACD GBPJPY.,H4: removed
2	03:43:25.835	Custom indicator Laguerre-ACS1 JP225,Weekly: removed
2	03:43:25.837	Custom indicator MACD JP225,Weekly: removed
2	03:43:25.858	Custom indicator Laguerre-ACS1 NDX100,Weekly: removed
2	03:43:25.860	Custom indicator MACD NDX100,Weekly: removed
2	03:43:25.882	Custom indicator Laguerre-ACS1 SPX500,Weekly: removed
2	03:43:25.884	Custom indicator MACD SPX500,Weekly: removed
2	03:43:25.892	Custom indicator Laguerre-ACS1 A50,Daily: removed
2	03:43:25.895	Custom indicator MACD A50,Daily: removed
2	03:43:25.899	Custom indicator Laguerre-ACS1 XAUUSD.,H1: removed
2	03:43:25.901	Custom indicator MACD XAUUSD.,H1: removed
2	03:43:25.914	Custom indicator Laguerre-ACS1 US_OIL,Daily: removed
2	03:43:25.915	Custom indicator MACD US_OIL,Daily: removed
0	03:43:26.286	FX Trader build 1170 stopped
0	20:37:07.125	FX Trader build 1170 started (Performance Ronnaru Capital Ltd.)
0	20:37:07.126	Windows 10 Home x64, IE 11, UAC, 8 x Intel Core i7-6700HQ  @ 2.60GHz, Memory: 25481 / 32639 Mb, Disk: 146 / 264 Gb, GMT+9
0	20:37:07.126	Data Folder: C:\Users\tiany\AppData\Roaming\MetaQuotes\Terminal\79214103E7A6FC97F86082D309D0B84B
2	20:37:09.801	Custom indicator 小鱼\Laguerre-ACS1 USDJPY.,H4: loaded successfully
2	20:37:09.817	Custom indicator MACD USDJPY.,H4: loaded successfully
2	20:37:09.981	Custom indicator 小鱼\Laguerre-ACS1 EURJPY.,H4: loaded successfully
2	20:37:09.998	Custom indicator MACD EURJPY.,H4: loaded successfully
2	20:37:10.151	Custom indicator 小鱼\Laguerre-ACS1 EURUSD.,H4: loaded successfully
2	20:37:10.167	Custom indicator MACD EURUSD.,H4: loaded successfully
2	20:37:10.327	Custom indicator 小鱼\Laguerre-ACS1 GBPUSD.,H4: loaded successfully
2	20:37:10.339	Custom indicator MACD GBPUSD.,H4: loaded successfully
2	20:37:10.468	Custom indicator 小鱼\Laguerre-ACS1 GBPJPY.,H4: loaded successfully
2	20:37:10.480	Custom indicator MACD GBPJPY.,H4: loaded successfully
2	20:37:10.605	Custom indicator 小鱼\Laguerre-ACS1 JP225,Weekly: loaded successfully
2	20:37:10.621	Custom indicator MACD JP225,Weekly: loaded successfully
2	20:37:10.770	Custom indicator 小鱼\Laguerre-ACS1 NDX100,Weekly: loaded successfully
2	20:37:10.785	Custom indicator MACD NDX100,Weekly: loaded successfully
2	20:37:10.925	Custom indicator 小鱼\Laguerre-ACS1 SPX500,Weekly: loaded successfully
2	20:37:10.940	Custom indicator MACD SPX500,Weekly: loaded successfully
2	20:37:11.099	Custom indicator 小鱼\Laguerre-ACS1 A50,Daily: loaded successfully
2	20:37:11.113	Custom indicator MACD A50,Daily: loaded successfully
2	20:37:11.288	Custom indicator 小鱼\Laguerre-ACS1 XAUUSD.,H1: loaded successfully
2	20:37:11.305	Custom indicator MACD XAUUSD.,H1: loaded successfully
2	20:37:11.490	Custom indicator 小鱼\Laguerre-ACS1 US_OIL,Daily: loaded successfully
2	20:37:11.501	Custom indicator MACD US_OIL,Daily: loaded successfully
0	20:37:12.938	'120010550': login on PRC-Live through Server 3 (ping: 62.07 ms)
0	20:37:13.750	'120010550': login datacenter on PRC-Live through Server 3 (ping: 62.07 ms)
0	20:37:14.202	'120010550': previous successful authorization performed from 106.181.127.121
0	20:37:30.711	'120010550': ping to current access point Server 3 is 38.31 ms
2	22:16:14.921	Custom indicator Laguerre-ACS1 USDJPY.,Daily: removed
2	22:16:14.924	Custom indicator MACD USDJPY.,Daily: removed
2	22:16:14.947	Custom indicator Laguerre-ACS1 EURJPY.,H4: removed
2	22:16:14.949	Custom indicator MACD EURJPY.,H4: removed
2	22:16:14.967	Custom indicator Laguerre-ACS1 EURUSD.,Daily: removed
2	22:16:14.969	Custom indicator MACD EURUSD.,Daily: removed
2	22:16:14.984	Custom indicator Laguerre-ACS1 GBPUSD.,H4: removed
2	22:16:14.987	Custom indicator MACD GBPUSD.,H4: removed
2	22:16:15.004	Custom indicator Laguerre-ACS1 GBPJPY.,H4: removed
2	22:16:15.006	Custom indicator MACD GBPJPY.,H4: removed
2	22:16:15.065	Custom indicator Laguerre-ACS1 JP225,H1: removed
2	22:16:15.068	Custom indicator MACD JP225,H1: removed
2	22:16:15.083	Custom indicator Laguerre-ACS1 NDX100,H4: removed
2	22:16:15.085	Custom indicator MACD NDX100,H4: removed
2	22:16:15.089	Custom indicator Laguerre-ACS1 SPX500,H4: removed
2	22:16:15.090	Custom indicator MACD SPX500,H4: removed
2	22:16:15.094	Custom indicator Laguerre-ACS1 A50,Daily: removed
2	22:16:15.096	Custom indicator MACD A50,Daily: removed
2	22:16:15.100	Custom indicator Laguerre-ACS1 XAUUSD.,Daily: removed
2	22:16:15.102	Custom indicator MACD XAUUSD.,Daily: removed
2	22:16:15.109	Custom indicator Laguerre-ACS1 US_OIL,Daily: removed
2	22:16:15.110	Custom indicator MACD US_OIL,Daily: removed
0	22:16:15.470	FX Trader build 1170 stopped
0	22:16:29.463	FX Trader build 1170 started (Performance Ronnaru Capital Ltd.)
0	22:16:29.464	Windows 10 Home x64, IE 11, UAC, 8 x Intel Core i7-6700HQ  @ 2.60GHz, Memory: 25837 / 32639 Mb, Disk: 146 / 264 Gb, GMT+9
0	22:16:29.464	Data Folder: C:\Users\tiany\AppData\Roaming\MetaQuotes\Terminal\79214103E7A6FC97F86082D309D0B84B
2	22:16:31.296	Custom indicator 小鱼\Laguerre-ACS1 USDJPY.,Daily: loaded successfully
2	22:16:31.306	Custom indicator MACD USDJPY.,Daily: loaded successfully
2	22:16:31.422	Custom indicator 小鱼\Laguerre-ACS1 EURJPY.,H4: loaded successfully
2	22:16:31.433	Custom indicator MACD EURJPY.,H4: loaded successfully
2	22:16:31.565	Custom indicator 小鱼\Laguerre-ACS1 EURUSD.,Daily: loaded successfully
2	22:16:31.576	Custom indicator MACD EURUSD.,Daily: loaded successfully
2	22:16:31.723	Custom indicator 小鱼\Laguerre-ACS1 GBPUSD.,H4: loaded successfully
2	22:16:31.733	Custom indicator MACD GBPUSD.,H4: loaded successfully
2	22:16:31.854	Custom indicator 小鱼\Laguerre-ACS1 GBPJPY.,H4: loaded successfully
2	22:16:31.864	Custom indicator MACD GBPJPY.,H4: loaded successfully
2	22:16:31.987	Custom indicator 小鱼\Laguerre-ACS1 JP225,H1: loaded successfully
2	22:16:31.997	Custom indicator MACD JP225,H1: loaded successfully
2	22:16:32.135	Custom indicator 小鱼\Laguerre-ACS1 NDX100,H4: loaded successfully
2	22:16:32.147	Custom indicator MACD NDX100,H4: loaded successfully
2	22:16:32.289	Custom indicator 小鱼\Laguerre-ACS1 SPX500,H4: loaded successfully
2	22:16:32.300	Custom indicator MACD SPX500,H4: loaded successfully
2	22:16:32.432	Custom indicator 小鱼\Laguerre-ACS1 A50,Daily: loaded successfully
2	22:16:32.442	Custom indicator MACD A50,Daily: loaded successfully
2	22:16:32.587	Custom indicator 小鱼\Laguerre-ACS1 XAUUSD.,Daily: loaded successfully
2	22:16:32.597	Custom indicator MACD XAUUSD.,Daily: loaded successfully
2	22:16:32.723	Custom indicator 小鱼\Laguerre-ACS1 US_OIL,Daily: loaded successfully
2	22:16:32.733	Custom indicator MACD US_OIL,Daily: loaded successfully
0	22:16:34.020	'120010550': login on PRC-Live through Server 3 (ping: 38.31 ms)
0	22:16:34.804	'120010550': login datacenter on PRC-Live through Server 3 (ping: 38.31 ms)
0	22:16:35.073	'120010550': previous successful authorization performed from 106.181.127.121
0	22:16:51.161	'120010550': ping to current access point Server 3 is 34.02 ms
