1	00:16:03.192	'120010550': ping failed
1	00:16:03.398	'120010550': connect failed [No connection]
0	00:16:11.728	'120010550': login on PRC-Live through Server 8 (ping: n/a)
0	00:16:13.871	'120010550': login datacenter on PRC-Live through Server 8 (ping: n/a)
0	00:16:15.381	'120010550': previous successful authorization performed from 101.131.181.36
0	00:16:45.415	'120010550': auto connecting to a better access point Server 5 (ping is 100.53 ms)
0	00:16:46.564	'120010550': login on PRC-Live through Server 5 (ping: 100.53 ms)
0	00:16:48.383	'120010550': login datacenter on PRC-Live through Server 5 (ping: 100.53 ms)
0	00:16:49.303	'120010550': previous successful authorization performed from 101.131.181.36
2	00:25:38.491	Custom indicator SupResZone_MTF USDXXX,Daily: removed
2	00:25:38.493	Custom indicator SupResZone_MTF USDXXX,Daily: removed
2	00:25:38.495	Custom indicator SupResZone_MTF USDXXX,Daily: removed
2	00:25:38.497	Custom indicator SupResZone_MTF USDXXX,Daily: removed
2	00:25:38.498	Custom indicator MACD-2x USDXXX,Daily: removed
2	00:25:38.498	Custom indicator Laguerre-ACS1 USDXXX,Daily: removed
2	00:25:38.505	Custom indicator SupResZone_MTF XAUUSD.,Daily: removed
2	00:25:38.507	Custom indicator SupResZone_MTF XAUUSD.,Daily: removed
2	00:25:38.508	Custom indicator SupResZone_MTF XAUUSD.,Daily: removed
2	00:25:38.510	Custom indicator SupResZone_MTF XAUUSD.,Daily: removed
2	00:25:38.512	Custom indicator MACD-2x XAUUSD.,Daily: removed
2	00:25:38.512	Custom indicator Laguerre-ACS1 XAUUSD.,Daily: removed
2	00:25:38.519	Custom indicator SupResZone_MTF XAGUSD.,H1: removed
2	00:25:38.521	Custom indicator SupResZone_MTF XAGUSD.,H1: removed
2	00:25:38.522	Custom indicator SupResZone_MTF XAGUSD.,H1: removed
2	00:25:38.524	Custom indicator SupResZone_MTF XAGUSD.,H1: removed
2	00:25:38.525	Custom indicator MACD-2x XAGUSD.,H1: removed
2	00:25:38.525	Custom indicator Laguerre-ACS1 XAGUSD.,H1: removed
2	00:25:38.531	Custom indicator SupResZone_MTF US_OIL,Daily: removed
2	00:25:38.533	Custom indicator SupResZone_MTF US_OIL,Daily: removed
2	00:25:38.535	Custom indicator SupResZone_MTF US_OIL,Daily: removed
2	00:25:38.537	Custom indicator SupResZone_MTF US_OIL,Daily: removed
2	00:25:38.539	Custom indicator MACD-2x US_OIL,Daily: removed
2	00:25:38.539	Custom indicator Laguerre-ACS1 US_OIL,Daily: removed
2	00:25:38.565	Custom indicator SupResZone_MTF JP225,H1: removed
2	00:25:38.567	Custom indicator SupResZone_MTF JP225,H1: removed
2	00:25:38.569	Custom indicator SupResZone_MTF JP225,H1: removed
2	00:25:38.571	Custom indicator SupResZone_MTF JP225,H1: removed
2	00:25:38.574	Custom indicator MACD-2x JP225,H1: removed
2	00:25:38.574	Custom indicator Laguerre-ACS1 JP225,H1: removed
2	00:25:38.598	Custom indicator SupResZone_MTF SPX500,H1: removed
2	00:25:38.600	Custom indicator SupResZone_MTF SPX500,H1: removed
2	00:25:38.602	Custom indicator SupResZone_MTF SPX500,H1: removed
2	00:25:38.604	Custom indicator SupResZone_MTF SPX500,H1: removed
2	00:25:38.606	Custom indicator MACD-2x SPX500,H1: removed
2	00:25:38.606	Custom indicator Laguerre-ACS1 SPX500,H1: removed
2	00:25:38.613	Custom indicator SupResZone_MTF EURAUD.,Weekly: removed
2	00:25:38.616	Custom indicator SupResZone_MTF EURAUD.,Weekly: removed
2	00:25:38.619	Custom indicator SupResZone_MTF EURAUD.,Weekly: removed
2	00:25:38.620	Custom indicator SupResZone_MTF EURAUD.,Weekly: removed
2	00:25:38.622	Custom indicator MACD-2x EURAUD.,Weekly: removed
2	00:25:38.622	Custom indicator Laguerre-ACS1 EURAUD.,Weekly: removed
2	00:25:38.629	Custom indicator SupResZone_MTF AUDJPY.,Weekly: removed
2	00:25:38.631	Custom indicator SupResZone_MTF AUDJPY.,Weekly: removed
2	00:25:38.633	Custom indicator SupResZone_MTF AUDJPY.,Weekly: removed
2	00:25:38.635	Custom indicator SupResZone_MTF AUDJPY.,Weekly: removed
2	00:25:38.637	Custom indicator MACD-2x AUDJPY.,Weekly: removed
2	00:25:38.637	Custom indicator Laguerre-ACS1 AUDJPY.,Weekly: removed
2	00:25:38.647	Custom indicator SupResZone_MTF AUDUSD.,H1: removed
2	00:25:38.648	Custom indicator SupResZone_MTF AUDUSD.,H1: removed
2	00:25:38.650	Custom indicator SupResZone_MTF AUDUSD.,H1: removed
2	00:25:38.652	Custom indicator SupResZone_MTF AUDUSD.,H1: removed
2	00:25:38.654	Custom indicator MACD-2x AUDUSD.,H1: removed
2	00:25:38.654	Custom indicator Laguerre-ACS1 AUDUSD.,H1: removed
2	00:25:38.659	Custom indicator SupResZone_MTF USDJPY.,H1: removed
2	00:25:38.662	Custom indicator SupResZone_MTF USDJPY.,H1: removed
2	00:25:38.663	Custom indicator SupResZone_MTF USDJPY.,H1: removed
2	00:25:38.665	Custom indicator SupResZone_MTF USDJPY.,H1: removed
2	00:25:38.666	Custom indicator MACD-2x USDJPY.,H1: removed
2	00:25:38.667	Custom indicator Laguerre-ACS1 USDJPY.,H1: removed
2	00:25:38.673	Custom indicator SupResZone_MTF EURJPY.,Monthly: removed
2	00:25:38.675	Custom indicator SupResZone_MTF EURJPY.,Monthly: removed
2	00:25:38.676	Custom indicator SupResZone_MTF EURJPY.,Monthly: removed
2	00:25:38.678	Custom indicator SupResZone_MTF EURJPY.,Monthly: removed
2	00:25:38.680	Custom indicator MACD-2x EURJPY.,Monthly: removed
2	00:25:38.680	Custom indicator Laguerre-ACS1 EURJPY.,Monthly: removed
2	00:25:38.687	Custom indicator SupResZone_MTF EURUSD.,Daily: removed
2	00:25:38.689	Custom indicator SupResZone_MTF EURUSD.,Daily: removed
2	00:25:38.691	Custom indicator SupResZone_MTF EURUSD.,Daily: removed
2	00:25:38.693	Custom indicator SupResZone_MTF EURUSD.,Daily: removed
2	00:25:38.694	Custom indicator MACD-2x EURUSD.,Daily: removed
2	00:25:38.694	Custom indicator Laguerre-ACS1 EURUSD.,Daily: removed
2	00:25:38.700	Custom indicator SupResZone_MTF GBPJPY.,H4: removed
2	00:25:38.703	Custom indicator SupResZone_MTF GBPJPY.,H4: removed
2	00:25:38.704	Custom indicator SupResZone_MTF GBPJPY.,H4: removed
2	00:25:38.706	Custom indicator SupResZone_MTF GBPJPY.,H4: removed
2	00:25:38.707	Custom indicator MACD-2x GBPJPY.,H4: removed
2	00:25:38.707	Custom indicator Laguerre-ACS1 GBPJPY.,H4: removed
2	00:25:38.729	Custom indicator SupResZone_MTF GBPUSD.,H1: removed
2	00:25:38.730	Custom indicator SupResZone_MTF GBPUSD.,H1: removed
2	00:25:38.733	Custom indicator SupResZone_MTF GBPUSD.,H1: removed
2	00:25:38.734	Custom indicator SupResZone_MTF GBPUSD.,H1: removed
2	00:25:38.736	Custom indicator MACD-2x GBPUSD.,H1: removed
2	00:25:38.737	Custom indicator Laguerre-ACS1 GBPUSD.,H1: removed
2	00:25:38.743	Custom indicator SupResZone_MTF USDCAD.,Daily: removed
2	00:25:38.744	Custom indicator SupResZone_MTF USDCAD.,Daily: removed
2	00:25:38.746	Custom indicator SupResZone_MTF USDCAD.,Daily: removed
2	00:25:38.748	Custom indicator SupResZone_MTF USDCAD.,Daily: removed
2	00:25:38.750	Custom indicator MACD-2x USDCAD.,Daily: removed
2	00:25:38.750	Custom indicator Laguerre-ACS1 USDCAD.,Daily: removed
2	00:25:38.757	Custom indicator SupResZone_MTF USDCHF.,H4: removed
2	00:25:38.758	Custom indicator SupResZone_MTF USDCHF.,H4: removed
2	00:25:38.760	Custom indicator SupResZone_MTF USDCHF.,H4: removed
2	00:25:38.762	Custom indicator SupResZone_MTF USDCHF.,H4: removed
2	00:25:38.764	Custom indicator MACD-2x USDCHF.,H4: removed
2	00:25:38.764	Custom indicator Laguerre-ACS1 USDCHF.,H4: removed
2	00:25:38.770	Custom indicator MACD-2x USDCNH,Daily: removed
2	00:25:38.771	Custom indicator MACD-2x USDCNH,Daily: removed
2	00:25:38.771	Custom indicator Laguerre-ACS1 USDCNH,Daily: removed
2	00:25:38.790	Custom indicator GMMA Long USDJPY.,H1: removed
2	00:25:38.792	Custom indicator GMMA Short USDJPY.,H1: removed
2	00:25:38.793	Custom indicator 23MTF_MovingAverageIGOR USDJPY.,H1: removed
2	00:25:38.795	Custom indicator 23MTF_MovingAverageIGOR USDJPY.,H1: removed
2	00:25:38.796	Custom indicator SupResZone_MTF USDJPY.,H1: removed
2	00:25:38.798	Custom indicator SupResZone_MTF USDJPY.,H1: removed
2	00:25:38.800	Custom indicator MACD-2x USDJPY.,H1: removed
2	00:25:38.813	Custom indicator SupResZone_MTF CHINA300,Daily: removed
2	00:25:38.814	Custom indicator SupResZone_MTF CHINA300,Daily: removed
2	00:25:38.816	Custom indicator SupResZone_MTF CHINA300,Daily: removed
2	00:25:38.818	Custom indicator SupResZone_MTF CHINA300,Daily: removed
2	00:25:38.820	Custom indicator MACD-2x CHINA300,Daily: removed
2	00:25:38.820	Custom indicator Laguerre-ACS1 CHINA300,Daily: removed
0	00:25:39.221	FX Trader build 1170 stopped
