1	01:11:12.550	'120010550': ping failed
0	01:11:16.307	'120010550': login on PRC-Live through Server 7 (ping: 77.99 ms)
0	01:11:17.152	'120010550': login datacenter on PRC-Live through Server 7 (ping: 77.99 ms)
0	01:11:17.653	'120010550': previous successful authorization performed from 106.181.142.53
0	01:11:34.508	'120010550': auto connecting to a better access point Server 3 (ping is 64.22 ms)
0	01:11:34.989	'120010550': login on PRC-Live through Server 3 (ping: 64.22 ms)
0	01:11:35.757	'120010550': login datacenter on PRC-Live through Server 3 (ping: 64.22 ms)
0	01:11:36.188	'120010550': previous successful authorization performed from 106.181.142.53
2	01:28:25.546	Custom indicator span_model EURAUD.,H4: removed
2	01:28:25.555	Custom indicator MACD-2x EURAUD.,H4: removed
2	01:28:25.564	Custom indicator MACD-2x EURAUD.,H4: removed
2	01:28:25.564	Custom indicator Laguerre-ACS1 EURAUD.,H4: removed
2	01:28:25.577	Custom indicator span_model AUDJPY.,H1: removed
2	01:28:25.583	Custom indicator MACD-2x AUDJPY.,H1: removed
2	01:28:25.589	Custom indicator MACD-2x AUDJPY.,H1: removed
2	01:28:25.589	Custom indicator Laguerre-ACS1 AUDJPY.,H1: removed
2	01:28:25.655	Custom indicator span_model XAUUSD.,H1: removed
2	01:28:25.662	Custom indicator MACD-2x XAUUSD.,H1: removed
2	01:28:25.668	Custom indicator MACD-2x XAUUSD.,H1: removed
2	01:28:25.669	Custom indicator Laguerre-ACS1 XAUUSD.,H1: removed
2	01:28:25.691	Custom indicator span_model US_OIL,Daily: removed
2	01:28:25.699	Custom indicator MACD-2x US_OIL,Daily: removed
2	01:28:25.706	Custom indicator MACD-2x US_OIL,Daily: removed
2	01:28:25.706	Custom indicator Laguerre-ACS1 US_OIL,Daily: removed
2	01:28:25.746	Custom indicator span_model JP225,H1: removed
2	01:28:25.753	Custom indicator MACD-2x JP225,H1: removed
2	01:28:25.760	Custom indicator MACD-2x JP225,H1: removed
2	01:28:25.760	Custom indicator Laguerre-ACS1 JP225,H1: removed
2	01:28:25.773	Custom indicator span_model SPX500,H1: removed
2	01:28:25.776	Custom indicator MACD-2x SPX500,H1: removed
2	01:28:25.778	Custom indicator MACD-2x SPX500,H1: removed
2	01:28:25.778	Custom indicator Laguerre-ACS1 SPX500,H1: removed
2	01:28:25.784	Custom indicator span_model NDX100,Daily: removed
2	01:28:25.792	Custom indicator MACD-2x NDX100,Daily: removed
2	01:28:25.796	Custom indicator MACD-2x NDX100,Daily: removed
2	01:28:25.796	Custom indicator Laguerre-ACS1 NDX100,Daily: removed
2	01:28:25.819	Custom indicator span_model USDJPY.,Daily: removed
2	01:28:25.822	Custom indicator MACD-2x USDJPY.,Daily: removed
2	01:28:25.824	Custom indicator MACD-2x USDJPY.,Daily: removed
2	01:28:25.824	Custom indicator Laguerre-ACS1 USDJPY.,Daily: removed
2	01:28:25.852	Custom indicator span_model EURJPY.,Daily: removed
2	01:28:25.854	Custom indicator MACD-2x EURJPY.,Daily: removed
2	01:28:25.857	Custom indicator MACD-2x EURJPY.,Daily: removed
2	01:28:25.857	Custom indicator Laguerre-ACS1 EURJPY.,Daily: removed
2	01:28:25.900	Custom indicator span_model EURUSD.,Daily: removed
2	01:28:25.904	Custom indicator MACD-2x EURUSD.,Daily: removed
2	01:28:25.907	Custom indicator MACD-2x EURUSD.,Daily: removed
2	01:28:25.907	Custom indicator Laguerre-ACS1 EURUSD.,Daily: removed
2	01:28:25.946	Custom indicator span_model GBPUSD.,Daily: removed
2	01:28:25.951	Custom indicator MACD-2x GBPUSD.,Daily: removed
2	01:28:25.954	Custom indicator MACD-2x GBPUSD.,Daily: removed
2	01:28:25.954	Custom indicator Laguerre-ACS1 GBPUSD.,Daily: removed
2	01:28:25.974	Custom indicator span_model GBPJPY.,Daily: removed
2	01:28:25.976	Custom indicator MACD-2x GBPJPY.,Daily: removed
2	01:28:25.979	Custom indicator MACD-2x GBPJPY.,Daily: removed
2	01:28:25.979	Custom indicator Laguerre-ACS1 GBPJPY.,Daily: removed
0	01:28:26.746	FX Trader build 1170 stopped
0	10:33:49.321	FX Trader build 1170 started (Performance Ronnaru Capital Ltd.)
0	10:33:49.322	Windows 10 Home x64, IE 11, UAC, 8 x Intel Core i7-6700HQ  @ 2.60GHz, Memory: 22289 / 32639 Mb, Disk: 140 / 264 Gb, GMT+9
0	10:33:49.322	Data Folder: C:\Users\tiany\AppData\Roaming\MetaQuotes\Terminal\79214103E7A6FC97F86082D309D0B84B
2	10:33:51.328	Custom indicator span_model EURAUD.,H4: loaded successfully
2	10:33:51.338	Custom indicator MACD-2x EURAUD.,H4: loaded successfully
2	10:33:51.348	Custom indicator MACD-2x EURAUD.,H4: loaded successfully
2	10:33:51.418	Custom indicator Laguerre-ACS1 EURAUD.,H4: loaded successfully
2	10:33:51.590	Custom indicator span_model AUDJPY.,H1: loaded successfully
2	10:33:51.601	Custom indicator MACD-2x AUDJPY.,H1: loaded successfully
2	10:33:51.610	Custom indicator MACD-2x AUDJPY.,H1: loaded successfully
2	10:33:51.677	Custom indicator Laguerre-ACS1 AUDJPY.,H1: loaded successfully
2	10:33:51.828	Custom indicator span_model XAUUSD.,H1: loaded successfully
2	10:33:51.838	Custom indicator MACD-2x XAUUSD.,H1: loaded successfully
2	10:33:51.847	Custom indicator MACD-2x XAUUSD.,H1: loaded successfully
2	10:33:51.917	Custom indicator Laguerre-ACS1 XAUUSD.,H1: loaded successfully
2	10:33:52.113	Custom indicator span_model US_OIL,Daily: loaded successfully
2	10:33:52.123	Custom indicator MACD-2x US_OIL,Daily: loaded successfully
2	10:33:52.133	Custom indicator MACD-2x US_OIL,Daily: loaded successfully
2	10:33:52.201	Custom indicator Laguerre-ACS1 US_OIL,Daily: loaded successfully
2	10:33:52.358	Custom indicator span_model JP225,H1: loaded successfully
2	10:33:52.368	Custom indicator MACD-2x JP225,H1: loaded successfully
2	10:33:52.378	Custom indicator MACD-2x JP225,H1: loaded successfully
2	10:33:52.450	Custom indicator Laguerre-ACS1 JP225,H1: loaded successfully
2	10:33:52.734	Custom indicator span_model SPX500,H1: loaded successfully
2	10:33:52.743	Custom indicator MACD-2x SPX500,H1: loaded successfully
2	10:33:52.753	Custom indicator MACD-2x SPX500,H1: loaded successfully
2	10:33:52.821	Custom indicator Laguerre-ACS1 SPX500,H1: loaded successfully
2	10:33:53.054	Custom indicator span_model NDX100,Daily: loaded successfully
2	10:33:53.065	Custom indicator MACD-2x NDX100,Daily: loaded successfully
2	10:33:53.077	Custom indicator MACD-2x NDX100,Daily: loaded successfully
2	10:33:53.146	Custom indicator Laguerre-ACS1 NDX100,Daily: loaded successfully
2	10:33:53.305	Custom indicator span_model USDJPY.,Daily: loaded successfully
2	10:33:53.315	Custom indicator MACD-2x USDJPY.,Daily: loaded successfully
2	10:33:53.325	Custom indicator MACD-2x USDJPY.,Daily: loaded successfully
2	10:33:53.393	Custom indicator Laguerre-ACS1 USDJPY.,Daily: loaded successfully
2	10:33:53.574	Custom indicator span_model EURJPY.,Daily: loaded successfully
2	10:33:53.585	Custom indicator MACD-2x EURJPY.,Daily: loaded successfully
2	10:33:53.594	Custom indicator MACD-2x EURJPY.,Daily: loaded successfully
2	10:33:53.662	Custom indicator Laguerre-ACS1 EURJPY.,Daily: loaded successfully
2	10:33:53.829	Custom indicator span_model EURUSD.,Daily: loaded successfully
2	10:33:53.839	Custom indicator MACD-2x EURUSD.,Daily: loaded successfully
2	10:33:53.848	Custom indicator MACD-2x EURUSD.,Daily: loaded successfully
2	10:33:53.917	Custom indicator Laguerre-ACS1 EURUSD.,Daily: loaded successfully
2	10:33:54.061	Custom indicator span_model GBPUSD.,Daily: loaded successfully
2	10:33:54.072	Custom indicator MACD-2x GBPUSD.,Daily: loaded successfully
2	10:33:54.082	Custom indicator MACD-2x GBPUSD.,Daily: loaded successfully
2	10:33:54.151	Custom indicator Laguerre-ACS1 GBPUSD.,Daily: loaded successfully
2	10:33:54.385	Custom indicator span_model GBPJPY.,Daily: loaded successfully
2	10:33:54.395	Custom indicator MACD-2x GBPJPY.,Daily: loaded successfully
2	10:33:54.405	Custom indicator MACD-2x GBPJPY.,Daily: loaded successfully
2	10:33:54.483	Custom indicator Laguerre-ACS1 GBPJPY.,Daily: loaded successfully
0	10:33:55.899	'120010550': login on PRC-Live through Server 3 (ping: 64.22 ms)
0	10:33:56.825	'120010550': login datacenter on PRC-Live through Server 3 (ping: 64.22 ms)
0	10:33:57.209	'120010550': previous successful authorization performed from 106.181.142.53
0	10:34:13.130	'120010550': ping to current access point Server 3 is 55.39 ms
2	12:38:59.316	Custom indicator span_model EURAUD.,H4: removed
2	12:38:59.318	Custom indicator MACD-2x EURAUD.,H4: removed
2	12:38:59.321	Custom indicator MACD-2x EURAUD.,H4: removed
2	12:38:59.322	Custom indicator Laguerre-ACS1 EURAUD.,H4: removed
2	12:38:59.326	Custom indicator span_model AUDJPY.,H1: removed
2	12:38:59.328	Custom indicator MACD-2x AUDJPY.,H1: removed
2	12:38:59.329	Custom indicator MACD-2x AUDJPY.,H1: removed
2	12:38:59.329	Custom indicator Laguerre-ACS1 AUDJPY.,H1: removed
2	12:38:59.336	Custom indicator span_model XAUUSD.,H1: removed
2	12:38:59.339	Custom indicator MACD-2x XAUUSD.,H1: removed
2	12:38:59.340	Custom indicator MACD-2x XAUUSD.,H1: removed
2	12:38:59.341	Custom indicator Laguerre-ACS1 XAUUSD.,H1: removed
2	12:38:59.346	Custom indicator span_model US_OIL,Daily: removed
2	12:38:59.349	Custom indicator MACD-2x US_OIL,Daily: removed
2	12:38:59.350	Custom indicator MACD-2x US_OIL,Daily: removed
2	12:38:59.350	Custom indicator Laguerre-ACS1 US_OIL,Daily: removed
2	12:38:59.358	Custom indicator span_model JP225,H1: removed
2	12:38:59.360	Custom indicator MACD-2x JP225,H1: removed
2	12:38:59.362	Custom indicator MACD-2x JP225,H1: removed
2	12:38:59.362	Custom indicator Laguerre-ACS1 JP225,H1: removed
2	12:38:59.388	Custom indicator span_model SPX500,H1: removed
2	12:38:59.390	Custom indicator MACD-2x SPX500,H1: removed
2	12:38:59.392	Custom indicator MACD-2x SPX500,H1: removed
2	12:38:59.392	Custom indicator Laguerre-ACS1 SPX500,H1: removed
2	12:38:59.398	Custom indicator span_model NDX100,Daily: removed
2	12:38:59.400	Custom indicator MACD-2x NDX100,Daily: removed
2	12:38:59.403	Custom indicator MACD-2x NDX100,Daily: removed
2	12:38:59.403	Custom indicator Laguerre-ACS1 NDX100,Daily: removed
2	12:38:59.433	Custom indicator span_model USDJPY.,Daily: removed
2	12:38:59.435	Custom indicator MACD-2x USDJPY.,Daily: removed
2	12:38:59.437	Custom indicator MACD-2x USDJPY.,Daily: removed
2	12:38:59.437	Custom indicator Laguerre-ACS1 USDJPY.,Daily: removed
2	12:38:59.459	Custom indicator span_model EURJPY.,Daily: removed
2	12:38:59.461	Custom indicator MACD-2x EURJPY.,Daily: removed
2	12:38:59.463	Custom indicator MACD-2x EURJPY.,Daily: removed
2	12:38:59.463	Custom indicator Laguerre-ACS1 EURJPY.,Daily: removed
2	12:38:59.481	Custom indicator span_model EURUSD.,Daily: removed
2	12:38:59.482	Custom indicator MACD-2x EURUSD.,Daily: removed
2	12:38:59.484	Custom indicator MACD-2x EURUSD.,Daily: removed
2	12:38:59.485	Custom indicator Laguerre-ACS1 EURUSD.,Daily: removed
2	12:38:59.502	Custom indicator span_model GBPUSD.,Daily: removed
2	12:38:59.505	Custom indicator MACD-2x GBPUSD.,Daily: removed
2	12:38:59.507	Custom indicator MACD-2x GBPUSD.,Daily: removed
2	12:38:59.507	Custom indicator Laguerre-ACS1 GBPUSD.,Daily: removed
2	12:38:59.514	Custom indicator span_model GBPJPY.,Daily: removed
2	12:38:59.517	Custom indicator MACD-2x GBPJPY.,Daily: removed
2	12:38:59.518	Custom indicator MACD-2x GBPJPY.,Daily: removed
2	12:38:59.519	Custom indicator Laguerre-ACS1 GBPJPY.,Daily: removed
0	12:38:59.912	FX Trader build 1170 stopped
0	14:45:35.651	FX Trader build 1170 started (Performance Ronnaru Capital Ltd.)
0	14:45:35.652	Windows 10 Home x64, IE 11, UAC, 8 x Intel Core i7-6700HQ  @ 2.60GHz, Memory: 23004 / 32639 Mb, Disk: 140 / 264 Gb, GMT+9
0	14:45:35.652	Data Folder: C:\Users\tiany\AppData\Roaming\MetaQuotes\Terminal\79214103E7A6FC97F86082D309D0B84B
2	14:45:41.498	Custom indicator span_model EURAUD.,H4: loaded successfully
2	14:45:41.550	Custom indicator MACD-2x EURAUD.,H4: loaded successfully
2	14:45:41.578	Custom indicator MACD-2x EURAUD.,H4: loaded successfully
2	14:45:41.709	Custom indicator Laguerre-ACS1 EURAUD.,H4: loaded successfully
2	14:45:42.027	Custom indicator span_model AUDJPY.,H1: loaded successfully
2	14:45:42.038	Custom indicator MACD-2x AUDJPY.,H1: loaded successfully
2	14:45:42.048	Custom indicator MACD-2x AUDJPY.,H1: loaded successfully
2	14:45:42.131	Custom indicator Laguerre-ACS1 AUDJPY.,H1: loaded successfully
2	14:45:42.369	Custom indicator span_model XAUUSD.,H1: loaded successfully
2	14:45:42.380	Custom indicator MACD-2x XAUUSD.,H1: loaded successfully
2	14:45:42.391	Custom indicator MACD-2x XAUUSD.,H1: loaded successfully
2	14:45:42.492	Custom indicator Laguerre-ACS1 XAUUSD.,H1: loaded successfully
2	14:45:42.903	Custom indicator span_model US_OIL,Daily: loaded successfully
2	14:45:42.914	Custom indicator MACD-2x US_OIL,Daily: loaded successfully
2	14:45:42.925	Custom indicator MACD-2x US_OIL,Daily: loaded successfully
2	14:45:42.994	Custom indicator Laguerre-ACS1 US_OIL,Daily: loaded successfully
2	14:45:43.197	Custom indicator span_model JP225,H1: loaded successfully
2	14:45:43.207	Custom indicator MACD-2x JP225,H1: loaded successfully
2	14:45:43.217	Custom indicator MACD-2x JP225,H1: loaded successfully
2	14:45:43.287	Custom indicator Laguerre-ACS1 JP225,H1: loaded successfully
2	14:45:43.776	Custom indicator span_model SPX500,H1: loaded successfully
2	14:45:43.797	Custom indicator MACD-2x SPX500,H1: loaded successfully
2	14:45:43.816	Custom indicator MACD-2x SPX500,H1: loaded successfully
2	14:45:43.945	Custom indicator Laguerre-ACS1 SPX500,H1: loaded successfully
2	14:45:44.307	Custom indicator span_model NDX100,Daily: loaded successfully
2	14:45:44.327	Custom indicator MACD-2x NDX100,Daily: loaded successfully
2	14:45:44.346	Custom indicator MACD-2x NDX100,Daily: loaded successfully
2	14:45:44.470	Custom indicator Laguerre-ACS1 NDX100,Daily: loaded successfully
2	14:45:44.933	Custom indicator span_model USDJPY.,Daily: loaded successfully
2	14:45:44.950	Custom indicator MACD-2x USDJPY.,Daily: loaded successfully
2	14:45:44.967	Custom indicator MACD-2x USDJPY.,Daily: loaded successfully
2	14:45:45.097	Custom indicator Laguerre-ACS1 USDJPY.,Daily: loaded successfully
2	14:45:45.439	Custom indicator span_model EURJPY.,Daily: loaded successfully
2	14:45:45.460	Custom indicator MACD-2x EURJPY.,Daily: loaded successfully
2	14:45:45.490	Custom indicator MACD-2x EURJPY.,Daily: loaded successfully
2	14:45:45.619	Custom indicator Laguerre-ACS1 EURJPY.,Daily: loaded successfully
2	14:45:46.040	Custom indicator span_model EURUSD.,Daily: loaded successfully
2	14:45:46.058	Custom indicator MACD-2x EURUSD.,Daily: loaded successfully
2	14:45:46.077	Custom indicator MACD-2x EURUSD.,Daily: loaded successfully
2	14:45:46.202	Custom indicator Laguerre-ACS1 EURUSD.,Daily: loaded successfully
2	14:45:46.637	Custom indicator span_model GBPUSD.,Daily: loaded successfully
2	14:45:46.654	Custom indicator MACD-2x GBPUSD.,Daily: loaded successfully
2	14:45:46.671	Custom indicator MACD-2x GBPUSD.,Daily: loaded successfully
2	14:45:46.800	Custom indicator Laguerre-ACS1 GBPUSD.,Daily: loaded successfully
2	14:45:47.175	Custom indicator span_model GBPJPY.,Daily: loaded successfully
2	14:45:47.192	Custom indicator MACD-2x GBPJPY.,Daily: loaded successfully
2	14:45:47.210	Custom indicator MACD-2x GBPJPY.,Daily: loaded successfully
2	14:45:47.328	Custom indicator Laguerre-ACS1 GBPJPY.,Daily: loaded successfully
0	14:45:50.572	'120010550': login on PRC-Live through Server 3 (ping: 55.39 ms)
0	14:45:51.901	'120010550': login datacenter on PRC-Live through Server 3 (ping: 55.39 ms)
0	14:45:52.329	'120010550': previous successful authorization performed from 106.181.124.176
0	14:46:08.069	'120010550': auto connecting to a better access point Server 7 (ping is 54.33 ms)
0	14:46:08.577	'120010550': login on PRC-Live through Server 7 (ping: 54.33 ms)
0	14:46:09.519	'120010550': login datacenter on PRC-Live through Server 7 (ping: 54.33 ms)
0	14:46:09.929	'120010550': previous successful authorization performed from 106.181.126.166
1	15:06:24.557	'120010550': ping failed
0	15:06:28.230	'120010550': login on PRC-Live through Server 3 (ping: 66.05 ms)
0	15:06:29.089	'120010550': login datacenter on PRC-Live through Server 3 (ping: 66.05 ms)
0	15:06:29.499	'120010550': previous successful authorization performed from 106.181.126.166
1	15:16:02.572	'120010550': ping failed
0	15:16:06.670	'120010550': login on PRC-Live through Server 6 (ping: 56.64 ms)
0	15:16:08.004	'120010550': login datacenter on PRC-Live through Server 6 (ping: 56.64 ms)
0	15:16:08.824	'120010550': previous successful authorization performed from 106.181.126.166
2	15:17:00.606	Custom indicator span_model USDCAD.,H1: loaded successfully
2	15:17:00.618	Custom indicator MACD-2x USDCAD.,H1: loaded successfully
2	15:17:00.628	Custom indicator MACD-2x USDCAD.,H1: loaded successfully
2	15:17:00.702	Custom indicator Laguerre-ACS1 USDCAD.,H1: loaded successfully
1	15:52:37.551	'120010550': ping failed
0	15:52:41.659	'120010550': login on PRC-Live through Server 8 (ping: 175.25 ms)
0	15:52:43.273	'120010550': login datacenter on PRC-Live through Server 8 (ping: 175.25 ms)
0	15:52:43.801	'120010550': previous successful authorization performed from 106.181.126.166
0	15:53:00.261	'120010550': auto connecting to a better access point Server 3 (ping is 62.80 ms)
0	15:53:00.782	'120010550': login on PRC-Live through Server 3 (ping: 62.80 ms)
0	15:53:01.894	'120010550': login datacenter on PRC-Live through Server 3 (ping: 62.80 ms)
0	15:53:02.362	'120010550': previous successful authorization performed from 106.181.126.166
1	16:15:17.546	'120010550': datacenter connecting failed [6]
0	16:15:18.047	'120010550': login on PRC-Live through Server 3 (ping: 62.80 ms)
0	16:15:18.510	'120010550': login datacenter on PRC-Live through Server 3 (ping: 62.80 ms)
0	16:15:18.874	'120010550': previous successful authorization performed from 106.181.126.166
1	16:49:06.568	'120010550': ping failed
0	16:49:10.290	'120010550': login on PRC-Live through Server 7 (ping: 64.44 ms)
0	16:49:11.466	'120010550': login datacenter on PRC-Live through Server 7 (ping: 64.44 ms)
0	16:49:12.092	'120010550': previous successful authorization performed from 106.181.126.166
2	16:49:36.208	Custom indicator span_model EURAUD.,H4: removed
2	16:49:36.210	Custom indicator MACD-2x EURAUD.,H4: removed
2	16:49:36.212	Custom indicator MACD-2x EURAUD.,H4: removed
2	16:49:36.212	Custom indicator Laguerre-ACS1 EURAUD.,H4: removed
2	16:49:36.218	Custom indicator span_model AUDJPY.,H1: removed
2	16:49:36.220	Custom indicator MACD-2x AUDJPY.,H1: removed
2	16:49:36.222	Custom indicator MACD-2x AUDJPY.,H1: removed
2	16:49:36.222	Custom indicator Laguerre-ACS1 AUDJPY.,H1: removed
2	16:49:36.228	Custom indicator span_model XAUUSD.,H1: removed
2	16:49:36.230	Custom indicator MACD-2x XAUUSD.,H1: removed
2	16:49:36.232	Custom indicator MACD-2x XAUUSD.,H1: removed
2	16:49:36.232	Custom indicator Laguerre-ACS1 XAUUSD.,H1: removed
2	16:49:36.237	Custom indicator span_model US_OIL,Daily: removed
2	16:49:36.240	Custom indicator MACD-2x US_OIL,Daily: removed
2	16:49:36.242	Custom indicator MACD-2x US_OIL,Daily: removed
2	16:49:36.242	Custom indicator Laguerre-ACS1 US_OIL,Daily: removed
2	16:49:36.247	Custom indicator span_model JP225,H1: removed
2	16:49:36.249	Custom indicator MACD-2x JP225,H1: removed
2	16:49:36.251	Custom indicator MACD-2x JP225,H1: removed
2	16:49:36.251	Custom indicator Laguerre-ACS1 JP225,H1: removed
2	16:49:36.258	Custom indicator span_model SPX500,H1: removed
2	16:49:36.260	Custom indicator MACD-2x SPX500,H1: removed
2	16:49:36.262	Custom indicator MACD-2x SPX500,H1: removed
2	16:49:36.262	Custom indicator Laguerre-ACS1 SPX500,H1: removed
2	16:49:36.267	Custom indicator span_model NDX100,Daily: removed
2	16:49:36.269	Custom indicator MACD-2x NDX100,Daily: removed
2	16:49:36.271	Custom indicator MACD-2x NDX100,Daily: removed
2	16:49:36.271	Custom indicator Laguerre-ACS1 NDX100,Daily: removed
2	16:49:36.277	Custom indicator span_model USDJPY.,Daily: removed
2	16:49:36.279	Custom indicator MACD-2x USDJPY.,Daily: removed
2	16:49:36.281	Custom indicator MACD-2x USDJPY.,Daily: removed
2	16:49:36.281	Custom indicator Laguerre-ACS1 USDJPY.,Daily: removed
2	16:49:36.285	Custom indicator span_model EURJPY.,Daily: removed
2	16:49:36.288	Custom indicator MACD-2x EURJPY.,Daily: removed
2	16:49:36.290	Custom indicator MACD-2x EURJPY.,Daily: removed
2	16:49:36.290	Custom indicator Laguerre-ACS1 EURJPY.,Daily: removed
2	16:49:36.296	Custom indicator span_model EURUSD.,Daily: removed
2	16:49:36.298	Custom indicator MACD-2x EURUSD.,Daily: removed
2	16:49:36.300	Custom indicator MACD-2x EURUSD.,Daily: removed
2	16:49:36.300	Custom indicator Laguerre-ACS1 EURUSD.,Daily: removed
2	16:49:36.304	Custom indicator span_model GBPUSD.,Daily: removed
2	16:49:36.307	Custom indicator MACD-2x GBPUSD.,Daily: removed
2	16:49:36.308	Custom indicator MACD-2x GBPUSD.,Daily: removed
2	16:49:36.308	Custom indicator Laguerre-ACS1 GBPUSD.,Daily: removed
2	16:49:36.314	Custom indicator span_model GBPJPY.,Daily: removed
2	16:49:36.316	Custom indicator MACD-2x GBPJPY.,Daily: removed
2	16:49:36.318	Custom indicator MACD-2x GBPJPY.,Daily: removed
2	16:49:36.318	Custom indicator Laguerre-ACS1 GBPJPY.,Daily: removed
2	16:49:36.331	Custom indicator span_model USDCAD.,Daily: removed
2	16:49:36.333	Custom indicator MACD-2x USDCAD.,Daily: removed
2	16:49:36.335	Custom indicator MACD-2x USDCAD.,Daily: removed
2	16:49:36.335	Custom indicator Laguerre-ACS1 USDCAD.,Daily: removed
0	16:49:36.728	FX Trader build 1170 stopped
0	22:05:40.093	FX Trader build 1170 started (Performance Ronnaru Capital Ltd.)
0	22:05:40.094	Windows 10 Home x64, IE 11, UAC, 8 x Intel Core i7-6700HQ  @ 2.60GHz, Memory: 23015 / 32639 Mb, Disk: 140 / 264 Gb, GMT+9
0	22:05:40.094	Data Folder: C:\Users\tiany\AppData\Roaming\MetaQuotes\Terminal\79214103E7A6FC97F86082D309D0B84B
2	22:05:41.927	Custom indicator span_model EURAUD.,H4: loaded successfully
2	22:05:41.938	Custom indicator MACD-2x EURAUD.,H4: loaded successfully
2	22:05:41.951	Custom indicator MACD-2x EURAUD.,H4: loaded successfully
2	22:05:42.018	Custom indicator Laguerre-ACS1 EURAUD.,H4: loaded successfully
2	22:05:42.147	Custom indicator span_model AUDJPY.,H1: loaded successfully
2	22:05:42.157	Custom indicator MACD-2x AUDJPY.,H1: loaded successfully
2	22:05:42.167	Custom indicator MACD-2x AUDJPY.,H1: loaded successfully
2	22:05:42.244	Custom indicator Laguerre-ACS1 AUDJPY.,H1: loaded successfully
2	22:05:42.367	Custom indicator span_model XAUUSD.,H1: loaded successfully
2	22:05:42.376	Custom indicator MACD-2x XAUUSD.,H1: loaded successfully
2	22:05:42.386	Custom indicator MACD-2x XAUUSD.,H1: loaded successfully
2	22:05:42.457	Custom indicator Laguerre-ACS1 XAUUSD.,H1: loaded successfully
2	22:05:42.620	Custom indicator span_model US_OIL,Daily: loaded successfully
2	22:05:42.630	Custom indicator MACD-2x US_OIL,Daily: loaded successfully
2	22:05:42.640	Custom indicator MACD-2x US_OIL,Daily: loaded successfully
2	22:05:42.709	Custom indicator Laguerre-ACS1 US_OIL,Daily: loaded successfully
2	22:05:42.871	Custom indicator span_model JP225,H1: loaded successfully
2	22:05:42.880	Custom indicator MACD-2x JP225,H1: loaded successfully
2	22:05:42.890	Custom indicator MACD-2x JP225,H1: loaded successfully
2	22:05:42.957	Custom indicator Laguerre-ACS1 JP225,H1: loaded successfully
2	22:05:43.204	Custom indicator span_model SPX500,H1: loaded successfully
2	22:05:43.216	Custom indicator MACD-2x SPX500,H1: loaded successfully
2	22:05:43.226	Custom indicator MACD-2x SPX500,H1: loaded successfully
2	22:05:43.294	Custom indicator Laguerre-ACS1 SPX500,H1: loaded successfully
2	22:05:43.490	Custom indicator span_model NDX100,Daily: loaded successfully
2	22:05:43.500	Custom indicator MACD-2x NDX100,Daily: loaded successfully
2	22:05:43.509	Custom indicator MACD-2x NDX100,Daily: loaded successfully
2	22:05:43.578	Custom indicator Laguerre-ACS1 NDX100,Daily: loaded successfully
2	22:05:43.721	Custom indicator span_model USDJPY.,Daily: loaded successfully
2	22:05:43.731	Custom indicator MACD-2x USDJPY.,Daily: loaded successfully
2	22:05:43.741	Custom indicator MACD-2x USDJPY.,Daily: loaded successfully
2	22:05:43.809	Custom indicator Laguerre-ACS1 USDJPY.,Daily: loaded successfully
2	22:05:43.956	Custom indicator span_model EURJPY.,Daily: loaded successfully
2	22:05:43.968	Custom indicator MACD-2x EURJPY.,Daily: loaded successfully
2	22:05:43.977	Custom indicator MACD-2x EURJPY.,Daily: loaded successfully
2	22:05:44.047	Custom indicator Laguerre-ACS1 EURJPY.,Daily: loaded successfully
2	22:05:44.176	Custom indicator span_model EURUSD.,Daily: loaded successfully
2	22:05:44.186	Custom indicator MACD-2x EURUSD.,Daily: loaded successfully
2	22:05:44.197	Custom indicator MACD-2x EURUSD.,Daily: loaded successfully
2	22:05:44.268	Custom indicator Laguerre-ACS1 EURUSD.,Daily: loaded successfully
2	22:05:44.422	Custom indicator span_model GBPUSD.,Daily: loaded successfully
2	22:05:44.431	Custom indicator MACD-2x GBPUSD.,Daily: loaded successfully
2	22:05:44.441	Custom indicator MACD-2x GBPUSD.,Daily: loaded successfully
2	22:05:44.509	Custom indicator Laguerre-ACS1 GBPUSD.,Daily: loaded successfully
2	22:05:44.660	Custom indicator span_model GBPJPY.,Daily: loaded successfully
2	22:05:44.669	Custom indicator MACD-2x GBPJPY.,Daily: loaded successfully
2	22:05:44.679	Custom indicator MACD-2x GBPJPY.,Daily: loaded successfully
2	22:05:44.756	Custom indicator Laguerre-ACS1 GBPJPY.,Daily: loaded successfully
2	22:05:44.942	Custom indicator span_model USDCAD.,Daily: loaded successfully
2	22:05:44.953	Custom indicator MACD-2x USDCAD.,Daily: loaded successfully
2	22:05:44.964	Custom indicator MACD-2x USDCAD.,Daily: loaded successfully
2	22:05:45.036	Custom indicator Laguerre-ACS1 USDCAD.,Daily: loaded successfully
0	22:05:46.456	'120010550': login on PRC-Live through Server 7 (ping: 64.44 ms)
0	22:05:47.831	'120010550': login datacenter on PRC-Live through Server 7 (ping: 64.44 ms)
0	22:05:48.413	'120010550': previous successful authorization performed from 106.181.126.166
0	22:06:05.768	'120010550': auto connecting to a better access point Server 3 (ping is 65.44 ms)
0	22:06:06.364	'120010550': login on PRC-Live through Server 3 (ping: 65.44 ms)
0	22:06:07.126	'120010550': login datacenter on PRC-Live through Server 3 (ping: 65.44 ms)
0	22:06:07.518	'120010550': previous successful authorization performed from 106.181.131.10
