2	00:17:53.946	Custom indicator MACD-2x USDXXX,Daily: removed
2	00:17:53.946	Custom indicator Laguerre-ACS1 USDXXX,Daily: removed
2	00:17:53.982	Custom indicator SupResZone_MTF USDXXX,Daily: loaded successfully
2	00:17:53.992	Custom indicator SupResZone_MTF USDXXX,Daily: loaded successfully
2	00:17:54.004	Custom indicator SupResZone_MTF USDXXX,Daily: loaded successfully
2	00:17:54.014	Custom indicator SupResZone_MTF USDXXX,Daily: loaded successfully
2	00:17:54.024	Custom indicator MACD-2x USDXXX,Daily: loaded successfully
2	00:17:54.096	Custom indicator Laguerre-ACS1 USDXXX,Daily: loaded successfully
2	00:33:36.551	Custom indicator SupResZone_MTF AUDUSD.,Daily: removed
2	00:33:36.553	Custom indicator SupResZone_MTF AUDUSD.,Daily: removed
2	00:33:36.554	Custom indicator SupResZone_MTF AUDUSD.,Daily: removed
2	00:33:36.556	Custom indicator SupResZone_MTF AUDUSD.,Daily: removed
2	00:33:36.557	Custom indicator MACD-2x AUDUSD.,Daily: removed
2	00:33:36.557	Custom indicator Laguerre-ACS1 AUDUSD.,Daily: removed
2	00:33:36.568	Custom indicator SupResZone_MTF AUDUSD.,Daily: loaded successfully
2	00:33:36.579	Custom indicator SupResZone_MTF AUDUSD.,Daily: loaded successfully
2	00:33:36.589	Custom indicator SupResZone_MTF AUDUSD.,Daily: loaded successfully
2	00:33:36.600	Custom indicator SupResZone_MTF AUDUSD.,Daily: loaded successfully
2	00:33:36.610	Custom indicator MACD-2x AUDUSD.,Daily: loaded successfully
2	00:33:36.680	Custom indicator Laguerre-ACS1 AUDUSD.,Daily: loaded successfully
2	00:35:37.075	Custom indicator SupResZone_MTF AUDJPY.,Daily: removed
2	00:35:37.076	Custom indicator SupResZone_MTF AUDJPY.,Daily: removed
2	00:35:37.078	Custom indicator SupResZone_MTF AUDJPY.,Daily: removed
2	00:35:37.080	Custom indicator SupResZone_MTF AUDJPY.,Daily: removed
2	00:35:37.082	Custom indicator MACD-2x AUDJPY.,Daily: removed
2	00:35:37.082	Custom indicator Laguerre-ACS1 AUDJPY.,Daily: removed
2	00:35:37.092	Custom indicator SupResZone_MTF AUDJPY.,Daily: loaded successfully
2	00:35:37.102	Custom indicator SupResZone_MTF AUDJPY.,Daily: loaded successfully
2	00:35:37.114	Custom indicator SupResZone_MTF AUDJPY.,Daily: loaded successfully
2	00:35:37.125	Custom indicator SupResZone_MTF AUDJPY.,Daily: loaded successfully
2	00:35:37.135	Custom indicator MACD-2x AUDJPY.,Daily: loaded successfully
2	00:35:37.205	Custom indicator Laguerre-ACS1 AUDJPY.,Daily: loaded successfully
2	00:36:32.464	Custom indicator SupResZone_MTF EURAUD.,Weekly: removed
2	00:36:32.465	Custom indicator SupResZone_MTF EURAUD.,Weekly: removed
2	00:36:32.466	Custom indicator SupResZone_MTF EURAUD.,Weekly: removed
2	00:36:32.468	Custom indicator SupResZone_MTF EURAUD.,Weekly: removed
2	00:36:32.470	Custom indicator MACD-2x EURAUD.,Weekly: removed
2	00:36:32.470	Custom indicator Laguerre-ACS1 EURAUD.,Weekly: removed
2	00:36:32.480	Custom indicator SupResZone_MTF EURAUD.,Weekly: loaded successfully
2	00:36:32.490	Custom indicator SupResZone_MTF EURAUD.,Weekly: loaded successfully
2	00:36:32.501	Custom indicator SupResZone_MTF EURAUD.,Weekly: loaded successfully
2	00:36:32.511	Custom indicator SupResZone_MTF EURAUD.,Weekly: loaded successfully
2	00:36:32.522	Custom indicator MACD-2x EURAUD.,Weekly: loaded successfully
2	00:36:32.593	Custom indicator Laguerre-ACS1 EURAUD.,Weekly: loaded successfully
2	00:36:50.877	Custom indicator SupResZone_MTF AUDUSD.,Weekly: removed
2	00:36:50.878	Custom indicator SupResZone_MTF AUDUSD.,Weekly: removed
2	00:36:50.879	Custom indicator SupResZone_MTF AUDUSD.,Weekly: removed
2	00:36:50.881	Custom indicator SupResZone_MTF AUDUSD.,Weekly: removed
2	00:36:50.882	Custom indicator MACD-2x AUDUSD.,Weekly: removed
2	00:36:50.882	Custom indicator Laguerre-ACS1 AUDUSD.,Weekly: removed
2	00:36:50.894	Custom indicator SupResZone_MTF AUDUSD.,Weekly: loaded successfully
2	00:36:50.904	Custom indicator SupResZone_MTF AUDUSD.,Weekly: loaded successfully
2	00:36:50.918	Custom indicator SupResZone_MTF AUDUSD.,Weekly: loaded successfully
2	00:36:50.928	Custom indicator SupResZone_MTF AUDUSD.,Weekly: loaded successfully
2	00:36:50.938	Custom indicator MACD-2x AUDUSD.,Weekly: loaded successfully
2	00:36:51.008	Custom indicator Laguerre-ACS1 AUDUSD.,Weekly: loaded successfully
2	00:37:35.419	Custom indicator SupResZone_MTF USDJPY.,Daily: removed
2	00:37:35.421	Custom indicator SupResZone_MTF USDJPY.,Daily: removed
2	00:37:35.423	Custom indicator SupResZone_MTF USDJPY.,Daily: removed
2	00:37:35.426	Custom indicator SupResZone_MTF USDJPY.,Daily: removed
2	00:37:35.427	Custom indicator MACD-2x USDJPY.,Daily: removed
2	00:37:35.427	Custom indicator Laguerre-ACS1 USDJPY.,Daily: removed
2	00:37:35.438	Custom indicator SupResZone_MTF USDJPY.,Daily: loaded successfully
2	00:37:35.448	Custom indicator SupResZone_MTF USDJPY.,Daily: loaded successfully
2	00:37:35.459	Custom indicator SupResZone_MTF USDJPY.,Daily: loaded successfully
2	00:37:35.471	Custom indicator SupResZone_MTF USDJPY.,Daily: loaded successfully
2	00:37:35.483	Custom indicator MACD-2x USDJPY.,Daily: loaded successfully
2	00:37:35.558	Custom indicator Laguerre-ACS1 USDJPY.,Daily: loaded successfully
2	00:38:17.367	Custom indicator SupResZone_MTF EURJPY.,Daily: removed
2	00:38:17.368	Custom indicator SupResZone_MTF EURJPY.,Daily: removed
2	00:38:17.369	Custom indicator SupResZone_MTF EURJPY.,Daily: removed
2	00:38:17.371	Custom indicator SupResZone_MTF EURJPY.,Daily: removed
2	00:38:17.373	Custom indicator MACD-2x EURJPY.,Daily: removed
2	00:38:17.373	Custom indicator Laguerre-ACS1 EURJPY.,Daily: removed
2	00:38:17.383	Custom indicator SupResZone_MTF EURJPY.,Daily: loaded successfully
2	00:38:17.393	Custom indicator SupResZone_MTF EURJPY.,Daily: loaded successfully
2	00:38:17.404	Custom indicator SupResZone_MTF EURJPY.,Daily: loaded successfully
2	00:38:17.415	Custom indicator SupResZone_MTF EURJPY.,Daily: loaded successfully
2	00:38:17.425	Custom indicator MACD-2x EURJPY.,Daily: loaded successfully
2	00:38:17.495	Custom indicator Laguerre-ACS1 EURJPY.,Daily: loaded successfully
2	00:38:33.814	Custom indicator SupResZone_MTF EURUSD.,Weekly: removed
2	00:38:33.815	Custom indicator SupResZone_MTF EURUSD.,Weekly: removed
2	00:38:33.817	Custom indicator SupResZone_MTF EURUSD.,Weekly: removed
2	00:38:33.819	Custom indicator SupResZone_MTF EURUSD.,Weekly: removed
2	00:38:33.821	Custom indicator MACD-2x EURUSD.,Weekly: removed
2	00:38:33.822	Custom indicator Laguerre-ACS1 EURUSD.,Weekly: removed
2	00:38:33.832	Custom indicator SupResZone_MTF EURUSD.,Weekly: loaded successfully
2	00:38:33.843	Custom indicator SupResZone_MTF EURUSD.,Weekly: loaded successfully
2	00:38:33.854	Custom indicator SupResZone_MTF EURUSD.,Weekly: loaded successfully
2	00:38:33.864	Custom indicator SupResZone_MTF EURUSD.,Weekly: loaded successfully
2	00:38:33.874	Custom indicator MACD-2x EURUSD.,Weekly: loaded successfully
2	00:38:33.949	Custom indicator Laguerre-ACS1 EURUSD.,Weekly: loaded successfully
2	00:38:52.152	Custom indicator SupResZone_MTF GBPUSD.,Weekly: removed
2	00:38:52.154	Custom indicator SupResZone_MTF GBPUSD.,Weekly: removed
2	00:38:52.155	Custom indicator SupResZone_MTF GBPUSD.,Weekly: removed
2	00:38:52.157	Custom indicator SupResZone_MTF GBPUSD.,Weekly: removed
2	00:38:52.159	Custom indicator MACD-2x GBPUSD.,Weekly: removed
2	00:38:52.159	Custom indicator Laguerre-ACS1 GBPUSD.,Weekly: removed
2	00:38:52.171	Custom indicator SupResZone_MTF GBPUSD.,Weekly: loaded successfully
2	00:38:52.181	Custom indicator SupResZone_MTF GBPUSD.,Weekly: loaded successfully
2	00:38:52.191	Custom indicator SupResZone_MTF GBPUSD.,Weekly: loaded successfully
2	00:38:52.202	Custom indicator SupResZone_MTF GBPUSD.,Weekly: loaded successfully
2	00:38:52.212	Custom indicator MACD-2x GBPUSD.,Weekly: loaded successfully
2	00:38:52.283	Custom indicator Laguerre-ACS1 GBPUSD.,Weekly: loaded successfully
2	00:39:21.184	Custom indicator SupResZone_MTF USDCAD.,Daily: removed
2	00:39:21.185	Custom indicator SupResZone_MTF USDCAD.,Daily: removed
2	00:39:21.187	Custom indicator SupResZone_MTF USDCAD.,Daily: removed
2	00:39:21.189	Custom indicator SupResZone_MTF USDCAD.,Daily: removed
2	00:39:21.190	Custom indicator MACD-2x USDCAD.,Daily: removed
2	00:39:21.190	Custom indicator Laguerre-ACS1 USDCAD.,Daily: removed
2	00:39:21.201	Custom indicator SupResZone_MTF USDCAD.,Daily: loaded successfully
2	00:39:21.211	Custom indicator SupResZone_MTF USDCAD.,Daily: loaded successfully
2	00:39:21.222	Custom indicator SupResZone_MTF USDCAD.,Daily: loaded successfully
2	00:39:21.232	Custom indicator SupResZone_MTF USDCAD.,Daily: loaded successfully
2	00:39:21.243	Custom indicator MACD-2x USDCAD.,Daily: loaded successfully
2	00:39:21.314	Custom indicator Laguerre-ACS1 USDCAD.,Daily: loaded successfully
2	00:39:40.002	Custom indicator SupResZone_MTF USDCHF.,Weekly: removed
2	00:39:40.003	Custom indicator SupResZone_MTF USDCHF.,Weekly: removed
2	00:39:40.005	Custom indicator SupResZone_MTF USDCHF.,Weekly: removed
2	00:39:40.006	Custom indicator SupResZone_MTF USDCHF.,Weekly: removed
2	00:39:40.008	Custom indicator MACD-2x USDCHF.,Weekly: removed
2	00:39:40.008	Custom indicator Laguerre-ACS1 USDCHF.,Weekly: removed
2	00:39:40.019	Custom indicator SupResZone_MTF USDCHF.,Weekly: loaded successfully
2	00:39:40.029	Custom indicator SupResZone_MTF USDCHF.,Weekly: loaded successfully
2	00:39:40.041	Custom indicator SupResZone_MTF USDCHF.,Weekly: loaded successfully
2	00:39:40.051	Custom indicator SupResZone_MTF USDCHF.,Weekly: loaded successfully
2	00:39:40.062	Custom indicator MACD-2x USDCHF.,Weekly: loaded successfully
2	00:39:40.132	Custom indicator Laguerre-ACS1 USDCHF.,Weekly: loaded successfully
2	00:40:32.670	Custom indicator SupResZone_MTF SPX500,H4: removed
2	00:40:32.671	Custom indicator SupResZone_MTF SPX500,H4: removed
2	00:40:32.673	Custom indicator SupResZone_MTF SPX500,H4: removed
2	00:40:32.674	Custom indicator SupResZone_MTF SPX500,H4: removed
2	00:40:32.677	Custom indicator MACD-2x SPX500,H4: removed
2	00:40:32.677	Custom indicator Laguerre-ACS1 SPX500,H4: removed
2	00:40:32.688	Custom indicator SupResZone_MTF SPX500,H4: loaded successfully
2	00:40:32.698	Custom indicator SupResZone_MTF SPX500,H4: loaded successfully
2	00:40:32.709	Custom indicator SupResZone_MTF SPX500,H4: loaded successfully
2	00:40:32.720	Custom indicator SupResZone_MTF SPX500,H4: loaded successfully
2	00:40:32.730	Custom indicator MACD-2x SPX500,H4: loaded successfully
2	00:40:32.801	Custom indicator Laguerre-ACS1 SPX500,H4: loaded successfully
2	00:41:31.830	Custom indicator SupResZone_MTF SPX500,H4: removed
2	00:41:31.831	Custom indicator SupResZone_MTF SPX500,H4: removed
2	00:41:31.832	Custom indicator SupResZone_MTF SPX500,H4: removed
2	00:41:31.834	Custom indicator SupResZone_MTF SPX500,H4: removed
2	00:41:31.835	Custom indicator MACD-2x SPX500,H4: removed
2	00:41:31.835	Custom indicator Laguerre-ACS1 SPX500,H4: removed
2	00:41:31.847	Custom indicator SupResZone_MTF SPX500,H4: loaded successfully
2	00:41:31.857	Custom indicator SupResZone_MTF SPX500,H4: loaded successfully
2	00:41:31.868	Custom indicator SupResZone_MTF SPX500,H4: loaded successfully
2	00:41:31.879	Custom indicator SupResZone_MTF SPX500,H4: loaded successfully
2	00:41:31.890	Custom indicator MACD-2x SPX500,H4: loaded successfully
2	00:41:31.963	Custom indicator Laguerre-ACS1 SPX500,H4: loaded successfully
2	00:42:00.714	Custom indicator SupResZone_MTF JP225,Daily: removed
2	00:42:00.716	Custom indicator SupResZone_MTF JP225,Daily: removed
2	00:42:00.717	Custom indicator SupResZone_MTF JP225,Daily: removed
2	00:42:00.719	Custom indicator SupResZone_MTF JP225,Daily: removed
2	00:42:00.720	Custom indicator MACD-2x JP225,Daily: removed
2	00:42:00.720	Custom indicator Laguerre-ACS1 JP225,Daily: removed
2	00:42:00.731	Custom indicator SupResZone_MTF JP225,Daily: loaded successfully
2	00:42:00.741	Custom indicator SupResZone_MTF JP225,Daily: loaded successfully
2	00:42:00.752	Custom indicator SupResZone_MTF JP225,Daily: loaded successfully
2	00:42:00.762	Custom indicator SupResZone_MTF JP225,Daily: loaded successfully
2	00:42:00.772	Custom indicator MACD-2x JP225,Daily: loaded successfully
2	00:42:00.842	Custom indicator Laguerre-ACS1 JP225,Daily: loaded successfully
2	00:42:08.231	Custom indicator SupResZone_MTF US_OIL,Daily: removed
2	00:42:08.233	Custom indicator SupResZone_MTF US_OIL,Daily: removed
2	00:42:08.234	Custom indicator SupResZone_MTF US_OIL,Daily: removed
2	00:42:08.236	Custom indicator SupResZone_MTF US_OIL,Daily: removed
2	00:42:08.237	Custom indicator MACD-2x US_OIL,Daily: removed
2	00:42:08.237	Custom indicator Laguerre-ACS1 US_OIL,Daily: removed
2	00:42:08.249	Custom indicator SupResZone_MTF US_OIL,Daily: loaded successfully
2	00:42:08.258	Custom indicator SupResZone_MTF US_OIL,Daily: loaded successfully
2	00:42:08.268	Custom indicator SupResZone_MTF US_OIL,Daily: loaded successfully
2	00:42:08.279	Custom indicator SupResZone_MTF US_OIL,Daily: loaded successfully
2	00:42:08.292	Custom indicator MACD-2x US_OIL,Daily: loaded successfully
2	00:42:08.364	Custom indicator Laguerre-ACS1 US_OIL,Daily: loaded successfully
2	00:42:18.336	Custom indicator SupResZone_MTF US_OIL,Daily: removed
2	00:42:18.338	Custom indicator SupResZone_MTF US_OIL,Daily: removed
2	00:42:18.340	Custom indicator SupResZone_MTF US_OIL,Daily: removed
2	00:42:18.342	Custom indicator SupResZone_MTF US_OIL,Daily: removed
2	00:42:18.344	Custom indicator MACD-2x US_OIL,Daily: removed
2	00:42:18.344	Custom indicator Laguerre-ACS1 US_OIL,Daily: removed
2	00:42:18.354	Custom indicator SupResZone_MTF US_OIL,Daily: loaded successfully
2	00:42:18.365	Custom indicator SupResZone_MTF US_OIL,Daily: loaded successfully
2	00:42:18.375	Custom indicator SupResZone_MTF US_OIL,Daily: loaded successfully
2	00:42:18.385	Custom indicator SupResZone_MTF US_OIL,Daily: loaded successfully
2	00:42:18.396	Custom indicator MACD-2x US_OIL,Daily: loaded successfully
2	00:42:18.467	Custom indicator Laguerre-ACS1 US_OIL,Daily: loaded successfully
2	00:42:44.042	Custom indicator SupResZone_MTF XAGUSD.,Weekly: removed
2	00:42:44.043	Custom indicator SupResZone_MTF XAGUSD.,Weekly: removed
2	00:42:44.045	Custom indicator SupResZone_MTF XAGUSD.,Weekly: removed
2	00:42:44.046	Custom indicator SupResZone_MTF XAGUSD.,Weekly: removed
2	00:42:44.048	Custom indicator MACD-2x XAGUSD.,Weekly: removed
2	00:42:44.048	Custom indicator Laguerre-ACS1 XAGUSD.,Weekly: removed
2	00:42:44.059	Custom indicator SupResZone_MTF XAGUSD.,Weekly: loaded successfully
2	00:42:44.070	Custom indicator SupResZone_MTF XAGUSD.,Weekly: loaded successfully
2	00:42:44.080	Custom indicator SupResZone_MTF XAGUSD.,Weekly: loaded successfully
2	00:42:44.091	Custom indicator SupResZone_MTF XAGUSD.,Weekly: loaded successfully
2	00:42:44.102	Custom indicator MACD-2x XAGUSD.,Weekly: loaded successfully
2	00:42:44.176	Custom indicator Laguerre-ACS1 XAGUSD.,Weekly: loaded successfully
2	00:42:58.529	Custom indicator SupResZone_MTF XAUUSD.,Daily: removed
2	00:42:58.531	Custom indicator SupResZone_MTF XAUUSD.,Daily: removed
2	00:42:58.533	Custom indicator SupResZone_MTF XAUUSD.,Daily: removed
2	00:42:58.534	Custom indicator SupResZone_MTF XAUUSD.,Daily: removed
2	00:42:58.536	Custom indicator MACD-2x XAUUSD.,Daily: removed
2	00:42:58.536	Custom indicator Laguerre-ACS1 XAUUSD.,Daily: removed
2	00:42:58.547	Custom indicator SupResZone_MTF XAUUSD.,Daily: loaded successfully
2	00:42:58.557	Custom indicator SupResZone_MTF XAUUSD.,Daily: loaded successfully
2	00:42:58.567	Custom indicator SupResZone_MTF XAUUSD.,Daily: loaded successfully
2	00:42:58.578	Custom indicator SupResZone_MTF XAUUSD.,Daily: loaded successfully
2	00:42:58.591	Custom indicator MACD-2x XAUUSD.,Daily: loaded successfully
2	00:42:58.661	Custom indicator Laguerre-ACS1 XAUUSD.,Daily: loaded successfully
2	00:43:30.853	Custom indicator SupResZone_MTF USDXXX,Daily: removed
2	00:43:30.854	Custom indicator SupResZone_MTF USDXXX,Daily: removed
2	00:43:30.855	Custom indicator SupResZone_MTF USDXXX,Daily: removed
2	00:43:30.857	Custom indicator SupResZone_MTF USDXXX,Daily: removed
2	00:43:30.858	Custom indicator MACD-2x USDXXX,Daily: removed
2	00:43:30.858	Custom indicator Laguerre-ACS1 USDXXX,Daily: removed
2	00:43:31.007	Custom indicator SupResZone_MTF XAUUSD.,H4: removed
2	00:43:31.008	Custom indicator SupResZone_MTF XAUUSD.,H4: removed
2	00:43:31.010	Custom indicator SupResZone_MTF XAUUSD.,H4: removed
2	00:43:31.011	Custom indicator SupResZone_MTF XAUUSD.,H4: removed
2	00:43:31.013	Custom indicator MACD-2x XAUUSD.,H4: removed
2	00:43:31.013	Custom indicator Laguerre-ACS1 XAUUSD.,H4: removed
2	00:43:31.041	Custom indicator SupResZone_MTF XAGUSD.,Daily: removed
2	00:43:31.042	Custom indicator SupResZone_MTF XAGUSD.,Daily: removed
2	00:43:31.043	Custom indicator SupResZone_MTF XAGUSD.,Daily: removed
2	00:43:31.045	Custom indicator SupResZone_MTF XAGUSD.,Daily: removed
2	00:43:31.047	Custom indicator MACD-2x XAGUSD.,Daily: removed
2	00:43:31.047	Custom indicator Laguerre-ACS1 XAGUSD.,Daily: removed
2	00:43:31.055	Custom indicator SupResZone_MTF US_OIL,Daily: removed
2	00:43:31.057	Custom indicator SupResZone_MTF US_OIL,Daily: removed
2	00:43:31.058	Custom indicator SupResZone_MTF US_OIL,Daily: removed
2	00:43:31.062	Custom indicator SupResZone_MTF US_OIL,Daily: removed
2	00:43:31.063	Custom indicator MACD-2x US_OIL,Daily: removed
2	00:43:31.063	Custom indicator Laguerre-ACS1 US_OIL,Daily: removed
2	00:43:31.069	Custom indicator SupResZone_MTF JP225,Daily: removed
2	00:43:31.071	Custom indicator SupResZone_MTF JP225,Daily: removed
2	00:43:31.072	Custom indicator SupResZone_MTF JP225,Daily: removed
2	00:43:31.074	Custom indicator SupResZone_MTF JP225,Daily: removed
2	00:43:31.075	Custom indicator MACD-2x JP225,Daily: removed
2	00:43:31.076	Custom indicator Laguerre-ACS1 JP225,Daily: removed
2	00:43:31.083	Custom indicator SupResZone_MTF SPX500,H4: removed
2	00:43:31.086	Custom indicator SupResZone_MTF SPX500,H4: removed
2	00:43:31.087	Custom indicator SupResZone_MTF SPX500,H4: removed
2	00:43:31.089	Custom indicator SupResZone_MTF SPX500,H4: removed
2	00:43:31.091	Custom indicator MACD-2x SPX500,H4: removed
2	00:43:31.091	Custom indicator Laguerre-ACS1 SPX500,H4: removed
2	00:43:31.098	Custom indicator SupResZone_MTF EURAUD.,Daily: removed
2	00:43:31.100	Custom indicator SupResZone_MTF EURAUD.,Daily: removed
2	00:43:31.101	Custom indicator SupResZone_MTF EURAUD.,Daily: removed
2	00:43:31.102	Custom indicator SupResZone_MTF EURAUD.,Daily: removed
2	00:43:31.104	Custom indicator MACD-2x EURAUD.,Daily: removed
2	00:43:31.104	Custom indicator Laguerre-ACS1 EURAUD.,Daily: removed
2	00:43:31.111	Custom indicator SupResZone_MTF AUDJPY.,Daily: removed
2	00:43:31.112	Custom indicator SupResZone_MTF AUDJPY.,Daily: removed
2	00:43:31.114	Custom indicator SupResZone_MTF AUDJPY.,Daily: removed
2	00:43:31.115	Custom indicator SupResZone_MTF AUDJPY.,Daily: removed
2	00:43:31.117	Custom indicator MACD-2x AUDJPY.,Daily: removed
2	00:43:31.117	Custom indicator Laguerre-ACS1 AUDJPY.,Daily: removed
2	00:43:31.139	Custom indicator SupResZone_MTF AUDUSD.,Daily: removed
2	00:43:31.141	Custom indicator SupResZone_MTF AUDUSD.,Daily: removed
2	00:43:31.143	Custom indicator SupResZone_MTF AUDUSD.,Daily: removed
2	00:43:31.144	Custom indicator SupResZone_MTF AUDUSD.,Daily: removed
2	00:43:31.145	Custom indicator MACD-2x AUDUSD.,Daily: removed
2	00:43:31.145	Custom indicator Laguerre-ACS1 AUDUSD.,Daily: removed
2	00:43:31.167	Custom indicator SupResZone_MTF USDJPY.,H4: removed
2	00:43:31.169	Custom indicator SupResZone_MTF USDJPY.,H4: removed
2	00:43:31.170	Custom indicator SupResZone_MTF USDJPY.,H4: removed
2	00:43:31.172	Custom indicator SupResZone_MTF USDJPY.,H4: removed
2	00:43:31.174	Custom indicator MACD-2x USDJPY.,H4: removed
2	00:43:31.174	Custom indicator Laguerre-ACS1 USDJPY.,H4: removed
2	00:43:31.193	Custom indicator SupResZone_MTF EURJPY.,Daily: removed
2	00:43:31.195	Custom indicator SupResZone_MTF EURJPY.,Daily: removed
2	00:43:31.196	Custom indicator SupResZone_MTF EURJPY.,Daily: removed
2	00:43:31.198	Custom indicator SupResZone_MTF EURJPY.,Daily: removed
2	00:43:31.199	Custom indicator MACD-2x EURJPY.,Daily: removed
2	00:43:31.200	Custom indicator Laguerre-ACS1 EURJPY.,Daily: removed
2	00:43:31.219	Custom indicator SupResZone_MTF EURUSD.,Daily: removed
2	00:43:31.221	Custom indicator SupResZone_MTF EURUSD.,Daily: removed
2	00:43:31.222	Custom indicator SupResZone_MTF EURUSD.,Daily: removed
2	00:43:31.223	Custom indicator SupResZone_MTF EURUSD.,Daily: removed
2	00:43:31.226	Custom indicator MACD-2x EURUSD.,Daily: removed
2	00:43:31.226	Custom indicator Laguerre-ACS1 EURUSD.,Daily: removed
2	00:43:31.231	Custom indicator SupResZone_MTF GBPUSD.,Daily: removed
2	00:43:31.233	Custom indicator SupResZone_MTF GBPUSD.,Daily: removed
2	00:43:31.235	Custom indicator SupResZone_MTF GBPUSD.,Daily: removed
2	00:43:31.236	Custom indicator SupResZone_MTF GBPUSD.,Daily: removed
2	00:43:31.238	Custom indicator MACD-2x GBPUSD.,Daily: removed
2	00:43:31.238	Custom indicator Laguerre-ACS1 GBPUSD.,Daily: removed
2	00:43:31.243	Custom indicator SupResZone_MTF USDCAD.,Daily: removed
2	00:43:31.245	Custom indicator SupResZone_MTF USDCAD.,Daily: removed
2	00:43:31.247	Custom indicator SupResZone_MTF USDCAD.,Daily: removed
2	00:43:31.249	Custom indicator SupResZone_MTF USDCAD.,Daily: removed
2	00:43:31.251	Custom indicator MACD-2x USDCAD.,Daily: removed
2	00:43:31.251	Custom indicator Laguerre-ACS1 USDCAD.,Daily: removed
2	00:43:31.268	Custom indicator SupResZone_MTF USDCHF.,Daily: removed
2	00:43:31.270	Custom indicator SupResZone_MTF USDCHF.,Daily: removed
2	00:43:31.271	Custom indicator SupResZone_MTF USDCHF.,Daily: removed
2	00:43:31.273	Custom indicator SupResZone_MTF USDCHF.,Daily: removed
2	00:43:31.274	Custom indicator MACD-2x USDCHF.,Daily: removed
2	00:43:31.274	Custom indicator Laguerre-ACS1 USDCHF.,Daily: removed
2	00:43:31.281	Custom indicator MACD-2x USDCNH,Daily: removed
2	00:43:31.283	Custom indicator MACD-2x USDCNH,Daily: removed
2	00:43:31.284	Custom indicator Laguerre-ACS1 USDCNH,Daily: removed
2	00:43:31.292	Custom indicator GMMA Long USDJPY.,H1: removed
2	00:43:31.293	Custom indicator GMMA Short USDJPY.,H1: removed
2	00:43:31.295	Custom indicator 23MTF_MovingAverageIGOR USDJPY.,H1: removed
2	00:43:31.298	Custom indicator 23MTF_MovingAverageIGOR USDJPY.,H1: removed
2	00:43:31.300	Custom indicator SupResZone_MTF USDJPY.,H1: removed
2	00:43:31.302	Custom indicator SupResZone_MTF USDJPY.,H1: removed
2	00:43:31.303	Custom indicator MACD-2x USDJPY.,H1: removed
0	00:43:31.974	FX Trader build 1170 stopped
0	21:29:50.206	FX Trader build 1170 started (Performance Ronnaru Capital Ltd.)
0	21:29:50.207	Windows 10 Home x64, IE 11, UAC, 8 x Intel Core i7-6700HQ  @ 2.60GHz, Memory: 23828 / 32639 Mb, Disk: 139 / 264 Gb, GMT+9
0	21:29:50.207	Data Folder: C:\Users\tiany\AppData\Roaming\MetaQuotes\Terminal\79214103E7A6FC97F86082D309D0B84B
2	21:29:52.117	Custom indicator SupResZone_MTF USDXXX,Daily: loaded successfully
2	21:29:52.131	Custom indicator SupResZone_MTF USDXXX,Daily: loaded successfully
2	21:29:52.142	Custom indicator SupResZone_MTF USDXXX,Daily: loaded successfully
2	21:29:52.152	Custom indicator SupResZone_MTF USDXXX,Daily: loaded successfully
2	21:29:52.164	Custom indicator MACD-2x USDXXX,Daily: loaded successfully
2	21:29:52.235	Custom indicator Laguerre-ACS1 USDXXX,Daily: loaded successfully
2	21:29:52.364	Custom indicator SupResZone_MTF XAUUSD.,H4: loaded successfully
2	21:29:52.374	Custom indicator SupResZone_MTF XAUUSD.,H4: loaded successfully
2	21:29:52.385	Custom indicator SupResZone_MTF XAUUSD.,H4: loaded successfully
2	21:29:52.394	Custom indicator SupResZone_MTF XAUUSD.,H4: loaded successfully
2	21:29:52.406	Custom indicator MACD-2x XAUUSD.,H4: loaded successfully
2	21:29:52.480	Custom indicator Laguerre-ACS1 XAUUSD.,H4: loaded successfully
2	21:29:52.677	Custom indicator SupResZone_MTF XAGUSD.,Daily: loaded successfully
2	21:29:52.689	Custom indicator SupResZone_MTF XAGUSD.,Daily: loaded successfully
2	21:29:52.699	Custom indicator SupResZone_MTF XAGUSD.,Daily: loaded successfully
2	21:29:52.709	Custom indicator SupResZone_MTF XAGUSD.,Daily: loaded successfully
2	21:29:52.719	Custom indicator MACD-2x XAGUSD.,Daily: loaded successfully
2	21:29:52.790	Custom indicator Laguerre-ACS1 XAGUSD.,Daily: loaded successfully
2	21:29:52.927	Custom indicator SupResZone_MTF US_OIL,Daily: loaded successfully
2	21:29:52.938	Custom indicator SupResZone_MTF US_OIL,Daily: loaded successfully
2	21:29:52.956	Custom indicator SupResZone_MTF US_OIL,Daily: loaded successfully
2	21:29:52.967	Custom indicator SupResZone_MTF US_OIL,Daily: loaded successfully
2	21:29:52.977	Custom indicator MACD-2x US_OIL,Daily: loaded successfully
2	21:29:53.052	Custom indicator Laguerre-ACS1 US_OIL,Daily: loaded successfully
2	21:29:53.193	Custom indicator SupResZone_MTF JP225,Daily: loaded successfully
2	21:29:53.204	Custom indicator SupResZone_MTF JP225,Daily: loaded successfully
2	21:29:53.215	Custom indicator SupResZone_MTF JP225,Daily: loaded successfully
2	21:29:53.226	Custom indicator SupResZone_MTF JP225,Daily: loaded successfully
2	21:29:53.237	Custom indicator MACD-2x JP225,Daily: loaded successfully
2	21:29:53.308	Custom indicator Laguerre-ACS1 JP225,Daily: loaded successfully
2	21:29:53.457	Custom indicator SupResZone_MTF SPX500,H4: loaded successfully
2	21:29:53.469	Custom indicator SupResZone_MTF SPX500,H4: loaded successfully
2	21:29:53.480	Custom indicator SupResZone_MTF SPX500,H4: loaded successfully
2	21:29:53.494	Custom indicator SupResZone_MTF SPX500,H4: loaded successfully
2	21:29:53.506	Custom indicator MACD-2x SPX500,H4: loaded successfully
2	21:29:53.582	Custom indicator Laguerre-ACS1 SPX500,H4: loaded successfully
2	21:29:53.794	Custom indicator SupResZone_MTF EURAUD.,Daily: loaded successfully
2	21:29:53.805	Custom indicator SupResZone_MTF EURAUD.,Daily: loaded successfully
2	21:29:53.815	Custom indicator SupResZone_MTF EURAUD.,Daily: loaded successfully
2	21:29:53.825	Custom indicator SupResZone_MTF EURAUD.,Daily: loaded successfully
2	21:29:53.835	Custom indicator MACD-2x EURAUD.,Daily: loaded successfully
2	21:29:53.904	Custom indicator Laguerre-ACS1 EURAUD.,Daily: loaded successfully
2	21:29:54.048	Custom indicator SupResZone_MTF AUDJPY.,Daily: loaded successfully
2	21:29:54.059	Custom indicator SupResZone_MTF AUDJPY.,Daily: loaded successfully
2	21:29:54.070	Custom indicator SupResZone_MTF AUDJPY.,Daily: loaded successfully
2	21:29:54.080	Custom indicator SupResZone_MTF AUDJPY.,Daily: loaded successfully
2	21:29:54.090	Custom indicator MACD-2x AUDJPY.,Daily: loaded successfully
2	21:29:54.164	Custom indicator Laguerre-ACS1 AUDJPY.,Daily: loaded successfully
2	21:29:54.319	Custom indicator SupResZone_MTF AUDUSD.,Daily: loaded successfully
2	21:29:54.330	Custom indicator SupResZone_MTF AUDUSD.,Daily: loaded successfully
2	21:29:54.341	Custom indicator SupResZone_MTF AUDUSD.,Daily: loaded successfully
2	21:29:54.351	Custom indicator SupResZone_MTF AUDUSD.,Daily: loaded successfully
2	21:29:54.361	Custom indicator MACD-2x AUDUSD.,Daily: loaded successfully
2	21:29:54.437	Custom indicator Laguerre-ACS1 AUDUSD.,Daily: loaded successfully
2	21:29:54.579	Custom indicator SupResZone_MTF USDJPY.,H4: loaded successfully
2	21:29:54.590	Custom indicator SupResZone_MTF USDJPY.,H4: loaded successfully
2	21:29:54.601	Custom indicator SupResZone_MTF USDJPY.,H4: loaded successfully
2	21:29:54.611	Custom indicator SupResZone_MTF USDJPY.,H4: loaded successfully
2	21:29:54.621	Custom indicator MACD-2x USDJPY.,H4: loaded successfully
2	21:29:54.696	Custom indicator Laguerre-ACS1 USDJPY.,H4: loaded successfully
2	21:29:54.902	Custom indicator SupResZone_MTF EURJPY.,Daily: loaded successfully
2	21:29:54.914	Custom indicator SupResZone_MTF EURJPY.,Daily: loaded successfully
2	21:29:54.926	Custom indicator SupResZone_MTF EURJPY.,Daily: loaded successfully
2	21:29:54.936	Custom indicator SupResZone_MTF EURJPY.,Daily: loaded successfully
2	21:29:54.947	Custom indicator MACD-2x EURJPY.,Daily: loaded successfully
2	21:29:55.015	Custom indicator Laguerre-ACS1 EURJPY.,Daily: loaded successfully
2	21:29:55.160	Custom indicator SupResZone_MTF EURUSD.,Daily: loaded successfully
2	21:29:55.170	Custom indicator SupResZone_MTF EURUSD.,Daily: loaded successfully
2	21:29:55.181	Custom indicator SupResZone_MTF EURUSD.,Daily: loaded successfully
2	21:29:55.190	Custom indicator SupResZone_MTF EURUSD.,Daily: loaded successfully
2	21:29:55.202	Custom indicator MACD-2x EURUSD.,Daily: loaded successfully
2	21:29:55.271	Custom indicator Laguerre-ACS1 EURUSD.,Daily: loaded successfully
2	21:29:55.422	Custom indicator SupResZone_MTF GBPUSD.,Daily: loaded successfully
2	21:29:55.434	Custom indicator SupResZone_MTF GBPUSD.,Daily: loaded successfully
2	21:29:55.444	Custom indicator SupResZone_MTF GBPUSD.,Daily: loaded successfully
2	21:29:55.456	Custom indicator SupResZone_MTF GBPUSD.,Daily: loaded successfully
2	21:29:55.465	Custom indicator MACD-2x GBPUSD.,Daily: loaded successfully
2	21:29:55.540	Custom indicator Laguerre-ACS1 GBPUSD.,Daily: loaded successfully
2	21:29:55.691	Custom indicator SupResZone_MTF USDCAD.,Daily: loaded successfully
2	21:29:55.702	Custom indicator SupResZone_MTF USDCAD.,Daily: loaded successfully
2	21:29:55.712	Custom indicator SupResZone_MTF USDCAD.,Daily: loaded successfully
2	21:29:55.722	Custom indicator SupResZone_MTF USDCAD.,Daily: loaded successfully
2	21:29:55.733	Custom indicator MACD-2x USDCAD.,Daily: loaded successfully
2	21:29:55.807	Custom indicator Laguerre-ACS1 USDCAD.,Daily: loaded successfully
2	21:29:55.960	Custom indicator SupResZone_MTF USDCHF.,Daily: loaded successfully
2	21:29:55.974	Custom indicator SupResZone_MTF USDCHF.,Daily: loaded successfully
2	21:29:55.984	Custom indicator SupResZone_MTF USDCHF.,Daily: loaded successfully
2	21:29:55.995	Custom indicator SupResZone_MTF USDCHF.,Daily: loaded successfully
2	21:29:56.007	Custom indicator MACD-2x USDCHF.,Daily: loaded successfully
2	21:29:56.097	Custom indicator Laguerre-ACS1 USDCHF.,Daily: loaded successfully
2	21:29:56.271	Custom indicator MACD-2x USDCNH,Daily: loaded successfully
2	21:29:56.283	Custom indicator MACD-2x USDCNH,Daily: loaded successfully
2	21:29:56.356	Custom indicator Laguerre-ACS1 USDCNH,Daily: loaded successfully
2	21:29:56.428	Custom indicator GMMA Long USDJPY.,H1: loaded successfully
2	21:29:56.437	Custom indicator GMMA Short USDJPY.,H1: loaded successfully
2	21:29:56.446	Custom indicator 23MTF_MovingAverageIGOR USDJPY.,H1: loaded successfully
2	21:29:56.457	Custom indicator 23MTF_MovingAverageIGOR USDJPY.,H1: loaded successfully
2	21:29:56.470	Custom indicator SupResZone_MTF USDJPY.,H1: loaded successfully
2	21:29:56.482	Custom indicator SupResZone_MTF USDJPY.,H1: loaded successfully
2	21:29:56.495	Custom indicator MACD-2x USDJPY.,H1: loaded successfully
0	21:29:58.528	'120010550': login on PRC-Live through Server 7 (ping: 49.70 ms)
0	21:29:59.727	'120010550': login datacenter on PRC-Live through Server 7 (ping: 49.70 ms)
0	21:30:00.071	'120010550': previous successful authorization performed from 106.133.98.3
0	21:30:16.018	'120010550': auto connecting to a better access point Server 3 (ping is 50.65 ms)
0	21:30:16.496	'120010550': login on PRC-Live through Server 3 (ping: 50.65 ms)
0	21:30:17.169	'120010550': login datacenter on PRC-Live through Server 3 (ping: 50.65 ms)
0	21:30:17.532	'120010550': previous successful authorization performed from 106.181.132.222
0	21:32:08.756	'120010550': modify order #10956469 sell 0.02 EURUSD. at 1.11949 sl: 0.00000 tp: 0.00000 -> sl: 0.00000 tp: 1.11780
0	21:32:09.232	'120010550': order #10956469 sell 0.02 EURUSD. at 1.11949 was modified -> sl: 0.00000 tp: 1.11780
0	21:32:22.095	'120010550': modify order #10956469 sell 0.02 EURUSD. at 1.11949 sl: 0.00000 tp: 1.11780 -> sl: 0.00000 tp: 1.11452
0	21:32:23.079	'120010550': order #10956469 sell 0.02 EURUSD. at 1.11949 was modified -> sl: 0.00000 tp: 1.11452
0	21:32:27.641	'120010550': modify order #10956469 sell 0.02 EURUSD. at 1.11949 sl: 0.00000 tp: 1.11452 -> sl: 0.00000 tp: 1.11480
0	21:32:28.077	'120010550': order #10956469 sell 0.02 EURUSD. at 1.11949 was modified -> sl: 0.00000 tp: 1.11480
0	23:06:02.895	'120010550': order sell market 0.01 GBPUSD. sl: 0.00000 tp: 0.00000
0	23:06:04.012	'120010550': order was opened : #10956938 sell 0.01 GBPUSD. at 1.26694 sl: 0.00000 tp: 0.00000
0	23:06:09.098	'120010550': modify order #10956938 sell 0.01 GBPUSD. at 1.26694 sl: 0.00000 tp: 0.00000 -> sl: 0.00000 tp: 1.26472
0	23:06:09.435	'120010550': order #10956938 sell 0.01 GBPUSD. at 1.26694 was modified -> sl: 0.00000 tp: 1.26472
0	23:10:22.279	'120010550': pending order sell limit 0.01 US_OIL at 74.08 sl: 0.00 tp: 0.00
0	23:10:23.221	'120010550': order was opened : #10956941 sell limit 0.01 US_OIL at 74.08 sl: 0.00 tp: 0.00
1	23:10:27.484	'120010550': modification of pending order #10956941 sell limit 0.01 US_OIL at 74.08 sl: 0.00 tp: 0.00 -> price: 55.84 sl: 0.00 tp: 0.00 failed [Invalid S/L or T/P]
1	23:10:33.245	'120010550': modification of pending order #10956941 sell limit 0.01 US_OIL at 74.08 sl: 0.00 tp: 0.00 -> price: 56.88 sl: 0.00 tp: 0.00 failed [Invalid S/L or T/P]
0	23:10:37.937	'120010550': modify pending order #10956941 sell limit 0.01 US_OIL at 74.08 sl: 0.00 tp: 0.00 -> price: 62.07 sl: 0.00 tp: 0.00
0	23:10:39.080	'120010550': pending order #10956941 sell limit 0.01 US_OIL was modified -> price: 62.07 sl: 0.00 tp: 0.00
0	23:11:02.458	'120010550': modify pending order #10956941 sell limit 0.01 US_OIL at 62.07 sl: 0.00 tp: 0.00 -> price: 60.49 sl: 0.00 tp: 0.00
0	23:11:02.939	'120010550': pending order #10956941 sell limit 0.01 US_OIL was modified -> price: 60.49 sl: 0.00 tp: 0.00
0	23:11:22.944	'120010550': modify order #10953753 sell 0.01 XAUUSD. at 1281.26 sl: 0.00 tp: 0.00 -> sl: 0.00 tp: 1275.08
0	23:11:23.386	'120010550': order #10953753 sell 0.01 XAUUSD. at 1281.26 was modified -> sl: 0.00 tp: 1275.08
2	23:11:28.496	Custom indicator SupResZone_MTF USDXXX,Daily: removed
2	23:11:28.499	Custom indicator SupResZone_MTF USDXXX,Daily: removed
2	23:11:28.501	Custom indicator SupResZone_MTF USDXXX,Daily: removed
2	23:11:28.504	Custom indicator SupResZone_MTF USDXXX,Daily: removed
2	23:11:28.507	Custom indicator MACD-2x USDXXX,Daily: removed
2	23:11:28.508	Custom indicator Laguerre-ACS1 USDXXX,Daily: removed
2	23:11:28.535	Custom indicator SupResZone_MTF XAUUSD.,H1: removed
2	23:11:28.537	Custom indicator SupResZone_MTF XAUUSD.,H1: removed
2	23:11:28.540	Custom indicator SupResZone_MTF XAUUSD.,H1: removed
2	23:11:28.542	Custom indicator SupResZone_MTF XAUUSD.,H1: removed
2	23:11:28.544	Custom indicator MACD-2x XAUUSD.,H1: removed
2	23:11:28.544	Custom indicator Laguerre-ACS1 XAUUSD.,H1: removed
2	23:11:28.569	Custom indicator SupResZone_MTF XAGUSD.,H1: removed
2	23:11:28.570	Custom indicator SupResZone_MTF XAGUSD.,H1: removed
2	23:11:28.572	Custom indicator SupResZone_MTF XAGUSD.,H1: removed
2	23:11:28.575	Custom indicator SupResZone_MTF XAGUSD.,H1: removed
2	23:11:28.577	Custom indicator MACD-2x XAGUSD.,H1: removed
2	23:11:28.577	Custom indicator Laguerre-ACS1 XAGUSD.,H1: removed
2	23:11:28.604	Custom indicator SupResZone_MTF US_OIL,H1: removed
2	23:11:28.605	Custom indicator SupResZone_MTF US_OIL,H1: removed
2	23:11:28.609	Custom indicator SupResZone_MTF US_OIL,H1: removed
2	23:11:28.611	Custom indicator SupResZone_MTF US_OIL,H1: removed
2	23:11:28.613	Custom indicator MACD-2x US_OIL,H1: removed
2	23:11:28.613	Custom indicator Laguerre-ACS1 US_OIL,H1: removed
2	23:11:28.643	Custom indicator SupResZone_MTF JP225,H4: removed
2	23:11:28.645	Custom indicator SupResZone_MTF JP225,H4: removed
2	23:11:28.646	Custom indicator SupResZone_MTF JP225,H4: removed
2	23:11:28.648	Custom indicator SupResZone_MTF JP225,H4: removed
2	23:11:28.650	Custom indicator MACD-2x JP225,H4: removed
2	23:11:28.650	Custom indicator Laguerre-ACS1 JP225,H4: removed
2	23:11:28.675	Custom indicator SupResZone_MTF SPX500,H4: removed
2	23:11:28.676	Custom indicator SupResZone_MTF SPX500,H4: removed
2	23:11:28.678	Custom indicator SupResZone_MTF SPX500,H4: removed
2	23:11:28.679	Custom indicator SupResZone_MTF SPX500,H4: removed
2	23:11:28.681	Custom indicator MACD-2x SPX500,H4: removed
2	23:11:28.682	Custom indicator Laguerre-ACS1 SPX500,H4: removed
2	23:11:28.711	Custom indicator SupResZone_MTF EURAUD.,H4: removed
2	23:11:28.712	Custom indicator SupResZone_MTF EURAUD.,H4: removed
2	23:11:28.715	Custom indicator SupResZone_MTF EURAUD.,H4: removed
2	23:11:28.716	Custom indicator SupResZone_MTF EURAUD.,H4: removed
2	23:11:28.718	Custom indicator MACD-2x EURAUD.,H4: removed
2	23:11:28.718	Custom indicator Laguerre-ACS1 EURAUD.,H4: removed
2	23:11:28.739	Custom indicator SupResZone_MTF AUDJPY.,H4: removed
2	23:11:28.741	Custom indicator SupResZone_MTF AUDJPY.,H4: removed
2	23:11:28.743	Custom indicator SupResZone_MTF AUDJPY.,H4: removed
2	23:11:28.746	Custom indicator SupResZone_MTF AUDJPY.,H4: removed
2	23:11:28.748	Custom indicator MACD-2x AUDJPY.,H4: removed
2	23:11:28.748	Custom indicator Laguerre-ACS1 AUDJPY.,H4: removed
2	23:11:28.770	Custom indicator SupResZone_MTF AUDUSD.,H4: removed
2	23:11:28.772	Custom indicator SupResZone_MTF AUDUSD.,H4: removed
2	23:11:28.773	Custom indicator SupResZone_MTF AUDUSD.,H4: removed
2	23:11:28.775	Custom indicator SupResZone_MTF AUDUSD.,H4: removed
2	23:11:28.776	Custom indicator MACD-2x AUDUSD.,H4: removed
2	23:11:28.776	Custom indicator Laguerre-ACS1 AUDUSD.,H4: removed
2	23:11:28.795	Custom indicator SupResZone_MTF USDJPY.,H4: removed
2	23:11:28.798	Custom indicator SupResZone_MTF USDJPY.,H4: removed
2	23:11:28.801	Custom indicator SupResZone_MTF USDJPY.,H4: removed
2	23:11:28.802	Custom indicator SupResZone_MTF USDJPY.,H4: removed
2	23:11:28.804	Custom indicator MACD-2x USDJPY.,H4: removed
2	23:11:28.805	Custom indicator Laguerre-ACS1 USDJPY.,H4: removed
2	23:11:28.824	Custom indicator SupResZone_MTF EURJPY.,H4: removed
2	23:11:28.826	Custom indicator SupResZone_MTF EURJPY.,H4: removed
2	23:11:28.827	Custom indicator SupResZone_MTF EURJPY.,H4: removed
2	23:11:28.829	Custom indicator SupResZone_MTF EURJPY.,H4: removed
2	23:11:28.830	Custom indicator MACD-2x EURJPY.,H4: removed
2	23:11:28.831	Custom indicator Laguerre-ACS1 EURJPY.,H4: removed
2	23:11:28.849	Custom indicator SupResZone_MTF EURUSD.,H4: removed
2	23:11:28.850	Custom indicator SupResZone_MTF EURUSD.,H4: removed
2	23:11:28.852	Custom indicator SupResZone_MTF EURUSD.,H4: removed
2	23:11:28.854	Custom indicator SupResZone_MTF EURUSD.,H4: removed
2	23:11:28.856	Custom indicator MACD-2x EURUSD.,H4: removed
2	23:11:28.856	Custom indicator Laguerre-ACS1 EURUSD.,H4: removed
2	23:11:28.874	Custom indicator SupResZone_MTF GBPUSD.,H4: removed
2	23:11:28.876	Custom indicator SupResZone_MTF GBPUSD.,H4: removed
2	23:11:28.877	Custom indicator SupResZone_MTF GBPUSD.,H4: removed
2	23:11:28.879	Custom indicator SupResZone_MTF GBPUSD.,H4: removed
2	23:11:28.881	Custom indicator MACD-2x GBPUSD.,H4: removed
2	23:11:28.881	Custom indicator Laguerre-ACS1 GBPUSD.,H4: removed
2	23:11:28.887	Custom indicator SupResZone_MTF USDCAD.,H4: removed
2	23:11:28.889	Custom indicator SupResZone_MTF USDCAD.,H4: removed
2	23:11:28.890	Custom indicator SupResZone_MTF USDCAD.,H4: removed
2	23:11:28.892	Custom indicator SupResZone_MTF USDCAD.,H4: removed
2	23:11:28.894	Custom indicator MACD-2x USDCAD.,H4: removed
2	23:11:28.894	Custom indicator Laguerre-ACS1 USDCAD.,H4: removed
2	23:11:28.911	Custom indicator SupResZone_MTF USDCHF.,H4: removed
2	23:11:28.913	Custom indicator SupResZone_MTF USDCHF.,H4: removed
2	23:11:28.914	Custom indicator SupResZone_MTF USDCHF.,H4: removed
2	23:11:28.917	Custom indicator SupResZone_MTF USDCHF.,H4: removed
2	23:11:28.919	Custom indicator MACD-2x USDCHF.,H4: removed
2	23:11:28.919	Custom indicator Laguerre-ACS1 USDCHF.,H4: removed
2	23:11:28.925	Custom indicator MACD-2x USDCNH,Daily: removed
2	23:11:28.928	Custom indicator MACD-2x USDCNH,Daily: removed
2	23:11:28.928	Custom indicator Laguerre-ACS1 USDCNH,Daily: removed
2	23:11:28.941	Custom indicator GMMA Long USDJPY.,H1: removed
2	23:11:28.943	Custom indicator GMMA Short USDJPY.,H1: removed
2	23:11:28.946	Custom indicator 23MTF_MovingAverageIGOR USDJPY.,H1: removed
2	23:11:28.948	Custom indicator 23MTF_MovingAverageIGOR USDJPY.,H1: removed
2	23:11:28.949	Custom indicator SupResZone_MTF USDJPY.,H1: removed
2	23:11:28.951	Custom indicator SupResZone_MTF USDJPY.,H1: removed
2	23:11:28.953	Custom indicator MACD-2x USDJPY.,H1: removed
0	23:11:29.448	FX Trader build 1170 stopped
