0	00:04:45.232	FX Trader build 1170 started (Performance Ronnaru Capital Ltd.)
0	00:04:45.233	Windows 10 Home x64, IE 11, UAC, 8 x Intel Core i7-6700HQ  @ 2.60GHz, Memory: 24006 / 32639 Mb, Disk: 139 / 264 Gb, GMT+9
0	00:04:45.233	Data Folder: C:\Users\tiany\AppData\Roaming\MetaQuotes\Terminal\79214103E7A6FC97F86082D309D0B84B
2	00:04:47.884	Custom indicator SupResZone_MTF USDXXX,Daily: loaded successfully
2	00:04:47.904	Custom indicator SupResZone_MTF USDXXX,Daily: loaded successfully
2	00:04:47.921	Custom indicator SupResZone_MTF USDXXX,Daily: loaded successfully
2	00:04:47.940	Custom indicator SupResZone_MTF USDXXX,Daily: loaded successfully
2	00:04:47.957	Custom indicator MACD-2x USDXXX,Daily: loaded successfully
2	00:04:48.098	Custom indicator Laguerre-ACS1 USDXXX,Daily: loaded successfully
2	00:04:48.376	Custom indicator SupResZone_MTF XAUUSD.,H1: loaded successfully
2	00:04:48.395	Custom indicator SupResZone_MTF XAUUSD.,H1: loaded successfully
2	00:04:48.413	Custom indicator SupResZone_MTF XAUUSD.,H1: loaded successfully
2	00:04:48.436	Custom indicator SupResZone_MTF XAUUSD.,H1: loaded successfully
2	00:04:48.464	Custom indicator MACD-2x XAUUSD.,H1: loaded successfully
2	00:04:48.614	Custom indicator Laguerre-ACS1 XAUUSD.,H1: loaded successfully
2	00:04:48.891	Custom indicator SupResZone_MTF XAGUSD.,H1: loaded successfully
2	00:04:48.905	Custom indicator SupResZone_MTF XAGUSD.,H1: loaded successfully
2	00:04:48.918	Custom indicator SupResZone_MTF XAGUSD.,H1: loaded successfully
2	00:04:48.932	Custom indicator SupResZone_MTF XAGUSD.,H1: loaded successfully
2	00:04:48.950	Custom indicator MACD-2x XAGUSD.,H1: loaded successfully
2	00:04:49.035	Custom indicator Laguerre-ACS1 XAGUSD.,H1: loaded successfully
2	00:04:49.271	Custom indicator SupResZone_MTF US_OIL,H1: loaded successfully
2	00:04:49.288	Custom indicator SupResZone_MTF US_OIL,H1: loaded successfully
2	00:04:49.304	Custom indicator SupResZone_MTF US_OIL,H1: loaded successfully
2	00:04:49.315	Custom indicator SupResZone_MTF US_OIL,H1: loaded successfully
2	00:04:49.326	Custom indicator MACD-2x US_OIL,H1: loaded successfully
2	00:04:49.400	Custom indicator Laguerre-ACS1 US_OIL,H1: loaded successfully
2	00:04:49.707	Custom indicator SupResZone_MTF JP225,H1: loaded successfully
2	00:04:49.726	Custom indicator SupResZone_MTF JP225,H1: loaded successfully
2	00:04:49.742	Custom indicator SupResZone_MTF JP225,H1: loaded successfully
2	00:04:49.757	Custom indicator SupResZone_MTF JP225,H1: loaded successfully
2	00:04:49.776	Custom indicator WBR JP225,H1: loaded successfully
2	00:04:50.347	Custom indicator SupResZone_MTF SPX500,H1: loaded successfully
2	00:04:50.360	Custom indicator SupResZone_MTF SPX500,H1: loaded successfully
2	00:04:50.376	Custom indicator SupResZone_MTF SPX500,H1: loaded successfully
2	00:04:50.391	Custom indicator SupResZone_MTF SPX500,H1: loaded successfully
2	00:04:50.407	Custom indicator MACD-2x SPX500,H1: loaded successfully
2	00:04:50.518	Custom indicator Laguerre-ACS1 SPX500,H1: loaded successfully
2	00:04:50.921	Custom indicator SupResZone_MTF EURAUD.,H4: loaded successfully
2	00:04:50.936	Custom indicator SupResZone_MTF EURAUD.,H4: loaded successfully
2	00:04:50.948	Custom indicator SupResZone_MTF EURAUD.,H4: loaded successfully
2	00:04:50.960	Custom indicator SupResZone_MTF EURAUD.,H4: loaded successfully
2	00:04:50.978	Custom indicator MACD-2x EURAUD.,H4: loaded successfully
2	00:04:51.074	Custom indicator Laguerre-ACS1 EURAUD.,H4: loaded successfully
2	00:04:51.363	Custom indicator SupResZone_MTF AUDJPY.,H4: loaded successfully
2	00:04:51.384	Custom indicator SupResZone_MTF AUDJPY.,H4: loaded successfully
2	00:04:51.400	Custom indicator SupResZone_MTF AUDJPY.,H4: loaded successfully
2	00:04:51.414	Custom indicator SupResZone_MTF AUDJPY.,H4: loaded successfully
2	00:04:51.430	Custom indicator MACD-2x AUDJPY.,H4: loaded successfully
2	00:04:51.513	Custom indicator Laguerre-ACS1 AUDJPY.,H4: loaded successfully
2	00:04:51.805	Custom indicator SupResZone_MTF AUDUSD.,H4: loaded successfully
2	00:04:51.818	Custom indicator SupResZone_MTF AUDUSD.,H4: loaded successfully
2	00:04:51.833	Custom indicator SupResZone_MTF AUDUSD.,H4: loaded successfully
2	00:04:51.853	Custom indicator SupResZone_MTF AUDUSD.,H4: loaded successfully
2	00:04:51.871	Custom indicator MACD-2x AUDUSD.,H4: loaded successfully
2	00:04:51.983	Custom indicator Laguerre-ACS1 AUDUSD.,H4: loaded successfully
2	00:04:52.290	Custom indicator SupResZone_MTF USDJPY.,H1: loaded successfully
2	00:04:52.309	Custom indicator SupResZone_MTF USDJPY.,H1: loaded successfully
2	00:04:52.323	Custom indicator SupResZone_MTF USDJPY.,H1: loaded successfully
2	00:04:52.336	Custom indicator SupResZone_MTF USDJPY.,H1: loaded successfully
2	00:04:52.354	Custom indicator MACD-2x USDJPY.,H1: loaded successfully
2	00:04:52.457	Custom indicator Laguerre-ACS1 USDJPY.,H1: loaded successfully
2	00:04:52.748	Custom indicator SupResZone_MTF EURJPY.,H4: loaded successfully
2	00:04:52.764	Custom indicator SupResZone_MTF EURJPY.,H4: loaded successfully
2	00:04:52.780	Custom indicator SupResZone_MTF EURJPY.,H4: loaded successfully
2	00:04:52.798	Custom indicator SupResZone_MTF EURJPY.,H4: loaded successfully
2	00:04:52.815	Custom indicator MACD-2x EURJPY.,H4: loaded successfully
2	00:04:52.909	Custom indicator Laguerre-ACS1 EURJPY.,H4: loaded successfully
2	00:04:53.184	Custom indicator SupResZone_MTF EURUSD.,H1: loaded successfully
2	00:04:53.201	Custom indicator SupResZone_MTF EURUSD.,H1: loaded successfully
2	00:04:53.212	Custom indicator SupResZone_MTF EURUSD.,H1: loaded successfully
2	00:04:53.223	Custom indicator SupResZone_MTF EURUSD.,H1: loaded successfully
2	00:04:53.238	Custom indicator MACD-2x EURUSD.,H1: loaded successfully
2	00:04:53.330	Custom indicator Laguerre-ACS1 EURUSD.,H1: loaded successfully
2	00:04:53.692	Custom indicator SupResZone_MTF GBPUSD.,H4: loaded successfully
2	00:04:53.709	Custom indicator SupResZone_MTF GBPUSD.,H4: loaded successfully
2	00:04:53.725	Custom indicator SupResZone_MTF GBPUSD.,H4: loaded successfully
2	00:04:53.740	Custom indicator SupResZone_MTF GBPUSD.,H4: loaded successfully
2	00:04:53.755	Custom indicator MACD-2x GBPUSD.,H4: loaded successfully
2	00:04:53.855	Custom indicator Laguerre-ACS1 GBPUSD.,H4: loaded successfully
2	00:04:54.131	Custom indicator SupResZone_MTF USDCAD.,H4: loaded successfully
2	00:04:54.143	Custom indicator SupResZone_MTF USDCAD.,H4: loaded successfully
2	00:04:54.156	Custom indicator SupResZone_MTF USDCAD.,H4: loaded successfully
2	00:04:54.169	Custom indicator SupResZone_MTF USDCAD.,H4: loaded successfully
2	00:04:54.182	Custom indicator MACD-2x USDCAD.,H4: loaded successfully
2	00:04:54.267	Custom indicator Laguerre-ACS1 USDCAD.,H4: loaded successfully
2	00:04:54.497	Custom indicator SupResZone_MTF USDCHF.,H4: loaded successfully
2	00:04:54.509	Custom indicator SupResZone_MTF USDCHF.,H4: loaded successfully
2	00:04:54.520	Custom indicator SupResZone_MTF USDCHF.,H4: loaded successfully
2	00:04:54.532	Custom indicator SupResZone_MTF USDCHF.,H4: loaded successfully
2	00:04:54.544	Custom indicator MACD-2x USDCHF.,H4: loaded successfully
2	00:04:54.632	Custom indicator Laguerre-ACS1 USDCHF.,H4: loaded successfully
2	00:04:54.943	Custom indicator MACD-2x USDCNH,Daily: loaded successfully
2	00:04:54.954	Custom indicator MACD-2x USDCNH,Daily: loaded successfully
2	00:04:55.034	Custom indicator Laguerre-ACS1 USDCNH,Daily: loaded successfully
2	00:04:55.184	Custom indicator GMMA Long USDJPY.,H1: loaded successfully
2	00:04:55.198	Custom indicator GMMA Short USDJPY.,H1: loaded successfully
2	00:04:55.207	Custom indicator 23MTF_MovingAverageIGOR USDJPY.,H1: loaded successfully
2	00:04:55.216	Custom indicator 23MTF_MovingAverageIGOR USDJPY.,H1: loaded successfully
2	00:04:55.226	Custom indicator SupResZone_MTF USDJPY.,H1: loaded successfully
2	00:04:55.238	Custom indicator SupResZone_MTF USDJPY.,H1: loaded successfully
2	00:04:55.249	Custom indicator MACD-2x USDJPY.,H1: loaded successfully
0	00:04:58.142	'120010550': login on PRC-Live through Server 3 (ping: 32.69 ms)
0	00:04:58.926	'120010550': login datacenter on PRC-Live through Server 3 (ping: 32.69 ms)
0	00:04:59.202	'120010550': previous successful authorization performed from 106.133.98.225
0	00:05:16.685	'120010550': ping to current access point Server 3 is 42.99 ms
2	00:06:51.594	Custom indicator WBR JP225,H1: loaded successfully
2	00:07:00.104	Custom indicator SupResZone_MTF JP225,H1: removed
2	00:07:00.107	Custom indicator SupResZone_MTF JP225,H1: removed
2	00:07:00.109	Custom indicator SupResZone_MTF JP225,H1: removed
2	00:07:00.111	Custom indicator SupResZone_MTF JP225,H1: removed
2	00:07:00.111	Custom indicator WBR JP225,H1: removed
2	00:07:00.111	Custom indicator WBR JP225,H1: removed
2	00:07:00.125	Custom indicator SupResZone_MTF JP225,H1: loaded successfully
2	00:07:00.136	Custom indicator SupResZone_MTF JP225,H1: loaded successfully
2	00:07:00.147	Custom indicator SupResZone_MTF JP225,H1: loaded successfully
2	00:07:00.159	Custom indicator SupResZone_MTF JP225,H1: loaded successfully
2	00:07:00.172	Custom indicator MACD-2x JP225,H1: loaded successfully
2	00:07:00.288	Custom indicator Laguerre-ACS1 JP225,H1: loaded successfully
0	00:08:10.960	'120010550': order sell market 0.01 XAUUSD. sl: 0.00 tp: 0.00
0	00:08:12.140	'120010550': order was opened : #10959489 sell 0.01 XAUUSD. at 1278.31 sl: 0.00 tp: 0.00
0	00:08:17.837	'120010550': modify order #10959489 sell 0.01 XAUUSD. at 1278.31 sl: 0.00 tp: 0.00 -> sl: 0.00 tp: 1274.27
0	00:08:18.376	'120010550': order #10959489 sell 0.01 XAUUSD. at 1278.31 was modified -> sl: 0.00 tp: 1274.27
0	00:08:26.357	'120010550': modify order #10958278 sell 0.01 XAUUSD. at 1283.87 sl: 1283.00 tp: 0.00 -> sl: 1281.47 tp: 0.00
0	00:08:26.801	'120010550': order #10958278 sell 0.01 XAUUSD. at 1283.87 was modified -> sl: 1281.47 tp: 0.00
2	00:09:09.394	Custom indicator WBR EURAUD.,H4: loaded successfully
2	00:10:47.414	Custom indicator SupResZone_MTF EURAUD.,H4: removed
2	00:10:47.416	Custom indicator SupResZone_MTF EURAUD.,H4: removed
2	00:10:47.417	Custom indicator SupResZone_MTF EURAUD.,H4: removed
2	00:10:47.419	Custom indicator SupResZone_MTF EURAUD.,H4: removed
2	00:10:47.421	Custom indicator MACD-2x EURAUD.,H4: removed
2	00:10:47.421	Custom indicator Laguerre-ACS1 EURAUD.,H4: removed
2	00:10:47.421	Custom indicator WBR EURAUD.,H4: removed
2	00:10:47.434	Custom indicator SupResZone_MTF EURAUD.,H4: loaded successfully
2	00:10:47.445	Custom indicator SupResZone_MTF EURAUD.,H4: loaded successfully
2	00:10:47.458	Custom indicator SupResZone_MTF EURAUD.,H4: loaded successfully
2	00:10:47.470	Custom indicator SupResZone_MTF EURAUD.,H4: loaded successfully
2	00:10:47.486	Custom indicator MACD-2x EURAUD.,H4: loaded successfully
2	00:10:47.565	Custom indicator Laguerre-ACS1 EURAUD.,H4: loaded successfully
2	00:12:01.220	Custom indicator SupResZone_MTF EURJPY.,H4: removed
2	00:12:01.222	Custom indicator SupResZone_MTF EURJPY.,H4: removed
2	00:12:01.224	Custom indicator SupResZone_MTF EURJPY.,H4: removed
2	00:12:01.226	Custom indicator SupResZone_MTF EURJPY.,H4: removed
2	00:12:01.228	Custom indicator MACD-2x EURJPY.,H4: removed
2	00:12:01.228	Custom indicator Laguerre-ACS1 EURJPY.,H4: removed
2	00:12:01.238	Custom indicator SupResZone_MTF EURJPY.,H4: loaded successfully
2	00:12:01.249	Custom indicator SupResZone_MTF EURJPY.,H4: loaded successfully
2	00:12:01.259	Custom indicator SupResZone_MTF EURJPY.,H4: loaded successfully
2	00:12:01.270	Custom indicator SupResZone_MTF EURJPY.,H4: loaded successfully
2	00:12:01.280	Custom indicator MACD-2x EURJPY.,H4: loaded successfully
2	00:12:01.354	Custom indicator Laguerre-ACS1 EURJPY.,H4: loaded successfully
0	00:29:23.025	'120010550': modify order #10958278 sell 0.01 XAUUSD. at 1283.87 sl: 1281.47 tp: 0.00 -> sl: 1280.88 tp: 0.00
0	00:29:23.625	'120010550': order #10958278 sell 0.01 XAUUSD. at 1283.87 was modified -> sl: 1280.88 tp: 0.00
0	00:29:53.650	'120010550': pending order sell stop 0.01 US_OIL at 57.00 sl: 0.00 tp: 0.00
0	00:29:54.099	'120010550': order was opened : #10959519 sell stop 0.01 US_OIL at 57.00 sl: 0.00 tp: 0.00
0	00:32:39.327	'120010550': pending order sell stop 0.01 JP225 at 21000 sl: 0 tp: 0
0	00:32:39.658	'120010550': order was opened : #10959528 sell stop 0.01 JP225 at 21000 sl: 0 tp: 0
1	00:32:49.147	'120010550': modification of pending order #10959528 sell stop 0.01 JP225 at 21000 sl: 0 tp: 0 -> price: 21064 sl: 0 tp: 0 failed [Invalid S/L or T/P]
0	00:32:53.519	'120010550': modify pending order #10959528 sell stop 0.01 JP225 at 21000 sl: 0 tp: 0 -> price: 21035 sl: 0 tp: 0
0	00:32:54.138	'120010550': pending order #10959528 sell stop 0.01 JP225 was modified -> price: 21035 sl: 0 tp: 0
0	00:32:55.897	'120010550': modify pending order #10959528 sell stop 0.01 JP225 at 21035 sl: 0 tp: 0 -> price: 21051 sl: 0 tp: 0
0	00:32:56.300	'120010550': pending order #10959528 sell stop 0.01 JP225 was modified -> price: 21051 sl: 0 tp: 0
1	00:32:58.525	'120010550': modification of pending order #10959528 sell stop 0.01 JP225 at 21051 sl: 0 tp: 0 -> price: 21062 sl: 0 tp: 0 failed [Invalid S/L or T/P]
0	00:33:00.959	'120010550': modify pending order #10959528 sell stop 0.01 JP225 at 21051 sl: 0 tp: 0 -> price: 21058 sl: 0 tp: 0
0	00:33:02.100	'120010550': pending order #10959528 sell stop 0.01 JP225 was modified -> price: 21058 sl: 0 tp: 0
1	00:33:04.165	'120010550': modification of pending order #10959528 sell stop 0.01 JP225 at 21058 sl: 0 tp: 0 -> price: 21064 sl: 0 tp: 0 failed [Invalid S/L or T/P]
0	00:33:44.744	'120010550': modify order #10958278 sell 0.01 XAUUSD. at 1283.87 sl: 1280.88 tp: 0.00 -> sl: 1280.70 tp: 0.00
0	00:33:45.026	'120010550': order #10958278 sell 0.01 XAUUSD. at 1283.87 was modified -> sl: 1280.70 tp: 0.00
1	00:33:54.459	'120010550': modification of pending order #10959528 sell stop 0.01 JP225 at 21058 sl: 0 tp: 0 -> price: 21069 sl: 0 tp: 0 failed [Invalid S/L or T/P]
1	00:33:57.249	'120010550': modification of pending order #10959528 sell stop 0.01 JP225 at 21058 sl: 0 tp: 0 -> price: 21065 sl: 0 tp: 0 failed [Invalid S/L or T/P]
0	00:34:05.589	'120010550': modify pending order #10959528 sell stop 0.01 JP225 at 21058 sl: 0 tp: 0 -> price: 21033 sl: 0 tp: 0
0	00:34:06.063	'120010550': pending order #10959528 sell stop 0.01 JP225 was modified -> price: 21033 sl: 0 tp: 0
0	00:34:58.849	'120010550': modify pending order #10959528 sell stop 0.01 JP225 at 21033 sl: 0 tp: 0 -> price: 21033 sl: 0 tp: 20980
0	00:34:59.977	'120010550': pending order #10959528 sell stop 0.01 JP225 was modified -> price: 21033 sl: 0 tp: 20980
0	00:52:42.018	'120010550': order sell market 0.01 US_OIL sl: 0.00 tp: 0.00
0	00:52:42.574	'120010550': order was opened : #10959611 sell 0.01 US_OIL at 58.61 sl: 0.00 tp: 0.00
0	00:54:36.395	'120010550': delete pending order #10959528 sell stop 0.01 JP225 at 21033 sl: 0 tp: 20980
0	00:54:36.792	'120010550': pending order #10959528 was deleted
0	00:56:02.388	'120010550': modify order #10959611 sell 0.01 US_OIL at 58.61 sl: 0.00 tp: 0.00 -> sl: 0.00 tp: 57.58
0	00:56:03.038	'120010550': order #10959611 sell 0.01 US_OIL at 58.61 was modified -> sl: 0.00 tp: 57.58
2	00:56:22.991	Custom indicator SupResZone_MTF USDXXX,H4: removed
2	00:56:22.993	Custom indicator SupResZone_MTF USDXXX,H4: removed
2	00:56:22.994	Custom indicator SupResZone_MTF USDXXX,H4: removed
2	00:56:22.996	Custom indicator SupResZone_MTF USDXXX,H4: removed
2	00:56:22.998	Custom indicator MACD-2x USDXXX,H4: removed
2	00:56:22.998	Custom indicator Laguerre-ACS1 USDXXX,H4: removed
2	00:56:23.028	Custom indicator SupResZone_MTF XAUUSD.,H1: removed
2	00:56:23.030	Custom indicator SupResZone_MTF XAUUSD.,H1: removed
2	00:56:23.032	Custom indicator SupResZone_MTF XAUUSD.,H1: removed
2	00:56:23.034	Custom indicator SupResZone_MTF XAUUSD.,H1: removed
2	00:56:23.036	Custom indicator MACD-2x XAUUSD.,H1: removed
2	00:56:23.036	Custom indicator Laguerre-ACS1 XAUUSD.,H1: removed
2	00:56:23.066	Custom indicator SupResZone_MTF XAGUSD.,H1: removed
2	00:56:23.068	Custom indicator SupResZone_MTF XAGUSD.,H1: removed
2	00:56:23.070	Custom indicator SupResZone_MTF XAGUSD.,H1: removed
2	00:56:23.072	Custom indicator SupResZone_MTF XAGUSD.,H1: removed
2	00:56:23.073	Custom indicator MACD-2x XAGUSD.,H1: removed
2	00:56:23.073	Custom indicator Laguerre-ACS1 XAGUSD.,H1: removed
2	00:56:23.103	Custom indicator SupResZone_MTF US_OIL,H1: removed
2	00:56:23.104	Custom indicator SupResZone_MTF US_OIL,H1: removed
2	00:56:23.107	Custom indicator SupResZone_MTF US_OIL,H1: removed
2	00:56:23.108	Custom indicator SupResZone_MTF US_OIL,H1: removed
2	00:56:23.110	Custom indicator MACD-2x US_OIL,H1: removed
2	00:56:23.110	Custom indicator Laguerre-ACS1 US_OIL,H1: removed
2	00:56:23.141	Custom indicator SupResZone_MTF JP225,H1: removed
2	00:56:23.143	Custom indicator SupResZone_MTF JP225,H1: removed
2	00:56:23.146	Custom indicator SupResZone_MTF JP225,H1: removed
2	00:56:23.147	Custom indicator SupResZone_MTF JP225,H1: removed
2	00:56:23.149	Custom indicator MACD-2x JP225,H1: removed
2	00:56:23.149	Custom indicator Laguerre-ACS1 JP225,H1: removed
2	00:56:23.179	Custom indicator SupResZone_MTF SPX500,H1: removed
2	00:56:23.182	Custom indicator SupResZone_MTF SPX500,H1: removed
2	00:56:23.184	Custom indicator SupResZone_MTF SPX500,H1: removed
2	00:56:23.186	Custom indicator SupResZone_MTF SPX500,H1: removed
2	00:56:23.187	Custom indicator MACD-2x SPX500,H1: removed
2	00:56:23.188	Custom indicator Laguerre-ACS1 SPX500,H1: removed
2	00:56:23.216	Custom indicator SupResZone_MTF EURAUD.,H4: removed
2	00:56:23.218	Custom indicator SupResZone_MTF EURAUD.,H4: removed
2	00:56:23.220	Custom indicator SupResZone_MTF EURAUD.,H4: removed
2	00:56:23.222	Custom indicator SupResZone_MTF EURAUD.,H4: removed
2	00:56:23.224	Custom indicator MACD-2x EURAUD.,H4: removed
2	00:56:23.224	Custom indicator Laguerre-ACS1 EURAUD.,H4: removed
2	00:56:23.234	Custom indicator SupResZone_MTF AUDJPY.,H4: removed
2	00:56:23.236	Custom indicator SupResZone_MTF AUDJPY.,H4: removed
2	00:56:23.238	Custom indicator SupResZone_MTF AUDJPY.,H4: removed
2	00:56:23.239	Custom indicator SupResZone_MTF AUDJPY.,H4: removed
2	00:56:23.241	Custom indicator MACD-2x AUDJPY.,H4: removed
2	00:56:23.241	Custom indicator Laguerre-ACS1 AUDJPY.,H4: removed
2	00:56:23.248	Custom indicator SupResZone_MTF AUDUSD.,H4: removed
2	00:56:23.250	Custom indicator SupResZone_MTF AUDUSD.,H4: removed
2	00:56:23.252	Custom indicator SupResZone_MTF AUDUSD.,H4: removed
2	00:56:23.253	Custom indicator SupResZone_MTF AUDUSD.,H4: removed
2	00:56:23.255	Custom indicator MACD-2x AUDUSD.,H4: removed
2	00:56:23.255	Custom indicator Laguerre-ACS1 AUDUSD.,H4: removed
2	00:56:23.262	Custom indicator SupResZone_MTF USDJPY.,H1: removed
2	00:56:23.264	Custom indicator SupResZone_MTF USDJPY.,H1: removed
2	00:56:23.266	Custom indicator SupResZone_MTF USDJPY.,H1: removed
2	00:56:23.268	Custom indicator SupResZone_MTF USDJPY.,H1: removed
2	00:56:23.269	Custom indicator MACD-2x USDJPY.,H1: removed
2	00:56:23.270	Custom indicator Laguerre-ACS1 USDJPY.,H1: removed
2	00:56:23.278	Custom indicator SupResZone_MTF EURJPY.,H4: removed
2	00:56:23.280	Custom indicator SupResZone_MTF EURJPY.,H4: removed
2	00:56:23.281	Custom indicator SupResZone_MTF EURJPY.,H4: removed
2	00:56:23.283	Custom indicator SupResZone_MTF EURJPY.,H4: removed
2	00:56:23.285	Custom indicator MACD-2x EURJPY.,H4: removed
2	00:56:23.285	Custom indicator Laguerre-ACS1 EURJPY.,H4: removed
2	00:56:23.294	Custom indicator SupResZone_MTF EURUSD.,H4: removed
2	00:56:23.296	Custom indicator SupResZone_MTF EURUSD.,H4: removed
2	00:56:23.297	Custom indicator SupResZone_MTF EURUSD.,H4: removed
2	00:56:23.299	Custom indicator SupResZone_MTF EURUSD.,H4: removed
2	00:56:23.301	Custom indicator MACD-2x EURUSD.,H4: removed
2	00:56:23.301	Custom indicator Laguerre-ACS1 EURUSD.,H4: removed
2	00:56:23.309	Custom indicator SupResZone_MTF GBPUSD.,H4: removed
2	00:56:23.310	Custom indicator SupResZone_MTF GBPUSD.,H4: removed
2	00:56:23.311	Custom indicator SupResZone_MTF GBPUSD.,H4: removed
2	00:56:23.314	Custom indicator SupResZone_MTF GBPUSD.,H4: removed
2	00:56:23.316	Custom indicator MACD-2x GBPUSD.,H4: removed
2	00:56:23.316	Custom indicator Laguerre-ACS1 GBPUSD.,H4: removed
2	00:56:23.324	Custom indicator SupResZone_MTF USDCAD.,H4: removed
2	00:56:23.326	Custom indicator SupResZone_MTF USDCAD.,H4: removed
2	00:56:23.328	Custom indicator SupResZone_MTF USDCAD.,H4: removed
2	00:56:23.329	Custom indicator SupResZone_MTF USDCAD.,H4: removed
2	00:56:23.331	Custom indicator MACD-2x USDCAD.,H4: removed
2	00:56:23.331	Custom indicator Laguerre-ACS1 USDCAD.,H4: removed
2	00:56:23.353	Custom indicator SupResZone_MTF USDCHF.,H4: removed
2	00:56:23.356	Custom indicator SupResZone_MTF USDCHF.,H4: removed
2	00:56:23.358	Custom indicator SupResZone_MTF USDCHF.,H4: removed
2	00:56:23.360	Custom indicator SupResZone_MTF USDCHF.,H4: removed
2	00:56:23.361	Custom indicator MACD-2x USDCHF.,H4: removed
2	00:56:23.361	Custom indicator Laguerre-ACS1 USDCHF.,H4: removed
2	00:56:23.369	Custom indicator MACD-2x USDCNH,Daily: removed
2	00:56:23.370	Custom indicator MACD-2x USDCNH,Daily: removed
2	00:56:23.371	Custom indicator Laguerre-ACS1 USDCNH,Daily: removed
2	00:56:23.382	Custom indicator GMMA Long USDJPY.,H1: removed
2	00:56:23.384	Custom indicator GMMA Short USDJPY.,H1: removed
2	00:56:23.386	Custom indicator 23MTF_MovingAverageIGOR USDJPY.,H1: removed
2	00:56:23.388	Custom indicator 23MTF_MovingAverageIGOR USDJPY.,H1: removed
2	00:56:23.389	Custom indicator SupResZone_MTF USDJPY.,H1: removed
2	00:56:23.391	Custom indicator SupResZone_MTF USDJPY.,H1: removed
2	00:56:23.394	Custom indicator MACD-2x USDJPY.,H1: removed
0	00:56:23.854	FX Trader build 1170 stopped
0	00:56:31.912	FX Trader build 1170 started (Performance Ronnaru Capital Ltd.)
0	00:56:31.913	Windows 10 Home x64, IE 11, UAC, 8 x Intel Core i7-6700HQ  @ 2.60GHz, Memory: 23988 / 32639 Mb, Disk: 139 / 264 Gb, GMT+9
0	00:56:31.913	Data Folder: C:\Users\tiany\AppData\Roaming\MetaQuotes\Terminal\79214103E7A6FC97F86082D309D0B84B
2	00:56:33.799	Custom indicator SupResZone_MTF USDXXX,H4: loaded successfully
2	00:56:33.809	Custom indicator SupResZone_MTF USDXXX,H4: loaded successfully
2	00:56:33.823	Custom indicator SupResZone_MTF USDXXX,H4: loaded successfully
2	00:56:33.833	Custom indicator SupResZone_MTF USDXXX,H4: loaded successfully
2	00:56:33.844	Custom indicator MACD-2x USDXXX,H4: loaded successfully
2	00:56:33.912	Custom indicator Laguerre-ACS1 USDXXX,H4: loaded successfully
2	00:56:34.082	Custom indicator SupResZone_MTF XAUUSD.,H1: loaded successfully
2	00:56:34.094	Custom indicator SupResZone_MTF XAUUSD.,H1: loaded successfully
2	00:56:34.106	Custom indicator SupResZone_MTF XAUUSD.,H1: loaded successfully
2	00:56:34.116	Custom indicator SupResZone_MTF XAUUSD.,H1: loaded successfully
2	00:56:34.127	Custom indicator MACD-2x XAUUSD.,H1: loaded successfully
2	00:56:34.200	Custom indicator Laguerre-ACS1 XAUUSD.,H1: loaded successfully
2	00:56:34.424	Custom indicator SupResZone_MTF XAGUSD.,H1: loaded successfully
2	00:56:34.436	Custom indicator SupResZone_MTF XAGUSD.,H1: loaded successfully
2	00:56:34.446	Custom indicator SupResZone_MTF XAGUSD.,H1: loaded successfully
2	00:56:34.459	Custom indicator SupResZone_MTF XAGUSD.,H1: loaded successfully
2	00:56:34.470	Custom indicator MACD-2x XAGUSD.,H1: loaded successfully
2	00:56:34.543	Custom indicator Laguerre-ACS1 XAGUSD.,H1: loaded successfully
2	00:56:34.728	Custom indicator SupResZone_MTF US_OIL,H1: loaded successfully
2	00:56:34.740	Custom indicator SupResZone_MTF US_OIL,H1: loaded successfully
2	00:56:34.757	Custom indicator SupResZone_MTF US_OIL,H1: loaded successfully
2	00:56:34.768	Custom indicator SupResZone_MTF US_OIL,H1: loaded successfully
2	00:56:34.779	Custom indicator MACD-2x US_OIL,H1: loaded successfully
2	00:56:34.867	Custom indicator Laguerre-ACS1 US_OIL,H1: loaded successfully
2	00:56:35.091	Custom indicator SupResZone_MTF JP225,H1: loaded successfully
2	00:56:35.102	Custom indicator SupResZone_MTF JP225,H1: loaded successfully
2	00:56:35.112	Custom indicator SupResZone_MTF JP225,H1: loaded successfully
2	00:56:35.122	Custom indicator SupResZone_MTF JP225,H1: loaded successfully
2	00:56:35.132	Custom indicator MACD-2x JP225,H1: loaded successfully
2	00:56:35.203	Custom indicator Laguerre-ACS1 JP225,H1: loaded successfully
2	00:56:35.461	Custom indicator SupResZone_MTF SPX500,H1: loaded successfully
2	00:56:35.473	Custom indicator SupResZone_MTF SPX500,H1: loaded successfully
2	00:56:35.484	Custom indicator SupResZone_MTF SPX500,H1: loaded successfully
2	00:56:35.496	Custom indicator SupResZone_MTF SPX500,H1: loaded successfully
2	00:56:35.507	Custom indicator MACD-2x SPX500,H1: loaded successfully
2	00:56:35.578	Custom indicator Laguerre-ACS1 SPX500,H1: loaded successfully
2	00:56:35.817	Custom indicator SupResZone_MTF EURAUD.,H4: loaded successfully
2	00:56:35.829	Custom indicator SupResZone_MTF EURAUD.,H4: loaded successfully
2	00:56:35.839	Custom indicator SupResZone_MTF EURAUD.,H4: loaded successfully
2	00:56:35.849	Custom indicator SupResZone_MTF EURAUD.,H4: loaded successfully
2	00:56:35.860	Custom indicator MACD-2x EURAUD.,H4: loaded successfully
2	00:56:35.933	Custom indicator Laguerre-ACS1 EURAUD.,H4: loaded successfully
2	00:56:36.125	Custom indicator SupResZone_MTF AUDJPY.,H4: loaded successfully
2	00:56:36.137	Custom indicator SupResZone_MTF AUDJPY.,H4: loaded successfully
2	00:56:36.149	Custom indicator SupResZone_MTF AUDJPY.,H4: loaded successfully
2	00:56:36.159	Custom indicator SupResZone_MTF AUDJPY.,H4: loaded successfully
2	00:56:36.170	Custom indicator MACD-2x AUDJPY.,H4: loaded successfully
2	00:56:36.244	Custom indicator Laguerre-ACS1 AUDJPY.,H4: loaded successfully
2	00:56:36.442	Custom indicator SupResZone_MTF AUDUSD.,H4: loaded successfully
2	00:56:36.454	Custom indicator SupResZone_MTF AUDUSD.,H4: loaded successfully
2	00:56:36.475	Custom indicator SupResZone_MTF AUDUSD.,H4: loaded successfully
2	00:56:36.487	Custom indicator SupResZone_MTF AUDUSD.,H4: loaded successfully
2	00:56:36.497	Custom indicator MACD-2x AUDUSD.,H4: loaded successfully
2	00:56:36.568	Custom indicator Laguerre-ACS1 AUDUSD.,H4: loaded successfully
2	00:56:36.752	Custom indicator SupResZone_MTF USDJPY.,H1: loaded successfully
2	00:56:36.764	Custom indicator SupResZone_MTF USDJPY.,H1: loaded successfully
2	00:56:36.776	Custom indicator SupResZone_MTF USDJPY.,H1: loaded successfully
2	00:56:36.788	Custom indicator SupResZone_MTF USDJPY.,H1: loaded successfully
2	00:56:36.798	Custom indicator MACD-2x USDJPY.,H1: loaded successfully
2	00:56:36.873	Custom indicator Laguerre-ACS1 USDJPY.,H1: loaded successfully
2	00:56:37.099	Custom indicator SupResZone_MTF EURJPY.,H4: loaded successfully
2	00:56:37.114	Custom indicator SupResZone_MTF EURJPY.,H4: loaded successfully
2	00:56:37.126	Custom indicator SupResZone_MTF EURJPY.,H4: loaded successfully
2	00:56:37.136	Custom indicator SupResZone_MTF EURJPY.,H4: loaded successfully
2	00:56:37.146	Custom indicator MACD-2x EURJPY.,H4: loaded successfully
2	00:56:37.215	Custom indicator Laguerre-ACS1 EURJPY.,H4: loaded successfully
2	00:56:37.476	Custom indicator SupResZone_MTF EURUSD.,H4: loaded successfully
2	00:56:37.489	Custom indicator SupResZone_MTF EURUSD.,H4: loaded successfully
2	00:56:37.505	Custom indicator SupResZone_MTF EURUSD.,H4: loaded successfully
2	00:56:37.525	Custom indicator SupResZone_MTF EURUSD.,H4: loaded successfully
2	00:56:37.545	Custom indicator MACD-2x EURUSD.,H4: loaded successfully
2	00:56:37.639	Custom indicator Laguerre-ACS1 EURUSD.,H4: loaded successfully
2	00:56:37.902	Custom indicator SupResZone_MTF GBPUSD.,H4: loaded successfully
2	00:56:37.915	Custom indicator SupResZone_MTF GBPUSD.,H4: loaded successfully
2	00:56:37.926	Custom indicator SupResZone_MTF GBPUSD.,H4: loaded successfully
2	00:56:37.937	Custom indicator SupResZone_MTF GBPUSD.,H4: loaded successfully
2	00:56:37.947	Custom indicator MACD-2x GBPUSD.,H4: loaded successfully
2	00:56:38.025	Custom indicator Laguerre-ACS1 GBPUSD.,H4: loaded successfully
2	00:56:38.299	Custom indicator SupResZone_MTF USDCAD.,H4: loaded successfully
2	00:56:38.313	Custom indicator SupResZone_MTF USDCAD.,H4: loaded successfully
2	00:56:38.324	Custom indicator SupResZone_MTF USDCAD.,H4: loaded successfully
2	00:56:38.335	Custom indicator SupResZone_MTF USDCAD.,H4: loaded successfully
2	00:56:38.347	Custom indicator MACD-2x USDCAD.,H4: loaded successfully
2	00:56:38.421	Custom indicator Laguerre-ACS1 USDCAD.,H4: loaded successfully
2	00:56:38.619	Custom indicator SupResZone_MTF USDCHF.,H4: loaded successfully
2	00:56:38.631	Custom indicator SupResZone_MTF USDCHF.,H4: loaded successfully
2	00:56:38.642	Custom indicator SupResZone_MTF USDCHF.,H4: loaded successfully
2	00:56:38.653	Custom indicator SupResZone_MTF USDCHF.,H4: loaded successfully
2	00:56:38.663	Custom indicator MACD-2x USDCHF.,H4: loaded successfully
2	00:56:38.733	Custom indicator Laguerre-ACS1 USDCHF.,H4: loaded successfully
2	00:56:38.963	Custom indicator MACD-2x USDCNH,Daily: loaded successfully
2	00:56:38.986	Custom indicator MACD-2x USDCNH,Daily: loaded successfully
2	00:56:39.062	Custom indicator Laguerre-ACS1 USDCNH,Daily: loaded successfully
2	00:56:39.186	Custom indicator GMMA Long USDJPY.,H1: loaded successfully
2	00:56:39.197	Custom indicator GMMA Short USDJPY.,H1: loaded successfully
2	00:56:39.205	Custom indicator 23MTF_MovingAverageIGOR USDJPY.,H1: loaded successfully
2	00:56:39.215	Custom indicator 23MTF_MovingAverageIGOR USDJPY.,H1: loaded successfully
2	00:56:39.227	Custom indicator SupResZone_MTF USDJPY.,H1: loaded successfully
2	00:56:39.238	Custom indicator SupResZone_MTF USDJPY.,H1: loaded successfully
2	00:56:39.249	Custom indicator MACD-2x USDJPY.,H1: loaded successfully
0	00:56:41.375	'120010550': login on PRC-Live through Server 3 (ping: 42.99 ms)
0	00:56:42.563	'120010550': login datacenter on PRC-Live through Server 3 (ping: 42.99 ms)
0	00:56:43.093	'120010550': previous successful authorization performed from 106.133.98.225
2	00:56:51.050	Custom indicator WBR XAUUSD.,H1: loaded successfully
2	00:57:50.731	Custom indicator WBR US_OIL,H1: loaded successfully
0	01:06:40.096	'120010550': modify order #10957501 sell 0.02 EURAUD. at 1.61421 sl: 0.00000 tp: 1.61200 -> sl: 0.00000 tp: 1.61111
0	01:06:40.465	'120010550': order #10957501 sell 0.02 EURAUD. at 1.61421 was modified -> sl: 0.00000 tp: 1.61111
0	01:06:45.176	'120010550': modify order #10959123 sell 0.02 EURAUD. at 1.61402 sl: 0.00000 tp: 0.00000 -> sl: 1.61563 tp: 0.00000
0	01:06:46.050	'120010550': order #10959123 sell 0.02 EURAUD. at 1.61402 was modified -> sl: 1.61563 tp: 0.00000
0	01:06:48.036	'120010550': modify order #10957501 sell 0.02 EURAUD. at 1.61421 sl: 0.00000 tp: 1.61111 -> sl: 1.61775 tp: 1.61111
0	01:06:49.081	'120010550': order #10957501 sell 0.02 EURAUD. at 1.61421 was modified -> sl: 1.61775 tp: 1.61111
0	01:06:50.746	'120010550': modify order #10957501 sell 0.02 EURAUD. at 1.61421 sl: 1.61775 tp: 1.61111 -> sl: 1.61775 tp: 1.60980
0	01:06:51.304	'120010550': order #10957501 sell 0.02 EURAUD. at 1.61421 was modified -> sl: 1.61775 tp: 1.60980
0	01:06:55.101	'120010550': modify order #10959123 sell 0.02 EURAUD. at 1.61402 sl: 1.61563 tp: 0.00000 -> sl: 1.61343 tp: 0.00000
0	01:06:56.085	'120010550': order #10959123 sell 0.02 EURAUD. at 1.61402 was modified -> sl: 1.61343 tp: 0.00000
0	01:06:58.910	'120010550': modify order #10957501 sell 0.02 EURAUD. at 1.61421 sl: 1.61775 tp: 1.60980 -> sl: 1.61343 tp: 1.60980
0	01:07:00.103	'120010550': order #10957501 sell 0.02 EURAUD. at 1.61421 was modified -> sl: 1.61343 tp: 1.60980
0	01:07:08.250	'120010550': modify order #10957501 sell 0.02 EURAUD. at 1.61421 sl: 1.61343 tp: 1.60980 -> sl: 1.61343 tp: 1.60945
0	01:07:09.148	'120010550': order #10957501 sell 0.02 EURAUD. at 1.61421 was modified -> sl: 1.61343 tp: 1.60945
0	01:07:14.455	'120010550': modify order #10957501 sell 0.02 EURAUD. at 1.61421 sl: 1.61343 tp: 1.60945 -> sl: 1.61343 tp: 1.60542
0	01:07:14.942	'120010550': order #10957501 sell 0.02 EURAUD. at 1.61421 was modified -> sl: 1.61343 tp: 1.60542
0	01:09:06.394	'120010550': modify order #10940590 sell 0.01 EURAUD. at 1.61022 sl: 1.62776 tp: 1.60871 -> sl: 1.62776 tp: 1.60387
0	01:09:07.199	'120010550': order #10940590 sell 0.01 EURAUD. at 1.61022 was modified -> sl: 1.62776 tp: 1.60387
2	01:11:15.109	Custom indicator SupResZone_MTF USDXXX,H4: removed
2	01:11:15.111	Custom indicator SupResZone_MTF USDXXX,H4: removed
2	01:11:15.113	Custom indicator SupResZone_MTF USDXXX,H4: removed
2	01:11:15.115	Custom indicator SupResZone_MTF USDXXX,H4: removed
2	01:11:15.117	Custom indicator MACD-2x USDXXX,H4: removed
2	01:11:15.117	Custom indicator Laguerre-ACS1 USDXXX,H4: removed
2	01:11:15.126	Custom indicator SupResZone_MTF XAUUSD.,H1: removed
2	01:11:15.128	Custom indicator SupResZone_MTF XAUUSD.,H1: removed
2	01:11:15.130	Custom indicator SupResZone_MTF XAUUSD.,H1: removed
2	01:11:15.132	Custom indicator SupResZone_MTF XAUUSD.,H1: removed
2	01:11:15.134	Custom indicator MACD-2x XAUUSD.,H1: removed
2	01:11:15.134	Custom indicator Laguerre-ACS1 XAUUSD.,H1: removed
2	01:11:15.134	Custom indicator WBR XAUUSD.,H1: removed
2	01:11:15.141	Custom indicator SupResZone_MTF XAGUSD.,H1: removed
2	01:11:15.143	Custom indicator SupResZone_MTF XAGUSD.,H1: removed
2	01:11:15.145	Custom indicator SupResZone_MTF XAGUSD.,H1: removed
2	01:11:15.147	Custom indicator SupResZone_MTF XAGUSD.,H1: removed
2	01:11:15.149	Custom indicator MACD-2x XAGUSD.,H1: removed
2	01:11:15.149	Custom indicator Laguerre-ACS1 XAGUSD.,H1: removed
2	01:11:15.157	Custom indicator SupResZone_MTF US_OIL,H1: removed
2	01:11:15.158	Custom indicator SupResZone_MTF US_OIL,H1: removed
2	01:11:15.160	Custom indicator SupResZone_MTF US_OIL,H1: removed
2	01:11:15.162	Custom indicator SupResZone_MTF US_OIL,H1: removed
2	01:11:15.165	Custom indicator MACD-2x US_OIL,H1: removed
2	01:11:15.165	Custom indicator Laguerre-ACS1 US_OIL,H1: removed
2	01:11:15.165	Custom indicator WBR US_OIL,H1: removed
2	01:11:15.173	Custom indicator SupResZone_MTF JP225,H1: removed
2	01:11:15.174	Custom indicator SupResZone_MTF JP225,H1: removed
2	01:11:15.177	Custom indicator SupResZone_MTF JP225,H1: removed
2	01:11:15.179	Custom indicator SupResZone_MTF JP225,H1: removed
2	01:11:15.182	Custom indicator MACD-2x JP225,H1: removed
2	01:11:15.182	Custom indicator Laguerre-ACS1 JP225,H1: removed
2	01:11:15.188	Custom indicator SupResZone_MTF SPX500,H1: removed
2	01:11:15.190	Custom indicator SupResZone_MTF SPX500,H1: removed
2	01:11:15.192	Custom indicator SupResZone_MTF SPX500,H1: removed
2	01:11:15.196	Custom indicator SupResZone_MTF SPX500,H1: removed
2	01:11:15.198	Custom indicator MACD-2x SPX500,H1: removed
2	01:11:15.198	Custom indicator Laguerre-ACS1 SPX500,H1: removed
2	01:11:15.219	Custom indicator SupResZone_MTF EURAUD.,H1: removed
2	01:11:15.220	Custom indicator SupResZone_MTF EURAUD.,H1: removed
2	01:11:15.222	Custom indicator SupResZone_MTF EURAUD.,H1: removed
2	01:11:15.224	Custom indicator SupResZone_MTF EURAUD.,H1: removed
2	01:11:15.225	Custom indicator MACD-2x EURAUD.,H1: removed
2	01:11:15.226	Custom indicator Laguerre-ACS1 EURAUD.,H1: removed
2	01:11:15.233	Custom indicator SupResZone_MTF AUDJPY.,H4: removed
2	01:11:15.235	Custom indicator SupResZone_MTF AUDJPY.,H4: removed
2	01:11:15.236	Custom indicator SupResZone_MTF AUDJPY.,H4: removed
2	01:11:15.238	Custom indicator SupResZone_MTF AUDJPY.,H4: removed
2	01:11:15.240	Custom indicator MACD-2x AUDJPY.,H4: removed
2	01:11:15.240	Custom indicator Laguerre-ACS1 AUDJPY.,H4: removed
2	01:11:15.246	Custom indicator SupResZone_MTF AUDUSD.,H4: removed
2	01:11:15.247	Custom indicator SupResZone_MTF AUDUSD.,H4: removed
2	01:11:15.249	Custom indicator SupResZone_MTF AUDUSD.,H4: removed
2	01:11:15.251	Custom indicator SupResZone_MTF AUDUSD.,H4: removed
2	01:11:15.253	Custom indicator MACD-2x AUDUSD.,H4: removed
2	01:11:15.253	Custom indicator Laguerre-ACS1 AUDUSD.,H4: removed
2	01:11:15.258	Custom indicator SupResZone_MTF USDJPY.,H1: removed
2	01:11:15.260	Custom indicator SupResZone_MTF USDJPY.,H1: removed
2	01:11:15.262	Custom indicator SupResZone_MTF USDJPY.,H1: removed
2	01:11:15.263	Custom indicator SupResZone_MTF USDJPY.,H1: removed
2	01:11:15.265	Custom indicator MACD-2x USDJPY.,H1: removed
2	01:11:15.265	Custom indicator Laguerre-ACS1 USDJPY.,H1: removed
2	01:11:15.271	Custom indicator SupResZone_MTF EURJPY.,H4: removed
2	01:11:15.273	Custom indicator SupResZone_MTF EURJPY.,H4: removed
2	01:11:15.274	Custom indicator SupResZone_MTF EURJPY.,H4: removed
2	01:11:15.276	Custom indicator SupResZone_MTF EURJPY.,H4: removed
2	01:11:15.278	Custom indicator MACD-2x EURJPY.,H4: removed
2	01:11:15.278	Custom indicator Laguerre-ACS1 EURJPY.,H4: removed
2	01:11:15.296	Custom indicator SupResZone_MTF EURUSD.,H4: removed
2	01:11:15.298	Custom indicator SupResZone_MTF EURUSD.,H4: removed
2	01:11:15.300	Custom indicator SupResZone_MTF EURUSD.,H4: removed
2	01:11:15.301	Custom indicator SupResZone_MTF EURUSD.,H4: removed
2	01:11:15.303	Custom indicator MACD-2x EURUSD.,H4: removed
2	01:11:15.303	Custom indicator Laguerre-ACS1 EURUSD.,H4: removed
2	01:11:15.308	Custom indicator SupResZone_MTF GBPUSD.,H4: removed
2	01:11:15.310	Custom indicator SupResZone_MTF GBPUSD.,H4: removed
2	01:11:15.313	Custom indicator SupResZone_MTF GBPUSD.,H4: removed
2	01:11:15.315	Custom indicator SupResZone_MTF GBPUSD.,H4: removed
2	01:11:15.316	Custom indicator MACD-2x GBPUSD.,H4: removed
2	01:11:15.316	Custom indicator Laguerre-ACS1 GBPUSD.,H4: removed
2	01:11:15.322	Custom indicator SupResZone_MTF USDCAD.,H4: removed
2	01:11:15.324	Custom indicator SupResZone_MTF USDCAD.,H4: removed
2	01:11:15.325	Custom indicator SupResZone_MTF USDCAD.,H4: removed
2	01:11:15.328	Custom indicator SupResZone_MTF USDCAD.,H4: removed
2	01:11:15.330	Custom indicator MACD-2x USDCAD.,H4: removed
2	01:11:15.330	Custom indicator Laguerre-ACS1 USDCAD.,H4: removed
2	01:11:15.345	Custom indicator SupResZone_MTF USDCHF.,H4: removed
2	01:11:15.347	Custom indicator SupResZone_MTF USDCHF.,H4: removed
2	01:11:15.348	Custom indicator SupResZone_MTF USDCHF.,H4: removed
2	01:11:15.350	Custom indicator SupResZone_MTF USDCHF.,H4: removed
2	01:11:15.352	Custom indicator MACD-2x USDCHF.,H4: removed
2	01:11:15.352	Custom indicator Laguerre-ACS1 USDCHF.,H4: removed
2	01:11:15.357	Custom indicator MACD-2x USDCNH,Daily: removed
2	01:11:15.359	Custom indicator MACD-2x USDCNH,Daily: removed
2	01:11:15.359	Custom indicator Laguerre-ACS1 USDCNH,Daily: removed
2	01:11:15.368	Custom indicator GMMA Long USDJPY.,H1: removed
2	01:11:15.370	Custom indicator GMMA Short USDJPY.,H1: removed
2	01:11:15.372	Custom indicator 23MTF_MovingAverageIGOR USDJPY.,H1: removed
2	01:11:15.374	Custom indicator 23MTF_MovingAverageIGOR USDJPY.,H1: removed
2	01:11:15.376	Custom indicator SupResZone_MTF USDJPY.,H1: removed
2	01:11:15.378	Custom indicator SupResZone_MTF USDJPY.,H1: removed
2	01:11:15.380	Custom indicator MACD-2x USDJPY.,H1: removed
0	01:11:15.749	FX Trader build 1170 stopped
0	21:04:24.141	FX Trader build 1170 started (Performance Ronnaru Capital Ltd.)
0	21:04:24.141	Windows 10 Home x64, IE 11, UAC, 8 x Intel Core i7-6700HQ  @ 2.60GHz, Memory: 23766 / 32639 Mb, Disk: 139 / 264 Gb, GMT+9
0	21:04:24.141	Data Folder: C:\Users\tiany\AppData\Roaming\MetaQuotes\Terminal\79214103E7A6FC97F86082D309D0B84B
2	21:04:26.149	Custom indicator SupResZone_MTF USDXXX,H4: loaded successfully
2	21:04:26.163	Custom indicator SupResZone_MTF USDXXX,H4: loaded successfully
2	21:04:26.174	Custom indicator SupResZone_MTF USDXXX,H4: loaded successfully
2	21:04:26.186	Custom indicator SupResZone_MTF USDXXX,H4: loaded successfully
2	21:04:26.197	Custom indicator MACD-2x USDXXX,H4: loaded successfully
2	21:04:26.272	Custom indicator Laguerre-ACS1 USDXXX,H4: loaded successfully
2	21:04:26.497	Custom indicator SupResZone_MTF XAUUSD.,H1: loaded successfully
2	21:04:26.509	Custom indicator SupResZone_MTF XAUUSD.,H1: loaded successfully
2	21:04:26.521	Custom indicator SupResZone_MTF XAUUSD.,H1: loaded successfully
2	21:04:26.531	Custom indicator SupResZone_MTF XAUUSD.,H1: loaded successfully
2	21:04:26.541	Custom indicator MACD-2x XAUUSD.,H1: loaded successfully
2	21:04:26.617	Custom indicator Laguerre-ACS1 XAUUSD.,H1: loaded successfully
2	21:04:26.636	Custom indicator WBR XAUUSD.,H1: loaded successfully
2	21:04:27.086	Custom indicator SupResZone_MTF XAGUSD.,H1: loaded successfully
2	21:04:27.097	Custom indicator SupResZone_MTF XAGUSD.,H1: loaded successfully
2	21:04:27.107	Custom indicator SupResZone_MTF XAGUSD.,H1: loaded successfully
2	21:04:27.118	Custom indicator SupResZone_MTF XAGUSD.,H1: loaded successfully
2	21:04:27.130	Custom indicator MACD-2x XAGUSD.,H1: loaded successfully
2	21:04:27.205	Custom indicator Laguerre-ACS1 XAGUSD.,H1: loaded successfully
2	21:04:27.399	Custom indicator SupResZone_MTF US_OIL,H1: loaded successfully
2	21:04:27.410	Custom indicator SupResZone_MTF US_OIL,H1: loaded successfully
2	21:04:27.423	Custom indicator SupResZone_MTF US_OIL,H1: loaded successfully
2	21:04:27.434	Custom indicator SupResZone_MTF US_OIL,H1: loaded successfully
2	21:04:27.445	Custom indicator MACD-2x US_OIL,H1: loaded successfully
2	21:04:27.525	Custom indicator Laguerre-ACS1 US_OIL,H1: loaded successfully
2	21:04:27.542	Custom indicator WBR US_OIL,H1: loaded successfully
2	21:04:27.897	Custom indicator SupResZone_MTF JP225,H1: loaded successfully
2	21:04:27.908	Custom indicator SupResZone_MTF JP225,H1: loaded successfully
2	21:04:27.920	Custom indicator SupResZone_MTF JP225,H1: loaded successfully
2	21:04:27.932	Custom indicator SupResZone_MTF JP225,H1: loaded successfully
2	21:04:27.942	Custom indicator MACD-2x JP225,H1: loaded successfully
2	21:04:28.019	Custom indicator Laguerre-ACS1 JP225,H1: loaded successfully
2	21:04:28.334	Custom indicator SupResZone_MTF SPX500,H1: loaded successfully
2	21:04:28.346	Custom indicator SupResZone_MTF SPX500,H1: loaded successfully
2	21:04:28.357	Custom indicator SupResZone_MTF SPX500,H1: loaded successfully
2	21:04:28.371	Custom indicator SupResZone_MTF SPX500,H1: loaded successfully
2	21:04:28.382	Custom indicator MACD-2x SPX500,H1: loaded successfully
2	21:04:28.463	Custom indicator Laguerre-ACS1 SPX500,H1: loaded successfully
2	21:04:28.720	Custom indicator SupResZone_MTF EURAUD.,H1: loaded successfully
2	21:04:28.731	Custom indicator SupResZone_MTF EURAUD.,H1: loaded successfully
2	21:04:28.743	Custom indicator SupResZone_MTF EURAUD.,H1: loaded successfully
2	21:04:28.753	Custom indicator SupResZone_MTF EURAUD.,H1: loaded successfully
2	21:04:28.766	Custom indicator MACD-2x EURAUD.,H1: loaded successfully
2	21:04:28.846	Custom indicator Laguerre-ACS1 EURAUD.,H1: loaded successfully
2	21:04:29.067	Custom indicator SupResZone_MTF AUDJPY.,H4: loaded successfully
2	21:04:29.081	Custom indicator SupResZone_MTF AUDJPY.,H4: loaded successfully
2	21:04:29.093	Custom indicator SupResZone_MTF AUDJPY.,H4: loaded successfully
2	21:04:29.105	Custom indicator SupResZone_MTF AUDJPY.,H4: loaded successfully
2	21:04:29.115	Custom indicator MACD-2x AUDJPY.,H4: loaded successfully
2	21:04:29.201	Custom indicator Laguerre-ACS1 AUDJPY.,H4: loaded successfully
2	21:04:29.458	Custom indicator SupResZone_MTF AUDUSD.,H4: loaded successfully
2	21:04:29.474	Custom indicator SupResZone_MTF AUDUSD.,H4: loaded successfully
2	21:04:29.489	Custom indicator SupResZone_MTF AUDUSD.,H4: loaded successfully
2	21:04:29.504	Custom indicator SupResZone_MTF AUDUSD.,H4: loaded successfully
2	21:04:29.516	Custom indicator MACD-2x AUDUSD.,H4: loaded successfully
2	21:04:29.593	Custom indicator Laguerre-ACS1 AUDUSD.,H4: loaded successfully
2	21:04:29.780	Custom indicator SupResZone_MTF USDJPY.,H1: loaded successfully
2	21:04:29.791	Custom indicator SupResZone_MTF USDJPY.,H1: loaded successfully
2	21:04:29.802	Custom indicator SupResZone_MTF USDJPY.,H1: loaded successfully
2	21:04:29.812	Custom indicator SupResZone_MTF USDJPY.,H1: loaded successfully
2	21:04:29.823	Custom indicator MACD-2x USDJPY.,H1: loaded successfully
2	21:04:29.898	Custom indicator Laguerre-ACS1 USDJPY.,H1: loaded successfully
2	21:04:30.167	Custom indicator SupResZone_MTF EURJPY.,H4: loaded successfully
2	21:04:30.177	Custom indicator SupResZone_MTF EURJPY.,H4: loaded successfully
2	21:04:30.188	Custom indicator SupResZone_MTF EURJPY.,H4: loaded successfully
2	21:04:30.199	Custom indicator SupResZone_MTF EURJPY.,H4: loaded successfully
2	21:04:30.211	Custom indicator MACD-2x EURJPY.,H4: loaded successfully
2	21:04:30.291	Custom indicator Laguerre-ACS1 EURJPY.,H4: loaded successfully
2	21:04:30.557	Custom indicator SupResZone_MTF EURUSD.,H4: loaded successfully
2	21:04:30.571	Custom indicator SupResZone_MTF EURUSD.,H4: loaded successfully
2	21:04:30.582	Custom indicator SupResZone_MTF EURUSD.,H4: loaded successfully
2	21:04:30.593	Custom indicator SupResZone_MTF EURUSD.,H4: loaded successfully
2	21:04:30.604	Custom indicator MACD-2x EURUSD.,H4: loaded successfully
2	21:04:30.675	Custom indicator Laguerre-ACS1 EURUSD.,H4: loaded successfully
2	21:04:30.939	Custom indicator SupResZone_MTF GBPUSD.,H4: loaded successfully
2	21:04:30.949	Custom indicator SupResZone_MTF GBPUSD.,H4: loaded successfully
2	21:04:30.961	Custom indicator SupResZone_MTF GBPUSD.,H4: loaded successfully
2	21:04:30.972	Custom indicator SupResZone_MTF GBPUSD.,H4: loaded successfully
2	21:04:30.984	Custom indicator MACD-2x GBPUSD.,H4: loaded successfully
2	21:04:31.056	Custom indicator Laguerre-ACS1 GBPUSD.,H4: loaded successfully
2	21:04:31.312	Custom indicator SupResZone_MTF USDCAD.,H4: loaded successfully
2	21:04:31.322	Custom indicator SupResZone_MTF USDCAD.,H4: loaded successfully
2	21:04:31.334	Custom indicator SupResZone_MTF USDCAD.,H4: loaded successfully
2	21:04:31.344	Custom indicator SupResZone_MTF USDCAD.,H4: loaded successfully
2	21:04:31.353	Custom indicator MACD-2x USDCAD.,H4: loaded successfully
2	21:04:31.428	Custom indicator Laguerre-ACS1 USDCAD.,H4: loaded successfully
2	21:04:31.643	Custom indicator SupResZone_MTF USDCHF.,H4: loaded successfully
2	21:04:31.655	Custom indicator SupResZone_MTF USDCHF.,H4: loaded successfully
2	21:04:31.666	Custom indicator SupResZone_MTF USDCHF.,H4: loaded successfully
2	21:04:31.677	Custom indicator SupResZone_MTF USDCHF.,H4: loaded successfully
2	21:04:31.688	Custom indicator MACD-2x USDCHF.,H4: loaded successfully
2	21:04:31.773	Custom indicator Laguerre-ACS1 USDCHF.,H4: loaded successfully
2	21:04:31.989	Custom indicator MACD-2x USDCNH,Daily: loaded successfully
2	21:04:32.000	Custom indicator MACD-2x USDCNH,Daily: loaded successfully
2	21:04:32.073	Custom indicator Laguerre-ACS1 USDCNH,Daily: loaded successfully
2	21:04:32.149	Custom indicator GMMA Long USDJPY.,H1: loaded successfully
2	21:04:32.159	Custom indicator GMMA Short USDJPY.,H1: loaded successfully
2	21:04:32.166	Custom indicator 23MTF_MovingAverageIGOR USDJPY.,H1: loaded successfully
2	21:04:32.176	Custom indicator 23MTF_MovingAverageIGOR USDJPY.,H1: loaded successfully
2	21:04:32.186	Custom indicator SupResZone_MTF USDJPY.,H1: loaded successfully
2	21:04:32.197	Custom indicator SupResZone_MTF USDJPY.,H1: loaded successfully
2	21:04:32.209	Custom indicator MACD-2x USDJPY.,H1: loaded successfully
1	21:04:38.846	'120010550': connect failed [No connection]
0	21:04:46.306	'120010550': login on PRC-Live through Server 7 (ping: 49.65 ms)
0	21:04:56.320	'120010550': login datacenter on PRC-Live through Server 7 (ping: 49.65 ms)
0	21:04:58.674	'120010550': previous successful authorization performed from 106.133.98.225
0	21:06:04.064	'120010550': auto connecting to a better access point Server 3 (ping is 658.22 ms)
0	21:06:06.963	'120010550': login on PRC-Live through Server 3 (ping: 658.22 ms)
0	21:06:18.259	'120010550': login datacenter on PRC-Live through Server 3 (ping: 658.22 ms)
0	21:06:20.951	'120010550': previous successful authorization performed from 106.181.137.167
0	21:08:30.017	'120010550': order sell market 0.01 USDCHF. sl: 0.00000 tp: 0.00000
0	21:08:30.348	'120010550': order was opened : #10961454 sell 0.01 USDCHF. at 1.00498 sl: 0.00000 tp: 0.00000
0	21:08:37.646	'120010550': modify order #10961454 sell 0.01 USDCHF. at 1.00498 sl: 0.00000 tp: 0.00000 -> sl: 1.00990 tp: 0.00000
0	21:08:38.173	'120010550': order #10961454 sell 0.01 USDCHF. at 1.00498 was modified -> sl: 1.00990 tp: 0.00000
0	21:08:43.719	'120010550': modify order #10961454 sell 0.01 USDCHF. at 1.00498 sl: 1.00990 tp: 0.00000 -> sl: 1.00990 tp: 1.00124
0	21:08:43.982	'120010550': order #10961454 sell 0.01 USDCHF. at 1.00498 was modified -> sl: 1.00990 tp: 1.00124
0	21:17:15.072	'120010550': order #10959519 sell stop 0.01 US_OIL at 57.00 activated at price 57.00
0	21:29:40.107	'120010550': order sell market 0.01 SPX500 sl: 0.0 tp: 0.0
0	21:29:40.579	'120010550': order was opened : #10961494 sell 0.01 SPX500 at 2786.5 sl: 0.0 tp: 0.0
0	21:36:14.526	'120010550': modify order #10961494 sell 0.01 SPX500 at 2786.5 sl: 0.0 tp: 0.0 -> sl: 2842.9 tp: 0.0
0	21:36:18.498	'120010550': order #10961494 sell 0.01 SPX500 at 2786.5 was modified -> sl: 2842.9 tp: 0.0
0	21:37:52.128	'120010550': modify order #10961494 sell 0.01 SPX500 at 2786.5 sl: 2842.9 tp: 0.0 -> sl: 2867.1 tp: 0.0
0	21:37:57.615	'120010550': modify order #10961494 sell 0.01 SPX500 at 2786.5 sl: 2842.9 tp: 0.0 -> sl: 2867.1 tp: 0.0
0	21:38:01.050	'120010550': order #10961494 sell 0.01 SPX500 at 2786.5 was modified -> sl: 2867.1 tp: 0.0
0	21:38:01.248	'120010550': modify order #10961494 sell 0.01 SPX500 at 2786.5 sl: 2867.1 tp: 0.0 -> sl: 2872.1 tp: 0.0
0	21:38:01.302	'120010550': order #10961494 sell 0.01 SPX500 at 2786.5 was modified -> sl: 2867.1 tp: 0.0
0	21:38:01.678	'120010550': order #10961494 sell 0.01 SPX500 at 2786.5 was modified -> sl: 2872.1 tp: 0.0
0	21:38:04.338	'120010550': modify order #10961494 sell 0.01 SPX500 at 2786.5 sl: 2872.1 tp: 0.0 -> sl: 2869.1 tp: 0.0
0	21:38:05.080	'120010550': order #10961494 sell 0.01 SPX500 at 2786.5 was modified -> sl: 2869.1 tp: 0.0
0	21:38:11.359	'120010550': modify order #10961494 sell 0.01 SPX500 at 2786.5 sl: 2869.1 tp: 0.0 -> sl: 2866.1 tp: 0.0
0	21:38:15.235	'120010550': order #10961494 sell 0.01 SPX500 at 2786.5 was modified -> sl: 2866.1 tp: 0.0
0	22:02:32.096	'120010550': order sell market 0.02 EURAUD. sl: 0.00000 tp: 0.00000
0	22:02:32.799	'120010550': order was opened : #10961607 sell 0.02 EURAUD. at 1.60904 sl: 0.00000 tp: 0.00000
0	22:47:11.196	'120010550': modify order #10956469 sell 0.02 EURUSD. at 1.11949 sl: 1.11780 tp: 1.11000 -> sl: 1.11726 tp: 1.11000
0	22:47:11.445	'120010550': order #10956469 sell 0.02 EURUSD. at 1.11949 was modified -> sl: 1.11726 tp: 1.11000
0	22:47:13.982	'120010550': modify order #10956469 sell 0.02 EURUSD. at 1.11949 sl: 1.11726 tp: 1.11000 -> sl: 1.11675 tp: 1.11000
0	22:47:15.038	'120010550': order #10956469 sell 0.02 EURUSD. at 1.11949 was modified -> sl: 1.11675 tp: 1.11000
0	23:16:04.337	'120010550': delete pending order #10956941 sell limit 0.01 US_OIL at 60.49 sl: 0.00 tp: 0.00
0	23:16:05.147	'120010550': pending order #10956941 was deleted
1	23:34:08.642	'120010550': modification of order #10961494 sell 0.01 SPX500 at 2786.5 sl: 2866.1 tp: 0.0 -> sl: 2866.1 tp: 2782.8 failed [Invalid S/L or T/P]
1	23:34:11.722	'120010550': modification of order #10961494 sell 0.01 SPX500 at 2786.5 sl: 2866.1 tp: 0.0 -> sl: 2866.1 tp: 2779.8 failed [Invalid S/L or T/P]
1	23:34:15.222	'120010550': modification of order #10961494 sell 0.01 SPX500 at 2786.5 sl: 2866.1 tp: 0.0 -> sl: 2866.1 tp: 2777.7 failed [Invalid S/L or T/P]
1	23:34:21.734	'120010550': modification of order #10961494 sell 0.01 SPX500 at 2786.5 sl: 2866.1 tp: 0.0 -> sl: 2866.1 tp: 2778.2 failed [Invalid S/L or T/P]
1	23:34:26.948	'120010550': modification of order #10961494 sell 0.01 SPX500 at 2786.5 sl: 2866.1 tp: 0.0 -> sl: 2866.1 tp: 2775.0 failed [Invalid S/L or T/P]
0	23:34:31.128	'120010550': modify order #10961494 sell 0.01 SPX500 at 2786.5 sl: 2866.1 tp: 0.0 -> sl: 2866.1 tp: 2710.5
0	23:34:32.061	'120010550': order #10961494 sell 0.01 SPX500 at 2786.5 was modified -> sl: 2866.1 tp: 2710.5
0	23:34:34.730	'120010550': modify order #10961494 sell 0.01 SPX500 at 2786.5 sl: 2866.1 tp: 2710.5 -> sl: 2866.1 tp: 2753.1
0	23:34:35.276	'120010550': order #10961494 sell 0.01 SPX500 at 2786.5 was modified -> sl: 2866.1 tp: 2753.1
0	23:34:37.656	'120010550': modify order #10961494 sell 0.01 SPX500 at 2786.5 sl: 2866.1 tp: 2753.1 -> sl: 2866.1 tp: 2771.0
0	23:34:38.100	'120010550': order #10961494 sell 0.01 SPX500 at 2786.5 was modified -> sl: 2866.1 tp: 2771.0
1	23:34:41.677	'120010550': modification of order #10961494 sell 0.01 SPX500 at 2786.5 sl: 2866.1 tp: 2771.0 -> sl: 2866.1 tp: 2775.9 failed [Invalid S/L or T/P]
