0	19:52:39.020	FX Trader build 1170 started (Performance Ronnaru Capital Ltd.)
0	19:52:39.020	Windows 10 Home x64, IE 11, UAC, 8 x Intel Core i7-6700HQ  @ 2.60GHz, Memory: 26780 / 32639 Mb, Disk: 144 / 264 Gb, GMT+8
0	19:52:39.020	Data Folder: C:\Users\tiany\AppData\Roaming\MetaQuotes\Terminal\79214103E7A6FC97F86082D309D0B84B
2	19:52:40.905	Custom indicator SupResZone_MTF USDXXX,Daily: loaded successfully
2	19:52:40.921	Custom indicator SupResZone_MTF USDXXX,Daily: loaded successfully
2	19:52:40.936	Custom indicator SupResZone_MTF USDXXX,Daily: loaded successfully
2	19:52:41.030	Custom indicator SupResZone_MTF USDXXX,Daily: loaded successfully
2	19:52:41.046	Custom indicator MACD-2x USDXXX,Daily: loaded successfully
2	19:52:41.155	Custom indicator Laguerre-ACS1 USDXXX,Daily: loaded successfully
2	19:52:41.405	Custom indicator SupResZone_MTF XAUUSD.,Daily: loaded successfully
2	19:52:41.421	Custom indicator SupResZone_MTF XAUUSD.,Daily: loaded successfully
2	19:52:41.436	Custom indicator SupResZone_MTF XAUUSD.,Daily: loaded successfully
2	19:52:41.452	Custom indicator SupResZone_MTF XAUUSD.,Daily: loaded successfully
2	19:52:41.468	Custom indicator MACD-2x XAUUSD.,Daily: loaded successfully
2	19:52:41.561	Custom indicator Laguerre-ACS1 XAUUSD.,Daily: loaded successfully
2	19:52:41.718	Custom indicator SupResZone_MTF XAGUSD.,H1: loaded successfully
2	19:52:41.733	Custom indicator SupResZone_MTF XAGUSD.,H1: loaded successfully
2	19:52:41.749	Custom indicator SupResZone_MTF XAGUSD.,H1: loaded successfully
2	19:52:41.765	Custom indicator SupResZone_MTF XAGUSD.,H1: loaded successfully
2	19:52:41.780	Custom indicator MACD-2x XAGUSD.,H1: loaded successfully
2	19:52:41.895	Custom indicator Laguerre-ACS1 XAGUSD.,H1: loaded successfully
2	19:52:42.503	Custom indicator SupResZone_MTF US_OIL,Daily: loaded successfully
2	19:52:42.519	Custom indicator SupResZone_MTF US_OIL,Daily: loaded successfully
2	19:52:42.536	Custom indicator SupResZone_MTF US_OIL,Daily: loaded successfully
2	19:52:42.551	Custom indicator SupResZone_MTF US_OIL,Daily: loaded successfully
2	19:52:42.564	Custom indicator MACD-2x US_OIL,Daily: loaded successfully
2	19:52:42.644	Custom indicator Laguerre-ACS1 US_OIL,Daily: loaded successfully
2	19:52:42.778	Custom indicator SupResZone_MTF JP225,H1: loaded successfully
2	19:52:42.790	Custom indicator SupResZone_MTF JP225,H1: loaded successfully
2	19:52:42.803	Custom indicator SupResZone_MTF JP225,H1: loaded successfully
2	19:52:42.819	Custom indicator SupResZone_MTF JP225,H1: loaded successfully
2	19:52:42.833	Custom indicator MACD-2x JP225,H1: loaded successfully
2	19:52:42.910	Custom indicator Laguerre-ACS1 JP225,H1: loaded successfully
2	19:52:43.230	Custom indicator SupResZone_MTF SPX500,H1: loaded successfully
2	19:52:43.241	Custom indicator SupResZone_MTF SPX500,H1: loaded successfully
2	19:52:43.251	Custom indicator SupResZone_MTF SPX500,H1: loaded successfully
2	19:52:43.262	Custom indicator SupResZone_MTF SPX500,H1: loaded successfully
2	19:52:43.273	Custom indicator MACD-2x SPX500,H1: loaded successfully
2	19:52:43.349	Custom indicator Laguerre-ACS1 SPX500,H1: loaded successfully
2	19:52:43.600	Custom indicator SupResZone_MTF EURAUD.,Weekly: loaded successfully
2	19:52:43.610	Custom indicator SupResZone_MTF EURAUD.,Weekly: loaded successfully
2	19:52:43.621	Custom indicator SupResZone_MTF EURAUD.,Weekly: loaded successfully
2	19:52:43.632	Custom indicator SupResZone_MTF EURAUD.,Weekly: loaded successfully
2	19:52:43.643	Custom indicator MACD-2x EURAUD.,Weekly: loaded successfully
2	19:52:43.715	Custom indicator Laguerre-ACS1 EURAUD.,Weekly: loaded successfully
2	19:52:43.820	Custom indicator SupResZone_MTF AUDJPY.,Weekly: loaded successfully
2	19:52:43.831	Custom indicator SupResZone_MTF AUDJPY.,Weekly: loaded successfully
2	19:52:43.844	Custom indicator SupResZone_MTF AUDJPY.,Weekly: loaded successfully
2	19:52:43.855	Custom indicator SupResZone_MTF AUDJPY.,Weekly: loaded successfully
2	19:52:43.855	Custom indicator MACD-2x AUDJPY.,Weekly: loaded successfully
2	19:52:43.945	Custom indicator Laguerre-ACS1 AUDJPY.,Weekly: loaded successfully
2	19:52:44.054	Custom indicator SupResZone_MTF AUDUSD.,H1: loaded successfully
2	19:52:44.070	Custom indicator SupResZone_MTF AUDUSD.,H1: loaded successfully
2	19:52:44.070	Custom indicator SupResZone_MTF AUDUSD.,H1: loaded successfully
2	19:52:44.085	Custom indicator SupResZone_MTF AUDUSD.,H1: loaded successfully
2	19:52:44.101	Custom indicator MACD-2x AUDUSD.,H1: loaded successfully
2	19:52:44.210	Custom indicator Laguerre-ACS1 AUDUSD.,H1: loaded successfully
2	19:52:44.446	Custom indicator SupResZone_MTF USDJPY.,H1: loaded successfully
2	19:52:44.457	Custom indicator SupResZone_MTF USDJPY.,H1: loaded successfully
2	19:52:44.471	Custom indicator SupResZone_MTF USDJPY.,H1: loaded successfully
2	19:52:44.488	Custom indicator SupResZone_MTF USDJPY.,H1: loaded successfully
2	19:52:44.504	Custom indicator MACD-2x USDJPY.,H1: loaded successfully
2	19:52:44.610	Custom indicator Laguerre-ACS1 USDJPY.,H1: loaded successfully
2	19:52:44.929	Custom indicator SupResZone_MTF EURJPY.,Monthly: loaded successfully
2	19:52:44.952	Custom indicator SupResZone_MTF EURJPY.,Monthly: loaded successfully
2	19:52:44.973	Custom indicator SupResZone_MTF EURJPY.,Monthly: loaded successfully
2	19:52:44.992	Custom indicator SupResZone_MTF EURJPY.,Monthly: loaded successfully
2	19:52:45.010	Custom indicator MACD-2x EURJPY.,Monthly: loaded successfully
2	19:52:45.125	Custom indicator Laguerre-ACS1 EURJPY.,Monthly: loaded successfully
2	19:52:45.281	Custom indicator SupResZone_MTF EURUSD.,Daily: loaded successfully
2	19:52:45.295	Custom indicator SupResZone_MTF EURUSD.,Daily: loaded successfully
2	19:52:45.307	Custom indicator SupResZone_MTF EURUSD.,Daily: loaded successfully
2	19:52:45.324	Custom indicator SupResZone_MTF EURUSD.,Daily: loaded successfully
2	19:52:45.337	Custom indicator MACD-2x EURUSD.,Daily: loaded successfully
2	19:52:45.435	Custom indicator Laguerre-ACS1 EURUSD.,Daily: loaded successfully
2	19:52:45.622	Custom indicator SupResZone_MTF GBPJPY.,H4: loaded successfully
2	19:52:45.638	Custom indicator SupResZone_MTF GBPJPY.,H4: loaded successfully
2	19:52:45.659	Custom indicator SupResZone_MTF GBPJPY.,H4: loaded successfully
2	19:52:45.676	Custom indicator SupResZone_MTF GBPJPY.,H4: loaded successfully
2	19:52:45.697	Custom indicator MACD-2x GBPJPY.,H4: loaded successfully
2	19:52:45.853	Custom indicator Laguerre-ACS1 GBPJPY.,H4: loaded successfully
2	19:52:46.150	Custom indicator SupResZone_MTF GBPUSD.,H1: loaded successfully
2	19:52:46.163	Custom indicator SupResZone_MTF GBPUSD.,H1: loaded successfully
2	19:52:46.178	Custom indicator SupResZone_MTF GBPUSD.,H1: loaded successfully
2	19:52:46.194	Custom indicator SupResZone_MTF GBPUSD.,H1: loaded successfully
2	19:52:46.206	Custom indicator MACD-2x GBPUSD.,H1: loaded successfully
2	19:52:46.280	Custom indicator Laguerre-ACS1 GBPUSD.,H1: loaded successfully
2	19:52:46.662	Custom indicator SupResZone_MTF USDCAD.,Daily: loaded successfully
2	19:52:46.678	Custom indicator SupResZone_MTF USDCAD.,Daily: loaded successfully
2	19:52:46.694	Custom indicator SupResZone_MTF USDCAD.,Daily: loaded successfully
2	19:52:46.709	Custom indicator SupResZone_MTF USDCAD.,Daily: loaded successfully
2	19:52:46.730	Custom indicator MACD-2x USDCAD.,Daily: loaded successfully
2	19:52:46.824	Custom indicator Laguerre-ACS1 USDCAD.,Daily: loaded successfully
2	19:52:47.088	Custom indicator SupResZone_MTF USDCHF.,H4: loaded successfully
2	19:52:47.104	Custom indicator SupResZone_MTF USDCHF.,H4: loaded successfully
2	19:52:47.116	Custom indicator SupResZone_MTF USDCHF.,H4: loaded successfully
2	19:52:47.131	Custom indicator SupResZone_MTF USDCHF.,H4: loaded successfully
2	19:52:47.143	Custom indicator MACD-2x USDCHF.,H4: loaded successfully
2	19:52:47.242	Custom indicator Laguerre-ACS1 USDCHF.,H4: loaded successfully
2	19:52:47.595	Custom indicator MACD-2x USDCNH,Daily: loaded successfully
2	19:52:47.616	Custom indicator MACD-2x USDCNH,Daily: loaded successfully
2	19:52:47.761	Custom indicator Laguerre-ACS1 USDCNH,Daily: loaded successfully
2	19:52:47.915	Custom indicator GMMA Long USDJPY.,H1: loaded successfully
2	19:52:47.928	Custom indicator GMMA Short USDJPY.,H1: loaded successfully
2	19:52:47.939	Custom indicator 23MTF_MovingAverageIGOR USDJPY.,H1: loaded successfully
2	19:52:47.949	Custom indicator 23MTF_MovingAverageIGOR USDJPY.,H1: loaded successfully
2	19:52:47.963	Custom indicator SupResZone_MTF USDJPY.,H1: loaded successfully
2	19:52:47.976	Custom indicator SupResZone_MTF USDJPY.,H1: loaded successfully
2	19:52:47.992	Custom indicator MACD-2x USDJPY.,H1: loaded successfully
2	19:52:48.279	Custom indicator SupResZone_MTF CHINA300,Daily: loaded successfully
2	19:52:48.294	Custom indicator SupResZone_MTF CHINA300,Daily: loaded successfully
2	19:52:48.311	Custom indicator SupResZone_MTF CHINA300,Daily: loaded successfully
2	19:52:48.324	Custom indicator SupResZone_MTF CHINA300,Daily: loaded successfully
2	19:52:48.339	Custom indicator MACD-2x CHINA300,Daily: loaded successfully
2	19:52:48.439	Custom indicator Laguerre-ACS1 CHINA300,Daily: loaded successfully
0	19:52:51.209	'120010550': login on PRC-Live through Server 5 (ping: 100.53 ms)
0	19:52:53.172	'120010550': login datacenter on PRC-Live through Server 5 (ping: 100.53 ms)
0	19:52:53.637	'120010550': previous successful authorization performed from 101.131.181.36
0	19:53:23.823	'120010550': ping to current access point Server 5 is 98.13 ms
0	19:53:55.698	'120010550': order sell market 0.01 XAGUSD. sl: 0.000 tp: 0.000
0	19:53:56.310	'120010550': order was opened : #10993474 sell 0.01 XAGUSD. at 14.715 sl: 0.000 tp: 0.000
1	21:17:19.034	'120010550': ping failed
1	21:17:19.068	'120010550': datacenter connecting failed [6]
0	21:17:19.962	'120010550': login on PRC-Live through Server 8 (ping: 139.85 ms)
0	21:17:21.977	'120010550': login datacenter on PRC-Live through Server 8 (ping: 139.85 ms)
0	21:17:22.460	'120010550': previous successful authorization performed from 101.131.181.36
0	21:18:03.020	'120010550': auto connecting to a better access point Server 5 (ping is 96.11 ms)
0	21:18:03.885	'120010550': login on PRC-Live through Server 5 (ping: 96.11 ms)
0	21:18:12.602	'120010550': login datacenter on PRC-Live through Server 5 (ping: 96.11 ms)
0	21:18:13.054	'120010550': previous successful authorization performed from 101.131.181.36
0	22:09:46.927	'120010550': modify order #10993474 sell 0.01 XAGUSD. at 14.715 sl: 0.000 tp: 0.000 -> sl: 0.000 tp: 14.527
0	22:09:47.483	'120010550': order #10993474 sell 0.01 XAGUSD. at 14.715 was modified -> sl: 0.000 tp: 14.527
0	22:09:53.823	'120010550': modify order #10993474 sell 0.01 XAGUSD. at 14.715 sl: 0.000 tp: 14.527 -> sl: 0.000 tp: 14.556
0	22:09:54.905	'120010550': order #10993474 sell 0.01 XAGUSD. at 14.715 was modified -> sl: 0.000 tp: 14.556
0	22:10:02.706	'120010550': modify order #10993474 sell 0.01 XAGUSD. at 14.715 sl: 0.000 tp: 14.556 -> sl: 0.000 tp: 14.635
0	22:10:03.328	'120010550': order #10993474 sell 0.01 XAGUSD. at 14.715 was modified -> sl: 0.000 tp: 14.635
0	22:10:53.243	'120010550': order sell market 0.01 US_OIL sl: 0.00 tp: 0.00
0	22:10:54.061	'120010550': order was opened : #10994103 sell 0.01 US_OIL at 53.74 sl: 0.00 tp: 0.00
