0	21:29:40.787	FX Trader build 1170 started (Performance Ronnaru Capital Ltd.)
0	21:29:40.787	Windows 10 Home x64, IE 11, UAC, 8 x Intel Core i7-6700HQ  @ 2.60GHz, Memory: 27172 / 32639 Mb, Disk: 137 / 264 Gb, GMT+8
0	21:29:40.787	Data Folder: C:\Users\tiany\AppData\Roaming\MetaQuotes\Terminal\79214103E7A6FC97F86082D309D0B84B
2	21:29:42.685	Custom indicator SupResZone_MTF USDXXX,Daily: loaded successfully
2	21:29:42.696	Custom indicator SupResZone_MTF USDXXX,Daily: loaded successfully
2	21:29:42.705	Custom indicator SupResZone_MTF USDXXX,Daily: loaded successfully
2	21:29:42.715	Custom indicator SupResZone_MTF USDXXX,Daily: loaded successfully
2	21:29:42.725	Custom indicator MACD-2x USDXXX,Daily: loaded successfully
2	21:29:42.794	Custom indicator Laguerre-ACS1 USDXXX,Daily: loaded successfully
2	21:29:43.035	Custom indicator SupResZone_MTF XAUUSD.,H4: loaded successfully
2	21:29:43.047	Custom indicator SupResZone_MTF XAUUSD.,H4: loaded successfully
2	21:29:43.059	Custom indicator SupResZone_MTF XAUUSD.,H4: loaded successfully
2	21:29:43.069	Custom indicator SupResZone_MTF XAUUSD.,H4: loaded successfully
2	21:29:43.078	Custom indicator MACD-2x XAUUSD.,H4: loaded successfully
2	21:29:43.147	Custom indicator Laguerre-ACS1 XAUUSD.,H4: loaded successfully
2	21:29:43.408	Custom indicator SupResZone_MTF XAGUSD.,H4: loaded successfully
2	21:29:43.418	Custom indicator SupResZone_MTF XAGUSD.,H4: loaded successfully
2	21:29:43.428	Custom indicator SupResZone_MTF XAGUSD.,H4: loaded successfully
2	21:29:43.439	Custom indicator SupResZone_MTF XAGUSD.,H4: loaded successfully
2	21:29:43.449	Custom indicator MACD-2x XAGUSD.,H4: loaded successfully
2	21:29:43.518	Custom indicator Laguerre-ACS1 XAGUSD.,H4: loaded successfully
2	21:29:43.690	Custom indicator SupResZone_MTF US_OIL,H4: loaded successfully
2	21:29:43.701	Custom indicator SupResZone_MTF US_OIL,H4: loaded successfully
2	21:29:43.711	Custom indicator SupResZone_MTF US_OIL,H4: loaded successfully
2	21:29:43.721	Custom indicator SupResZone_MTF US_OIL,H4: loaded successfully
2	21:29:43.731	Custom indicator MACD-2x US_OIL,H4: loaded successfully
2	21:29:43.798	Custom indicator Laguerre-ACS1 US_OIL,H4: loaded successfully
2	21:29:44.016	Custom indicator SupResZone_MTF JP225,H4: loaded successfully
2	21:29:44.027	Custom indicator SupResZone_MTF JP225,H4: loaded successfully
2	21:29:44.037	Custom indicator SupResZone_MTF JP225,H4: loaded successfully
2	21:29:44.047	Custom indicator SupResZone_MTF JP225,H4: loaded successfully
2	21:29:44.057	Custom indicator MACD-2x JP225,H4: loaded successfully
2	21:29:44.127	Custom indicator Laguerre-ACS1 JP225,H4: loaded successfully
2	21:29:44.382	Custom indicator SupResZone_MTF SPX500,H4: loaded successfully
2	21:29:44.395	Custom indicator SupResZone_MTF SPX500,H4: loaded successfully
2	21:29:44.407	Custom indicator SupResZone_MTF SPX500,H4: loaded successfully
2	21:29:44.418	Custom indicator SupResZone_MTF SPX500,H4: loaded successfully
2	21:29:44.428	Custom indicator MACD-2x SPX500,H4: loaded successfully
2	21:29:44.495	Custom indicator Laguerre-ACS1 SPX500,H4: loaded successfully
2	21:29:44.712	Custom indicator SupResZone_MTF EURAUD.,H4: loaded successfully
2	21:29:44.722	Custom indicator SupResZone_MTF EURAUD.,H4: loaded successfully
2	21:29:44.732	Custom indicator SupResZone_MTF EURAUD.,H4: loaded successfully
2	21:29:44.741	Custom indicator SupResZone_MTF EURAUD.,H4: loaded successfully
2	21:29:44.752	Custom indicator MACD-2x EURAUD.,H4: loaded successfully
2	21:29:44.825	Custom indicator Laguerre-ACS1 EURAUD.,H4: loaded successfully
2	21:29:45.008	Custom indicator SupResZone_MTF AUDJPY.,H4: loaded successfully
2	21:29:45.017	Custom indicator SupResZone_MTF AUDJPY.,H4: loaded successfully
2	21:29:45.027	Custom indicator SupResZone_MTF AUDJPY.,H4: loaded successfully
2	21:29:45.037	Custom indicator SupResZone_MTF AUDJPY.,H4: loaded successfully
2	21:29:45.047	Custom indicator MACD-2x AUDJPY.,H4: loaded successfully
2	21:29:45.114	Custom indicator Laguerre-ACS1 AUDJPY.,H4: loaded successfully
2	21:29:45.319	Custom indicator SupResZone_MTF AUDUSD.,H4: loaded successfully
2	21:29:45.328	Custom indicator SupResZone_MTF AUDUSD.,H4: loaded successfully
2	21:29:45.338	Custom indicator SupResZone_MTF AUDUSD.,H4: loaded successfully
2	21:29:45.350	Custom indicator SupResZone_MTF AUDUSD.,H4: loaded successfully
2	21:29:45.361	Custom indicator MACD-2x AUDUSD.,H4: loaded successfully
2	21:29:45.431	Custom indicator Laguerre-ACS1 AUDUSD.,H4: loaded successfully
2	21:29:45.649	Custom indicator SupResZone_MTF USDJPY.,H1: loaded successfully
2	21:29:45.659	Custom indicator SupResZone_MTF USDJPY.,H1: loaded successfully
2	21:29:45.670	Custom indicator SupResZone_MTF USDJPY.,H1: loaded successfully
2	21:29:45.680	Custom indicator SupResZone_MTF USDJPY.,H1: loaded successfully
2	21:29:45.689	Custom indicator MACD-2x USDJPY.,H1: loaded successfully
2	21:29:45.757	Custom indicator Laguerre-ACS1 USDJPY.,H1: loaded successfully
2	21:29:46.029	Custom indicator SupResZone_MTF EURJPY.,H4: loaded successfully
2	21:29:46.039	Custom indicator SupResZone_MTF EURJPY.,H4: loaded successfully
2	21:29:46.049	Custom indicator SupResZone_MTF EURJPY.,H4: loaded successfully
2	21:29:46.059	Custom indicator SupResZone_MTF EURJPY.,H4: loaded successfully
2	21:29:46.068	Custom indicator MACD-2x EURJPY.,H4: loaded successfully
2	21:29:46.136	Custom indicator Laguerre-ACS1 EURJPY.,H4: loaded successfully
2	21:29:46.418	Custom indicator SupResZone_MTF EURUSD.,H4: loaded successfully
2	21:29:46.428	Custom indicator SupResZone_MTF EURUSD.,H4: loaded successfully
2	21:29:46.437	Custom indicator SupResZone_MTF EURUSD.,H4: loaded successfully
2	21:29:46.447	Custom indicator SupResZone_MTF EURUSD.,H4: loaded successfully
2	21:29:46.456	Custom indicator MACD-2x EURUSD.,H4: loaded successfully
2	21:29:46.524	Custom indicator Laguerre-ACS1 EURUSD.,H4: loaded successfully
2	21:29:46.781	Custom indicator SupResZone_MTF GBPJPY.,H4: loaded successfully
2	21:29:46.791	Custom indicator SupResZone_MTF GBPJPY.,H4: loaded successfully
2	21:29:46.801	Custom indicator SupResZone_MTF GBPJPY.,H4: loaded successfully
2	21:29:46.811	Custom indicator SupResZone_MTF GBPJPY.,H4: loaded successfully
2	21:29:46.822	Custom indicator MACD-2x GBPJPY.,H4: loaded successfully
2	21:29:46.890	Custom indicator Laguerre-ACS1 GBPJPY.,H4: loaded successfully
2	21:29:47.172	Custom indicator SupResZone_MTF GBPUSD.,H4: loaded successfully
2	21:29:47.182	Custom indicator SupResZone_MTF GBPUSD.,H4: loaded successfully
2	21:29:47.191	Custom indicator SupResZone_MTF GBPUSD.,H4: loaded successfully
2	21:29:47.201	Custom indicator SupResZone_MTF GBPUSD.,H4: loaded successfully
2	21:29:47.212	Custom indicator MACD-2x GBPUSD.,H4: loaded successfully
2	21:29:47.279	Custom indicator Laguerre-ACS1 GBPUSD.,H4: loaded successfully
2	21:29:47.531	Custom indicator SupResZone_MTF USDCAD.,H4: loaded successfully
2	21:29:47.542	Custom indicator SupResZone_MTF USDCAD.,H4: loaded successfully
2	21:29:47.552	Custom indicator SupResZone_MTF USDCAD.,H4: loaded successfully
2	21:29:47.563	Custom indicator SupResZone_MTF USDCAD.,H4: loaded successfully
2	21:29:47.573	Custom indicator MACD-2x USDCAD.,H4: loaded successfully
2	21:29:47.640	Custom indicator Laguerre-ACS1 USDCAD.,H4: loaded successfully
2	21:29:47.941	Custom indicator SupResZone_MTF USDCHF.,H4: loaded successfully
2	21:29:47.952	Custom indicator SupResZone_MTF USDCHF.,H4: loaded successfully
2	21:29:47.961	Custom indicator SupResZone_MTF USDCHF.,H4: loaded successfully
2	21:29:47.972	Custom indicator SupResZone_MTF USDCHF.,H4: loaded successfully
2	21:29:47.981	Custom indicator MACD-2x USDCHF.,H4: loaded successfully
2	21:29:48.048	Custom indicator Laguerre-ACS1 USDCHF.,H4: loaded successfully
2	21:29:48.284	Custom indicator SupResZone_MTF USDCNH,Daily: loaded successfully
2	21:29:48.294	Custom indicator SupResZone_MTF USDCNH,Daily: loaded successfully
2	21:29:48.305	Custom indicator SupResZone_MTF USDCNH,Daily: loaded successfully
2	21:29:48.315	Custom indicator SupResZone_MTF USDCNH,Daily: loaded successfully
2	21:29:48.325	Custom indicator MACD-2x USDCNH,Daily: loaded successfully
2	21:29:48.394	Custom indicator Laguerre-ACS1 USDCNH,Daily: loaded successfully
2	21:29:48.579	Custom indicator GMMA Long USDJPY.,H4: loaded successfully
2	21:29:48.589	Custom indicator GMMA Short USDJPY.,H4: loaded successfully
2	21:29:48.598	Custom indicator 23MTF_MovingAverageIGOR USDJPY.,H4: loaded successfully
2	21:29:48.606	Custom indicator 23MTF_MovingAverageIGOR USDJPY.,H4: loaded successfully
2	21:29:48.616	Custom indicator SupResZone_MTF USDJPY.,H4: loaded successfully
2	21:29:48.625	Custom indicator SupResZone_MTF USDJPY.,H4: loaded successfully
2	21:29:48.634	Custom indicator MACD-2x USDJPY.,H4: loaded successfully
2	21:29:48.853	Custom indicator SupResZone_MTF CHINA300,Daily: loaded successfully
2	21:29:48.864	Custom indicator SupResZone_MTF CHINA300,Daily: loaded successfully
2	21:29:48.874	Custom indicator SupResZone_MTF CHINA300,Daily: loaded successfully
2	21:29:48.883	Custom indicator SupResZone_MTF CHINA300,Daily: loaded successfully
2	21:29:48.894	Custom indicator MACD-2x CHINA300,Daily: loaded successfully
2	21:29:48.963	Custom indicator Laguerre-ACS1 CHINA300,Daily: loaded successfully
1	21:29:50.632	'120010550': connect failed [No connection]
0	21:29:56.345	'120010550': login on PRC-Live through Server 3 (ping: 148.37 ms)
0	21:30:03.378	'120010550': login datacenter on PRC-Live through Server 3 (ping: 148.37 ms)
0	21:30:03.925	'120010550': previous successful authorization performed from 223.104.177.125
0	21:30:47.598	'120010550': ping to current access point Server 3 is 191.10 ms
0	21:35:43.793	'120010550': order buy market 0.02 GBPJPY. sl: 0.000 tp: 0.000
0	21:35:44.833	'120010550': order was opened : #11058290 buy 0.02 GBPJPY. at 137.151 sl: 0.000 tp: 0.000
0	21:35:50.767	'120010550': modify order #11058290 buy 0.02 GBPJPY. at 137.151 sl: 0.000 tp: 0.000 -> sl: 135.426 tp: 0.000
0	21:35:51.836	'120010550': order #11058290 buy 0.02 GBPJPY. at 137.151 was modified -> sl: 135.426 tp: 0.000
0	21:43:24.063	'120010550': modify order #11050246 buy 0.01 US_OIL at 60.02 sl: 0.00 tp: 0.00 -> sl: 57.99 tp: 0.00
0	21:43:25.795	'120010550': order #11050246 buy 0.01 US_OIL at 60.02 was modified -> sl: 57.99 tp: 0.00
0	21:49:33.922	'120010550': modify order #11051103 buy 0.01 XAUUSD. at 1416.00 sl: 1370.00 tp: 1416.15 -> sl: 1363.69 tp: 1416.15
0	21:49:35.478	'120010550': order #11051103 buy 0.01 XAUUSD. at 1416.00 was modified -> sl: 1363.69 tp: 1416.15
1	21:59:40.061	'120010550': datacenter connecting failed [6]
0	21:59:46.063	'120010550': login on PRC-Live through Server 8 (ping: 193.88 ms)
0	21:59:51.534	'120010550': login datacenter on PRC-Live through Server 8 (ping: 193.88 ms)
0	21:59:52.063	'120010550': previous successful authorization performed from 1.180.18.117
0	22:27:22.693	'120010550': order sell market 0.01 AUDUSD. sl: 0.00000 tp: 0.00000
0	22:27:24.272	'120010550': order was opened : #11058646 sell 0.01 AUDUSD. at 0.69801 sl: 0.00000 tp: 0.00000
0	22:27:29.943	'120010550': modify order #11058646 sell 0.01 AUDUSD. at 0.69801 sl: 0.00000 tp: 0.00000 -> sl: 0.00000 tp: 0.69310
0	22:27:30.555	'120010550': order #11058646 sell 0.01 AUDUSD. at 0.69801 was modified -> sl: 0.00000 tp: 0.69310
0	22:28:53.576	'120010550': modify order #11050246 buy 0.01 US_OIL at 60.02 sl: 57.99 tp: 0.00 -> sl: 56.16 tp: 0.00
0	22:28:54.334	'120010550': order #11050246 buy 0.01 US_OIL at 60.02 was modified -> sl: 56.16 tp: 0.00
0	22:30:41.099	'120010550': modify order #11051103 buy 0.01 XAUUSD. at 1416.00 sl: 1363.69 tp: 1416.15 -> sl: 1315.15 tp: 1416.15
0	22:30:42.852	'120010550': order #11051103 buy 0.01 XAUUSD. at 1416.00 was modified -> sl: 1315.15 tp: 1416.15
0	22:30:47.028	'120010550': modify order #11051103 buy 0.01 XAUUSD. at 1416.00 sl: 1315.15 tp: 1416.15 -> sl: 1315.15 tp: 1442.68
0	22:30:47.992	'120010550': order #11051103 buy 0.01 XAUUSD. at 1416.00 was modified -> sl: 1315.15 tp: 1442.68
0	22:30:52.982	'120010550': modify order #11051103 buy 0.01 XAUUSD. at 1416.00 sl: 1315.15 tp: 1442.68 -> sl: 1315.15 tp: 1421.57
0	22:30:53.991	'120010550': order #11051103 buy 0.01 XAUUSD. at 1416.00 was modified -> sl: 1315.15 tp: 1421.57
0	22:31:28.160	'120010550': modify order #11051103 buy 0.01 XAUUSD. at 1416.00 sl: 1315.15 tp: 1421.57 -> sl: 1315.15 tp: 1433.03
0	22:31:29.084	'120010550': order #11051103 buy 0.01 XAUUSD. at 1416.00 was modified -> sl: 1315.15 tp: 1433.03
0	22:55:01.764	'120010550': modify order #11051103 buy 0.01 XAUUSD. at 1416.00 sl: 1315.15 tp: 1433.03 -> sl: 1315.15 tp: 1430.62
0	22:55:02.466	'120010550': order #11051103 buy 0.01 XAUUSD. at 1416.00 was modified -> sl: 1315.15 tp: 1430.62
0	23:01:53.223	'120010550': order buy market 0.01 XAGUSD. sl: 0.000 tp: 0.000
0	23:01:54.885	'120010550': order was opened : #11058888 buy 0.01 XAGUSD. at 15.302 sl: 0.000 tp: 0.000
0	23:02:00.076	'120010550': modify order #11058888 buy 0.01 XAGUSD. at 15.302 sl: 0.000 tp: 0.000 -> sl: 0.000 tp: 15.442
0	23:02:00.604	'120010550': order #11058888 buy 0.01 XAGUSD. at 15.302 was modified -> sl: 0.000 tp: 15.442
0	23:02:20.363	'120010550': modify order #11058888 buy 0.01 XAGUSD. at 15.302 sl: 0.000 tp: 15.442 -> sl: 0.000 tp: 15.424
0	23:02:21.355	'120010550': order #11058888 buy 0.01 XAGUSD. at 15.302 was modified -> sl: 0.000 tp: 15.424
0	23:03:14.218	'120010550': modify order #11058888 buy 0.01 XAGUSD. at 15.302 sl: 0.000 tp: 15.424 -> sl: 14.589 tp: 15.424
0	23:03:15.901	'120010550': order #11058888 buy 0.01 XAGUSD. at 15.302 was modified -> sl: 14.589 tp: 15.424
0	23:03:25.889	'120010550': modify order #11050246 buy 0.01 US_OIL at 60.02 sl: 56.16 tp: 0.00 -> sl: 56.02 tp: 0.00
0	23:03:27.056	'120010550': order #11050246 buy 0.01 US_OIL at 60.02 was modified -> sl: 56.02 tp: 0.00
0	23:03:53.491	'120010550': modify order #11058646 sell 0.01 AUDUSD. at 0.69801 sl: 0.00000 tp: 0.69310 -> sl: 0.69852 tp: 0.69310
0	23:03:54.387	'120010550': order #11058646 sell 0.01 AUDUSD. at 0.69801 was modified -> sl: 0.69852 tp: 0.69310
0	23:03:56.687	'120010550': modify order #11058646 sell 0.01 AUDUSD. at 0.69801 sl: 0.69852 tp: 0.69310 -> sl: 0.69756 tp: 0.69310
0	23:03:57.619	'120010550': order #11058646 sell 0.01 AUDUSD. at 0.69801 was modified -> sl: 0.69756 tp: 0.69310
0	23:21:27.289	'120010550': modify order #11058888 buy 0.01 XAGUSD. at 15.302 sl: 14.589 tp: 15.424 -> sl: 14.589 tp: 15.316
0	23:21:27.893	'120010550': order #11058888 buy 0.01 XAGUSD. at 15.302 was modified -> sl: 14.589 tp: 15.316
