0	00:03:22.431	'120010550': order #10939038 sell 0.01 XAUUSD. at 1277.65 closed due stop-loss at price 1277.15
0	00:21:36.412	'120010550': modify order #10936780 sell 0.01 XAUUSD. at 1285.93 sl: 1281.80 tp: 1270.46 -> sl: 1287.48 tp: 1270.46
0	00:21:36.795	'120010550': order #10936780 sell 0.01 XAUUSD. at 1285.93 was modified -> sl: 1287.48 tp: 1270.46
0	00:21:40.477	'120010550': modify order #10936780 sell 0.01 XAUUSD. at 1285.93 sl: 1287.48 tp: 1270.46 -> sl: 1285.33 tp: 1270.46
0	00:21:40.986	'120010550': order #10936780 sell 0.01 XAUUSD. at 1285.93 was modified -> sl: 1285.33 tp: 1270.46
0	00:21:50.521	'120010550': modify order #10936778 sell 0.01 XAUUSD. at 1285.21 sl: 1279.68 tp: 0.00 -> sl: 1289.67 tp: 0.00
0	00:21:51.812	'120010550': order #10936778 sell 0.01 XAUUSD. at 1285.21 was modified -> sl: 1289.67 tp: 0.00
0	00:21:57.952	'120010550': modify order #10936778 sell 0.01 XAUUSD. at 1285.21 sl: 1289.67 tp: 0.00 -> sl: 1290.17 tp: 0.00
0	00:21:58.826	'120010550': order #10936778 sell 0.01 XAUUSD. at 1285.21 was modified -> sl: 1290.17 tp: 0.00
2	00:23:09.716	Custom indicator SupResZone_MTF EURAUD.,H4: removed
2	00:23:09.718	Custom indicator SupResZone_MTF EURAUD.,H4: removed
2	00:23:09.720	Custom indicator SupResZone_MTF EURAUD.,H4: removed
2	00:23:09.721	Custom indicator MACD-2x EURAUD.,H4: removed
2	00:23:09.721	Custom indicator Laguerre-ACS1 EURAUD.,H4: removed
2	00:23:09.741	Custom indicator SupResZone_MTF EURAUD.,H4: loaded successfully
2	00:23:09.754	Custom indicator SupResZone_MTF EURAUD.,H4: loaded successfully
2	00:23:09.769	Custom indicator SupResZone_MTF EURAUD.,H4: loaded successfully
2	00:23:09.782	Custom indicator SupResZone_MTF EURAUD.,H4: loaded successfully
2	00:23:09.793	Custom indicator MACD-2x EURAUD.,H4: loaded successfully
2	00:23:09.871	Custom indicator Laguerre-ACS1 EURAUD.,H4: loaded successfully
2	00:23:23.133	Custom indicator SupResZone_MTF USDCAD.,H4: removed
2	00:23:23.135	Custom indicator SupResZone_MTF USDCAD.,H4: removed
2	00:23:23.137	Custom indicator SupResZone_MTF USDCAD.,H4: removed
2	00:23:23.139	Custom indicator MACD-2x USDCAD.,H4: removed
2	00:23:23.139	Custom indicator Laguerre-ACS1 USDCAD.,H4: removed
2	00:23:23.152	Custom indicator SupResZone_MTF USDCAD.,H4: loaded successfully
2	00:23:23.163	Custom indicator SupResZone_MTF USDCAD.,H4: loaded successfully
2	00:23:23.175	Custom indicator SupResZone_MTF USDCAD.,H4: loaded successfully
2	00:23:23.187	Custom indicator SupResZone_MTF USDCAD.,H4: loaded successfully
2	00:23:23.198	Custom indicator MACD-2x USDCAD.,H4: loaded successfully
2	00:23:23.291	Custom indicator Laguerre-ACS1 USDCAD.,H4: loaded successfully
2	00:23:33.319	Custom indicator SupResZone_MTF USDCHF.,H4: removed
2	00:23:33.321	Custom indicator SupResZone_MTF USDCHF.,H4: removed
2	00:23:33.324	Custom indicator SupResZone_MTF USDCHF.,H4: removed
2	00:23:33.327	Custom indicator MACD-2x USDCHF.,H4: removed
2	00:23:33.327	Custom indicator Laguerre-ACS1 USDCHF.,H4: removed
2	00:23:33.345	Custom indicator SupResZone_MTF USDCHF.,H4: loaded successfully
2	00:23:33.364	Custom indicator SupResZone_MTF USDCHF.,H4: loaded successfully
2	00:23:33.377	Custom indicator SupResZone_MTF USDCHF.,H4: loaded successfully
2	00:23:33.389	Custom indicator SupResZone_MTF USDCHF.,H4: loaded successfully
2	00:23:33.400	Custom indicator MACD-2x USDCHF.,H4: loaded successfully
2	00:23:33.479	Custom indicator Laguerre-ACS1 USDCHF.,H4: loaded successfully
2	00:24:19.364	Custom indicator SupResZone_MTF AUDJPY.,H4: removed
2	00:24:19.366	Custom indicator SupResZone_MTF AUDJPY.,H4: removed
2	00:24:19.369	Custom indicator SupResZone_MTF AUDJPY.,H4: removed
2	00:24:19.371	Custom indicator MACD-2x AUDJPY.,H4: removed
2	00:24:19.371	Custom indicator Laguerre-ACS1 AUDJPY.,H4: removed
2	00:24:19.384	Custom indicator SupResZone_MTF AUDJPY.,H4: loaded successfully
2	00:24:19.397	Custom indicator SupResZone_MTF AUDJPY.,H4: loaded successfully
2	00:24:19.409	Custom indicator SupResZone_MTF AUDJPY.,H4: loaded successfully
2	00:24:19.423	Custom indicator SupResZone_MTF AUDJPY.,H4: loaded successfully
2	00:24:19.437	Custom indicator MACD-2x AUDJPY.,H4: loaded successfully
2	00:24:19.546	Custom indicator Laguerre-ACS1 AUDJPY.,H4: loaded successfully
2	00:24:44.456	Custom indicator SupResZone_MTF JP225,H4: removed
2	00:24:44.458	Custom indicator SupResZone_MTF JP225,H4: removed
2	00:24:44.459	Custom indicator SupResZone_MTF JP225,H4: removed
2	00:24:44.461	Custom indicator MACD-2x JP225,H4: removed
2	00:24:44.463	Custom indicator Laguerre-ACS1 JP225,H4: removed
2	00:24:44.474	Custom indicator SupResZone_MTF JP225,H4: loaded successfully
2	00:24:44.485	Custom indicator SupResZone_MTF JP225,H4: loaded successfully
2	00:24:44.496	Custom indicator SupResZone_MTF JP225,H4: loaded successfully
2	00:24:44.510	Custom indicator SupResZone_MTF JP225,H4: loaded successfully
2	00:24:44.526	Custom indicator MACD-2x JP225,H4: loaded successfully
2	00:24:44.608	Custom indicator Laguerre-ACS1 JP225,H4: loaded successfully
0	00:33:16.936	'120010550': modify order #10938964 sell 0.01 EURUSD. at 1.11601 sl: 0.00000 tp: 0.00000 -> sl: 0.00000 tp: 1.11407
0	00:33:17.790	'120010550': order #10938964 sell 0.01 EURUSD. at 1.11601 was modified -> sl: 0.00000 tp: 1.11407
0	00:33:42.107	'120010550': order sell market 0.01 GBPUSD. sl: 0.00000 tp: 0.00000
0	00:33:42.864	'120010550': order was opened : #10939249 sell 0.01 GBPUSD. at 1.27279 sl: 0.00000 tp: 0.00000
0	00:34:08.787	'120010550': modify order #10938362 sell 0.01 GBPUSD. at 1.27394 sl: 0.00000 tp: 1.26563 -> sl: 0.00000 tp: 1.26404
0	00:34:09.291	'120010550': order #10938362 sell 0.01 GBPUSD. at 1.27394 was modified -> sl: 0.00000 tp: 1.26404
2	00:34:36.922	Custom indicator SupResZone_MTF GBPUSD.,H4: removed
2	00:34:36.924	Custom indicator SupResZone_MTF GBPUSD.,H4: removed
2	00:34:36.926	Custom indicator SupResZone_MTF GBPUSD.,H4: removed
2	00:34:36.927	Custom indicator MACD-2x GBPUSD.,H4: removed
2	00:34:36.927	Custom indicator Laguerre-ACS1 GBPUSD.,H4: removed
2	00:34:36.939	Custom indicator SupResZone_MTF GBPUSD.,H4: loaded successfully
2	00:34:36.951	Custom indicator SupResZone_MTF GBPUSD.,H4: loaded successfully
2	00:34:36.961	Custom indicator SupResZone_MTF GBPUSD.,H4: loaded successfully
2	00:34:36.971	Custom indicator SupResZone_MTF GBPUSD.,H4: loaded successfully
2	00:34:36.987	Custom indicator MACD-2x GBPUSD.,H4: loaded successfully
2	00:34:37.072	Custom indicator Laguerre-ACS1 GBPUSD.,H4: loaded successfully
2	00:35:03.811	Custom indicator SupResZone_MTF EURUSD.,H4: removed
2	00:35:03.814	Custom indicator SupResZone_MTF EURUSD.,H4: removed
2	00:35:03.815	Custom indicator SupResZone_MTF EURUSD.,H4: removed
2	00:35:03.817	Custom indicator MACD-2x EURUSD.,H4: removed
2	00:35:03.817	Custom indicator Laguerre-ACS1 EURUSD.,H4: removed
2	00:35:03.828	Custom indicator SupResZone_MTF EURUSD.,H4: loaded successfully
2	00:35:03.839	Custom indicator SupResZone_MTF EURUSD.,H4: loaded successfully
2	00:35:03.849	Custom indicator SupResZone_MTF EURUSD.,H4: loaded successfully
2	00:35:03.860	Custom indicator SupResZone_MTF EURUSD.,H4: loaded successfully
2	00:35:03.870	Custom indicator MACD-2x EURUSD.,H4: loaded successfully
2	00:35:03.961	Custom indicator Laguerre-ACS1 EURUSD.,H4: loaded successfully
2	00:35:23.304	Custom indicator SupResZone_MTF EURJPY.,H4: removed
2	00:35:23.306	Custom indicator SupResZone_MTF EURJPY.,H4: removed
2	00:35:23.308	Custom indicator SupResZone_MTF EURJPY.,H4: removed
2	00:35:23.309	Custom indicator MACD-2x EURJPY.,H4: removed
2	00:35:23.310	Custom indicator Laguerre-ACS1 EURJPY.,H4: removed
2	00:35:23.327	Custom indicator SupResZone_MTF EURJPY.,H4: loaded successfully
2	00:35:23.343	Custom indicator SupResZone_MTF EURJPY.,H4: loaded successfully
2	00:35:23.360	Custom indicator SupResZone_MTF EURJPY.,H4: loaded successfully
2	00:35:23.374	Custom indicator SupResZone_MTF EURJPY.,H4: loaded successfully
2	00:35:23.384	Custom indicator MACD-2x EURJPY.,H4: loaded successfully
2	00:35:23.460	Custom indicator Laguerre-ACS1 EURJPY.,H4: loaded successfully
2	00:35:38.836	Custom indicator SupResZone_MTF USDJPY.,H4: removed
2	00:35:38.837	Custom indicator SupResZone_MTF USDJPY.,H4: removed
2	00:35:38.839	Custom indicator SupResZone_MTF USDJPY.,H4: removed
2	00:35:38.841	Custom indicator MACD-2x USDJPY.,H4: removed
2	00:35:38.841	Custom indicator Laguerre-ACS1 USDJPY.,H4: removed
2	00:35:38.854	Custom indicator SupResZone_MTF USDJPY.,H4: loaded successfully
2	00:35:38.867	Custom indicator SupResZone_MTF USDJPY.,H4: loaded successfully
2	00:35:38.878	Custom indicator SupResZone_MTF USDJPY.,H4: loaded successfully
2	00:35:38.888	Custom indicator SupResZone_MTF USDJPY.,H4: loaded successfully
2	00:35:38.900	Custom indicator MACD-2x USDJPY.,H4: loaded successfully
2	00:35:38.975	Custom indicator Laguerre-ACS1 USDJPY.,H4: loaded successfully
0	00:36:13.105	'120010550': modify order #10937942 sell 0.02 AUDUSD. at 0.68773 sl: 0.00000 tp: 0.68700 -> sl: 0.00000 tp: 0.68674
0	00:36:13.797	'120010550': order #10937942 sell 0.02 AUDUSD. at 0.68773 was modified -> sl: 0.00000 tp: 0.68674
0	00:36:19.087	'120010550': modify order #10937942 sell 0.02 AUDUSD. at 0.68773 sl: 0.00000 tp: 0.68674 -> sl: 0.00000 tp: 0.68514
0	00:36:19.795	'120010550': order #10937942 sell 0.02 AUDUSD. at 0.68773 was modified -> sl: 0.00000 tp: 0.68514
2	00:36:42.319	Custom indicator SupResZone_MTF AUDUSD.,H4: removed
2	00:36:42.321	Custom indicator SupResZone_MTF AUDUSD.,H4: removed
2	00:36:42.323	Custom indicator SupResZone_MTF AUDUSD.,H4: removed
2	00:36:42.325	Custom indicator MACD-2x AUDUSD.,H4: removed
2	00:36:42.325	Custom indicator Laguerre-ACS1 AUDUSD.,H4: removed
2	00:36:42.337	Custom indicator SupResZone_MTF AUDUSD.,H4: loaded successfully
2	00:36:42.351	Custom indicator SupResZone_MTF AUDUSD.,H4: loaded successfully
2	00:36:42.365	Custom indicator SupResZone_MTF AUDUSD.,H4: loaded successfully
2	00:36:42.380	Custom indicator SupResZone_MTF AUDUSD.,H4: loaded successfully
2	00:36:42.393	Custom indicator MACD-2x AUDUSD.,H4: loaded successfully
2	00:36:42.478	Custom indicator Laguerre-ACS1 AUDUSD.,H4: loaded successfully
2	00:37:23.044	Custom indicator SupResZone_MTF US_OIL,H4: removed
2	00:37:23.046	Custom indicator SupResZone_MTF US_OIL,H4: removed
2	00:37:23.047	Custom indicator SupResZone_MTF US_OIL,H4: removed
2	00:37:23.049	Custom indicator MACD-2x US_OIL,H4: removed
2	00:37:23.049	Custom indicator Laguerre-ACS1 US_OIL,H4: removed
2	00:37:23.062	Custom indicator SupResZone_MTF US_OIL,H4: loaded successfully
2	00:37:23.073	Custom indicator SupResZone_MTF US_OIL,H4: loaded successfully
2	00:37:23.083	Custom indicator SupResZone_MTF US_OIL,H4: loaded successfully
2	00:37:23.094	Custom indicator SupResZone_MTF US_OIL,H4: loaded successfully
2	00:37:23.108	Custom indicator MACD-2x US_OIL,H4: loaded successfully
2	00:37:23.199	Custom indicator Laguerre-ACS1 US_OIL,H4: loaded successfully
2	00:37:57.865	Custom indicator SupResZone_MTF XAUUSD.,H4: removed
2	00:37:57.866	Custom indicator SupResZone_MTF XAUUSD.,H4: removed
2	00:37:57.868	Custom indicator SupResZone_MTF XAUUSD.,H4: removed
2	00:37:57.870	Custom indicator MACD-2x XAUUSD.,H4: removed
2	00:37:57.870	Custom indicator Laguerre-ACS1 XAUUSD.,H4: removed
2	00:37:57.882	Custom indicator SupResZone_MTF XAUUSD.,H4: loaded successfully
2	00:37:57.892	Custom indicator SupResZone_MTF XAUUSD.,H4: loaded successfully
2	00:37:57.903	Custom indicator SupResZone_MTF XAUUSD.,H4: loaded successfully
2	00:37:57.918	Custom indicator SupResZone_MTF XAUUSD.,H4: loaded successfully
2	00:37:57.929	Custom indicator MACD-2x XAUUSD.,H4: loaded successfully
2	00:37:58.015	Custom indicator Laguerre-ACS1 XAUUSD.,H4: loaded successfully
2	00:38:17.465	Custom indicator MACD-2x USDXXX,H1: removed
2	00:38:17.467	Custom indicator MACD-2x USDXXX,H1: removed
2	00:38:17.467	Custom indicator Laguerre-ACS1 USDXXX,H1: removed
2	00:38:17.480	Custom indicator SupResZone_MTF USDXXX,H1: loaded successfully
2	00:38:17.493	Custom indicator SupResZone_MTF USDXXX,H1: loaded successfully
2	00:38:17.505	Custom indicator SupResZone_MTF USDXXX,H1: loaded successfully
2	00:38:17.518	Custom indicator SupResZone_MTF USDXXX,H1: loaded successfully
2	00:38:17.530	Custom indicator MACD-2x USDXXX,H1: loaded successfully
2	00:38:17.619	Custom indicator Laguerre-ACS1 USDXXX,H1: loaded successfully
2	00:38:27.172	Custom indicator SupResZone_MTF USDXXX,H1: removed
2	00:38:27.174	Custom indicator SupResZone_MTF USDXXX,H1: removed
2	00:38:27.176	Custom indicator SupResZone_MTF USDXXX,H1: removed
2	00:38:27.177	Custom indicator SupResZone_MTF USDXXX,H1: removed
2	00:38:27.179	Custom indicator MACD-2x USDXXX,H1: removed
2	00:38:27.179	Custom indicator Laguerre-ACS1 USDXXX,H1: removed
2	00:38:27.218	Custom indicator MACD-2x USDXXX,H1: loaded successfully
2	00:38:27.231	Custom indicator MACD-2x USDXXX,H1: loaded successfully
2	00:38:27.315	Custom indicator Laguerre-ACS1 USDXXX,H1: loaded successfully
2	00:38:47.948	Custom indicator MACD-2x USDXXX,H1: removed
0	00:41:22.115	'120010550': order sell market 0.01 XAUUSD. sl: 0.00 tp: 0.00
0	00:41:22.871	'120010550': order was opened : #10939251 sell 0.01 XAUUSD. at 1276.44 sl: 0.00 tp: 0.00
2	00:42:26.924	Custom indicator MACD-2x USDXXX,H1: removed
2	00:42:26.924	Custom indicator Laguerre-ACS1 USDXXX,H1: removed
2	00:42:26.939	Custom indicator SupResZone_MTF XAUUSD.,H1: removed
2	00:42:26.939	Custom indicator SupResZone_MTF XAUUSD.,H1: removed
2	00:42:26.939	Custom indicator SupResZone_MTF XAUUSD.,H1: removed
2	00:42:26.939	Custom indicator SupResZone_MTF XAUUSD.,H1: removed
2	00:42:26.939	Custom indicator MACD-2x XAUUSD.,H1: removed
2	00:42:26.939	Custom indicator Laguerre-ACS1 XAUUSD.,H1: removed
2	00:42:26.955	Custom indicator SupResZone_MTF XAGUSD.,Daily: removed
2	00:42:26.955	Custom indicator SupResZone_MTF XAGUSD.,Daily: removed
2	00:42:26.955	Custom indicator SupResZone_MTF XAGUSD.,Daily: removed
2	00:42:26.971	Custom indicator SupResZone_MTF XAGUSD.,Daily: removed
2	00:42:26.971	Custom indicator MACD-2x XAGUSD.,Daily: removed
2	00:42:26.971	Custom indicator Laguerre-ACS1 XAGUSD.,Daily: removed
2	00:42:26.986	Custom indicator SupResZone_MTF US_OIL,H4: removed
2	00:42:26.986	Custom indicator SupResZone_MTF US_OIL,H4: removed
2	00:42:27.002	Custom indicator SupResZone_MTF US_OIL,H4: removed
2	00:42:27.002	Custom indicator SupResZone_MTF US_OIL,H4: removed
2	00:42:27.002	Custom indicator MACD-2x US_OIL,H4: removed
2	00:42:27.002	Custom indicator Laguerre-ACS1 US_OIL,H4: removed
2	00:42:27.051	Custom indicator SupResZone_MTF JP225,H1: removed
2	00:42:27.054	Custom indicator SupResZone_MTF JP225,H1: removed
2	00:42:27.056	Custom indicator SupResZone_MTF JP225,H1: removed
2	00:42:27.058	Custom indicator SupResZone_MTF JP225,H1: removed
2	00:42:27.060	Custom indicator MACD-2x JP225,H1: removed
2	00:42:27.060	Custom indicator Laguerre-ACS1 JP225,H1: removed
2	00:42:27.081	Custom indicator SupResZone_MTF SPX500,H1: removed
2	00:42:27.083	Custom indicator SupResZone_MTF SPX500,H1: removed
2	00:42:27.086	Custom indicator SupResZone_MTF SPX500,H1: removed
2	00:42:27.089	Custom indicator SupResZone_MTF SPX500,H1: removed
2	00:42:27.091	Custom indicator MACD-2x SPX500,H1: removed
2	00:42:27.091	Custom indicator Laguerre-ACS1 SPX500,H1: removed
2	00:42:27.111	Custom indicator SupResZone_MTF AUDJPY.,H4: removed
2	00:42:27.114	Custom indicator SupResZone_MTF AUDJPY.,H4: removed
2	00:42:27.117	Custom indicator SupResZone_MTF AUDJPY.,H4: removed
2	00:42:27.119	Custom indicator SupResZone_MTF AUDJPY.,H4: removed
2	00:42:27.121	Custom indicator MACD-2x AUDJPY.,H4: removed
2	00:42:27.121	Custom indicator Laguerre-ACS1 AUDJPY.,H4: removed
2	00:42:27.141	Custom indicator SupResZone_MTF AUDUSD.,H4: removed
2	00:42:27.143	Custom indicator SupResZone_MTF AUDUSD.,H4: removed
2	00:42:27.146	Custom indicator SupResZone_MTF AUDUSD.,H4: removed
2	00:42:27.149	Custom indicator SupResZone_MTF AUDUSD.,H4: removed
2	00:42:27.151	Custom indicator MACD-2x AUDUSD.,H4: removed
2	00:42:27.151	Custom indicator Laguerre-ACS1 AUDUSD.,H4: removed
2	00:42:27.170	Custom indicator SupResZone_MTF USDJPY.,H4: removed
2	00:42:27.172	Custom indicator SupResZone_MTF USDJPY.,H4: removed
2	00:42:27.174	Custom indicator SupResZone_MTF USDJPY.,H4: removed
2	00:42:27.177	Custom indicator SupResZone_MTF USDJPY.,H4: removed
2	00:42:27.180	Custom indicator MACD-2x USDJPY.,H4: removed
2	00:42:27.180	Custom indicator Laguerre-ACS1 USDJPY.,H4: removed
2	00:42:27.197	Custom indicator SupResZone_MTF EURJPY.,H4: removed
2	00:42:27.199	Custom indicator SupResZone_MTF EURJPY.,H4: removed
2	00:42:27.201	Custom indicator SupResZone_MTF EURJPY.,H4: removed
2	00:42:27.203	Custom indicator SupResZone_MTF EURJPY.,H4: removed
2	00:42:27.205	Custom indicator MACD-2x EURJPY.,H4: removed
2	00:42:27.205	Custom indicator Laguerre-ACS1 EURJPY.,H4: removed
2	00:42:27.220	Custom indicator SupResZone_MTF EURUSD.,H1: removed
2	00:42:27.222	Custom indicator SupResZone_MTF EURUSD.,H1: removed
2	00:42:27.224	Custom indicator SupResZone_MTF EURUSD.,H1: removed
2	00:42:27.226	Custom indicator SupResZone_MTF EURUSD.,H1: removed
2	00:42:27.227	Custom indicator MACD-2x EURUSD.,H1: removed
2	00:42:27.227	Custom indicator Laguerre-ACS1 EURUSD.,H1: removed
2	00:42:27.243	Custom indicator SupResZone_MTF GBPUSD.,H1: removed
2	00:42:27.245	Custom indicator SupResZone_MTF GBPUSD.,H1: removed
2	00:42:27.247	Custom indicator SupResZone_MTF GBPUSD.,H1: removed
2	00:42:27.249	Custom indicator SupResZone_MTF GBPUSD.,H1: removed
2	00:42:27.251	Custom indicator MACD-2x GBPUSD.,H1: removed
2	00:42:27.251	Custom indicator Laguerre-ACS1 GBPUSD.,H1: removed
2	00:42:27.267	Custom indicator SupResZone_MTF USDCAD.,H4: removed
2	00:42:27.270	Custom indicator SupResZone_MTF USDCAD.,H4: removed
2	00:42:27.272	Custom indicator SupResZone_MTF USDCAD.,H4: removed
2	00:42:27.274	Custom indicator SupResZone_MTF USDCAD.,H4: removed
2	00:42:27.275	Custom indicator MACD-2x USDCAD.,H4: removed
2	00:42:27.275	Custom indicator Laguerre-ACS1 USDCAD.,H4: removed
2	00:42:27.289	Custom indicator SupResZone_MTF EURAUD.,H4: removed
2	00:42:27.291	Custom indicator SupResZone_MTF EURAUD.,H4: removed
2	00:42:27.293	Custom indicator SupResZone_MTF EURAUD.,H4: removed
2	00:42:27.295	Custom indicator SupResZone_MTF EURAUD.,H4: removed
2	00:42:27.298	Custom indicator MACD-2x EURAUD.,H4: removed
2	00:42:27.298	Custom indicator Laguerre-ACS1 EURAUD.,H4: removed
2	00:42:27.315	Custom indicator SupResZone_MTF USDCHF.,H4: removed
2	00:42:27.317	Custom indicator SupResZone_MTF USDCHF.,H4: removed
2	00:42:27.320	Custom indicator SupResZone_MTF USDCHF.,H4: removed
2	00:42:27.323	Custom indicator SupResZone_MTF USDCHF.,H4: removed
2	00:42:27.325	Custom indicator MACD-2x USDCHF.,H4: removed
2	00:42:27.325	Custom indicator Laguerre-ACS1 USDCHF.,H4: removed
2	00:42:27.343	Custom indicator GMMA Long USDJPY.,H1: removed
2	00:42:27.346	Custom indicator GMMA Short USDJPY.,H1: removed
2	00:42:27.349	Custom indicator 23MTF_MovingAverageIGOR USDJPY.,H1: removed
2	00:42:27.351	Custom indicator 23MTF_MovingAverageIGOR USDJPY.,H1: removed
2	00:42:27.353	Custom indicator SupResZone_MTF USDJPY.,H1: removed
2	00:42:27.355	Custom indicator SupResZone_MTF USDJPY.,H1: removed
2	00:42:27.357	Custom indicator MACD-2x USDJPY.,H1: removed
2	00:42:27.366	Custom indicator MACD-2x USDCNH,Daily: removed
2	00:42:27.367	Custom indicator MACD-2x USDCNH,Daily: removed
2	00:42:27.367	Custom indicator Laguerre-ACS1 USDCNH,Daily: removed
0	00:42:27.825	FX Trader build 1170 stopped
0	14:33:55.784	FX Trader build 1170 started (Performance Ronnaru Capital Ltd.)
0	14:33:55.785	Windows 10 Home x64, IE 11, UAC, 8 x Intel Core i7-6700HQ  @ 2.60GHz, Memory: 24734 / 32639 Mb, Disk: 136 / 264 Gb, GMT+9
0	14:33:55.785	Data Folder: C:\Users\tiany\AppData\Roaming\MetaQuotes\Terminal\79214103E7A6FC97F86082D309D0B84B
2	14:34:01.031	Custom indicator MACD-2x USDXXX,H1: loaded successfully
2	14:34:01.144	Custom indicator Laguerre-ACS1 USDXXX,H1: loaded successfully
2	14:34:01.350	Custom indicator SupResZone_MTF XAUUSD.,H1: loaded successfully
2	14:34:01.382	Custom indicator SupResZone_MTF XAUUSD.,H1: loaded successfully
2	14:34:01.403	Custom indicator SupResZone_MTF XAUUSD.,H1: loaded successfully
2	14:34:01.419	Custom indicator SupResZone_MTF XAUUSD.,H1: loaded successfully
2	14:34:01.433	Custom indicator MACD-2x XAUUSD.,H1: loaded successfully
2	14:34:01.601	Custom indicator Laguerre-ACS1 XAUUSD.,H1: loaded successfully
2	14:34:02.040	Custom indicator SupResZone_MTF XAGUSD.,Daily: loaded successfully
2	14:34:02.061	Custom indicator SupResZone_MTF XAGUSD.,Daily: loaded successfully
2	14:34:02.078	Custom indicator SupResZone_MTF XAGUSD.,Daily: loaded successfully
2	14:34:02.091	Custom indicator SupResZone_MTF XAGUSD.,Daily: loaded successfully
2	14:34:02.104	Custom indicator MACD-2x XAGUSD.,Daily: loaded successfully
2	14:34:02.214	Custom indicator Laguerre-ACS1 XAGUSD.,Daily: loaded successfully
2	14:34:02.530	Custom indicator SupResZone_MTF US_OIL,H4: loaded successfully
2	14:34:02.559	Custom indicator SupResZone_MTF US_OIL,H4: loaded successfully
2	14:34:02.581	Custom indicator SupResZone_MTF US_OIL,H4: loaded successfully
2	14:34:02.593	Custom indicator SupResZone_MTF US_OIL,H4: loaded successfully
2	14:34:02.605	Custom indicator MACD-2x US_OIL,H4: loaded successfully
2	14:34:02.676	Custom indicator Laguerre-ACS1 US_OIL,H4: loaded successfully
2	14:34:03.139	Custom indicator SupResZone_MTF JP225,H1: loaded successfully
2	14:34:03.172	Custom indicator SupResZone_MTF JP225,H1: loaded successfully
2	14:34:03.196	Custom indicator SupResZone_MTF JP225,H1: loaded successfully
2	14:34:03.217	Custom indicator SupResZone_MTF JP225,H1: loaded successfully
2	14:34:03.236	Custom indicator MACD-2x JP225,H1: loaded successfully
2	14:34:03.362	Custom indicator Laguerre-ACS1 JP225,H1: loaded successfully
2	14:34:04.050	Custom indicator SupResZone_MTF SPX500,H1: loaded successfully
2	14:34:04.082	Custom indicator SupResZone_MTF SPX500,H1: loaded successfully
2	14:34:04.103	Custom indicator SupResZone_MTF SPX500,H1: loaded successfully
2	14:34:04.123	Custom indicator SupResZone_MTF SPX500,H1: loaded successfully
2	14:34:04.140	Custom indicator MACD-2x SPX500,H1: loaded successfully
2	14:34:04.263	Custom indicator Laguerre-ACS1 SPX500,H1: loaded successfully
2	14:34:04.689	Custom indicator SupResZone_MTF AUDJPY.,H4: loaded successfully
2	14:34:04.706	Custom indicator SupResZone_MTF AUDJPY.,H4: loaded successfully
2	14:34:04.723	Custom indicator SupResZone_MTF AUDJPY.,H4: loaded successfully
2	14:34:04.742	Custom indicator SupResZone_MTF AUDJPY.,H4: loaded successfully
2	14:34:04.760	Custom indicator MACD-2x AUDJPY.,H4: loaded successfully
2	14:34:04.886	Custom indicator Laguerre-ACS1 AUDJPY.,H4: loaded successfully
2	14:34:05.361	Custom indicator SupResZone_MTF AUDUSD.,H4: loaded successfully
2	14:34:05.394	Custom indicator SupResZone_MTF AUDUSD.,H4: loaded successfully
2	14:34:05.418	Custom indicator SupResZone_MTF AUDUSD.,H4: loaded successfully
2	14:34:05.444	Custom indicator SupResZone_MTF AUDUSD.,H4: loaded successfully
2	14:34:05.472	Custom indicator MACD-2x AUDUSD.,H4: loaded successfully
2	14:34:05.600	Custom indicator Laguerre-ACS1 AUDUSD.,H4: loaded successfully
2	14:34:05.985	Custom indicator SupResZone_MTF USDJPY.,H4: loaded successfully
2	14:34:06.013	Custom indicator SupResZone_MTF USDJPY.,H4: loaded successfully
2	14:34:06.035	Custom indicator SupResZone_MTF USDJPY.,H4: loaded successfully
2	14:34:06.054	Custom indicator SupResZone_MTF USDJPY.,H4: loaded successfully
2	14:34:06.086	Custom indicator MACD-2x USDJPY.,H4: loaded successfully
2	14:34:06.233	Custom indicator Laguerre-ACS1 USDJPY.,H4: loaded successfully
2	14:34:06.757	Custom indicator SupResZone_MTF EURJPY.,H4: loaded successfully
2	14:34:06.771	Custom indicator SupResZone_MTF EURJPY.,H4: loaded successfully
2	14:34:06.787	Custom indicator SupResZone_MTF EURJPY.,H4: loaded successfully
2	14:34:06.804	Custom indicator SupResZone_MTF EURJPY.,H4: loaded successfully
2	14:34:06.822	Custom indicator MACD-2x EURJPY.,H4: loaded successfully
2	14:34:07.004	Custom indicator Laguerre-ACS1 EURJPY.,H4: loaded successfully
2	14:34:07.511	Custom indicator SupResZone_MTF EURUSD.,H1: loaded successfully
2	14:34:07.552	Custom indicator SupResZone_MTF EURUSD.,H1: loaded successfully
2	14:34:07.578	Custom indicator SupResZone_MTF EURUSD.,H1: loaded successfully
2	14:34:07.599	Custom indicator SupResZone_MTF EURUSD.,H1: loaded successfully
2	14:34:07.618	Custom indicator MACD-2x EURUSD.,H1: loaded successfully
2	14:34:07.753	Custom indicator Laguerre-ACS1 EURUSD.,H1: loaded successfully
2	14:34:08.348	Custom indicator SupResZone_MTF GBPUSD.,H1: loaded successfully
2	14:34:08.372	Custom indicator SupResZone_MTF GBPUSD.,H1: loaded successfully
2	14:34:08.393	Custom indicator SupResZone_MTF GBPUSD.,H1: loaded successfully
2	14:34:08.410	Custom indicator SupResZone_MTF GBPUSD.,H1: loaded successfully
2	14:34:08.427	Custom indicator MACD-2x GBPUSD.,H1: loaded successfully
2	14:34:08.559	Custom indicator Laguerre-ACS1 GBPUSD.,H1: loaded successfully
2	14:34:09.119	Custom indicator SupResZone_MTF USDCAD.,H4: loaded successfully
2	14:34:09.153	Custom indicator SupResZone_MTF USDCAD.,H4: loaded successfully
2	14:34:09.174	Custom indicator SupResZone_MTF USDCAD.,H4: loaded successfully
2	14:34:09.191	Custom indicator SupResZone_MTF USDCAD.,H4: loaded successfully
2	14:34:09.208	Custom indicator MACD-2x USDCAD.,H4: loaded successfully
2	14:34:09.346	Custom indicator Laguerre-ACS1 USDCAD.,H4: loaded successfully
2	14:34:09.790	Custom indicator SupResZone_MTF EURAUD.,H4: loaded successfully
2	14:34:09.800	Custom indicator SupResZone_MTF EURAUD.,H4: loaded successfully
2	14:34:09.815	Custom indicator SupResZone_MTF EURAUD.,H4: loaded successfully
2	14:34:09.830	Custom indicator SupResZone_MTF EURAUD.,H4: loaded successfully
2	14:34:09.846	Custom indicator MACD-2x EURAUD.,H4: loaded successfully
2	14:34:10.022	Custom indicator Laguerre-ACS1 EURAUD.,H4: loaded successfully
2	14:34:10.413	Custom indicator SupResZone_MTF USDCHF.,H4: loaded successfully
2	14:34:10.446	Custom indicator SupResZone_MTF USDCHF.,H4: loaded successfully
2	14:34:10.467	Custom indicator SupResZone_MTF USDCHF.,H4: loaded successfully
2	14:34:10.504	Custom indicator SupResZone_MTF USDCHF.,H4: loaded successfully
2	14:34:10.535	Custom indicator MACD-2x USDCHF.,H4: loaded successfully
2	14:34:10.651	Custom indicator Laguerre-ACS1 USDCHF.,H4: loaded successfully
2	14:34:11.061	Custom indicator GMMA Long USDJPY.,H1: loaded successfully
2	14:34:11.078	Custom indicator GMMA Short USDJPY.,H1: loaded successfully
2	14:34:11.092	Custom indicator 23MTF_MovingAverageIGOR USDJPY.,H1: loaded successfully
2	14:34:11.104	Custom indicator 23MTF_MovingAverageIGOR USDJPY.,H1: loaded successfully
2	14:34:11.120	Custom indicator SupResZone_MTF USDJPY.,H1: loaded successfully
2	14:34:11.149	Custom indicator SupResZone_MTF USDJPY.,H1: loaded successfully
2	14:34:11.188	Custom indicator MACD-2x USDJPY.,H1: loaded successfully
2	14:34:11.641	Custom indicator MACD-2x USDCNH,Daily: loaded successfully
2	14:34:11.662	Custom indicator MACD-2x USDCNH,Daily: loaded successfully
2	14:34:11.842	Custom indicator Laguerre-ACS1 USDCNH,Daily: loaded successfully
0	14:34:16.860	'120010550': login on PRC-Live through Server 7 (ping: 49.53 ms)
0	14:34:18.382	'120010550': login datacenter on PRC-Live through Server 7 (ping: 49.53 ms)
0	14:34:18.722	'120010550': previous successful authorization performed from 106.181.141.145
0	14:34:35.907	'120010550': auto connecting to a better access point Server 3 (ping is 24.10 ms)
0	14:34:36.492	'120010550': login on PRC-Live through Server 3 (ping: 24.10 ms)
0	14:34:37.271	'120010550': login datacenter on PRC-Live through Server 3 (ping: 24.10 ms)
0	14:34:37.644	'120010550': previous successful authorization performed from 106.181.128.119
1	15:40:09.206	'120010550': ping failed
1	15:40:09.483	'120010550': connect failed [No connection]
0	15:40:15.380	'120010550': login on PRC-Live through Server 8 (ping: n/a)
0	15:40:17.063	'120010550': login datacenter on PRC-Live through Server 8 (ping: n/a)
0	15:40:17.547	'120010550': previous successful authorization performed from 106.181.128.119
0	15:40:33.718	'120010550': auto connecting to a better access point Server 3 (ping is 49.36 ms)
0	15:40:34.164	'120010550': login on PRC-Live through Server 3 (ping: 49.36 ms)
0	15:40:34.719	'120010550': login datacenter on PRC-Live through Server 3 (ping: 49.36 ms)
0	15:40:35.026	'120010550': previous successful authorization performed from 106.181.128.119
2	16:25:34.637	Custom indicator MACD-2x USDXXX,H1: removed
2	16:25:34.637	Custom indicator Laguerre-ACS1 USDXXX,H1: removed
2	16:25:34.674	Custom indicator SupResZone_MTF XAUUSD.,Daily: removed
2	16:25:34.677	Custom indicator SupResZone_MTF XAUUSD.,Daily: removed
2	16:25:34.680	Custom indicator SupResZone_MTF XAUUSD.,Daily: removed
2	16:25:34.682	Custom indicator SupResZone_MTF XAUUSD.,Daily: removed
2	16:25:34.685	Custom indicator MACD-2x XAUUSD.,Daily: removed
2	16:25:34.686	Custom indicator Laguerre-ACS1 XAUUSD.,Daily: removed
2	16:25:34.721	Custom indicator SupResZone_MTF XAGUSD.,H4: removed
2	16:25:34.723	Custom indicator SupResZone_MTF XAGUSD.,H4: removed
2	16:25:34.725	Custom indicator SupResZone_MTF XAGUSD.,H4: removed
2	16:25:34.727	Custom indicator SupResZone_MTF XAGUSD.,H4: removed
2	16:25:34.729	Custom indicator MACD-2x XAGUSD.,H4: removed
2	16:25:34.729	Custom indicator Laguerre-ACS1 XAGUSD.,H4: removed
2	16:25:34.737	Custom indicator SupResZone_MTF US_OIL,H4: removed
2	16:25:34.740	Custom indicator SupResZone_MTF US_OIL,H4: removed
2	16:25:34.742	Custom indicator SupResZone_MTF US_OIL,H4: removed
2	16:25:34.745	Custom indicator SupResZone_MTF US_OIL,H4: removed
2	16:25:34.748	Custom indicator MACD-2x US_OIL,H4: removed
2	16:25:34.748	Custom indicator Laguerre-ACS1 US_OIL,H4: removed
2	16:25:34.762	Custom indicator SupResZone_MTF JP225,H1: removed
2	16:25:34.763	Custom indicator SupResZone_MTF JP225,H1: removed
2	16:25:34.766	Custom indicator SupResZone_MTF JP225,H1: removed
2	16:25:34.768	Custom indicator SupResZone_MTF JP225,H1: removed
2	16:25:34.771	Custom indicator MACD-2x JP225,H1: removed
2	16:25:34.772	Custom indicator Laguerre-ACS1 JP225,H1: removed
2	16:25:34.783	Custom indicator SupResZone_MTF SPX500,H1: removed
2	16:25:34.787	Custom indicator SupResZone_MTF SPX500,H1: removed
2	16:25:34.789	Custom indicator SupResZone_MTF SPX500,H1: removed
2	16:25:34.791	Custom indicator SupResZone_MTF SPX500,H1: removed
2	16:25:34.794	Custom indicator MACD-2x SPX500,H1: removed
2	16:25:34.794	Custom indicator Laguerre-ACS1 SPX500,H1: removed
2	16:25:34.806	Custom indicator SupResZone_MTF AUDJPY.,Daily: removed
2	16:25:34.809	Custom indicator SupResZone_MTF AUDJPY.,Daily: removed
2	16:25:34.811	Custom indicator SupResZone_MTF AUDJPY.,Daily: removed
2	16:25:34.813	Custom indicator SupResZone_MTF AUDJPY.,Daily: removed
2	16:25:34.816	Custom indicator MACD-2x AUDJPY.,Daily: removed
2	16:25:34.816	Custom indicator Laguerre-ACS1 AUDJPY.,Daily: removed
2	16:25:34.889	Custom indicator SupResZone_MTF AUDUSD.,Daily: removed
2	16:25:34.894	Custom indicator SupResZone_MTF AUDUSD.,Daily: removed
2	16:25:34.900	Custom indicator SupResZone_MTF AUDUSD.,Daily: removed
2	16:25:34.904	Custom indicator SupResZone_MTF AUDUSD.,Daily: removed
2	16:25:34.910	Custom indicator MACD-2x AUDUSD.,Daily: removed
2	16:25:34.910	Custom indicator Laguerre-ACS1 AUDUSD.,Daily: removed
2	16:25:34.928	Custom indicator SupResZone_MTF USDJPY.,H4: removed
2	16:25:34.935	Custom indicator SupResZone_MTF USDJPY.,H4: removed
2	16:25:34.940	Custom indicator SupResZone_MTF USDJPY.,H4: removed
2	16:25:34.945	Custom indicator SupResZone_MTF USDJPY.,H4: removed
2	16:25:34.948	Custom indicator MACD-2x USDJPY.,H4: removed
2	16:25:34.949	Custom indicator Laguerre-ACS1 USDJPY.,H4: removed
2	16:25:34.963	Custom indicator SupResZone_MTF EURJPY.,H4: removed
2	16:25:34.966	Custom indicator SupResZone_MTF EURJPY.,H4: removed
2	16:25:34.969	Custom indicator SupResZone_MTF EURJPY.,H4: removed
2	16:25:34.973	Custom indicator SupResZone_MTF EURJPY.,H4: removed
2	16:25:34.976	Custom indicator MACD-2x EURJPY.,H4: removed
2	16:25:34.977	Custom indicator Laguerre-ACS1 EURJPY.,H4: removed
2	16:25:34.989	Custom indicator SupResZone_MTF EURUSD.,H1: removed
2	16:25:34.991	Custom indicator SupResZone_MTF EURUSD.,H1: removed
2	16:25:34.995	Custom indicator SupResZone_MTF EURUSD.,H1: removed
2	16:25:34.998	Custom indicator SupResZone_MTF EURUSD.,H1: removed
2	16:25:35.001	Custom indicator MACD-2x EURUSD.,H1: removed
2	16:25:35.001	Custom indicator Laguerre-ACS1 EURUSD.,H1: removed
2	16:25:35.019	Custom indicator SupResZone_MTF GBPUSD.,H1: removed
2	16:25:35.023	Custom indicator SupResZone_MTF GBPUSD.,H1: removed
2	16:25:35.026	Custom indicator SupResZone_MTF GBPUSD.,H1: removed
2	16:25:35.030	Custom indicator SupResZone_MTF GBPUSD.,H1: removed
2	16:25:35.034	Custom indicator MACD-2x GBPUSD.,H1: removed
2	16:25:35.034	Custom indicator Laguerre-ACS1 GBPUSD.,H1: removed
2	16:25:35.066	Custom indicator SupResZone_MTF USDCAD.,H4: removed
2	16:25:35.072	Custom indicator SupResZone_MTF USDCAD.,H4: removed
2	16:25:35.078	Custom indicator SupResZone_MTF USDCAD.,H4: removed
2	16:25:35.085	Custom indicator SupResZone_MTF USDCAD.,H4: removed
2	16:25:35.091	Custom indicator MACD-2x USDCAD.,H4: removed
2	16:25:35.091	Custom indicator Laguerre-ACS1 USDCAD.,H4: removed
2	16:25:35.196	Custom indicator SupResZone_MTF EURAUD.,Daily: removed
2	16:25:35.201	Custom indicator SupResZone_MTF EURAUD.,Daily: removed
2	16:25:35.206	Custom indicator SupResZone_MTF EURAUD.,Daily: removed
2	16:25:35.211	Custom indicator SupResZone_MTF EURAUD.,Daily: removed
2	16:25:35.217	Custom indicator MACD-2x EURAUD.,Daily: removed
2	16:25:35.217	Custom indicator Laguerre-ACS1 EURAUD.,Daily: removed
2	16:25:35.263	Custom indicator SupResZone_MTF USDCHF.,H4: removed
2	16:25:35.268	Custom indicator SupResZone_MTF USDCHF.,H4: removed
2	16:25:35.274	Custom indicator SupResZone_MTF USDCHF.,H4: removed
2	16:25:35.280	Custom indicator SupResZone_MTF USDCHF.,H4: removed
2	16:25:35.286	Custom indicator MACD-2x USDCHF.,H4: removed
2	16:25:35.286	Custom indicator Laguerre-ACS1 USDCHF.,H4: removed
2	16:25:35.392	Custom indicator GMMA Long USDJPY.,H1: removed
2	16:25:35.397	Custom indicator GMMA Short USDJPY.,H1: removed
2	16:25:35.402	Custom indicator 23MTF_MovingAverageIGOR USDJPY.,H1: removed
2	16:25:35.407	Custom indicator 23MTF_MovingAverageIGOR USDJPY.,H1: removed
2	16:25:35.412	Custom indicator SupResZone_MTF USDJPY.,H1: removed
2	16:25:35.418	Custom indicator SupResZone_MTF USDJPY.,H1: removed
2	16:25:35.422	Custom indicator MACD-2x USDJPY.,H1: removed
2	16:25:35.457	Custom indicator MACD-2x USDCNH,Daily: removed
2	16:25:35.461	Custom indicator MACD-2x USDCNH,Daily: removed
2	16:25:35.461	Custom indicator Laguerre-ACS1 USDCNH,Daily: removed
0	16:25:36.576	FX Trader build 1170 stopped
0	20:07:25.296	FX Trader build 1170 started (Performance Ronnaru Capital Ltd.)
0	20:07:25.296	Windows 10 Home x64, IE 11, UAC, 8 x Intel Core i7-6700HQ  @ 2.60GHz, Memory: 23653 / 32639 Mb, Disk: 138 / 264 Gb, GMT+9
0	20:07:25.296	Data Folder: C:\Users\tiany\AppData\Roaming\MetaQuotes\Terminal\79214103E7A6FC97F86082D309D0B84B
2	20:07:27.413	Custom indicator MACD-2x USDXXX,H1: loaded successfully
2	20:07:27.490	Custom indicator Laguerre-ACS1 USDXXX,H1: loaded successfully
2	20:07:27.543	Custom indicator SupResZone_MTF XAUUSD.,Daily: loaded successfully
2	20:07:27.556	Custom indicator SupResZone_MTF XAUUSD.,Daily: loaded successfully
2	20:07:27.568	Custom indicator SupResZone_MTF XAUUSD.,Daily: loaded successfully
2	20:07:27.581	Custom indicator SupResZone_MTF XAUUSD.,Daily: loaded successfully
2	20:07:27.593	Custom indicator MACD-2x XAUUSD.,Daily: loaded successfully
2	20:07:27.672	Custom indicator Laguerre-ACS1 XAUUSD.,Daily: loaded successfully
2	20:07:27.840	Custom indicator SupResZone_MTF XAGUSD.,H4: loaded successfully
2	20:07:27.860	Custom indicator SupResZone_MTF XAGUSD.,H4: loaded successfully
2	20:07:27.870	Custom indicator SupResZone_MTF XAGUSD.,H4: loaded successfully
2	20:07:27.883	Custom indicator SupResZone_MTF XAGUSD.,H4: loaded successfully
2	20:07:27.893	Custom indicator MACD-2x XAGUSD.,H4: loaded successfully
2	20:07:27.963	Custom indicator Laguerre-ACS1 XAGUSD.,H4: loaded successfully
2	20:07:28.142	Custom indicator SupResZone_MTF US_OIL,H4: loaded successfully
2	20:07:28.152	Custom indicator SupResZone_MTF US_OIL,H4: loaded successfully
2	20:07:28.162	Custom indicator SupResZone_MTF US_OIL,H4: loaded successfully
2	20:07:28.173	Custom indicator SupResZone_MTF US_OIL,H4: loaded successfully
2	20:07:28.183	Custom indicator MACD-2x US_OIL,H4: loaded successfully
2	20:07:28.254	Custom indicator Laguerre-ACS1 US_OIL,H4: loaded successfully
2	20:07:28.537	Custom indicator SupResZone_MTF JP225,H1: loaded successfully
2	20:07:28.555	Custom indicator SupResZone_MTF JP225,H1: loaded successfully
2	20:07:28.566	Custom indicator SupResZone_MTF JP225,H1: loaded successfully
2	20:07:28.578	Custom indicator SupResZone_MTF JP225,H1: loaded successfully
2	20:07:28.591	Custom indicator MACD-2x JP225,H1: loaded successfully
2	20:07:28.661	Custom indicator Laguerre-ACS1 JP225,H1: loaded successfully
2	20:07:29.007	Custom indicator SupResZone_MTF SPX500,H1: loaded successfully
2	20:07:29.017	Custom indicator SupResZone_MTF SPX500,H1: loaded successfully
2	20:07:29.027	Custom indicator SupResZone_MTF SPX500,H1: loaded successfully
2	20:07:29.037	Custom indicator SupResZone_MTF SPX500,H1: loaded successfully
2	20:07:29.048	Custom indicator MACD-2x SPX500,H1: loaded successfully
2	20:07:29.119	Custom indicator Laguerre-ACS1 SPX500,H1: loaded successfully
2	20:07:29.442	Custom indicator SupResZone_MTF EURAUD.,Daily: loaded successfully
2	20:07:29.454	Custom indicator SupResZone_MTF EURAUD.,Daily: loaded successfully
2	20:07:29.475	Custom indicator SupResZone_MTF EURAUD.,Daily: loaded successfully
2	20:07:29.489	Custom indicator SupResZone_MTF EURAUD.,Daily: loaded successfully
2	20:07:29.498	Custom indicator MACD-2x EURAUD.,Daily: loaded successfully
2	20:07:29.569	Custom indicator Laguerre-ACS1 EURAUD.,Daily: loaded successfully
2	20:07:29.757	Custom indicator SupResZone_MTF AUDJPY.,Daily: loaded successfully
2	20:07:29.768	Custom indicator SupResZone_MTF AUDJPY.,Daily: loaded successfully
2	20:07:29.778	Custom indicator SupResZone_MTF AUDJPY.,Daily: loaded successfully
2	20:07:29.798	Custom indicator SupResZone_MTF AUDJPY.,Daily: loaded successfully
2	20:07:29.815	Custom indicator MACD-2x AUDJPY.,Daily: loaded successfully
2	20:07:29.907	Custom indicator Laguerre-ACS1 AUDJPY.,Daily: loaded successfully
2	20:07:30.118	Custom indicator SupResZone_MTF AUDUSD.,Daily: loaded successfully
2	20:07:30.148	Custom indicator SupResZone_MTF AUDUSD.,Daily: loaded successfully
2	20:07:30.174	Custom indicator SupResZone_MTF AUDUSD.,Daily: loaded successfully
2	20:07:30.189	Custom indicator SupResZone_MTF AUDUSD.,Daily: loaded successfully
2	20:07:30.204	Custom indicator MACD-2x AUDUSD.,Daily: loaded successfully
2	20:07:30.276	Custom indicator Laguerre-ACS1 AUDUSD.,Daily: loaded successfully
2	20:07:30.490	Custom indicator SupResZone_MTF USDJPY.,H4: loaded successfully
2	20:07:30.501	Custom indicator SupResZone_MTF USDJPY.,H4: loaded successfully
2	20:07:30.528	Custom indicator SupResZone_MTF USDJPY.,H4: loaded successfully
2	20:07:30.541	Custom indicator SupResZone_MTF USDJPY.,H4: loaded successfully
2	20:07:30.551	Custom indicator MACD-2x USDJPY.,H4: loaded successfully
2	20:07:30.618	Custom indicator Laguerre-ACS1 USDJPY.,H4: loaded successfully
2	20:07:30.918	Custom indicator SupResZone_MTF EURJPY.,H4: loaded successfully
2	20:07:30.938	Custom indicator SupResZone_MTF EURJPY.,H4: loaded successfully
2	20:07:30.957	Custom indicator SupResZone_MTF EURJPY.,H4: loaded successfully
2	20:07:30.968	Custom indicator SupResZone_MTF EURJPY.,H4: loaded successfully
2	20:07:30.978	Custom indicator MACD-2x EURJPY.,H4: loaded successfully
2	20:07:31.046	Custom indicator Laguerre-ACS1 EURJPY.,H4: loaded successfully
2	20:07:31.308	Custom indicator SupResZone_MTF EURUSD.,H1: loaded successfully
2	20:07:31.318	Custom indicator SupResZone_MTF EURUSD.,H1: loaded successfully
2	20:07:31.330	Custom indicator SupResZone_MTF EURUSD.,H1: loaded successfully
2	20:07:31.341	Custom indicator SupResZone_MTF EURUSD.,H1: loaded successfully
2	20:07:31.352	Custom indicator MACD-2x EURUSD.,H1: loaded successfully
2	20:07:31.430	Custom indicator Laguerre-ACS1 EURUSD.,H1: loaded successfully
2	20:07:31.728	Custom indicator SupResZone_MTF GBPUSD.,H1: loaded successfully
2	20:07:31.739	Custom indicator SupResZone_MTF GBPUSD.,H1: loaded successfully
2	20:07:31.749	Custom indicator SupResZone_MTF GBPUSD.,H1: loaded successfully
2	20:07:31.760	Custom indicator SupResZone_MTF GBPUSD.,H1: loaded successfully
2	20:07:31.771	Custom indicator MACD-2x GBPUSD.,H1: loaded successfully
2	20:07:31.840	Custom indicator Laguerre-ACS1 GBPUSD.,H1: loaded successfully
2	20:07:32.114	Custom indicator SupResZone_MTF USDCAD.,H4: loaded successfully
2	20:07:32.125	Custom indicator SupResZone_MTF USDCAD.,H4: loaded successfully
2	20:07:32.135	Custom indicator SupResZone_MTF USDCAD.,H4: loaded successfully
2	20:07:32.146	Custom indicator SupResZone_MTF USDCAD.,H4: loaded successfully
2	20:07:32.156	Custom indicator MACD-2x USDCAD.,H4: loaded successfully
2	20:07:32.227	Custom indicator Laguerre-ACS1 USDCAD.,H4: loaded successfully
2	20:07:32.502	Custom indicator SupResZone_MTF USDCHF.,H4: loaded successfully
2	20:07:32.515	Custom indicator SupResZone_MTF USDCHF.,H4: loaded successfully
2	20:07:32.525	Custom indicator SupResZone_MTF USDCHF.,H4: loaded successfully
2	20:07:32.536	Custom indicator SupResZone_MTF USDCHF.,H4: loaded successfully
2	20:07:32.549	Custom indicator MACD-2x USDCHF.,H4: loaded successfully
2	20:07:32.620	Custom indicator Laguerre-ACS1 USDCHF.,H4: loaded successfully
2	20:07:32.835	Custom indicator GMMA Long USDJPY.,H1: loaded successfully
2	20:07:32.844	Custom indicator GMMA Short USDJPY.,H1: loaded successfully
2	20:07:32.852	Custom indicator 23MTF_MovingAverageIGOR USDJPY.,H1: loaded successfully
2	20:07:32.860	Custom indicator 23MTF_MovingAverageIGOR USDJPY.,H1: loaded successfully
2	20:07:32.871	Custom indicator SupResZone_MTF USDJPY.,H1: loaded successfully
2	20:07:32.881	Custom indicator SupResZone_MTF USDJPY.,H1: loaded successfully
2	20:07:32.891	Custom indicator MACD-2x USDJPY.,H1: loaded successfully
2	20:07:33.105	Custom indicator MACD-2x USDCNH,Daily: loaded successfully
2	20:07:33.114	Custom indicator MACD-2x USDCNH,Daily: loaded successfully
2	20:07:33.183	Custom indicator Laguerre-ACS1 USDCNH,Daily: loaded successfully
0	20:07:35.176	'120010550': login on PRC-Live through Server 3 (ping: 49.36 ms)
0	20:07:36.187	'120010550': login datacenter on PRC-Live through Server 3 (ping: 49.36 ms)
0	20:07:36.449	'120010550': previous successful authorization performed from 106.181.128.119
0	20:07:52.733	'120010550': ping to current access point Server 3 is 63.89 ms
