0	00:07:57.555	FX Trader build 1170 started (Performance Ronnaru Capital Ltd.)
0	00:07:57.555	Windows 10 Home x64, IE 11, UAC, 8 x Intel Core i7-6700HQ  @ 2.60GHz, Memory: 24561 / 32639 Mb, Disk: 152 / 264 Gb, GMT+9
0	00:07:57.555	Data Folder: C:\Users\tiany\AppData\Roaming\MetaQuotes\Terminal\79214103E7A6FC97F86082D309D0B84B
2	00:07:59.394	Custom indicator 小鱼\Laguerre-ACS1 USDJPY,H4: loaded successfully
2	00:07:59.404	Custom indicator MACD USDJPY,H4: loaded successfully
2	00:07:59.514	Custom indicator 小鱼\Laguerre-ACS1 EURJPY,H1: loaded successfully
2	00:07:59.524	Custom indicator MACD EURJPY,H1: loaded successfully
2	00:07:59.633	Custom indicator 小鱼\Laguerre-ACS1 EURUSD,H4: loaded successfully
2	00:07:59.642	Custom indicator MACD EURUSD,H4: loaded successfully
2	00:07:59.760	Custom indicator 小鱼\Laguerre-ACS1 GBPUSD,H4: loaded successfully
2	00:07:59.769	Custom indicator MACD GBPUSD,H4: loaded successfully
2	00:07:59.891	Custom indicator 小鱼\Laguerre-ACS1 GBPJPY,H1: loaded successfully
2	00:07:59.903	Custom indicator MACD GBPJPY,H1: loaded successfully
2	00:08:00.024	Custom indicator 小鱼\Laguerre-ACS1 JP225,H4: loaded successfully
2	00:08:00.034	Custom indicator MACD JP225,H4: loaded successfully
2	00:08:00.152	Custom indicator 小鱼\Laguerre-ACS1 NDX100,Daily: loaded successfully
2	00:08:00.161	Custom indicator MACD NDX100,Daily: loaded successfully
2	00:08:00.282	Custom indicator 小鱼\Laguerre-ACS1 SPX500,Daily: loaded successfully
2	00:08:00.293	Custom indicator MACD SPX500,Daily: loaded successfully
2	00:08:00.408	Custom indicator 小鱼\Laguerre-ACS1 A50,Daily: loaded successfully
2	00:08:00.419	Custom indicator MACD A50,Daily: loaded successfully
2	00:08:00.537	Custom indicator 小鱼\Laguerre-ACS1 CHINA300,Daily: loaded successfully
2	00:08:00.548	Custom indicator MACD CHINA300,Daily: loaded successfully
2	00:08:00.662	Custom indicator 小鱼\Laguerre-ACS1 XAUUSD,H4: loaded successfully
2	00:08:00.671	Custom indicator MACD XAUUSD,H4: loaded successfully
2	00:08:00.788	Custom indicator 小鱼\Laguerre-ACS1 US_OIL,Daily: loaded successfully
2	00:08:00.798	Custom indicator MACD US_OIL,Daily: loaded successfully
0	00:08:01.937	'120010550': login on PRC-Live through Server 3 (ping: 40.82 ms)
0	00:08:02.570	'120010550': login datacenter on PRC-Live through Server 3 (ping: 40.82 ms)
0	00:08:02.883	'120010550': previous successful authorization performed from 106.181.124.80
0	00:16:05.424	'120010550': login on PRC-Live through Server 3 (ping: 40.82 ms)
0	00:16:05.928	'120010550': login datacenter on PRC-Live through Server 3 (ping: 40.82 ms)
0	00:16:06.257	'120010550': previous successful authorization performed from 106.181.124.80
2	01:01:22.540	Custom indicator Laguerre-ACS1 USDJPY,H4: removed
2	01:01:22.540	Custom indicator MACD USDJPY,H4: removed
2	01:01:22.556	Custom indicator Laguerre-ACS1 EURJPY,H1: removed
2	01:01:22.556	Custom indicator MACD EURJPY,H1: removed
2	01:01:22.556	Custom indicator Laguerre-ACS1 EURUSD,H4: removed
2	01:01:22.556	Custom indicator MACD EURUSD,H4: removed
2	01:01:22.571	Custom indicator Laguerre-ACS1 GBPUSD,H4: removed
2	01:01:22.571	Custom indicator MACD GBPUSD,H4: removed
2	01:01:22.571	Custom indicator Laguerre-ACS1 GBPJPY,H1: removed
2	01:01:22.571	Custom indicator MACD GBPJPY,H1: removed
2	01:01:22.571	Custom indicator Laguerre-ACS1 JP225,H4: removed
2	01:01:22.587	Custom indicator MACD JP225,H4: removed
2	01:01:22.603	Custom indicator Laguerre-ACS1 NDX100,Daily: removed
2	01:01:22.603	Custom indicator MACD NDX100,Daily: removed
2	01:01:22.618	Custom indicator Laguerre-ACS1 SPX500,Daily: removed
2	01:01:22.618	Custom indicator MACD SPX500,Daily: removed
2	01:01:22.650	Custom indicator Laguerre-ACS1 A50,Daily: removed
2	01:01:22.650	Custom indicator MACD A50,Daily: removed
2	01:01:22.665	Custom indicator Laguerre-ACS1 CHINA300,Daily: removed
2	01:01:22.665	Custom indicator MACD CHINA300,Daily: removed
2	01:01:22.665	Custom indicator Laguerre-ACS1 XAUUSD,Daily: removed
2	01:01:22.665	Custom indicator MACD XAUUSD,Daily: removed
2	01:01:22.681	Custom indicator Laguerre-ACS1 US_OIL,Daily: removed
2	01:01:22.681	Custom indicator MACD US_OIL,Daily: removed
0	01:01:23.056	FX Trader build 1170 stopped
0	22:09:47.651	FX Trader build 1170 started (Performance Ronnaru Capital Ltd.)
0	22:09:47.651	Windows 10 Home x64, IE 11, UAC, 8 x Intel Core i7-6700HQ  @ 2.60GHz, Memory: 24395 / 32639 Mb, Disk: 152 / 264 Gb, GMT+9
0	22:09:47.651	Data Folder: C:\Users\tiany\AppData\Roaming\MetaQuotes\Terminal\79214103E7A6FC97F86082D309D0B84B
2	22:09:49.349	Custom indicator 小鱼\Laguerre-ACS1 USDJPY,H4: loaded successfully
2	22:09:49.361	Custom indicator MACD USDJPY,H4: loaded successfully
2	22:09:49.472	Custom indicator 小鱼\Laguerre-ACS1 EURJPY,H1: loaded successfully
2	22:09:49.482	Custom indicator MACD EURJPY,H1: loaded successfully
2	22:09:49.584	Custom indicator 小鱼\Laguerre-ACS1 EURUSD,H4: loaded successfully
2	22:09:49.594	Custom indicator MACD EURUSD,H4: loaded successfully
2	22:09:49.703	Custom indicator 小鱼\Laguerre-ACS1 GBPUSD,H4: loaded successfully
2	22:09:49.713	Custom indicator MACD GBPUSD,H4: loaded successfully
2	22:09:49.822	Custom indicator 小鱼\Laguerre-ACS1 GBPJPY,H1: loaded successfully
2	22:09:49.831	Custom indicator MACD GBPJPY,H1: loaded successfully
2	22:09:49.932	Custom indicator 小鱼\Laguerre-ACS1 JP225,H4: loaded successfully
2	22:09:49.942	Custom indicator MACD JP225,H4: loaded successfully
2	22:09:50.046	Custom indicator 小鱼\Laguerre-ACS1 NDX100,Daily: loaded successfully
2	22:09:50.057	Custom indicator MACD NDX100,Daily: loaded successfully
2	22:09:50.167	Custom indicator 小鱼\Laguerre-ACS1 SPX500,Daily: loaded successfully
2	22:09:50.177	Custom indicator MACD SPX500,Daily: loaded successfully
2	22:09:50.293	Custom indicator 小鱼\Laguerre-ACS1 A50,Daily: loaded successfully
2	22:09:50.305	Custom indicator MACD A50,Daily: loaded successfully
2	22:09:50.424	Custom indicator 小鱼\Laguerre-ACS1 CHINA300,Daily: loaded successfully
2	22:09:50.434	Custom indicator MACD CHINA300,Daily: loaded successfully
2	22:09:50.552	Custom indicator 小鱼\Laguerre-ACS1 XAUUSD,Daily: loaded successfully
2	22:09:50.561	Custom indicator MACD XAUUSD,Daily: loaded successfully
2	22:09:50.678	Custom indicator 小鱼\Laguerre-ACS1 US_OIL,Daily: loaded successfully
2	22:09:50.688	Custom indicator MACD US_OIL,Daily: loaded successfully
0	22:09:52.096	'120010550': login on PRC-Live through Server 3 (ping: 40.82 ms)
0	22:09:52.878	'120010550': login datacenter on PRC-Live through Server 3 (ping: 40.82 ms)
0	22:09:53.175	'120010550': previous successful authorization performed from 106.181.124.80
0	22:10:12.201	'120010550': auto connecting to a better access point Server 7 (ping is 51.59 ms)
0	22:10:12.659	'120010550': login on PRC-Live through Server 7 (ping: 51.59 ms)
0	22:10:13.432	'120010550': login datacenter on PRC-Live through Server 7 (ping: 51.59 ms)
0	22:10:13.732	'120010550': previous successful authorization performed from 106.181.126.233
