0	01:09:53.934	System to be shutdown, request for close FX Trader
0	01:09:54.279	FX Trader build 1170 stopped because system shutdown
0	22:10:07.344	FX Trader build 1170 started (Performance Ronnaru Capital Ltd.)
0	22:10:07.344	Windows 10 Home x64, IE 11, UAC, 8 x Intel Core i7-6700HQ  @ 2.60GHz, Memory: 29504 / 32639 Mb, Disk: 142 / 264 Gb, GMT+9
0	22:10:07.344	Data Folder: C:\Users\tiany\AppData\Roaming\MetaQuotes\Terminal\79214103E7A6FC97F86082D309D0B84B
2	22:10:09.434	Custom indicator span_model USDJPY.,H1: loaded successfully
2	22:10:09.454	Custom indicator MACD-2x USDJPY.,H1: loaded successfully
2	22:10:09.474	Custom indicator MACD-2x USDJPY.,H1: loaded successfully
2	22:10:09.756	Custom indicator span_model EURJPY.,H1: loaded successfully
2	22:10:09.774	Custom indicator MACD-2x EURJPY.,H1: loaded successfully
2	22:10:09.786	Custom indicator MACD-2x EURJPY.,H1: loaded successfully
2	22:10:10.084	Custom indicator span_model EURUSD.,H1: loaded successfully
2	22:10:10.101	Custom indicator MACD-2x EURUSD.,H1: loaded successfully
2	22:10:10.118	Custom indicator MACD-2x EURUSD.,H1: loaded successfully
2	22:10:10.411	Custom indicator span_model GBPUSD.,H1: loaded successfully
2	22:10:10.428	Custom indicator MACD-2x GBPUSD.,H1: loaded successfully
2	22:10:10.446	Custom indicator MACD-2x GBPUSD.,H1: loaded successfully
2	22:10:10.733	Custom indicator span_model GBPJPY.,H1: loaded successfully
2	22:10:10.747	Custom indicator MACD-2x GBPJPY.,H1: loaded successfully
2	22:10:10.759	Custom indicator MACD-2x GBPJPY.,H1: loaded successfully
2	22:10:11.475	Custom indicator span_model JP225,H1: loaded successfully
2	22:10:11.495	Custom indicator MACD-2x JP225,H1: loaded successfully
2	22:10:11.513	Custom indicator MACD-2x JP225,H1: loaded successfully
2	22:10:11.820	Custom indicator span_model NDX100,H1: loaded successfully
2	22:10:11.831	Custom indicator MACD-2x NDX100,H1: loaded successfully
2	22:10:11.845	Custom indicator MACD-2x NDX100,H1: loaded successfully
2	22:10:12.186	Custom indicator span_model SPX500,H1: loaded successfully
2	22:10:12.202	Custom indicator MACD-2x SPX500,H1: loaded successfully
2	22:10:12.217	Custom indicator MACD-2x SPX500,H1: loaded successfully
2	22:10:12.561	Custom indicator 小鱼\Laguerre-ACS1 A50,Daily: loaded successfully
2	22:10:12.576	Custom indicator MACD A50,Daily: loaded successfully
2	22:10:12.780	Custom indicator 小鱼\Laguerre-ACS1 XAUUSD.,H4: loaded successfully
2	22:10:12.795	Custom indicator MACD XAUUSD.,H4: loaded successfully
2	22:10:12.974	Custom indicator 小鱼\Laguerre-ACS1 US_OIL,H4: loaded successfully
2	22:10:12.988	Custom indicator MACD US_OIL,H4: loaded successfully
2	22:10:13.193	Custom indicator span_model USDCAD.,H1: loaded successfully
2	22:10:13.209	Custom indicator MACD-2x USDCAD.,H1: loaded successfully
2	22:10:13.224	Custom indicator MACD-2x USDCAD.,H1: loaded successfully
0	22:10:15.159	'120010550': login on PRC-Live through Server 6 (ping: 3700.59 ms)
0	22:10:22.326	'120010550': login datacenter on PRC-Live through Server 6 (ping: 3700.59 ms)
0	22:10:23.661	'120010550': previous successful authorization performed from 106.181.138.119
0	22:10:42.021	'120010550': auto connecting to a better access point Server 3 (ping is 62.58 ms)
0	22:10:42.537	'120010550': login on PRC-Live through Server 3 (ping: 62.58 ms)
0	22:10:43.383	'120010550': login datacenter on PRC-Live through Server 3 (ping: 62.58 ms)
0	22:10:43.676	'120010550': previous successful authorization performed from 106.181.138.119
1	23:05:06.333	'120010550': ping failed
0	23:05:06.822	'120010550': login on PRC-Live through Server 3 (ping: 62.58 ms)
0	23:05:07.348	'120010550': login datacenter on PRC-Live through Server 3 (ping: 62.58 ms)
0	23:05:07.629	'120010550': previous successful authorization performed from 106.181.138.119
2	23:43:18.677	Custom indicator span_model GBPUSD.,M15: removed
2	23:43:18.679	Custom indicator MACD-2x GBPUSD.,M15: removed
2	23:43:18.681	Custom indicator MACD-2x GBPUSD.,M15: removed
2	23:43:18.805	Custom indicator span_model GBPUSD.,M15: loaded successfully
2	23:43:18.817	Custom indicator MACD-2x GBPUSD.,M15: loaded successfully
2	23:43:18.829	Custom indicator MACD-2x GBPUSD.,M15: loaded successfully
2	23:43:38.757	Custom indicator span_model GBPUSD.,M15: removed
2	23:43:38.759	Custom indicator MACD-2x GBPUSD.,M15: removed
2	23:43:38.762	Custom indicator MACD-2x GBPUSD.,M15: removed
2	23:43:38.841	Custom indicator span_model GBPUSD.,M15: loaded successfully
2	23:43:38.856	Custom indicator MACD-2x GBPUSD.,M15: loaded successfully
2	23:43:38.870	Custom indicator MACD-2x GBPUSD.,M15: loaded successfully
2	23:43:44.925	Custom indicator span_model EURUSD.,H1: removed
2	23:43:44.928	Custom indicator MACD-2x EURUSD.,H1: removed
2	23:43:44.930	Custom indicator MACD-2x EURUSD.,H1: removed
2	23:43:45.032	Custom indicator span_model EURUSD.,H1: loaded successfully
2	23:43:45.046	Custom indicator MACD-2x EURUSD.,H1: loaded successfully
2	23:43:45.058	Custom indicator MACD-2x EURUSD.,H1: loaded successfully
2	23:43:50.336	Custom indicator span_model EURJPY.,H1: removed
2	23:43:50.339	Custom indicator MACD-2x EURJPY.,H1: removed
2	23:43:50.341	Custom indicator MACD-2x EURJPY.,H1: removed
2	23:43:50.424	Custom indicator span_model EURJPY.,H1: loaded successfully
2	23:43:50.434	Custom indicator MACD-2x EURJPY.,H1: loaded successfully
2	23:43:50.447	Custom indicator MACD-2x EURJPY.,H1: loaded successfully
2	23:43:56.167	Custom indicator span_model USDJPY.,H1: removed
2	23:43:56.170	Custom indicator MACD-2x USDJPY.,H1: removed
2	23:43:56.172	Custom indicator MACD-2x USDJPY.,H1: removed
2	23:43:56.277	Custom indicator span_model USDJPY.,H1: loaded successfully
2	23:43:56.294	Custom indicator MACD-2x USDJPY.,H1: loaded successfully
2	23:43:56.305	Custom indicator MACD-2x USDJPY.,H1: loaded successfully
