0	19:14:40.256	FX Trader build 1170 started (Performance Ronnaru Capital Ltd.)
0	19:14:40.256	Windows 10 Home x64, IE 11, UAC, 8 x Intel Core i7-6700HQ  @ 2.60GHz, Memory: 28117 / 32639 Mb, Disk: 136 / 264 Gb, GMT+8
0	19:14:40.256	Data Folder: C:\Users\tiany\AppData\Roaming\MetaQuotes\Terminal\79214103E7A6FC97F86082D309D0B84B
2	19:14:42.878	Custom indicator SupResZone_MTF USDXXX,Daily: loaded successfully
2	19:14:42.891	Custom indicator SupResZone_MTF USDXXX,Daily: loaded successfully
2	19:14:42.902	Custom indicator SupResZone_MTF USDXXX,Daily: loaded successfully
2	19:14:42.913	Custom indicator SupResZone_MTF USDXXX,Daily: loaded successfully
2	19:14:42.924	Custom indicator MACD-2x USDXXX,Daily: loaded successfully
2	19:14:43.005	Custom indicator Laguerre-ACS1 USDXXX,Daily: loaded successfully
2	19:14:43.146	Custom indicator SupResZone_MTF XAUUSD.,H4: loaded successfully
2	19:14:43.160	Custom indicator SupResZone_MTF XAUUSD.,H4: loaded successfully
2	19:14:43.171	Custom indicator SupResZone_MTF XAUUSD.,H4: loaded successfully
2	19:14:43.184	Custom indicator SupResZone_MTF XAUUSD.,H4: loaded successfully
2	19:14:43.194	Custom indicator MACD-2x XAUUSD.,H4: loaded successfully
2	19:14:43.267	Custom indicator Laguerre-ACS1 XAUUSD.,H4: loaded successfully
2	19:14:43.478	Custom indicator SupResZone_MTF XAGUSD.,H4: loaded successfully
2	19:14:43.492	Custom indicator SupResZone_MTF XAGUSD.,H4: loaded successfully
2	19:14:43.507	Custom indicator SupResZone_MTF XAGUSD.,H4: loaded successfully
2	19:14:43.521	Custom indicator SupResZone_MTF XAGUSD.,H4: loaded successfully
2	19:14:43.531	Custom indicator MACD-2x XAGUSD.,H4: loaded successfully
2	19:14:43.613	Custom indicator Laguerre-ACS1 XAGUSD.,H4: loaded successfully
2	19:14:43.867	Custom indicator SupResZone_MTF US_OIL,H4: loaded successfully
2	19:14:43.878	Custom indicator SupResZone_MTF US_OIL,H4: loaded successfully
2	19:14:43.891	Custom indicator SupResZone_MTF US_OIL,H4: loaded successfully
2	19:14:43.902	Custom indicator SupResZone_MTF US_OIL,H4: loaded successfully
2	19:14:43.914	Custom indicator MACD-2x US_OIL,H4: loaded successfully
2	19:14:43.996	Custom indicator Laguerre-ACS1 US_OIL,H4: loaded successfully
2	19:14:44.236	Custom indicator SupResZone_MTF JP225,H4: loaded successfully
2	19:14:44.249	Custom indicator SupResZone_MTF JP225,H4: loaded successfully
2	19:14:44.261	Custom indicator SupResZone_MTF JP225,H4: loaded successfully
2	19:14:44.273	Custom indicator SupResZone_MTF JP225,H4: loaded successfully
2	19:14:44.277	Custom indicator MACD-2x JP225,H4: loaded successfully
2	19:14:44.355	Custom indicator Laguerre-ACS1 JP225,H4: loaded successfully
2	19:14:44.574	Custom indicator SupResZone_MTF SPX500,H4: loaded successfully
2	19:14:44.590	Custom indicator SupResZone_MTF SPX500,H4: loaded successfully
2	19:14:44.605	Custom indicator SupResZone_MTF SPX500,H4: loaded successfully
2	19:14:44.621	Custom indicator SupResZone_MTF SPX500,H4: loaded successfully
2	19:14:44.636	Custom indicator MACD-2x SPX500,H4: loaded successfully
2	19:14:44.746	Custom indicator Laguerre-ACS1 SPX500,H4: loaded successfully
2	19:14:45.001	Custom indicator SupResZone_MTF EURAUD.,H1: loaded successfully
2	19:14:45.017	Custom indicator SupResZone_MTF EURAUD.,H1: loaded successfully
2	19:14:45.033	Custom indicator SupResZone_MTF EURAUD.,H1: loaded successfully
2	19:14:45.046	Custom indicator SupResZone_MTF EURAUD.,H1: loaded successfully
2	19:14:45.056	Custom indicator MACD-2x EURAUD.,H1: loaded successfully
2	19:14:45.135	Custom indicator Laguerre-ACS1 EURAUD.,H1: loaded successfully
2	19:14:45.358	Custom indicator SupResZone_MTF AUDJPY.,H4: loaded successfully
2	19:14:45.369	Custom indicator SupResZone_MTF AUDJPY.,H4: loaded successfully
2	19:14:45.384	Custom indicator SupResZone_MTF AUDJPY.,H4: loaded successfully
2	19:14:45.399	Custom indicator SupResZone_MTF AUDJPY.,H4: loaded successfully
2	19:14:45.414	Custom indicator MACD-2x AUDJPY.,H4: loaded successfully
2	19:14:45.516	Custom indicator Laguerre-ACS1 AUDJPY.,H4: loaded successfully
2	19:14:45.788	Custom indicator SupResZone_MTF AUDUSD.,H4: loaded successfully
2	19:14:45.811	Custom indicator SupResZone_MTF AUDUSD.,H4: loaded successfully
2	19:14:45.829	Custom indicator SupResZone_MTF AUDUSD.,H4: loaded successfully
2	19:14:45.846	Custom indicator SupResZone_MTF AUDUSD.,H4: loaded successfully
2	19:14:45.869	Custom indicator MACD-2x AUDUSD.,H4: loaded successfully
2	19:14:46.010	Custom indicator Laguerre-ACS1 AUDUSD.,H4: loaded successfully
2	19:14:46.243	Custom indicator SupResZone_MTF USDJPY.,H4: loaded successfully
2	19:14:46.262	Custom indicator SupResZone_MTF USDJPY.,H4: loaded successfully
2	19:14:46.280	Custom indicator SupResZone_MTF USDJPY.,H4: loaded successfully
2	19:14:46.301	Custom indicator SupResZone_MTF USDJPY.,H4: loaded successfully
2	19:14:46.318	Custom indicator MACD-2x USDJPY.,H4: loaded successfully
2	19:14:46.420	Custom indicator Laguerre-ACS1 USDJPY.,H4: loaded successfully
2	19:14:46.688	Custom indicator SupResZone_MTF EURJPY.,H4: loaded successfully
2	19:14:46.703	Custom indicator SupResZone_MTF EURJPY.,H4: loaded successfully
2	19:14:46.714	Custom indicator SupResZone_MTF EURJPY.,H4: loaded successfully
2	19:14:46.727	Custom indicator SupResZone_MTF EURJPY.,H4: loaded successfully
2	19:14:46.741	Custom indicator MACD-2x EURJPY.,H4: loaded successfully
2	19:14:46.838	Custom indicator Laguerre-ACS1 EURJPY.,H4: loaded successfully
2	19:14:47.150	Custom indicator SupResZone_MTF EURUSD.,H4: loaded successfully
2	19:14:47.171	Custom indicator SupResZone_MTF EURUSD.,H4: loaded successfully
2	19:14:47.193	Custom indicator SupResZone_MTF EURUSD.,H4: loaded successfully
2	19:14:47.213	Custom indicator SupResZone_MTF EURUSD.,H4: loaded successfully
2	19:14:47.230	Custom indicator MACD-2x EURUSD.,H4: loaded successfully
2	19:14:47.370	Custom indicator Laguerre-ACS1 EURUSD.,H4: loaded successfully
2	19:14:47.765	Custom indicator SupResZone_MTF GBPJPY.,H4: loaded successfully
2	19:14:47.781	Custom indicator SupResZone_MTF GBPJPY.,H4: loaded successfully
2	19:14:47.796	Custom indicator SupResZone_MTF GBPJPY.,H4: loaded successfully
2	19:14:47.812	Custom indicator SupResZone_MTF GBPJPY.,H4: loaded successfully
2	19:14:47.828	Custom indicator MACD-2x GBPJPY.,H4: loaded successfully
2	19:14:47.930	Custom indicator Laguerre-ACS1 GBPJPY.,H4: loaded successfully
2	19:14:48.265	Custom indicator SupResZone_MTF GBPUSD.,H4: loaded successfully
2	19:14:48.281	Custom indicator SupResZone_MTF GBPUSD.,H4: loaded successfully
2	19:14:48.298	Custom indicator SupResZone_MTF GBPUSD.,H4: loaded successfully
2	19:14:48.318	Custom indicator SupResZone_MTF GBPUSD.,H4: loaded successfully
2	19:14:48.342	Custom indicator MACD-2x GBPUSD.,H4: loaded successfully
2	19:14:48.555	Custom indicator Laguerre-ACS1 GBPUSD.,H4: loaded successfully
2	19:14:49.040	Custom indicator SupResZone_MTF USDCAD.,H4: loaded successfully
2	19:14:49.058	Custom indicator SupResZone_MTF USDCAD.,H4: loaded successfully
2	19:14:49.080	Custom indicator SupResZone_MTF USDCAD.,H4: loaded successfully
2	19:14:49.103	Custom indicator SupResZone_MTF USDCAD.,H4: loaded successfully
2	19:14:49.126	Custom indicator MACD-2x USDCAD.,H4: loaded successfully
2	19:14:49.270	Custom indicator Laguerre-ACS1 USDCAD.,H4: loaded successfully
2	19:14:49.662	Custom indicator SupResZone_MTF USDCHF.,H1: loaded successfully
2	19:14:49.678	Custom indicator SupResZone_MTF USDCHF.,H1: loaded successfully
2	19:14:49.694	Custom indicator SupResZone_MTF USDCHF.,H1: loaded successfully
2	19:14:49.710	Custom indicator SupResZone_MTF USDCHF.,H1: loaded successfully
2	19:14:49.727	Custom indicator MACD-2x USDCHF.,H1: loaded successfully
2	19:14:49.831	Custom indicator Laguerre-ACS1 USDCHF.,H1: loaded successfully
2	19:14:50.235	Custom indicator SupResZone_MTF USDCNH,Daily: loaded successfully
2	19:14:50.247	Custom indicator SupResZone_MTF USDCNH,Daily: loaded successfully
2	19:14:50.259	Custom indicator SupResZone_MTF USDCNH,Daily: loaded successfully
2	19:14:50.272	Custom indicator SupResZone_MTF USDCNH,Daily: loaded successfully
2	19:14:50.284	Custom indicator MACD-2x USDCNH,Daily: loaded successfully
2	19:14:50.365	Custom indicator Laguerre-ACS1 USDCNH,Daily: loaded successfully
2	19:14:50.530	Custom indicator GMMA Long USDJPY.,H4: loaded successfully
2	19:14:50.541	Custom indicator GMMA Short USDJPY.,H4: loaded successfully
2	19:14:50.551	Custom indicator 23MTF_MovingAverageIGOR USDJPY.,H4: loaded successfully
2	19:14:50.560	Custom indicator 23MTF_MovingAverageIGOR USDJPY.,H4: loaded successfully
2	19:14:50.573	Custom indicator SupResZone_MTF USDJPY.,H4: loaded successfully
2	19:14:50.586	Custom indicator SupResZone_MTF USDJPY.,H4: loaded successfully
2	19:14:50.599	Custom indicator MACD-2x USDJPY.,H4: loaded successfully
2	19:14:50.813	Custom indicator SupResZone_MTF CHINA300,Daily: loaded successfully
2	19:14:50.826	Custom indicator SupResZone_MTF CHINA300,Daily: loaded successfully
2	19:14:50.839	Custom indicator SupResZone_MTF CHINA300,Daily: loaded successfully
2	19:14:50.852	Custom indicator SupResZone_MTF CHINA300,Daily: loaded successfully
2	19:14:50.866	Custom indicator MACD-2x CHINA300,Daily: loaded successfully
2	19:14:50.973	Custom indicator Laguerre-ACS1 CHINA300,Daily: loaded successfully
0	19:14:53.238	'120010550': login on PRC-Live through Server 5 (ping: 111.45 ms)
0	19:14:54.466	'120010550': login datacenter on PRC-Live through Server 5 (ping: 111.45 ms)
0	19:14:54.963	'120010550': previous successful authorization performed from 101.131.181.27
0	19:15:12.789	'120010550': ping to current access point Server 5 is 128.63 ms
0	19:33:46.869	'120010550': modify order #11096250 sell 0.01 USDCHF. at 0.98667 sl: 0.99206 tp: 0.98575 -> sl: 0.99539 tp: 0.98575
0	19:33:47.401	'120010550': order #11096250 sell 0.01 USDCHF. at 0.98667 was modified -> sl: 0.99539 tp: 0.98575
0	19:39:05.704	'120010550': close order #11096232 sell 0.02 EURAUD. at 1.59542 sl: 0.00000 tp: 0.00000 at price 0.00000
0	19:39:06.283	'120010550': order #11096232 sell 0.02 EURAUD. at 1.59542 sl: 0.00000 tp: 0.00000 closed at price 1.60156
0	19:48:12.709	'120010550': order buy market 0.02 EURAUD. sl: 0.00000 tp: 0.00000
0	19:48:13.662	'120010550': order was opened : #11099062 buy 0.02 EURAUD. at 1.60170 sl: 0.00000 tp: 0.00000
0	19:53:24.310	'120010550': modify order #11099062 buy 0.02 EURAUD. at 1.60170 sl: 0.00000 tp: 0.00000 -> sl: 0.00000 tp: 1.60236
0	19:53:24.935	'120010550': order #11099062 buy 0.02 EURAUD. at 1.60170 was modified -> sl: 0.00000 tp: 1.60236
0	19:54:56.577	'120010550': modify order #11099062 buy 0.02 EURAUD. at 1.60170 sl: 0.00000 tp: 1.60236 -> sl: 0.00000 tp: 1.60200
0	19:54:57.718	'120010550': order #11099062 buy 0.02 EURAUD. at 1.60170 was modified -> sl: 0.00000 tp: 1.60200
2	20:12:11.435	Custom indicator MACD-2x JP225,H1: loaded successfully
2	20:15:48.115	Custom indicator SupResZone_MTF JP225,H4: removed
2	20:15:48.115	Custom indicator SupResZone_MTF JP225,H4: removed
2	20:15:48.115	Custom indicator SupResZone_MTF JP225,H4: removed
2	20:15:48.115	Custom indicator SupResZone_MTF JP225,H4: removed
2	20:15:48.115	Custom indicator MACD-2x JP225,H4: removed
2	20:15:48.131	Custom indicator Laguerre-ACS1 JP225,H4: removed
2	20:15:48.146	Custom indicator MACD-2x JP225,H4: removed
2	20:15:48.240	Custom indicator SupResZone_MTF JP225,H4: loaded successfully
2	20:15:48.287	Custom indicator SupResZone_MTF JP225,H4: loaded successfully
2	20:15:48.303	Custom indicator SupResZone_MTF JP225,H4: loaded successfully
2	20:15:48.318	Custom indicator SupResZone_MTF JP225,H4: loaded successfully
2	20:15:48.318	Custom indicator MACD-2x JP225,H4: loaded successfully
2	20:15:48.396	Custom indicator Laguerre-ACS1 JP225,H4: loaded successfully
0	20:23:38.519	'120010550': modify order #11096270 sell 0.01 USDCAD. at 1.30420 sl: 0.00000 tp: 0.00000 -> sl: 0.00000 tp: 1.30363
0	20:23:39.643	'120010550': order #11096270 sell 0.01 USDCAD. at 1.30420 was modified -> sl: 0.00000 tp: 1.30363
0	20:42:41.145	'120010550': order buy market 0.01 US_OIL sl: 0.00 tp: 0.00
0	20:42:41.426	'120010550': order was opened : #11099267 buy 0.01 US_OIL at 58.31 sl: 0.00 tp: 0.00
0	20:42:46.010	'120010550': modify order #11099267 buy 0.01 US_OIL at 58.31 sl: 0.00 tp: 0.00 -> sl: 0.00 tp: 58.75
0	20:42:46.604	'120010550': order #11099267 buy 0.01 US_OIL at 58.31 was modified -> sl: 0.00 tp: 58.75
0	21:13:47.603	'120010550': order #11099062 buy 0.02 EURAUD. at 1.60170 closed due take-profit at price 1.60200
0	22:30:08.088	'120010550': order #11097991 sell 0.01 JP225 at 21428 closed due take-profit at price 21420
0	22:31:05.866	'120010550': modify order #11096708 buy 0.02 XAGUSD. at 15.641 sl: 0.000 tp: 0.000 -> sl: 15.608 tp: 0.000
0	22:31:06.459	'120010550': order #11096708 buy 0.02 XAGUSD. at 15.641 was modified -> sl: 15.608 tp: 0.000
0	22:31:12.389	'120010550': modify order #11096708 buy 0.02 XAGUSD. at 15.641 sl: 15.608 tp: 0.000 -> sl: 15.649 tp: 0.000
0	22:31:13.702	'120010550': order #11096708 buy 0.02 XAGUSD. at 15.641 was modified -> sl: 15.649 tp: 0.000
0	22:31:21.595	'120010550': modify order #11096708 buy 0.02 XAGUSD. at 15.641 sl: 15.649 tp: 0.000 -> sl: 0.000 tp: 0.000
0	22:31:22.705	'120010550': order #11096708 buy 0.02 XAGUSD. at 15.641 was modified -> sl: 0.000 tp: 0.000
0	22:31:44.950	'120010550': order sell market 0.01 JP225 sl: 0 tp: 0
0	22:31:45.716	'120010550': order was opened : #11099781 sell 0.01 JP225 at 21413 sl: 0 tp: 0
1	22:49:03.485	'120010550': modification of order #11099781 sell 0.01 JP225 at 21413 sl: 0 tp: 0 -> sl: 21417 tp: 0 failed [Invalid S/L or T/P]
1	22:49:06.701	'120010550': modification of order #11099781 sell 0.01 JP225 at 21413 sl: 0 tp: 0 -> sl: 21416 tp: 0 failed [Invalid S/L or T/P]
1	22:49:11.825	'120010550': modification of order #11099781 sell 0.01 JP225 at 21413 sl: 0 tp: 0 -> sl: 21417 tp: 0 failed [Invalid S/L or T/P]
0	23:21:18.116	'120010550': modify order #11098460 sell 0.02 EURAUD. at 1.59810 sl: 0.00000 tp: 1.59810 -> sl: 0.00000 tp: 1.59477
0	23:21:18.498	'120010550': order #11098460 sell 0.02 EURAUD. at 1.59810 was modified -> sl: 0.00000 tp: 1.59477
0	23:57:48.424	'120010550': modify order #11096250 sell 0.01 USDCHF. at 0.98667 sl: 0.99539 tp: 0.98575 -> sl: 0.99539 tp: 0.98496
0	23:57:49.549	'120010550': order #11096250 sell 0.01 USDCHF. at 0.98667 was modified -> sl: 0.99539 tp: 0.98496
