2	00:05:11.775	Custom indicator SupResZone_MTF USDXXX,H1: removed
2	00:05:11.777	Custom indicator SupResZone_MTF USDXXX,H1: removed
2	00:05:11.779	Custom indicator SupResZone_MTF USDXXX,H1: removed
2	00:05:11.780	Custom indicator SupResZone_MTF USDXXX,H1: removed
2	00:05:11.782	Custom indicator MACD-2x USDXXX,H1: removed
2	00:05:11.782	Custom indicator Laguerre-ACS1 USDXXX,H1: removed
2	00:05:11.788	Custom indicator SupResZone_MTF XAUUSD.,H4: removed
2	00:05:11.790	Custom indicator SupResZone_MTF XAUUSD.,H4: removed
2	00:05:11.793	Custom indicator SupResZone_MTF XAUUSD.,H4: removed
2	00:05:11.795	Custom indicator SupResZone_MTF XAUUSD.,H4: removed
2	00:05:11.797	Custom indicator MACD-2x XAUUSD.,H4: removed
2	00:05:11.797	Custom indicator Laguerre-ACS1 XAUUSD.,H4: removed
2	00:05:11.804	Custom indicator SupResZone_MTF XAGUSD.,H4: removed
2	00:05:11.806	Custom indicator SupResZone_MTF XAGUSD.,H4: removed
2	00:05:11.808	Custom indicator SupResZone_MTF XAGUSD.,H4: removed
2	00:05:11.809	Custom indicator SupResZone_MTF XAGUSD.,H4: removed
2	00:05:11.811	Custom indicator MACD-2x XAGUSD.,H4: removed
2	00:05:11.811	Custom indicator Laguerre-ACS1 XAGUSD.,H4: removed
2	00:05:11.816	Custom indicator SupResZone_MTF US_OIL,H4: removed
2	00:05:11.818	Custom indicator SupResZone_MTF US_OIL,H4: removed
2	00:05:11.820	Custom indicator SupResZone_MTF US_OIL,H4: removed
2	00:05:11.822	Custom indicator SupResZone_MTF US_OIL,H4: removed
2	00:05:11.824	Custom indicator MACD-2x US_OIL,H4: removed
2	00:05:11.824	Custom indicator Laguerre-ACS1 US_OIL,H4: removed
2	00:05:11.829	Custom indicator SupResZone_MTF JP225,H4: removed
2	00:05:11.831	Custom indicator SupResZone_MTF JP225,H4: removed
2	00:05:11.833	Custom indicator SupResZone_MTF JP225,H4: removed
2	00:05:11.836	Custom indicator SupResZone_MTF JP225,H4: removed
2	00:05:11.839	Custom indicator MACD-2x JP225,H4: removed
2	00:05:11.840	Custom indicator Laguerre-ACS1 JP225,H4: removed
2	00:05:11.845	Custom indicator SupResZone_MTF SPX500,H4: removed
2	00:05:11.847	Custom indicator SupResZone_MTF SPX500,H4: removed
2	00:05:11.850	Custom indicator SupResZone_MTF SPX500,H4: removed
2	00:05:11.852	Custom indicator SupResZone_MTF SPX500,H4: removed
2	00:05:11.855	Custom indicator MACD-2x SPX500,H4: removed
2	00:05:11.855	Custom indicator Laguerre-ACS1 SPX500,H4: removed
2	00:05:11.879	Custom indicator SupResZone_MTF EURAUD.,H4: removed
2	00:05:11.881	Custom indicator SupResZone_MTF EURAUD.,H4: removed
2	00:05:11.883	Custom indicator SupResZone_MTF EURAUD.,H4: removed
2	00:05:11.884	Custom indicator SupResZone_MTF EURAUD.,H4: removed
2	00:05:11.888	Custom indicator MACD-2x EURAUD.,H4: removed
2	00:05:11.888	Custom indicator Laguerre-ACS1 EURAUD.,H4: removed
2	00:05:11.911	Custom indicator SupResZone_MTF AUDJPY.,H4: removed
2	00:05:11.914	Custom indicator SupResZone_MTF AUDJPY.,H4: removed
2	00:05:11.917	Custom indicator SupResZone_MTF AUDJPY.,H4: removed
2	00:05:11.921	Custom indicator SupResZone_MTF AUDJPY.,H4: removed
2	00:05:11.923	Custom indicator MACD-2x AUDJPY.,H4: removed
2	00:05:11.923	Custom indicator Laguerre-ACS1 AUDJPY.,H4: removed
2	00:05:11.945	Custom indicator SupResZone_MTF AUDUSD.,H4: removed
2	00:05:11.948	Custom indicator SupResZone_MTF AUDUSD.,H4: removed
2	00:05:11.950	Custom indicator SupResZone_MTF AUDUSD.,H4: removed
2	00:05:11.953	Custom indicator SupResZone_MTF AUDUSD.,H4: removed
2	00:05:11.955	Custom indicator MACD-2x AUDUSD.,H4: removed
2	00:05:11.955	Custom indicator Laguerre-ACS1 AUDUSD.,H4: removed
2	00:05:11.960	Custom indicator SupResZone_MTF USDJPY.,H1: removed
2	00:05:11.962	Custom indicator SupResZone_MTF USDJPY.,H1: removed
2	00:05:11.964	Custom indicator SupResZone_MTF USDJPY.,H1: removed
2	00:05:11.965	Custom indicator SupResZone_MTF USDJPY.,H1: removed
2	00:05:11.967	Custom indicator MACD-2x USDJPY.,H1: removed
2	00:05:11.967	Custom indicator Laguerre-ACS1 USDJPY.,H1: removed
2	00:05:11.986	Custom indicator SupResZone_MTF EURJPY.,H4: removed
2	00:05:11.987	Custom indicator SupResZone_MTF EURJPY.,H4: removed
2	00:05:11.989	Custom indicator SupResZone_MTF EURJPY.,H4: removed
2	00:05:11.991	Custom indicator SupResZone_MTF EURJPY.,H4: removed
2	00:05:11.993	Custom indicator MACD-2x EURJPY.,H4: removed
2	00:05:11.993	Custom indicator Laguerre-ACS1 EURJPY.,H4: removed
2	00:05:12.014	Custom indicator SupResZone_MTF EURUSD.,H4: removed
2	00:05:12.016	Custom indicator SupResZone_MTF EURUSD.,H4: removed
2	00:05:12.018	Custom indicator SupResZone_MTF EURUSD.,H4: removed
2	00:05:12.021	Custom indicator SupResZone_MTF EURUSD.,H4: removed
2	00:05:12.023	Custom indicator MACD-2x EURUSD.,H4: removed
2	00:05:12.023	Custom indicator Laguerre-ACS1 EURUSD.,H4: removed
2	00:05:12.029	Custom indicator SupResZone_MTF GBPJPY.,H4: removed
2	00:05:12.031	Custom indicator SupResZone_MTF GBPJPY.,H4: removed
2	00:05:12.032	Custom indicator SupResZone_MTF GBPJPY.,H4: removed
2	00:05:12.035	Custom indicator SupResZone_MTF GBPJPY.,H4: removed
2	00:05:12.036	Custom indicator MACD-2x GBPJPY.,H4: removed
2	00:05:12.036	Custom indicator Laguerre-ACS1 GBPJPY.,H4: removed
2	00:05:12.056	Custom indicator SupResZone_MTF GBPUSD.,H4: removed
2	00:05:12.058	Custom indicator SupResZone_MTF GBPUSD.,H4: removed
2	00:05:12.059	Custom indicator SupResZone_MTF GBPUSD.,H4: removed
2	00:05:12.061	Custom indicator SupResZone_MTF GBPUSD.,H4: removed
2	00:05:12.063	Custom indicator MACD-2x GBPUSD.,H4: removed
2	00:05:12.063	Custom indicator Laguerre-ACS1 GBPUSD.,H4: removed
2	00:05:12.070	Custom indicator SupResZone_MTF USDCAD.,Daily: removed
2	00:05:12.072	Custom indicator SupResZone_MTF USDCAD.,Daily: removed
2	00:05:12.074	Custom indicator SupResZone_MTF USDCAD.,Daily: removed
2	00:05:12.076	Custom indicator SupResZone_MTF USDCAD.,Daily: removed
2	00:05:12.078	Custom indicator MACD-2x USDCAD.,Daily: removed
2	00:05:12.078	Custom indicator Laguerre-ACS1 USDCAD.,Daily: removed
2	00:05:12.102	Custom indicator SupResZone_MTF USDCHF.,Daily: removed
2	00:05:12.105	Custom indicator SupResZone_MTF USDCHF.,Daily: removed
2	00:05:12.107	Custom indicator SupResZone_MTF USDCHF.,Daily: removed
2	00:05:12.109	Custom indicator SupResZone_MTF USDCHF.,Daily: removed
2	00:05:12.110	Custom indicator MACD-2x USDCHF.,Daily: removed
2	00:05:12.110	Custom indicator Laguerre-ACS1 USDCHF.,Daily: removed
2	00:05:12.134	Custom indicator MACD-2x USDCNH,Daily: removed
2	00:05:12.136	Custom indicator MACD-2x USDCNH,Daily: removed
2	00:05:12.136	Custom indicator Laguerre-ACS1 USDCNH,Daily: removed
2	00:05:12.143	Custom indicator GMMA Long USDJPY.,H1: removed
2	00:05:12.145	Custom indicator GMMA Short USDJPY.,H1: removed
2	00:05:12.147	Custom indicator 23MTF_MovingAverageIGOR USDJPY.,H1: removed
2	00:05:12.148	Custom indicator 23MTF_MovingAverageIGOR USDJPY.,H1: removed
2	00:05:12.150	Custom indicator SupResZone_MTF USDJPY.,H1: removed
2	00:05:12.152	Custom indicator SupResZone_MTF USDJPY.,H1: removed
2	00:05:12.154	Custom indicator MACD-2x USDJPY.,H1: removed
2	00:05:12.165	Custom indicator SupResZone_MTF CHINA300,Daily: removed
2	00:05:12.167	Custom indicator SupResZone_MTF CHINA300,Daily: removed
2	00:05:12.168	Custom indicator SupResZone_MTF CHINA300,Daily: removed
2	00:05:12.170	Custom indicator SupResZone_MTF CHINA300,Daily: removed
2	00:05:12.172	Custom indicator MACD-2x CHINA300,Daily: removed
2	00:05:12.172	Custom indicator Laguerre-ACS1 CHINA300,Daily: removed
0	00:05:12.604	FX Trader build 1170 stopped
0	19:07:22.933	FX Trader build 1170 started (Performance Ronnaru Capital Ltd.)
0	19:07:22.934	Windows 10 Home x64, IE 11, UAC, 8 x Intel Core i7-6700HQ  @ 2.60GHz, Memory: 25360 / 32639 Mb, Disk: 139 / 264 Gb, GMT+8
0	19:07:22.934	Data Folder: C:\Users\tiany\AppData\Roaming\MetaQuotes\Terminal\79214103E7A6FC97F86082D309D0B84B
2	19:07:26.468	Custom indicator SupResZone_MTF USDXXX,H1: loaded successfully
2	19:07:26.494	Custom indicator SupResZone_MTF USDXXX,H1: loaded successfully
2	19:07:26.519	Custom indicator SupResZone_MTF USDXXX,H1: loaded successfully
2	19:07:26.544	Custom indicator SupResZone_MTF USDXXX,H1: loaded successfully
2	19:07:26.575	Custom indicator MACD-2x USDXXX,H1: loaded successfully
2	19:07:26.748	Custom indicator Laguerre-ACS1 USDXXX,H1: loaded successfully
2	19:07:27.094	Custom indicator SupResZone_MTF XAUUSD.,H4: loaded successfully
2	19:07:27.110	Custom indicator SupResZone_MTF XAUUSD.,H4: loaded successfully
2	19:07:27.129	Custom indicator SupResZone_MTF XAUUSD.,H4: loaded successfully
2	19:07:27.150	Custom indicator SupResZone_MTF XAUUSD.,H4: loaded successfully
2	19:07:27.169	Custom indicator MACD-2x XAUUSD.,H4: loaded successfully
2	19:07:27.279	Custom indicator Laguerre-ACS1 XAUUSD.,H4: loaded successfully
2	19:07:27.574	Custom indicator SupResZone_MTF XAGUSD.,H4: loaded successfully
2	19:07:27.595	Custom indicator SupResZone_MTF XAGUSD.,H4: loaded successfully
2	19:07:27.620	Custom indicator SupResZone_MTF XAGUSD.,H4: loaded successfully
2	19:07:27.638	Custom indicator SupResZone_MTF XAGUSD.,H4: loaded successfully
2	19:07:27.660	Custom indicator MACD-2x XAGUSD.,H4: loaded successfully
2	19:07:27.821	Custom indicator Laguerre-ACS1 XAGUSD.,H4: loaded successfully
2	19:07:28.116	Custom indicator SupResZone_MTF US_OIL,H4: loaded successfully
2	19:07:28.137	Custom indicator SupResZone_MTF US_OIL,H4: loaded successfully
2	19:07:28.158	Custom indicator SupResZone_MTF US_OIL,H4: loaded successfully
2	19:07:28.181	Custom indicator SupResZone_MTF US_OIL,H4: loaded successfully
2	19:07:28.201	Custom indicator MACD-2x US_OIL,H4: loaded successfully
2	19:07:28.337	Custom indicator Laguerre-ACS1 US_OIL,H4: loaded successfully
2	19:07:28.697	Custom indicator SupResZone_MTF JP225,H4: loaded successfully
2	19:07:28.715	Custom indicator SupResZone_MTF JP225,H4: loaded successfully
2	19:07:28.734	Custom indicator SupResZone_MTF JP225,H4: loaded successfully
2	19:07:28.751	Custom indicator SupResZone_MTF JP225,H4: loaded successfully
2	19:07:28.777	Custom indicator MACD-2x JP225,H4: loaded successfully
2	19:07:28.922	Custom indicator Laguerre-ACS1 JP225,H4: loaded successfully
2	19:07:29.414	Custom indicator SupResZone_MTF SPX500,H4: loaded successfully
2	19:07:29.432	Custom indicator SupResZone_MTF SPX500,H4: loaded successfully
2	19:07:29.448	Custom indicator SupResZone_MTF SPX500,H4: loaded successfully
2	19:07:29.466	Custom indicator SupResZone_MTF SPX500,H4: loaded successfully
2	19:07:29.483	Custom indicator MACD-2x SPX500,H4: loaded successfully
2	19:07:29.601	Custom indicator Laguerre-ACS1 SPX500,H4: loaded successfully
2	19:07:29.907	Custom indicator SupResZone_MTF EURAUD.,H4: loaded successfully
2	19:07:29.930	Custom indicator SupResZone_MTF EURAUD.,H4: loaded successfully
2	19:07:29.943	Custom indicator SupResZone_MTF EURAUD.,H4: loaded successfully
2	19:07:29.957	Custom indicator SupResZone_MTF EURAUD.,H4: loaded successfully
2	19:07:29.969	Custom indicator MACD-2x EURAUD.,H4: loaded successfully
2	19:07:30.086	Custom indicator Laguerre-ACS1 EURAUD.,H4: loaded successfully
2	19:07:30.364	Custom indicator SupResZone_MTF AUDJPY.,H4: loaded successfully
2	19:07:30.380	Custom indicator SupResZone_MTF AUDJPY.,H4: loaded successfully
2	19:07:30.401	Custom indicator SupResZone_MTF AUDJPY.,H4: loaded successfully
2	19:07:30.418	Custom indicator SupResZone_MTF AUDJPY.,H4: loaded successfully
2	19:07:30.434	Custom indicator MACD-2x AUDJPY.,H4: loaded successfully
2	19:07:30.595	Custom indicator Laguerre-ACS1 AUDJPY.,H4: loaded successfully
2	19:07:30.873	Custom indicator SupResZone_MTF AUDUSD.,H4: loaded successfully
2	19:07:30.888	Custom indicator SupResZone_MTF AUDUSD.,H4: loaded successfully
2	19:07:30.901	Custom indicator SupResZone_MTF AUDUSD.,H4: loaded successfully
2	19:07:30.915	Custom indicator SupResZone_MTF AUDUSD.,H4: loaded successfully
2	19:07:30.929	Custom indicator MACD-2x AUDUSD.,H4: loaded successfully
2	19:07:31.025	Custom indicator Laguerre-ACS1 AUDUSD.,H4: loaded successfully
2	19:07:31.322	Custom indicator SupResZone_MTF USDJPY.,H1: loaded successfully
2	19:07:31.344	Custom indicator SupResZone_MTF USDJPY.,H1: loaded successfully
2	19:07:31.365	Custom indicator SupResZone_MTF USDJPY.,H1: loaded successfully
2	19:07:31.381	Custom indicator SupResZone_MTF USDJPY.,H1: loaded successfully
2	19:07:31.399	Custom indicator MACD-2x USDJPY.,H1: loaded successfully
2	19:07:31.524	Custom indicator Laguerre-ACS1 USDJPY.,H1: loaded successfully
2	19:07:31.914	Custom indicator SupResZone_MTF EURJPY.,H4: loaded successfully
2	19:07:31.931	Custom indicator SupResZone_MTF EURJPY.,H4: loaded successfully
2	19:07:31.956	Custom indicator SupResZone_MTF EURJPY.,H4: loaded successfully
2	19:07:31.977	Custom indicator SupResZone_MTF EURJPY.,H4: loaded successfully
2	19:07:31.992	Custom indicator MACD-2x EURJPY.,H4: loaded successfully
2	19:07:32.117	Custom indicator Laguerre-ACS1 EURJPY.,H4: loaded successfully
2	19:07:32.434	Custom indicator SupResZone_MTF EURUSD.,H4: loaded successfully
2	19:07:32.451	Custom indicator SupResZone_MTF EURUSD.,H4: loaded successfully
2	19:07:32.470	Custom indicator SupResZone_MTF EURUSD.,H4: loaded successfully
2	19:07:32.488	Custom indicator SupResZone_MTF EURUSD.,H4: loaded successfully
2	19:07:32.513	Custom indicator MACD-2x EURUSD.,H4: loaded successfully
2	19:07:32.675	Custom indicator Laguerre-ACS1 EURUSD.,H4: loaded successfully
2	19:07:33.145	Custom indicator SupResZone_MTF GBPJPY.,H4: loaded successfully
2	19:07:33.169	Custom indicator SupResZone_MTF GBPJPY.,H4: loaded successfully
2	19:07:33.192	Custom indicator SupResZone_MTF GBPJPY.,H4: loaded successfully
2	19:07:33.212	Custom indicator SupResZone_MTF GBPJPY.,H4: loaded successfully
2	19:07:33.238	Custom indicator MACD-2x GBPJPY.,H4: loaded successfully
2	19:07:33.379	Custom indicator Laguerre-ACS1 GBPJPY.,H4: loaded successfully
2	19:07:33.744	Custom indicator SupResZone_MTF GBPUSD.,H4: loaded successfully
2	19:07:33.766	Custom indicator SupResZone_MTF GBPUSD.,H4: loaded successfully
2	19:07:33.792	Custom indicator SupResZone_MTF GBPUSD.,H4: loaded successfully
2	19:07:33.827	Custom indicator SupResZone_MTF GBPUSD.,H4: loaded successfully
2	19:07:33.876	Custom indicator MACD-2x GBPUSD.,H4: loaded successfully
2	19:07:34.020	Custom indicator Laguerre-ACS1 GBPUSD.,H4: loaded successfully
2	19:07:34.375	Custom indicator SupResZone_MTF USDCAD.,Daily: loaded successfully
2	19:07:34.396	Custom indicator SupResZone_MTF USDCAD.,Daily: loaded successfully
2	19:07:34.414	Custom indicator SupResZone_MTF USDCAD.,Daily: loaded successfully
2	19:07:34.430	Custom indicator SupResZone_MTF USDCAD.,Daily: loaded successfully
2	19:07:34.445	Custom indicator MACD-2x USDCAD.,Daily: loaded successfully
2	19:07:34.552	Custom indicator Laguerre-ACS1 USDCAD.,Daily: loaded successfully
2	19:07:34.778	Custom indicator SupResZone_MTF USDCHF.,Daily: loaded successfully
2	19:07:34.797	Custom indicator SupResZone_MTF USDCHF.,Daily: loaded successfully
2	19:07:34.815	Custom indicator SupResZone_MTF USDCHF.,Daily: loaded successfully
2	19:07:34.833	Custom indicator SupResZone_MTF USDCHF.,Daily: loaded successfully
2	19:07:34.850	Custom indicator MACD-2x USDCHF.,Daily: loaded successfully
2	19:07:34.966	Custom indicator Laguerre-ACS1 USDCHF.,Daily: loaded successfully
2	19:07:35.174	Custom indicator MACD-2x USDCNH,Daily: loaded successfully
2	19:07:35.192	Custom indicator MACD-2x USDCNH,Daily: loaded successfully
2	19:07:35.314	Custom indicator Laguerre-ACS1 USDCNH,Daily: loaded successfully
2	19:07:35.420	Custom indicator GMMA Long USDJPY.,H1: loaded successfully
2	19:07:35.437	Custom indicator GMMA Short USDJPY.,H1: loaded successfully
2	19:07:35.449	Custom indicator 23MTF_MovingAverageIGOR USDJPY.,H1: loaded successfully
2	19:07:35.461	Custom indicator 23MTF_MovingAverageIGOR USDJPY.,H1: loaded successfully
2	19:07:35.475	Custom indicator SupResZone_MTF USDJPY.,H1: loaded successfully
2	19:07:35.493	Custom indicator SupResZone_MTF USDJPY.,H1: loaded successfully
2	19:07:35.507	Custom indicator MACD-2x USDJPY.,H1: loaded successfully
2	19:07:35.834	Custom indicator SupResZone_MTF CHINA300,Daily: loaded successfully
2	19:07:35.849	Custom indicator SupResZone_MTF CHINA300,Daily: loaded successfully
2	19:07:35.862	Custom indicator SupResZone_MTF CHINA300,Daily: loaded successfully
2	19:07:35.879	Custom indicator SupResZone_MTF CHINA300,Daily: loaded successfully
2	19:07:35.895	Custom indicator MACD-2x CHINA300,Daily: loaded successfully
2	19:07:35.994	Custom indicator Laguerre-ACS1 CHINA300,Daily: loaded successfully
0	19:07:40.978	'120010550': login on PRC-Live through Server 8 (ping: 143.85 ms)
0	19:07:42.814	'120010550': login datacenter on PRC-Live through Server 8 (ping: 143.85 ms)
0	19:07:43.258	'120010550': previous successful authorization performed from 223.104.237.88
0	19:08:08.130	'120010550': auto connecting to a better access point Server 5 (ping is 93.00 ms)
0	19:08:08.899	'120010550': login on PRC-Live through Server 5 (ping: 93.00 ms)
0	19:08:10.650	'120010550': login datacenter on PRC-Live through Server 5 (ping: 93.00 ms)
0	19:08:11.133	'120010550': previous successful authorization performed from 101.131.181.23
0	19:10:36.765	'120010550': modify order #11015055 buy 0.01 AUDJPY. at 74.639 sl: 0.000 tp: 0.000 -> sl: 73.969 tp: 0.000
0	19:10:37.276	'120010550': order #11015055 buy 0.01 AUDJPY. at 74.639 was modified -> sl: 73.969 tp: 0.000
0	19:10:55.452	'120010550': modify order #11015055 buy 0.01 AUDJPY. at 74.639 sl: 73.969 tp: 0.000 -> sl: 73.969 tp: 74.670
0	19:10:55.901	'120010550': order #11015055 buy 0.01 AUDJPY. at 74.639 was modified -> sl: 73.969 tp: 74.670
1	20:21:33.503	'120010550': ping failed
1	20:21:33.533	'120010550': datacenter connecting failed [6]
0	20:21:34.334	'120010550': login on PRC-Live through Server 3 (ping: 119.10 ms)
0	20:21:36.885	'120010550': login datacenter on PRC-Live through Server 3 (ping: 119.10 ms)
0	20:21:37.480	'120010550': previous successful authorization performed from 101.131.181.23
0	20:22:29.009	'120010550': auto connecting to a better access point Server 5 (ping is 93.04 ms)
0	20:22:29.725	'120010550': login on PRC-Live through Server 5 (ping: 93.04 ms)
0	20:22:32.154	'120010550': login datacenter on PRC-Live through Server 5 (ping: 93.04 ms)
0	20:22:32.573	'120010550': previous successful authorization performed from 1.180.18.101
0	21:16:14.183	'120010550': order sell market 0.02 AUDJPY. sl: 0.000 tp: 0.000
0	21:16:14.830	'120010550': order was opened : #11018082 sell 0.02 AUDJPY. at 74.448 sl: 0.000 tp: 0.000
0	21:16:24.804	'120010550': modify order #11018082 sell 0.02 AUDJPY. at 74.448 sl: 0.000 tp: 0.000 -> sl: 0.000 tp: 74.178
0	21:16:25.830	'120010550': order #11018082 sell 0.02 AUDJPY. at 74.448 was modified -> sl: 0.000 tp: 74.178
0	21:31:14.738	'120010550': modify order #11018082 sell 0.02 AUDJPY. at 74.448 sl: 0.000 tp: 74.178 -> sl: 0.000 tp: 74.344
0	21:31:15.358	'120010550': order #11018082 sell 0.02 AUDJPY. at 74.448 was modified -> sl: 0.000 tp: 74.344
2	23:14:08.053	Custom indicator SupResZone_MTF USDXXX,H4: removed
2	23:14:08.055	Custom indicator SupResZone_MTF USDXXX,H4: removed
2	23:14:08.057	Custom indicator SupResZone_MTF USDXXX,H4: removed
2	23:14:08.059	Custom indicator SupResZone_MTF USDXXX,H4: removed
2	23:14:08.060	Custom indicator MACD-2x USDXXX,H4: removed
2	23:14:08.060	Custom indicator Laguerre-ACS1 USDXXX,H4: removed
2	23:14:08.068	Custom indicator SupResZone_MTF XAUUSD.,H4: removed
2	23:14:08.069	Custom indicator SupResZone_MTF XAUUSD.,H4: removed
2	23:14:08.071	Custom indicator SupResZone_MTF XAUUSD.,H4: removed
2	23:14:08.072	Custom indicator SupResZone_MTF XAUUSD.,H4: removed
2	23:14:08.074	Custom indicator MACD-2x XAUUSD.,H4: removed
2	23:14:08.075	Custom indicator Laguerre-ACS1 XAUUSD.,H4: removed
2	23:14:08.081	Custom indicator SupResZone_MTF XAGUSD.,H4: removed
2	23:14:08.082	Custom indicator SupResZone_MTF XAGUSD.,H4: removed
2	23:14:08.085	Custom indicator SupResZone_MTF XAGUSD.,H4: removed
2	23:14:08.087	Custom indicator SupResZone_MTF XAGUSD.,H4: removed
2	23:14:08.089	Custom indicator MACD-2x XAGUSD.,H4: removed
2	23:14:08.089	Custom indicator Laguerre-ACS1 XAGUSD.,H4: removed
2	23:14:08.096	Custom indicator SupResZone_MTF US_OIL,H4: removed
2	23:14:08.097	Custom indicator SupResZone_MTF US_OIL,H4: removed
2	23:14:08.099	Custom indicator SupResZone_MTF US_OIL,H4: removed
2	23:14:08.101	Custom indicator SupResZone_MTF US_OIL,H4: removed
2	23:14:08.104	Custom indicator MACD-2x US_OIL,H4: removed
2	23:14:08.104	Custom indicator Laguerre-ACS1 US_OIL,H4: removed
2	23:14:08.109	Custom indicator SupResZone_MTF JP225,H4: removed
2	23:14:08.111	Custom indicator SupResZone_MTF JP225,H4: removed
2	23:14:08.112	Custom indicator SupResZone_MTF JP225,H4: removed
2	23:14:08.114	Custom indicator SupResZone_MTF JP225,H4: removed
2	23:14:08.116	Custom indicator MACD-2x JP225,H4: removed
2	23:14:08.117	Custom indicator Laguerre-ACS1 JP225,H4: removed
2	23:14:08.140	Custom indicator SupResZone_MTF SPX500,H4: removed
2	23:14:08.142	Custom indicator SupResZone_MTF SPX500,H4: removed
2	23:14:08.144	Custom indicator SupResZone_MTF SPX500,H4: removed
2	23:14:08.146	Custom indicator SupResZone_MTF SPX500,H4: removed
2	23:14:08.148	Custom indicator MACD-2x SPX500,H4: removed
2	23:14:08.148	Custom indicator Laguerre-ACS1 SPX500,H4: removed
2	23:14:08.172	Custom indicator SupResZone_MTF EURAUD.,H4: removed
2	23:14:08.175	Custom indicator SupResZone_MTF EURAUD.,H4: removed
2	23:14:08.176	Custom indicator SupResZone_MTF EURAUD.,H4: removed
2	23:14:08.178	Custom indicator SupResZone_MTF EURAUD.,H4: removed
2	23:14:08.180	Custom indicator MACD-2x EURAUD.,H4: removed
2	23:14:08.180	Custom indicator Laguerre-ACS1 EURAUD.,H4: removed
2	23:14:08.202	Custom indicator SupResZone_MTF AUDJPY.,H4: removed
2	23:14:08.203	Custom indicator SupResZone_MTF AUDJPY.,H4: removed
2	23:14:08.205	Custom indicator SupResZone_MTF AUDJPY.,H4: removed
2	23:14:08.207	Custom indicator SupResZone_MTF AUDJPY.,H4: removed
2	23:14:08.209	Custom indicator MACD-2x AUDJPY.,H4: removed
2	23:14:08.209	Custom indicator Laguerre-ACS1 AUDJPY.,H4: removed
2	23:14:08.216	Custom indicator SupResZone_MTF AUDUSD.,H4: removed
2	23:14:08.218	Custom indicator SupResZone_MTF AUDUSD.,H4: removed
2	23:14:08.219	Custom indicator SupResZone_MTF AUDUSD.,H4: removed
2	23:14:08.221	Custom indicator SupResZone_MTF AUDUSD.,H4: removed
2	23:14:08.222	Custom indicator MACD-2x AUDUSD.,H4: removed
2	23:14:08.222	Custom indicator Laguerre-ACS1 AUDUSD.,H4: removed
2	23:14:08.228	Custom indicator SupResZone_MTF USDJPY.,H4: removed
2	23:14:08.230	Custom indicator SupResZone_MTF USDJPY.,H4: removed
2	23:14:08.232	Custom indicator SupResZone_MTF USDJPY.,H4: removed
2	23:14:08.233	Custom indicator SupResZone_MTF USDJPY.,H4: removed
2	23:14:08.235	Custom indicator MACD-2x USDJPY.,H4: removed
2	23:14:08.235	Custom indicator Laguerre-ACS1 USDJPY.,H4: removed
2	23:14:08.241	Custom indicator SupResZone_MTF EURJPY.,H4: removed
2	23:14:08.242	Custom indicator SupResZone_MTF EURJPY.,H4: removed
2	23:14:08.244	Custom indicator SupResZone_MTF EURJPY.,H4: removed
2	23:14:08.246	Custom indicator SupResZone_MTF EURJPY.,H4: removed
2	23:14:08.247	Custom indicator MACD-2x EURJPY.,H4: removed
2	23:14:08.247	Custom indicator Laguerre-ACS1 EURJPY.,H4: removed
2	23:14:08.254	Custom indicator SupResZone_MTF EURUSD.,H4: removed
2	23:14:08.257	Custom indicator SupResZone_MTF EURUSD.,H4: removed
2	23:14:08.258	Custom indicator SupResZone_MTF EURUSD.,H4: removed
2	23:14:08.260	Custom indicator SupResZone_MTF EURUSD.,H4: removed
2	23:14:08.261	Custom indicator MACD-2x EURUSD.,H4: removed
2	23:14:08.261	Custom indicator Laguerre-ACS1 EURUSD.,H4: removed
2	23:14:08.280	Custom indicator SupResZone_MTF GBPJPY.,H4: removed
2	23:14:08.281	Custom indicator SupResZone_MTF GBPJPY.,H4: removed
2	23:14:08.284	Custom indicator SupResZone_MTF GBPJPY.,H4: removed
2	23:14:08.286	Custom indicator SupResZone_MTF GBPJPY.,H4: removed
2	23:14:08.289	Custom indicator MACD-2x GBPJPY.,H4: removed
2	23:14:08.289	Custom indicator Laguerre-ACS1 GBPJPY.,H4: removed
2	23:14:08.307	Custom indicator SupResZone_MTF GBPUSD.,H4: removed
2	23:14:08.308	Custom indicator SupResZone_MTF GBPUSD.,H4: removed
2	23:14:08.310	Custom indicator SupResZone_MTF GBPUSD.,H4: removed
2	23:14:08.312	Custom indicator SupResZone_MTF GBPUSD.,H4: removed
2	23:14:08.313	Custom indicator MACD-2x GBPUSD.,H4: removed
2	23:14:08.313	Custom indicator Laguerre-ACS1 GBPUSD.,H4: removed
2	23:14:08.334	Custom indicator SupResZone_MTF USDCAD.,Daily: removed
2	23:14:08.336	Custom indicator SupResZone_MTF USDCAD.,Daily: removed
2	23:14:08.337	Custom indicator SupResZone_MTF USDCAD.,Daily: removed
2	23:14:08.339	Custom indicator SupResZone_MTF USDCAD.,Daily: removed
2	23:14:08.341	Custom indicator MACD-2x USDCAD.,Daily: removed
2	23:14:08.341	Custom indicator Laguerre-ACS1 USDCAD.,Daily: removed
2	23:14:08.360	Custom indicator SupResZone_MTF USDCHF.,Daily: removed
2	23:14:08.362	Custom indicator SupResZone_MTF USDCHF.,Daily: removed
2	23:14:08.363	Custom indicator SupResZone_MTF USDCHF.,Daily: removed
2	23:14:08.365	Custom indicator SupResZone_MTF USDCHF.,Daily: removed
2	23:14:08.367	Custom indicator MACD-2x USDCHF.,Daily: removed
2	23:14:08.367	Custom indicator Laguerre-ACS1 USDCHF.,Daily: removed
2	23:14:08.385	Custom indicator MACD-2x USDCNH,Daily: removed
2	23:14:08.386	Custom indicator MACD-2x USDCNH,Daily: removed
2	23:14:08.386	Custom indicator Laguerre-ACS1 USDCNH,Daily: removed
2	23:14:08.407	Custom indicator GMMA Long USDJPY.,H1: removed
2	23:14:08.409	Custom indicator GMMA Short USDJPY.,H1: removed
2	23:14:08.411	Custom indicator 23MTF_MovingAverageIGOR USDJPY.,H1: removed
2	23:14:08.412	Custom indicator 23MTF_MovingAverageIGOR USDJPY.,H1: removed
2	23:14:08.414	Custom indicator SupResZone_MTF USDJPY.,H1: removed
2	23:14:08.416	Custom indicator SupResZone_MTF USDJPY.,H1: removed
2	23:14:08.418	Custom indicator MACD-2x USDJPY.,H1: removed
2	23:14:08.429	Custom indicator SupResZone_MTF CHINA300,Daily: removed
2	23:14:08.431	Custom indicator SupResZone_MTF CHINA300,Daily: removed
2	23:14:08.433	Custom indicator SupResZone_MTF CHINA300,Daily: removed
2	23:14:08.435	Custom indicator SupResZone_MTF CHINA300,Daily: removed
2	23:14:08.437	Custom indicator MACD-2x CHINA300,Daily: removed
2	23:14:08.437	Custom indicator Laguerre-ACS1 CHINA300,Daily: removed
0	23:14:08.855	FX Trader build 1170 stopped
