2	00:46:16.061	Custom indicator Laguerre-ACS1 USDJPY,H4: removed
2	00:46:16.064	Custom indicator MACD USDJPY,H4: removed
2	00:46:16.087	Custom indicator Laguerre-ACS1 EURJPY,H4: removed
2	00:46:16.090	Custom indicator MACD EURJPY,H4: removed
2	00:46:16.129	Custom indicator Laguerre-ACS1 EURUSD,H1: removed
2	00:46:16.131	Custom indicator MACD EURUSD,H1: removed
2	00:46:16.161	Custom indicator Laguerre-ACS1 GBPUSD,M30: removed
2	00:46:16.163	Custom indicator MACD GBPUSD,M30: removed
2	00:46:16.231	Custom indicator Laguerre-ACS1 GBPJPY,M15: removed
2	00:46:16.233	Custom indicator MACD GBPJPY,M15: removed
2	00:46:16.261	Custom indicator Laguerre-ACS1 JP225,H4: removed
2	00:46:16.263	Custom indicator MACD JP225,H4: removed
2	00:46:16.284	Custom indicator Laguerre-ACS1 NDX100,H4: removed
2	00:46:16.286	Custom indicator MACD NDX100,H4: removed
2	00:46:16.304	Custom indicator Laguerre-ACS1 SPX500,H4: removed
2	00:46:16.306	Custom indicator MACD SPX500,H4: removed
2	00:46:16.322	Custom indicator Laguerre-ACS1 A50,Daily: removed
2	00:46:16.325	Custom indicator MACD A50,Daily: removed
2	00:46:16.346	Custom indicator Laguerre-ACS1 CHINA300,Daily: removed
2	00:46:16.348	Custom indicator MACD CHINA300,Daily: removed
2	00:46:16.364	Custom indicator Laguerre-ACS1 XAUUSD,Daily: removed
2	00:46:16.367	Custom indicator MACD XAUUSD,Daily: removed
2	00:46:16.380	Custom indicator Laguerre-ACS1 US_OIL,Daily: removed
2	00:46:16.383	Custom indicator MACD US_OIL,Daily: removed
0	00:46:16.853	FX Trader build 1170 stopped
0	11:22:24.172	FX Trader build 1170 started (Performance Ronnaru Capital Ltd.)
0	11:22:24.173	Windows 10 Home x64, IE 11, UAC, 8 x Intel Core i7-6700HQ  @ 2.60GHz, Memory: 26145 / 32639 Mb, Disk: 146 / 264 Gb, GMT+9
0	11:22:24.173	Data Folder: C:\Users\tiany\AppData\Roaming\MetaQuotes\Terminal\79214103E7A6FC97F86082D309D0B84B
2	11:22:26.284	Custom indicator 小鱼\Laguerre-ACS1 USDJPY,H4: loaded successfully
2	11:22:26.297	Custom indicator MACD USDJPY,H4: loaded successfully
2	11:22:26.415	Custom indicator 小鱼\Laguerre-ACS1 EURJPY,H4: loaded successfully
2	11:22:26.425	Custom indicator MACD EURJPY,H4: loaded successfully
2	11:22:26.563	Custom indicator 小鱼\Laguerre-ACS1 EURUSD,H1: loaded successfully
2	11:22:26.577	Custom indicator MACD EURUSD,H1: loaded successfully
2	11:22:26.714	Custom indicator 小鱼\Laguerre-ACS1 GBPUSD,M30: loaded successfully
2	11:22:26.725	Custom indicator MACD GBPUSD,M30: loaded successfully
2	11:22:26.866	Custom indicator 小鱼\Laguerre-ACS1 GBPJPY,M15: loaded successfully
2	11:22:26.879	Custom indicator MACD GBPJPY,M15: loaded successfully
2	11:22:27.003	Custom indicator 小鱼\Laguerre-ACS1 JP225,H4: loaded successfully
2	11:22:27.015	Custom indicator MACD JP225,H4: loaded successfully
2	11:22:27.181	Custom indicator 小鱼\Laguerre-ACS1 NDX100,H4: loaded successfully
2	11:22:27.196	Custom indicator MACD NDX100,H4: loaded successfully
2	11:22:27.323	Custom indicator 小鱼\Laguerre-ACS1 SPX500,H4: loaded successfully
2	11:22:27.335	Custom indicator MACD SPX500,H4: loaded successfully
2	11:22:27.465	Custom indicator 小鱼\Laguerre-ACS1 A50,Daily: loaded successfully
2	11:22:27.475	Custom indicator MACD A50,Daily: loaded successfully
2	11:22:27.600	Custom indicator 小鱼\Laguerre-ACS1 CHINA300,Daily: loaded successfully
2	11:22:27.614	Custom indicator MACD CHINA300,Daily: loaded successfully
2	11:22:27.744	Custom indicator 小鱼\Laguerre-ACS1 XAUUSD,Daily: loaded successfully
2	11:22:27.754	Custom indicator MACD XAUUSD,Daily: loaded successfully
2	11:22:27.876	Custom indicator 小鱼\Laguerre-ACS1 US_OIL,Daily: loaded successfully
2	11:22:27.887	Custom indicator MACD US_OIL,Daily: loaded successfully
0	11:22:29.215	'120010550': login on PRC-Live through Server 3 (ping: 64.37 ms)
0	11:22:30.431	'120010550': login datacenter on PRC-Live through Server 3 (ping: 64.37 ms)
0	11:22:30.838	'120010550': previous successful authorization performed from 106.181.139.218
0	11:22:47.062	'120010550': auto connecting to a better access point Server 7 (ping is 55.54 ms)
0	11:22:47.493	'120010550': login on PRC-Live through Server 7 (ping: 55.53 ms)
0	11:22:48.330	'120010550': login datacenter on PRC-Live through Server 7 (ping: 55.53 ms)
0	11:22:48.632	'120010550': previous successful authorization performed from 106.181.135.123
1	14:41:20.553	'120010550': ping failed
0	14:41:24.153	'120010550': login on PRC-Live through Server 3 (ping: 68.37 ms)
0	14:41:25.418	'120010550': login datacenter on PRC-Live through Server 3 (ping: 68.37 ms)
0	14:41:25.802	'120010550': previous successful authorization performed from 106.181.135.123
0	14:41:43.252	'120010550': auto connecting to a better access point Server 7 (ping is 42.77 ms)
0	14:41:43.733	'120010550': login on PRC-Live through Server 7 (ping: 42.77 ms)
0	14:41:44.470	'120010550': login datacenter on PRC-Live through Server 7 (ping: 42.77 ms)
0	14:41:44.910	'120010550': previous successful authorization performed from 106.181.135.123
1	18:13:24.591	'120010550': ping failed
1	18:13:24.591	'120010550': datacenter connecting failed [6]
1	18:21:38.339	'120010550': connect failed [No connection]
0	18:25:05.785	'120010550': login on PRC-Live through Server 5 (ping: n/a)
1	18:25:42.927	'120010550': datacenter connecting failed [6]
0	18:25:50.545	'120010550': login on PRC-Live through Server 5 (ping: n/a)
0	18:25:53.750	'120010550': auto connecting to a better access point Server 7 (ping is 32.44 ms)
1	18:25:53.897	'120010550': datacenter connecting failed [6]
2	18:25:54.630	Custom indicator Laguerre-ACS1 USDJPY,H4: removed
2	18:25:54.634	Custom indicator MACD USDJPY,H4: removed
2	18:25:54.643	Custom indicator Laguerre-ACS1 EURJPY,H4: removed
2	18:25:54.645	Custom indicator MACD EURJPY,H4: removed
2	18:25:54.650	Custom indicator Laguerre-ACS1 EURUSD,H4: removed
2	18:25:54.652	Custom indicator MACD EURUSD,H4: removed
2	18:25:54.659	Custom indicator Laguerre-ACS1 GBPUSD,M30: removed
2	18:25:54.661	Custom indicator MACD GBPUSD,M30: removed
2	18:25:54.680	Custom indicator Laguerre-ACS1 GBPJPY,M15: removed
2	18:25:54.683	Custom indicator MACD GBPJPY,M15: removed
2	18:25:54.702	Custom indicator Laguerre-ACS1 JP225,H4: removed
2	18:25:54.704	Custom indicator MACD JP225,H4: removed
2	18:25:54.726	Custom indicator Laguerre-ACS1 NDX100,H4: removed
2	18:25:54.729	Custom indicator MACD NDX100,H4: removed
2	18:25:54.750	Custom indicator Laguerre-ACS1 SPX500,H4: removed
2	18:25:54.752	Custom indicator MACD SPX500,H4: removed
2	18:25:54.770	Custom indicator Laguerre-ACS1 A50,Daily: removed
2	18:25:54.772	Custom indicator MACD A50,Daily: removed
2	18:25:54.787	Custom indicator Laguerre-ACS1 CHINA300,Daily: removed
2	18:25:54.789	Custom indicator MACD CHINA300,Daily: removed
2	18:25:54.803	Custom indicator Laguerre-ACS1 XAUUSD,Daily: removed
2	18:25:54.805	Custom indicator MACD XAUUSD,Daily: removed
2	18:25:54.814	Custom indicator Laguerre-ACS1 US_OIL,Daily: removed
2	18:25:54.816	Custom indicator MACD US_OIL,Daily: removed
0	18:25:55.286	FX Trader build 1170 stopped
0	18:26:00.539	FX Trader build 1170 started (Performance Ronnaru Capital Ltd.)
0	18:26:00.539	Windows 10 Home x64, IE 11, UAC, 8 x Intel Core i7-6700HQ  @ 2.60GHz, Memory: 24771 / 32639 Mb, Disk: 146 / 264 Gb, GMT+9
0	18:26:00.539	Data Folder: C:\Users\tiany\AppData\Roaming\MetaQuotes\Terminal\79214103E7A6FC97F86082D309D0B84B
2	18:26:02.481	Custom indicator 小鱼\Laguerre-ACS1 USDJPY,H4: loaded successfully
2	18:26:02.492	Custom indicator MACD USDJPY,H4: loaded successfully
2	18:26:02.641	Custom indicator 小鱼\Laguerre-ACS1 EURJPY,H4: loaded successfully
2	18:26:02.650	Custom indicator MACD EURJPY,H4: loaded successfully
2	18:26:02.759	Custom indicator 小鱼\Laguerre-ACS1 EURUSD,H4: loaded successfully
2	18:26:02.769	Custom indicator MACD EURUSD,H4: loaded successfully
2	18:26:02.888	Custom indicator 小鱼\Laguerre-ACS1 GBPUSD,M30: loaded successfully
2	18:26:02.898	Custom indicator MACD GBPUSD,M30: loaded successfully
2	18:26:03.011	Custom indicator 小鱼\Laguerre-ACS1 GBPJPY,M15: loaded successfully
2	18:26:03.021	Custom indicator MACD GBPJPY,M15: loaded successfully
2	18:26:03.139	Custom indicator 小鱼\Laguerre-ACS1 JP225,H4: loaded successfully
2	18:26:03.148	Custom indicator MACD JP225,H4: loaded successfully
2	18:26:03.275	Custom indicator 小鱼\Laguerre-ACS1 NDX100,H4: loaded successfully
2	18:26:03.286	Custom indicator MACD NDX100,H4: loaded successfully
2	18:26:03.413	Custom indicator 小鱼\Laguerre-ACS1 SPX500,H4: loaded successfully
2	18:26:03.425	Custom indicator MACD SPX500,H4: loaded successfully
2	18:26:03.551	Custom indicator 小鱼\Laguerre-ACS1 A50,Daily: loaded successfully
2	18:26:03.561	Custom indicator MACD A50,Daily: loaded successfully
2	18:26:03.693	Custom indicator 小鱼\Laguerre-ACS1 CHINA300,Daily: loaded successfully
2	18:26:03.703	Custom indicator MACD CHINA300,Daily: loaded successfully
2	18:26:03.824	Custom indicator 小鱼\Laguerre-ACS1 XAUUSD,Daily: loaded successfully
2	18:26:03.837	Custom indicator MACD XAUUSD,Daily: loaded successfully
2	18:26:03.971	Custom indicator 小鱼\Laguerre-ACS1 US_OIL,Daily: loaded successfully
2	18:26:03.984	Custom indicator MACD US_OIL,Daily: loaded successfully
0	18:26:05.523	'120010550': login on PRC-Live through Server 7 (ping: 32.44 ms)
0	18:26:06.211	'120010550': login datacenter on PRC-Live through Server 7 (ping: 32.44 ms)
0	18:26:06.509	'120010550': previous successful authorization performed from 106.181.136.205
1	20:36:32.369	'120010550': ping failed
1	20:36:32.371	'120010550': datacenter connecting failed [6]
1	20:37:35.329	'120010550': connect failed [No connection]
0	20:39:46.357	'120010550': login on PRC-Live through Server 5 (ping: n/a)
1	20:41:31.604	'120010550': connect failed [No connection]
0	20:44:37.101	'120010550': login on PRC-Live through Server 3 (ping: n/a)
0	20:44:37.696	'120010550': login datacenter on PRC-Live through Server 3 (ping: n/a)
0	20:44:38.021	'120010550': previous successful authorization performed from 106.181.136.205
0	20:44:54.077	'120010550': auto connecting to a better access point Server 7 (ping is 36.02 ms)
0	20:44:54.598	'120010550': login on PRC-Live through Server 7 (ping: 36.02 ms)
0	20:44:55.204	'120010550': login datacenter on PRC-Live through Server 7 (ping: 36.02 ms)
0	20:44:55.483	'120010550': previous successful authorization performed from 106.181.136.205
2	20:52:39.118	Custom indicator Laguerre-ACS1 USDJPY,Daily: removed
2	20:52:39.121	Custom indicator MACD USDJPY,Daily: removed
2	20:52:39.151	Custom indicator Laguerre-ACS1 EURJPY,Daily: removed
2	20:52:39.153	Custom indicator MACD EURJPY,Daily: removed
2	20:52:39.176	Custom indicator Laguerre-ACS1 EURUSD,Daily: removed
2	20:52:39.178	Custom indicator MACD EURUSD,Daily: removed
2	20:52:39.184	Custom indicator Laguerre-ACS1 GBPUSD,H1: removed
2	20:52:39.187	Custom indicator MACD GBPUSD,H1: removed
2	20:52:39.191	Custom indicator Laguerre-ACS1 GBPJPY,H1: removed
2	20:52:39.194	Custom indicator MACD GBPJPY,H1: removed
2	20:52:39.222	Custom indicator Laguerre-ACS1 JP225,H4: removed
2	20:52:39.224	Custom indicator MACD JP225,H4: removed
2	20:52:39.243	Custom indicator Laguerre-ACS1 NDX100,H4: removed
2	20:52:39.245	Custom indicator MACD NDX100,H4: removed
2	20:52:39.264	Custom indicator Laguerre-ACS1 SPX500,H4: removed
2	20:52:39.265	Custom indicator MACD SPX500,H4: removed
2	20:52:39.269	Custom indicator Laguerre-ACS1 A50,Daily: removed
2	20:52:39.271	Custom indicator MACD A50,Daily: removed
2	20:52:39.274	Custom indicator Laguerre-ACS1 CHINA300,Daily: removed
2	20:52:39.276	Custom indicator MACD CHINA300,Daily: removed
2	20:52:39.279	Custom indicator Laguerre-ACS1 XAUUSD,Daily: removed
2	20:52:39.281	Custom indicator MACD XAUUSD,Daily: removed
2	20:52:39.291	Custom indicator Laguerre-ACS1 US_OIL,Daily: removed
2	20:52:39.293	Custom indicator MACD US_OIL,Daily: removed
0	20:52:39.728	FX Trader build 1170 stopped
0	20:52:45.857	FX Trader build 1170 started (Performance Ronnaru Capital Ltd.)
0	20:52:45.858	Windows 10 Home x64, IE 11, UAC, 8 x Intel Core i7-6700HQ  @ 2.60GHz, Memory: 24365 / 32639 Mb, Disk: 146 / 264 Gb, GMT+9
0	20:52:45.858	Data Folder: C:\Users\tiany\AppData\Roaming\MetaQuotes\Terminal\79214103E7A6FC97F86082D309D0B84B
2	20:52:48.059	Custom indicator 小鱼\Laguerre-ACS1 USDJPY,Daily: loaded successfully
2	20:52:48.070	Custom indicator MACD USDJPY,Daily: loaded successfully
2	20:52:48.266	Custom indicator 小鱼\Laguerre-ACS1 EURJPY,Daily: loaded successfully
2	20:52:48.279	Custom indicator MACD EURJPY,Daily: loaded successfully
2	20:52:48.405	Custom indicator 小鱼\Laguerre-ACS1 EURUSD,Daily: loaded successfully
2	20:52:48.419	Custom indicator MACD EURUSD,Daily: loaded successfully
2	20:52:48.556	Custom indicator 小鱼\Laguerre-ACS1 GBPUSD,H1: loaded successfully
2	20:52:48.567	Custom indicator MACD GBPUSD,H1: loaded successfully
2	20:52:48.702	Custom indicator 小鱼\Laguerre-ACS1 GBPJPY,H1: loaded successfully
2	20:52:48.713	Custom indicator MACD GBPJPY,H1: loaded successfully
2	20:52:48.836	Custom indicator 小鱼\Laguerre-ACS1 JP225,H4: loaded successfully
2	20:52:48.847	Custom indicator MACD JP225,H4: loaded successfully
2	20:52:48.984	Custom indicator 小鱼\Laguerre-ACS1 NDX100,H4: loaded successfully
2	20:52:48.994	Custom indicator MACD NDX100,H4: loaded successfully
2	20:52:49.128	Custom indicator 小鱼\Laguerre-ACS1 SPX500,H4: loaded successfully
2	20:52:49.138	Custom indicator MACD SPX500,H4: loaded successfully
2	20:52:49.276	Custom indicator 小鱼\Laguerre-ACS1 A50,Daily: loaded successfully
2	20:52:49.286	Custom indicator MACD A50,Daily: loaded successfully
2	20:52:49.413	Custom indicator 小鱼\Laguerre-ACS1 CHINA300,Daily: loaded successfully
2	20:52:49.425	Custom indicator MACD CHINA300,Daily: loaded successfully
2	20:52:49.564	Custom indicator 小鱼\Laguerre-ACS1 XAUUSD,Daily: loaded successfully
2	20:52:49.575	Custom indicator MACD XAUUSD,Daily: loaded successfully
2	20:52:49.757	Custom indicator 小鱼\Laguerre-ACS1 US_OIL,Daily: loaded successfully
2	20:52:49.771	Custom indicator MACD US_OIL,Daily: loaded successfully
0	20:52:51.256	'120010550': login on PRC-Live through Server 7 (ping: 36.02 ms)
0	20:52:51.899	'120010550': login datacenter on PRC-Live through Server 7 (ping: 36.02 ms)
0	20:52:52.228	'120010550': previous successful authorization performed from 106.181.136.205
2	20:53:25.059	Custom indicator 小鱼\Laguerre-ACS1 USDJPY,H1: loaded successfully
2	20:53:25.070	Custom indicator MACD USDJPY,H1: loaded successfully
2	20:53:29.189	Custom indicator Laguerre-ACS1 USDJPY,Daily: removed
2	20:53:29.191	Custom indicator MACD USDJPY,Daily: removed
