0	00:16:37.420	'120010550': login on PRC-Live through Server 5 (ping: 122.67 ms)
0	00:16:41.710	'120010550': login datacenter on PRC-Live through Server 5 (ping: 122.67 ms)
0	00:16:42.115	'120010550': previous successful authorization performed from 101.131.181.27
0	00:21:22.028	'120010550': modify order #11122772 sell 0.01 XAGUSD. at 16.391 sl: 0.000 tp: 16.373 -> sl: 16.671 tp: 16.373
0	00:21:22.944	'120010550': order #11122772 sell 0.01 XAGUSD. at 16.391 was modified -> sl: 16.671 tp: 16.373
2	00:24:45.525	Custom indicator SupResZone_MTF USDXXX,Daily: removed
2	00:24:45.529	Custom indicator SupResZone_MTF USDXXX,Daily: removed
2	00:24:45.532	Custom indicator SupResZone_MTF USDXXX,Daily: removed
2	00:24:45.534	Custom indicator SupResZone_MTF USDXXX,Daily: removed
2	00:24:45.538	Custom indicator MACD-2x USDXXX,Daily: removed
2	00:24:45.538	Custom indicator Laguerre-ACS1 USDXXX,Daily: removed
2	00:24:45.545	Custom indicator SupResZone_MTF XAUUSD.,H4: removed
2	00:24:45.548	Custom indicator SupResZone_MTF XAUUSD.,H4: removed
2	00:24:45.550	Custom indicator SupResZone_MTF XAUUSD.,H4: removed
2	00:24:45.553	Custom indicator SupResZone_MTF XAUUSD.,H4: removed
2	00:24:45.555	Custom indicator MACD-2x XAUUSD.,H4: removed
2	00:24:45.555	Custom indicator Laguerre-ACS1 XAUUSD.,H4: removed
2	00:24:45.564	Custom indicator SupResZone_MTF XAGUSD.,H4: removed
2	00:24:45.566	Custom indicator SupResZone_MTF XAGUSD.,H4: removed
2	00:24:45.567	Custom indicator SupResZone_MTF XAGUSD.,H4: removed
2	00:24:45.569	Custom indicator SupResZone_MTF XAGUSD.,H4: removed
2	00:24:45.572	Custom indicator MACD-2x XAGUSD.,H4: removed
2	00:24:45.572	Custom indicator Laguerre-ACS1 XAGUSD.,H4: removed
2	00:24:45.579	Custom indicator SupResZone_MTF US_OIL,H4: removed
2	00:24:45.581	Custom indicator SupResZone_MTF US_OIL,H4: removed
2	00:24:45.583	Custom indicator SupResZone_MTF US_OIL,H4: removed
2	00:24:45.584	Custom indicator SupResZone_MTF US_OIL,H4: removed
2	00:24:45.586	Custom indicator MACD-2x US_OIL,H4: removed
2	00:24:45.587	Custom indicator Laguerre-ACS1 US_OIL,H4: removed
2	00:24:45.593	Custom indicator SupResZone_MTF JP225,H4: removed
2	00:24:45.595	Custom indicator SupResZone_MTF JP225,H4: removed
2	00:24:45.597	Custom indicator SupResZone_MTF JP225,H4: removed
2	00:24:45.600	Custom indicator SupResZone_MTF JP225,H4: removed
2	00:24:45.602	Custom indicator MACD-2x JP225,H4: removed
2	00:24:45.603	Custom indicator Laguerre-ACS1 JP225,H4: removed
2	00:24:45.609	Custom indicator SupResZone_MTF SPX500,H4: removed
2	00:24:45.612	Custom indicator SupResZone_MTF SPX500,H4: removed
2	00:24:45.614	Custom indicator SupResZone_MTF SPX500,H4: removed
2	00:24:45.616	Custom indicator SupResZone_MTF SPX500,H4: removed
2	00:24:45.618	Custom indicator MACD-2x SPX500,H4: removed
2	00:24:45.618	Custom indicator Laguerre-ACS1 SPX500,H4: removed
2	00:24:45.624	Custom indicator SupResZone_MTF EURAUD.,H4: removed
2	00:24:45.627	Custom indicator SupResZone_MTF EURAUD.,H4: removed
2	00:24:45.630	Custom indicator SupResZone_MTF EURAUD.,H4: removed
2	00:24:45.633	Custom indicator SupResZone_MTF EURAUD.,H4: removed
2	00:24:45.635	Custom indicator MACD-2x EURAUD.,H4: removed
2	00:24:45.635	Custom indicator Laguerre-ACS1 EURAUD.,H4: removed
2	00:24:45.643	Custom indicator SupResZone_MTF AUDJPY.,H4: removed
2	00:24:45.646	Custom indicator SupResZone_MTF AUDJPY.,H4: removed
2	00:24:45.649	Custom indicator SupResZone_MTF AUDJPY.,H4: removed
2	00:24:45.651	Custom indicator SupResZone_MTF AUDJPY.,H4: removed
2	00:24:45.653	Custom indicator MACD-2x AUDJPY.,H4: removed
2	00:24:45.653	Custom indicator Laguerre-ACS1 AUDJPY.,H4: removed
2	00:24:45.661	Custom indicator SupResZone_MTF AUDUSD.,H4: removed
2	00:24:45.662	Custom indicator SupResZone_MTF AUDUSD.,H4: removed
2	00:24:45.664	Custom indicator SupResZone_MTF AUDUSD.,H4: removed
2	00:24:45.665	Custom indicator SupResZone_MTF AUDUSD.,H4: removed
2	00:24:45.667	Custom indicator MACD-2x AUDUSD.,H4: removed
2	00:24:45.667	Custom indicator Laguerre-ACS1 AUDUSD.,H4: removed
2	00:24:45.673	Custom indicator SupResZone_MTF USDJPY.,H4: removed
2	00:24:45.674	Custom indicator SupResZone_MTF USDJPY.,H4: removed
2	00:24:45.677	Custom indicator SupResZone_MTF USDJPY.,H4: removed
2	00:24:45.678	Custom indicator SupResZone_MTF USDJPY.,H4: removed
2	00:24:45.680	Custom indicator MACD-2x USDJPY.,H4: removed
2	00:24:45.681	Custom indicator Laguerre-ACS1 USDJPY.,H4: removed
2	00:24:45.701	Custom indicator SupResZone_MTF EURJPY.,H4: removed
2	00:24:45.703	Custom indicator SupResZone_MTF EURJPY.,H4: removed
2	00:24:45.705	Custom indicator SupResZone_MTF EURJPY.,H4: removed
2	00:24:45.707	Custom indicator SupResZone_MTF EURJPY.,H4: removed
2	00:24:45.709	Custom indicator MACD-2x EURJPY.,H4: removed
2	00:24:45.709	Custom indicator Laguerre-ACS1 EURJPY.,H4: removed
2	00:24:45.715	Custom indicator SupResZone_MTF EURUSD.,H4: removed
2	00:24:45.717	Custom indicator SupResZone_MTF EURUSD.,H4: removed
2	00:24:45.718	Custom indicator SupResZone_MTF EURUSD.,H4: removed
2	00:24:45.720	Custom indicator SupResZone_MTF EURUSD.,H4: removed
2	00:24:45.723	Custom indicator MACD-2x EURUSD.,H4: removed
2	00:24:45.723	Custom indicator Laguerre-ACS1 EURUSD.,H4: removed
2	00:24:45.735	Custom indicator SupResZone_MTF GBPJPY.,H4: removed
2	00:24:45.736	Custom indicator SupResZone_MTF GBPJPY.,H4: removed
2	00:24:45.738	Custom indicator SupResZone_MTF GBPJPY.,H4: removed
2	00:24:45.739	Custom indicator SupResZone_MTF GBPJPY.,H4: removed
2	00:24:45.742	Custom indicator MACD-2x GBPJPY.,H4: removed
2	00:24:45.742	Custom indicator Laguerre-ACS1 GBPJPY.,H4: removed
2	00:24:45.749	Custom indicator SupResZone_MTF GBPUSD.,H4: removed
2	00:24:45.751	Custom indicator SupResZone_MTF GBPUSD.,H4: removed
2	00:24:45.753	Custom indicator SupResZone_MTF GBPUSD.,H4: removed
2	00:24:45.756	Custom indicator SupResZone_MTF GBPUSD.,H4: removed
2	00:24:45.759	Custom indicator MACD-2x GBPUSD.,H4: removed
2	00:24:45.759	Custom indicator Laguerre-ACS1 GBPUSD.,H4: removed
2	00:24:45.783	Custom indicator SupResZone_MTF USDCAD.,H4: removed
2	00:24:45.785	Custom indicator SupResZone_MTF USDCAD.,H4: removed
2	00:24:45.786	Custom indicator SupResZone_MTF USDCAD.,H4: removed
2	00:24:45.788	Custom indicator SupResZone_MTF USDCAD.,H4: removed
2	00:24:45.790	Custom indicator MACD-2x USDCAD.,H4: removed
2	00:24:45.790	Custom indicator Laguerre-ACS1 USDCAD.,H4: removed
2	00:24:45.807	Custom indicator SupResZone_MTF USDCHF.,H4: removed
2	00:24:45.809	Custom indicator SupResZone_MTF USDCHF.,H4: removed
2	00:24:45.811	Custom indicator SupResZone_MTF USDCHF.,H4: removed
2	00:24:45.812	Custom indicator SupResZone_MTF USDCHF.,H4: removed
2	00:24:45.814	Custom indicator MACD-2x USDCHF.,H4: removed
2	00:24:45.814	Custom indicator Laguerre-ACS1 USDCHF.,H4: removed
2	00:24:45.819	Custom indicator SupResZone_MTF USDCNH,Daily: removed
2	00:24:45.821	Custom indicator SupResZone_MTF USDCNH,Daily: removed
2	00:24:45.822	Custom indicator SupResZone_MTF USDCNH,Daily: removed
2	00:24:45.824	Custom indicator SupResZone_MTF USDCNH,Daily: removed
2	00:24:45.825	Custom indicator MACD-2x USDCNH,Daily: removed
2	00:24:45.826	Custom indicator Laguerre-ACS1 USDCNH,Daily: removed
2	00:24:45.842	Custom indicator GMMA Long USDJPY.,H4: removed
2	00:24:45.844	Custom indicator GMMA Short USDJPY.,H4: removed
2	00:24:45.846	Custom indicator 23MTF_MovingAverageIGOR USDJPY.,H4: removed
2	00:24:45.847	Custom indicator 23MTF_MovingAverageIGOR USDJPY.,H4: removed
2	00:24:45.849	Custom indicator SupResZone_MTF USDJPY.,H4: removed
2	00:24:45.851	Custom indicator SupResZone_MTF USDJPY.,H4: removed
2	00:24:45.853	Custom indicator MACD-2x USDJPY.,H4: removed
2	00:24:45.859	Custom indicator SupResZone_MTF CHINA300,Daily: removed
2	00:24:45.861	Custom indicator SupResZone_MTF CHINA300,Daily: removed
2	00:24:45.862	Custom indicator SupResZone_MTF CHINA300,Daily: removed
2	00:24:45.864	Custom indicator SupResZone_MTF CHINA300,Daily: removed
2	00:24:45.866	Custom indicator MACD-2x CHINA300,Daily: removed
2	00:24:45.866	Custom indicator Laguerre-ACS1 CHINA300,Daily: removed
2	00:24:45.876	Custom indicator 23MTF_MovingAverageIGOR CADJPY.,H1: removed
2	00:24:45.878	Custom indicator ADR CADJPY.,H1: removed
2	00:24:45.880	Custom indicator SupResZone_MTF CADJPY.,H1: removed
2	00:24:45.881	Custom indicator Laguerre-ACS1 CADJPY.,H1: removed
2	00:24:45.882	Custom indicator MACD-2x CADJPY.,H1: removed
0	00:24:46.293	FX Trader build 1170 stopped
0	18:46:39.989	FX Trader build 1170 started (Performance Ronnaru Capital Ltd.)
0	18:46:39.990	Windows 10 Home x64, IE 11, UAC, 8 x Intel Core i7-6700HQ  @ 2.60GHz, Memory: 26634 / 32639 Mb, Disk: 131 / 264 Gb, GMT+8
0	18:46:39.990	Data Folder: C:\Users\tiany\AppData\Roaming\MetaQuotes\Terminal\79214103E7A6FC97F86082D309D0B84B
2	18:46:43.159	Custom indicator SupResZone_MTF USDXXX,Daily: loaded successfully
2	18:46:43.176	Custom indicator SupResZone_MTF USDXXX,Daily: loaded successfully
2	18:46:43.192	Custom indicator SupResZone_MTF USDXXX,Daily: loaded successfully
2	18:46:43.209	Custom indicator SupResZone_MTF USDXXX,Daily: loaded successfully
2	18:46:43.225	Custom indicator MACD-2x USDXXX,Daily: loaded successfully
2	18:46:43.337	Custom indicator Laguerre-ACS1 USDXXX,Daily: loaded successfully
2	18:46:43.612	Custom indicator SupResZone_MTF XAUUSD.,H4: loaded successfully
2	18:46:43.629	Custom indicator SupResZone_MTF XAUUSD.,H4: loaded successfully
2	18:46:43.646	Custom indicator SupResZone_MTF XAUUSD.,H4: loaded successfully
2	18:46:43.663	Custom indicator SupResZone_MTF XAUUSD.,H4: loaded successfully
2	18:46:43.678	Custom indicator MACD-2x XAUUSD.,H4: loaded successfully
2	18:46:43.787	Custom indicator Laguerre-ACS1 XAUUSD.,H4: loaded successfully
2	18:46:44.049	Custom indicator SupResZone_MTF XAGUSD.,H4: loaded successfully
2	18:46:44.069	Custom indicator SupResZone_MTF XAGUSD.,H4: loaded successfully
2	18:46:44.087	Custom indicator SupResZone_MTF XAGUSD.,H4: loaded successfully
2	18:46:44.108	Custom indicator SupResZone_MTF XAGUSD.,H4: loaded successfully
2	18:46:44.126	Custom indicator MACD-2x XAGUSD.,H4: loaded successfully
2	18:46:44.358	Custom indicator Laguerre-ACS1 XAGUSD.,H4: loaded successfully
2	18:46:44.620	Custom indicator SupResZone_MTF US_OIL,H4: loaded successfully
2	18:46:44.635	Custom indicator SupResZone_MTF US_OIL,H4: loaded successfully
2	18:46:44.650	Custom indicator SupResZone_MTF US_OIL,H4: loaded successfully
2	18:46:44.666	Custom indicator SupResZone_MTF US_OIL,H4: loaded successfully
2	18:46:44.683	Custom indicator MACD-2x US_OIL,H4: loaded successfully
2	18:46:44.823	Custom indicator Laguerre-ACS1 US_OIL,H4: loaded successfully
2	18:46:45.103	Custom indicator SupResZone_MTF JP225,H4: loaded successfully
2	18:46:45.119	Custom indicator SupResZone_MTF JP225,H4: loaded successfully
2	18:46:45.137	Custom indicator SupResZone_MTF JP225,H4: loaded successfully
2	18:46:45.154	Custom indicator SupResZone_MTF JP225,H4: loaded successfully
2	18:46:45.170	Custom indicator MACD-2x JP225,H4: loaded successfully
2	18:46:45.332	Custom indicator Laguerre-ACS1 JP225,H4: loaded successfully
2	18:46:45.683	Custom indicator SupResZone_MTF SPX500,H4: loaded successfully
2	18:46:45.701	Custom indicator SupResZone_MTF SPX500,H4: loaded successfully
2	18:46:45.720	Custom indicator SupResZone_MTF SPX500,H4: loaded successfully
2	18:46:45.738	Custom indicator SupResZone_MTF SPX500,H4: loaded successfully
2	18:46:45.754	Custom indicator MACD-2x SPX500,H4: loaded successfully
2	18:46:45.868	Custom indicator Laguerre-ACS1 SPX500,H4: loaded successfully
2	18:46:46.189	Custom indicator SupResZone_MTF EURAUD.,H4: loaded successfully
2	18:46:46.206	Custom indicator SupResZone_MTF EURAUD.,H4: loaded successfully
2	18:46:46.224	Custom indicator SupResZone_MTF EURAUD.,H4: loaded successfully
2	18:46:46.240	Custom indicator SupResZone_MTF EURAUD.,H4: loaded successfully
2	18:46:46.257	Custom indicator MACD-2x EURAUD.,H4: loaded successfully
2	18:46:46.376	Custom indicator Laguerre-ACS1 EURAUD.,H4: loaded successfully
2	18:46:46.654	Custom indicator SupResZone_MTF AUDJPY.,H4: loaded successfully
2	18:46:46.678	Custom indicator SupResZone_MTF AUDJPY.,H4: loaded successfully
2	18:46:46.695	Custom indicator SupResZone_MTF AUDJPY.,H4: loaded successfully
2	18:46:46.715	Custom indicator SupResZone_MTF AUDJPY.,H4: loaded successfully
2	18:46:46.733	Custom indicator MACD-2x AUDJPY.,H4: loaded successfully
2	18:46:46.869	Custom indicator Laguerre-ACS1 AUDJPY.,H4: loaded successfully
2	18:46:47.154	Custom indicator SupResZone_MTF AUDUSD.,H4: loaded successfully
2	18:46:47.171	Custom indicator SupResZone_MTF AUDUSD.,H4: loaded successfully
2	18:46:47.198	Custom indicator SupResZone_MTF AUDUSD.,H4: loaded successfully
2	18:46:47.216	Custom indicator SupResZone_MTF AUDUSD.,H4: loaded successfully
2	18:46:47.236	Custom indicator MACD-2x AUDUSD.,H4: loaded successfully
2	18:46:47.395	Custom indicator Laguerre-ACS1 AUDUSD.,H4: loaded successfully
2	18:46:47.810	Custom indicator SupResZone_MTF USDJPY.,H4: loaded successfully
2	18:46:47.828	Custom indicator SupResZone_MTF USDJPY.,H4: loaded successfully
2	18:46:47.846	Custom indicator SupResZone_MTF USDJPY.,H4: loaded successfully
2	18:46:47.865	Custom indicator SupResZone_MTF USDJPY.,H4: loaded successfully
2	18:46:47.887	Custom indicator MACD-2x USDJPY.,H4: loaded successfully
2	18:46:48.014	Custom indicator Laguerre-ACS1 USDJPY.,H4: loaded successfully
2	18:46:48.442	Custom indicator SupResZone_MTF EURJPY.,H4: loaded successfully
2	18:46:48.462	Custom indicator SupResZone_MTF EURJPY.,H4: loaded successfully
2	18:46:48.478	Custom indicator SupResZone_MTF EURJPY.,H4: loaded successfully
2	18:46:48.492	Custom indicator SupResZone_MTF EURJPY.,H4: loaded successfully
2	18:46:48.509	Custom indicator MACD-2x EURJPY.,H4: loaded successfully
2	18:46:48.647	Custom indicator Laguerre-ACS1 EURJPY.,H4: loaded successfully
2	18:46:49.111	Custom indicator SupResZone_MTF EURUSD.,H4: loaded successfully
2	18:46:49.126	Custom indicator SupResZone_MTF EURUSD.,H4: loaded successfully
2	18:46:49.143	Custom indicator SupResZone_MTF EURUSD.,H4: loaded successfully
2	18:46:49.157	Custom indicator SupResZone_MTF EURUSD.,H4: loaded successfully
2	18:46:49.171	Custom indicator MACD-2x EURUSD.,H4: loaded successfully
2	18:46:49.333	Custom indicator Laguerre-ACS1 EURUSD.,H4: loaded successfully
2	18:46:49.747	Custom indicator SupResZone_MTF GBPJPY.,H4: loaded successfully
2	18:46:49.763	Custom indicator SupResZone_MTF GBPJPY.,H4: loaded successfully
2	18:46:49.775	Custom indicator SupResZone_MTF GBPJPY.,H4: loaded successfully
2	18:46:49.789	Custom indicator SupResZone_MTF GBPJPY.,H4: loaded successfully
2	18:46:49.804	Custom indicator MACD-2x GBPJPY.,H4: loaded successfully
2	18:46:49.921	Custom indicator Laguerre-ACS1 GBPJPY.,H4: loaded successfully
2	18:46:50.208	Custom indicator SupResZone_MTF GBPUSD.,H4: loaded successfully
2	18:46:50.226	Custom indicator SupResZone_MTF GBPUSD.,H4: loaded successfully
2	18:46:50.241	Custom indicator SupResZone_MTF GBPUSD.,H4: loaded successfully
2	18:46:50.258	Custom indicator SupResZone_MTF GBPUSD.,H4: loaded successfully
2	18:46:50.285	Custom indicator MACD-2x GBPUSD.,H4: loaded successfully
2	18:46:50.403	Custom indicator Laguerre-ACS1 GBPUSD.,H4: loaded successfully
2	18:46:50.801	Custom indicator SupResZone_MTF USDCAD.,H4: loaded successfully
2	18:46:50.820	Custom indicator SupResZone_MTF USDCAD.,H4: loaded successfully
2	18:46:50.837	Custom indicator SupResZone_MTF USDCAD.,H4: loaded successfully
2	18:46:50.853	Custom indicator SupResZone_MTF USDCAD.,H4: loaded successfully
2	18:46:50.868	Custom indicator MACD-2x USDCAD.,H4: loaded successfully
2	18:46:50.974	Custom indicator Laguerre-ACS1 USDCAD.,H4: loaded successfully
2	18:46:51.231	Custom indicator SupResZone_MTF USDCHF.,H4: loaded successfully
2	18:46:51.248	Custom indicator SupResZone_MTF USDCHF.,H4: loaded successfully
2	18:46:51.264	Custom indicator SupResZone_MTF USDCHF.,H4: loaded successfully
2	18:46:51.282	Custom indicator SupResZone_MTF USDCHF.,H4: loaded successfully
2	18:46:51.299	Custom indicator MACD-2x USDCHF.,H4: loaded successfully
2	18:46:51.419	Custom indicator Laguerre-ACS1 USDCHF.,H4: loaded successfully
2	18:46:51.681	Custom indicator SupResZone_MTF USDCNH,Daily: loaded successfully
2	18:46:51.695	Custom indicator SupResZone_MTF USDCNH,Daily: loaded successfully
2	18:46:51.709	Custom indicator SupResZone_MTF USDCNH,Daily: loaded successfully
2	18:46:51.725	Custom indicator SupResZone_MTF USDCNH,Daily: loaded successfully
2	18:46:51.737	Custom indicator MACD-2x USDCNH,Daily: loaded successfully
2	18:46:51.848	Custom indicator Laguerre-ACS1 USDCNH,Daily: loaded successfully
2	18:46:52.045	Custom indicator GMMA Long USDJPY.,H4: loaded successfully
2	18:46:52.060	Custom indicator GMMA Short USDJPY.,H4: loaded successfully
2	18:46:52.071	Custom indicator 23MTF_MovingAverageIGOR USDJPY.,H4: loaded successfully
2	18:46:52.081	Custom indicator 23MTF_MovingAverageIGOR USDJPY.,H4: loaded successfully
2	18:46:52.096	Custom indicator SupResZone_MTF USDJPY.,H4: loaded successfully
2	18:46:52.112	Custom indicator SupResZone_MTF USDJPY.,H4: loaded successfully
2	18:46:52.128	Custom indicator MACD-2x USDJPY.,H4: loaded successfully
2	18:46:52.404	Custom indicator SupResZone_MTF CHINA300,Daily: loaded successfully
2	18:46:52.422	Custom indicator SupResZone_MTF CHINA300,Daily: loaded successfully
2	18:46:52.436	Custom indicator SupResZone_MTF CHINA300,Daily: loaded successfully
2	18:46:52.453	Custom indicator SupResZone_MTF CHINA300,Daily: loaded successfully
2	18:46:52.468	Custom indicator MACD-2x CHINA300,Daily: loaded successfully
2	18:46:52.560	Custom indicator Laguerre-ACS1 CHINA300,Daily: loaded successfully
2	18:46:52.735	Custom indicator 23MTF_MovingAverageIGOR CADJPY.,H1: loaded successfully
2	18:46:52.755	Custom indicator ADR CADJPY.,H1: loaded successfully
2	18:46:52.771	Custom indicator SupResZone_MTF CADJPY.,H1: loaded successfully
2	18:46:52.871	Custom indicator Laguerre-ACS1 CADJPY.,H1: loaded successfully
2	18:46:52.886	Custom indicator MACD-2x CADJPY.,H1: loaded successfully
0	18:46:55.608	'120010550': login on PRC-Live through Server 5 (ping: 122.67 ms)
0	18:46:56.889	'120010550': login datacenter on PRC-Live through Server 5 (ping: 122.67 ms)
0	18:46:57.308	'120010550': previous successful authorization performed from 223.104.176.164
0	18:47:25.022	'120010550': ping to current access point Server 5 is 95.59 ms
0	19:20:06.078	'120010550': order sell market 0.02 EURAUD. sl: 0.00000 tp: 0.00000
0	19:20:06.832	'120010550': order was opened : #11128508 sell 0.02 EURAUD. at 1.61614 sl: 0.00000 tp: 0.00000
0	19:21:13.794	'120010550': modify order #11128508 sell 0.02 EURAUD. at 1.61614 sl: 0.00000 tp: 0.00000 -> sl: 0.00000 tp: 1.61583
0	19:21:15.054	'120010550': order #11128508 sell 0.02 EURAUD. at 1.61614 was modified -> sl: 0.00000 tp: 1.61583
1	19:35:46.786	'120010550': modification of order #11126188 buy 0.02 USDCAD. at 1.31821 sl: 0.00000 tp: 1.31821 -> sl: 0.00000 tp: 1.31051 failed [Invalid S/L or T/P]
1	19:35:51.920	'120010550': modification of order #11126188 buy 0.02 USDCAD. at 1.31821 sl: 0.00000 tp: 1.31821 -> sl: 0.00000 tp: 1.31051 failed [Invalid S/L or T/P]
0	19:36:00.066	'120010550': modify order #11126188 buy 0.02 USDCAD. at 1.31821 sl: 0.00000 tp: 1.31821 -> sl: 0.00000 tp: 1.31922
0	19:36:00.922	'120010550': order #11126188 buy 0.02 USDCAD. at 1.31821 was modified -> sl: 0.00000 tp: 1.31922
0	19:36:03.733	'120010550': modify order #11126188 buy 0.02 USDCAD. at 1.31821 sl: 0.00000 tp: 1.31922 -> sl: 1.31032 tp: 1.31922
0	19:36:04.329	'120010550': order #11126188 buy 0.02 USDCAD. at 1.31821 was modified -> sl: 1.31032 tp: 1.31922
0	19:36:19.358	'120010550': modify order #11126188 buy 0.02 USDCAD. at 1.31821 sl: 1.31032 tp: 1.31922 -> sl: 1.30999 tp: 1.31922
0	19:36:19.953	'120010550': order #11126188 buy 0.02 USDCAD. at 1.31821 was modified -> sl: 1.30999 tp: 1.31922
0	20:07:09.594	'120010550': order buy market 0.01 US_OIL sl: 0.00 tp: 0.00
0	20:07:11.006	'120010550': order was opened : #11128581 buy 0.01 US_OIL at 58.47 sl: 0.00 tp: 0.00
0	20:31:28.000	'120010550': close order #11126188 buy 0.02 USDCAD. at 1.31821 sl: 1.30999 tp: 1.31922 at price 0.00000
0	20:31:28.498	'120010550': order #11126188 buy 0.02 USDCAD. at 1.31821 sl: 1.30999 tp: 1.31922 closed at price 1.31334
0	20:31:48.630	'120010550': order sell market 0.02 USDCAD. sl: 0.00000 tp: 0.00000
0	20:31:49.155	'120010550': order was opened : #11128675 sell 0.02 USDCAD. at 1.31312 sl: 0.00000 tp: 0.00000
0	21:32:54.554	'120010550': order sell market 0.02 AUDUSD. sl: 0.00000 tp: 0.00000
0	21:32:55.844	'120010550': order was opened : #11128799 sell 0.02 AUDUSD. at 0.68857 sl: 0.00000 tp: 0.00000
0	22:06:15.899	'120010550': order sell market 0.02 USDJPY. sl: 0.000 tp: 0.000
0	22:06:16.469	'120010550': order was opened : #11129043 sell 0.02 USDJPY. at 108.552 sl: 0.000 tp: 0.000
0	22:06:22.729	'120010550': modify order #11129043 sell 0.02 USDJPY. at 108.552 sl: 0.000 tp: 0.000 -> sl: 0.000 tp: 108.499
0	22:06:23.077	'120010550': order #11129043 sell 0.02 USDJPY. at 108.552 was modified -> sl: 0.000 tp: 108.499
0	22:31:25.567	'120010550': modify order #11129043 sell 0.02 USDJPY. at 108.552 sl: 0.000 tp: 108.499 -> sl: 0.000 tp: 108.461
0	22:31:25.929	'120010550': order #11129043 sell 0.02 USDJPY. at 108.552 was modified -> sl: 0.000 tp: 108.461
0	22:35:17.970	'120010550': modify order #11120784 sell 0.02 AUDUSD. at 0.69286 sl: 0.69210 tp: 0.00000 -> sl: 0.69062 tp: 0.00000
0	22:35:18.880	'120010550': order #11120784 sell 0.02 AUDUSD. at 0.69286 was modified -> sl: 0.69062 tp: 0.00000
0	22:35:25.274	'120010550': modify order #11120784 sell 0.02 AUDUSD. at 0.69286 sl: 0.69062 tp: 0.00000 -> sl: 0.69128 tp: 0.00000
0	22:35:25.917	'120010550': order #11120784 sell 0.02 AUDUSD. at 0.69286 was modified -> sl: 0.69128 tp: 0.00000
0	22:36:03.590	'120010550': modify order #11128675 sell 0.02 USDCAD. at 1.31312 sl: 0.00000 tp: 0.00000 -> sl: 1.31396 tp: 0.00000
0	22:36:04.193	'120010550': order #11128675 sell 0.02 USDCAD. at 1.31312 was modified -> sl: 1.31396 tp: 0.00000
0	22:36:08.069	'120010550': modify order #11128675 sell 0.02 USDCAD. at 1.31312 sl: 1.31396 tp: 0.00000 -> sl: 1.31300 tp: 0.00000
0	22:36:08.801	'120010550': order #11128675 sell 0.02 USDCAD. at 1.31312 was modified -> sl: 1.31300 tp: 0.00000
0	22:36:34.466	'120010550': order sell market 0.01 USDCAD. sl: 0.00000 tp: 0.00000
0	22:36:35.865	'120010550': order was opened : #11129150 sell 0.01 USDCAD. at 1.31106 sl: 0.00000 tp: 0.00000
0	22:37:44.698	'120010550': modify order #11129043 sell 0.02 USDJPY. at 108.552 sl: 0.000 tp: 108.461 -> sl: 0.000 tp: 108.486
0	22:37:45.239	'120010550': order #11129043 sell 0.02 USDJPY. at 108.552 was modified -> sl: 0.000 tp: 108.486
0	22:41:27.286	'120010550': order #11128508 sell 0.02 EURAUD. at 1.61614 closed due take-profit at price 1.61583
1	22:58:14.724	'120010550': datacenter connecting failed [6]
0	22:58:15.184	'120010550': login on PRC-Live through Server 5 (ping: 95.59 ms)
0	22:58:20.045	'120010550': login datacenter on PRC-Live through Server 5 (ping: 95.59 ms)
0	22:58:20.419	'120010550': previous successful authorization performed from 101.131.181.27
0	22:58:59.056	'120010550': ping to current access point Server 5 is 105.11 ms
1	23:03:20.723	'120010550': ping failed
0	23:03:21.359	'120010550': login on PRC-Live through Server 5 (ping: 105.11 ms)
0	23:03:24.014	'120010550': login datacenter on PRC-Live through Server 5 (ping: 105.11 ms)
0	23:03:24.420	'120010550': previous successful authorization performed from 101.131.181.27
1	23:12:56.578	'120010550': ping failed
0	23:13:06.430	'120010550': login on PRC-Live through Server 3 (ping: 115.46 ms)
0	23:14:06.740	'120010550': login datacenter on PRC-Live
0	23:14:12.604	'120010550': login on PRC-Live through Server 7 (ping: 124.34 ms)
0	23:14:34.538	'120010550': login datacenter on PRC-Live through Server 7 (ping: 124.34 ms)
0	23:14:39.505	'120010550': auto connecting to a better access point Server 5 (ping is 104.93 ms)
0	23:14:40.431	'120010550': login on PRC-Live through Server 5 (ping: 104.93 ms)
0	23:14:41.129	'120010550': login datacenter on PRC-Live through Server 5 (ping: 104.93 ms)
0	23:14:46.907	'120010550': login on PRC-Live through Server 5 (ping: 104.93 ms)
0	23:14:53.158	'120010550': login datacenter on PRC-Live through Server 5 (ping: 104.93 ms)
0	23:14:54.409	'120010550': previous successful authorization performed from 101.131.181.27
0	23:15:00.675	'120010550': modify order #11128581 buy 0.01 US_OIL at 58.47 sl: 0.00 tp: 0.00 -> sl: 0.00 tp: 58.54
0	23:15:02.675	'120010550': order #11128581 buy 0.01 US_OIL at 58.47 was modified -> sl: 0.00 tp: 58.54
0	23:16:24.349	'120010550': modify order #11129043 sell 0.02 USDJPY. at 108.552 sl: 0.000 tp: 108.486 -> sl: 0.000 tp: 108.518
0	23:16:25.269	'120010550': order #11129043 sell 0.02 USDJPY. at 108.552 was modified -> sl: 0.000 tp: 108.518
0	23:17:09.344	'120010550': modify order #11129150 sell 0.01 USDCAD. at 1.31106 sl: 0.00000 tp: 0.00000 -> sl: 0.00000 tp: 1.31082
0	23:17:10.487	'120010550': order #11129150 sell 0.01 USDCAD. at 1.31106 was modified -> sl: 0.00000 tp: 1.31082
