2	00:19:55.499	Custom indicator 小鱼\Laguerre-ACS1 EURJPY.,M30: loaded successfully
2	00:24:58.022	Custom indicator span_model USDJPY.,M30: removed
2	00:24:58.025	Custom indicator MACD-2x USDJPY.,M30: removed
2	00:24:58.026	Custom indicator MACD-2x USDJPY.,M30: removed
2	00:24:58.120	Custom indicator span_model USDJPY.,M30: loaded successfully
2	00:24:58.131	Custom indicator MACD-2x USDJPY.,M30: loaded successfully
2	00:24:58.141	Custom indicator MACD-2x USDJPY.,M30: loaded successfully
2	00:24:58.212	Custom indicator 小鱼\Laguerre-ACS1 USDJPY.,M30: loaded successfully
2	00:25:12.738	Custom indicator span_model USDJPY.,M30: removed
2	00:25:12.740	Custom indicator MACD-2x USDJPY.,M30: removed
2	00:25:12.742	Custom indicator MACD-2x USDJPY.,M30: removed
2	00:25:12.742	Custom indicator Laguerre-ACS1 USDJPY.,M30: removed
2	00:25:12.840	Custom indicator span_model USDJPY.,M30: loaded successfully
2	00:25:12.851	Custom indicator MACD-2x USDJPY.,M30: loaded successfully
2	00:25:12.862	Custom indicator MACD-2x USDJPY.,M30: loaded successfully
2	00:25:17.707	Custom indicator span_model USDJPY.,M30: removed
2	00:25:17.709	Custom indicator MACD-2x USDJPY.,M30: removed
2	00:25:17.711	Custom indicator MACD-2x USDJPY.,M30: removed
2	00:25:17.786	Custom indicator span_model USDJPY.,M30: loaded successfully
2	00:25:17.797	Custom indicator MACD-2x USDJPY.,M30: loaded successfully
2	00:25:17.807	Custom indicator MACD-2x USDJPY.,M30: loaded successfully
2	00:25:17.890	Custom indicator 小鱼\Laguerre-ACS1 USDJPY.,M30: loaded successfully
2	00:26:37.216	Custom indicator span_model EURUSD.,M15: removed
2	00:26:37.219	Custom indicator MACD-2x EURUSD.,M15: removed
2	00:26:37.221	Custom indicator MACD-2x EURUSD.,M15: removed
2	00:26:37.306	Custom indicator span_model EURUSD.,M15: loaded successfully
2	00:26:37.318	Custom indicator MACD-2x EURUSD.,M15: loaded successfully
2	00:26:37.329	Custom indicator MACD-2x EURUSD.,M15: loaded successfully
2	00:26:37.421	Custom indicator 小鱼\Laguerre-ACS1 EURUSD.,M15: loaded successfully
2	00:35:26.061	Custom indicator span_model USDJPY.,M15: removed
2	00:35:26.064	Custom indicator MACD-2x USDJPY.,M15: removed
2	00:35:26.066	Custom indicator MACD-2x USDJPY.,M15: removed
2	00:35:26.066	Custom indicator Laguerre-ACS1 USDJPY.,M15: removed
2	00:35:26.145	Custom indicator span_model USDJPY.,M15: loaded successfully
2	00:35:26.155	Custom indicator MACD-2x USDJPY.,M15: loaded successfully
2	00:35:26.166	Custom indicator MACD-2x USDJPY.,M15: loaded successfully
2	00:35:26.249	Custom indicator 小鱼\Laguerre-ACS1 USDJPY.,M15: loaded successfully
2	00:36:23.489	Custom indicator span_model EURJPY.,M15: removed
2	00:36:23.491	Custom indicator MACD-2x EURJPY.,M15: removed
2	00:36:23.493	Custom indicator MACD-2x EURJPY.,M15: removed
2	00:36:23.493	Custom indicator Laguerre-ACS1 EURJPY.,M15: removed
2	00:36:23.586	Custom indicator span_model EURJPY.,M15: loaded successfully
2	00:36:23.596	Custom indicator MACD-2x EURJPY.,M15: loaded successfully
2	00:36:23.610	Custom indicator MACD-2x EURJPY.,M15: loaded successfully
2	00:36:23.695	Custom indicator 小鱼\Laguerre-ACS1 EURJPY.,M15: loaded successfully
2	00:36:34.260	Custom indicator span_model EURUSD.,M15: removed
2	00:36:34.262	Custom indicator MACD-2x EURUSD.,M15: removed
2	00:36:34.264	Custom indicator MACD-2x EURUSD.,M15: removed
2	00:36:34.264	Custom indicator Laguerre-ACS1 EURUSD.,M15: removed
2	00:36:34.354	Custom indicator span_model EURUSD.,M15: loaded successfully
2	00:36:34.368	Custom indicator MACD-2x EURUSD.,M15: loaded successfully
2	00:36:34.379	Custom indicator MACD-2x EURUSD.,M15: loaded successfully
2	00:36:34.450	Custom indicator 小鱼\Laguerre-ACS1 EURUSD.,M15: loaded successfully
2	00:36:49.439	Custom indicator span_model GBPUSD.,M15: removed
2	00:36:49.441	Custom indicator MACD-2x GBPUSD.,M15: removed
2	00:36:49.443	Custom indicator MACD-2x GBPUSD.,M15: removed
2	00:36:49.540	Custom indicator span_model GBPUSD.,M15: loaded successfully
2	00:36:49.551	Custom indicator MACD-2x GBPUSD.,M15: loaded successfully
2	00:36:49.562	Custom indicator MACD-2x GBPUSD.,M15: loaded successfully
2	00:36:49.639	Custom indicator 小鱼\Laguerre-ACS1 GBPUSD.,M15: loaded successfully
2	00:36:58.767	Custom indicator span_model GBPJPY.,M15: removed
2	00:36:58.770	Custom indicator MACD-2x GBPJPY.,M15: removed
2	00:36:58.771	Custom indicator MACD-2x GBPJPY.,M15: removed
2	00:36:58.851	Custom indicator span_model GBPJPY.,M15: loaded successfully
2	00:36:58.861	Custom indicator MACD-2x GBPJPY.,M15: loaded successfully
2	00:36:58.873	Custom indicator MACD-2x GBPJPY.,M15: loaded successfully
2	00:36:58.952	Custom indicator 小鱼\Laguerre-ACS1 GBPJPY.,M15: loaded successfully
2	00:37:13.893	Custom indicator span_model JP225,H1: removed
2	00:37:13.895	Custom indicator MACD-2x JP225,H1: removed
2	00:37:13.897	Custom indicator MACD-2x JP225,H1: removed
2	00:37:13.976	Custom indicator span_model JP225,H1: loaded successfully
2	00:37:13.986	Custom indicator MACD-2x JP225,H1: loaded successfully
2	00:37:13.997	Custom indicator MACD-2x JP225,H1: loaded successfully
2	00:37:14.087	Custom indicator 小鱼\Laguerre-ACS1 JP225,H1: loaded successfully
2	00:37:27.023	Custom indicator span_model NDX100,H1: removed
2	00:37:27.025	Custom indicator MACD-2x NDX100,H1: removed
2	00:37:27.027	Custom indicator MACD-2x NDX100,H1: removed
2	00:37:27.105	Custom indicator span_model NDX100,H1: loaded successfully
2	00:37:27.117	Custom indicator MACD-2x NDX100,H1: loaded successfully
2	00:37:27.127	Custom indicator MACD-2x NDX100,H1: loaded successfully
2	00:37:27.215	Custom indicator 小鱼\Laguerre-ACS1 NDX100,H1: loaded successfully
2	00:37:57.795	Custom indicator span_model NDX100,H1: removed
2	00:37:57.798	Custom indicator MACD-2x NDX100,H1: removed
2	00:37:57.801	Custom indicator MACD-2x NDX100,H1: removed
2	00:37:57.801	Custom indicator Laguerre-ACS1 NDX100,H1: removed
2	00:37:57.880	Custom indicator span_model NDX100,H1: loaded successfully
2	00:37:57.891	Custom indicator MACD-2x NDX100,H1: loaded successfully
2	00:37:57.902	Custom indicator MACD-2x NDX100,H1: loaded successfully
2	00:37:57.980	Custom indicator 小鱼\Laguerre-ACS1 NDX100,H1: loaded successfully
2	00:38:03.611	Custom indicator span_model SPX500,H1: removed
2	00:38:03.613	Custom indicator MACD-2x SPX500,H1: removed
2	00:38:03.615	Custom indicator MACD-2x SPX500,H1: removed
2	00:38:03.708	Custom indicator span_model SPX500,H1: loaded successfully
2	00:38:03.721	Custom indicator MACD-2x SPX500,H1: loaded successfully
2	00:38:03.732	Custom indicator MACD-2x SPX500,H1: loaded successfully
2	00:38:03.807	Custom indicator 小鱼\Laguerre-ACS1 SPX500,H1: loaded successfully
0	01:14:10.485	'120010550': order sell market 0.01 GBPUSD. sl: 0.00000 tp: 0.00000
0	01:14:10.659	'120010550': order was opened : #10864473 sell 0.01 GBPUSD. at 1.30619 sl: 0.00000 tp: 0.00000
0	01:15:17.980	'120010550': order sell market 0.01 EURUSD. sl: 0.00000 tp: 0.00000
0	01:15:18.163	'120010550': order was opened : #10864474 sell 0.01 EURUSD. at 1.12555 sl: 0.00000 tp: 0.00000
2	02:05:26.529	Custom indicator span_model USDJPY.,H1: removed
2	02:05:26.532	Custom indicator MACD-2x USDJPY.,H1: removed
2	02:05:26.537	Custom indicator MACD-2x USDJPY.,H1: removed
2	02:05:26.537	Custom indicator Laguerre-ACS1 USDJPY.,H1: removed
2	02:05:26.543	Custom indicator span_model EURJPY.,H1: removed
2	02:05:26.545	Custom indicator MACD-2x EURJPY.,H1: removed
2	02:05:26.547	Custom indicator MACD-2x EURJPY.,H1: removed
2	02:05:26.547	Custom indicator Laguerre-ACS1 EURJPY.,H1: removed
2	02:05:26.553	Custom indicator span_model EURUSD.,H1: removed
2	02:05:26.557	Custom indicator MACD-2x EURUSD.,H1: removed
2	02:05:26.560	Custom indicator MACD-2x EURUSD.,H1: removed
2	02:05:26.560	Custom indicator Laguerre-ACS1 EURUSD.,H1: removed
2	02:05:26.566	Custom indicator span_model GBPUSD.,H1: removed
2	02:05:26.568	Custom indicator MACD-2x GBPUSD.,H1: removed
2	02:05:26.572	Custom indicator MACD-2x GBPUSD.,H1: removed
2	02:05:26.572	Custom indicator Laguerre-ACS1 GBPUSD.,H1: removed
2	02:05:26.577	Custom indicator span_model GBPJPY.,H1: removed
2	02:05:26.580	Custom indicator MACD-2x GBPJPY.,H1: removed
2	02:05:26.585	Custom indicator MACD-2x GBPJPY.,H1: removed
2	02:05:26.585	Custom indicator Laguerre-ACS1 GBPJPY.,H1: removed
2	02:05:26.614	Custom indicator span_model JP225,H1: removed
2	02:05:26.616	Custom indicator MACD-2x JP225,H1: removed
2	02:05:26.620	Custom indicator MACD-2x JP225,H1: removed
2	02:05:26.621	Custom indicator Laguerre-ACS1 JP225,H1: removed
2	02:05:26.628	Custom indicator span_model NDX100,H1: removed
2	02:05:26.632	Custom indicator MACD-2x NDX100,H1: removed
2	02:05:26.635	Custom indicator MACD-2x NDX100,H1: removed
2	02:05:26.635	Custom indicator Laguerre-ACS1 NDX100,H1: removed
2	02:05:26.661	Custom indicator span_model SPX500,H1: removed
2	02:05:26.665	Custom indicator MACD-2x SPX500,H1: removed
2	02:05:26.669	Custom indicator MACD-2x SPX500,H1: removed
2	02:05:26.669	Custom indicator Laguerre-ACS1 SPX500,H1: removed
2	02:05:26.674	Custom indicator Laguerre-ACS1 A50,Daily: removed
2	02:05:26.679	Custom indicator MACD A50,Daily: removed
2	02:05:26.684	Custom indicator Laguerre-ACS1 XAUUSD.,H4: removed
2	02:05:26.688	Custom indicator MACD XAUUSD.,H4: removed
2	02:05:26.693	Custom indicator Laguerre-ACS1 US_OIL,H4: removed
2	02:05:26.697	Custom indicator MACD US_OIL,H4: removed
2	02:05:26.706	Custom indicator span_model USDCAD.,H1: removed
2	02:05:26.708	Custom indicator MACD-2x USDCAD.,H1: removed
2	02:05:26.711	Custom indicator MACD-2x USDCAD.,H1: removed
0	02:05:27.243	FX Trader build 1170 stopped
0	19:57:18.618	FX Trader build 1170 started (Performance Ronnaru Capital Ltd.)
0	19:57:18.619	Windows 10 Home x64, IE 11, UAC, 8 x Intel Core i7-6700HQ  @ 2.60GHz, Memory: 24264 / 32639 Mb, Disk: 142 / 264 Gb, GMT+9
0	19:57:18.619	Data Folder: C:\Users\tiany\AppData\Roaming\MetaQuotes\Terminal\79214103E7A6FC97F86082D309D0B84B
2	19:57:22.383	Custom indicator span_model USDJPY.,H1: loaded successfully
2	19:57:22.414	Custom indicator MACD-2x USDJPY.,H1: loaded successfully
2	19:57:22.429	Custom indicator MACD-2x USDJPY.,H1: loaded successfully
2	19:57:22.523	Custom indicator 小鱼\Laguerre-ACS1 USDJPY.,H1: loaded successfully
2	19:57:22.810	Custom indicator span_model EURJPY.,H1: loaded successfully
2	19:57:22.826	Custom indicator MACD-2x EURJPY.,H1: loaded successfully
2	19:57:22.840	Custom indicator MACD-2x EURJPY.,H1: loaded successfully
2	19:57:22.924	Custom indicator 小鱼\Laguerre-ACS1 EURJPY.,H1: loaded successfully
2	19:57:23.226	Custom indicator span_model EURUSD.,H1: loaded successfully
2	19:57:23.242	Custom indicator MACD-2x EURUSD.,H1: loaded successfully
2	19:57:23.258	Custom indicator MACD-2x EURUSD.,H1: loaded successfully
2	19:57:23.366	Custom indicator 小鱼\Laguerre-ACS1 EURUSD.,H1: loaded successfully
2	19:57:23.600	Custom indicator span_model GBPUSD.,H1: loaded successfully
2	19:57:23.613	Custom indicator MACD-2x GBPUSD.,H1: loaded successfully
2	19:57:23.629	Custom indicator MACD-2x GBPUSD.,H1: loaded successfully
2	19:57:23.719	Custom indicator 小鱼\Laguerre-ACS1 GBPUSD.,H1: loaded successfully
2	19:57:23.920	Custom indicator span_model GBPJPY.,H1: loaded successfully
2	19:57:23.935	Custom indicator MACD-2x GBPJPY.,H1: loaded successfully
2	19:57:23.951	Custom indicator MACD-2x GBPJPY.,H1: loaded successfully
2	19:57:24.055	Custom indicator 小鱼\Laguerre-ACS1 GBPJPY.,H1: loaded successfully
2	19:57:24.377	Custom indicator span_model JP225,H1: loaded successfully
2	19:57:24.393	Custom indicator MACD-2x JP225,H1: loaded successfully
2	19:57:24.411	Custom indicator MACD-2x JP225,H1: loaded successfully
2	19:57:24.547	Custom indicator 小鱼\Laguerre-ACS1 JP225,H1: loaded successfully
2	19:57:24.953	Custom indicator span_model NDX100,H1: loaded successfully
2	19:57:24.968	Custom indicator MACD-2x NDX100,H1: loaded successfully
2	19:57:24.984	Custom indicator MACD-2x NDX100,H1: loaded successfully
2	19:57:25.093	Custom indicator 小鱼\Laguerre-ACS1 NDX100,H1: loaded successfully
2	19:57:25.500	Custom indicator span_model SPX500,H1: loaded successfully
2	19:57:25.515	Custom indicator MACD-2x SPX500,H1: loaded successfully
2	19:57:25.531	Custom indicator MACD-2x SPX500,H1: loaded successfully
2	19:57:25.640	Custom indicator 小鱼\Laguerre-ACS1 SPX500,H1: loaded successfully
2	19:57:25.968	Custom indicator 小鱼\Laguerre-ACS1 A50,Daily: loaded successfully
2	19:57:25.984	Custom indicator MACD A50,Daily: loaded successfully
2	19:57:26.156	Custom indicator 小鱼\Laguerre-ACS1 XAUUSD.,H4: loaded successfully
2	19:57:26.171	Custom indicator MACD XAUUSD.,H4: loaded successfully
2	19:57:26.343	Custom indicator 小鱼\Laguerre-ACS1 US_OIL,H4: loaded successfully
2	19:57:26.359	Custom indicator MACD US_OIL,H4: loaded successfully
2	19:57:26.531	Custom indicator span_model USDCAD.,H1: loaded successfully
2	19:57:26.546	Custom indicator MACD-2x USDCAD.,H1: loaded successfully
2	19:57:26.562	Custom indicator MACD-2x USDCAD.,H1: loaded successfully
0	19:57:28.322	'120010550': login on PRC-Live through Server 3 (ping: 62.58 ms)
0	19:57:29.162	'120010550': login datacenter on PRC-Live through Server 3 (ping: 62.58 ms)
0	19:57:29.538	'120010550': previous successful authorization performed from 106.181.129.14
0	19:57:46.779	'120010550': ping to current access point Server 3 is 49.13 ms
2	20:00:51.681	Custom indicator span_model EURAUD.,H1: loaded successfully
2	20:00:51.692	Custom indicator MACD-2x EURAUD.,H1: loaded successfully
2	20:00:51.703	Custom indicator MACD-2x EURAUD.,H1: loaded successfully
2	20:00:51.778	Custom indicator 小鱼\Laguerre-ACS1 EURAUD.,H1: loaded successfully
2	20:42:36.080	Custom indicator span_model GBPJPY.,H4: removed
2	20:42:36.082	Custom indicator MACD-2x GBPJPY.,H4: removed
2	20:42:36.085	Custom indicator MACD-2x GBPJPY.,H4: removed
2	20:42:36.085	Custom indicator Laguerre-ACS1 GBPJPY.,H4: removed
2	20:42:36.159	Custom indicator span_model GBPJPY.,H4: loaded successfully
2	20:42:36.169	Custom indicator MACD-2x GBPJPY.,H4: loaded successfully
2	20:42:36.179	Custom indicator MACD-2x GBPJPY.,H4: loaded successfully
2	20:42:36.249	Custom indicator 小鱼\Laguerre-ACS1 GBPJPY.,H4: loaded successfully
0	21:56:46.465	'120010550': order sell market 0.01 EURAUD. sl: 0.00000 tp: 0.00000
0	21:56:46.716	'120010550': order was opened : #10867179 sell 0.01 EURAUD. at 1.57578 sl: 0.00000 tp: 0.00000
0	22:14:14.148	'120010550': order sell market 0.01 EURAUD. sl: 0.00000 tp: 0.00000
0	22:14:14.277	'120010550': order was opened : #10867244 sell 0.01 EURAUD. at 1.57478 sl: 0.00000 tp: 0.00000
2	23:01:12.465	Custom indicator Laguerre-ACS1 A50,Daily: removed
2	23:01:12.467	Custom indicator MACD A50,Daily: removed
0	23:32:13.249	'120010550': order sell market 0.01 EURAUD. sl: 0.00000 tp: 0.00000
0	23:32:13.456	'120010550': order was opened : #10867390 sell 0.01 EURAUD. at 1.57424 sl: 0.00000 tp: 0.00000
