0	19:04:13.522	FX Trader build 1170 started (Performance Ronnaru Capital Ltd.)
0	19:04:13.523	Windows 10 Home x64, IE 11, UAC, 8 x Intel Core i7-6700HQ  @ 2.60GHz, Memory: 24177 / 32639 Mb, Disk: 140 / 264 Gb, GMT+9
0	19:04:13.523	Data Folder: C:\Users\tiany\AppData\Roaming\MetaQuotes\Terminal\79214103E7A6FC97F86082D309D0B84B
1	19:04:15.665	MQL Base: failed connect to server
2	19:04:16.334	Custom indicator SupResZone_MTF USDXXX,Daily: loaded successfully
2	19:04:16.347	Custom indicator SupResZone_MTF USDXXX,Daily: loaded successfully
2	19:04:16.358	Custom indicator SupResZone_MTF USDXXX,Daily: loaded successfully
2	19:04:16.373	Custom indicator SupResZone_MTF USDXXX,Daily: loaded successfully
2	19:04:16.387	Custom indicator MACD-2x USDXXX,Daily: loaded successfully
2	19:04:16.470	Custom indicator Laguerre-ACS1 USDXXX,Daily: loaded successfully
2	19:04:16.628	Custom indicator SupResZone_MTF XAUUSD.,H1: loaded successfully
2	19:04:16.639	Custom indicator SupResZone_MTF XAUUSD.,H1: loaded successfully
2	19:04:16.651	Custom indicator SupResZone_MTF XAUUSD.,H1: loaded successfully
2	19:04:16.664	Custom indicator SupResZone_MTF XAUUSD.,H1: loaded successfully
2	19:04:16.676	Custom indicator MACD-2x XAUUSD.,H1: loaded successfully
2	19:04:16.773	Custom indicator Laguerre-ACS1 XAUUSD.,H1: loaded successfully
2	19:04:17.029	Custom indicator SupResZone_MTF XAGUSD.,H1: loaded successfully
2	19:04:17.042	Custom indicator SupResZone_MTF XAGUSD.,H1: loaded successfully
2	19:04:17.053	Custom indicator SupResZone_MTF XAGUSD.,H1: loaded successfully
2	19:04:17.065	Custom indicator SupResZone_MTF XAGUSD.,H1: loaded successfully
2	19:04:17.077	Custom indicator MACD-2x XAGUSD.,H1: loaded successfully
2	19:04:17.156	Custom indicator Laguerre-ACS1 XAGUSD.,H1: loaded successfully
2	19:04:17.385	Custom indicator SupResZone_MTF US_OIL,H1: loaded successfully
2	19:04:17.397	Custom indicator SupResZone_MTF US_OIL,H1: loaded successfully
2	19:04:17.409	Custom indicator SupResZone_MTF US_OIL,H1: loaded successfully
2	19:04:17.421	Custom indicator SupResZone_MTF US_OIL,H1: loaded successfully
2	19:04:17.433	Custom indicator MACD-2x US_OIL,H1: loaded successfully
2	19:04:17.522	Custom indicator Laguerre-ACS1 US_OIL,H1: loaded successfully
2	19:04:17.815	Custom indicator SupResZone_MTF JP225,H4: loaded successfully
2	19:04:17.833	Custom indicator SupResZone_MTF JP225,H4: loaded successfully
2	19:04:17.850	Custom indicator SupResZone_MTF JP225,H4: loaded successfully
2	19:04:17.866	Custom indicator SupResZone_MTF JP225,H4: loaded successfully
2	19:04:17.881	Custom indicator MACD-2x JP225,H4: loaded successfully
2	19:04:17.989	Custom indicator Laguerre-ACS1 JP225,H4: loaded successfully
2	19:04:18.266	Custom indicator SupResZone_MTF SPX500,H4: loaded successfully
2	19:04:18.283	Custom indicator SupResZone_MTF SPX500,H4: loaded successfully
2	19:04:18.300	Custom indicator SupResZone_MTF SPX500,H4: loaded successfully
2	19:04:18.313	Custom indicator SupResZone_MTF SPX500,H4: loaded successfully
2	19:04:18.329	Custom indicator MACD-2x SPX500,H4: loaded successfully
2	19:04:18.413	Custom indicator Laguerre-ACS1 SPX500,H4: loaded successfully
2	19:04:18.661	Custom indicator SupResZone_MTF EURAUD.,H4: loaded successfully
2	19:04:18.677	Custom indicator SupResZone_MTF EURAUD.,H4: loaded successfully
2	19:04:18.691	Custom indicator SupResZone_MTF EURAUD.,H4: loaded successfully
2	19:04:18.702	Custom indicator SupResZone_MTF EURAUD.,H4: loaded successfully
2	19:04:18.712	Custom indicator MACD-2x EURAUD.,H4: loaded successfully
2	19:04:18.790	Custom indicator Laguerre-ACS1 EURAUD.,H4: loaded successfully
2	19:04:19.012	Custom indicator SupResZone_MTF AUDJPY.,H4: loaded successfully
2	19:04:19.029	Custom indicator SupResZone_MTF AUDJPY.,H4: loaded successfully
2	19:04:19.045	Custom indicator SupResZone_MTF AUDJPY.,H4: loaded successfully
2	19:04:19.061	Custom indicator SupResZone_MTF AUDJPY.,H4: loaded successfully
2	19:04:19.073	Custom indicator MACD-2x AUDJPY.,H4: loaded successfully
2	19:04:19.151	Custom indicator Laguerre-ACS1 AUDJPY.,H4: loaded successfully
2	19:04:19.380	Custom indicator SupResZone_MTF AUDUSD.,H4: loaded successfully
2	19:04:19.396	Custom indicator SupResZone_MTF AUDUSD.,H4: loaded successfully
2	19:04:19.413	Custom indicator SupResZone_MTF AUDUSD.,H4: loaded successfully
2	19:04:19.427	Custom indicator SupResZone_MTF AUDUSD.,H4: loaded successfully
2	19:04:19.440	Custom indicator MACD-2x AUDUSD.,H4: loaded successfully
2	19:04:19.536	Custom indicator Laguerre-ACS1 AUDUSD.,H4: loaded successfully
2	19:04:19.777	Custom indicator SupResZone_MTF USDJPY.,H4: loaded successfully
2	19:04:19.790	Custom indicator SupResZone_MTF USDJPY.,H4: loaded successfully
2	19:04:19.802	Custom indicator SupResZone_MTF USDJPY.,H4: loaded successfully
2	19:04:19.814	Custom indicator SupResZone_MTF USDJPY.,H4: loaded successfully
2	19:04:19.825	Custom indicator MACD-2x USDJPY.,H4: loaded successfully
2	19:04:19.925	Custom indicator Laguerre-ACS1 USDJPY.,H4: loaded successfully
2	19:04:20.185	Custom indicator SupResZone_MTF EURJPY.,H4: loaded successfully
2	19:04:20.198	Custom indicator SupResZone_MTF EURJPY.,H4: loaded successfully
2	19:04:20.209	Custom indicator SupResZone_MTF EURJPY.,H4: loaded successfully
2	19:04:20.222	Custom indicator SupResZone_MTF EURJPY.,H4: loaded successfully
2	19:04:20.235	Custom indicator MACD-2x EURJPY.,H4: loaded successfully
2	19:04:20.326	Custom indicator Laguerre-ACS1 EURJPY.,H4: loaded successfully
2	19:04:20.577	Custom indicator SupResZone_MTF EURUSD.,H4: loaded successfully
2	19:04:20.591	Custom indicator SupResZone_MTF EURUSD.,H4: loaded successfully
2	19:04:20.607	Custom indicator SupResZone_MTF EURUSD.,H4: loaded successfully
2	19:04:20.620	Custom indicator SupResZone_MTF EURUSD.,H4: loaded successfully
2	19:04:20.635	Custom indicator MACD-2x EURUSD.,H4: loaded successfully
2	19:04:20.723	Custom indicator Laguerre-ACS1 EURUSD.,H4: loaded successfully
2	19:04:21.012	Custom indicator SupResZone_MTF GBPUSD.,H4: loaded successfully
2	19:04:21.027	Custom indicator SupResZone_MTF GBPUSD.,H4: loaded successfully
2	19:04:21.039	Custom indicator SupResZone_MTF GBPUSD.,H4: loaded successfully
2	19:04:21.054	Custom indicator SupResZone_MTF GBPUSD.,H4: loaded successfully
2	19:04:21.065	Custom indicator MACD-2x GBPUSD.,H4: loaded successfully
2	19:04:21.146	Custom indicator Laguerre-ACS1 GBPUSD.,H4: loaded successfully
2	19:04:21.392	Custom indicator SupResZone_MTF USDCAD.,H4: loaded successfully
2	19:04:21.404	Custom indicator SupResZone_MTF USDCAD.,H4: loaded successfully
2	19:04:21.415	Custom indicator SupResZone_MTF USDCAD.,H4: loaded successfully
2	19:04:21.426	Custom indicator SupResZone_MTF USDCAD.,H4: loaded successfully
2	19:04:21.436	Custom indicator MACD-2x USDCAD.,H4: loaded successfully
2	19:04:21.517	Custom indicator Laguerre-ACS1 USDCAD.,H4: loaded successfully
2	19:04:21.771	Custom indicator SupResZone_MTF USDCHF.,H4: loaded successfully
2	19:04:21.784	Custom indicator SupResZone_MTF USDCHF.,H4: loaded successfully
2	19:04:21.797	Custom indicator SupResZone_MTF USDCHF.,H4: loaded successfully
2	19:04:21.811	Custom indicator SupResZone_MTF USDCHF.,H4: loaded successfully
2	19:04:21.824	Custom indicator MACD-2x USDCHF.,H4: loaded successfully
2	19:04:21.926	Custom indicator Laguerre-ACS1 USDCHF.,H4: loaded successfully
2	19:04:22.180	Custom indicator MACD-2x USDCNH,Daily: loaded successfully
2	19:04:22.195	Custom indicator MACD-2x USDCNH,Daily: loaded successfully
2	19:04:22.296	Custom indicator Laguerre-ACS1 USDCNH,Daily: loaded successfully
2	19:04:22.396	Custom indicator GMMA Long USDJPY.,H1: loaded successfully
2	19:04:22.413	Custom indicator GMMA Short USDJPY.,H1: loaded successfully
2	19:04:22.427	Custom indicator 23MTF_MovingAverageIGOR USDJPY.,H1: loaded successfully
2	19:04:22.442	Custom indicator 23MTF_MovingAverageIGOR USDJPY.,H1: loaded successfully
2	19:04:22.460	Custom indicator SupResZone_MTF USDJPY.,H1: loaded successfully
2	19:04:22.478	Custom indicator SupResZone_MTF USDJPY.,H1: loaded successfully
2	19:04:22.494	Custom indicator MACD-2x USDJPY.,H1: loaded successfully
1	19:04:24.525	'120010550': connect failed [No connection]
1	19:04:24.595	MQL5.community: authorization failed
1	19:04:25.000	MQL5.community: authorization failed
0	19:05:15.665	'120010550': login on PRC-Live through Server 3 (ping: 50.65 ms)
0	19:05:16.499	'120010550': login datacenter on PRC-Live through Server 3 (ping: 50.65 ms)
0	19:05:17.858	'120010550': previous successful authorization performed from 106.133.98.3
0	19:05:36.994	'120010550': ping to current access point Server 3 is 32.69 ms
2	20:45:39.273	Custom indicator Laguerre-ACS1 JP225,H1: removed
2	20:45:44.666	Custom indicator WBR JP225,H1: loaded successfully
2	20:45:53.709	Custom indicator MACD-2x JP225,H1: removed
2	20:51:30.938	Custom indicator SupResZone_MTF USDXXX,Daily: removed
2	20:51:30.941	Custom indicator SupResZone_MTF USDXXX,Daily: removed
2	20:51:30.944	Custom indicator SupResZone_MTF USDXXX,Daily: removed
2	20:51:30.947	Custom indicator SupResZone_MTF USDXXX,Daily: removed
2	20:51:30.950	Custom indicator MACD-2x USDXXX,Daily: removed
2	20:51:30.950	Custom indicator Laguerre-ACS1 USDXXX,Daily: removed
2	20:51:30.957	Custom indicator SupResZone_MTF XAUUSD.,H1: removed
2	20:51:30.960	Custom indicator SupResZone_MTF XAUUSD.,H1: removed
2	20:51:30.962	Custom indicator SupResZone_MTF XAUUSD.,H1: removed
2	20:51:30.965	Custom indicator SupResZone_MTF XAUUSD.,H1: removed
2	20:51:30.969	Custom indicator MACD-2x XAUUSD.,H1: removed
2	20:51:30.969	Custom indicator Laguerre-ACS1 XAUUSD.,H1: removed
2	20:51:30.976	Custom indicator SupResZone_MTF XAGUSD.,H1: removed
2	20:51:30.978	Custom indicator SupResZone_MTF XAGUSD.,H1: removed
2	20:51:30.982	Custom indicator SupResZone_MTF XAGUSD.,H1: removed
2	20:51:30.984	Custom indicator SupResZone_MTF XAGUSD.,H1: removed
2	20:51:30.988	Custom indicator MACD-2x XAGUSD.,H1: removed
2	20:51:30.988	Custom indicator Laguerre-ACS1 XAGUSD.,H1: removed
2	20:51:30.997	Custom indicator SupResZone_MTF US_OIL,H1: removed
2	20:51:31.000	Custom indicator SupResZone_MTF US_OIL,H1: removed
2	20:51:31.002	Custom indicator SupResZone_MTF US_OIL,H1: removed
2	20:51:31.004	Custom indicator SupResZone_MTF US_OIL,H1: removed
2	20:51:31.008	Custom indicator MACD-2x US_OIL,H1: removed
2	20:51:31.008	Custom indicator Laguerre-ACS1 US_OIL,H1: removed
2	20:51:31.045	Custom indicator SupResZone_MTF JP225,H1: removed
2	20:51:31.049	Custom indicator SupResZone_MTF JP225,H1: removed
2	20:51:31.051	Custom indicator SupResZone_MTF JP225,H1: removed
2	20:51:31.054	Custom indicator SupResZone_MTF JP225,H1: removed
2	20:51:31.054	Custom indicator WBR JP225,H1: removed
2	20:51:31.085	Custom indicator SupResZone_MTF SPX500,H1: removed
2	20:51:31.090	Custom indicator SupResZone_MTF SPX500,H1: removed
2	20:51:31.093	Custom indicator SupResZone_MTF SPX500,H1: removed
2	20:51:31.097	Custom indicator SupResZone_MTF SPX500,H1: removed
2	20:51:31.100	Custom indicator MACD-2x SPX500,H1: removed
2	20:51:31.100	Custom indicator Laguerre-ACS1 SPX500,H1: removed
2	20:51:31.108	Custom indicator SupResZone_MTF EURAUD.,H4: removed
2	20:51:31.111	Custom indicator SupResZone_MTF EURAUD.,H4: removed
2	20:51:31.114	Custom indicator SupResZone_MTF EURAUD.,H4: removed
2	20:51:31.116	Custom indicator SupResZone_MTF EURAUD.,H4: removed
2	20:51:31.119	Custom indicator MACD-2x EURAUD.,H4: removed
2	20:51:31.120	Custom indicator Laguerre-ACS1 EURAUD.,H4: removed
2	20:51:31.128	Custom indicator SupResZone_MTF AUDJPY.,H4: removed
2	20:51:31.131	Custom indicator SupResZone_MTF AUDJPY.,H4: removed
2	20:51:31.134	Custom indicator SupResZone_MTF AUDJPY.,H4: removed
2	20:51:31.137	Custom indicator SupResZone_MTF AUDJPY.,H4: removed
2	20:51:31.140	Custom indicator MACD-2x AUDJPY.,H4: removed
2	20:51:31.140	Custom indicator Laguerre-ACS1 AUDJPY.,H4: removed
2	20:51:31.146	Custom indicator SupResZone_MTF AUDUSD.,H4: removed
2	20:51:31.148	Custom indicator SupResZone_MTF AUDUSD.,H4: removed
2	20:51:31.151	Custom indicator SupResZone_MTF AUDUSD.,H4: removed
2	20:51:31.154	Custom indicator SupResZone_MTF AUDUSD.,H4: removed
2	20:51:31.158	Custom indicator MACD-2x AUDUSD.,H4: removed
2	20:51:31.158	Custom indicator Laguerre-ACS1 AUDUSD.,H4: removed
2	20:51:31.165	Custom indicator SupResZone_MTF USDJPY.,H1: removed
2	20:51:31.167	Custom indicator SupResZone_MTF USDJPY.,H1: removed
2	20:51:31.171	Custom indicator SupResZone_MTF USDJPY.,H1: removed
2	20:51:31.175	Custom indicator SupResZone_MTF USDJPY.,H1: removed
2	20:51:31.177	Custom indicator MACD-2x USDJPY.,H1: removed
2	20:51:31.178	Custom indicator Laguerre-ACS1 USDJPY.,H1: removed
2	20:51:31.188	Custom indicator SupResZone_MTF EURJPY.,H4: removed
2	20:51:31.192	Custom indicator SupResZone_MTF EURJPY.,H4: removed
2	20:51:31.194	Custom indicator SupResZone_MTF EURJPY.,H4: removed
2	20:51:31.196	Custom indicator SupResZone_MTF EURJPY.,H4: removed
2	20:51:31.200	Custom indicator MACD-2x EURJPY.,H4: removed
2	20:51:31.200	Custom indicator Laguerre-ACS1 EURJPY.,H4: removed
2	20:51:31.231	Custom indicator SupResZone_MTF EURUSD.,H1: removed
2	20:51:31.233	Custom indicator SupResZone_MTF EURUSD.,H1: removed
2	20:51:31.236	Custom indicator SupResZone_MTF EURUSD.,H1: removed
2	20:51:31.238	Custom indicator SupResZone_MTF EURUSD.,H1: removed
2	20:51:31.241	Custom indicator MACD-2x EURUSD.,H1: removed
2	20:51:31.241	Custom indicator Laguerre-ACS1 EURUSD.,H1: removed
2	20:51:31.249	Custom indicator SupResZone_MTF GBPUSD.,H4: removed
2	20:51:31.251	Custom indicator SupResZone_MTF GBPUSD.,H4: removed
2	20:51:31.253	Custom indicator SupResZone_MTF GBPUSD.,H4: removed
2	20:51:31.255	Custom indicator SupResZone_MTF GBPUSD.,H4: removed
2	20:51:31.257	Custom indicator MACD-2x GBPUSD.,H4: removed
2	20:51:31.257	Custom indicator Laguerre-ACS1 GBPUSD.,H4: removed
2	20:51:31.284	Custom indicator SupResZone_MTF USDCAD.,H4: removed
2	20:51:31.286	Custom indicator SupResZone_MTF USDCAD.,H4: removed
2	20:51:31.289	Custom indicator SupResZone_MTF USDCAD.,H4: removed
2	20:51:31.293	Custom indicator SupResZone_MTF USDCAD.,H4: removed
2	20:51:31.296	Custom indicator MACD-2x USDCAD.,H4: removed
2	20:51:31.296	Custom indicator Laguerre-ACS1 USDCAD.,H4: removed
2	20:51:31.323	Custom indicator SupResZone_MTF USDCHF.,H4: removed
2	20:51:31.326	Custom indicator SupResZone_MTF USDCHF.,H4: removed
2	20:51:31.328	Custom indicator SupResZone_MTF USDCHF.,H4: removed
2	20:51:31.331	Custom indicator SupResZone_MTF USDCHF.,H4: removed
2	20:51:31.333	Custom indicator MACD-2x USDCHF.,H4: removed
2	20:51:31.333	Custom indicator Laguerre-ACS1 USDCHF.,H4: removed
2	20:51:31.343	Custom indicator MACD-2x USDCNH,Daily: removed
2	20:51:31.345	Custom indicator MACD-2x USDCNH,Daily: removed
2	20:51:31.346	Custom indicator Laguerre-ACS1 USDCNH,Daily: removed
2	20:51:31.368	Custom indicator GMMA Long USDJPY.,H1: removed
2	20:51:31.372	Custom indicator GMMA Short USDJPY.,H1: removed
2	20:51:31.377	Custom indicator 23MTF_MovingAverageIGOR USDJPY.,H1: removed
2	20:51:31.382	Custom indicator 23MTF_MovingAverageIGOR USDJPY.,H1: removed
2	20:51:31.387	Custom indicator SupResZone_MTF USDJPY.,H1: removed
2	20:51:31.391	Custom indicator SupResZone_MTF USDJPY.,H1: removed
2	20:51:31.395	Custom indicator MACD-2x USDJPY.,H1: removed
0	20:51:32.347	FX Trader build 1170 stopped
