2	01:29:07.939	Custom indicator Laguerre-ACS1 USDJPY.,H4: removed
2	01:29:07.951	Custom indicator MACD USDJPY.,H4: removed
2	01:29:07.977	Custom indicator Laguerre-ACS1 EURJPY.,H4: removed
2	01:29:07.979	Custom indicator MACD EURJPY.,H4: removed
2	01:29:08.006	Custom indicator Laguerre-ACS1 EURUSD.,H4: removed
2	01:29:08.008	Custom indicator MACD EURUSD.,H4: removed
2	01:29:08.092	Custom indicator Laguerre-ACS1 GBPUSD.,H4: removed
2	01:29:08.094	Custom indicator MACD GBPUSD.,H4: removed
2	01:29:08.164	Custom indicator Laguerre-ACS1 GBPJPY.,H4: removed
2	01:29:08.165	Custom indicator MACD GBPJPY.,H4: removed
2	01:29:08.173	Custom indicator Laguerre-ACS1 JP225,H4: removed
2	01:29:08.175	Custom indicator MACD JP225,H4: removed
2	01:29:08.194	Custom indicator Laguerre-ACS1 NDX100,Daily: removed
2	01:29:08.196	Custom indicator MACD NDX100,Daily: removed
2	01:29:08.202	Custom indicator Laguerre-ACS1 SPX500,H4: removed
2	01:29:08.204	Custom indicator MACD SPX500,H4: removed
2	01:29:08.208	Custom indicator Laguerre-ACS1 A50,Daily: removed
2	01:29:08.210	Custom indicator MACD A50,Daily: removed
2	01:29:08.218	Custom indicator Laguerre-ACS1 XAUUSD.,H1: removed
2	01:29:08.220	Custom indicator MACD XAUUSD.,H1: removed
2	01:29:08.229	Custom indicator Laguerre-ACS1 US_OIL,Daily: removed
2	01:29:08.231	Custom indicator MACD US_OIL,Daily: removed
0	01:29:08.728	FX Trader build 1170 stopped
0	22:51:12.290	FX Trader build 1170 started (Performance Ronnaru Capital Ltd.)
0	22:51:12.291	Windows 10 Home x64, IE 11, UAC, 8 x Intel Core i7-6700HQ  @ 2.60GHz, Memory: 20983 / 32639 Mb, Disk: 146 / 264 Gb, GMT+9
0	22:51:12.291	Data Folder: C:\Users\tiany\AppData\Roaming\MetaQuotes\Terminal\79214103E7A6FC97F86082D309D0B84B
2	22:51:14.057	Custom indicator 小鱼\Laguerre-ACS1 USDJPY.,H4: loaded successfully
2	22:51:14.067	Custom indicator MACD USDJPY.,H4: loaded successfully
2	22:51:14.182	Custom indicator 小鱼\Laguerre-ACS1 EURJPY.,H4: loaded successfully
2	22:51:14.192	Custom indicator MACD EURJPY.,H4: loaded successfully
2	22:51:14.320	Custom indicator 小鱼\Laguerre-ACS1 EURUSD.,H4: loaded successfully
2	22:51:14.330	Custom indicator MACD EURUSD.,H4: loaded successfully
2	22:51:14.466	Custom indicator 小鱼\Laguerre-ACS1 GBPUSD.,H4: loaded successfully
2	22:51:14.477	Custom indicator MACD GBPUSD.,H4: loaded successfully
2	22:51:14.596	Custom indicator 小鱼\Laguerre-ACS1 GBPJPY.,H4: loaded successfully
2	22:51:14.607	Custom indicator MACD GBPJPY.,H4: loaded successfully
2	22:51:14.727	Custom indicator 小鱼\Laguerre-ACS1 JP225,H4: loaded successfully
2	22:51:14.737	Custom indicator MACD JP225,H4: loaded successfully
2	22:51:14.862	Custom indicator 小鱼\Laguerre-ACS1 NDX100,Daily: loaded successfully
2	22:51:14.873	Custom indicator MACD NDX100,Daily: loaded successfully
2	22:51:15.009	Custom indicator 小鱼\Laguerre-ACS1 SPX500,H4: loaded successfully
2	22:51:15.020	Custom indicator MACD SPX500,H4: loaded successfully
2	22:51:15.164	Custom indicator 小鱼\Laguerre-ACS1 A50,Daily: loaded successfully
2	22:51:15.176	Custom indicator MACD A50,Daily: loaded successfully
2	22:51:15.311	Custom indicator 小鱼\Laguerre-ACS1 XAUUSD.,H1: loaded successfully
2	22:51:15.325	Custom indicator MACD XAUUSD.,H1: loaded successfully
2	22:51:15.465	Custom indicator 小鱼\Laguerre-ACS1 US_OIL,Daily: loaded successfully
2	22:51:15.475	Custom indicator MACD US_OIL,Daily: loaded successfully
0	22:51:16.882	'120010550': login on PRC-Live through Server 3 (ping: 52.04 ms)
0	22:51:17.614	'120010550': login datacenter on PRC-Live through Server 3 (ping: 52.04 ms)
0	22:51:17.888	'120010550': previous successful authorization performed from 106.181.126.24
0	22:51:34.862	'120010550': ping to current access point Server 3 is 38.92 ms
