1	02:26:58.615	'120010550': ping failed
0	02:27:02.382	'120010550': login on PRC-Live through Server 3 (ping: 131.47 ms)
0	02:27:04.364	'120010550': login datacenter on PRC-Live through Server 3 (ping: 131.47 ms)
0	02:27:04.981	'120010550': previous successful authorization performed from 101.131.181.23
1	10:36:56.576	'120010550': ping failed
1	10:36:56.688	MQL5.community: authorization failed
1	10:36:56.715	MQL5.community: authorization failed
0	10:37:00.437	'120010550': login on PRC-Live through Server 8 (ping: 136.87 ms)
0	10:37:00.555	'120010550': auto connecting to a better access point Server 5 (ping is 107.53 ms)
0	10:37:06.259	'120010550': login on PRC-Live through Server 5 (ping: 107.53 ms)
0	10:37:07.742	'120010550': login datacenter on PRC-Live through Server 5 (ping: 107.53 ms)
0	10:37:08.301	'120010550': previous successful authorization performed from 101.131.181.23
1	13:22:52.618	'120010550': ping failed
0	13:22:59.358	'120010550': login on PRC-Live through Server 3 (ping: 125.34 ms)
0	13:23:00.968	'120010550': login datacenter on PRC-Live through Server 3 (ping: 125.34 ms)
0	13:23:01.457	'120010550': previous successful authorization performed from 101.131.181.23
0	13:23:29.564	'120010550': auto connecting to a better access point Server 5 (ping is 96.18 ms)
0	13:23:30.890	'120010550': login on PRC-Live through Server 5 (ping: 96.18 ms)
0	13:23:33.401	'120010550': login datacenter on PRC-Live through Server 5 (ping: 96.18 ms)
0	13:23:33.865	'120010550': previous successful authorization performed from 1.180.18.101
2	13:24:07.241	Custom indicator SupResZone_MTF USDXXX,H1: removed
2	13:24:07.243	Custom indicator SupResZone_MTF USDXXX,H1: removed
2	13:24:07.245	Custom indicator SupResZone_MTF USDXXX,H1: removed
2	13:24:07.246	Custom indicator SupResZone_MTF USDXXX,H1: removed
2	13:24:07.248	Custom indicator MACD-2x USDXXX,H1: removed
2	13:24:07.248	Custom indicator Laguerre-ACS1 USDXXX,H1: removed
2	13:24:07.381	Custom indicator SupResZone_MTF XAUUSD.,H1: removed
2	13:24:07.383	Custom indicator SupResZone_MTF XAUUSD.,H1: removed
2	13:24:07.384	Custom indicator SupResZone_MTF XAUUSD.,H1: removed
2	13:24:07.386	Custom indicator SupResZone_MTF XAUUSD.,H1: removed
2	13:24:07.388	Custom indicator MACD-2x XAUUSD.,H1: removed
2	13:24:07.388	Custom indicator Laguerre-ACS1 XAUUSD.,H1: removed
2	13:24:07.394	Custom indicator SupResZone_MTF XAGUSD.,H4: removed
2	13:24:07.396	Custom indicator SupResZone_MTF XAGUSD.,H4: removed
2	13:24:07.397	Custom indicator SupResZone_MTF XAGUSD.,H4: removed
2	13:24:07.398	Custom indicator SupResZone_MTF XAGUSD.,H4: removed
2	13:24:07.400	Custom indicator MACD-2x XAGUSD.,H4: removed
2	13:24:07.400	Custom indicator Laguerre-ACS1 XAGUSD.,H4: removed
2	13:24:07.406	Custom indicator SupResZone_MTF US_OIL,H4: removed
2	13:24:07.408	Custom indicator SupResZone_MTF US_OIL,H4: removed
2	13:24:07.409	Custom indicator SupResZone_MTF US_OIL,H4: removed
2	13:24:07.411	Custom indicator SupResZone_MTF US_OIL,H4: removed
2	13:24:07.412	Custom indicator MACD-2x US_OIL,H4: removed
2	13:24:07.412	Custom indicator Laguerre-ACS1 US_OIL,H4: removed
2	13:24:07.417	Custom indicator SupResZone_MTF JP225,H4: removed
2	13:24:07.419	Custom indicator SupResZone_MTF JP225,H4: removed
2	13:24:07.421	Custom indicator SupResZone_MTF JP225,H4: removed
2	13:24:07.421	Custom indicator SupResZone_MTF JP225,H4: removed
2	13:24:07.424	Custom indicator MACD-2x JP225,H4: removed
2	13:24:07.424	Custom indicator Laguerre-ACS1 JP225,H4: removed
2	13:24:07.429	Custom indicator SupResZone_MTF SPX500,H4: removed
2	13:24:07.431	Custom indicator SupResZone_MTF SPX500,H4: removed
2	13:24:07.432	Custom indicator SupResZone_MTF SPX500,H4: removed
2	13:24:07.434	Custom indicator SupResZone_MTF SPX500,H4: removed
2	13:24:07.436	Custom indicator MACD-2x SPX500,H4: removed
2	13:24:07.436	Custom indicator Laguerre-ACS1 SPX500,H4: removed
2	13:24:07.443	Custom indicator SupResZone_MTF EURAUD.,H4: removed
2	13:24:07.445	Custom indicator SupResZone_MTF EURAUD.,H4: removed
2	13:24:07.446	Custom indicator SupResZone_MTF EURAUD.,H4: removed
2	13:24:07.448	Custom indicator SupResZone_MTF EURAUD.,H4: removed
2	13:24:07.449	Custom indicator MACD-2x EURAUD.,H4: removed
2	13:24:07.449	Custom indicator Laguerre-ACS1 EURAUD.,H4: removed
2	13:24:07.458	Custom indicator SupResZone_MTF AUDJPY.,H4: removed
2	13:24:07.459	Custom indicator SupResZone_MTF AUDJPY.,H4: removed
2	13:24:07.461	Custom indicator SupResZone_MTF AUDJPY.,H4: removed
2	13:24:07.463	Custom indicator SupResZone_MTF AUDJPY.,H4: removed
2	13:24:07.465	Custom indicator MACD-2x AUDJPY.,H4: removed
2	13:24:07.465	Custom indicator Laguerre-ACS1 AUDJPY.,H4: removed
2	13:24:07.471	Custom indicator SupResZone_MTF AUDUSD.,H4: removed
2	13:24:07.472	Custom indicator SupResZone_MTF AUDUSD.,H4: removed
2	13:24:07.474	Custom indicator SupResZone_MTF AUDUSD.,H4: removed
2	13:24:07.475	Custom indicator SupResZone_MTF AUDUSD.,H4: removed
2	13:24:07.477	Custom indicator MACD-2x AUDUSD.,H4: removed
2	13:24:07.477	Custom indicator Laguerre-ACS1 AUDUSD.,H4: removed
2	13:24:07.484	Custom indicator SupResZone_MTF USDJPY.,H4: removed
2	13:24:07.486	Custom indicator SupResZone_MTF USDJPY.,H4: removed
2	13:24:07.489	Custom indicator SupResZone_MTF USDJPY.,H4: removed
2	13:24:07.491	Custom indicator SupResZone_MTF USDJPY.,H4: removed
2	13:24:07.493	Custom indicator MACD-2x USDJPY.,H4: removed
2	13:24:07.493	Custom indicator Laguerre-ACS1 USDJPY.,H4: removed
2	13:24:07.500	Custom indicator SupResZone_MTF EURJPY.,H4: removed
2	13:24:07.502	Custom indicator SupResZone_MTF EURJPY.,H4: removed
2	13:24:07.505	Custom indicator SupResZone_MTF EURJPY.,H4: removed
2	13:24:07.507	Custom indicator SupResZone_MTF EURJPY.,H4: removed
2	13:24:07.509	Custom indicator MACD-2x EURJPY.,H4: removed
2	13:24:07.510	Custom indicator Laguerre-ACS1 EURJPY.,H4: removed
2	13:24:07.515	Custom indicator SupResZone_MTF EURUSD.,H4: removed
2	13:24:07.517	Custom indicator SupResZone_MTF EURUSD.,H4: removed
2	13:24:07.519	Custom indicator SupResZone_MTF EURUSD.,H4: removed
2	13:24:07.521	Custom indicator SupResZone_MTF EURUSD.,H4: removed
2	13:24:07.523	Custom indicator MACD-2x EURUSD.,H4: removed
2	13:24:07.523	Custom indicator Laguerre-ACS1 EURUSD.,H4: removed
2	13:24:07.530	Custom indicator SupResZone_MTF GBPJPY.,H4: removed
2	13:24:07.531	Custom indicator SupResZone_MTF GBPJPY.,H4: removed
2	13:24:07.535	Custom indicator SupResZone_MTF GBPJPY.,H4: removed
2	13:24:07.538	Custom indicator SupResZone_MTF GBPJPY.,H4: removed
2	13:24:07.541	Custom indicator MACD-2x GBPJPY.,H4: removed
2	13:24:07.541	Custom indicator Laguerre-ACS1 GBPJPY.,H4: removed
2	13:24:07.548	Custom indicator SupResZone_MTF GBPUSD.,H4: removed
2	13:24:07.551	Custom indicator SupResZone_MTF GBPUSD.,H4: removed
2	13:24:07.552	Custom indicator SupResZone_MTF GBPUSD.,H4: removed
2	13:24:07.554	Custom indicator SupResZone_MTF GBPUSD.,H4: removed
2	13:24:07.557	Custom indicator MACD-2x GBPUSD.,H4: removed
2	13:24:07.557	Custom indicator Laguerre-ACS1 GBPUSD.,H4: removed
2	13:24:07.562	Custom indicator SupResZone_MTF USDCAD.,H4: removed
2	13:24:07.564	Custom indicator SupResZone_MTF USDCAD.,H4: removed
2	13:24:07.567	Custom indicator SupResZone_MTF USDCAD.,H4: removed
2	13:24:07.569	Custom indicator SupResZone_MTF USDCAD.,H4: removed
2	13:24:07.571	Custom indicator MACD-2x USDCAD.,H4: removed
2	13:24:07.571	Custom indicator Laguerre-ACS1 USDCAD.,H4: removed
2	13:24:07.590	Custom indicator SupResZone_MTF USDCHF.,H4: removed
2	13:24:07.592	Custom indicator SupResZone_MTF USDCHF.,H4: removed
2	13:24:07.594	Custom indicator SupResZone_MTF USDCHF.,H4: removed
2	13:24:07.596	Custom indicator SupResZone_MTF USDCHF.,H4: removed
2	13:24:07.598	Custom indicator MACD-2x USDCHF.,H4: removed
2	13:24:07.598	Custom indicator Laguerre-ACS1 USDCHF.,H4: removed
2	13:24:07.604	Custom indicator SupResZone_MTF USDCNH,Daily: removed
2	13:24:07.606	Custom indicator SupResZone_MTF USDCNH,Daily: removed
2	13:24:07.608	Custom indicator SupResZone_MTF USDCNH,Daily: removed
2	13:24:07.609	Custom indicator SupResZone_MTF USDCNH,Daily: removed
2	13:24:07.611	Custom indicator MACD-2x USDCNH,Daily: removed
2	13:24:07.611	Custom indicator Laguerre-ACS1 USDCNH,Daily: removed
2	13:24:07.628	Custom indicator GMMA Long USDJPY.,H4: removed
2	13:24:07.630	Custom indicator GMMA Short USDJPY.,H4: removed
2	13:24:07.631	Custom indicator 23MTF_MovingAverageIGOR USDJPY.,H4: removed
2	13:24:07.633	Custom indicator 23MTF_MovingAverageIGOR USDJPY.,H4: removed
2	13:24:07.635	Custom indicator SupResZone_MTF USDJPY.,H4: removed
2	13:24:07.636	Custom indicator SupResZone_MTF USDJPY.,H4: removed
2	13:24:07.639	Custom indicator MACD-2x USDJPY.,H4: removed
2	13:24:07.650	Custom indicator SupResZone_MTF CHINA300,Daily: removed
2	13:24:07.652	Custom indicator SupResZone_MTF CHINA300,Daily: removed
2	13:24:07.653	Custom indicator SupResZone_MTF CHINA300,Daily: removed
2	13:24:07.655	Custom indicator SupResZone_MTF CHINA300,Daily: removed
2	13:24:07.657	Custom indicator MACD-2x CHINA300,Daily: removed
2	13:24:07.657	Custom indicator Laguerre-ACS1 CHINA300,Daily: removed
0	13:24:08.119	FX Trader build 1170 stopped
0	13:25:28.635	FX Trader build 1170 started (Performance Ronnaru Capital Ltd.)
0	13:25:28.636	Windows 10 Home x64, IE 11, UAC, 8 x Intel Core i7-6700HQ  @ 2.60GHz, Memory: 29460 / 32639 Mb, Disk: 136 / 264 Gb, GMT+8
0	13:25:28.636	Data Folder: C:\Users\tiany\AppData\Roaming\MetaQuotes\Terminal\79214103E7A6FC97F86082D309D0B84B
1	13:25:30.418	MQL Base: failed connect to server
2	13:25:31.272	Custom indicator SupResZone_MTF USDXXX,H1: loaded successfully
2	13:25:31.300	Custom indicator SupResZone_MTF USDXXX,H1: loaded successfully
2	13:25:31.322	Custom indicator SupResZone_MTF USDXXX,H1: loaded successfully
2	13:25:31.343	Custom indicator SupResZone_MTF USDXXX,H1: loaded successfully
2	13:25:31.365	Custom indicator MACD-2x USDXXX,H1: loaded successfully
2	13:25:31.506	Custom indicator Laguerre-ACS1 USDXXX,H1: loaded successfully
2	13:25:31.853	Custom indicator SupResZone_MTF XAUUSD.,H1: loaded successfully
2	13:25:31.870	Custom indicator SupResZone_MTF XAUUSD.,H1: loaded successfully
2	13:25:31.887	Custom indicator SupResZone_MTF XAUUSD.,H1: loaded successfully
2	13:25:31.904	Custom indicator SupResZone_MTF XAUUSD.,H1: loaded successfully
2	13:25:31.931	Custom indicator MACD-2x XAUUSD.,H1: loaded successfully
2	13:25:32.070	Custom indicator Laguerre-ACS1 XAUUSD.,H1: loaded successfully
2	13:25:32.385	Custom indicator SupResZone_MTF XAGUSD.,H4: loaded successfully
2	13:25:32.400	Custom indicator SupResZone_MTF XAGUSD.,H4: loaded successfully
2	13:25:32.417	Custom indicator SupResZone_MTF XAGUSD.,H4: loaded successfully
2	13:25:32.431	Custom indicator SupResZone_MTF XAGUSD.,H4: loaded successfully
2	13:25:32.447	Custom indicator MACD-2x XAGUSD.,H4: loaded successfully
2	13:25:32.619	Custom indicator Laguerre-ACS1 XAGUSD.,H4: loaded successfully
2	13:25:32.972	Custom indicator SupResZone_MTF US_OIL,H4: loaded successfully
2	13:25:32.987	Custom indicator SupResZone_MTF US_OIL,H4: loaded successfully
2	13:25:33.007	Custom indicator SupResZone_MTF US_OIL,H4: loaded successfully
2	13:25:33.027	Custom indicator SupResZone_MTF US_OIL,H4: loaded successfully
2	13:25:33.050	Custom indicator MACD-2x US_OIL,H4: loaded successfully
2	13:25:33.168	Custom indicator Laguerre-ACS1 US_OIL,H4: loaded successfully
2	13:25:33.595	Custom indicator SupResZone_MTF JP225,H4: loaded successfully
2	13:25:33.614	Custom indicator SupResZone_MTF JP225,H4: loaded successfully
2	13:25:33.633	Custom indicator SupResZone_MTF JP225,H4: loaded successfully
2	13:25:33.653	Custom indicator SupResZone_MTF JP225,H4: loaded successfully
2	13:25:33.669	Custom indicator MACD-2x JP225,H4: loaded successfully
2	13:25:33.800	Custom indicator Laguerre-ACS1 JP225,H4: loaded successfully
2	13:25:34.140	Custom indicator SupResZone_MTF SPX500,H4: loaded successfully
2	13:25:34.164	Custom indicator SupResZone_MTF SPX500,H4: loaded successfully
2	13:25:34.180	Custom indicator SupResZone_MTF SPX500,H4: loaded successfully
2	13:25:34.194	Custom indicator SupResZone_MTF SPX500,H4: loaded successfully
2	13:25:34.207	Custom indicator MACD-2x SPX500,H4: loaded successfully
2	13:25:34.307	Custom indicator Laguerre-ACS1 SPX500,H4: loaded successfully
2	13:25:34.646	Custom indicator SupResZone_MTF EURAUD.,H4: loaded successfully
2	13:25:34.656	Custom indicator SupResZone_MTF EURAUD.,H4: loaded successfully
2	13:25:34.667	Custom indicator SupResZone_MTF EURAUD.,H4: loaded successfully
2	13:25:34.677	Custom indicator SupResZone_MTF EURAUD.,H4: loaded successfully
2	13:25:34.687	Custom indicator MACD-2x EURAUD.,H4: loaded successfully
2	13:25:34.763	Custom indicator Laguerre-ACS1 EURAUD.,H4: loaded successfully
2	13:25:35.073	Custom indicator SupResZone_MTF AUDJPY.,H4: loaded successfully
2	13:25:35.087	Custom indicator SupResZone_MTF AUDJPY.,H4: loaded successfully
2	13:25:35.104	Custom indicator SupResZone_MTF AUDJPY.,H4: loaded successfully
2	13:25:35.123	Custom indicator SupResZone_MTF AUDJPY.,H4: loaded successfully
2	13:25:35.139	Custom indicator MACD-2x AUDJPY.,H4: loaded successfully
2	13:25:35.229	Custom indicator Laguerre-ACS1 AUDJPY.,H4: loaded successfully
2	13:25:35.492	Custom indicator SupResZone_MTF AUDUSD.,H4: loaded successfully
2	13:25:35.503	Custom indicator SupResZone_MTF AUDUSD.,H4: loaded successfully
2	13:25:35.514	Custom indicator SupResZone_MTF AUDUSD.,H4: loaded successfully
2	13:25:35.524	Custom indicator SupResZone_MTF AUDUSD.,H4: loaded successfully
2	13:25:35.536	Custom indicator MACD-2x AUDUSD.,H4: loaded successfully
2	13:25:35.611	Custom indicator Laguerre-ACS1 AUDUSD.,H4: loaded successfully
2	13:25:35.894	Custom indicator SupResZone_MTF USDJPY.,H4: loaded successfully
2	13:25:35.910	Custom indicator SupResZone_MTF USDJPY.,H4: loaded successfully
2	13:25:35.925	Custom indicator SupResZone_MTF USDJPY.,H4: loaded successfully
2	13:25:35.941	Custom indicator SupResZone_MTF USDJPY.,H4: loaded successfully
2	13:25:35.955	Custom indicator MACD-2x USDJPY.,H4: loaded successfully
2	13:25:36.052	Custom indicator Laguerre-ACS1 USDJPY.,H4: loaded successfully
2	13:25:36.382	Custom indicator SupResZone_MTF EURJPY.,H4: loaded successfully
2	13:25:36.393	Custom indicator SupResZone_MTF EURJPY.,H4: loaded successfully
2	13:25:36.405	Custom indicator SupResZone_MTF EURJPY.,H4: loaded successfully
2	13:25:36.418	Custom indicator SupResZone_MTF EURJPY.,H4: loaded successfully
2	13:25:36.432	Custom indicator MACD-2x EURJPY.,H4: loaded successfully
2	13:25:36.532	Custom indicator Laguerre-ACS1 EURJPY.,H4: loaded successfully
2	13:25:36.850	Custom indicator SupResZone_MTF EURUSD.,H4: loaded successfully
2	13:25:36.864	Custom indicator SupResZone_MTF EURUSD.,H4: loaded successfully
2	13:25:36.876	Custom indicator SupResZone_MTF EURUSD.,H4: loaded successfully
2	13:25:36.888	Custom indicator SupResZone_MTF EURUSD.,H4: loaded successfully
2	13:25:36.899	Custom indicator MACD-2x EURUSD.,H4: loaded successfully
2	13:25:36.991	Custom indicator Laguerre-ACS1 EURUSD.,H4: loaded successfully
2	13:25:37.421	Custom indicator SupResZone_MTF GBPJPY.,H4: loaded successfully
2	13:25:37.436	Custom indicator SupResZone_MTF GBPJPY.,H4: loaded successfully
2	13:25:37.452	Custom indicator SupResZone_MTF GBPJPY.,H4: loaded successfully
2	13:25:37.470	Custom indicator SupResZone_MTF GBPJPY.,H4: loaded successfully
2	13:25:37.485	Custom indicator MACD-2x GBPJPY.,H4: loaded successfully
2	13:25:37.587	Custom indicator Laguerre-ACS1 GBPJPY.,H4: loaded successfully
2	13:25:37.911	Custom indicator SupResZone_MTF GBPUSD.,H4: loaded successfully
2	13:25:37.922	Custom indicator SupResZone_MTF GBPUSD.,H4: loaded successfully
2	13:25:37.933	Custom indicator SupResZone_MTF GBPUSD.,H4: loaded successfully
2	13:25:37.944	Custom indicator SupResZone_MTF GBPUSD.,H4: loaded successfully
2	13:25:37.955	Custom indicator MACD-2x GBPUSD.,H4: loaded successfully
2	13:25:38.034	Custom indicator Laguerre-ACS1 GBPUSD.,H4: loaded successfully
2	13:25:38.384	Custom indicator SupResZone_MTF USDCAD.,H4: loaded successfully
2	13:25:38.394	Custom indicator SupResZone_MTF USDCAD.,H4: loaded successfully
2	13:25:38.405	Custom indicator SupResZone_MTF USDCAD.,H4: loaded successfully
2	13:25:38.417	Custom indicator SupResZone_MTF USDCAD.,H4: loaded successfully
2	13:25:38.430	Custom indicator MACD-2x USDCAD.,H4: loaded successfully
2	13:25:38.508	Custom indicator Laguerre-ACS1 USDCAD.,H4: loaded successfully
2	13:25:38.717	Custom indicator SupResZone_MTF USDCHF.,H4: loaded successfully
2	13:25:38.728	Custom indicator SupResZone_MTF USDCHF.,H4: loaded successfully
2	13:25:38.740	Custom indicator SupResZone_MTF USDCHF.,H4: loaded successfully
2	13:25:38.750	Custom indicator SupResZone_MTF USDCHF.,H4: loaded successfully
2	13:25:38.761	Custom indicator MACD-2x USDCHF.,H4: loaded successfully
2	13:25:38.838	Custom indicator Laguerre-ACS1 USDCHF.,H4: loaded successfully
2	13:25:39.173	Custom indicator SupResZone_MTF USDCNH,Daily: loaded successfully
2	13:25:39.185	Custom indicator SupResZone_MTF USDCNH,Daily: loaded successfully
2	13:25:39.195	Custom indicator SupResZone_MTF USDCNH,Daily: loaded successfully
2	13:25:39.205	Custom indicator SupResZone_MTF USDCNH,Daily: loaded successfully
2	13:25:39.216	Custom indicator MACD-2x USDCNH,Daily: loaded successfully
2	13:25:39.286	Custom indicator Laguerre-ACS1 USDCNH,Daily: loaded successfully
2	13:25:39.469	Custom indicator GMMA Long USDJPY.,H4: loaded successfully
2	13:25:39.480	Custom indicator GMMA Short USDJPY.,H4: loaded successfully
2	13:25:39.489	Custom indicator 23MTF_MovingAverageIGOR USDJPY.,H4: loaded successfully
2	13:25:39.498	Custom indicator 23MTF_MovingAverageIGOR USDJPY.,H4: loaded successfully
2	13:25:39.509	Custom indicator SupResZone_MTF USDJPY.,H4: loaded successfully
2	13:25:39.520	Custom indicator SupResZone_MTF USDJPY.,H4: loaded successfully
2	13:25:39.532	Custom indicator MACD-2x USDJPY.,H4: loaded successfully
2	13:25:39.732	Custom indicator SupResZone_MTF CHINA300,Daily: loaded successfully
2	13:25:39.743	Custom indicator SupResZone_MTF CHINA300,Daily: loaded successfully
2	13:25:39.754	Custom indicator SupResZone_MTF CHINA300,Daily: loaded successfully
2	13:25:39.763	Custom indicator SupResZone_MTF CHINA300,Daily: loaded successfully
2	13:25:39.775	Custom indicator MACD-2x CHINA300,Daily: loaded successfully
2	13:25:39.848	Custom indicator Laguerre-ACS1 CHINA300,Daily: loaded successfully
0	13:25:42.288	'120010550': login on PRC-Live through Server 5 (ping: 96.18 ms)
0	13:25:54.279	'120010550': login datacenter on PRC-Live through Server 5 (ping: 96.18 ms)
0	13:25:54.698	'120010550': previous successful authorization performed from 101.131.181.23
1	14:02:29.515	'120010550': ping failed
1	14:02:29.576	'120010550': ping failed
1	14:02:29.576	'120010550': datacenter connecting failed [6]
0	14:02:33.343	'120010550': login on PRC-Live through Server 3 (ping: 119.85 ms)
0	14:02:35.575	'120010550': login datacenter on PRC-Live through Server 3 (ping: 119.85 ms)
0	14:02:36.074	'120010550': previous successful authorization performed from 101.131.181.23
1	14:28:17.377	'120010550': ping failed
0	14:28:18.705	'120010550': login on PRC-Live through Server 3 (ping: 119.85 ms)
0	14:28:59.574	'120010550': login on PRC-Live through Server 3 (ping: 119.85 ms)
0	14:30:03.874	'120010550': login datacenter on PRC-Live
0	14:30:32.272	'120010550': login on PRC-Live through Server 7 (ping: 164.33 ms)
0	14:30:33.508	'120010550': auto connecting to a better access point Server 5 (ping is 95.94 ms)
1	14:30:54.618	'120010550': datacenter connecting failed [6]
0	14:31:01.350	'120010550': login on PRC-Live through Server 5 (ping: 95.94 ms)
0	14:31:04.136	'120010550': login datacenter on PRC-Live through Server 5 (ping: 95.94 ms)
0	14:31:04.575	'120010550': previous successful authorization performed from 1.180.18.117
1	18:42:21.589	'120010550': ping failed
0	18:42:25.428	'120010550': login on PRC-Live through Server 3 (ping: 114.66 ms)
0	18:42:27.268	'120010550': login datacenter on PRC-Live through Server 3 (ping: 114.66 ms)
0	18:42:28.063	'120010550': previous successful authorization performed from 101.131.181.23
0	18:42:49.567	'120010550': auto connecting to a better access point Server 5 (ping is 99.23 ms)
0	18:42:50.394	'120010550': login on PRC-Live through Server 5 (ping: 99.23 ms)
0	18:42:51.899	'120010550': login datacenter on PRC-Live through Server 5 (ping: 99.23 ms)
0	18:42:52.258	'120010550': previous successful authorization performed from 1.180.18.101
0	19:44:25.772	'120010550': login on PRC-Live through Server 5 (ping: 99.23 ms)
0	19:44:26.755	'120010550': login datacenter on PRC-Live through Server 5 (ping: 99.23 ms)
0	19:44:27.078	'120010550': previous successful authorization performed from 101.131.181.23
0	19:44:49.569	'120010550': auto connecting to a better access point Server 3 (ping is 117.26 ms)
0	19:44:50.222	'120010550': login on PRC-Live through Server 3 (ping: 117.26 ms)
0	19:44:53.010	'120010550': login datacenter on PRC-Live through Server 3 (ping: 117.26 ms)
0	19:44:53.429	'120010550': previous successful authorization performed from 101.131.181.23
1	19:48:53.736	'120010550': ping failed
0	19:48:54.577	'120010550': login on PRC-Live through Server 3 (ping: 117.26 ms)
0	19:49:32.833	'120010550': login on PRC-Live through Server 3 (ping: 117.26 ms)
0	19:50:11.368	'120010550': login on PRC-Live through Server 3 (ping: 117.26 ms)
0	19:50:39.666	'120010550': login on PRC-Live through Server 3 (ping: 117.26 ms)
0	19:50:41.199	'120010550': login datacenter on PRC-Live through Server 3 (ping: 117.26 ms)
0	19:50:41.730	'120010550': previous successful authorization performed from 1.180.18.101
1	19:51:01.345	'120010550': ping failed
1	19:51:01.347	'120010550': datacenter connecting failed [6]
0	19:51:02.205	'120010550': login on PRC-Live through Server 7 (ping: 117.39 ms)
0	19:51:44.609	'120010550': login on PRC-Live through Server 7 (ping: 117.39 ms)
0	19:52:12.680	'120010550': login on PRC-Live through Server 7 (ping: 117.39 ms)
0	19:52:43.120	'120010550': login on PRC-Live through Server 7 (ping: 117.39 ms)
0	19:53:13.016	'120010550': login on PRC-Live through Server 7 (ping: 117.39 ms)
0	19:53:52.956	'120010550': login datacenter on PRC-Live through Server 7 (ping: 117.39 ms)
0	19:54:21.983	'120010550': login on PRC-Live through Server 7 (ping: 117.39 ms)
0	19:55:01.228	'120010550': login on PRC-Live through Server 7 (ping: 117.39 ms)
0	19:56:01.862	'120010550': login datacenter on PRC-Live through Server 7 (ping: 117.39 ms)
0	19:56:08.005	'120010550': login on PRC-Live through Server 7 (ping: 117.39 ms)
0	19:57:09.016	'120010550': login datacenter on PRC-Live
0	19:57:15.189	'120010550': login on PRC-Live through Server 6 (ping: 133.86 ms)
0	19:57:33.390	'120010550': ping to current access point Server 6 is 157.62 ms
0	19:57:50.310	'120010550': login on PRC-Live through Server 6 (ping: 157.62 ms)
0	19:57:53.739	'120010550': login datacenter on PRC-Live through Server 6 (ping: 157.62 ms)
0	19:58:19.112	'120010550': previous successful authorization performed from 1.180.18.117
1	20:08:39.321	'120010550': connect failed [No connection]
0	20:08:45.166	'120010550': login on PRC-Live through Server 3 (ping: 139.65 ms)
0	20:08:48.386	'120010550': login datacenter on PRC-Live through Server 3 (ping: 139.65 ms)
0	20:08:48.977	'120010550': previous successful authorization performed from 1.180.18.117
0	21:01:00.528	'120010550': login on PRC-Live through Server 3 (ping: 139.65 ms)
0	21:01:03.882	'120010550': login datacenter on PRC-Live through Server 3 (ping: 139.65 ms)
0	21:01:04.485	'120010550': previous successful authorization performed from 1.180.18.101
0	21:01:38.573	'120010550': ping to current access point Server 3 is 186.57 ms
1	22:10:27.362	'120010550': ping failed
1	22:10:27.364	'120010550': datacenter connecting failed [6]
0	22:10:28.136	'120010550': login on PRC-Live through Server 7 (ping: 187.63 ms)
0	22:10:31.361	'120010550': login datacenter on PRC-Live through Server 7 (ping: 187.63 ms)
0	22:10:33.379	'120010550': previous successful authorization performed from 1.180.18.101
0	22:11:03.571	'120010550': auto connecting to a better access point Server 3 (ping is 122.58 ms)
0	22:11:04.310	'120010550': login on PRC-Live through Server 3 (ping: 122.58 ms)
0	22:11:29.505	'120010550': login datacenter on PRC-Live through Server 3 (ping: 122.58 ms)
0	22:11:35.450	'120010550': login on PRC-Live through Server 3 (ping: 122.58 ms)
0	22:11:55.178	'120010550': login datacenter on PRC-Live through Server 3 (ping: 122.58 ms)
0	22:11:56.593	'120010550': previous successful authorization performed from 1.180.18.101
0	22:23:38.921	'120010550': login on PRC-Live through Server 3 (ping: 122.58 ms)
0	22:23:41.191	'120010550': login datacenter on PRC-Live through Server 3 (ping: 122.58 ms)
0	22:23:42.370	'120010550': previous successful authorization performed from 1.180.18.101
1	22:44:02.986	'120010550': ping failed
0	22:44:03.219	'120010550': login datacenter on PRC-Live
0	22:44:25.151	'120010550': login on PRC-Live through Server 6 (ping: 136.99 ms)
0	22:44:53.858	'120010550': login on PRC-Live through Server 6 (ping: 136.99 ms)
0	22:45:35.149	'120010550': login on PRC-Live through Server 6 (ping: 136.99 ms)
0	22:46:17.086	'120010550': login on PRC-Live through Server 6 (ping: 136.99 ms)
0	22:46:54.485	'120010550': login datacenter on PRC-Live through Server 6 (ping: 136.99 ms)
0	22:47:00.409	'120010550': login on PRC-Live through Server 6 (ping: 136.99 ms)
0	22:47:30.743	'120010550': login on PRC-Live through Server 6 (ping: 136.99 ms)
0	22:48:06.169	'120010550': login on PRC-Live through Server 6 (ping: 136.99 ms)
0	22:48:08.000	'120010550': login datacenter on PRC-Live through Server 6 (ping: 136.99 ms)
0	22:48:08.535	'120010550': previous successful authorization performed from 1.180.18.117
1	22:48:28.174	'120010550': ping failed
1	22:48:28.176	'120010550': datacenter connecting failed [6]
0	22:48:34.873	'120010550': login on PRC-Live through Server 5 (ping: 214.82 ms)
0	22:49:12.948	'120010550': login datacenter on PRC-Live through Server 5 (ping: 214.82 ms)
0	22:49:13.352	'120010550': previous successful authorization performed from 1.180.18.117
1	23:32:17.988	'120010550': datacenter connecting failed [6]
0	23:32:19.225	'120010550': login on PRC-Live through Server 5 (ping: 214.82 ms)
0	23:32:25.391	'120010550': login datacenter on PRC-Live through Server 5 (ping: 214.82 ms)
0	23:32:25.796	'120010550': previous successful authorization performed from 101.131.181.23
0	23:32:58.789	'120010550': auto connecting to a better access point Server 7 (ping is 150.47 ms)
0	23:32:59.802	'120010550': login on PRC-Live through Server 7 (ping: 150.47 ms)
0	23:33:50.174	'120010550': login on PRC-Live through Server 7 (ping: 150.47 ms)
0	23:34:56.317	'120010550': login on PRC-Live through Server 5 (ping: 173.29 ms)
0	23:34:57.533	'120010550': login datacenter on PRC-Live through Server 5 (ping: 173.29 ms)
0	23:34:57.904	'120010550': previous successful authorization performed from 1.180.18.117
