2	00:40:39.990	Custom indicator Laguerre-ACS1 GBPUSD,H4: removed
2	00:40:39.992	Custom indicator MACD GBPUSD,H4: removed
2	00:40:40.067	Custom indicator 小鱼\Laguerre-ACS1 GBPUSD,H4: loaded successfully
2	00:40:40.077	Custom indicator MACD GBPUSD,H4: loaded successfully
2	00:40:48.057	Custom indicator Laguerre-ACS1 JP225,Daily: removed
2	00:40:48.059	Custom indicator MACD JP225,Daily: removed
2	00:40:48.138	Custom indicator 小鱼\Laguerre-ACS1 JP225,Daily: loaded successfully
2	00:40:48.148	Custom indicator MACD JP225,Daily: loaded successfully
2	01:04:16.119	Custom indicator Laguerre-ACS1 USDJPY,H4: removed
2	01:04:16.122	Custom indicator MACD USDJPY,H4: removed
2	01:04:16.127	Custom indicator Laguerre-ACS1 EURJPY,H1: removed
2	01:04:16.130	Custom indicator MACD EURJPY,H1: removed
2	01:04:16.134	Custom indicator Laguerre-ACS1 EURUSD,H1: removed
2	01:04:16.137	Custom indicator MACD EURUSD,H1: removed
2	01:04:16.165	Custom indicator Laguerre-ACS1 GBPUSD,H4: removed
2	01:04:16.167	Custom indicator MACD GBPUSD,H4: removed
2	01:04:16.196	Custom indicator Laguerre-ACS1 GBPJPY,H4: removed
2	01:04:16.198	Custom indicator MACD GBPJPY,H4: removed
2	01:04:16.229	Custom indicator Laguerre-ACS1 JP225,H4: removed
2	01:04:16.231	Custom indicator MACD JP225,H4: removed
2	01:04:16.255	Custom indicator Laguerre-ACS1 SPX500,Daily: removed
2	01:04:16.257	Custom indicator MACD SPX500,Daily: removed
2	01:04:16.263	Custom indicator Laguerre-ACS1 A50,Daily: removed
2	01:04:16.265	Custom indicator MACD A50,Daily: removed
2	01:04:16.268	Custom indicator Laguerre-ACS1 CHINA300,Daily: removed
2	01:04:16.270	Custom indicator MACD CHINA300,Daily: removed
2	01:04:16.274	Custom indicator Laguerre-ACS1 US_OIL,Weekly: removed
2	01:04:16.276	Custom indicator MACD US_OIL,Weekly: removed
2	01:04:16.280	Custom indicator Laguerre-ACS1 XAUUSD,Daily: removed
2	01:04:16.283	Custom indicator MACD XAUUSD,Daily: removed
2	01:04:16.291	Custom indicator Laguerre-ACS1 NDX100,Weekly: removed
2	01:04:16.293	Custom indicator MACD NDX100,Weekly: removed
0	01:04:16.683	FX Trader build 1170 stopped
0	23:51:53.120	FX Trader build 1170 started (Performance Ronnaru Capital Ltd.)
0	23:51:53.120	Windows 10 Home x64, IE 11, UAC, 8 x Intel Core i7-6700HQ  @ 2.60GHz, Memory: 23484 / 32639 Mb, Disk: 152 / 264 Gb, GMT+9
0	23:51:53.120	Data Folder: C:\Users\tiany\AppData\Roaming\MetaQuotes\Terminal\79214103E7A6FC97F86082D309D0B84B
2	23:51:55.207	Custom indicator 小鱼\Laguerre-ACS1 USDJPY,H4: loaded successfully
2	23:51:55.219	Custom indicator MACD USDJPY,H4: loaded successfully
2	23:51:55.349	Custom indicator 小鱼\Laguerre-ACS1 EURJPY,H1: loaded successfully
2	23:51:55.361	Custom indicator MACD EURJPY,H1: loaded successfully
2	23:51:55.481	Custom indicator 小鱼\Laguerre-ACS1 EURUSD,H1: loaded successfully
2	23:51:55.491	Custom indicator MACD EURUSD,H1: loaded successfully
2	23:51:55.600	Custom indicator 小鱼\Laguerre-ACS1 GBPUSD,H4: loaded successfully
2	23:51:55.610	Custom indicator MACD GBPUSD,H4: loaded successfully
2	23:51:55.757	Custom indicator 小鱼\Laguerre-ACS1 GBPJPY,H4: loaded successfully
2	23:51:55.767	Custom indicator MACD GBPJPY,H4: loaded successfully
2	23:51:55.910	Custom indicator 小鱼\Laguerre-ACS1 JP225,H4: loaded successfully
2	23:51:55.921	Custom indicator MACD JP225,H4: loaded successfully
2	23:51:56.041	Custom indicator 小鱼\Laguerre-ACS1 NDX100,Weekly: loaded successfully
2	23:51:56.051	Custom indicator MACD NDX100,Weekly: loaded successfully
2	23:51:56.185	Custom indicator 小鱼\Laguerre-ACS1 SPX500,Daily: loaded successfully
2	23:51:56.197	Custom indicator MACD SPX500,Daily: loaded successfully
2	23:51:56.337	Custom indicator 小鱼\Laguerre-ACS1 A50,Daily: loaded successfully
2	23:51:56.347	Custom indicator MACD A50,Daily: loaded successfully
2	23:51:56.481	Custom indicator 小鱼\Laguerre-ACS1 CHINA300,Daily: loaded successfully
2	23:51:56.500	Custom indicator MACD CHINA300,Daily: loaded successfully
2	23:51:56.634	Custom indicator 小鱼\Laguerre-ACS1 US_OIL,Weekly: loaded successfully
2	23:51:56.644	Custom indicator MACD US_OIL,Weekly: loaded successfully
2	23:51:56.785	Custom indicator 小鱼\Laguerre-ACS1 XAUUSD,Daily: loaded successfully
2	23:51:56.796	Custom indicator MACD XAUUSD,Daily: loaded successfully
0	23:51:58.153	'120010550': login on PRC-Live through Server 3 (ping: 46.87 ms)
0	23:51:58.712	'120010550': login datacenter on PRC-Live through Server 3 (ping: 46.87 ms)
0	23:51:59.005	'120010550': previous successful authorization performed from 106.181.143.49
0	23:52:15.012	'120010550': ping to current access point Server 3 is 40.82 ms
2	23:52:31.566	Custom indicator Laguerre-ACS1 NDX100,Daily: removed
2	23:52:31.568	Custom indicator MACD NDX100,Daily: removed
2	23:52:31.667	Custom indicator 小鱼\Laguerre-ACS1 NDX100,Daily: loaded successfully
2	23:52:31.678	Custom indicator MACD NDX100,Daily: loaded successfully
2	23:52:36.779	Custom indicator Laguerre-ACS1 SPX500,Daily: removed
2	23:52:36.781	Custom indicator MACD SPX500,Daily: removed
2	23:52:36.871	Custom indicator 小鱼\Laguerre-ACS1 SPX500,Daily: loaded successfully
2	23:52:36.882	Custom indicator MACD SPX500,Daily: loaded successfully
2	23:52:41.755	Custom indicator Laguerre-ACS1 A50,Daily: removed
2	23:52:41.758	Custom indicator MACD A50,Daily: removed
2	23:52:41.846	Custom indicator 小鱼\Laguerre-ACS1 A50,Daily: loaded successfully
2	23:52:41.859	Custom indicator MACD A50,Daily: loaded successfully
2	23:52:49.506	Custom indicator Laguerre-ACS1 CHINA300,Daily: removed
2	23:52:49.508	Custom indicator MACD CHINA300,Daily: removed
2	23:52:49.602	Custom indicator 小鱼\Laguerre-ACS1 CHINA300,Daily: loaded successfully
2	23:52:49.615	Custom indicator MACD CHINA300,Daily: loaded successfully
2	23:52:54.966	Custom indicator Laguerre-ACS1 US_OIL,Weekly: removed
2	23:52:54.968	Custom indicator MACD US_OIL,Weekly: removed
2	23:52:55.066	Custom indicator 小鱼\Laguerre-ACS1 US_OIL,Weekly: loaded successfully
2	23:52:55.081	Custom indicator MACD US_OIL,Weekly: loaded successfully
2	23:53:06.160	Custom indicator Laguerre-ACS1 XAUUSD,Daily: removed
2	23:53:06.163	Custom indicator MACD XAUUSD,Daily: removed
2	23:53:06.253	Custom indicator 小鱼\Laguerre-ACS1 XAUUSD,Daily: loaded successfully
2	23:53:06.264	Custom indicator MACD XAUUSD,Daily: loaded successfully
2	23:53:52.632	Custom indicator Laguerre-ACS1 EURUSD,H4: removed
2	23:53:52.635	Custom indicator MACD EURUSD,H4: removed
2	23:53:52.711	Custom indicator 小鱼\Laguerre-ACS1 EURUSD,H4: loaded successfully
2	23:53:52.722	Custom indicator MACD EURUSD,H4: loaded successfully
2	23:54:03.385	Custom indicator Laguerre-ACS1 EURJPY,H4: removed
2	23:54:03.387	Custom indicator MACD EURJPY,H4: removed
2	23:54:03.479	Custom indicator 小鱼\Laguerre-ACS1 EURJPY,H4: loaded successfully
2	23:54:03.490	Custom indicator MACD EURJPY,H4: loaded successfully
2	23:54:26.222	Custom indicator Laguerre-ACS1 USDJPY,H4: removed
2	23:54:26.225	Custom indicator MACD USDJPY,H4: removed
2	23:54:26.310	Custom indicator 小鱼\Laguerre-ACS1 USDJPY,H4: loaded successfully
2	23:54:26.324	Custom indicator MACD USDJPY,H4: loaded successfully
2	23:58:36.869	Custom indicator Laguerre-ACS1 USDJPY,H4: removed
2	23:58:36.872	Custom indicator MACD USDJPY,H4: removed
2	23:58:36.892	Custom indicator Laguerre-ACS1 EURJPY,H1: removed
2	23:58:36.895	Custom indicator MACD EURJPY,H1: removed
2	23:58:36.913	Custom indicator Laguerre-ACS1 EURUSD,H4: removed
2	23:58:36.915	Custom indicator MACD EURUSD,H4: removed
2	23:58:36.933	Custom indicator Laguerre-ACS1 GBPUSD,H4: removed
2	23:58:36.935	Custom indicator MACD GBPUSD,H4: removed
2	23:58:36.953	Custom indicator Laguerre-ACS1 GBPJPY,H1: removed
2	23:58:36.956	Custom indicator MACD GBPJPY,H1: removed
2	23:58:36.973	Custom indicator Laguerre-ACS1 JP225,H4: removed
2	23:58:36.976	Custom indicator MACD JP225,H4: removed
2	23:58:45.679	Custom indicator Laguerre-ACS1 NDX100,Daily: removed
2	23:58:45.683	Custom indicator MACD NDX100,Daily: removed
2	23:58:45.756	Custom indicator Laguerre-ACS1 SPX500,Daily: removed
2	23:58:45.760	Custom indicator MACD SPX500,Daily: removed
2	23:58:45.834	Custom indicator Laguerre-ACS1 A50,Daily: removed
2	23:58:45.837	Custom indicator MACD A50,Daily: removed
2	23:58:45.880	Custom indicator Laguerre-ACS1 CHINA300,Daily: removed
2	23:58:45.884	Custom indicator MACD CHINA300,Daily: removed
2	23:58:45.894	Custom indicator Laguerre-ACS1 US_OIL,Daily: removed
2	23:58:45.898	Custom indicator MACD US_OIL,Daily: removed
2	23:58:45.950	Custom indicator Laguerre-ACS1 XAUUSD,H4: removed
2	23:58:45.953	Custom indicator MACD XAUUSD,H4: removed
0	23:58:47.459	FX Trader build 1170 stopped
