2	00:31:04.118	Custom indicator SupResZone_MTF USDXXX,H1: removed
2	00:31:04.122	Custom indicator SupResZone_MTF USDXXX,H1: removed
2	00:31:04.124	Custom indicator SupResZone_MTF USDXXX,H1: removed
2	00:31:04.126	Custom indicator SupResZone_MTF USDXXX,H1: removed
2	00:31:04.129	Custom indicator MACD-2x USDXXX,H1: removed
2	00:31:04.129	Custom indicator Laguerre-ACS1 USDXXX,H1: removed
2	00:31:04.176	Custom indicator SupResZone_MTF XAUUSD.,H4: removed
2	00:31:04.178	Custom indicator SupResZone_MTF XAUUSD.,H4: removed
2	00:31:04.182	Custom indicator SupResZone_MTF XAUUSD.,H4: removed
2	00:31:04.183	Custom indicator SupResZone_MTF XAUUSD.,H4: removed
2	00:31:04.185	Custom indicator MACD-2x XAUUSD.,H4: removed
2	00:31:04.185	Custom indicator Laguerre-ACS1 XAUUSD.,H4: removed
2	00:31:04.195	Custom indicator SupResZone_MTF XAGUSD.,H4: removed
2	00:31:04.197	Custom indicator SupResZone_MTF XAGUSD.,H4: removed
2	00:31:04.198	Custom indicator SupResZone_MTF XAGUSD.,H4: removed
2	00:31:04.200	Custom indicator SupResZone_MTF XAGUSD.,H4: removed
2	00:31:04.201	Custom indicator MACD-2x XAGUSD.,H4: removed
2	00:31:04.201	Custom indicator Laguerre-ACS1 XAGUSD.,H4: removed
2	00:31:04.231	Custom indicator SupResZone_MTF US_OIL,H4: removed
2	00:31:04.232	Custom indicator SupResZone_MTF US_OIL,H4: removed
2	00:31:04.234	Custom indicator SupResZone_MTF US_OIL,H4: removed
2	00:31:04.237	Custom indicator SupResZone_MTF US_OIL,H4: removed
2	00:31:04.239	Custom indicator MACD-2x US_OIL,H4: removed
2	00:31:04.239	Custom indicator Laguerre-ACS1 US_OIL,H4: removed
2	00:31:04.272	Custom indicator SupResZone_MTF JP225,H4: removed
2	00:31:04.274	Custom indicator SupResZone_MTF JP225,H4: removed
2	00:31:04.275	Custom indicator SupResZone_MTF JP225,H4: removed
2	00:31:04.277	Custom indicator SupResZone_MTF JP225,H4: removed
2	00:31:04.278	Custom indicator MACD-2x JP225,H4: removed
2	00:31:04.279	Custom indicator Laguerre-ACS1 JP225,H4: removed
2	00:31:04.312	Custom indicator SupResZone_MTF SPX500,H4: removed
2	00:31:04.316	Custom indicator SupResZone_MTF SPX500,H4: removed
2	00:31:04.318	Custom indicator SupResZone_MTF SPX500,H4: removed
2	00:31:04.320	Custom indicator SupResZone_MTF SPX500,H4: removed
2	00:31:04.321	Custom indicator MACD-2x SPX500,H4: removed
2	00:31:04.321	Custom indicator Laguerre-ACS1 SPX500,H4: removed
2	00:31:04.347	Custom indicator SupResZone_MTF EURAUD.,H4: removed
2	00:31:04.349	Custom indicator SupResZone_MTF EURAUD.,H4: removed
2	00:31:04.351	Custom indicator SupResZone_MTF EURAUD.,H4: removed
2	00:31:04.353	Custom indicator SupResZone_MTF EURAUD.,H4: removed
2	00:31:04.355	Custom indicator MACD-2x EURAUD.,H4: removed
2	00:31:04.355	Custom indicator Laguerre-ACS1 EURAUD.,H4: removed
2	00:31:04.379	Custom indicator SupResZone_MTF AUDJPY.,H4: removed
2	00:31:04.380	Custom indicator SupResZone_MTF AUDJPY.,H4: removed
2	00:31:04.382	Custom indicator SupResZone_MTF AUDJPY.,H4: removed
2	00:31:04.385	Custom indicator SupResZone_MTF AUDJPY.,H4: removed
2	00:31:04.387	Custom indicator MACD-2x AUDJPY.,H4: removed
2	00:31:04.387	Custom indicator Laguerre-ACS1 AUDJPY.,H4: removed
2	00:31:04.417	Custom indicator SupResZone_MTF AUDUSD.,H4: removed
2	00:31:04.419	Custom indicator SupResZone_MTF AUDUSD.,H4: removed
2	00:31:04.421	Custom indicator SupResZone_MTF AUDUSD.,H4: removed
2	00:31:04.422	Custom indicator SupResZone_MTF AUDUSD.,H4: removed
2	00:31:04.424	Custom indicator MACD-2x AUDUSD.,H4: removed
2	00:31:04.424	Custom indicator Laguerre-ACS1 AUDUSD.,H4: removed
2	00:31:04.444	Custom indicator SupResZone_MTF USDJPY.,H4: removed
2	00:31:04.446	Custom indicator SupResZone_MTF USDJPY.,H4: removed
2	00:31:04.447	Custom indicator SupResZone_MTF USDJPY.,H4: removed
2	00:31:04.449	Custom indicator SupResZone_MTF USDJPY.,H4: removed
2	00:31:04.450	Custom indicator MACD-2x USDJPY.,H4: removed
2	00:31:04.451	Custom indicator Laguerre-ACS1 USDJPY.,H4: removed
2	00:31:04.471	Custom indicator SupResZone_MTF EURJPY.,H4: removed
2	00:31:04.473	Custom indicator SupResZone_MTF EURJPY.,H4: removed
2	00:31:04.474	Custom indicator SupResZone_MTF EURJPY.,H4: removed
2	00:31:04.475	Custom indicator SupResZone_MTF EURJPY.,H4: removed
2	00:31:04.477	Custom indicator MACD-2x EURJPY.,H4: removed
2	00:31:04.477	Custom indicator Laguerre-ACS1 EURJPY.,H4: removed
2	00:31:04.498	Custom indicator SupResZone_MTF EURUSD.,H4: removed
2	00:31:04.499	Custom indicator SupResZone_MTF EURUSD.,H4: removed
2	00:31:04.501	Custom indicator SupResZone_MTF EURUSD.,H4: removed
2	00:31:04.503	Custom indicator SupResZone_MTF EURUSD.,H4: removed
2	00:31:04.504	Custom indicator MACD-2x EURUSD.,H4: removed
2	00:31:04.505	Custom indicator Laguerre-ACS1 EURUSD.,H4: removed
2	00:31:04.510	Custom indicator SupResZone_MTF GBPJPY.,H4: removed
2	00:31:04.511	Custom indicator SupResZone_MTF GBPJPY.,H4: removed
2	00:31:04.513	Custom indicator SupResZone_MTF GBPJPY.,H4: removed
2	00:31:04.514	Custom indicator SupResZone_MTF GBPJPY.,H4: removed
2	00:31:04.516	Custom indicator MACD-2x GBPJPY.,H4: removed
2	00:31:04.516	Custom indicator Laguerre-ACS1 GBPJPY.,H4: removed
2	00:31:04.535	Custom indicator SupResZone_MTF GBPUSD.,H4: removed
2	00:31:04.537	Custom indicator SupResZone_MTF GBPUSD.,H4: removed
2	00:31:04.538	Custom indicator SupResZone_MTF GBPUSD.,H4: removed
2	00:31:04.540	Custom indicator SupResZone_MTF GBPUSD.,H4: removed
2	00:31:04.542	Custom indicator MACD-2x GBPUSD.,H4: removed
2	00:31:04.542	Custom indicator Laguerre-ACS1 GBPUSD.,H4: removed
2	00:31:04.547	Custom indicator SupResZone_MTF USDCAD.,H4: removed
2	00:31:04.549	Custom indicator SupResZone_MTF USDCAD.,H4: removed
2	00:31:04.550	Custom indicator SupResZone_MTF USDCAD.,H4: removed
2	00:31:04.552	Custom indicator SupResZone_MTF USDCAD.,H4: removed
2	00:31:04.553	Custom indicator MACD-2x USDCAD.,H4: removed
2	00:31:04.553	Custom indicator Laguerre-ACS1 USDCAD.,H4: removed
2	00:31:04.574	Custom indicator SupResZone_MTF USDCHF.,H4: removed
2	00:31:04.576	Custom indicator SupResZone_MTF USDCHF.,H4: removed
2	00:31:04.578	Custom indicator SupResZone_MTF USDCHF.,H4: removed
2	00:31:04.580	Custom indicator SupResZone_MTF USDCHF.,H4: removed
2	00:31:04.583	Custom indicator MACD-2x USDCHF.,H4: removed
2	00:31:04.583	Custom indicator Laguerre-ACS1 USDCHF.,H4: removed
2	00:31:04.591	Custom indicator SupResZone_MTF USDCNH,Daily: removed
2	00:31:04.592	Custom indicator SupResZone_MTF USDCNH,Daily: removed
2	00:31:04.595	Custom indicator SupResZone_MTF USDCNH,Daily: removed
2	00:31:04.597	Custom indicator SupResZone_MTF USDCNH,Daily: removed
2	00:31:04.598	Custom indicator MACD-2x USDCNH,Daily: removed
2	00:31:04.598	Custom indicator Laguerre-ACS1 USDCNH,Daily: removed
2	00:31:04.617	Custom indicator GMMA Long USDJPY.,H4: removed
2	00:31:04.618	Custom indicator GMMA Short USDJPY.,H4: removed
2	00:31:04.620	Custom indicator 23MTF_MovingAverageIGOR USDJPY.,H4: removed
2	00:31:04.622	Custom indicator 23MTF_MovingAverageIGOR USDJPY.,H4: removed
2	00:31:04.623	Custom indicator SupResZone_MTF USDJPY.,H4: removed
2	00:31:04.625	Custom indicator SupResZone_MTF USDJPY.,H4: removed
2	00:31:04.627	Custom indicator MACD-2x USDJPY.,H4: removed
2	00:31:04.638	Custom indicator SupResZone_MTF CHINA300,Daily: removed
2	00:31:04.639	Custom indicator SupResZone_MTF CHINA300,Daily: removed
2	00:31:04.641	Custom indicator SupResZone_MTF CHINA300,Daily: removed
2	00:31:04.643	Custom indicator SupResZone_MTF CHINA300,Daily: removed
2	00:31:04.645	Custom indicator MACD-2x CHINA300,Daily: removed
2	00:31:04.645	Custom indicator Laguerre-ACS1 CHINA300,Daily: removed
0	00:31:05.092	FX Trader build 1170 stopped
0	00:32:11.524	FX Trader build 1170 started (Performance Ronnaru Capital Ltd.)
0	00:32:11.524	Windows 10 Home x64, IE 11, UAC, 8 x Intel Core i7-6700HQ  @ 2.60GHz, Memory: 24953 / 32639 Mb, Disk: 136 / 264 Gb, GMT+8
0	00:32:11.524	Data Folder: C:\Users\tiany\AppData\Roaming\MetaQuotes\Terminal\79214103E7A6FC97F86082D309D0B84B
2	00:32:13.423	Custom indicator SupResZone_MTF USDXXX,H1: loaded successfully
2	00:32:13.434	Custom indicator SupResZone_MTF USDXXX,H1: loaded successfully
2	00:32:13.446	Custom indicator SupResZone_MTF USDXXX,H1: loaded successfully
2	00:32:13.455	Custom indicator SupResZone_MTF USDXXX,H1: loaded successfully
2	00:32:13.467	Custom indicator MACD-2x USDXXX,H1: loaded successfully
2	00:32:13.541	Custom indicator Laguerre-ACS1 USDXXX,H1: loaded successfully
2	00:32:13.717	Custom indicator SupResZone_MTF XAUUSD.,H4: loaded successfully
2	00:32:13.727	Custom indicator SupResZone_MTF XAUUSD.,H4: loaded successfully
2	00:32:13.738	Custom indicator SupResZone_MTF XAUUSD.,H4: loaded successfully
2	00:32:13.749	Custom indicator SupResZone_MTF XAUUSD.,H4: loaded successfully
2	00:32:13.760	Custom indicator MACD-2x XAUUSD.,H4: loaded successfully
2	00:32:13.833	Custom indicator Laguerre-ACS1 XAUUSD.,H4: loaded successfully
2	00:32:14.031	Custom indicator SupResZone_MTF XAGUSD.,H4: loaded successfully
2	00:32:14.042	Custom indicator SupResZone_MTF XAGUSD.,H4: loaded successfully
2	00:32:14.052	Custom indicator SupResZone_MTF XAGUSD.,H4: loaded successfully
2	00:32:14.062	Custom indicator SupResZone_MTF XAGUSD.,H4: loaded successfully
2	00:32:14.073	Custom indicator MACD-2x XAGUSD.,H4: loaded successfully
2	00:32:14.147	Custom indicator Laguerre-ACS1 XAGUSD.,H4: loaded successfully
2	00:32:14.332	Custom indicator SupResZone_MTF US_OIL,H4: loaded successfully
2	00:32:14.343	Custom indicator SupResZone_MTF US_OIL,H4: loaded successfully
2	00:32:14.353	Custom indicator SupResZone_MTF US_OIL,H4: loaded successfully
2	00:32:14.364	Custom indicator SupResZone_MTF US_OIL,H4: loaded successfully
2	00:32:14.374	Custom indicator MACD-2x US_OIL,H4: loaded successfully
2	00:32:14.446	Custom indicator Laguerre-ACS1 US_OIL,H4: loaded successfully
2	00:32:14.654	Custom indicator SupResZone_MTF JP225,H4: loaded successfully
2	00:32:14.665	Custom indicator SupResZone_MTF JP225,H4: loaded successfully
2	00:32:14.676	Custom indicator SupResZone_MTF JP225,H4: loaded successfully
2	00:32:14.687	Custom indicator SupResZone_MTF JP225,H4: loaded successfully
2	00:32:14.698	Custom indicator MACD-2x JP225,H4: loaded successfully
2	00:32:14.769	Custom indicator Laguerre-ACS1 JP225,H4: loaded successfully
2	00:32:14.975	Custom indicator SupResZone_MTF SPX500,H4: loaded successfully
2	00:32:14.986	Custom indicator SupResZone_MTF SPX500,H4: loaded successfully
2	00:32:14.998	Custom indicator SupResZone_MTF SPX500,H4: loaded successfully
2	00:32:15.009	Custom indicator SupResZone_MTF SPX500,H4: loaded successfully
2	00:32:15.019	Custom indicator MACD-2x SPX500,H4: loaded successfully
2	00:32:15.092	Custom indicator Laguerre-ACS1 SPX500,H4: loaded successfully
2	00:32:15.301	Custom indicator SupResZone_MTF EURAUD.,H4: loaded successfully
2	00:32:15.312	Custom indicator SupResZone_MTF EURAUD.,H4: loaded successfully
2	00:32:15.322	Custom indicator SupResZone_MTF EURAUD.,H4: loaded successfully
2	00:32:15.333	Custom indicator SupResZone_MTF EURAUD.,H4: loaded successfully
2	00:32:15.342	Custom indicator MACD-2x EURAUD.,H4: loaded successfully
2	00:32:15.414	Custom indicator Laguerre-ACS1 EURAUD.,H4: loaded successfully
2	00:32:15.606	Custom indicator SupResZone_MTF AUDJPY.,H4: loaded successfully
2	00:32:15.616	Custom indicator SupResZone_MTF AUDJPY.,H4: loaded successfully
2	00:32:15.626	Custom indicator SupResZone_MTF AUDJPY.,H4: loaded successfully
2	00:32:15.637	Custom indicator SupResZone_MTF AUDJPY.,H4: loaded successfully
2	00:32:15.647	Custom indicator MACD-2x AUDJPY.,H4: loaded successfully
2	00:32:15.719	Custom indicator Laguerre-ACS1 AUDJPY.,H4: loaded successfully
2	00:32:15.904	Custom indicator SupResZone_MTF AUDUSD.,H4: loaded successfully
2	00:32:15.915	Custom indicator SupResZone_MTF AUDUSD.,H4: loaded successfully
2	00:32:15.926	Custom indicator SupResZone_MTF AUDUSD.,H4: loaded successfully
2	00:32:15.935	Custom indicator SupResZone_MTF AUDUSD.,H4: loaded successfully
2	00:32:15.946	Custom indicator MACD-2x AUDUSD.,H4: loaded successfully
2	00:32:16.017	Custom indicator Laguerre-ACS1 AUDUSD.,H4: loaded successfully
2	00:32:16.206	Custom indicator SupResZone_MTF USDJPY.,H4: loaded successfully
2	00:32:16.219	Custom indicator SupResZone_MTF USDJPY.,H4: loaded successfully
2	00:32:16.229	Custom indicator SupResZone_MTF USDJPY.,H4: loaded successfully
2	00:32:16.241	Custom indicator SupResZone_MTF USDJPY.,H4: loaded successfully
2	00:32:16.250	Custom indicator MACD-2x USDJPY.,H4: loaded successfully
2	00:32:16.323	Custom indicator Laguerre-ACS1 USDJPY.,H4: loaded successfully
2	00:32:16.541	Custom indicator SupResZone_MTF EURJPY.,H4: loaded successfully
2	00:32:16.553	Custom indicator SupResZone_MTF EURJPY.,H4: loaded successfully
2	00:32:16.563	Custom indicator SupResZone_MTF EURJPY.,H4: loaded successfully
2	00:32:16.576	Custom indicator SupResZone_MTF EURJPY.,H4: loaded successfully
2	00:32:16.587	Custom indicator MACD-2x EURJPY.,H4: loaded successfully
2	00:32:16.663	Custom indicator Laguerre-ACS1 EURJPY.,H4: loaded successfully
2	00:32:16.898	Custom indicator SupResZone_MTF EURUSD.,H4: loaded successfully
2	00:32:16.909	Custom indicator SupResZone_MTF EURUSD.,H4: loaded successfully
2	00:32:16.919	Custom indicator SupResZone_MTF EURUSD.,H4: loaded successfully
2	00:32:16.930	Custom indicator SupResZone_MTF EURUSD.,H4: loaded successfully
2	00:32:16.941	Custom indicator MACD-2x EURUSD.,H4: loaded successfully
2	00:32:17.015	Custom indicator Laguerre-ACS1 EURUSD.,H4: loaded successfully
2	00:32:17.239	Custom indicator SupResZone_MTF GBPJPY.,H4: loaded successfully
2	00:32:17.251	Custom indicator SupResZone_MTF GBPJPY.,H4: loaded successfully
2	00:32:17.261	Custom indicator SupResZone_MTF GBPJPY.,H4: loaded successfully
2	00:32:17.272	Custom indicator SupResZone_MTF GBPJPY.,H4: loaded successfully
2	00:32:17.282	Custom indicator MACD-2x GBPJPY.,H4: loaded successfully
2	00:32:17.355	Custom indicator Laguerre-ACS1 GBPJPY.,H4: loaded successfully
2	00:32:17.556	Custom indicator SupResZone_MTF GBPUSD.,H4: loaded successfully
2	00:32:17.568	Custom indicator SupResZone_MTF GBPUSD.,H4: loaded successfully
2	00:32:17.579	Custom indicator SupResZone_MTF GBPUSD.,H4: loaded successfully
2	00:32:17.589	Custom indicator SupResZone_MTF GBPUSD.,H4: loaded successfully
2	00:32:17.599	Custom indicator MACD-2x GBPUSD.,H4: loaded successfully
2	00:32:17.671	Custom indicator Laguerre-ACS1 GBPUSD.,H4: loaded successfully
2	00:32:17.894	Custom indicator SupResZone_MTF USDCAD.,H4: loaded successfully
2	00:32:17.906	Custom indicator SupResZone_MTF USDCAD.,H4: loaded successfully
2	00:32:17.917	Custom indicator SupResZone_MTF USDCAD.,H4: loaded successfully
2	00:32:17.927	Custom indicator SupResZone_MTF USDCAD.,H4: loaded successfully
2	00:32:17.937	Custom indicator MACD-2x USDCAD.,H4: loaded successfully
2	00:32:18.018	Custom indicator Laguerre-ACS1 USDCAD.,H4: loaded successfully
2	00:32:18.210	Custom indicator SupResZone_MTF USDCHF.,H4: loaded successfully
2	00:32:18.221	Custom indicator SupResZone_MTF USDCHF.,H4: loaded successfully
2	00:32:18.231	Custom indicator SupResZone_MTF USDCHF.,H4: loaded successfully
2	00:32:18.242	Custom indicator SupResZone_MTF USDCHF.,H4: loaded successfully
2	00:32:18.251	Custom indicator MACD-2x USDCHF.,H4: loaded successfully
2	00:32:18.323	Custom indicator Laguerre-ACS1 USDCHF.,H4: loaded successfully
2	00:32:18.515	Custom indicator SupResZone_MTF USDCNH,Daily: loaded successfully
2	00:32:18.527	Custom indicator SupResZone_MTF USDCNH,Daily: loaded successfully
2	00:32:18.537	Custom indicator SupResZone_MTF USDCNH,Daily: loaded successfully
2	00:32:18.548	Custom indicator SupResZone_MTF USDCNH,Daily: loaded successfully
2	00:32:18.558	Custom indicator MACD-2x USDCNH,Daily: loaded successfully
2	00:32:18.632	Custom indicator Laguerre-ACS1 USDCNH,Daily: loaded successfully
2	00:32:18.809	Custom indicator GMMA Long USDJPY.,H4: loaded successfully
2	00:32:18.821	Custom indicator GMMA Short USDJPY.,H4: loaded successfully
2	00:32:18.829	Custom indicator 23MTF_MovingAverageIGOR USDJPY.,H4: loaded successfully
2	00:32:18.839	Custom indicator 23MTF_MovingAverageIGOR USDJPY.,H4: loaded successfully
2	00:32:18.850	Custom indicator SupResZone_MTF USDJPY.,H4: loaded successfully
2	00:32:18.861	Custom indicator SupResZone_MTF USDJPY.,H4: loaded successfully
2	00:32:18.873	Custom indicator MACD-2x USDJPY.,H4: loaded successfully
2	00:32:19.094	Custom indicator SupResZone_MTF CHINA300,Daily: loaded successfully
2	00:32:19.105	Custom indicator SupResZone_MTF CHINA300,Daily: loaded successfully
2	00:32:19.117	Custom indicator SupResZone_MTF CHINA300,Daily: loaded successfully
2	00:32:19.128	Custom indicator SupResZone_MTF CHINA300,Daily: loaded successfully
2	00:32:19.139	Custom indicator MACD-2x CHINA300,Daily: loaded successfully
2	00:32:19.215	Custom indicator Laguerre-ACS1 CHINA300,Daily: loaded successfully
0	00:32:23.362	'120010550': login on PRC-Live through Server 5 (ping: 173.29 ms)
0	00:32:24.675	'120010550': login datacenter on PRC-Live through Server 5 (ping: 173.29 ms)
0	00:32:25.004	'120010550': previous successful authorization performed from 101.131.181.23
2	00:46:55.380	Custom indicator SupResZone_MTF USDXXX,H1: removed
2	00:46:55.384	Custom indicator SupResZone_MTF USDXXX,H1: removed
2	00:46:55.388	Custom indicator SupResZone_MTF USDXXX,H1: removed
2	00:46:55.390	Custom indicator SupResZone_MTF USDXXX,H1: removed
2	00:46:55.393	Custom indicator MACD-2x USDXXX,H1: removed
2	00:46:55.393	Custom indicator Laguerre-ACS1 USDXXX,H1: removed
2	00:46:55.400	Custom indicator SupResZone_MTF XAUUSD.,H4: removed
2	00:46:55.402	Custom indicator SupResZone_MTF XAUUSD.,H4: removed
2	00:46:55.403	Custom indicator SupResZone_MTF XAUUSD.,H4: removed
2	00:46:55.405	Custom indicator SupResZone_MTF XAUUSD.,H4: removed
2	00:46:55.406	Custom indicator MACD-2x XAUUSD.,H4: removed
2	00:46:55.406	Custom indicator Laguerre-ACS1 XAUUSD.,H4: removed
2	00:46:55.449	Custom indicator SupResZone_MTF XAGUSD.,H4: removed
2	00:46:55.451	Custom indicator SupResZone_MTF XAGUSD.,H4: removed
2	00:46:55.453	Custom indicator SupResZone_MTF XAGUSD.,H4: removed
2	00:46:55.455	Custom indicator SupResZone_MTF XAGUSD.,H4: removed
2	00:46:55.457	Custom indicator MACD-2x XAGUSD.,H4: removed
2	00:46:55.457	Custom indicator Laguerre-ACS1 XAGUSD.,H4: removed
2	00:46:55.465	Custom indicator SupResZone_MTF US_OIL,Daily: removed
2	00:46:55.468	Custom indicator SupResZone_MTF US_OIL,Daily: removed
2	00:46:55.472	Custom indicator SupResZone_MTF US_OIL,Daily: removed
2	00:46:55.474	Custom indicator SupResZone_MTF US_OIL,Daily: removed
2	00:46:55.476	Custom indicator MACD-2x US_OIL,Daily: removed
2	00:46:55.476	Custom indicator Laguerre-ACS1 US_OIL,Daily: removed
2	00:46:55.486	Custom indicator SupResZone_MTF JP225,H4: removed
2	00:46:55.488	Custom indicator SupResZone_MTF JP225,H4: removed
2	00:46:55.490	Custom indicator SupResZone_MTF JP225,H4: removed
2	00:46:55.492	Custom indicator SupResZone_MTF JP225,H4: removed
2	00:46:55.493	Custom indicator MACD-2x JP225,H4: removed
2	00:46:55.494	Custom indicator Laguerre-ACS1 JP225,H4: removed
2	00:46:55.502	Custom indicator SupResZone_MTF SPX500,H4: removed
2	00:46:55.503	Custom indicator SupResZone_MTF SPX500,H4: removed
2	00:46:55.505	Custom indicator SupResZone_MTF SPX500,H4: removed
2	00:46:55.506	Custom indicator SupResZone_MTF SPX500,H4: removed
2	00:46:55.509	Custom indicator MACD-2x SPX500,H4: removed
2	00:46:55.509	Custom indicator Laguerre-ACS1 SPX500,H4: removed
2	00:46:55.515	Custom indicator SupResZone_MTF EURAUD.,H4: removed
2	00:46:55.518	Custom indicator SupResZone_MTF EURAUD.,H4: removed
2	00:46:55.520	Custom indicator SupResZone_MTF EURAUD.,H4: removed
2	00:46:55.521	Custom indicator SupResZone_MTF EURAUD.,H4: removed
2	00:46:55.523	Custom indicator MACD-2x EURAUD.,H4: removed
2	00:46:55.523	Custom indicator Laguerre-ACS1 EURAUD.,H4: removed
2	00:46:55.533	Custom indicator SupResZone_MTF AUDJPY.,H4: removed
2	00:46:55.535	Custom indicator SupResZone_MTF AUDJPY.,H4: removed
2	00:46:55.538	Custom indicator SupResZone_MTF AUDJPY.,H4: removed
2	00:46:55.541	Custom indicator SupResZone_MTF AUDJPY.,H4: removed
2	00:46:55.543	Custom indicator MACD-2x AUDJPY.,H4: removed
2	00:46:55.543	Custom indicator Laguerre-ACS1 AUDJPY.,H4: removed
2	00:46:55.549	Custom indicator SupResZone_MTF AUDUSD.,H4: removed
2	00:46:55.551	Custom indicator SupResZone_MTF AUDUSD.,H4: removed
2	00:46:55.553	Custom indicator SupResZone_MTF AUDUSD.,H4: removed
2	00:46:55.554	Custom indicator SupResZone_MTF AUDUSD.,H4: removed
2	00:46:55.556	Custom indicator MACD-2x AUDUSD.,H4: removed
2	00:46:55.556	Custom indicator Laguerre-ACS1 AUDUSD.,H4: removed
2	00:46:55.563	Custom indicator SupResZone_MTF USDJPY.,H4: removed
2	00:46:55.566	Custom indicator SupResZone_MTF USDJPY.,H4: removed
2	00:46:55.568	Custom indicator SupResZone_MTF USDJPY.,H4: removed
2	00:46:55.570	Custom indicator SupResZone_MTF USDJPY.,H4: removed
2	00:46:55.572	Custom indicator MACD-2x USDJPY.,H4: removed
2	00:46:55.573	Custom indicator Laguerre-ACS1 USDJPY.,H4: removed
2	00:46:55.584	Custom indicator SupResZone_MTF EURJPY.,H4: removed
2	00:46:55.587	Custom indicator SupResZone_MTF EURJPY.,H4: removed
2	00:46:55.589	Custom indicator SupResZone_MTF EURJPY.,H4: removed
2	00:46:55.590	Custom indicator SupResZone_MTF EURJPY.,H4: removed
2	00:46:55.592	Custom indicator MACD-2x EURJPY.,H4: removed
2	00:46:55.592	Custom indicator Laguerre-ACS1 EURJPY.,H4: removed
2	00:46:55.616	Custom indicator SupResZone_MTF EURUSD.,H4: removed
2	00:46:55.618	Custom indicator SupResZone_MTF EURUSD.,H4: removed
2	00:46:55.620	Custom indicator SupResZone_MTF EURUSD.,H4: removed
2	00:46:55.621	Custom indicator SupResZone_MTF EURUSD.,H4: removed
2	00:46:55.623	Custom indicator MACD-2x EURUSD.,H4: removed
2	00:46:55.623	Custom indicator Laguerre-ACS1 EURUSD.,H4: removed
2	00:46:55.647	Custom indicator SupResZone_MTF GBPJPY.,H4: removed
2	00:46:55.648	Custom indicator SupResZone_MTF GBPJPY.,H4: removed
2	00:46:55.650	Custom indicator SupResZone_MTF GBPJPY.,H4: removed
2	00:46:55.652	Custom indicator SupResZone_MTF GBPJPY.,H4: removed
2	00:46:55.654	Custom indicator MACD-2x GBPJPY.,H4: removed
2	00:46:55.654	Custom indicator Laguerre-ACS1 GBPJPY.,H4: removed
2	00:46:55.678	Custom indicator SupResZone_MTF GBPUSD.,H4: removed
2	00:46:55.680	Custom indicator SupResZone_MTF GBPUSD.,H4: removed
2	00:46:55.682	Custom indicator SupResZone_MTF GBPUSD.,H4: removed
2	00:46:55.684	Custom indicator SupResZone_MTF GBPUSD.,H4: removed
2	00:46:55.685	Custom indicator MACD-2x GBPUSD.,H4: removed
2	00:46:55.685	Custom indicator Laguerre-ACS1 GBPUSD.,H4: removed
2	00:46:55.705	Custom indicator SupResZone_MTF USDCAD.,H4: removed
2	00:46:55.706	Custom indicator SupResZone_MTF USDCAD.,H4: removed
2	00:46:55.709	Custom indicator SupResZone_MTF USDCAD.,H4: removed
2	00:46:55.710	Custom indicator SupResZone_MTF USDCAD.,H4: removed
2	00:46:55.712	Custom indicator MACD-2x USDCAD.,H4: removed
2	00:46:55.712	Custom indicator Laguerre-ACS1 USDCAD.,H4: removed
2	00:46:55.718	Custom indicator SupResZone_MTF USDCHF.,H4: removed
2	00:46:55.720	Custom indicator SupResZone_MTF USDCHF.,H4: removed
2	00:46:55.721	Custom indicator SupResZone_MTF USDCHF.,H4: removed
2	00:46:55.723	Custom indicator SupResZone_MTF USDCHF.,H4: removed
2	00:46:55.725	Custom indicator MACD-2x USDCHF.,H4: removed
2	00:46:55.725	Custom indicator Laguerre-ACS1 USDCHF.,H4: removed
2	00:46:55.730	Custom indicator SupResZone_MTF USDCNH,Daily: removed
2	00:46:55.732	Custom indicator SupResZone_MTF USDCNH,Daily: removed
2	00:46:55.734	Custom indicator SupResZone_MTF USDCNH,Daily: removed
2	00:46:55.735	Custom indicator SupResZone_MTF USDCNH,Daily: removed
2	00:46:55.736	Custom indicator MACD-2x USDCNH,Daily: removed
2	00:46:55.736	Custom indicator Laguerre-ACS1 USDCNH,Daily: removed
2	00:46:55.755	Custom indicator GMMA Long USDJPY.,H4: removed
2	00:46:55.757	Custom indicator GMMA Short USDJPY.,H4: removed
2	00:46:55.759	Custom indicator 23MTF_MovingAverageIGOR USDJPY.,H4: removed
2	00:46:55.761	Custom indicator 23MTF_MovingAverageIGOR USDJPY.,H4: removed
2	00:46:55.762	Custom indicator SupResZone_MTF USDJPY.,H4: removed
2	00:46:55.764	Custom indicator SupResZone_MTF USDJPY.,H4: removed
2	00:46:55.766	Custom indicator MACD-2x USDJPY.,H4: removed
2	00:46:55.777	Custom indicator SupResZone_MTF CHINA300,Daily: removed
2	00:46:55.778	Custom indicator SupResZone_MTF CHINA300,Daily: removed
2	00:46:55.780	Custom indicator SupResZone_MTF CHINA300,Daily: removed
2	00:46:55.782	Custom indicator SupResZone_MTF CHINA300,Daily: removed
2	00:46:55.784	Custom indicator MACD-2x CHINA300,Daily: removed
2	00:46:55.784	Custom indicator Laguerre-ACS1 CHINA300,Daily: removed
0	00:46:56.149	FX Trader build 1170 stopped
0	19:18:34.371	FX Trader build 1170 started (Performance Ronnaru Capital Ltd.)
0	19:18:34.371	Windows 10 Home x64, IE 11, UAC, 8 x Intel Core i7-6700HQ  @ 2.60GHz, Memory: 27645 / 32639 Mb, Disk: 136 / 264 Gb, GMT+8
0	19:18:34.371	Data Folder: C:\Users\tiany\AppData\Roaming\MetaQuotes\Terminal\79214103E7A6FC97F86082D309D0B84B
2	19:18:36.561	Custom indicator SupResZone_MTF USDXXX,H1: loaded successfully
2	19:18:36.573	Custom indicator SupResZone_MTF USDXXX,H1: loaded successfully
2	19:18:36.584	Custom indicator SupResZone_MTF USDXXX,H1: loaded successfully
2	19:18:36.594	Custom indicator SupResZone_MTF USDXXX,H1: loaded successfully
2	19:18:36.606	Custom indicator MACD-2x USDXXX,H1: loaded successfully
2	19:18:36.685	Custom indicator Laguerre-ACS1 USDXXX,H1: loaded successfully
2	19:18:36.879	Custom indicator SupResZone_MTF XAUUSD.,H4: loaded successfully
2	19:18:36.889	Custom indicator SupResZone_MTF XAUUSD.,H4: loaded successfully
2	19:18:36.899	Custom indicator SupResZone_MTF XAUUSD.,H4: loaded successfully
2	19:18:36.909	Custom indicator SupResZone_MTF XAUUSD.,H4: loaded successfully
2	19:18:36.919	Custom indicator MACD-2x XAUUSD.,H4: loaded successfully
2	19:18:36.989	Custom indicator Laguerre-ACS1 XAUUSD.,H4: loaded successfully
2	19:18:37.211	Custom indicator SupResZone_MTF XAGUSD.,H4: loaded successfully
2	19:18:37.221	Custom indicator SupResZone_MTF XAGUSD.,H4: loaded successfully
2	19:18:37.231	Custom indicator SupResZone_MTF XAGUSD.,H4: loaded successfully
2	19:18:37.241	Custom indicator SupResZone_MTF XAGUSD.,H4: loaded successfully
2	19:18:37.250	Custom indicator MACD-2x XAGUSD.,H4: loaded successfully
2	19:18:37.318	Custom indicator Laguerre-ACS1 XAGUSD.,H4: loaded successfully
2	19:18:37.500	Custom indicator SupResZone_MTF US_OIL,Daily: loaded successfully
2	19:18:37.511	Custom indicator SupResZone_MTF US_OIL,Daily: loaded successfully
2	19:18:37.522	Custom indicator SupResZone_MTF US_OIL,Daily: loaded successfully
2	19:18:37.532	Custom indicator SupResZone_MTF US_OIL,Daily: loaded successfully
2	19:18:37.543	Custom indicator MACD-2x US_OIL,Daily: loaded successfully
2	19:18:37.614	Custom indicator Laguerre-ACS1 US_OIL,Daily: loaded successfully
2	19:18:37.808	Custom indicator SupResZone_MTF JP225,H4: loaded successfully
2	19:18:37.821	Custom indicator SupResZone_MTF JP225,H4: loaded successfully
2	19:18:37.832	Custom indicator SupResZone_MTF JP225,H4: loaded successfully
2	19:18:37.841	Custom indicator SupResZone_MTF JP225,H4: loaded successfully
2	19:18:37.852	Custom indicator MACD-2x JP225,H4: loaded successfully
2	19:18:37.926	Custom indicator Laguerre-ACS1 JP225,H4: loaded successfully
2	19:18:38.153	Custom indicator SupResZone_MTF SPX500,H4: loaded successfully
2	19:18:38.163	Custom indicator SupResZone_MTF SPX500,H4: loaded successfully
2	19:18:38.174	Custom indicator SupResZone_MTF SPX500,H4: loaded successfully
2	19:18:38.185	Custom indicator SupResZone_MTF SPX500,H4: loaded successfully
2	19:18:38.197	Custom indicator MACD-2x SPX500,H4: loaded successfully
2	19:18:38.272	Custom indicator Laguerre-ACS1 SPX500,H4: loaded successfully
2	19:18:38.494	Custom indicator SupResZone_MTF EURAUD.,H4: loaded successfully
2	19:18:38.505	Custom indicator SupResZone_MTF EURAUD.,H4: loaded successfully
2	19:18:38.516	Custom indicator SupResZone_MTF EURAUD.,H4: loaded successfully
2	19:18:38.527	Custom indicator SupResZone_MTF EURAUD.,H4: loaded successfully
2	19:18:38.537	Custom indicator MACD-2x EURAUD.,H4: loaded successfully
2	19:18:38.620	Custom indicator Laguerre-ACS1 EURAUD.,H4: loaded successfully
2	19:18:38.817	Custom indicator SupResZone_MTF AUDJPY.,H4: loaded successfully
2	19:18:38.827	Custom indicator SupResZone_MTF AUDJPY.,H4: loaded successfully
2	19:18:38.839	Custom indicator SupResZone_MTF AUDJPY.,H4: loaded successfully
2	19:18:38.849	Custom indicator SupResZone_MTF AUDJPY.,H4: loaded successfully
2	19:18:38.860	Custom indicator MACD-2x AUDJPY.,H4: loaded successfully
2	19:18:38.931	Custom indicator Laguerre-ACS1 AUDJPY.,H4: loaded successfully
2	19:18:39.130	Custom indicator SupResZone_MTF AUDUSD.,H4: loaded successfully
2	19:18:39.141	Custom indicator SupResZone_MTF AUDUSD.,H4: loaded successfully
2	19:18:39.151	Custom indicator SupResZone_MTF AUDUSD.,H4: loaded successfully
2	19:18:39.162	Custom indicator SupResZone_MTF AUDUSD.,H4: loaded successfully
2	19:18:39.171	Custom indicator MACD-2x AUDUSD.,H4: loaded successfully
2	19:18:39.240	Custom indicator Laguerre-ACS1 AUDUSD.,H4: loaded successfully
2	19:18:39.430	Custom indicator SupResZone_MTF USDJPY.,H4: loaded successfully
2	19:18:39.440	Custom indicator SupResZone_MTF USDJPY.,H4: loaded successfully
2	19:18:39.450	Custom indicator SupResZone_MTF USDJPY.,H4: loaded successfully
2	19:18:39.460	Custom indicator SupResZone_MTF USDJPY.,H4: loaded successfully
2	19:18:39.470	Custom indicator MACD-2x USDJPY.,H4: loaded successfully
2	19:18:39.538	Custom indicator Laguerre-ACS1 USDJPY.,H4: loaded successfully
2	19:18:39.806	Custom indicator SupResZone_MTF EURJPY.,H4: loaded successfully
2	19:18:39.817	Custom indicator SupResZone_MTF EURJPY.,H4: loaded successfully
2	19:18:39.828	Custom indicator SupResZone_MTF EURJPY.,H4: loaded successfully
2	19:18:39.837	Custom indicator SupResZone_MTF EURJPY.,H4: loaded successfully
2	19:18:39.847	Custom indicator MACD-2x EURJPY.,H4: loaded successfully
2	19:18:39.915	Custom indicator Laguerre-ACS1 EURJPY.,H4: loaded successfully
2	19:18:40.131	Custom indicator SupResZone_MTF EURUSD.,H4: loaded successfully
2	19:18:40.141	Custom indicator SupResZone_MTF EURUSD.,H4: loaded successfully
2	19:18:40.151	Custom indicator SupResZone_MTF EURUSD.,H4: loaded successfully
2	19:18:40.160	Custom indicator SupResZone_MTF EURUSD.,H4: loaded successfully
2	19:18:40.170	Custom indicator MACD-2x EURUSD.,H4: loaded successfully
2	19:18:40.238	Custom indicator Laguerre-ACS1 EURUSD.,H4: loaded successfully
2	19:18:40.497	Custom indicator SupResZone_MTF GBPJPY.,H4: loaded successfully
2	19:18:40.509	Custom indicator SupResZone_MTF GBPJPY.,H4: loaded successfully
2	19:18:40.518	Custom indicator SupResZone_MTF GBPJPY.,H4: loaded successfully
2	19:18:40.529	Custom indicator SupResZone_MTF GBPJPY.,H4: loaded successfully
2	19:18:40.541	Custom indicator MACD-2x GBPJPY.,H4: loaded successfully
2	19:18:40.627	Custom indicator Laguerre-ACS1 GBPJPY.,H4: loaded successfully
2	19:18:40.844	Custom indicator SupResZone_MTF GBPUSD.,H4: loaded successfully
2	19:18:40.854	Custom indicator SupResZone_MTF GBPUSD.,H4: loaded successfully
2	19:18:40.863	Custom indicator SupResZone_MTF GBPUSD.,H4: loaded successfully
2	19:18:40.872	Custom indicator SupResZone_MTF GBPUSD.,H4: loaded successfully
2	19:18:40.884	Custom indicator MACD-2x GBPUSD.,H4: loaded successfully
2	19:18:40.951	Custom indicator Laguerre-ACS1 GBPUSD.,H4: loaded successfully
2	19:18:41.194	Custom indicator SupResZone_MTF USDCAD.,H4: loaded successfully
2	19:18:41.204	Custom indicator SupResZone_MTF USDCAD.,H4: loaded successfully
2	19:18:41.214	Custom indicator SupResZone_MTF USDCAD.,H4: loaded successfully
2	19:18:41.226	Custom indicator SupResZone_MTF USDCAD.,H4: loaded successfully
2	19:18:41.235	Custom indicator MACD-2x USDCAD.,H4: loaded successfully
2	19:18:41.304	Custom indicator Laguerre-ACS1 USDCAD.,H4: loaded successfully
2	19:18:41.493	Custom indicator SupResZone_MTF USDCHF.,H4: loaded successfully
2	19:18:41.502	Custom indicator SupResZone_MTF USDCHF.,H4: loaded successfully
2	19:18:41.513	Custom indicator SupResZone_MTF USDCHF.,H4: loaded successfully
2	19:18:41.522	Custom indicator SupResZone_MTF USDCHF.,H4: loaded successfully
2	19:18:41.531	Custom indicator MACD-2x USDCHF.,H4: loaded successfully
2	19:18:41.605	Custom indicator Laguerre-ACS1 USDCHF.,H4: loaded successfully
2	19:18:41.794	Custom indicator SupResZone_MTF USDCNH,Daily: loaded successfully
2	19:18:41.804	Custom indicator SupResZone_MTF USDCNH,Daily: loaded successfully
2	19:18:41.816	Custom indicator SupResZone_MTF USDCNH,Daily: loaded successfully
2	19:18:41.826	Custom indicator SupResZone_MTF USDCNH,Daily: loaded successfully
2	19:18:41.836	Custom indicator MACD-2x USDCNH,Daily: loaded successfully
2	19:18:41.902	Custom indicator Laguerre-ACS1 USDCNH,Daily: loaded successfully
2	19:18:42.075	Custom indicator GMMA Long USDJPY.,H4: loaded successfully
2	19:18:42.085	Custom indicator GMMA Short USDJPY.,H4: loaded successfully
2	19:18:42.093	Custom indicator 23MTF_MovingAverageIGOR USDJPY.,H4: loaded successfully
2	19:18:42.101	Custom indicator 23MTF_MovingAverageIGOR USDJPY.,H4: loaded successfully
2	19:18:42.110	Custom indicator SupResZone_MTF USDJPY.,H4: loaded successfully
2	19:18:42.121	Custom indicator SupResZone_MTF USDJPY.,H4: loaded successfully
2	19:18:42.131	Custom indicator MACD-2x USDJPY.,H4: loaded successfully
2	19:18:42.401	Custom indicator SupResZone_MTF CHINA300,Daily: loaded successfully
2	19:18:42.410	Custom indicator SupResZone_MTF CHINA300,Daily: loaded successfully
2	19:18:42.421	Custom indicator SupResZone_MTF CHINA300,Daily: loaded successfully
2	19:18:42.430	Custom indicator SupResZone_MTF CHINA300,Daily: loaded successfully
2	19:18:42.441	Custom indicator MACD-2x CHINA300,Daily: loaded successfully
2	19:18:42.509	Custom indicator Laguerre-ACS1 CHINA300,Daily: loaded successfully
0	19:18:44.796	'120010550': login on PRC-Live through Server 5 (ping: 173.29 ms)
0	19:18:45.970	'120010550': login datacenter on PRC-Live through Server 5 (ping: 173.29 ms)
0	19:18:46.282	'120010550': previous successful authorization performed from 223.104.176.135
0	19:19:07.970	'120010550': auto connecting to a better access point Server 3 (ping is 117.17 ms)
0	19:19:08.690	'120010550': login on PRC-Live through Server 3 (ping: 117.17 ms)
0	19:19:10.442	'120010550': login datacenter on PRC-Live through Server 3 (ping: 117.17 ms)
0	19:19:10.957	'120010550': previous successful authorization performed from 101.131.181.23
1	19:46:10.383	'120010550': datacenter connecting failed [6]
0	19:46:11.260	'120010550': login on PRC-Live through Server 7 (ping: 158.22 ms)
0	19:46:42.884	'120010550': login datacenter on PRC-Live through Server 7 (ping: 158.22 ms)
0	19:46:49.027	'120010550': login on PRC-Live through Server 7 (ping: 158.22 ms)
0	19:46:51.023	'120010550': login datacenter on PRC-Live through Server 7 (ping: 158.22 ms)
0	19:46:51.615	'120010550': previous successful authorization performed from 1.180.18.117
1	19:47:31.237	'120010550': ping failed
1	19:47:31.239	'120010550': datacenter connecting failed [6]
0	19:47:32.123	'120010550': login on PRC-Live through Server 6 (ping: 134.90 ms)
0	19:48:24.519	'120010550': login on PRC-Live through Server 6 (ping: 134.90 ms)
0	19:49:29.591	'120010550': login on PRC-Live through Server 6 (ping: 134.90 ms)
0	19:50:30.844	'120010550': login datacenter on PRC-Live
0	19:50:37.059	'120010550': login on PRC-Live through Server 5 (ping: 190.57 ms)
0	19:50:39.733	'120010550': login datacenter on PRC-Live through Server 5 (ping: 190.57 ms)
0	19:50:40.185	'120010550': previous successful authorization performed from 1.180.18.117
0	19:51:01.612	'120010550': ping to current access point Server 5 is 190.48 ms
2	21:04:29.383	Custom indicator SupResZone_MTF XAGUSD.,H4: removed
2	21:04:29.384	Custom indicator SupResZone_MTF XAGUSD.,H4: removed
2	21:04:29.386	Custom indicator SupResZone_MTF XAGUSD.,H4: removed
2	21:04:29.387	Custom indicator SupResZone_MTF XAGUSD.,H4: removed
2	21:04:29.389	Custom indicator MACD-2x XAGUSD.,H4: removed
2	21:04:29.389	Custom indicator Laguerre-ACS1 XAGUSD.,H4: removed
2	22:01:53.175	Custom indicator SupResZone_MTF XAGUSD.,H1: loaded successfully
2	22:01:53.186	Custom indicator SupResZone_MTF XAGUSD.,H1: loaded successfully
2	22:01:53.198	Custom indicator SupResZone_MTF XAGUSD.,H1: loaded successfully
2	22:01:53.209	Custom indicator SupResZone_MTF XAGUSD.,H1: loaded successfully
2	22:01:53.219	Custom indicator MACD-2x XAGUSD.,H1: loaded successfully
2	22:01:53.293	Custom indicator Laguerre-ACS1 XAGUSD.,H1: loaded successfully
0	22:18:18.513	'120010550': order buy market 0.01 US_OIL sl: 0.00 tp: 0.00
0	22:18:18.988	'120010550': order was opened : #11075655 buy 0.01 US_OIL at 58.37 sl: 0.00 tp: 0.00
0	22:18:24.402	'120010550': modify order #11075655 buy 0.01 US_OIL at 58.37 sl: 0.00 tp: 0.00 -> sl: 0.00 tp: 59.19
0	22:18:24.986	'120010550': order #11075655 buy 0.01 US_OIL at 58.37 was modified -> sl: 0.00 tp: 59.19
0	22:18:57.699	'120010550': pending order buy limit 0.02 XAUUSD. at 1335.42 sl: 0.00 tp: 0.00
0	22:18:58.254	'120010550': order was opened : #11075657 buy limit 0.02 XAUUSD. at 1335.42 sl: 0.00 tp: 0.00
0	22:19:00.934	'120010550': delete pending order #11075657 buy limit 0.02 XAUUSD. at 1335.42 sl: 0.00 tp: 0.00
0	22:19:02.084	'120010550': pending order #11075657 was deleted
0	22:47:36.728	'120010550': order sell market 0.01 XAGUSD. sl: 0.000 tp: 0.000
0	22:47:37.309	'120010550': order was opened : #11075807 sell 0.01 XAGUSD. at 15.029 sl: 0.000 tp: 0.000
0	22:49:30.617	'120010550': modify order #11075655 buy 0.01 US_OIL at 58.37 sl: 0.00 tp: 59.19 -> sl: 0.00 tp: 58.73
0	22:49:30.934	'120010550': order #11075655 buy 0.01 US_OIL at 58.37 was modified -> sl: 0.00 tp: 58.73
0	22:50:39.056	'120010550': pending order sell stop 0.02 AUDUSD. at 0.69544 sl: 0.00000 tp: 0.00000
0	22:50:40.089	'120010550': order was opened : #11075815 sell stop 0.02 AUDUSD. at 0.69544 sl: 0.00000 tp: 0.00000
0	22:50:46.103	'120010550': modify pending order #11075815 sell stop 0.02 AUDUSD. at 0.69544 sl: 0.00000 tp: 0.00000 -> price: 0.69531 sl: 0.00000 tp: 0.00000
0	22:50:46.543	'120010550': pending order #11075815 sell stop 0.02 AUDUSD. was modified -> price: 0.69531 sl: 0.00000 tp: 0.00000
0	22:56:16.718	'120010550': modify order #11069354 sell 0.02 USDCHF. at 0.98514 sl: 0.99559 tp: 0.98449 -> sl: 0.99573 tp: 0.98449
0	22:56:18.056	'120010550': order #11069354 sell 0.02 USDCHF. at 0.98514 was modified -> sl: 0.99573 tp: 0.98449
1	23:11:11.035	'120010550': datacenter connecting failed [6]
0	23:11:12.187	'120010550': login on PRC-Live through Server 5 (ping: 190.48 ms)
0	23:11:17.366	'120010550': login datacenter on PRC-Live through Server 5 (ping: 190.48 ms)
0	23:11:17.820	'120010550': previous successful authorization performed from 101.131.181.23
0	23:11:47.459	'120010550': auto connecting to a better access point Server 3 (ping is 116.07 ms)
0	23:11:48.182	'120010550': login on PRC-Live through Server 3 (ping: 116.07 ms)
0	23:11:51.603	'120010550': login datacenter on PRC-Live through Server 3 (ping: 116.07 ms)
0	23:11:52.220	'120010550': previous successful authorization performed from 101.131.181.23
2	23:36:27.117	Custom indicator SupResZone_MTF USDXXX,H1: removed
2	23:36:27.119	Custom indicator SupResZone_MTF USDXXX,H1: removed
2	23:36:27.121	Custom indicator SupResZone_MTF USDXXX,H1: removed
2	23:36:27.122	Custom indicator SupResZone_MTF USDXXX,H1: removed
2	23:36:27.124	Custom indicator MACD-2x USDXXX,H1: removed
2	23:36:27.124	Custom indicator Laguerre-ACS1 USDXXX,H1: removed
2	23:36:27.157	Custom indicator SupResZone_MTF XAUUSD.,H4: removed
2	23:36:27.159	Custom indicator SupResZone_MTF XAUUSD.,H4: removed
2	23:36:27.160	Custom indicator SupResZone_MTF XAUUSD.,H4: removed
2	23:36:27.163	Custom indicator SupResZone_MTF XAUUSD.,H4: removed
2	23:36:27.166	Custom indicator MACD-2x XAUUSD.,H4: removed
2	23:36:27.166	Custom indicator Laguerre-ACS1 XAUUSD.,H4: removed
2	23:36:27.172	Custom indicator SupResZone_MTF US_OIL,H4: removed
2	23:36:27.174	Custom indicator SupResZone_MTF US_OIL,H4: removed
2	23:36:27.175	Custom indicator SupResZone_MTF US_OIL,H4: removed
2	23:36:27.177	Custom indicator SupResZone_MTF US_OIL,H4: removed
2	23:36:27.180	Custom indicator MACD-2x US_OIL,H4: removed
2	23:36:27.180	Custom indicator Laguerre-ACS1 US_OIL,H4: removed
2	23:36:27.186	Custom indicator SupResZone_MTF JP225,H4: removed
2	23:36:27.188	Custom indicator SupResZone_MTF JP225,H4: removed
2	23:36:27.190	Custom indicator SupResZone_MTF JP225,H4: removed
2	23:36:27.192	Custom indicator SupResZone_MTF JP225,H4: removed
2	23:36:27.193	Custom indicator MACD-2x JP225,H4: removed
2	23:36:27.193	Custom indicator Laguerre-ACS1 JP225,H4: removed
2	23:36:27.201	Custom indicator SupResZone_MTF SPX500,H4: removed
2	23:36:27.203	Custom indicator SupResZone_MTF SPX500,H4: removed
2	23:36:27.205	Custom indicator SupResZone_MTF SPX500,H4: removed
2	23:36:27.208	Custom indicator SupResZone_MTF SPX500,H4: removed
2	23:36:27.210	Custom indicator MACD-2x SPX500,H4: removed
2	23:36:27.210	Custom indicator Laguerre-ACS1 SPX500,H4: removed
2	23:36:27.218	Custom indicator SupResZone_MTF EURAUD.,H4: removed
2	23:36:27.220	Custom indicator SupResZone_MTF EURAUD.,H4: removed
2	23:36:27.221	Custom indicator SupResZone_MTF EURAUD.,H4: removed
2	23:36:27.223	Custom indicator SupResZone_MTF EURAUD.,H4: removed
2	23:36:27.225	Custom indicator MACD-2x EURAUD.,H4: removed
2	23:36:27.225	Custom indicator Laguerre-ACS1 EURAUD.,H4: removed
2	23:36:27.233	Custom indicator SupResZone_MTF AUDJPY.,H4: removed
2	23:36:27.235	Custom indicator SupResZone_MTF AUDJPY.,H4: removed
2	23:36:27.237	Custom indicator SupResZone_MTF AUDJPY.,H4: removed
2	23:36:27.239	Custom indicator SupResZone_MTF AUDJPY.,H4: removed
2	23:36:27.242	Custom indicator MACD-2x AUDJPY.,H4: removed
2	23:36:27.242	Custom indicator Laguerre-ACS1 AUDJPY.,H4: removed
2	23:36:27.248	Custom indicator SupResZone_MTF AUDUSD.,H4: removed
2	23:36:27.251	Custom indicator SupResZone_MTF AUDUSD.,H4: removed
2	23:36:27.254	Custom indicator SupResZone_MTF AUDUSD.,H4: removed
2	23:36:27.256	Custom indicator SupResZone_MTF AUDUSD.,H4: removed
2	23:36:27.259	Custom indicator MACD-2x AUDUSD.,H4: removed
2	23:36:27.259	Custom indicator Laguerre-ACS1 AUDUSD.,H4: removed
2	23:36:27.268	Custom indicator SupResZone_MTF USDJPY.,H4: removed
2	23:36:27.270	Custom indicator SupResZone_MTF USDJPY.,H4: removed
2	23:36:27.272	Custom indicator SupResZone_MTF USDJPY.,H4: removed
2	23:36:27.273	Custom indicator SupResZone_MTF USDJPY.,H4: removed
2	23:36:27.275	Custom indicator MACD-2x USDJPY.,H4: removed
2	23:36:27.275	Custom indicator Laguerre-ACS1 USDJPY.,H4: removed
2	23:36:27.282	Custom indicator SupResZone_MTF EURJPY.,H4: removed
2	23:36:27.283	Custom indicator SupResZone_MTF EURJPY.,H4: removed
2	23:36:27.286	Custom indicator SupResZone_MTF EURJPY.,H4: removed
2	23:36:27.288	Custom indicator SupResZone_MTF EURJPY.,H4: removed
2	23:36:27.290	Custom indicator MACD-2x EURJPY.,H4: removed
2	23:36:27.290	Custom indicator Laguerre-ACS1 EURJPY.,H4: removed
2	23:36:27.297	Custom indicator SupResZone_MTF EURUSD.,H4: removed
2	23:36:27.299	Custom indicator SupResZone_MTF EURUSD.,H4: removed
2	23:36:27.301	Custom indicator SupResZone_MTF EURUSD.,H4: removed
2	23:36:27.303	Custom indicator SupResZone_MTF EURUSD.,H4: removed
2	23:36:27.305	Custom indicator MACD-2x EURUSD.,H4: removed
2	23:36:27.305	Custom indicator Laguerre-ACS1 EURUSD.,H4: removed
2	23:36:27.310	Custom indicator SupResZone_MTF GBPJPY.,H4: removed
2	23:36:27.313	Custom indicator SupResZone_MTF GBPJPY.,H4: removed
2	23:36:27.315	Custom indicator SupResZone_MTF GBPJPY.,H4: removed
2	23:36:27.317	Custom indicator SupResZone_MTF GBPJPY.,H4: removed
2	23:36:27.319	Custom indicator MACD-2x GBPJPY.,H4: removed
2	23:36:27.319	Custom indicator Laguerre-ACS1 GBPJPY.,H4: removed
2	23:36:27.326	Custom indicator SupResZone_MTF GBPUSD.,H4: removed
2	23:36:27.327	Custom indicator SupResZone_MTF GBPUSD.,H4: removed
2	23:36:27.329	Custom indicator SupResZone_MTF GBPUSD.,H4: removed
2	23:36:27.331	Custom indicator SupResZone_MTF GBPUSD.,H4: removed
2	23:36:27.333	Custom indicator MACD-2x GBPUSD.,H4: removed
2	23:36:27.333	Custom indicator Laguerre-ACS1 GBPUSD.,H4: removed
2	23:36:27.341	Custom indicator SupResZone_MTF USDCAD.,H4: removed
2	23:36:27.342	Custom indicator SupResZone_MTF USDCAD.,H4: removed
2	23:36:27.344	Custom indicator SupResZone_MTF USDCAD.,H4: removed
2	23:36:27.347	Custom indicator SupResZone_MTF USDCAD.,H4: removed
2	23:36:27.350	Custom indicator MACD-2x USDCAD.,H4: removed
2	23:36:27.350	Custom indicator Laguerre-ACS1 USDCAD.,H4: removed
2	23:36:27.374	Custom indicator SupResZone_MTF USDCHF.,H4: removed
2	23:36:27.376	Custom indicator SupResZone_MTF USDCHF.,H4: removed
2	23:36:27.377	Custom indicator SupResZone_MTF USDCHF.,H4: removed
2	23:36:27.380	Custom indicator SupResZone_MTF USDCHF.,H4: removed
2	23:36:27.383	Custom indicator MACD-2x USDCHF.,H4: removed
2	23:36:27.384	Custom indicator Laguerre-ACS1 USDCHF.,H4: removed
2	23:36:27.390	Custom indicator SupResZone_MTF USDCNH,Daily: removed
2	23:36:27.392	Custom indicator SupResZone_MTF USDCNH,Daily: removed
2	23:36:27.394	Custom indicator SupResZone_MTF USDCNH,Daily: removed
2	23:36:27.396	Custom indicator SupResZone_MTF USDCNH,Daily: removed
2	23:36:27.398	Custom indicator MACD-2x USDCNH,Daily: removed
2	23:36:27.398	Custom indicator Laguerre-ACS1 USDCNH,Daily: removed
2	23:36:27.404	Custom indicator GMMA Long USDJPY.,H4: removed
2	23:36:27.405	Custom indicator GMMA Short USDJPY.,H4: removed
2	23:36:27.407	Custom indicator 23MTF_MovingAverageIGOR USDJPY.,H4: removed
2	23:36:27.409	Custom indicator 23MTF_MovingAverageIGOR USDJPY.,H4: removed
2	23:36:27.411	Custom indicator SupResZone_MTF USDJPY.,H4: removed
2	23:36:27.413	Custom indicator SupResZone_MTF USDJPY.,H4: removed
2	23:36:27.414	Custom indicator MACD-2x USDJPY.,H4: removed
2	23:36:27.420	Custom indicator SupResZone_MTF CHINA300,Daily: removed
2	23:36:27.422	Custom indicator SupResZone_MTF CHINA300,Daily: removed
2	23:36:27.423	Custom indicator SupResZone_MTF CHINA300,Daily: removed
2	23:36:27.425	Custom indicator SupResZone_MTF CHINA300,Daily: removed
2	23:36:27.426	Custom indicator MACD-2x CHINA300,Daily: removed
2	23:36:27.426	Custom indicator Laguerre-ACS1 CHINA300,Daily: removed
2	23:36:27.438	Custom indicator SupResZone_MTF XAGUSD.,H4: removed
2	23:36:27.441	Custom indicator SupResZone_MTF XAGUSD.,H4: removed
2	23:36:27.442	Custom indicator SupResZone_MTF XAGUSD.,H4: removed
2	23:36:27.444	Custom indicator SupResZone_MTF XAGUSD.,H4: removed
2	23:36:27.446	Custom indicator MACD-2x XAGUSD.,H4: removed
2	23:36:27.446	Custom indicator Laguerre-ACS1 XAGUSD.,H4: removed
0	23:36:27.886	FX Trader build 1170 stopped
0	23:39:52.211	FX Trader build 1170 started (Performance Ronnaru Capital Ltd.)
0	23:39:52.211	Windows 10 Home x64, IE 11, UAC, 8 x Intel Core i7-6700HQ  @ 2.60GHz, Memory: 28189 / 32639 Mb, Disk: 136 / 264 Gb, GMT+8
0	23:39:52.211	Data Folder: C:\Users\tiany\AppData\Roaming\MetaQuotes\Terminal\79214103E7A6FC97F86082D309D0B84B
2	23:39:54.290	Custom indicator SupResZone_MTF USDXXX,H1: loaded successfully
2	23:39:54.303	Custom indicator SupResZone_MTF USDXXX,H1: loaded successfully
2	23:39:54.318	Custom indicator SupResZone_MTF USDXXX,H1: loaded successfully
2	23:39:54.333	Custom indicator SupResZone_MTF USDXXX,H1: loaded successfully
2	23:39:54.348	Custom indicator MACD-2x USDXXX,H1: loaded successfully
2	23:39:54.431	Custom indicator Laguerre-ACS1 USDXXX,H1: loaded successfully
2	23:39:54.716	Custom indicator SupResZone_MTF XAUUSD.,H4: loaded successfully
2	23:39:54.735	Custom indicator SupResZone_MTF XAUUSD.,H4: loaded successfully
2	23:39:54.754	Custom indicator SupResZone_MTF XAUUSD.,H4: loaded successfully
2	23:39:54.772	Custom indicator SupResZone_MTF XAUUSD.,H4: loaded successfully
2	23:39:54.791	Custom indicator MACD-2x XAUUSD.,H4: loaded successfully
2	23:39:54.944	Custom indicator Laguerre-ACS1 XAUUSD.,H4: loaded successfully
2	23:39:55.200	Custom indicator SupResZone_MTF XAGUSD.,H4: loaded successfully
2	23:39:55.214	Custom indicator SupResZone_MTF XAGUSD.,H4: loaded successfully
2	23:39:55.227	Custom indicator SupResZone_MTF XAGUSD.,H4: loaded successfully
2	23:39:55.241	Custom indicator SupResZone_MTF XAGUSD.,H4: loaded successfully
2	23:39:55.254	Custom indicator MACD-2x XAGUSD.,H4: loaded successfully
2	23:39:55.368	Custom indicator Laguerre-ACS1 XAGUSD.,H4: loaded successfully
2	23:39:55.677	Custom indicator SupResZone_MTF US_OIL,H4: loaded successfully
2	23:39:55.688	Custom indicator SupResZone_MTF US_OIL,H4: loaded successfully
2	23:39:55.705	Custom indicator SupResZone_MTF US_OIL,H4: loaded successfully
2	23:39:55.720	Custom indicator SupResZone_MTF US_OIL,H4: loaded successfully
2	23:39:55.732	Custom indicator MACD-2x US_OIL,H4: loaded successfully
2	23:39:55.830	Custom indicator Laguerre-ACS1 US_OIL,H4: loaded successfully
2	23:39:56.275	Custom indicator SupResZone_MTF JP225,H4: loaded successfully
2	23:39:56.290	Custom indicator SupResZone_MTF JP225,H4: loaded successfully
2	23:39:56.308	Custom indicator SupResZone_MTF JP225,H4: loaded successfully
2	23:39:56.323	Custom indicator SupResZone_MTF JP225,H4: loaded successfully
2	23:39:56.336	Custom indicator MACD-2x JP225,H4: loaded successfully
2	23:39:56.413	Custom indicator Laguerre-ACS1 JP225,H4: loaded successfully
2	23:39:56.696	Custom indicator SupResZone_MTF SPX500,H4: loaded successfully
2	23:39:56.707	Custom indicator SupResZone_MTF SPX500,H4: loaded successfully
2	23:39:56.718	Custom indicator SupResZone_MTF SPX500,H4: loaded successfully
2	23:39:56.729	Custom indicator SupResZone_MTF SPX500,H4: loaded successfully
2	23:39:56.739	Custom indicator MACD-2x SPX500,H4: loaded successfully
2	23:39:56.815	Custom indicator Laguerre-ACS1 SPX500,H4: loaded successfully
2	23:39:57.109	Custom indicator SupResZone_MTF EURAUD.,H4: loaded successfully
2	23:39:57.123	Custom indicator SupResZone_MTF EURAUD.,H4: loaded successfully
2	23:39:57.136	Custom indicator SupResZone_MTF EURAUD.,H4: loaded successfully
2	23:39:57.151	Custom indicator SupResZone_MTF EURAUD.,H4: loaded successfully
2	23:39:57.163	Custom indicator MACD-2x EURAUD.,H4: loaded successfully
2	23:39:57.244	Custom indicator Laguerre-ACS1 EURAUD.,H4: loaded successfully
2	23:39:57.532	Custom indicator SupResZone_MTF AUDJPY.,H4: loaded successfully
2	23:39:57.544	Custom indicator SupResZone_MTF AUDJPY.,H4: loaded successfully
2	23:39:57.556	Custom indicator SupResZone_MTF AUDJPY.,H4: loaded successfully
2	23:39:57.568	Custom indicator SupResZone_MTF AUDJPY.,H4: loaded successfully
2	23:39:57.579	Custom indicator MACD-2x AUDJPY.,H4: loaded successfully
2	23:39:57.655	Custom indicator Laguerre-ACS1 AUDJPY.,H4: loaded successfully
2	23:39:57.938	Custom indicator SupResZone_MTF AUDUSD.,H4: loaded successfully
2	23:39:57.950	Custom indicator SupResZone_MTF AUDUSD.,H4: loaded successfully
2	23:39:57.961	Custom indicator SupResZone_MTF AUDUSD.,H4: loaded successfully
2	23:39:57.971	Custom indicator SupResZone_MTF AUDUSD.,H4: loaded successfully
2	23:39:57.982	Custom indicator MACD-2x AUDUSD.,H4: loaded successfully
2	23:39:58.064	Custom indicator Laguerre-ACS1 AUDUSD.,H4: loaded successfully
2	23:39:58.307	Custom indicator SupResZone_MTF USDJPY.,H4: loaded successfully
2	23:39:58.319	Custom indicator SupResZone_MTF USDJPY.,H4: loaded successfully
2	23:39:58.330	Custom indicator SupResZone_MTF USDJPY.,H4: loaded successfully
2	23:39:58.343	Custom indicator SupResZone_MTF USDJPY.,H4: loaded successfully
2	23:39:58.354	Custom indicator MACD-2x USDJPY.,H4: loaded successfully
2	23:39:58.429	Custom indicator Laguerre-ACS1 USDJPY.,H4: loaded successfully
2	23:39:58.648	Custom indicator SupResZone_MTF EURJPY.,H4: loaded successfully
2	23:39:58.659	Custom indicator SupResZone_MTF EURJPY.,H4: loaded successfully
2	23:39:58.671	Custom indicator SupResZone_MTF EURJPY.,H4: loaded successfully
2	23:39:58.682	Custom indicator SupResZone_MTF EURJPY.,H4: loaded successfully
2	23:39:58.693	Custom indicator MACD-2x EURJPY.,H4: loaded successfully
2	23:39:58.770	Custom indicator Laguerre-ACS1 EURJPY.,H4: loaded successfully
2	23:39:58.999	Custom indicator SupResZone_MTF EURUSD.,H4: loaded successfully
2	23:39:59.010	Custom indicator SupResZone_MTF EURUSD.,H4: loaded successfully
2	23:39:59.021	Custom indicator SupResZone_MTF EURUSD.,H4: loaded successfully
2	23:39:59.031	Custom indicator SupResZone_MTF EURUSD.,H4: loaded successfully
2	23:39:59.042	Custom indicator MACD-2x EURUSD.,H4: loaded successfully
2	23:39:59.118	Custom indicator Laguerre-ACS1 EURUSD.,H4: loaded successfully
2	23:39:59.360	Custom indicator SupResZone_MTF GBPJPY.,H4: loaded successfully
2	23:39:59.372	Custom indicator SupResZone_MTF GBPJPY.,H4: loaded successfully
2	23:39:59.383	Custom indicator SupResZone_MTF GBPJPY.,H4: loaded successfully
2	23:39:59.396	Custom indicator SupResZone_MTF GBPJPY.,H4: loaded successfully
2	23:39:59.407	Custom indicator MACD-2x GBPJPY.,H4: loaded successfully
2	23:39:59.493	Custom indicator Laguerre-ACS1 GBPJPY.,H4: loaded successfully
2	23:39:59.698	Custom indicator SupResZone_MTF GBPUSD.,H4: loaded successfully
2	23:39:59.709	Custom indicator SupResZone_MTF GBPUSD.,H4: loaded successfully
2	23:39:59.720	Custom indicator SupResZone_MTF GBPUSD.,H4: loaded successfully
2	23:39:59.731	Custom indicator SupResZone_MTF GBPUSD.,H4: loaded successfully
2	23:39:59.742	Custom indicator MACD-2x GBPUSD.,H4: loaded successfully
2	23:39:59.813	Custom indicator Laguerre-ACS1 GBPUSD.,H4: loaded successfully
2	23:40:00.049	Custom indicator SupResZone_MTF USDCAD.,H4: loaded successfully
2	23:40:00.059	Custom indicator SupResZone_MTF USDCAD.,H4: loaded successfully
2	23:40:00.070	Custom indicator SupResZone_MTF USDCAD.,H4: loaded successfully
2	23:40:00.081	Custom indicator SupResZone_MTF USDCAD.,H4: loaded successfully
2	23:40:00.091	Custom indicator MACD-2x USDCAD.,H4: loaded successfully
2	23:40:00.168	Custom indicator Laguerre-ACS1 USDCAD.,H4: loaded successfully
2	23:40:00.384	Custom indicator SupResZone_MTF USDCHF.,H4: loaded successfully
2	23:40:00.396	Custom indicator SupResZone_MTF USDCHF.,H4: loaded successfully
2	23:40:00.410	Custom indicator SupResZone_MTF USDCHF.,H4: loaded successfully
2	23:40:00.424	Custom indicator SupResZone_MTF USDCHF.,H4: loaded successfully
2	23:40:00.440	Custom indicator MACD-2x USDCHF.,H4: loaded successfully
2	23:40:00.515	Custom indicator Laguerre-ACS1 USDCHF.,H4: loaded successfully
2	23:40:00.724	Custom indicator SupResZone_MTF USDCNH,Daily: loaded successfully
2	23:40:00.736	Custom indicator SupResZone_MTF USDCNH,Daily: loaded successfully
2	23:40:00.749	Custom indicator SupResZone_MTF USDCNH,Daily: loaded successfully
2	23:40:00.760	Custom indicator SupResZone_MTF USDCNH,Daily: loaded successfully
2	23:40:00.773	Custom indicator MACD-2x USDCNH,Daily: loaded successfully
2	23:40:00.853	Custom indicator Laguerre-ACS1 USDCNH,Daily: loaded successfully
2	23:40:00.997	Custom indicator GMMA Long USDJPY.,H4: loaded successfully
2	23:40:01.007	Custom indicator GMMA Short USDJPY.,H4: loaded successfully
2	23:40:01.017	Custom indicator 23MTF_MovingAverageIGOR USDJPY.,H4: loaded successfully
2	23:40:01.026	Custom indicator 23MTF_MovingAverageIGOR USDJPY.,H4: loaded successfully
2	23:40:01.037	Custom indicator SupResZone_MTF USDJPY.,H4: loaded successfully
2	23:40:01.050	Custom indicator SupResZone_MTF USDJPY.,H4: loaded successfully
2	23:40:01.061	Custom indicator MACD-2x USDJPY.,H4: loaded successfully
2	23:40:01.270	Custom indicator SupResZone_MTF CHINA300,Daily: loaded successfully
2	23:40:01.282	Custom indicator SupResZone_MTF CHINA300,Daily: loaded successfully
2	23:40:01.295	Custom indicator SupResZone_MTF CHINA300,Daily: loaded successfully
2	23:40:01.305	Custom indicator SupResZone_MTF CHINA300,Daily: loaded successfully
2	23:40:01.315	Custom indicator MACD-2x CHINA300,Daily: loaded successfully
2	23:40:01.387	Custom indicator Laguerre-ACS1 CHINA300,Daily: loaded successfully
0	23:40:03.714	'120010550': login on PRC-Live through Server 3 (ping: 116.07 ms)
0	23:40:05.355	'120010550': login datacenter on PRC-Live through Server 3 (ping: 116.07 ms)
0	23:40:06.024	'120010550': previous successful authorization performed from 101.131.181.23
1	23:45:45.987	'120010550': ping failed
0	23:45:46.252	'120010550': login datacenter on PRC-Live
0	23:45:47.228	'120010550': login on PRC-Live through Server 5 (ping: 135.24 ms)
0	23:45:52.668	'120010550': login datacenter on PRC-Live through Server 5 (ping: 135.24 ms)
0	23:45:53.122	'120010550': previous successful authorization performed from 1.180.18.101
2	23:47:26.037	Custom indicator SupResZone_MTF USDXXX,Daily: removed
2	23:47:26.037	Custom indicator SupResZone_MTF USDXXX,Daily: removed
2	23:47:26.037	Custom indicator SupResZone_MTF USDXXX,Daily: removed
2	23:47:26.053	Custom indicator SupResZone_MTF USDXXX,Daily: removed
2	23:47:26.053	Custom indicator MACD-2x USDXXX,Daily: removed
2	23:47:26.053	Custom indicator Laguerre-ACS1 USDXXX,Daily: removed
2	23:47:26.104	Custom indicator SupResZone_MTF XAUUSD.,H4: removed
2	23:47:26.106	Custom indicator SupResZone_MTF XAUUSD.,H4: removed
2	23:47:26.108	Custom indicator SupResZone_MTF XAUUSD.,H4: removed
2	23:47:26.111	Custom indicator SupResZone_MTF XAUUSD.,H4: removed
2	23:47:26.112	Custom indicator MACD-2x XAUUSD.,H4: removed
2	23:47:26.113	Custom indicator Laguerre-ACS1 XAUUSD.,H4: removed
2	23:47:26.121	Custom indicator SupResZone_MTF XAGUSD.,H4: removed
2	23:47:26.122	Custom indicator SupResZone_MTF XAGUSD.,H4: removed
2	23:47:26.124	Custom indicator SupResZone_MTF XAGUSD.,H4: removed
2	23:47:26.126	Custom indicator SupResZone_MTF XAGUSD.,H4: removed
2	23:47:26.128	Custom indicator MACD-2x XAGUSD.,H4: removed
2	23:47:26.128	Custom indicator Laguerre-ACS1 XAGUSD.,H4: removed
2	23:47:26.149	Custom indicator SupResZone_MTF US_OIL,H4: removed
2	23:47:26.151	Custom indicator SupResZone_MTF US_OIL,H4: removed
2	23:47:26.152	Custom indicator SupResZone_MTF US_OIL,H4: removed
2	23:47:26.154	Custom indicator SupResZone_MTF US_OIL,H4: removed
2	23:47:26.156	Custom indicator MACD-2x US_OIL,H4: removed
2	23:47:26.156	Custom indicator Laguerre-ACS1 US_OIL,H4: removed
2	23:47:26.162	Custom indicator SupResZone_MTF JP225,H4: removed
2	23:47:26.164	Custom indicator SupResZone_MTF JP225,H4: removed
2	23:47:26.165	Custom indicator SupResZone_MTF JP225,H4: removed
2	23:47:26.167	Custom indicator SupResZone_MTF JP225,H4: removed
2	23:47:26.169	Custom indicator MACD-2x JP225,H4: removed
2	23:47:26.169	Custom indicator Laguerre-ACS1 JP225,H4: removed
2	23:47:26.175	Custom indicator SupResZone_MTF SPX500,H4: removed
2	23:47:26.176	Custom indicator SupResZone_MTF SPX500,H4: removed
2	23:47:26.178	Custom indicator SupResZone_MTF SPX500,H4: removed
2	23:47:26.180	Custom indicator SupResZone_MTF SPX500,H4: removed
2	23:47:26.182	Custom indicator MACD-2x SPX500,H4: removed
2	23:47:26.182	Custom indicator Laguerre-ACS1 SPX500,H4: removed
2	23:47:26.188	Custom indicator SupResZone_MTF EURAUD.,H4: removed
2	23:47:26.189	Custom indicator SupResZone_MTF EURAUD.,H4: removed
2	23:47:26.191	Custom indicator SupResZone_MTF EURAUD.,H4: removed
2	23:47:26.192	Custom indicator SupResZone_MTF EURAUD.,H4: removed
2	23:47:26.194	Custom indicator MACD-2x EURAUD.,H4: removed
2	23:47:26.194	Custom indicator Laguerre-ACS1 EURAUD.,H4: removed
2	23:47:26.199	Custom indicator SupResZone_MTF AUDJPY.,H4: removed
2	23:47:26.201	Custom indicator SupResZone_MTF AUDJPY.,H4: removed
2	23:47:26.202	Custom indicator SupResZone_MTF AUDJPY.,H4: removed
2	23:47:26.204	Custom indicator SupResZone_MTF AUDJPY.,H4: removed
2	23:47:26.205	Custom indicator MACD-2x AUDJPY.,H4: removed
2	23:47:26.205	Custom indicator Laguerre-ACS1 AUDJPY.,H4: removed
2	23:47:26.212	Custom indicator SupResZone_MTF AUDUSD.,H4: removed
2	23:47:26.214	Custom indicator SupResZone_MTF AUDUSD.,H4: removed
2	23:47:26.216	Custom indicator SupResZone_MTF AUDUSD.,H4: removed
2	23:47:26.217	Custom indicator SupResZone_MTF AUDUSD.,H4: removed
2	23:47:26.219	Custom indicator MACD-2x AUDUSD.,H4: removed
2	23:47:26.219	Custom indicator Laguerre-ACS1 AUDUSD.,H4: removed
2	23:47:26.226	Custom indicator SupResZone_MTF USDJPY.,H4: removed
2	23:47:26.228	Custom indicator SupResZone_MTF USDJPY.,H4: removed
2	23:47:26.229	Custom indicator SupResZone_MTF USDJPY.,H4: removed
2	23:47:26.231	Custom indicator SupResZone_MTF USDJPY.,H4: removed
2	23:47:26.233	Custom indicator MACD-2x USDJPY.,H4: removed
2	23:47:26.233	Custom indicator Laguerre-ACS1 USDJPY.,H4: removed
2	23:47:26.242	Custom indicator SupResZone_MTF EURJPY.,H4: removed
2	23:47:26.244	Custom indicator SupResZone_MTF EURJPY.,H4: removed
2	23:47:26.245	Custom indicator SupResZone_MTF EURJPY.,H4: removed
2	23:47:26.246	Custom indicator SupResZone_MTF EURJPY.,H4: removed
2	23:47:26.249	Custom indicator MACD-2x EURJPY.,H4: removed
2	23:47:26.249	Custom indicator Laguerre-ACS1 EURJPY.,H4: removed
2	23:47:26.257	Custom indicator SupResZone_MTF EURUSD.,H4: removed
2	23:47:26.259	Custom indicator SupResZone_MTF EURUSD.,H4: removed
2	23:47:26.260	Custom indicator SupResZone_MTF EURUSD.,H4: removed
2	23:47:26.261	Custom indicator SupResZone_MTF EURUSD.,H4: removed
2	23:47:26.263	Custom indicator MACD-2x EURUSD.,H4: removed
2	23:47:26.263	Custom indicator Laguerre-ACS1 EURUSD.,H4: removed
2	23:47:26.270	Custom indicator SupResZone_MTF GBPJPY.,H4: removed
2	23:47:26.271	Custom indicator SupResZone_MTF GBPJPY.,H4: removed
2	23:47:26.273	Custom indicator SupResZone_MTF GBPJPY.,H4: removed
2	23:47:26.275	Custom indicator SupResZone_MTF GBPJPY.,H4: removed
2	23:47:26.277	Custom indicator MACD-2x GBPJPY.,H4: removed
2	23:47:26.277	Custom indicator Laguerre-ACS1 GBPJPY.,H4: removed
2	23:47:26.283	Custom indicator SupResZone_MTF GBPUSD.,H4: removed
2	23:47:26.285	Custom indicator SupResZone_MTF GBPUSD.,H4: removed
2	23:47:26.287	Custom indicator SupResZone_MTF GBPUSD.,H4: removed
2	23:47:26.290	Custom indicator SupResZone_MTF GBPUSD.,H4: removed
2	23:47:26.292	Custom indicator MACD-2x GBPUSD.,H4: removed
2	23:47:26.292	Custom indicator Laguerre-ACS1 GBPUSD.,H4: removed
2	23:47:26.299	Custom indicator SupResZone_MTF USDCAD.,H4: removed
2	23:47:26.301	Custom indicator SupResZone_MTF USDCAD.,H4: removed
2	23:47:26.303	Custom indicator SupResZone_MTF USDCAD.,H4: removed
2	23:47:26.304	Custom indicator SupResZone_MTF USDCAD.,H4: removed
2	23:47:26.306	Custom indicator MACD-2x USDCAD.,H4: removed
2	23:47:26.306	Custom indicator Laguerre-ACS1 USDCAD.,H4: removed
2	23:47:26.325	Custom indicator SupResZone_MTF USDCHF.,H4: removed
2	23:47:26.326	Custom indicator SupResZone_MTF USDCHF.,H4: removed
2	23:47:26.328	Custom indicator SupResZone_MTF USDCHF.,H4: removed
2	23:47:26.329	Custom indicator SupResZone_MTF USDCHF.,H4: removed
2	23:47:26.331	Custom indicator MACD-2x USDCHF.,H4: removed
2	23:47:26.331	Custom indicator Laguerre-ACS1 USDCHF.,H4: removed
2	23:47:26.339	Custom indicator SupResZone_MTF USDCNH,Daily: removed
2	23:47:26.340	Custom indicator SupResZone_MTF USDCNH,Daily: removed
2	23:47:26.342	Custom indicator SupResZone_MTF USDCNH,Daily: removed
2	23:47:26.344	Custom indicator SupResZone_MTF USDCNH,Daily: removed
2	23:47:26.346	Custom indicator MACD-2x USDCNH,Daily: removed
2	23:47:26.346	Custom indicator Laguerre-ACS1 USDCNH,Daily: removed
2	23:47:26.361	Custom indicator GMMA Long USDJPY.,H4: removed
2	23:47:26.362	Custom indicator GMMA Short USDJPY.,H4: removed
2	23:47:26.364	Custom indicator 23MTF_MovingAverageIGOR USDJPY.,H4: removed
2	23:47:26.366	Custom indicator 23MTF_MovingAverageIGOR USDJPY.,H4: removed
2	23:47:26.369	Custom indicator SupResZone_MTF USDJPY.,H4: removed
2	23:47:26.370	Custom indicator SupResZone_MTF USDJPY.,H4: removed
2	23:47:26.372	Custom indicator MACD-2x USDJPY.,H4: removed
2	23:47:26.384	Custom indicator SupResZone_MTF CHINA300,Daily: removed
2	23:47:26.386	Custom indicator SupResZone_MTF CHINA300,Daily: removed
2	23:47:26.388	Custom indicator SupResZone_MTF CHINA300,Daily: removed
2	23:47:26.390	Custom indicator SupResZone_MTF CHINA300,Daily: removed
2	23:47:26.392	Custom indicator MACD-2x CHINA300,Daily: removed
2	23:47:26.392	Custom indicator Laguerre-ACS1 CHINA300,Daily: removed
0	23:47:26.834	FX Trader build 1170 stopped
