2	01:24:23.333	Custom indicator Laguerre-ACS1 USDJPY.,Daily: removed
2	01:24:23.335	Custom indicator MACD USDJPY.,Daily: removed
2	01:24:23.354	Custom indicator Laguerre-ACS1 EURJPY.,H4: removed
2	01:24:23.356	Custom indicator MACD EURJPY.,H4: removed
2	01:24:23.373	Custom indicator Laguerre-ACS1 EURUSD.,H4: removed
2	01:24:23.375	Custom indicator MACD EURUSD.,H4: removed
2	01:24:23.379	Custom indicator Laguerre-ACS1 GBPUSD.,H4: removed
2	01:24:23.381	Custom indicator MACD GBPUSD.,H4: removed
2	01:24:23.398	Custom indicator Laguerre-ACS1 GBPJPY.,H4: removed
2	01:24:23.400	Custom indicator MACD GBPJPY.,H4: removed
2	01:24:23.417	Custom indicator Laguerre-ACS1 JP225,H1: removed
2	01:24:23.419	Custom indicator MACD JP225,H1: removed
2	01:24:23.436	Custom indicator Laguerre-ACS1 NDX100,H4: removed
2	01:24:23.438	Custom indicator MACD NDX100,H4: removed
2	01:24:23.446	Custom indicator Laguerre-ACS1 SPX500,H4: removed
2	01:24:23.448	Custom indicator MACD SPX500,H4: removed
2	01:24:23.453	Custom indicator Laguerre-ACS1 A50,Daily: removed
2	01:24:23.455	Custom indicator MACD A50,Daily: removed
2	01:24:23.458	Custom indicator Laguerre-ACS1 XAUUSD.,Daily: removed
2	01:24:23.460	Custom indicator MACD XAUUSD.,Daily: removed
2	01:24:23.465	Custom indicator Laguerre-ACS1 US_OIL,Daily: removed
2	01:24:23.467	Custom indicator MACD US_OIL,Daily: removed
0	01:24:23.814	FX Trader build 1170 stopped
0	19:59:09.807	FX Trader build 1170 started (Performance Ronnaru Capital Ltd.)
0	19:59:09.807	Windows 10 Home x64, IE 11, UAC, 8 x Intel Core i7-6700HQ  @ 2.60GHz, Memory: 25449 / 32639 Mb, Disk: 146 / 264 Gb, GMT+9
0	19:59:09.807	Data Folder: C:\Users\tiany\AppData\Roaming\MetaQuotes\Terminal\79214103E7A6FC97F86082D309D0B84B
2	19:59:12.129	Custom indicator 小鱼\Laguerre-ACS1 USDJPY.,Daily: loaded successfully
2	19:59:12.140	Custom indicator MACD USDJPY.,Daily: loaded successfully
2	19:59:12.266	Custom indicator 小鱼\Laguerre-ACS1 EURJPY.,H4: loaded successfully
2	19:59:12.278	Custom indicator MACD EURJPY.,H4: loaded successfully
2	19:59:12.405	Custom indicator 小鱼\Laguerre-ACS1 EURUSD.,H4: loaded successfully
2	19:59:12.416	Custom indicator MACD EURUSD.,H4: loaded successfully
2	19:59:12.556	Custom indicator 小鱼\Laguerre-ACS1 GBPUSD.,H4: loaded successfully
2	19:59:12.567	Custom indicator MACD GBPUSD.,H4: loaded successfully
2	19:59:12.704	Custom indicator 小鱼\Laguerre-ACS1 GBPJPY.,H4: loaded successfully
2	19:59:12.715	Custom indicator MACD GBPJPY.,H4: loaded successfully
2	19:59:12.834	Custom indicator 小鱼\Laguerre-ACS1 JP225,H1: loaded successfully
2	19:59:12.845	Custom indicator MACD JP225,H1: loaded successfully
2	19:59:13.021	Custom indicator 小鱼\Laguerre-ACS1 NDX100,H4: loaded successfully
2	19:59:13.031	Custom indicator MACD NDX100,H4: loaded successfully
2	19:59:13.182	Custom indicator 小鱼\Laguerre-ACS1 SPX500,H4: loaded successfully
2	19:59:13.193	Custom indicator MACD SPX500,H4: loaded successfully
2	19:59:13.314	Custom indicator 小鱼\Laguerre-ACS1 A50,Daily: loaded successfully
2	19:59:13.326	Custom indicator MACD A50,Daily: loaded successfully
2	19:59:13.508	Custom indicator 小鱼\Laguerre-ACS1 XAUUSD.,Daily: loaded successfully
2	19:59:13.519	Custom indicator MACD XAUUSD.,Daily: loaded successfully
2	19:59:13.729	Custom indicator 小鱼\Laguerre-ACS1 US_OIL,Daily: loaded successfully
2	19:59:13.739	Custom indicator MACD US_OIL,Daily: loaded successfully
0	19:59:15.791	'120010550': login on PRC-Live through Server 3 (ping: 34.02 ms)
0	19:59:16.834	'120010550': login datacenter on PRC-Live through Server 3 (ping: 34.02 ms)
0	19:59:17.211	'120010550': previous successful authorization performed from 106.181.133.124
0	19:59:34.940	'120010550': ping to current access point Server 3 is 36.73 ms
1	20:22:49.869	'120010550': connect failed [No connection]
0	20:25:23.752	'120010550': login on PRC-Live through Server 3 (ping: 36.73 ms)
0	20:25:24.844	'120010550': login datacenter on PRC-Live through Server 3 (ping: 36.73 ms)
0	20:25:25.346	'120010550': previous successful authorization performed from 106.181.133.124
1	22:39:55.569	'120010550': ping failed
0	22:39:59.612	'120010550': login on PRC-Live through Server 8 (ping: n/a)
0	22:40:02.130	'120010550': login datacenter on PRC-Live through Server 8 (ping: n/a)
0	22:40:02.945	'120010550': previous successful authorization performed from 106.181.135.171
0	22:40:23.026	'120010550': auto connecting to a better access point Server 7 (ping is 35.78 ms)
0	22:40:23.424	'120010550': login on PRC-Live through Server 7 (ping: 35.78 ms)
0	22:40:24.057	'120010550': login datacenter on PRC-Live through Server 7 (ping: 35.78 ms)
0	22:40:24.382	'120010550': previous successful authorization performed from 106.181.135.171
