0	11:43:18.307	FX Trader build 1170 started (Performance Ronnaru Capital Ltd.)
0	11:43:18.307	Windows 10 Home x64, IE 11, UAC, 8 x Intel Core i7-6700HQ  @ 2.60GHz, Memory: 24056 / 32639 Mb, Disk: 138 / 264 Gb, GMT+9
0	11:43:18.307	Data Folder: C:\Users\tiany\AppData\Roaming\MetaQuotes\Terminal\79214103E7A6FC97F86082D309D0B84B
1	11:43:19.572	MQL Base: failed connect to server
2	11:43:20.082	Custom indicator SupResZone_MTF USDXXX,H4: loaded successfully
2	11:43:20.093	Custom indicator SupResZone_MTF USDXXX,H4: loaded successfully
2	11:43:20.104	Custom indicator SupResZone_MTF USDXXX,H4: loaded successfully
2	11:43:20.114	Custom indicator SupResZone_MTF USDXXX,H4: loaded successfully
2	11:43:20.126	Custom indicator MACD-2x USDXXX,H4: loaded successfully
2	11:43:20.205	Custom indicator Laguerre-ACS1 USDXXX,H4: loaded successfully
2	11:43:20.382	Custom indicator SupResZone_MTF XAUUSD.,H1: loaded successfully
2	11:43:20.395	Custom indicator SupResZone_MTF XAUUSD.,H1: loaded successfully
2	11:43:20.406	Custom indicator SupResZone_MTF XAUUSD.,H1: loaded successfully
2	11:43:20.417	Custom indicator SupResZone_MTF XAUUSD.,H1: loaded successfully
2	11:43:20.429	Custom indicator MACD-2x XAUUSD.,H1: loaded successfully
2	11:43:20.506	Custom indicator Laguerre-ACS1 XAUUSD.,H1: loaded successfully
2	11:43:20.548	Custom indicator WBR XAUUSD.,H1: loaded successfully
2	11:43:20.922	Custom indicator SupResZone_MTF XAGUSD.,H1: loaded successfully
2	11:43:20.933	Custom indicator SupResZone_MTF XAGUSD.,H1: loaded successfully
2	11:43:20.946	Custom indicator SupResZone_MTF XAGUSD.,H1: loaded successfully
2	11:43:20.957	Custom indicator SupResZone_MTF XAGUSD.,H1: loaded successfully
2	11:43:20.969	Custom indicator MACD-2x XAGUSD.,H1: loaded successfully
2	11:43:21.047	Custom indicator Laguerre-ACS1 XAGUSD.,H1: loaded successfully
2	11:43:21.277	Custom indicator SupResZone_MTF US_OIL,H1: loaded successfully
2	11:43:21.288	Custom indicator SupResZone_MTF US_OIL,H1: loaded successfully
2	11:43:21.299	Custom indicator SupResZone_MTF US_OIL,H1: loaded successfully
2	11:43:21.309	Custom indicator SupResZone_MTF US_OIL,H1: loaded successfully
2	11:43:21.319	Custom indicator MACD-2x US_OIL,H1: loaded successfully
2	11:43:21.390	Custom indicator Laguerre-ACS1 US_OIL,H1: loaded successfully
2	11:43:21.407	Custom indicator WBR US_OIL,H1: loaded successfully
2	11:43:21.793	Custom indicator SupResZone_MTF JP225,H1: loaded successfully
2	11:43:21.803	Custom indicator SupResZone_MTF JP225,H1: loaded successfully
2	11:43:21.813	Custom indicator SupResZone_MTF JP225,H1: loaded successfully
2	11:43:21.823	Custom indicator SupResZone_MTF JP225,H1: loaded successfully
2	11:43:21.835	Custom indicator MACD-2x JP225,H1: loaded successfully
2	11:43:21.912	Custom indicator Laguerre-ACS1 JP225,H1: loaded successfully
2	11:43:22.195	Custom indicator SupResZone_MTF SPX500,H1: loaded successfully
2	11:43:22.206	Custom indicator SupResZone_MTF SPX500,H1: loaded successfully
2	11:43:22.215	Custom indicator SupResZone_MTF SPX500,H1: loaded successfully
2	11:43:22.225	Custom indicator SupResZone_MTF SPX500,H1: loaded successfully
2	11:43:22.236	Custom indicator MACD-2x SPX500,H1: loaded successfully
2	11:43:22.309	Custom indicator Laguerre-ACS1 SPX500,H1: loaded successfully
2	11:43:22.558	Custom indicator SupResZone_MTF EURAUD.,H4: loaded successfully
2	11:43:22.571	Custom indicator SupResZone_MTF EURAUD.,H4: loaded successfully
2	11:43:22.583	Custom indicator SupResZone_MTF EURAUD.,H4: loaded successfully
2	11:43:22.598	Custom indicator SupResZone_MTF EURAUD.,H4: loaded successfully
2	11:43:22.609	Custom indicator MACD-2x EURAUD.,H4: loaded successfully
2	11:43:22.699	Custom indicator Laguerre-ACS1 EURAUD.,H4: loaded successfully
2	11:43:22.907	Custom indicator SupResZone_MTF AUDJPY.,H1: loaded successfully
2	11:43:22.918	Custom indicator SupResZone_MTF AUDJPY.,H1: loaded successfully
2	11:43:22.930	Custom indicator SupResZone_MTF AUDJPY.,H1: loaded successfully
2	11:43:22.942	Custom indicator SupResZone_MTF AUDJPY.,H1: loaded successfully
2	11:43:22.952	Custom indicator MACD-2x AUDJPY.,H1: loaded successfully
2	11:43:23.029	Custom indicator Laguerre-ACS1 AUDJPY.,H1: loaded successfully
2	11:43:23.255	Custom indicator SupResZone_MTF AUDUSD.,H4: loaded successfully
2	11:43:23.266	Custom indicator SupResZone_MTF AUDUSD.,H4: loaded successfully
2	11:43:23.276	Custom indicator SupResZone_MTF AUDUSD.,H4: loaded successfully
2	11:43:23.288	Custom indicator SupResZone_MTF AUDUSD.,H4: loaded successfully
2	11:43:23.299	Custom indicator MACD-2x AUDUSD.,H4: loaded successfully
2	11:43:23.376	Custom indicator Laguerre-ACS1 AUDUSD.,H4: loaded successfully
2	11:43:23.575	Custom indicator SupResZone_MTF USDJPY.,H4: loaded successfully
2	11:43:23.588	Custom indicator SupResZone_MTF USDJPY.,H4: loaded successfully
2	11:43:23.599	Custom indicator SupResZone_MTF USDJPY.,H4: loaded successfully
2	11:43:23.609	Custom indicator SupResZone_MTF USDJPY.,H4: loaded successfully
2	11:43:23.619	Custom indicator MACD-2x USDJPY.,H4: loaded successfully
2	11:43:23.696	Custom indicator Laguerre-ACS1 USDJPY.,H4: loaded successfully
2	11:43:23.942	Custom indicator SupResZone_MTF EURJPY.,H1: loaded successfully
2	11:43:23.955	Custom indicator SupResZone_MTF EURJPY.,H1: loaded successfully
2	11:43:23.967	Custom indicator SupResZone_MTF EURJPY.,H1: loaded successfully
2	11:43:23.979	Custom indicator SupResZone_MTF EURJPY.,H1: loaded successfully
2	11:43:23.991	Custom indicator MACD-2x EURJPY.,H1: loaded successfully
2	11:43:24.067	Custom indicator Laguerre-ACS1 EURJPY.,H1: loaded successfully
2	11:43:24.485	Custom indicator SupResZone_MTF EURUSD.,H1: loaded successfully
2	11:43:24.507	Custom indicator SupResZone_MTF EURUSD.,H1: loaded successfully
2	11:43:24.528	Custom indicator SupResZone_MTF EURUSD.,H1: loaded successfully
2	11:43:24.545	Custom indicator SupResZone_MTF EURUSD.,H1: loaded successfully
2	11:43:24.564	Custom indicator MACD-2x EURUSD.,H1: loaded successfully
2	11:43:24.687	Custom indicator Laguerre-ACS1 EURUSD.,H1: loaded successfully
2	11:43:25.146	Custom indicator SupResZone_MTF GBPUSD.,H4: loaded successfully
2	11:43:25.166	Custom indicator SupResZone_MTF GBPUSD.,H4: loaded successfully
2	11:43:25.189	Custom indicator SupResZone_MTF GBPUSD.,H4: loaded successfully
2	11:43:25.210	Custom indicator SupResZone_MTF GBPUSD.,H4: loaded successfully
2	11:43:25.229	Custom indicator MACD-2x GBPUSD.,H4: loaded successfully
2	11:43:25.373	Custom indicator Laguerre-ACS1 GBPUSD.,H4: loaded successfully
2	11:43:25.792	Custom indicator SupResZone_MTF USDCAD.,H4: loaded successfully
2	11:43:25.809	Custom indicator SupResZone_MTF USDCAD.,H4: loaded successfully
2	11:43:25.829	Custom indicator SupResZone_MTF USDCAD.,H4: loaded successfully
2	11:43:25.843	Custom indicator SupResZone_MTF USDCAD.,H4: loaded successfully
2	11:43:25.858	Custom indicator MACD-2x USDCAD.,H4: loaded successfully
2	11:43:25.985	Custom indicator Laguerre-ACS1 USDCAD.,H4: loaded successfully
2	11:43:26.290	Custom indicator SupResZone_MTF USDCHF.,H4: loaded successfully
2	11:43:26.304	Custom indicator SupResZone_MTF USDCHF.,H4: loaded successfully
2	11:43:26.322	Custom indicator SupResZone_MTF USDCHF.,H4: loaded successfully
2	11:43:26.338	Custom indicator SupResZone_MTF USDCHF.,H4: loaded successfully
2	11:43:26.354	Custom indicator MACD-2x USDCHF.,H4: loaded successfully
2	11:43:26.486	Custom indicator Laguerre-ACS1 USDCHF.,H4: loaded successfully
2	11:43:26.838	Custom indicator MACD-2x USDCNH,Daily: loaded successfully
2	11:43:26.853	Custom indicator MACD-2x USDCNH,Daily: loaded successfully
2	11:43:26.984	Custom indicator Laguerre-ACS1 USDCNH,Daily: loaded successfully
2	11:43:27.091	Custom indicator GMMA Long USDJPY.,H1: loaded successfully
2	11:43:27.106	Custom indicator GMMA Short USDJPY.,H1: loaded successfully
2	11:43:27.122	Custom indicator 23MTF_MovingAverageIGOR USDJPY.,H1: loaded successfully
2	11:43:27.138	Custom indicator 23MTF_MovingAverageIGOR USDJPY.,H1: loaded successfully
2	11:43:27.156	Custom indicator SupResZone_MTF USDJPY.,H1: loaded successfully
2	11:43:27.177	Custom indicator SupResZone_MTF USDJPY.,H1: loaded successfully
2	11:43:27.193	Custom indicator MACD-2x USDJPY.,H1: loaded successfully
1	11:43:29.707	'120010550': connect failed [No connection]
1	11:43:29.769	MQL5.community: authorization failed
1	11:43:30.087	MQL5.community: authorization failed
1	11:48:30.759	MQL5.community: authorization failed
0	11:49:06.198	'120010550': login on PRC-Live through Server 3 (ping: 35.97 ms)
0	11:49:10.349	'120010550': login datacenter on PRC-Live through Server 3 (ping: 35.97 ms)
0	11:49:11.443	'120010550': previous successful authorization performed from 42.101.65.200
0	10:49:41.863	'120010550': auto connecting to a better access point Server 7 (ping is 112.22 ms)
0	10:49:42.592	'120010550': login on PRC-Live through Server 7 (ping: 112.22 ms)
0	10:49:44.080	'120010550': login datacenter on PRC-Live through Server 7 (ping: 112.22 ms)
0	10:49:44.569	'120010550': previous successful authorization performed from 42.101.65.200
0	11:12:54.604	System to be shutdown, request for close FX Trader
0	11:12:54.885	FX Trader build 1170 stopped because system shutdown
