2	01:42:24.422	Custom indicator Laguerre-ACS1 USDJPY,H4: removed
2	01:42:24.426	Custom indicator MACD USDJPY,H4: removed
2	01:42:24.437	Custom indicator Laguerre-ACS1 EURJPY,H4: removed
2	01:42:24.440	Custom indicator MACD EURJPY,H4: removed
2	01:42:24.448	Custom indicator Laguerre-ACS1 EURUSD,H4: removed
2	01:42:24.451	Custom indicator MACD EURUSD,H4: removed
2	01:42:24.456	Custom indicator Laguerre-ACS1 GBPUSD,H4: removed
2	01:42:24.459	Custom indicator MACD GBPUSD,H4: removed
2	01:42:24.493	Custom indicator Laguerre-ACS1 GBPJPY,H1: removed
2	01:42:24.497	Custom indicator MACD GBPJPY,H1: removed
2	01:42:24.518	Custom indicator Laguerre-ACS1 JP225,H4: removed
2	01:42:24.520	Custom indicator MACD JP225,H4: removed
2	01:42:24.539	Custom indicator Laguerre-ACS1 NDX100,H4: removed
2	01:42:24.541	Custom indicator MACD NDX100,H4: removed
2	01:42:24.548	Custom indicator Laguerre-ACS1 SPX500,H4: removed
2	01:42:24.551	Custom indicator MACD SPX500,H4: removed
2	01:42:24.554	Custom indicator Laguerre-ACS1 A50,H4: removed
2	01:42:24.557	Custom indicator MACD A50,H4: removed
2	01:42:24.561	Custom indicator Laguerre-ACS1 CHINA300,H4: removed
2	01:42:24.563	Custom indicator MACD CHINA300,H4: removed
2	01:42:24.567	Custom indicator Laguerre-ACS1 XAUUSD,Daily: removed
2	01:42:24.568	Custom indicator MACD XAUUSD,Daily: removed
2	01:42:24.579	Custom indicator Laguerre-ACS1 US_OIL,Daily: removed
2	01:42:24.581	Custom indicator MACD US_OIL,Daily: removed
0	01:42:24.950	FX Trader build 1170 stopped
0	23:24:07.253	FX Trader build 1170 started (Performance Ronnaru Capital Ltd.)
0	23:24:07.253	Windows 10 Home x64, IE 11, UAC, 8 x Intel Core i7-6700HQ  @ 2.60GHz, Memory: 26281 / 32639 Mb, Disk: 147 / 264 Gb, GMT+9
0	23:24:07.253	Data Folder: C:\Users\tiany\AppData\Roaming\MetaQuotes\Terminal\79214103E7A6FC97F86082D309D0B84B
2	23:24:09.332	Custom indicator 小鱼\Laguerre-ACS1 USDJPY,H4: loaded successfully
2	23:24:09.347	Custom indicator MACD USDJPY,H4: loaded successfully
2	23:24:09.476	Custom indicator 小鱼\Laguerre-ACS1 EURJPY,H4: loaded successfully
2	23:24:09.488	Custom indicator MACD EURJPY,H4: loaded successfully
2	23:24:09.610	Custom indicator 小鱼\Laguerre-ACS1 EURUSD,H4: loaded successfully
2	23:24:09.623	Custom indicator MACD EURUSD,H4: loaded successfully
2	23:24:09.787	Custom indicator 小鱼\Laguerre-ACS1 GBPUSD,H4: loaded successfully
2	23:24:09.799	Custom indicator MACD GBPUSD,H4: loaded successfully
2	23:24:10.007	Custom indicator 小鱼\Laguerre-ACS1 GBPJPY,H1: loaded successfully
2	23:24:10.018	Custom indicator MACD GBPJPY,H1: loaded successfully
2	23:24:10.197	Custom indicator 小鱼\Laguerre-ACS1 JP225,H4: loaded successfully
2	23:24:10.210	Custom indicator MACD JP225,H4: loaded successfully
2	23:24:10.440	Custom indicator 小鱼\Laguerre-ACS1 NDX100,H4: loaded successfully
2	23:24:10.451	Custom indicator MACD NDX100,H4: loaded successfully
2	23:24:10.576	Custom indicator 小鱼\Laguerre-ACS1 SPX500,H4: loaded successfully
2	23:24:10.587	Custom indicator MACD SPX500,H4: loaded successfully
2	23:24:10.714	Custom indicator 小鱼\Laguerre-ACS1 A50,H4: loaded successfully
2	23:24:10.726	Custom indicator MACD A50,H4: loaded successfully
2	23:24:10.855	Custom indicator 小鱼\Laguerre-ACS1 CHINA300,H4: loaded successfully
2	23:24:10.868	Custom indicator MACD CHINA300,H4: loaded successfully
2	23:24:11.066	Custom indicator 小鱼\Laguerre-ACS1 XAUUSD,Daily: loaded successfully
2	23:24:11.076	Custom indicator MACD XAUUSD,Daily: loaded successfully
2	23:24:11.299	Custom indicator 小鱼\Laguerre-ACS1 US_OIL,Daily: loaded successfully
2	23:24:11.314	Custom indicator MACD US_OIL,Daily: loaded successfully
0	23:24:14.097	'120010550': login on PRC-Live through Server 5 (ping: 577.32 ms)
0	23:24:16.707	'120010550': login datacenter on PRC-Live through Server 5 (ping: 577.32 ms)
0	23:24:17.364	'120010550': previous successful authorization performed from 106.181.131.98
0	23:24:33.320	'120010550': auto connecting to a better access point Server 3 (ping is 39.32 ms)
0	23:24:33.764	'120010550': login on PRC-Live through Server 3 (ping: 39.32 ms)
0	23:24:34.276	'120010550': login datacenter on PRC-Live through Server 3 (ping: 39.32 ms)
0	23:24:34.588	'120010550': previous successful authorization performed from 106.181.133.103
