0	21:21:50.484	Migration: copied from 'C:\Program Files (x86)\FX Trader\config\terminal.ini' to 'C:\Users\tiany\AppData\Roaming\MetaQuotes\Terminal\79214103E7A6FC97F86082D309D0B84B\config\terminal.ini'
0	21:21:50.485	Migration: copied from 'C:\Program Files (x86)\FX Trader\config\PRC-Demo.srv' to 'C:\Users\tiany\AppData\Roaming\MetaQuotes\Terminal\79214103E7A6FC97F86082D309D0B84B\config\PRC-Demo.srv'
0	21:21:50.486	Migration: copied from 'C:\Program Files (x86)\FX Trader\config\PRC-Live.srv' to 'C:\Users\tiany\AppData\Roaming\MetaQuotes\Terminal\79214103E7A6FC97F86082D309D0B84B\config\PRC-Live.srv'
0	21:21:50.486	Migration: config folder copied from 'C:\Program Files (x86)\FX Trader' to 'C:\Users\tiany\AppData\Roaming\MetaQuotes\Terminal\79214103E7A6FC97F86082D309D0B84B'
0	21:21:50.492	Migration: copied from 'C:\Program Files (x86)\FX Trader\history\default\EURUSD240.hst' to 'C:\Users\tiany\AppData\Roaming\MetaQuotes\Terminal\79214103E7A6FC97F86082D309D0B84B\history\default\EURUSD240.hst'
0	21:21:50.493	Migration: copied from 'C:\Program Files (x86)\FX Trader\history\default\GBPUSD240.hst' to 'C:\Users\tiany\AppData\Roaming\MetaQuotes\Terminal\79214103E7A6FC97F86082D309D0B84B\history\default\GBPUSD240.hst'
0	21:21:50.495	Migration: copied from 'C:\Program Files (x86)\FX Trader\history\default\USDCHF240.hst' to 'C:\Users\tiany\AppData\Roaming\MetaQuotes\Terminal\79214103E7A6FC97F86082D309D0B84B\history\default\USDCHF240.hst'
0	21:21:50.496	Migration: copied from 'C:\Program Files (x86)\FX Trader\history\default\USDJPY240.hst' to 'C:\Users\tiany\AppData\Roaming\MetaQuotes\Terminal\79214103E7A6FC97F86082D309D0B84B\history\default\USDJPY240.hst'
0	21:21:50.502	Migration: copied from 'C:\Program Files (x86)\FX Trader\history\default\symbols.sel' to 'C:\Users\tiany\AppData\Roaming\MetaQuotes\Terminal\79214103E7A6FC97F86082D309D0B84B\history\default\symbols.sel'
0	21:21:50.505	Migration: copied from 'C:\Program Files (x86)\FX Trader\history\default\symbols.raw' to 'C:\Users\tiany\AppData\Roaming\MetaQuotes\Terminal\79214103E7A6FC97F86082D309D0B84B\history\default\symbols.raw'
0	21:21:50.506	Migration: copied from 'C:\Program Files (x86)\FX Trader\history\default\symgroups.raw' to 'C:\Users\tiany\AppData\Roaming\MetaQuotes\Terminal\79214103E7A6FC97F86082D309D0B84B\history\default\symgroups.raw'
0	21:21:50.508	Migration: history folder copied from 'C:\Program Files (x86)\FX Trader' to 'C:\Users\tiany\AppData\Roaming\MetaQuotes\Terminal\79214103E7A6FC97F86082D309D0B84B'
0	21:21:50.509	Migration: copied from 'C:\Program Files (x86)\FX Trader\history\default\EURUSD240.hst' to 'C:\Users\tiany\AppData\Roaming\MetaQuotes\Terminal\79214103E7A6FC97F86082D309D0B84B\history\default\EURUSD240.hst'
0	21:21:50.510	Migration: copied from 'C:\Program Files (x86)\FX Trader\history\default\GBPUSD240.hst' to 'C:\Users\tiany\AppData\Roaming\MetaQuotes\Terminal\79214103E7A6FC97F86082D309D0B84B\history\default\GBPUSD240.hst'
0	21:21:50.511	Migration: copied from 'C:\Program Files (x86)\FX Trader\history\default\symbols.raw' to 'C:\Users\tiany\AppData\Roaming\MetaQuotes\Terminal\79214103E7A6FC97F86082D309D0B84B\history\default\symbols.raw'
0	21:21:50.513	Migration: copied from 'C:\Program Files (x86)\FX Trader\history\default\symbols.sel' to 'C:\Users\tiany\AppData\Roaming\MetaQuotes\Terminal\79214103E7A6FC97F86082D309D0B84B\history\default\symbols.sel'
0	21:21:50.514	Migration: copied from 'C:\Program Files (x86)\FX Trader\history\default\symgroups.raw' to 'C:\Users\tiany\AppData\Roaming\MetaQuotes\Terminal\79214103E7A6FC97F86082D309D0B84B\history\default\symgroups.raw'
0	21:21:50.515	Migration: copied from 'C:\Program Files (x86)\FX Trader\history\default\USDCHF240.hst' to 'C:\Users\tiany\AppData\Roaming\MetaQuotes\Terminal\79214103E7A6FC97F86082D309D0B84B\history\default\USDCHF240.hst'
0	21:21:50.516	Migration: copied from 'C:\Program Files (x86)\FX Trader\history\default\USDJPY240.hst' to 'C:\Users\tiany\AppData\Roaming\MetaQuotes\Terminal\79214103E7A6FC97F86082D309D0B84B\history\default\USDJPY240.hst'
0	21:21:50.518	Migration: copied from 'C:\Program Files (x86)\FX Trader\history\symbolsets\forex.set' to 'C:\Users\tiany\AppData\Roaming\MetaQuotes\Terminal\79214103E7A6FC97F86082D309D0B84B\history\symbolsets\forex.set'
0	21:21:50.519	Migration: copied from 'C:\Program Files (x86)\FX Trader\history\symbolsets\forexall.set' to 'C:\Users\tiany\AppData\Roaming\MetaQuotes\Terminal\79214103E7A6FC97F86082D309D0B84B\history\symbolsets\forexall.set'
0	21:21:50.521	Migration: copied from 'C:\Program Files (x86)\FX Trader\history\mailbox\1356998400.arabic' to 'C:\Users\tiany\AppData\Roaming\MetaQuotes\Terminal\79214103E7A6FC97F86082D309D0B84B\history\mailbox\1356998400.arabic'
0	21:21:50.522	Migration: copied from 'C:\Program Files (x86)\FX Trader\history\mailbox\1356998401.bulgarian' to 'C:\Users\tiany\AppData\Roaming\MetaQuotes\Terminal\79214103E7A6FC97F86082D309D0B84B\history\mailbox\1356998401.bulgarian'
0	21:21:50.524	Migration: copied from 'C:\Program Files (x86)\FX Trader\history\mailbox\1356998402.chinese (simplified)' to 'C:\Users\tiany\AppData\Roaming\MetaQuotes\Terminal\79214103E7A6FC97F86082D309D0B84B\history\mailbox\1356998402.chinese (simplified)'
0	21:21:50.525	Migration: copied from 'C:\Program Files (x86)\FX Trader\history\mailbox\1356998403.chinese (traditional)' to 'C:\Users\tiany\AppData\Roaming\MetaQuotes\Terminal\79214103E7A6FC97F86082D309D0B84B\history\mailbox\1356998403.chinese (traditional)'
0	21:21:50.526	Migration: copied from 'C:\Program Files (x86)\FX Trader\history\mailbox\1356998404.czech' to 'C:\Users\tiany\AppData\Roaming\MetaQuotes\Terminal\79214103E7A6FC97F86082D309D0B84B\history\mailbox\1356998404.czech'
0	21:21:50.527	Migration: copied from 'C:\Program Files (x86)\FX Trader\history\mailbox\1356998405.english' to 'C:\Users\tiany\AppData\Roaming\MetaQuotes\Terminal\79214103E7A6FC97F86082D309D0B84B\history\mailbox\1356998405.english'
0	21:21:50.529	Migration: copied from 'C:\Program Files (x86)\FX Trader\history\mailbox\1356998406.french' to 'C:\Users\tiany\AppData\Roaming\MetaQuotes\Terminal\79214103E7A6FC97F86082D309D0B84B\history\mailbox\1356998406.french'
0	21:21:50.530	Migration: copied from 'C:\Program Files (x86)\FX Trader\history\mailbox\1356998407.german' to 'C:\Users\tiany\AppData\Roaming\MetaQuotes\Terminal\79214103E7A6FC97F86082D309D0B84B\history\mailbox\1356998407.german'
0	21:21:50.532	Migration: copied from 'C:\Program Files (x86)\FX Trader\history\mailbox\1356998408.greek' to 'C:\Users\tiany\AppData\Roaming\MetaQuotes\Terminal\79214103E7A6FC97F86082D309D0B84B\history\mailbox\1356998408.greek'
0	21:21:50.534	Migration: copied from 'C:\Program Files (x86)\FX Trader\history\mailbox\1356998409.hebrew' to 'C:\Users\tiany\AppData\Roaming\MetaQuotes\Terminal\79214103E7A6FC97F86082D309D0B84B\history\mailbox\1356998409.hebrew'
0	21:21:50.535	Migration: copied from 'C:\Program Files (x86)\FX Trader\history\mailbox\1356998410.hungarian' to 'C:\Users\tiany\AppData\Roaming\MetaQuotes\Terminal\79214103E7A6FC97F86082D309D0B84B\history\mailbox\1356998410.hungarian'
0	21:21:50.537	Migration: copied from 'C:\Program Files (x86)\FX Trader\history\mailbox\1356998411.indonesian' to 'C:\Users\tiany\AppData\Roaming\MetaQuotes\Terminal\79214103E7A6FC97F86082D309D0B84B\history\mailbox\1356998411.indonesian'
0	21:21:50.539	Migration: copied from 'C:\Program Files (x86)\FX Trader\history\mailbox\1356998412.italian' to 'C:\Users\tiany\AppData\Roaming\MetaQuotes\Terminal\79214103E7A6FC97F86082D309D0B84B\history\mailbox\1356998412.italian'
0	21:21:50.540	Migration: copied from 'C:\Program Files (x86)\FX Trader\history\mailbox\1356998413.japanese' to 'C:\Users\tiany\AppData\Roaming\MetaQuotes\Terminal\79214103E7A6FC97F86082D309D0B84B\history\mailbox\1356998413.japanese'
0	21:21:50.542	Migration: copied from 'C:\Program Files (x86)\FX Trader\history\mailbox\1356998414.malay' to 'C:\Users\tiany\AppData\Roaming\MetaQuotes\Terminal\79214103E7A6FC97F86082D309D0B84B\history\mailbox\1356998414.malay'
0	21:21:50.543	Migration: copied from 'C:\Program Files (x86)\FX Trader\history\mailbox\1356998415.polish' to 'C:\Users\tiany\AppData\Roaming\MetaQuotes\Terminal\79214103E7A6FC97F86082D309D0B84B\history\mailbox\1356998415.polish'
0	21:21:50.545	Migration: copied from 'C:\Program Files (x86)\FX Trader\history\mailbox\1356998416.portuguese' to 'C:\Users\tiany\AppData\Roaming\MetaQuotes\Terminal\79214103E7A6FC97F86082D309D0B84B\history\mailbox\1356998416.portuguese'
0	21:21:50.546	Migration: copied from 'C:\Program Files (x86)\FX Trader\history\mailbox\1356998417.russian' to 'C:\Users\tiany\AppData\Roaming\MetaQuotes\Terminal\79214103E7A6FC97F86082D309D0B84B\history\mailbox\1356998417.russian'
0	21:21:50.547	Migration: copied from 'C:\Program Files (x86)\FX Trader\history\mailbox\1356998418.slovenian' to 'C:\Users\tiany\AppData\Roaming\MetaQuotes\Terminal\79214103E7A6FC97F86082D309D0B84B\history\mailbox\1356998418.slovenian'
0	21:21:50.549	Migration: copied from 'C:\Program Files (x86)\FX Trader\history\mailbox\1356998419.spanish' to 'C:\Users\tiany\AppData\Roaming\MetaQuotes\Terminal\79214103E7A6FC97F86082D309D0B84B\history\mailbox\1356998419.spanish'
0	21:21:50.550	Migration: copied from 'C:\Program Files (x86)\FX Trader\history\mailbox\1356998420.tajik' to 'C:\Users\tiany\AppData\Roaming\MetaQuotes\Terminal\79214103E7A6FC97F86082D309D0B84B\history\mailbox\1356998420.tajik'
0	21:21:50.552	Migration: copied from 'C:\Program Files (x86)\FX Trader\history\mailbox\1356998421.thai' to 'C:\Users\tiany\AppData\Roaming\MetaQuotes\Terminal\79214103E7A6FC97F86082D309D0B84B\history\mailbox\1356998421.thai'
0	21:21:50.553	Migration: copied from 'C:\Program Files (x86)\FX Trader\history\mailbox\1356998422.turkish' to 'C:\Users\tiany\AppData\Roaming\MetaQuotes\Terminal\79214103E7A6FC97F86082D309D0B84B\history\mailbox\1356998422.turkish'
0	21:21:50.554	Migration: copied from 'C:\Program Files (x86)\FX Trader\history\mailbox\1356998423.uzbek' to 'C:\Users\tiany\AppData\Roaming\MetaQuotes\Terminal\79214103E7A6FC97F86082D309D0B84B\history\mailbox\1356998423.uzbek'
0	21:21:50.556	Migration: copied from 'C:\Program Files (x86)\FX Trader\history\mailbox\1356998424.vietnamese' to 'C:\Users\tiany\AppData\Roaming\MetaQuotes\Terminal\79214103E7A6FC97F86082D309D0B84B\history\mailbox\1356998424.vietnamese'
0	21:21:50.558	Migration: copied from 'C:\Program Files (x86)\FX Trader\history\mailbox\1356998425.arabic' to 'C:\Users\tiany\AppData\Roaming\MetaQuotes\Terminal\79214103E7A6FC97F86082D309D0B84B\history\mailbox\1356998425.arabic'
0	21:21:50.559	Migration: copied from 'C:\Program Files (x86)\FX Trader\history\mailbox\1356998426.bulgarian' to 'C:\Users\tiany\AppData\Roaming\MetaQuotes\Terminal\79214103E7A6FC97F86082D309D0B84B\history\mailbox\1356998426.bulgarian'
0	21:21:50.560	Migration: copied from 'C:\Program Files (x86)\FX Trader\history\mailbox\1356998427.chinese (simplified)' to 'C:\Users\tiany\AppData\Roaming\MetaQuotes\Terminal\79214103E7A6FC97F86082D309D0B84B\history\mailbox\1356998427.chinese (simplified)'
0	21:21:50.562	Migration: copied from 'C:\Program Files (x86)\FX Trader\history\mailbox\1356998428.chinese (traditional)' to 'C:\Users\tiany\AppData\Roaming\MetaQuotes\Terminal\79214103E7A6FC97F86082D309D0B84B\history\mailbox\1356998428.chinese (traditional)'
0	21:21:50.564	Migration: copied from 'C:\Program Files (x86)\FX Trader\history\mailbox\1356998429.czech' to 'C:\Users\tiany\AppData\Roaming\MetaQuotes\Terminal\79214103E7A6FC97F86082D309D0B84B\history\mailbox\1356998429.czech'
0	21:21:50.565	Migration: copied from 'C:\Program Files (x86)\FX Trader\history\mailbox\1356998430.english' to 'C:\Users\tiany\AppData\Roaming\MetaQuotes\Terminal\79214103E7A6FC97F86082D309D0B84B\history\mailbox\1356998430.english'
0	21:21:50.567	Migration: copied from 'C:\Program Files (x86)\FX Trader\history\mailbox\1356998431.french' to 'C:\Users\tiany\AppData\Roaming\MetaQuotes\Terminal\79214103E7A6FC97F86082D309D0B84B\history\mailbox\1356998431.french'
0	21:21:50.569	Migration: copied from 'C:\Program Files (x86)\FX Trader\history\mailbox\1356998432.german' to 'C:\Users\tiany\AppData\Roaming\MetaQuotes\Terminal\79214103E7A6FC97F86082D309D0B84B\history\mailbox\1356998432.german'
0	21:21:50.570	Migration: copied from 'C:\Program Files (x86)\FX Trader\history\mailbox\1356998433.greek' to 'C:\Users\tiany\AppData\Roaming\MetaQuotes\Terminal\79214103E7A6FC97F86082D309D0B84B\history\mailbox\1356998433.greek'
0	21:21:50.572	Migration: copied from 'C:\Program Files (x86)\FX Trader\history\mailbox\1356998434.hebrew' to 'C:\Users\tiany\AppData\Roaming\MetaQuotes\Terminal\79214103E7A6FC97F86082D309D0B84B\history\mailbox\1356998434.hebrew'
0	21:21:50.573	Migration: copied from 'C:\Program Files (x86)\FX Trader\history\mailbox\1356998435.hungarian' to 'C:\Users\tiany\AppData\Roaming\MetaQuotes\Terminal\79214103E7A6FC97F86082D309D0B84B\history\mailbox\1356998435.hungarian'
0	21:21:50.574	Migration: copied from 'C:\Program Files (x86)\FX Trader\history\mailbox\1356998436.indonesian' to 'C:\Users\tiany\AppData\Roaming\MetaQuotes\Terminal\79214103E7A6FC97F86082D309D0B84B\history\mailbox\1356998436.indonesian'
0	21:21:50.576	Migration: copied from 'C:\Program Files (x86)\FX Trader\history\mailbox\1356998437.italian' to 'C:\Users\tiany\AppData\Roaming\MetaQuotes\Terminal\79214103E7A6FC97F86082D309D0B84B\history\mailbox\1356998437.italian'
0	21:21:50.577	Migration: copied from 'C:\Program Files (x86)\FX Trader\history\mailbox\1356998438.japanese' to 'C:\Users\tiany\AppData\Roaming\MetaQuotes\Terminal\79214103E7A6FC97F86082D309D0B84B\history\mailbox\1356998438.japanese'
0	21:21:50.579	Migration: copied from 'C:\Program Files (x86)\FX Trader\history\mailbox\1356998439.malay' to 'C:\Users\tiany\AppData\Roaming\MetaQuotes\Terminal\79214103E7A6FC97F86082D309D0B84B\history\mailbox\1356998439.malay'
0	21:21:50.580	Migration: copied from 'C:\Program Files (x86)\FX Trader\history\mailbox\1356998440.polish' to 'C:\Users\tiany\AppData\Roaming\MetaQuotes\Terminal\79214103E7A6FC97F86082D309D0B84B\history\mailbox\1356998440.polish'
0	21:21:50.581	Migration: copied from 'C:\Program Files (x86)\FX Trader\history\mailbox\1356998441.portuguese' to 'C:\Users\tiany\AppData\Roaming\MetaQuotes\Terminal\79214103E7A6FC97F86082D309D0B84B\history\mailbox\1356998441.portuguese'
0	21:21:50.583	Migration: copied from 'C:\Program Files (x86)\FX Trader\history\mailbox\1356998442.russian' to 'C:\Users\tiany\AppData\Roaming\MetaQuotes\Terminal\79214103E7A6FC97F86082D309D0B84B\history\mailbox\1356998442.russian'
0	21:21:50.584	Migration: copied from 'C:\Program Files (x86)\FX Trader\history\mailbox\1356998443.slovenian' to 'C:\Users\tiany\AppData\Roaming\MetaQuotes\Terminal\79214103E7A6FC97F86082D309D0B84B\history\mailbox\1356998443.slovenian'
0	21:21:50.586	Migration: copied from 'C:\Program Files (x86)\FX Trader\history\mailbox\1356998444.spanish' to 'C:\Users\tiany\AppData\Roaming\MetaQuotes\Terminal\79214103E7A6FC97F86082D309D0B84B\history\mailbox\1356998444.spanish'
0	21:21:50.587	Migration: copied from 'C:\Program Files (x86)\FX Trader\history\mailbox\1356998445.tajik' to 'C:\Users\tiany\AppData\Roaming\MetaQuotes\Terminal\79214103E7A6FC97F86082D309D0B84B\history\mailbox\1356998445.tajik'
0	21:21:50.589	Migration: copied from 'C:\Program Files (x86)\FX Trader\history\mailbox\1356998446.thai' to 'C:\Users\tiany\AppData\Roaming\MetaQuotes\Terminal\79214103E7A6FC97F86082D309D0B84B\history\mailbox\1356998446.thai'
0	21:21:50.590	Migration: copied from 'C:\Program Files (x86)\FX Trader\history\mailbox\1356998447.turkish' to 'C:\Users\tiany\AppData\Roaming\MetaQuotes\Terminal\79214103E7A6FC97F86082D309D0B84B\history\mailbox\1356998447.turkish'
0	21:21:50.593	Migration: copied from 'C:\Program Files (x86)\FX Trader\history\mailbox\1356998448.uzbek' to 'C:\Users\tiany\AppData\Roaming\MetaQuotes\Terminal\79214103E7A6FC97F86082D309D0B84B\history\mailbox\1356998448.uzbek'
0	21:21:50.594	Migration: copied from 'C:\Program Files (x86)\FX Trader\history\mailbox\1356998449.vietnamese' to 'C:\Users\tiany\AppData\Roaming\MetaQuotes\Terminal\79214103E7A6FC97F86082D309D0B84B\history\mailbox\1356998449.vietnamese'
0	21:21:50.596	Migration: copied from 'C:\Program Files (x86)\FX Trader\history\mailbox\1356998450.arabic' to 'C:\Users\tiany\AppData\Roaming\MetaQuotes\Terminal\79214103E7A6FC97F86082D309D0B84B\history\mailbox\1356998450.arabic'
0	21:21:50.597	Migration: copied from 'C:\Program Files (x86)\FX Trader\history\mailbox\1356998451.bulgarian' to 'C:\Users\tiany\AppData\Roaming\MetaQuotes\Terminal\79214103E7A6FC97F86082D309D0B84B\history\mailbox\1356998451.bulgarian'
0	21:21:50.599	Migration: copied from 'C:\Program Files (x86)\FX Trader\history\mailbox\1356998452.chinese (simplified)' to 'C:\Users\tiany\AppData\Roaming\MetaQuotes\Terminal\79214103E7A6FC97F86082D309D0B84B\history\mailbox\1356998452.chinese (simplified)'
0	21:21:50.600	Migration: copied from 'C:\Program Files (x86)\FX Trader\history\mailbox\1356998453.chinese (traditional)' to 'C:\Users\tiany\AppData\Roaming\MetaQuotes\Terminal\79214103E7A6FC97F86082D309D0B84B\history\mailbox\1356998453.chinese (traditional)'
0	21:21:50.601	Migration: copied from 'C:\Program Files (x86)\FX Trader\history\mailbox\1356998454.czech' to 'C:\Users\tiany\AppData\Roaming\MetaQuotes\Terminal\79214103E7A6FC97F86082D309D0B84B\history\mailbox\1356998454.czech'
0	21:21:50.603	Migration: copied from 'C:\Program Files (x86)\FX Trader\history\mailbox\1356998455.english' to 'C:\Users\tiany\AppData\Roaming\MetaQuotes\Terminal\79214103E7A6FC97F86082D309D0B84B\history\mailbox\1356998455.english'
0	21:21:50.604	Migration: copied from 'C:\Program Files (x86)\FX Trader\history\mailbox\1356998456.french' to 'C:\Users\tiany\AppData\Roaming\MetaQuotes\Terminal\79214103E7A6FC97F86082D309D0B84B\history\mailbox\1356998456.french'
0	21:21:50.606	Migration: copied from 'C:\Program Files (x86)\FX Trader\history\mailbox\1356998457.german' to 'C:\Users\tiany\AppData\Roaming\MetaQuotes\Terminal\79214103E7A6FC97F86082D309D0B84B\history\mailbox\1356998457.german'
0	21:21:50.607	Migration: copied from 'C:\Program Files (x86)\FX Trader\history\mailbox\1356998458.greek' to 'C:\Users\tiany\AppData\Roaming\MetaQuotes\Terminal\79214103E7A6FC97F86082D309D0B84B\history\mailbox\1356998458.greek'
0	21:21:50.609	Migration: copied from 'C:\Program Files (x86)\FX Trader\history\mailbox\1356998459.hebrew' to 'C:\Users\tiany\AppData\Roaming\MetaQuotes\Terminal\79214103E7A6FC97F86082D309D0B84B\history\mailbox\1356998459.hebrew'
0	21:21:50.610	Migration: copied from 'C:\Program Files (x86)\FX Trader\history\mailbox\1356998460.hungarian' to 'C:\Users\tiany\AppData\Roaming\MetaQuotes\Terminal\79214103E7A6FC97F86082D309D0B84B\history\mailbox\1356998460.hungarian'
0	21:21:50.612	Migration: copied from 'C:\Program Files (x86)\FX Trader\history\mailbox\1356998461.indonesian' to 'C:\Users\tiany\AppData\Roaming\MetaQuotes\Terminal\79214103E7A6FC97F86082D309D0B84B\history\mailbox\1356998461.indonesian'
0	21:21:50.613	Migration: copied from 'C:\Program Files (x86)\FX Trader\history\mailbox\1356998462.italian' to 'C:\Users\tiany\AppData\Roaming\MetaQuotes\Terminal\79214103E7A6FC97F86082D309D0B84B\history\mailbox\1356998462.italian'
0	21:21:50.615	Migration: copied from 'C:\Program Files (x86)\FX Trader\history\mailbox\1356998463.japanese' to 'C:\Users\tiany\AppData\Roaming\MetaQuotes\Terminal\79214103E7A6FC97F86082D309D0B84B\history\mailbox\1356998463.japanese'
0	21:21:50.616	Migration: copied from 'C:\Program Files (x86)\FX Trader\history\mailbox\1356998464.malay' to 'C:\Users\tiany\AppData\Roaming\MetaQuotes\Terminal\79214103E7A6FC97F86082D309D0B84B\history\mailbox\1356998464.malay'
0	21:21:50.618	Migration: copied from 'C:\Program Files (x86)\FX Trader\history\mailbox\1356998465.polish' to 'C:\Users\tiany\AppData\Roaming\MetaQuotes\Terminal\79214103E7A6FC97F86082D309D0B84B\history\mailbox\1356998465.polish'
0	21:21:50.620	Migration: copied from 'C:\Program Files (x86)\FX Trader\history\mailbox\1356998466.portuguese' to 'C:\Users\tiany\AppData\Roaming\MetaQuotes\Terminal\79214103E7A6FC97F86082D309D0B84B\history\mailbox\1356998466.portuguese'
0	21:21:50.621	Migration: copied from 'C:\Program Files (x86)\FX Trader\history\mailbox\1356998467.russian' to 'C:\Users\tiany\AppData\Roaming\MetaQuotes\Terminal\79214103E7A6FC97F86082D309D0B84B\history\mailbox\1356998467.russian'
0	21:21:50.622	Migration: copied from 'C:\Program Files (x86)\FX Trader\history\mailbox\1356998468.slovenian' to 'C:\Users\tiany\AppData\Roaming\MetaQuotes\Terminal\79214103E7A6FC97F86082D309D0B84B\history\mailbox\1356998468.slovenian'
0	21:21:50.624	Migration: copied from 'C:\Program Files (x86)\FX Trader\history\mailbox\1356998469.spanish' to 'C:\Users\tiany\AppData\Roaming\MetaQuotes\Terminal\79214103E7A6FC97F86082D309D0B84B\history\mailbox\1356998469.spanish'
0	21:21:50.625	Migration: copied from 'C:\Program Files (x86)\FX Trader\history\mailbox\1356998470.tajik' to 'C:\Users\tiany\AppData\Roaming\MetaQuotes\Terminal\79214103E7A6FC97F86082D309D0B84B\history\mailbox\1356998470.tajik'
0	21:21:50.627	Migration: copied from 'C:\Program Files (x86)\FX Trader\history\mailbox\1356998471.thai' to 'C:\Users\tiany\AppData\Roaming\MetaQuotes\Terminal\79214103E7A6FC97F86082D309D0B84B\history\mailbox\1356998471.thai'
0	21:21:50.629	Migration: copied from 'C:\Program Files (x86)\FX Trader\history\mailbox\1356998472.turkish' to 'C:\Users\tiany\AppData\Roaming\MetaQuotes\Terminal\79214103E7A6FC97F86082D309D0B84B\history\mailbox\1356998472.turkish'
0	21:21:50.631	Migration: copied from 'C:\Program Files (x86)\FX Trader\history\mailbox\1356998473.uzbek' to 'C:\Users\tiany\AppData\Roaming\MetaQuotes\Terminal\79214103E7A6FC97F86082D309D0B84B\history\mailbox\1356998473.uzbek'
0	21:21:50.632	Migration: copied from 'C:\Program Files (x86)\FX Trader\history\mailbox\1356998474.vietnamese' to 'C:\Users\tiany\AppData\Roaming\MetaQuotes\Terminal\79214103E7A6FC97F86082D309D0B84B\history\mailbox\1356998474.vietnamese'
0	21:21:50.634	Migration: copied from 'C:\Program Files (x86)\FX Trader\history\mailbox\1356998475.arabic' to 'C:\Users\tiany\AppData\Roaming\MetaQuotes\Terminal\79214103E7A6FC97F86082D309D0B84B\history\mailbox\1356998475.arabic'
0	21:21:50.635	Migration: copied from 'C:\Program Files (x86)\FX Trader\history\mailbox\1356998476.bulgarian' to 'C:\Users\tiany\AppData\Roaming\MetaQuotes\Terminal\79214103E7A6FC97F86082D309D0B84B\history\mailbox\1356998476.bulgarian'
0	21:21:50.636	Migration: copied from 'C:\Program Files (x86)\FX Trader\history\mailbox\1356998477.chinese (simplified)' to 'C:\Users\tiany\AppData\Roaming\MetaQuotes\Terminal\79214103E7A6FC97F86082D309D0B84B\history\mailbox\1356998477.chinese (simplified)'
0	21:21:50.637	Migration: copied from 'C:\Program Files (x86)\FX Trader\history\mailbox\1356998478.chinese (traditional)' to 'C:\Users\tiany\AppData\Roaming\MetaQuotes\Terminal\79214103E7A6FC97F86082D309D0B84B\history\mailbox\1356998478.chinese (traditional)'
0	21:21:50.639	Migration: copied from 'C:\Program Files (x86)\FX Trader\history\mailbox\1356998479.czech' to 'C:\Users\tiany\AppData\Roaming\MetaQuotes\Terminal\79214103E7A6FC97F86082D309D0B84B\history\mailbox\1356998479.czech'
0	21:21:50.641	Migration: copied from 'C:\Program Files (x86)\FX Trader\history\mailbox\1356998480.english' to 'C:\Users\tiany\AppData\Roaming\MetaQuotes\Terminal\79214103E7A6FC97F86082D309D0B84B\history\mailbox\1356998480.english'
0	21:21:50.642	Migration: copied from 'C:\Program Files (x86)\FX Trader\history\mailbox\1356998481.french' to 'C:\Users\tiany\AppData\Roaming\MetaQuotes\Terminal\79214103E7A6FC97F86082D309D0B84B\history\mailbox\1356998481.french'
0	21:21:50.644	Migration: copied from 'C:\Program Files (x86)\FX Trader\history\mailbox\1356998482.german' to 'C:\Users\tiany\AppData\Roaming\MetaQuotes\Terminal\79214103E7A6FC97F86082D309D0B84B\history\mailbox\1356998482.german'
0	21:21:50.645	Migration: copied from 'C:\Program Files (x86)\FX Trader\history\mailbox\1356998483.greek' to 'C:\Users\tiany\AppData\Roaming\MetaQuotes\Terminal\79214103E7A6FC97F86082D309D0B84B\history\mailbox\1356998483.greek'
0	21:21:50.647	Migration: copied from 'C:\Program Files (x86)\FX Trader\history\mailbox\1356998484.hebrew' to 'C:\Users\tiany\AppData\Roaming\MetaQuotes\Terminal\79214103E7A6FC97F86082D309D0B84B\history\mailbox\1356998484.hebrew'
0	21:21:50.648	Migration: copied from 'C:\Program Files (x86)\FX Trader\history\mailbox\1356998485.hungarian' to 'C:\Users\tiany\AppData\Roaming\MetaQuotes\Terminal\79214103E7A6FC97F86082D309D0B84B\history\mailbox\1356998485.hungarian'
0	21:21:50.649	Migration: copied from 'C:\Program Files (x86)\FX Trader\history\mailbox\1356998486.indonesian' to 'C:\Users\tiany\AppData\Roaming\MetaQuotes\Terminal\79214103E7A6FC97F86082D309D0B84B\history\mailbox\1356998486.indonesian'
0	21:21:50.651	Migration: copied from 'C:\Program Files (x86)\FX Trader\history\mailbox\1356998487.italian' to 'C:\Users\tiany\AppData\Roaming\MetaQuotes\Terminal\79214103E7A6FC97F86082D309D0B84B\history\mailbox\1356998487.italian'
0	21:21:50.652	Migration: copied from 'C:\Program Files (x86)\FX Trader\history\mailbox\1356998488.japanese' to 'C:\Users\tiany\AppData\Roaming\MetaQuotes\Terminal\79214103E7A6FC97F86082D309D0B84B\history\mailbox\1356998488.japanese'
0	21:21:50.653	Migration: copied from 'C:\Program Files (x86)\FX Trader\history\mailbox\1356998489.malay' to 'C:\Users\tiany\AppData\Roaming\MetaQuotes\Terminal\79214103E7A6FC97F86082D309D0B84B\history\mailbox\1356998489.malay'
0	21:21:50.655	Migration: copied from 'C:\Program Files (x86)\FX Trader\history\mailbox\1356998490.polish' to 'C:\Users\tiany\AppData\Roaming\MetaQuotes\Terminal\79214103E7A6FC97F86082D309D0B84B\history\mailbox\1356998490.polish'
0	21:21:50.656	Migration: copied from 'C:\Program Files (x86)\FX Trader\history\mailbox\1356998491.portuguese' to 'C:\Users\tiany\AppData\Roaming\MetaQuotes\Terminal\79214103E7A6FC97F86082D309D0B84B\history\mailbox\1356998491.portuguese'
0	21:21:50.657	Migration: copied from 'C:\Program Files (x86)\FX Trader\history\mailbox\1356998492.russian' to 'C:\Users\tiany\AppData\Roaming\MetaQuotes\Terminal\79214103E7A6FC97F86082D309D0B84B\history\mailbox\1356998492.russian'
0	21:21:50.659	Migration: copied from 'C:\Program Files (x86)\FX Trader\history\mailbox\1356998493.slovenian' to 'C:\Users\tiany\AppData\Roaming\MetaQuotes\Terminal\79214103E7A6FC97F86082D309D0B84B\history\mailbox\1356998493.slovenian'
0	21:21:50.660	Migration: copied from 'C:\Program Files (x86)\FX Trader\history\mailbox\1356998494.spanish' to 'C:\Users\tiany\AppData\Roaming\MetaQuotes\Terminal\79214103E7A6FC97F86082D309D0B84B\history\mailbox\1356998494.spanish'
0	21:21:50.662	Migration: copied from 'C:\Program Files (x86)\FX Trader\history\mailbox\1356998495.tajik' to 'C:\Users\tiany\AppData\Roaming\MetaQuotes\Terminal\79214103E7A6FC97F86082D309D0B84B\history\mailbox\1356998495.tajik'
0	21:21:50.663	Migration: copied from 'C:\Program Files (x86)\FX Trader\history\mailbox\1356998496.thai' to 'C:\Users\tiany\AppData\Roaming\MetaQuotes\Terminal\79214103E7A6FC97F86082D309D0B84B\history\mailbox\1356998496.thai'
0	21:21:50.664	Migration: copied from 'C:\Program Files (x86)\FX Trader\history\mailbox\1356998497.turkish' to 'C:\Users\tiany\AppData\Roaming\MetaQuotes\Terminal\79214103E7A6FC97F86082D309D0B84B\history\mailbox\1356998497.turkish'
0	21:21:50.666	Migration: copied from 'C:\Program Files (x86)\FX Trader\history\mailbox\1356998498.uzbek' to 'C:\Users\tiany\AppData\Roaming\MetaQuotes\Terminal\79214103E7A6FC97F86082D309D0B84B\history\mailbox\1356998498.uzbek'
0	21:21:50.667	Migration: copied from 'C:\Program Files (x86)\FX Trader\history\mailbox\1356998499.vietnamese' to 'C:\Users\tiany\AppData\Roaming\MetaQuotes\Terminal\79214103E7A6FC97F86082D309D0B84B\history\mailbox\1356998499.vietnamese'
0	21:21:50.668	Migration: copied from 'C:\Program Files (x86)\FX Trader\history\mailbox\1356998500.arabic' to 'C:\Users\tiany\AppData\Roaming\MetaQuotes\Terminal\79214103E7A6FC97F86082D309D0B84B\history\mailbox\1356998500.arabic'
0	21:21:50.670	Migration: copied from 'C:\Program Files (x86)\FX Trader\history\mailbox\1356998501.bulgarian' to 'C:\Users\tiany\AppData\Roaming\MetaQuotes\Terminal\79214103E7A6FC97F86082D309D0B84B\history\mailbox\1356998501.bulgarian'
0	21:21:50.671	Migration: copied from 'C:\Program Files (x86)\FX Trader\history\mailbox\1356998502.chinese (simplified)' to 'C:\Users\tiany\AppData\Roaming\MetaQuotes\Terminal\79214103E7A6FC97F86082D309D0B84B\history\mailbox\1356998502.chinese (simplified)'
0	21:21:50.673	Migration: copied from 'C:\Program Files (x86)\FX Trader\history\mailbox\1356998503.chinese (traditional)' to 'C:\Users\tiany\AppData\Roaming\MetaQuotes\Terminal\79214103E7A6FC97F86082D309D0B84B\history\mailbox\1356998503.chinese (traditional)'
0	21:21:50.674	Migration: copied from 'C:\Program Files (x86)\FX Trader\history\mailbox\1356998504.czech' to 'C:\Users\tiany\AppData\Roaming\MetaQuotes\Terminal\79214103E7A6FC97F86082D309D0B84B\history\mailbox\1356998504.czech'
0	21:21:50.676	Migration: copied from 'C:\Program Files (x86)\FX Trader\history\mailbox\1356998505.english' to 'C:\Users\tiany\AppData\Roaming\MetaQuotes\Terminal\79214103E7A6FC97F86082D309D0B84B\history\mailbox\1356998505.english'
0	21:21:50.677	Migration: copied from 'C:\Program Files (x86)\FX Trader\history\mailbox\1356998506.french' to 'C:\Users\tiany\AppData\Roaming\MetaQuotes\Terminal\79214103E7A6FC97F86082D309D0B84B\history\mailbox\1356998506.french'
0	21:21:50.678	Migration: copied from 'C:\Program Files (x86)\FX Trader\history\mailbox\1356998507.german' to 'C:\Users\tiany\AppData\Roaming\MetaQuotes\Terminal\79214103E7A6FC97F86082D309D0B84B\history\mailbox\1356998507.german'
0	21:21:50.680	Migration: copied from 'C:\Program Files (x86)\FX Trader\history\mailbox\1356998508.greek' to 'C:\Users\tiany\AppData\Roaming\MetaQuotes\Terminal\79214103E7A6FC97F86082D309D0B84B\history\mailbox\1356998508.greek'
0	21:21:50.681	Migration: copied from 'C:\Program Files (x86)\FX Trader\history\mailbox\1356998509.hebrew' to 'C:\Users\tiany\AppData\Roaming\MetaQuotes\Terminal\79214103E7A6FC97F86082D309D0B84B\history\mailbox\1356998509.hebrew'
0	21:21:50.683	Migration: copied from 'C:\Program Files (x86)\FX Trader\history\mailbox\1356998510.hungarian' to 'C:\Users\tiany\AppData\Roaming\MetaQuotes\Terminal\79214103E7A6FC97F86082D309D0B84B\history\mailbox\1356998510.hungarian'
0	21:21:50.684	Migration: copied from 'C:\Program Files (x86)\FX Trader\history\mailbox\1356998511.indonesian' to 'C:\Users\tiany\AppData\Roaming\MetaQuotes\Terminal\79214103E7A6FC97F86082D309D0B84B\history\mailbox\1356998511.indonesian'
0	21:21:50.686	Migration: copied from 'C:\Program Files (x86)\FX Trader\history\mailbox\1356998512.italian' to 'C:\Users\tiany\AppData\Roaming\MetaQuotes\Terminal\79214103E7A6FC97F86082D309D0B84B\history\mailbox\1356998512.italian'
0	21:21:50.688	Migration: copied from 'C:\Program Files (x86)\FX Trader\history\mailbox\1356998513.japanese' to 'C:\Users\tiany\AppData\Roaming\MetaQuotes\Terminal\79214103E7A6FC97F86082D309D0B84B\history\mailbox\1356998513.japanese'
0	21:21:50.689	Migration: copied from 'C:\Program Files (x86)\FX Trader\history\mailbox\1356998514.malay' to 'C:\Users\tiany\AppData\Roaming\MetaQuotes\Terminal\79214103E7A6FC97F86082D309D0B84B\history\mailbox\1356998514.malay'
0	21:21:50.690	Migration: copied from 'C:\Program Files (x86)\FX Trader\history\mailbox\1356998515.polish' to 'C:\Users\tiany\AppData\Roaming\MetaQuotes\Terminal\79214103E7A6FC97F86082D309D0B84B\history\mailbox\1356998515.polish'
0	21:21:50.692	Migration: copied from 'C:\Program Files (x86)\FX Trader\history\mailbox\1356998516.portuguese' to 'C:\Users\tiany\AppData\Roaming\MetaQuotes\Terminal\79214103E7A6FC97F86082D309D0B84B\history\mailbox\1356998516.portuguese'
0	21:21:50.694	Migration: copied from 'C:\Program Files (x86)\FX Trader\history\mailbox\1356998517.russian' to 'C:\Users\tiany\AppData\Roaming\MetaQuotes\Terminal\79214103E7A6FC97F86082D309D0B84B\history\mailbox\1356998517.russian'
0	21:21:50.695	Migration: copied from 'C:\Program Files (x86)\FX Trader\history\mailbox\1356998518.slovenian' to 'C:\Users\tiany\AppData\Roaming\MetaQuotes\Terminal\79214103E7A6FC97F86082D309D0B84B\history\mailbox\1356998518.slovenian'
0	21:21:50.696	Migration: copied from 'C:\Program Files (x86)\FX Trader\history\mailbox\1356998519.spanish' to 'C:\Users\tiany\AppData\Roaming\MetaQuotes\Terminal\79214103E7A6FC97F86082D309D0B84B\history\mailbox\1356998519.spanish'
0	21:21:50.698	Migration: copied from 'C:\Program Files (x86)\FX Trader\history\mailbox\1356998520.tajik' to 'C:\Users\tiany\AppData\Roaming\MetaQuotes\Terminal\79214103E7A6FC97F86082D309D0B84B\history\mailbox\1356998520.tajik'
0	21:21:50.699	Migration: copied from 'C:\Program Files (x86)\FX Trader\history\mailbox\1356998521.thai' to 'C:\Users\tiany\AppData\Roaming\MetaQuotes\Terminal\79214103E7A6FC97F86082D309D0B84B\history\mailbox\1356998521.thai'
0	21:21:50.701	Migration: copied from 'C:\Program Files (x86)\FX Trader\history\mailbox\1356998522.turkish' to 'C:\Users\tiany\AppData\Roaming\MetaQuotes\Terminal\79214103E7A6FC97F86082D309D0B84B\history\mailbox\1356998522.turkish'
0	21:21:50.702	Migration: copied from 'C:\Program Files (x86)\FX Trader\history\mailbox\1356998523.uzbek' to 'C:\Users\tiany\AppData\Roaming\MetaQuotes\Terminal\79214103E7A6FC97F86082D309D0B84B\history\mailbox\1356998523.uzbek'
0	21:21:50.704	Migration: copied from 'C:\Program Files (x86)\FX Trader\history\mailbox\1356998524.vietnamese' to 'C:\Users\tiany\AppData\Roaming\MetaQuotes\Terminal\79214103E7A6FC97F86082D309D0B84B\history\mailbox\1356998524.vietnamese'
0	21:21:50.705	Migration: copied from 'C:\Program Files (x86)\FX Trader\history\mailbox\1356998525.arabic' to 'C:\Users\tiany\AppData\Roaming\MetaQuotes\Terminal\79214103E7A6FC97F86082D309D0B84B\history\mailbox\1356998525.arabic'
0	21:21:50.707	Migration: copied from 'C:\Program Files (x86)\FX Trader\history\mailbox\1356998526.bulgarian' to 'C:\Users\tiany\AppData\Roaming\MetaQuotes\Terminal\79214103E7A6FC97F86082D309D0B84B\history\mailbox\1356998526.bulgarian'
0	21:21:50.708	Migration: copied from 'C:\Program Files (x86)\FX Trader\history\mailbox\1356998527.chinese (simplified)' to 'C:\Users\tiany\AppData\Roaming\MetaQuotes\Terminal\79214103E7A6FC97F86082D309D0B84B\history\mailbox\1356998527.chinese (simplified)'
0	21:21:50.709	Migration: copied from 'C:\Program Files (x86)\FX Trader\history\mailbox\1356998528.chinese (traditional)' to 'C:\Users\tiany\AppData\Roaming\MetaQuotes\Terminal\79214103E7A6FC97F86082D309D0B84B\history\mailbox\1356998528.chinese (traditional)'
0	21:21:50.711	Migration: copied from 'C:\Program Files (x86)\FX Trader\history\mailbox\1356998529.czech' to 'C:\Users\tiany\AppData\Roaming\MetaQuotes\Terminal\79214103E7A6FC97F86082D309D0B84B\history\mailbox\1356998529.czech'
0	21:21:50.712	Migration: copied from 'C:\Program Files (x86)\FX Trader\history\mailbox\1356998530.english' to 'C:\Users\tiany\AppData\Roaming\MetaQuotes\Terminal\79214103E7A6FC97F86082D309D0B84B\history\mailbox\1356998530.english'
0	21:21:50.713	Migration: copied from 'C:\Program Files (x86)\FX Trader\history\mailbox\1356998531.french' to 'C:\Users\tiany\AppData\Roaming\MetaQuotes\Terminal\79214103E7A6FC97F86082D309D0B84B\history\mailbox\1356998531.french'
0	21:21:50.715	Migration: copied from 'C:\Program Files (x86)\FX Trader\history\mailbox\1356998532.german' to 'C:\Users\tiany\AppData\Roaming\MetaQuotes\Terminal\79214103E7A6FC97F86082D309D0B84B\history\mailbox\1356998532.german'
0	21:21:50.717	Migration: copied from 'C:\Program Files (x86)\FX Trader\history\mailbox\1356998533.greek' to 'C:\Users\tiany\AppData\Roaming\MetaQuotes\Terminal\79214103E7A6FC97F86082D309D0B84B\history\mailbox\1356998533.greek'
0	21:21:50.718	Migration: copied from 'C:\Program Files (x86)\FX Trader\history\mailbox\1356998534.hebrew' to 'C:\Users\tiany\AppData\Roaming\MetaQuotes\Terminal\79214103E7A6FC97F86082D309D0B84B\history\mailbox\1356998534.hebrew'
0	21:21:50.720	Migration: copied from 'C:\Program Files (x86)\FX Trader\history\mailbox\1356998534.hungarian' to 'C:\Users\tiany\AppData\Roaming\MetaQuotes\Terminal\79214103E7A6FC97F86082D309D0B84B\history\mailbox\1356998534.hungarian'
0	21:21:50.721	Migration: copied from 'C:\Program Files (x86)\FX Trader\history\mailbox\1356998535.hungarian' to 'C:\Users\tiany\AppData\Roaming\MetaQuotes\Terminal\79214103E7A6FC97F86082D309D0B84B\history\mailbox\1356998535.hungarian'
0	21:21:50.722	Migration: copied from 'C:\Program Files (x86)\FX Trader\history\mailbox\1356998535.italian' to 'C:\Users\tiany\AppData\Roaming\MetaQuotes\Terminal\79214103E7A6FC97F86082D309D0B84B\history\mailbox\1356998535.italian'
0	21:21:50.724	Migration: copied from 'C:\Program Files (x86)\FX Trader\history\mailbox\1356998536.indonesian' to 'C:\Users\tiany\AppData\Roaming\MetaQuotes\Terminal\79214103E7A6FC97F86082D309D0B84B\history\mailbox\1356998536.indonesian'
0	21:21:50.726	Migration: copied from 'C:\Program Files (x86)\FX Trader\history\mailbox\1356998536.japanese' to 'C:\Users\tiany\AppData\Roaming\MetaQuotes\Terminal\79214103E7A6FC97F86082D309D0B84B\history\mailbox\1356998536.japanese'
0	21:21:50.727	Migration: copied from 'C:\Program Files (x86)\FX Trader\history\mailbox\1356998537.italian' to 'C:\Users\tiany\AppData\Roaming\MetaQuotes\Terminal\79214103E7A6FC97F86082D309D0B84B\history\mailbox\1356998537.italian'
0	21:21:50.729	Migration: copied from 'C:\Program Files (x86)\FX Trader\history\mailbox\1356998537.malay' to 'C:\Users\tiany\AppData\Roaming\MetaQuotes\Terminal\79214103E7A6FC97F86082D309D0B84B\history\mailbox\1356998537.malay'
0	21:21:50.731	Migration: copied from 'C:\Program Files (x86)\FX Trader\history\mailbox\1356998538.japanese' to 'C:\Users\tiany\AppData\Roaming\MetaQuotes\Terminal\79214103E7A6FC97F86082D309D0B84B\history\mailbox\1356998538.japanese'
0	21:21:50.732	Migration: copied from 'C:\Program Files (x86)\FX Trader\history\mailbox\1356998538.polish' to 'C:\Users\tiany\AppData\Roaming\MetaQuotes\Terminal\79214103E7A6FC97F86082D309D0B84B\history\mailbox\1356998538.polish'
0	21:21:50.734	Migration: copied from 'C:\Program Files (x86)\FX Trader\history\mailbox\1356998539.malay' to 'C:\Users\tiany\AppData\Roaming\MetaQuotes\Terminal\79214103E7A6FC97F86082D309D0B84B\history\mailbox\1356998539.malay'
0	21:21:50.736	Migration: copied from 'C:\Program Files (x86)\FX Trader\history\mailbox\1356998539.portuguese' to 'C:\Users\tiany\AppData\Roaming\MetaQuotes\Terminal\79214103E7A6FC97F86082D309D0B84B\history\mailbox\1356998539.portuguese'
0	21:21:50.737	Migration: copied from 'C:\Program Files (x86)\FX Trader\history\mailbox\1356998540.polish' to 'C:\Users\tiany\AppData\Roaming\MetaQuotes\Terminal\79214103E7A6FC97F86082D309D0B84B\history\mailbox\1356998540.polish'
0	21:21:50.739	Migration: copied from 'C:\Program Files (x86)\FX Trader\history\mailbox\1356998540.russian' to 'C:\Users\tiany\AppData\Roaming\MetaQuotes\Terminal\79214103E7A6FC97F86082D309D0B84B\history\mailbox\1356998540.russian'
0	21:21:50.740	Migration: copied from 'C:\Program Files (x86)\FX Trader\history\mailbox\1356998541.portuguese' to 'C:\Users\tiany\AppData\Roaming\MetaQuotes\Terminal\79214103E7A6FC97F86082D309D0B84B\history\mailbox\1356998541.portuguese'
0	21:21:50.742	Migration: copied from 'C:\Program Files (x86)\FX Trader\history\mailbox\1356998541.slovenian' to 'C:\Users\tiany\AppData\Roaming\MetaQuotes\Terminal\79214103E7A6FC97F86082D309D0B84B\history\mailbox\1356998541.slovenian'
0	21:21:50.744	Migration: copied from 'C:\Program Files (x86)\FX Trader\history\mailbox\1356998542.russian' to 'C:\Users\tiany\AppData\Roaming\MetaQuotes\Terminal\79214103E7A6FC97F86082D309D0B84B\history\mailbox\1356998542.russian'
0	21:21:50.745	Migration: copied from 'C:\Program Files (x86)\FX Trader\history\mailbox\1356998542.spanish' to 'C:\Users\tiany\AppData\Roaming\MetaQuotes\Terminal\79214103E7A6FC97F86082D309D0B84B\history\mailbox\1356998542.spanish'
0	21:21:50.747	Migration: copied from 'C:\Program Files (x86)\FX Trader\history\mailbox\1356998543.slovenian' to 'C:\Users\tiany\AppData\Roaming\MetaQuotes\Terminal\79214103E7A6FC97F86082D309D0B84B\history\mailbox\1356998543.slovenian'
0	21:21:50.749	Migration: copied from 'C:\Program Files (x86)\FX Trader\history\mailbox\1356998543.tajik' to 'C:\Users\tiany\AppData\Roaming\MetaQuotes\Terminal\79214103E7A6FC97F86082D309D0B84B\history\mailbox\1356998543.tajik'
0	21:21:50.750	Migration: copied from 'C:\Program Files (x86)\FX Trader\history\mailbox\1356998544.spanish' to 'C:\Users\tiany\AppData\Roaming\MetaQuotes\Terminal\79214103E7A6FC97F86082D309D0B84B\history\mailbox\1356998544.spanish'
0	21:21:50.752	Migration: copied from 'C:\Program Files (x86)\FX Trader\history\mailbox\1356998544.thai' to 'C:\Users\tiany\AppData\Roaming\MetaQuotes\Terminal\79214103E7A6FC97F86082D309D0B84B\history\mailbox\1356998544.thai'
0	21:21:50.753	Migration: copied from 'C:\Program Files (x86)\FX Trader\history\mailbox\1356998545.tajik' to 'C:\Users\tiany\AppData\Roaming\MetaQuotes\Terminal\79214103E7A6FC97F86082D309D0B84B\history\mailbox\1356998545.tajik'
0	21:21:50.755	Migration: copied from 'C:\Program Files (x86)\FX Trader\history\mailbox\1356998545.turkish' to 'C:\Users\tiany\AppData\Roaming\MetaQuotes\Terminal\79214103E7A6FC97F86082D309D0B84B\history\mailbox\1356998545.turkish'
0	21:21:50.756	Migration: copied from 'C:\Program Files (x86)\FX Trader\history\mailbox\1356998546.thai' to 'C:\Users\tiany\AppData\Roaming\MetaQuotes\Terminal\79214103E7A6FC97F86082D309D0B84B\history\mailbox\1356998546.thai'
0	21:21:50.758	Migration: copied from 'C:\Program Files (x86)\FX Trader\history\mailbox\1356998546.uzbek' to 'C:\Users\tiany\AppData\Roaming\MetaQuotes\Terminal\79214103E7A6FC97F86082D309D0B84B\history\mailbox\1356998546.uzbek'
0	21:21:50.760	Migration: copied from 'C:\Program Files (x86)\FX Trader\history\mailbox\1356998547.turkish' to 'C:\Users\tiany\AppData\Roaming\MetaQuotes\Terminal\79214103E7A6FC97F86082D309D0B84B\history\mailbox\1356998547.turkish'
0	21:21:50.762	Migration: copied from 'C:\Program Files (x86)\FX Trader\history\mailbox\1356998547.vietnamese' to 'C:\Users\tiany\AppData\Roaming\MetaQuotes\Terminal\79214103E7A6FC97F86082D309D0B84B\history\mailbox\1356998547.vietnamese'
0	21:21:50.764	Migration: copied from 'C:\Program Files (x86)\FX Trader\history\mailbox\1356998548.uzbek' to 'C:\Users\tiany\AppData\Roaming\MetaQuotes\Terminal\79214103E7A6FC97F86082D309D0B84B\history\mailbox\1356998548.uzbek'
0	21:21:50.766	Migration: copied from 'C:\Program Files (x86)\FX Trader\history\mailbox\1356998549.vietnamese' to 'C:\Users\tiany\AppData\Roaming\MetaQuotes\Terminal\79214103E7A6FC97F86082D309D0B84B\history\mailbox\1356998549.vietnamese'
0	21:21:50.766	Migration: mailbox folder copied from 'C:\Program Files (x86)\FX Trader' to 'C:\Users\tiany\AppData\Roaming\MetaQuotes\Terminal\79214103E7A6FC97F86082D309D0B84B'
0	21:21:50.774	Migration: copied from 'C:\Program Files (x86)\FX Trader\profiles\British Pound\chart01.CHR' to 'C:\Users\tiany\AppData\Roaming\MetaQuotes\Terminal\79214103E7A6FC97F86082D309D0B84B\profiles\British Pound\chart01.CHR'
0	21:21:50.776	Migration: copied from 'C:\Program Files (x86)\FX Trader\profiles\British Pound\chart02.CHR' to 'C:\Users\tiany\AppData\Roaming\MetaQuotes\Terminal\79214103E7A6FC97F86082D309D0B84B\profiles\British Pound\chart02.CHR'
0	21:21:50.777	Migration: copied from 'C:\Program Files (x86)\FX Trader\profiles\British Pound\chart03.CHR' to 'C:\Users\tiany\AppData\Roaming\MetaQuotes\Terminal\79214103E7A6FC97F86082D309D0B84B\profiles\British Pound\chart03.CHR'
0	21:21:50.779	Migration: copied from 'C:\Program Files (x86)\FX Trader\profiles\British Pound\order.wnd' to 'C:\Users\tiany\AppData\Roaming\MetaQuotes\Terminal\79214103E7A6FC97F86082D309D0B84B\profiles\British Pound\order.wnd'
0	21:21:50.783	Migration: copied from 'C:\Program Files (x86)\FX Trader\profiles\default\chart01.CHR' to 'C:\Users\tiany\AppData\Roaming\MetaQuotes\Terminal\79214103E7A6FC97F86082D309D0B84B\profiles\default\chart01.CHR'
0	21:21:50.784	Migration: copied from 'C:\Program Files (x86)\FX Trader\profiles\default\chart02.CHR' to 'C:\Users\tiany\AppData\Roaming\MetaQuotes\Terminal\79214103E7A6FC97F86082D309D0B84B\profiles\default\chart02.CHR'
0	21:21:50.786	Migration: copied from 'C:\Program Files (x86)\FX Trader\profiles\default\chart03.CHR' to 'C:\Users\tiany\AppData\Roaming\MetaQuotes\Terminal\79214103E7A6FC97F86082D309D0B84B\profiles\default\chart03.CHR'
0	21:21:50.787	Migration: copied from 'C:\Program Files (x86)\FX Trader\profiles\default\chart04.CHR' to 'C:\Users\tiany\AppData\Roaming\MetaQuotes\Terminal\79214103E7A6FC97F86082D309D0B84B\profiles\default\chart04.CHR'
0	21:21:50.788	Migration: copied from 'C:\Program Files (x86)\FX Trader\profiles\default\order.wnd' to 'C:\Users\tiany\AppData\Roaming\MetaQuotes\Terminal\79214103E7A6FC97F86082D309D0B84B\profiles\default\order.wnd'
0	21:21:50.791	Migration: copied from 'C:\Program Files (x86)\FX Trader\profiles\Euro\chart01.CHR' to 'C:\Users\tiany\AppData\Roaming\MetaQuotes\Terminal\79214103E7A6FC97F86082D309D0B84B\profiles\Euro\chart01.CHR'
0	21:21:50.792	Migration: copied from 'C:\Program Files (x86)\FX Trader\profiles\Euro\chart02.CHR' to 'C:\Users\tiany\AppData\Roaming\MetaQuotes\Terminal\79214103E7A6FC97F86082D309D0B84B\profiles\Euro\chart02.CHR'
0	21:21:50.794	Migration: copied from 'C:\Program Files (x86)\FX Trader\profiles\Euro\chart03.CHR' to 'C:\Users\tiany\AppData\Roaming\MetaQuotes\Terminal\79214103E7A6FC97F86082D309D0B84B\profiles\Euro\chart03.CHR'
0	21:21:50.796	Migration: copied from 'C:\Program Files (x86)\FX Trader\profiles\Euro\order.wnd' to 'C:\Users\tiany\AppData\Roaming\MetaQuotes\Terminal\79214103E7A6FC97F86082D309D0B84B\profiles\Euro\order.wnd'
0	21:21:50.797	Migration: copied from 'C:\Program Files (x86)\FX Trader\profiles\lastprofile.ini' to 'C:\Users\tiany\AppData\Roaming\MetaQuotes\Terminal\79214103E7A6FC97F86082D309D0B84B\profiles\lastprofile.ini'
0	21:21:50.801	Migration: copied from 'C:\Program Files (x86)\FX Trader\profiles\Market Overview\chart01.CHR' to 'C:\Users\tiany\AppData\Roaming\MetaQuotes\Terminal\79214103E7A6FC97F86082D309D0B84B\profiles\Market Overview\chart01.CHR'
0	21:21:50.802	Migration: copied from 'C:\Program Files (x86)\FX Trader\profiles\Market Overview\chart02.CHR' to 'C:\Users\tiany\AppData\Roaming\MetaQuotes\Terminal\79214103E7A6FC97F86082D309D0B84B\profiles\Market Overview\chart02.CHR'
0	21:21:50.803	Migration: copied from 'C:\Program Files (x86)\FX Trader\profiles\Market Overview\chart03.CHR' to 'C:\Users\tiany\AppData\Roaming\MetaQuotes\Terminal\79214103E7A6FC97F86082D309D0B84B\profiles\Market Overview\chart03.CHR'
0	21:21:50.805	Migration: copied from 'C:\Program Files (x86)\FX Trader\profiles\Market Overview\chart04.CHR' to 'C:\Users\tiany\AppData\Roaming\MetaQuotes\Terminal\79214103E7A6FC97F86082D309D0B84B\profiles\Market Overview\chart04.CHR'
0	21:21:50.806	Migration: copied from 'C:\Program Files (x86)\FX Trader\profiles\Market Overview\order.wnd' to 'C:\Users\tiany\AppData\Roaming\MetaQuotes\Terminal\79214103E7A6FC97F86082D309D0B84B\profiles\Market Overview\order.wnd'
0	21:21:50.810	Migration: copied from 'C:\Program Files (x86)\FX Trader\profiles\Swiss Franc\chart01.CHR' to 'C:\Users\tiany\AppData\Roaming\MetaQuotes\Terminal\79214103E7A6FC97F86082D309D0B84B\profiles\Swiss Franc\chart01.CHR'
0	21:21:50.811	Migration: copied from 'C:\Program Files (x86)\FX Trader\profiles\Swiss Franc\chart02.CHR' to 'C:\Users\tiany\AppData\Roaming\MetaQuotes\Terminal\79214103E7A6FC97F86082D309D0B84B\profiles\Swiss Franc\chart02.CHR'
0	21:21:50.813	Migration: copied from 'C:\Program Files (x86)\FX Trader\profiles\Swiss Franc\chart03.CHR' to 'C:\Users\tiany\AppData\Roaming\MetaQuotes\Terminal\79214103E7A6FC97F86082D309D0B84B\profiles\Swiss Franc\chart03.CHR'
0	21:21:50.814	Migration: copied from 'C:\Program Files (x86)\FX Trader\profiles\Swiss Franc\order.wnd' to 'C:\Users\tiany\AppData\Roaming\MetaQuotes\Terminal\79214103E7A6FC97F86082D309D0B84B\profiles\Swiss Franc\order.wnd'
0	21:21:50.814	Migration: profiles folder copied from 'C:\Program Files (x86)\FX Trader' to 'C:\Users\tiany\AppData\Roaming\MetaQuotes\Terminal\79214103E7A6FC97F86082D309D0B84B'
0	21:21:50.817	Migration: copied from 'C:\Program Files (x86)\FX Trader\templates\ADX.tpl' to 'C:\Users\tiany\AppData\Roaming\MetaQuotes\Terminal\79214103E7A6FC97F86082D309D0B84B\templates\ADX.tpl'
0	21:21:50.819	Migration: copied from 'C:\Program Files (x86)\FX Trader\templates\BollingerBands.tpl' to 'C:\Users\tiany\AppData\Roaming\MetaQuotes\Terminal\79214103E7A6FC97F86082D309D0B84B\templates\BollingerBands.tpl'
0	21:21:50.820	Migration: copied from 'C:\Program Files (x86)\FX Trader\templates\Layers.tpl' to 'C:\Users\tiany\AppData\Roaming\MetaQuotes\Terminal\79214103E7A6FC97F86082D309D0B84B\templates\Layers.tpl'
0	21:21:50.821	Migration: copied from 'C:\Program Files (x86)\FX Trader\templates\Momentum.tpl' to 'C:\Users\tiany\AppData\Roaming\MetaQuotes\Terminal\79214103E7A6FC97F86082D309D0B84B\templates\Momentum.tpl'
0	21:21:50.822	Migration: copied from 'C:\Program Files (x86)\FX Trader\templates\OptimizationReport.htm' to 'C:\Users\tiany\AppData\Roaming\MetaQuotes\Terminal\79214103E7A6FC97F86082D309D0B84B\templates\OptimizationReport.htm'
0	21:21:50.824	Migration: copied from 'C:\Program Files (x86)\FX Trader\templates\Popular.tpl' to 'C:\Users\tiany\AppData\Roaming\MetaQuotes\Terminal\79214103E7A6FC97F86082D309D0B84B\templates\Popular.tpl'
0	21:21:50.826	Migration: copied from 'C:\Program Files (x86)\FX Trader\templates\statement.htm' to 'C:\Users\tiany\AppData\Roaming\MetaQuotes\Terminal\79214103E7A6FC97F86082D309D0B84B\templates\statement.htm'
0	21:21:50.827	Migration: copied from 'C:\Program Files (x86)\FX Trader\templates\StatementDetailed.htm' to 'C:\Users\tiany\AppData\Roaming\MetaQuotes\Terminal\79214103E7A6FC97F86082D309D0B84B\templates\StatementDetailed.htm'
0	21:21:50.829	Migration: copied from 'C:\Program Files (x86)\FX Trader\templates\strategytester.htm' to 'C:\Users\tiany\AppData\Roaming\MetaQuotes\Terminal\79214103E7A6FC97F86082D309D0B84B\templates\strategytester.htm'
0	21:21:50.831	Migration: copied from 'C:\Program Files (x86)\FX Trader\templates\Volume.tpl' to 'C:\Users\tiany\AppData\Roaming\MetaQuotes\Terminal\79214103E7A6FC97F86082D309D0B84B\templates\Volume.tpl'
0	21:21:50.832	Migration: copied from 'C:\Program Files (x86)\FX Trader\templates\Williams.tpl' to 'C:\Users\tiany\AppData\Roaming\MetaQuotes\Terminal\79214103E7A6FC97F86082D309D0B84B\templates\Williams.tpl'
0	21:21:50.832	Migration: templates folder copied from 'C:\Program Files (x86)\FX Trader' to 'C:\Users\tiany\AppData\Roaming\MetaQuotes\Terminal\79214103E7A6FC97F86082D309D0B84B'
0	21:21:50.871	Migration: data to 'C:\Users\tiany\AppData\Roaming\MetaQuotes\Terminal\79214103E7A6FC97F86082D309D0B84B' migration started
0	21:21:50.871	Migration: experts migration from 'C:\Program Files (x86)\FX Trader' to 'C:\Users\tiany\AppData\Roaming\MetaQuotes\Terminal\79214103E7A6FC97F86082D309D0B84B' started
0	21:21:50.871	Migration: experts folder updated from 'C:\Program Files (x86)\FX Trader\experts' to 'C:\Users\tiany\AppData\Roaming\MetaQuotes\Terminal\79214103E7A6FC97F86082D309D0B84B\MQL4\Experts'
0	21:21:50.871	Migration: include folder updated from 'C:\Program Files (x86)\FX Trader\experts\include' to 'C:\Users\tiany\AppData\Roaming\MetaQuotes\Terminal\79214103E7A6FC97F86082D309D0B84B\MQL4\Include'
0	21:21:50.872	Migration: indicators folder updated from 'C:\Program Files (x86)\FX Trader\experts\indicators' to 'C:\Users\tiany\AppData\Roaming\MetaQuotes\Terminal\79214103E7A6FC97F86082D309D0B84B\MQL4\Indicators'
0	21:21:50.872	Migration: scripts folder updated from 'C:\Program Files (x86)\FX Trader\experts\scripts' to 'C:\Users\tiany\AppData\Roaming\MetaQuotes\Terminal\79214103E7A6FC97F86082D309D0B84B\MQL4\Scripts'
0	21:21:50.872	Migration: expert logs folder updated from 'C:\Program Files (x86)\FX Trader\experts\logs' to 'C:\Users\tiany\AppData\Roaming\MetaQuotes\Terminal\79214103E7A6FC97F86082D309D0B84B\MQL4\Logs'
0	21:21:50.872	Migration: expert files folder updated from 'C:\Program Files (x86)\FX Trader\experts\files' to 'C:\Users\tiany\AppData\Roaming\MetaQuotes\Terminal\79214103E7A6FC97F86082D309D0B84B\MQL4\Files'
0	21:21:50.872	Migration: libraries folder updated from 'C:\Program Files (x86)\FX Trader\experts\libraries' to 'C:\Users\tiany\AppData\Roaming\MetaQuotes\Terminal\79214103E7A6FC97F86082D309D0B84B\MQL4\Libraries'
0	21:21:50.872	Migration: expert presets folder updated from 'C:\Program Files (x86)\FX Trader\experts\presets' to 'C:\Users\tiany\AppData\Roaming\MetaQuotes\Terminal\79214103E7A6FC97F86082D309D0B84B\MQL4\Presets'
0	21:21:50.873	Migration: expert images folder updated from 'C:\Program Files (x86)\FX Trader\experts\images' to 'C:\Users\tiany\AppData\Roaming\MetaQuotes\Terminal\79214103E7A6FC97F86082D309D0B84B\MQL4\Images'
0	21:21:50.874	Migration: experts migration finished
0	21:21:50.877	Migration: data migration finished, no virtual folder
0	21:21:50.877	LiveUpdate: update C:\Users\tiany\AppData\Roaming\MetaQuotes\Terminal\79214103E7A6FC97F86082D309D0B84B\MQL4 folder started
0	21:21:51.075	LiveUpdate: update C:\Users\tiany\AppData\Roaming\MetaQuotes\Terminal\79214103E7A6FC97F86082D309D0B84B\MQL4 folder finished
0	21:21:51.698	FX Trader build 1170 started (Performance Ronnaru Capital Ltd.)
0	21:21:51.699	Windows 10 Home x64, IE 11, UAC, 8 x Intel Core i7-6700HQ  @ 2.60GHz, Memory: 20050 / 32639 Mb, Disk: 156 / 264 Gb, GMT+9
0	21:21:51.699	Data Folder: C:\Users\tiany\AppData\Roaming\MetaQuotes\Terminal\79214103E7A6FC97F86082D309D0B84B
0	21:21:52.888	Sources recompilation started
0	21:22:06.874	Sources recompilation finished (28 compiled in 13984 msec)
0	21:22:49.515	'120010550': login on PRC-Live through Server 5 (ping: 185.69 ms)
0	21:23:09.943	'120010550': auto connecting to a better access point Server 3 (ping is 59.12 ms)
0	21:23:10.498	'120010550': login on PRC-Live through Server 3 (ping: 59.12 ms)
0	21:23:11.210	'120010550': login datacenter on PRC-Live through Server 3 (ping: 59.12 ms)
0	21:23:11.492	'120010550': previous successful authorization performed from 106.181.142.33
0	23:25:21.212	FX Trader build 1170 stopped
0	23:44:03.329	FX Trader build 1170 started (Performance Ronnaru Capital Ltd.)
0	23:44:03.329	Windows 10 Home x64, IE 11, UAC, 8 x Intel Core i7-6700HQ  @ 2.60GHz, Memory: 26448 / 32639 Mb, Disk: 156 / 264 Gb, GMT+9
0	23:44:03.329	Data Folder: C:\Users\tiany\AppData\Roaming\MetaQuotes\Terminal\79214103E7A6FC97F86082D309D0B84B
0	23:44:06.458	'120010550': login on PRC-Live through Server 3 (ping: 59.12 ms)
0	23:44:07.235	'120010550': login datacenter on PRC-Live through Server 3 (ping: 59.12 ms)
0	23:44:07.593	'120010550': previous successful authorization performed from 106.181.142.33
0	23:44:24.409	'120010550': ping to current access point Server 3 is 60.52 ms
0	23:46:39.913	Automated trading disabled
3	23:46:39.913	Automated trading disabled because profile has been changed
0	23:47:26.685	Automated trading enabled
0	23:47:27.165	Automated trading disabled
0	23:48:08.274	FX Trader build 1170 stopped
