0	18:37:39.667	FX Trader build 1170 started (Performance Ronnaru Capital Ltd.)
0	18:37:39.667	Windows 10 Home x64, IE 11, UAC, 8 x Intel Core i7-6700HQ  @ 2.60GHz, Memory: 24123 / 32639 Mb, Disk: 139 / 264 Gb, GMT+8
0	18:37:39.667	Data Folder: C:\Users\tiany\AppData\Roaming\MetaQuotes\Terminal\79214103E7A6FC97F86082D309D0B84B
2	18:37:42.205	Custom indicator SupResZone_MTF USDXXX,Daily: loaded successfully
2	18:37:42.215	Custom indicator SupResZone_MTF USDXXX,Daily: loaded successfully
2	18:37:42.235	Custom indicator SupResZone_MTF USDXXX,Daily: loaded successfully
2	18:37:42.255	Custom indicator SupResZone_MTF USDXXX,Daily: loaded successfully
2	18:37:42.265	Custom indicator MACD-2x USDXXX,Daily: loaded successfully
2	18:37:42.416	Custom indicator Laguerre-ACS1 USDXXX,Daily: loaded successfully
2	18:37:42.648	Custom indicator SupResZone_MTF XAUUSD.,H1: loaded successfully
2	18:37:42.668	Custom indicator SupResZone_MTF XAUUSD.,H1: loaded successfully
2	18:37:42.688	Custom indicator SupResZone_MTF XAUUSD.,H1: loaded successfully
2	18:37:42.706	Custom indicator SupResZone_MTF XAUUSD.,H1: loaded successfully
2	18:37:42.718	Custom indicator MACD-2x XAUUSD.,H1: loaded successfully
2	18:37:42.839	Custom indicator Laguerre-ACS1 XAUUSD.,H1: loaded successfully
2	18:37:42.868	Custom indicator WBR XAUUSD.,H1: loaded successfully
2	18:37:43.503	Custom indicator SupResZone_MTF XAGUSD.,H1: loaded successfully
2	18:37:43.515	Custom indicator SupResZone_MTF XAGUSD.,H1: loaded successfully
2	18:37:43.534	Custom indicator SupResZone_MTF XAGUSD.,H1: loaded successfully
2	18:37:43.546	Custom indicator SupResZone_MTF XAGUSD.,H1: loaded successfully
2	18:37:43.566	Custom indicator MACD-2x XAGUSD.,H1: loaded successfully
2	18:37:43.666	Custom indicator Laguerre-ACS1 XAGUSD.,H1: loaded successfully
2	18:37:43.898	Custom indicator SupResZone_MTF US_OIL,H1: loaded successfully
2	18:37:43.916	Custom indicator SupResZone_MTF US_OIL,H1: loaded successfully
2	18:37:43.928	Custom indicator SupResZone_MTF US_OIL,H1: loaded successfully
2	18:37:43.938	Custom indicator SupResZone_MTF US_OIL,H1: loaded successfully
2	18:37:43.948	Custom indicator MACD-2x US_OIL,H1: loaded successfully
2	18:37:44.057	Custom indicator Laguerre-ACS1 US_OIL,H1: loaded successfully
2	18:37:44.079	Custom indicator WBR US_OIL,H1: loaded successfully
2	18:37:44.895	Custom indicator SupResZone_MTF JP225,H1: loaded successfully
2	18:37:44.916	Custom indicator SupResZone_MTF JP225,H1: loaded successfully
2	18:37:44.928	Custom indicator SupResZone_MTF JP225,H1: loaded successfully
2	18:37:44.939	Custom indicator SupResZone_MTF JP225,H1: loaded successfully
2	18:37:44.953	Custom indicator MACD-2x JP225,H1: loaded successfully
2	18:37:45.041	Custom indicator Laguerre-ACS1 JP225,H1: loaded successfully
2	18:37:45.328	Custom indicator SupResZone_MTF SPX500,H1: loaded successfully
2	18:37:45.340	Custom indicator SupResZone_MTF SPX500,H1: loaded successfully
2	18:37:45.351	Custom indicator SupResZone_MTF SPX500,H1: loaded successfully
2	18:37:45.362	Custom indicator SupResZone_MTF SPX500,H1: loaded successfully
2	18:37:45.375	Custom indicator MACD-2x SPX500,H1: loaded successfully
2	18:37:45.451	Custom indicator Laguerre-ACS1 SPX500,H1: loaded successfully
2	18:37:45.768	Custom indicator SupResZone_MTF EURAUD.,H4: loaded successfully
2	18:37:45.781	Custom indicator SupResZone_MTF EURAUD.,H4: loaded successfully
2	18:37:45.793	Custom indicator SupResZone_MTF EURAUD.,H4: loaded successfully
2	18:37:45.806	Custom indicator SupResZone_MTF EURAUD.,H4: loaded successfully
2	18:37:45.818	Custom indicator MACD-2x EURAUD.,H4: loaded successfully
2	18:37:45.904	Custom indicator Laguerre-ACS1 EURAUD.,H4: loaded successfully
2	18:37:46.157	Custom indicator SupResZone_MTF AUDJPY.,H4: loaded successfully
2	18:37:46.169	Custom indicator SupResZone_MTF AUDJPY.,H4: loaded successfully
2	18:37:46.180	Custom indicator SupResZone_MTF AUDJPY.,H4: loaded successfully
2	18:37:46.194	Custom indicator SupResZone_MTF AUDJPY.,H4: loaded successfully
2	18:37:46.206	Custom indicator MACD-2x AUDJPY.,H4: loaded successfully
2	18:37:46.278	Custom indicator Laguerre-ACS1 AUDJPY.,H4: loaded successfully
2	18:37:46.497	Custom indicator SupResZone_MTF AUDUSD.,H4: loaded successfully
2	18:37:46.509	Custom indicator SupResZone_MTF AUDUSD.,H4: loaded successfully
2	18:37:46.521	Custom indicator SupResZone_MTF AUDUSD.,H4: loaded successfully
2	18:37:46.534	Custom indicator SupResZone_MTF AUDUSD.,H4: loaded successfully
2	18:37:46.545	Custom indicator MACD-2x AUDUSD.,H4: loaded successfully
2	18:37:46.618	Custom indicator Laguerre-ACS1 AUDUSD.,H4: loaded successfully
2	18:37:46.811	Custom indicator SupResZone_MTF USDJPY.,H4: loaded successfully
2	18:37:46.822	Custom indicator SupResZone_MTF USDJPY.,H4: loaded successfully
2	18:37:46.834	Custom indicator SupResZone_MTF USDJPY.,H4: loaded successfully
2	18:37:46.846	Custom indicator SupResZone_MTF USDJPY.,H4: loaded successfully
2	18:37:46.862	Custom indicator MACD-2x USDJPY.,H4: loaded successfully
2	18:37:46.968	Custom indicator Laguerre-ACS1 USDJPY.,H4: loaded successfully
2	18:37:47.194	Custom indicator SupResZone_MTF EURJPY.,H4: loaded successfully
2	18:37:47.209	Custom indicator SupResZone_MTF EURJPY.,H4: loaded successfully
2	18:37:47.216	Custom indicator SupResZone_MTF EURJPY.,H4: loaded successfully
2	18:37:47.231	Custom indicator SupResZone_MTF EURJPY.,H4: loaded successfully
2	18:37:47.247	Custom indicator MACD-2x EURJPY.,H4: loaded successfully
2	18:37:47.316	Custom indicator Laguerre-ACS1 EURJPY.,H4: loaded successfully
2	18:37:47.535	Custom indicator SupResZone_MTF EURUSD.,H4: loaded successfully
2	18:37:47.550	Custom indicator SupResZone_MTF EURUSD.,H4: loaded successfully
2	18:37:47.566	Custom indicator SupResZone_MTF EURUSD.,H4: loaded successfully
2	18:37:47.582	Custom indicator SupResZone_MTF EURUSD.,H4: loaded successfully
2	18:37:47.582	Custom indicator MACD-2x EURUSD.,H4: loaded successfully
2	18:37:47.692	Custom indicator Laguerre-ACS1 EURUSD.,H4: loaded successfully
2	18:37:48.048	Custom indicator SupResZone_MTF GBPJPY.,H4: loaded successfully
2	18:37:48.066	Custom indicator SupResZone_MTF GBPJPY.,H4: loaded successfully
2	18:37:48.085	Custom indicator SupResZone_MTF GBPJPY.,H4: loaded successfully
2	18:37:48.100	Custom indicator SupResZone_MTF GBPJPY.,H4: loaded successfully
2	18:37:48.112	Custom indicator MACD-2x GBPJPY.,H4: loaded successfully
2	18:37:48.210	Custom indicator Laguerre-ACS1 GBPJPY.,H4: loaded successfully
2	18:37:48.481	Custom indicator SupResZone_MTF GBPUSD.,H4: loaded successfully
2	18:37:48.495	Custom indicator SupResZone_MTF GBPUSD.,H4: loaded successfully
2	18:37:48.511	Custom indicator SupResZone_MTF GBPUSD.,H4: loaded successfully
2	18:37:48.523	Custom indicator SupResZone_MTF GBPUSD.,H4: loaded successfully
2	18:37:48.539	Custom indicator MACD-2x GBPUSD.,H4: loaded successfully
2	18:37:48.660	Custom indicator Laguerre-ACS1 GBPUSD.,H4: loaded successfully
2	18:37:48.971	Custom indicator SupResZone_MTF USDCAD.,H4: loaded successfully
2	18:37:48.983	Custom indicator SupResZone_MTF USDCAD.,H4: loaded successfully
2	18:37:48.998	Custom indicator SupResZone_MTF USDCAD.,H4: loaded successfully
2	18:37:49.017	Custom indicator SupResZone_MTF USDCAD.,H4: loaded successfully
2	18:37:49.034	Custom indicator MACD-2x USDCAD.,H4: loaded successfully
2	18:37:49.111	Custom indicator Laguerre-ACS1 USDCAD.,H4: loaded successfully
2	18:37:49.325	Custom indicator SupResZone_MTF USDCHF.,H4: loaded successfully
2	18:37:49.335	Custom indicator SupResZone_MTF USDCHF.,H4: loaded successfully
2	18:37:49.346	Custom indicator SupResZone_MTF USDCHF.,H4: loaded successfully
2	18:37:49.357	Custom indicator SupResZone_MTF USDCHF.,H4: loaded successfully
2	18:37:49.367	Custom indicator MACD-2x USDCHF.,H4: loaded successfully
2	18:37:49.439	Custom indicator Laguerre-ACS1 USDCHF.,H4: loaded successfully
2	18:37:49.700	Custom indicator MACD-2x USDCNH,Daily: loaded successfully
2	18:37:49.715	Custom indicator MACD-2x USDCNH,Daily: loaded successfully
2	18:37:49.810	Custom indicator Laguerre-ACS1 USDCNH,Daily: loaded successfully
2	18:37:49.887	Custom indicator GMMA Long USDJPY.,H1: loaded successfully
2	18:37:49.900	Custom indicator GMMA Short USDJPY.,H1: loaded successfully
2	18:37:49.909	Custom indicator 23MTF_MovingAverageIGOR USDJPY.,H1: loaded successfully
2	18:37:49.919	Custom indicator 23MTF_MovingAverageIGOR USDJPY.,H1: loaded successfully
2	18:37:49.930	Custom indicator SupResZone_MTF USDJPY.,H1: loaded successfully
2	18:37:49.942	Custom indicator SupResZone_MTF USDJPY.,H1: loaded successfully
2	18:37:49.954	Custom indicator MACD-2x USDJPY.,H1: loaded successfully
2	18:37:50.188	Custom indicator SupResZone_MTF CHINA300,Daily: loaded successfully
2	18:37:50.201	Custom indicator SupResZone_MTF CHINA300,Daily: loaded successfully
2	18:37:50.214	Custom indicator SupResZone_MTF CHINA300,Daily: loaded successfully
2	18:37:50.227	Custom indicator SupResZone_MTF CHINA300,Daily: loaded successfully
2	18:37:50.241	Custom indicator MACD-2x CHINA300,Daily: loaded successfully
2	18:37:50.317	Custom indicator Laguerre-ACS1 CHINA300,Daily: loaded successfully
0	18:37:52.557	'120010550': login on PRC-Live through Server 5 (ping: 112.28 ms)
0	18:37:54.713	'120010550': login datacenter on PRC-Live through Server 5 (ping: 112.28 ms)
0	18:37:56.267	'120010550': previous successful authorization performed from 223.104.177.100
0	18:38:15.172	'120010550': auto connecting to a better access point Server 3 (ping is 125.20 ms)
0	18:38:15.860	'120010550': login on PRC-Live through Server 3 (ping: 125.20 ms)
0	18:38:17.224	'120010550': login datacenter on PRC-Live through Server 3 (ping: 125.20 ms)
0	18:38:17.707	'120010550': previous successful authorization performed from 101.131.181.34
0	19:02:45.381	'120010550': modify order #10970834 sell 0.01 EURAUD. at 1.60836 sl: 0.00000 tp: 1.60794 -> sl: 0.00000 tp: 1.60649
0	19:02:46.022	'120010550': order #10970834 sell 0.01 EURAUD. at 1.60836 was modified -> sl: 0.00000 tp: 1.60649
1	19:14:34.684	'120010550': datacenter connecting failed [6]
0	19:14:35.348	'120010550': login on PRC-Live through Server 5 (ping: 137.58 ms)
0	19:14:36.762	'120010550': login datacenter on PRC-Live through Server 5 (ping: 137.58 ms)
0	19:14:37.118	'120010550': previous successful authorization performed from 101.131.181.34
0	19:25:35.001	'120010550': modify order #10970834 sell 0.01 EURAUD. at 1.60836 sl: 0.00000 tp: 1.60649 -> sl: 0.00000 tp: 1.60795
0	19:25:35.524	'120010550': order #10970834 sell 0.01 EURAUD. at 1.60836 was modified -> sl: 0.00000 tp: 1.60795
0	19:25:46.199	'120010550': modify order #10971912 sell 0.02 EURAUD. at 1.60748 sl: 0.00000 tp: 1.60331 -> sl: 0.00000 tp: 1.60686
0	19:25:47.117	'120010550': order #10971912 sell 0.02 EURAUD. at 1.60748 was modified -> sl: 0.00000 tp: 1.60686
0	19:55:19.384	'120010550': modify order #10965900 sell 0.01 EURAUD. at 1.60968 sl: 0.00000 tp: 1.59823 -> sl: 0.00000 tp: 1.60908
0	19:55:19.752	'120010550': order #10965900 sell 0.01 EURAUD. at 1.60968 was modified -> sl: 0.00000 tp: 1.60908
0	19:55:24.728	'120010550': modify order #10971912 sell 0.02 EURAUD. at 1.60748 sl: 0.00000 tp: 1.60686 -> sl: 0.00000 tp: 1.60701
0	19:55:26.174	'120010550': order #10971912 sell 0.02 EURAUD. at 1.60748 was modified -> sl: 0.00000 tp: 1.60701
0	19:55:31.953	'120010550': modify order #10970834 sell 0.01 EURAUD. at 1.60836 sl: 0.00000 tp: 1.60795 -> sl: 0.00000 tp: 1.60800
0	19:55:33.189	'120010550': order #10970834 sell 0.01 EURAUD. at 1.60836 was modified -> sl: 0.00000 tp: 1.60800
0	19:55:36.717	'120010550': modify order #10965900 sell 0.01 EURAUD. at 1.60968 sl: 0.00000 tp: 1.60908 -> sl: 0.00000 tp: 1.60920
0	19:55:37.350	'120010550': order #10965900 sell 0.01 EURAUD. at 1.60968 was modified -> sl: 0.00000 tp: 1.60920
0	19:55:42.216	'120010550': modify order #10963407 sell 0.02 EURAUD. at 1.60566 sl: 0.00000 tp: 1.60519 -> sl: 0.00000 tp: 1.60529
0	19:55:43.018	'120010550': order #10963407 sell 0.02 EURAUD. at 1.60566 was modified -> sl: 0.00000 tp: 1.60529
1	20:57:41.045	'120010550': ping failed
1	20:57:41.091	'120010550': datacenter connecting failed [6]
0	20:57:42.238	'120010550': login on PRC-Live through Server 8 (ping: 137.77 ms)
0	20:57:44.534	'120010550': login datacenter on PRC-Live through Server 8 (ping: 137.77 ms)
0	20:57:45.092	'120010550': previous successful authorization performed from 223.104.177.100
0	20:58:19.086	'120010550': auto connecting to a better access point Server 5 (ping is 98.59 ms)
0	20:58:19.897	'120010550': login on PRC-Live through Server 5 (ping: 98.59 ms)
1	20:58:20.148	'120010550': order sell limit 0.01 US_OIL opening at 56.06 sl: 0.00 tp: 0.00 failed [No connection]
0	20:58:21.609	'120010550': login datacenter on PRC-Live through Server 5 (ping: 98.59 ms)
0	20:58:22.059	'120010550': previous successful authorization performed from 101.131.181.34
0	20:58:30.472	'120010550': order sell market 0.01 US_OIL sl: 0.00 tp: 0.00
0	20:58:31.830	'120010550': order was opened : #10981841 sell 0.01 US_OIL at 52.57 sl: 0.00 tp: 0.00
2	21:01:38.614	Custom indicator SupResZone_MTF USDXXX,Daily: removed
2	21:01:38.615	Custom indicator SupResZone_MTF USDXXX,Daily: removed
2	21:01:38.616	Custom indicator SupResZone_MTF USDXXX,Daily: removed
2	21:01:38.618	Custom indicator SupResZone_MTF USDXXX,Daily: removed
2	21:01:38.620	Custom indicator MACD-2x USDXXX,Daily: removed
2	21:01:38.620	Custom indicator Laguerre-ACS1 USDXXX,Daily: removed
2	21:01:38.641	Custom indicator SupResZone_MTF XAUUSD.,H1: removed
2	21:01:38.643	Custom indicator SupResZone_MTF XAUUSD.,H1: removed
2	21:01:38.645	Custom indicator SupResZone_MTF XAUUSD.,H1: removed
2	21:01:38.647	Custom indicator SupResZone_MTF XAUUSD.,H1: removed
2	21:01:38.648	Custom indicator MACD-2x XAUUSD.,H1: removed
2	21:01:38.648	Custom indicator Laguerre-ACS1 XAUUSD.,H1: removed
2	21:01:38.648	Custom indicator WBR XAUUSD.,H1: removed
2	21:01:38.672	Custom indicator SupResZone_MTF XAGUSD.,H1: removed
2	21:01:38.674	Custom indicator SupResZone_MTF XAGUSD.,H1: removed
2	21:01:38.676	Custom indicator SupResZone_MTF XAGUSD.,H1: removed
2	21:01:38.677	Custom indicator SupResZone_MTF XAGUSD.,H1: removed
2	21:01:38.679	Custom indicator MACD-2x XAGUSD.,H1: removed
2	21:01:38.679	Custom indicator Laguerre-ACS1 XAGUSD.,H1: removed
2	21:01:38.704	Custom indicator SupResZone_MTF US_OIL,H1: removed
2	21:01:38.705	Custom indicator SupResZone_MTF US_OIL,H1: removed
2	21:01:38.707	Custom indicator SupResZone_MTF US_OIL,H1: removed
2	21:01:38.709	Custom indicator SupResZone_MTF US_OIL,H1: removed
2	21:01:38.710	Custom indicator MACD-2x US_OIL,H1: removed
2	21:01:38.711	Custom indicator Laguerre-ACS1 US_OIL,H1: removed
2	21:01:38.711	Custom indicator WBR US_OIL,H1: removed
2	21:01:38.733	Custom indicator SupResZone_MTF JP225,H1: removed
2	21:01:38.736	Custom indicator SupResZone_MTF JP225,H1: removed
2	21:01:38.738	Custom indicator SupResZone_MTF JP225,H1: removed
2	21:01:38.740	Custom indicator SupResZone_MTF JP225,H1: removed
2	21:01:38.741	Custom indicator MACD-2x JP225,H1: removed
2	21:01:38.742	Custom indicator Laguerre-ACS1 JP225,H1: removed
2	21:01:38.762	Custom indicator SupResZone_MTF SPX500,H1: removed
2	21:01:38.763	Custom indicator SupResZone_MTF SPX500,H1: removed
2	21:01:38.765	Custom indicator SupResZone_MTF SPX500,H1: removed
2	21:01:38.767	Custom indicator SupResZone_MTF SPX500,H1: removed
2	21:01:38.769	Custom indicator MACD-2x SPX500,H1: removed
2	21:01:38.770	Custom indicator Laguerre-ACS1 SPX500,H1: removed
2	21:01:38.790	Custom indicator SupResZone_MTF EURAUD.,H1: removed
2	21:01:38.791	Custom indicator SupResZone_MTF EURAUD.,H1: removed
2	21:01:38.793	Custom indicator SupResZone_MTF EURAUD.,H1: removed
2	21:01:38.795	Custom indicator SupResZone_MTF EURAUD.,H1: removed
2	21:01:38.797	Custom indicator MACD-2x EURAUD.,H1: removed
2	21:01:38.798	Custom indicator Laguerre-ACS1 EURAUD.,H1: removed
2	21:01:38.816	Custom indicator SupResZone_MTF AUDJPY.,H1: removed
2	21:01:38.818	Custom indicator SupResZone_MTF AUDJPY.,H1: removed
2	21:01:38.820	Custom indicator SupResZone_MTF AUDJPY.,H1: removed
2	21:01:38.822	Custom indicator SupResZone_MTF AUDJPY.,H1: removed
2	21:01:38.824	Custom indicator MACD-2x AUDJPY.,H1: removed
2	21:01:38.824	Custom indicator Laguerre-ACS1 AUDJPY.,H1: removed
2	21:01:38.845	Custom indicator SupResZone_MTF AUDUSD.,H1: removed
2	21:01:38.846	Custom indicator SupResZone_MTF AUDUSD.,H1: removed
2	21:01:38.848	Custom indicator SupResZone_MTF AUDUSD.,H1: removed
2	21:01:38.850	Custom indicator SupResZone_MTF AUDUSD.,H1: removed
2	21:01:38.851	Custom indicator MACD-2x AUDUSD.,H1: removed
2	21:01:38.851	Custom indicator Laguerre-ACS1 AUDUSD.,H1: removed
2	21:01:38.871	Custom indicator SupResZone_MTF USDJPY.,H1: removed
2	21:01:38.873	Custom indicator SupResZone_MTF USDJPY.,H1: removed
2	21:01:38.875	Custom indicator SupResZone_MTF USDJPY.,H1: removed
2	21:01:38.876	Custom indicator SupResZone_MTF USDJPY.,H1: removed
2	21:01:38.878	Custom indicator MACD-2x USDJPY.,H1: removed
2	21:01:38.878	Custom indicator Laguerre-ACS1 USDJPY.,H1: removed
2	21:01:38.896	Custom indicator SupResZone_MTF EURJPY.,H1: removed
2	21:01:38.898	Custom indicator SupResZone_MTF EURJPY.,H1: removed
2	21:01:38.900	Custom indicator SupResZone_MTF EURJPY.,H1: removed
2	21:01:38.901	Custom indicator SupResZone_MTF EURJPY.,H1: removed
2	21:01:38.903	Custom indicator MACD-2x EURJPY.,H1: removed
2	21:01:38.903	Custom indicator Laguerre-ACS1 EURJPY.,H1: removed
2	21:01:38.922	Custom indicator SupResZone_MTF EURUSD.,H1: removed
2	21:01:38.924	Custom indicator SupResZone_MTF EURUSD.,H1: removed
2	21:01:38.926	Custom indicator SupResZone_MTF EURUSD.,H1: removed
2	21:01:38.928	Custom indicator SupResZone_MTF EURUSD.,H1: removed
2	21:01:38.930	Custom indicator MACD-2x EURUSD.,H1: removed
2	21:01:38.930	Custom indicator Laguerre-ACS1 EURUSD.,H1: removed
2	21:01:38.938	Custom indicator SupResZone_MTF GBPJPY.,H1: removed
2	21:01:38.940	Custom indicator SupResZone_MTF GBPJPY.,H1: removed
2	21:01:38.941	Custom indicator SupResZone_MTF GBPJPY.,H1: removed
2	21:01:38.943	Custom indicator SupResZone_MTF GBPJPY.,H1: removed
2	21:01:38.945	Custom indicator MACD-2x GBPJPY.,H1: removed
2	21:01:38.945	Custom indicator Laguerre-ACS1 GBPJPY.,H1: removed
2	21:01:38.965	Custom indicator SupResZone_MTF GBPUSD.,H1: removed
2	21:01:38.967	Custom indicator SupResZone_MTF GBPUSD.,H1: removed
2	21:01:38.970	Custom indicator SupResZone_MTF GBPUSD.,H1: removed
2	21:01:38.972	Custom indicator SupResZone_MTF GBPUSD.,H1: removed
2	21:01:38.973	Custom indicator MACD-2x GBPUSD.,H1: removed
2	21:01:38.973	Custom indicator Laguerre-ACS1 GBPUSD.,H1: removed
2	21:01:38.980	Custom indicator SupResZone_MTF USDCAD.,H4: removed
2	21:01:38.982	Custom indicator SupResZone_MTF USDCAD.,H4: removed
2	21:01:38.984	Custom indicator SupResZone_MTF USDCAD.,H4: removed
2	21:01:38.986	Custom indicator SupResZone_MTF USDCAD.,H4: removed
2	21:01:38.988	Custom indicator MACD-2x USDCAD.,H4: removed
2	21:01:38.988	Custom indicator Laguerre-ACS1 USDCAD.,H4: removed
2	21:01:38.994	Custom indicator SupResZone_MTF USDCHF.,H4: removed
2	21:01:38.996	Custom indicator SupResZone_MTF USDCHF.,H4: removed
2	21:01:38.998	Custom indicator SupResZone_MTF USDCHF.,H4: removed
2	21:01:39.000	Custom indicator SupResZone_MTF USDCHF.,H4: removed
2	21:01:39.002	Custom indicator MACD-2x USDCHF.,H4: removed
2	21:01:39.002	Custom indicator Laguerre-ACS1 USDCHF.,H4: removed
2	21:01:39.028	Custom indicator MACD-2x USDCNH,Daily: removed
2	21:01:39.030	Custom indicator MACD-2x USDCNH,Daily: removed
2	21:01:39.030	Custom indicator Laguerre-ACS1 USDCNH,Daily: removed
2	21:01:39.048	Custom indicator GMMA Long USDJPY.,H1: removed
2	21:01:39.049	Custom indicator GMMA Short USDJPY.,H1: removed
2	21:01:39.051	Custom indicator 23MTF_MovingAverageIGOR USDJPY.,H1: removed
2	21:01:39.053	Custom indicator 23MTF_MovingAverageIGOR USDJPY.,H1: removed
2	21:01:39.055	Custom indicator SupResZone_MTF USDJPY.,H1: removed
2	21:01:39.056	Custom indicator SupResZone_MTF USDJPY.,H1: removed
2	21:01:39.058	Custom indicator MACD-2x USDJPY.,H1: removed
2	21:01:39.067	Custom indicator SupResZone_MTF CHINA300,Daily: removed
2	21:01:39.069	Custom indicator SupResZone_MTF CHINA300,Daily: removed
2	21:01:39.072	Custom indicator SupResZone_MTF CHINA300,Daily: removed
2	21:01:39.074	Custom indicator SupResZone_MTF CHINA300,Daily: removed
2	21:01:39.076	Custom indicator MACD-2x CHINA300,Daily: removed
2	21:01:39.076	Custom indicator Laguerre-ACS1 CHINA300,Daily: removed
0	21:01:39.509	FX Trader build 1170 stopped
0	21:01:49.317	FX Trader build 1170 started (Performance Ronnaru Capital Ltd.)
0	21:01:49.318	Windows 10 Home x64, IE 11, UAC, 8 x Intel Core i7-6700HQ  @ 2.60GHz, Memory: 23726 / 32639 Mb, Disk: 139 / 264 Gb, GMT+8
0	21:01:49.318	Data Folder: C:\Users\tiany\AppData\Roaming\MetaQuotes\Terminal\79214103E7A6FC97F86082D309D0B84B
2	21:01:51.223	Custom indicator SupResZone_MTF USDXXX,Daily: loaded successfully
2	21:01:51.233	Custom indicator SupResZone_MTF USDXXX,Daily: loaded successfully
2	21:01:51.243	Custom indicator SupResZone_MTF USDXXX,Daily: loaded successfully
2	21:01:51.254	Custom indicator SupResZone_MTF USDXXX,Daily: loaded successfully
2	21:01:51.268	Custom indicator MACD-2x USDXXX,Daily: loaded successfully
2	21:01:51.343	Custom indicator Laguerre-ACS1 USDXXX,Daily: loaded successfully
2	21:01:51.487	Custom indicator SupResZone_MTF XAUUSD.,H1: loaded successfully
2	21:01:51.498	Custom indicator SupResZone_MTF XAUUSD.,H1: loaded successfully
2	21:01:51.509	Custom indicator SupResZone_MTF XAUUSD.,H1: loaded successfully
2	21:01:51.520	Custom indicator SupResZone_MTF XAUUSD.,H1: loaded successfully
2	21:01:51.532	Custom indicator MACD-2x XAUUSD.,H1: loaded successfully
2	21:01:51.617	Custom indicator Laguerre-ACS1 XAUUSD.,H1: loaded successfully
2	21:01:51.640	Custom indicator WBR XAUUSD.,H1: loaded successfully
2	21:01:52.714	Custom indicator SupResZone_MTF XAGUSD.,H1: loaded successfully
2	21:01:52.725	Custom indicator SupResZone_MTF XAGUSD.,H1: loaded successfully
2	21:01:52.742	Custom indicator SupResZone_MTF XAGUSD.,H1: loaded successfully
2	21:01:52.785	Custom indicator SupResZone_MTF XAGUSD.,H1: loaded successfully
2	21:01:52.842	Custom indicator MACD-2x XAGUSD.,H1: loaded successfully
2	21:01:53.046	Custom indicator Laguerre-ACS1 XAGUSD.,H1: loaded successfully
2	21:01:53.881	Custom indicator SupResZone_MTF US_OIL,H1: loaded successfully
2	21:01:53.896	Custom indicator SupResZone_MTF US_OIL,H1: loaded successfully
2	21:01:53.909	Custom indicator SupResZone_MTF US_OIL,H1: loaded successfully
2	21:01:53.928	Custom indicator SupResZone_MTF US_OIL,H1: loaded successfully
2	21:01:53.943	Custom indicator MACD-2x US_OIL,H1: loaded successfully
2	21:01:54.029	Custom indicator Laguerre-ACS1 US_OIL,H1: loaded successfully
2	21:01:54.049	Custom indicator WBR US_OIL,H1: loaded successfully
2	21:01:54.530	Custom indicator SupResZone_MTF JP225,H1: loaded successfully
2	21:01:54.543	Custom indicator SupResZone_MTF JP225,H1: loaded successfully
2	21:01:54.559	Custom indicator SupResZone_MTF JP225,H1: loaded successfully
2	21:01:54.575	Custom indicator SupResZone_MTF JP225,H1: loaded successfully
2	21:01:54.590	Custom indicator MACD-2x JP225,H1: loaded successfully
2	21:01:54.684	Custom indicator Laguerre-ACS1 JP225,H1: loaded successfully
2	21:01:54.957	Custom indicator SupResZone_MTF SPX500,H1: loaded successfully
2	21:01:54.967	Custom indicator SupResZone_MTF SPX500,H1: loaded successfully
2	21:01:54.977	Custom indicator SupResZone_MTF SPX500,H1: loaded successfully
2	21:01:54.987	Custom indicator SupResZone_MTF SPX500,H1: loaded successfully
2	21:01:54.997	Custom indicator MACD-2x SPX500,H1: loaded successfully
2	21:01:55.072	Custom indicator Laguerre-ACS1 SPX500,H1: loaded successfully
2	21:01:55.328	Custom indicator SupResZone_MTF EURAUD.,H1: loaded successfully
2	21:01:55.338	Custom indicator SupResZone_MTF EURAUD.,H1: loaded successfully
2	21:01:55.348	Custom indicator SupResZone_MTF EURAUD.,H1: loaded successfully
2	21:01:55.359	Custom indicator SupResZone_MTF EURAUD.,H1: loaded successfully
2	21:01:55.370	Custom indicator MACD-2x EURAUD.,H1: loaded successfully
2	21:01:55.448	Custom indicator Laguerre-ACS1 EURAUD.,H1: loaded successfully
2	21:01:55.632	Custom indicator SupResZone_MTF AUDJPY.,H1: loaded successfully
2	21:01:55.647	Custom indicator SupResZone_MTF AUDJPY.,H1: loaded successfully
2	21:01:55.657	Custom indicator SupResZone_MTF AUDJPY.,H1: loaded successfully
2	21:01:55.669	Custom indicator SupResZone_MTF AUDJPY.,H1: loaded successfully
2	21:01:55.680	Custom indicator MACD-2x AUDJPY.,H1: loaded successfully
2	21:01:55.751	Custom indicator Laguerre-ACS1 AUDJPY.,H1: loaded successfully
2	21:01:55.925	Custom indicator SupResZone_MTF AUDUSD.,H1: loaded successfully
2	21:01:55.934	Custom indicator SupResZone_MTF AUDUSD.,H1: loaded successfully
2	21:01:55.945	Custom indicator SupResZone_MTF AUDUSD.,H1: loaded successfully
2	21:01:55.956	Custom indicator SupResZone_MTF AUDUSD.,H1: loaded successfully
2	21:01:55.965	Custom indicator MACD-2x AUDUSD.,H1: loaded successfully
2	21:01:56.034	Custom indicator Laguerre-ACS1 AUDUSD.,H1: loaded successfully
2	21:01:56.222	Custom indicator SupResZone_MTF USDJPY.,H1: loaded successfully
2	21:01:56.235	Custom indicator SupResZone_MTF USDJPY.,H1: loaded successfully
2	21:01:56.254	Custom indicator SupResZone_MTF USDJPY.,H1: loaded successfully
2	21:01:56.267	Custom indicator SupResZone_MTF USDJPY.,H1: loaded successfully
2	21:01:56.279	Custom indicator MACD-2x USDJPY.,H1: loaded successfully
2	21:01:56.369	Custom indicator Laguerre-ACS1 USDJPY.,H1: loaded successfully
2	21:01:56.617	Custom indicator SupResZone_MTF EURJPY.,H1: loaded successfully
2	21:01:56.627	Custom indicator SupResZone_MTF EURJPY.,H1: loaded successfully
2	21:01:56.640	Custom indicator SupResZone_MTF EURJPY.,H1: loaded successfully
2	21:01:56.654	Custom indicator SupResZone_MTF EURJPY.,H1: loaded successfully
2	21:01:56.665	Custom indicator MACD-2x EURJPY.,H1: loaded successfully
2	21:01:56.750	Custom indicator Laguerre-ACS1 EURJPY.,H1: loaded successfully
2	21:01:57.149	Custom indicator SupResZone_MTF EURUSD.,H1: loaded successfully
2	21:01:57.159	Custom indicator SupResZone_MTF EURUSD.,H1: loaded successfully
2	21:01:57.170	Custom indicator SupResZone_MTF EURUSD.,H1: loaded successfully
2	21:01:57.181	Custom indicator SupResZone_MTF EURUSD.,H1: loaded successfully
2	21:01:57.192	Custom indicator MACD-2x EURUSD.,H1: loaded successfully
2	21:01:57.265	Custom indicator Laguerre-ACS1 EURUSD.,H1: loaded successfully
2	21:01:57.481	Custom indicator SupResZone_MTF GBPJPY.,H1: loaded successfully
2	21:01:57.490	Custom indicator SupResZone_MTF GBPJPY.,H1: loaded successfully
2	21:01:57.500	Custom indicator SupResZone_MTF GBPJPY.,H1: loaded successfully
2	21:01:57.510	Custom indicator SupResZone_MTF GBPJPY.,H1: loaded successfully
2	21:01:57.520	Custom indicator MACD-2x GBPJPY.,H1: loaded successfully
2	21:01:57.588	Custom indicator Laguerre-ACS1 GBPJPY.,H1: loaded successfully
2	21:40:47.994	Custom indicator SupResZone_MTF GBPUSD.,H1: loaded successfully
2	21:40:48.011	Custom indicator SupResZone_MTF GBPUSD.,H1: loaded successfully
2	21:40:48.032	Custom indicator SupResZone_MTF GBPUSD.,H1: loaded successfully
2	21:40:48.055	Custom indicator SupResZone_MTF GBPUSD.,H1: loaded successfully
2	21:40:48.083	Custom indicator MACD-2x GBPUSD.,H1: loaded successfully
2	21:40:48.438	Custom indicator Laguerre-ACS1 GBPUSD.,H1: loaded successfully
2	21:40:48.928	Custom indicator SupResZone_MTF USDCAD.,H4: loaded successfully
2	21:40:48.946	Custom indicator SupResZone_MTF USDCAD.,H4: loaded successfully
2	21:40:48.971	Custom indicator SupResZone_MTF USDCAD.,H4: loaded successfully
2	21:40:48.989	Custom indicator SupResZone_MTF USDCAD.,H4: loaded successfully
2	21:40:49.017	Custom indicator MACD-2x USDCAD.,H4: loaded successfully
2	21:40:49.195	Custom indicator Laguerre-ACS1 USDCAD.,H4: loaded successfully
2	21:40:49.604	Custom indicator SupResZone_MTF USDCHF.,H4: loaded successfully
2	21:40:49.622	Custom indicator SupResZone_MTF USDCHF.,H4: loaded successfully
2	21:40:49.641	Custom indicator SupResZone_MTF USDCHF.,H4: loaded successfully
2	21:40:49.660	Custom indicator SupResZone_MTF USDCHF.,H4: loaded successfully
2	21:40:49.678	Custom indicator MACD-2x USDCHF.,H4: loaded successfully
2	21:40:49.825	Custom indicator Laguerre-ACS1 USDCHF.,H4: loaded successfully
2	21:40:50.146	Custom indicator MACD-2x USDCNH,Daily: loaded successfully
2	21:40:50.164	Custom indicator MACD-2x USDCNH,Daily: loaded successfully
2	21:40:50.322	Custom indicator Laguerre-ACS1 USDCNH,Daily: loaded successfully
2	21:40:50.426	Custom indicator GMMA Long USDJPY.,H1: loaded successfully
2	21:40:50.443	Custom indicator GMMA Short USDJPY.,H1: loaded successfully
2	21:40:50.456	Custom indicator 23MTF_MovingAverageIGOR USDJPY.,H1: loaded successfully
2	21:40:50.470	Custom indicator 23MTF_MovingAverageIGOR USDJPY.,H1: loaded successfully
2	21:40:50.488	Custom indicator SupResZone_MTF USDJPY.,H1: loaded successfully
2	21:40:50.507	Custom indicator SupResZone_MTF USDJPY.,H1: loaded successfully
2	21:40:50.524	Custom indicator MACD-2x USDJPY.,H1: loaded successfully
2	21:40:50.936	Custom indicator SupResZone_MTF CHINA300,Daily: loaded successfully
2	21:40:50.955	Custom indicator SupResZone_MTF CHINA300,Daily: loaded successfully
2	21:40:50.972	Custom indicator SupResZone_MTF CHINA300,Daily: loaded successfully
2	21:40:50.989	Custom indicator SupResZone_MTF CHINA300,Daily: loaded successfully
2	21:40:51.005	Custom indicator MACD-2x CHINA300,Daily: loaded successfully
2	21:40:51.130	Custom indicator Laguerre-ACS1 CHINA300,Daily: loaded successfully
0	21:40:54.066	'120010550': login on PRC-Live through Server 5 (ping: 98.59 ms)
0	21:40:56.714	'120010550': login datacenter on PRC-Live through Server 5 (ping: 98.59 ms)
0	21:40:57.159	'120010550': previous successful authorization performed from 101.131.181.34
1	22:04:42.506	'120010550': ping failed
1	22:04:42.584	'120010550': ping failed
1	22:04:42.584	'120010550': datacenter connecting failed [6]
0	22:04:52.550	'120010550': login on PRC-Live through Server 8 (ping: 133.64 ms)
0	22:04:54.986	'120010550': login datacenter on PRC-Live through Server 8 (ping: 133.64 ms)
0	22:04:55.480	'120010550': previous successful authorization performed from 101.131.181.34
0	22:05:18.698	'120010550': auto connecting to a better access point Server 5 (ping is 102.34 ms)
0	22:05:19.361	'120010550': login on PRC-Live through Server 5 (ping: 102.34 ms)
0	22:05:20.733	'120010550': login datacenter on PRC-Live through Server 5 (ping: 102.34 ms)
0	22:05:21.104	'120010550': previous successful authorization performed from 101.131.181.34
0	22:32:13.067	'120010550': order sell market 0.01 US_OIL sl: 0.00 tp: 0.00
0	22:32:13.321	'120010550': order was opened : #10982620 sell 0.01 US_OIL at 51.67 sl: 0.00 tp: 0.00
1	22:34:00.892	'120010550': modification of order #10981841 sell 0.01 US_OIL at 52.57 sl: 0.00 tp: 0.00 -> sl: 0.00 tp: 52.30 failed [Invalid S/L or T/P]
0	22:34:06.648	'120010550': modify order #10981841 sell 0.01 US_OIL at 52.57 sl: 0.00 tp: 0.00 -> sl: 52.87 tp: 0.00
0	22:34:07.103	'120010550': order #10981841 sell 0.01 US_OIL at 52.57 was modified -> sl: 52.87 tp: 0.00
0	22:34:11.396	'120010550': modify order #10981841 sell 0.01 US_OIL at 52.57 sl: 52.87 tp: 0.00 -> sl: 52.34 tp: 0.00
0	22:34:12.697	'120010550': order #10981841 sell 0.01 US_OIL at 52.57 was modified -> sl: 52.34 tp: 0.00
0	22:48:29.209	'120010550': order sell market 0.01 US_OIL sl: 0.00 tp: 0.00
0	22:48:29.632	'120010550': order was opened : #10982745 sell 0.01 US_OIL at 51.47 sl: 0.00 tp: 0.00
0	22:54:19.122	'120010550': order sell market 0.01 US_OIL sl: 0.00 tp: 0.00
0	22:54:20.489	'120010550': order was opened : #10982771 sell 0.01 US_OIL at 51.17 sl: 0.00 tp: 0.00
0	22:54:29.483	'120010550': modify order #10981841 sell 0.01 US_OIL at 52.57 sl: 52.34 tp: 0.00 -> sl: 52.00 tp: 0.00
0	22:54:30.209	'120010550': order #10981841 sell 0.01 US_OIL at 52.57 was modified -> sl: 52.00 tp: 0.00
0	22:58:19.860	'120010550': login on PRC-Live through Server 5 (ping: 102.34 ms)
0	22:58:20.926	'120010550': login datacenter on PRC-Live through Server 5 (ping: 102.34 ms)
0	22:58:21.286	'120010550': previous successful authorization performed from 101.131.181.34
0	23:06:58.040	'120010550': login datacenter on PRC-Live through Server 5 (ping: 102.34 ms)
0	23:06:58.664	'120010550': login on PRC-Live through Server 5 (ping: 102.34 ms)
0	23:07:00.988	'120010550': login datacenter on PRC-Live through Server 5 (ping: 102.34 ms)
0	23:07:01.331	'120010550': previous successful authorization performed from 101.131.181.36
0	23:07:30.688	'120010550': ping to current access point Server 5 is 99.87 ms
2	23:16:48.450	Custom indicator SupResZone_MTF USDXXX,Daily: removed
2	23:16:48.452	Custom indicator SupResZone_MTF USDXXX,Daily: removed
2	23:16:48.454	Custom indicator SupResZone_MTF USDXXX,Daily: removed
2	23:16:48.456	Custom indicator SupResZone_MTF USDXXX,Daily: removed
2	23:16:48.457	Custom indicator MACD-2x USDXXX,Daily: removed
2	23:16:48.457	Custom indicator Laguerre-ACS1 USDXXX,Daily: removed
2	23:16:48.464	Custom indicator SupResZone_MTF XAUUSD.,H1: removed
2	23:16:48.465	Custom indicator SupResZone_MTF XAUUSD.,H1: removed
2	23:16:48.469	Custom indicator SupResZone_MTF XAUUSD.,H1: removed
2	23:16:48.470	Custom indicator SupResZone_MTF XAUUSD.,H1: removed
2	23:16:48.472	Custom indicator MACD-2x XAUUSD.,H1: removed
2	23:16:48.472	Custom indicator Laguerre-ACS1 XAUUSD.,H1: removed
2	23:16:48.472	Custom indicator WBR XAUUSD.,H1: removed
2	23:16:48.478	Custom indicator SupResZone_MTF XAGUSD.,H1: removed
2	23:16:48.479	Custom indicator SupResZone_MTF XAGUSD.,H1: removed
2	23:16:48.480	Custom indicator SupResZone_MTF XAGUSD.,H1: removed
2	23:16:48.482	Custom indicator SupResZone_MTF XAGUSD.,H1: removed
2	23:16:48.486	Custom indicator MACD-2x XAGUSD.,H1: removed
2	23:16:48.486	Custom indicator Laguerre-ACS1 XAGUSD.,H1: removed
2	23:16:48.510	Custom indicator SupResZone_MTF US_OIL,H1: removed
2	23:16:48.512	Custom indicator SupResZone_MTF US_OIL,H1: removed
2	23:16:48.514	Custom indicator SupResZone_MTF US_OIL,H1: removed
2	23:16:48.515	Custom indicator SupResZone_MTF US_OIL,H1: removed
2	23:16:48.518	Custom indicator MACD-2x US_OIL,H1: removed
2	23:16:48.518	Custom indicator Laguerre-ACS1 US_OIL,H1: removed
2	23:16:48.518	Custom indicator WBR US_OIL,H1: removed
2	23:16:48.542	Custom indicator SupResZone_MTF JP225,H1: removed
2	23:16:48.544	Custom indicator SupResZone_MTF JP225,H1: removed
2	23:16:48.546	Custom indicator SupResZone_MTF JP225,H1: removed
2	23:16:48.547	Custom indicator SupResZone_MTF JP225,H1: removed
2	23:16:48.550	Custom indicator MACD-2x JP225,H1: removed
2	23:16:48.550	Custom indicator Laguerre-ACS1 JP225,H1: removed
2	23:16:48.558	Custom indicator SupResZone_MTF SPX500,H1: removed
2	23:16:48.559	Custom indicator SupResZone_MTF SPX500,H1: removed
2	23:16:48.561	Custom indicator SupResZone_MTF SPX500,H1: removed
2	23:16:48.562	Custom indicator SupResZone_MTF SPX500,H1: removed
2	23:16:48.566	Custom indicator MACD-2x SPX500,H1: removed
2	23:16:48.566	Custom indicator Laguerre-ACS1 SPX500,H1: removed
2	23:16:48.573	Custom indicator SupResZone_MTF EURAUD.,H1: removed
2	23:16:48.575	Custom indicator SupResZone_MTF EURAUD.,H1: removed
2	23:16:48.576	Custom indicator SupResZone_MTF EURAUD.,H1: removed
2	23:16:48.578	Custom indicator SupResZone_MTF EURAUD.,H1: removed
2	23:16:48.579	Custom indicator MACD-2x EURAUD.,H1: removed
2	23:16:48.580	Custom indicator Laguerre-ACS1 EURAUD.,H1: removed
2	23:16:48.589	Custom indicator SupResZone_MTF AUDJPY.,H1: removed
2	23:16:48.591	Custom indicator SupResZone_MTF AUDJPY.,H1: removed
2	23:16:48.593	Custom indicator SupResZone_MTF AUDJPY.,H1: removed
2	23:16:48.595	Custom indicator SupResZone_MTF AUDJPY.,H1: removed
2	23:16:48.597	Custom indicator MACD-2x AUDJPY.,H1: removed
2	23:16:48.597	Custom indicator Laguerre-ACS1 AUDJPY.,H1: removed
2	23:16:48.603	Custom indicator SupResZone_MTF AUDUSD.,H1: removed
2	23:16:48.605	Custom indicator SupResZone_MTF AUDUSD.,H1: removed
2	23:16:48.607	Custom indicator SupResZone_MTF AUDUSD.,H1: removed
2	23:16:48.610	Custom indicator SupResZone_MTF AUDUSD.,H1: removed
2	23:16:48.613	Custom indicator MACD-2x AUDUSD.,H1: removed
2	23:16:48.613	Custom indicator Laguerre-ACS1 AUDUSD.,H1: removed
2	23:16:48.626	Custom indicator SupResZone_MTF USDJPY.,H1: removed
2	23:16:48.629	Custom indicator SupResZone_MTF USDJPY.,H1: removed
2	23:16:48.630	Custom indicator SupResZone_MTF USDJPY.,H1: removed
2	23:16:48.633	Custom indicator SupResZone_MTF USDJPY.,H1: removed
2	23:16:48.636	Custom indicator MACD-2x USDJPY.,H1: removed
2	23:16:48.636	Custom indicator Laguerre-ACS1 USDJPY.,H1: removed
2	23:16:48.646	Custom indicator SupResZone_MTF EURJPY.,H1: removed
2	23:16:48.647	Custom indicator SupResZone_MTF EURJPY.,H1: removed
2	23:16:48.650	Custom indicator SupResZone_MTF EURJPY.,H1: removed
2	23:16:48.652	Custom indicator SupResZone_MTF EURJPY.,H1: removed
2	23:16:48.654	Custom indicator MACD-2x EURJPY.,H1: removed
2	23:16:48.654	Custom indicator Laguerre-ACS1 EURJPY.,H1: removed
2	23:16:48.678	Custom indicator SupResZone_MTF EURUSD.,H1: removed
2	23:16:48.679	Custom indicator SupResZone_MTF EURUSD.,H1: removed
2	23:16:48.681	Custom indicator SupResZone_MTF EURUSD.,H1: removed
2	23:16:48.683	Custom indicator SupResZone_MTF EURUSD.,H1: removed
2	23:16:48.686	Custom indicator MACD-2x EURUSD.,H1: removed
2	23:16:48.686	Custom indicator Laguerre-ACS1 EURUSD.,H1: removed
2	23:16:48.710	Custom indicator SupResZone_MTF GBPJPY.,H1: removed
2	23:16:48.711	Custom indicator SupResZone_MTF GBPJPY.,H1: removed
2	23:16:48.713	Custom indicator SupResZone_MTF GBPJPY.,H1: removed
2	23:16:48.715	Custom indicator SupResZone_MTF GBPJPY.,H1: removed
2	23:16:48.717	Custom indicator MACD-2x GBPJPY.,H1: removed
2	23:16:48.717	Custom indicator Laguerre-ACS1 GBPJPY.,H1: removed
2	23:16:48.740	Custom indicator SupResZone_MTF GBPUSD.,H1: removed
2	23:16:48.742	Custom indicator SupResZone_MTF GBPUSD.,H1: removed
2	23:16:48.744	Custom indicator SupResZone_MTF GBPUSD.,H1: removed
2	23:16:48.746	Custom indicator SupResZone_MTF GBPUSD.,H1: removed
2	23:16:48.749	Custom indicator MACD-2x GBPUSD.,H1: removed
2	23:16:48.749	Custom indicator Laguerre-ACS1 GBPUSD.,H1: removed
2	23:16:48.769	Custom indicator SupResZone_MTF USDCAD.,H4: removed
2	23:16:48.770	Custom indicator SupResZone_MTF USDCAD.,H4: removed
2	23:16:48.772	Custom indicator SupResZone_MTF USDCAD.,H4: removed
2	23:16:48.773	Custom indicator SupResZone_MTF USDCAD.,H4: removed
2	23:16:48.774	Custom indicator MACD-2x USDCAD.,H4: removed
2	23:16:48.774	Custom indicator Laguerre-ACS1 USDCAD.,H4: removed
2	23:16:48.781	Custom indicator SupResZone_MTF USDCHF.,H4: removed
2	23:16:48.782	Custom indicator SupResZone_MTF USDCHF.,H4: removed
2	23:16:48.784	Custom indicator SupResZone_MTF USDCHF.,H4: removed
2	23:16:48.786	Custom indicator SupResZone_MTF USDCHF.,H4: removed
2	23:16:48.787	Custom indicator MACD-2x USDCHF.,H4: removed
2	23:16:48.788	Custom indicator Laguerre-ACS1 USDCHF.,H4: removed
2	23:16:48.793	Custom indicator MACD-2x USDCNH,Daily: removed
2	23:16:48.795	Custom indicator MACD-2x USDCNH,Daily: removed
2	23:16:48.795	Custom indicator Laguerre-ACS1 USDCNH,Daily: removed
2	23:16:48.811	Custom indicator GMMA Long USDJPY.,H1: removed
2	23:16:48.813	Custom indicator GMMA Short USDJPY.,H1: removed
2	23:16:48.814	Custom indicator 23MTF_MovingAverageIGOR USDJPY.,H1: removed
2	23:16:48.816	Custom indicator 23MTF_MovingAverageIGOR USDJPY.,H1: removed
2	23:16:48.818	Custom indicator SupResZone_MTF USDJPY.,H1: removed
2	23:16:48.819	Custom indicator SupResZone_MTF USDJPY.,H1: removed
2	23:16:48.821	Custom indicator MACD-2x USDJPY.,H1: removed
2	23:16:48.832	Custom indicator SupResZone_MTF CHINA300,Daily: removed
2	23:16:48.834	Custom indicator SupResZone_MTF CHINA300,Daily: removed
2	23:16:48.835	Custom indicator SupResZone_MTF CHINA300,Daily: removed
2	23:16:48.837	Custom indicator SupResZone_MTF CHINA300,Daily: removed
2	23:16:48.838	Custom indicator MACD-2x CHINA300,Daily: removed
2	23:16:48.839	Custom indicator Laguerre-ACS1 CHINA300,Daily: removed
0	23:16:49.220	FX Trader build 1170 stopped
