2	01:50:13.191	Custom indicator Laguerre-ACS1 USDJPY,H4: removed
2	01:50:13.195	Custom indicator MACD USDJPY,H4: removed
2	01:50:13.204	Custom indicator Laguerre-ACS1 EURJPY,H4: removed
2	01:50:13.208	Custom indicator MACD EURJPY,H4: removed
2	01:50:13.213	Custom indicator Laguerre-ACS1 EURUSD,H4: removed
2	01:50:13.219	Custom indicator MACD EURUSD,H4: removed
2	01:50:13.226	Custom indicator Laguerre-ACS1 GBPUSD,H4: removed
2	01:50:13.230	Custom indicator MACD GBPUSD,H4: removed
2	01:50:13.241	Custom indicator Laguerre-ACS1 GBPJPY,H4: removed
2	01:50:13.245	Custom indicator MACD GBPJPY,H4: removed
2	01:50:13.252	Custom indicator Laguerre-ACS1 JP225,H4: removed
2	01:50:13.257	Custom indicator MACD JP225,H4: removed
2	01:50:13.271	Custom indicator Laguerre-ACS1 NDX100,H4: removed
2	01:50:13.276	Custom indicator MACD NDX100,H4: removed
2	01:50:13.290	Custom indicator Laguerre-ACS1 SPX500,H4: removed
2	01:50:13.294	Custom indicator MACD SPX500,H4: removed
2	01:50:13.311	Custom indicator Laguerre-ACS1 A50,Daily: removed
2	01:50:13.314	Custom indicator MACD A50,Daily: removed
2	01:50:13.326	Custom indicator Laguerre-ACS1 CHINA300,H4: removed
2	01:50:13.330	Custom indicator MACD CHINA300,H4: removed
2	01:50:13.349	Custom indicator Laguerre-ACS1 XAUUSD,Daily: removed
2	01:50:13.352	Custom indicator MACD XAUUSD,Daily: removed
2	01:50:13.383	Custom indicator Laguerre-ACS1 US_OIL,Daily: removed
2	01:50:13.387	Custom indicator MACD US_OIL,Daily: removed
0	01:50:13.804	FX Trader build 1170 stopped
0	10:56:16.532	FX Trader build 1170 started (Performance Ronnaru Capital Ltd.)
0	10:56:16.532	Windows 10 Home x64, IE 11, UAC, 8 x Intel Core i7-6700HQ  @ 2.60GHz, Memory: 25257 / 32639 Mb, Disk: 147 / 264 Gb, GMT+9
0	10:56:16.532	Data Folder: C:\Users\tiany\AppData\Roaming\MetaQuotes\Terminal\79214103E7A6FC97F86082D309D0B84B
2	10:56:18.817	Custom indicator 小鱼\Laguerre-ACS1 USDJPY,H4: loaded successfully
2	10:56:18.836	Custom indicator MACD USDJPY,H4: loaded successfully
2	10:56:19.018	Custom indicator 小鱼\Laguerre-ACS1 EURJPY,H4: loaded successfully
2	10:56:19.030	Custom indicator MACD EURJPY,H4: loaded successfully
2	10:56:19.191	Custom indicator 小鱼\Laguerre-ACS1 EURUSD,H4: loaded successfully
2	10:56:19.204	Custom indicator MACD EURUSD,H4: loaded successfully
2	10:56:19.357	Custom indicator 小鱼\Laguerre-ACS1 GBPUSD,H4: loaded successfully
2	10:56:19.370	Custom indicator MACD GBPUSD,H4: loaded successfully
2	10:56:19.510	Custom indicator 小鱼\Laguerre-ACS1 GBPJPY,H4: loaded successfully
2	10:56:19.523	Custom indicator MACD GBPJPY,H4: loaded successfully
2	10:56:19.664	Custom indicator 小鱼\Laguerre-ACS1 JP225,H4: loaded successfully
2	10:56:19.677	Custom indicator MACD JP225,H4: loaded successfully
2	10:56:19.809	Custom indicator 小鱼\Laguerre-ACS1 NDX100,H4: loaded successfully
2	10:56:19.821	Custom indicator MACD NDX100,H4: loaded successfully
2	10:56:19.954	Custom indicator 小鱼\Laguerre-ACS1 SPX500,H4: loaded successfully
2	10:56:19.967	Custom indicator MACD SPX500,H4: loaded successfully
2	10:56:20.227	Custom indicator 小鱼\Laguerre-ACS1 A50,Daily: loaded successfully
2	10:56:20.237	Custom indicator MACD A50,Daily: loaded successfully
2	10:56:20.377	Custom indicator 小鱼\Laguerre-ACS1 CHINA300,H4: loaded successfully
2	10:56:20.392	Custom indicator MACD CHINA300,H4: loaded successfully
2	10:56:20.526	Custom indicator 小鱼\Laguerre-ACS1 XAUUSD,Daily: loaded successfully
2	10:56:20.539	Custom indicator MACD XAUUSD,Daily: loaded successfully
2	10:56:20.664	Custom indicator 小鱼\Laguerre-ACS1 US_OIL,Daily: loaded successfully
2	10:56:20.675	Custom indicator MACD US_OIL,Daily: loaded successfully
0	10:56:21.915	'120010550': login on PRC-Live through Server 3 (ping: 39.32 ms)
0	10:56:22.737	'120010550': login datacenter on PRC-Live through Server 3 (ping: 39.32 ms)
0	10:56:23.058	'120010550': previous successful authorization performed from 106.181.133.103
0	10:56:41.602	'120010550': ping to current access point Server 3 is 49.18 ms
1	18:08:52.551	'120010550': datacenter connecting failed [2]
0	18:08:53.042	'120010550': login on PRC-Live through Server 3 (ping: 49.18 ms)
0	18:08:53.819	'120010550': login datacenter on PRC-Live through Server 3 (ping: 49.18 ms)
0	18:08:54.119	'120010550': previous successful authorization performed from 106.181.133.103
0	18:09:18.505	'120010550': ping to current access point Server 3 is 41.85 ms
1	20:22:51.615	'120010550': ping failed
0	20:22:55.370	'120010550': login on PRC-Live through Server 7 (ping: 46.09 ms)
0	20:22:55.892	'120010550': login datacenter on PRC-Live through Server 7 (ping: 46.09 ms)
0	20:22:56.273	'120010550': previous successful authorization performed from 106.181.133.103
0	20:23:14.497	'120010550': auto connecting to a better access point Server 3 (ping is 51.97 ms)
0	20:23:15.170	'120010550': login on PRC-Live through Server 3 (ping: 51.97 ms)
0	20:23:15.855	'120010550': login datacenter on PRC-Live through Server 3 (ping: 51.97 ms)
0	20:23:16.137	'120010550': previous successful authorization performed from 106.181.133.103
0	21:30:39.633	'120010550': login on PRC-Live through Server 3 (ping: 51.97 ms)
0	21:30:40.360	'120010550': login datacenter on PRC-Live through Server 3 (ping: 51.97 ms)
0	21:30:40.687	'120010550': previous successful authorization performed from 106.181.133.103
0	21:30:57.265	'120010550': ping to current access point Server 3 is 51.78 ms
2	23:21:36.569	Custom indicator Laguerre-ACS1 EURUSD,H4: removed
2	23:21:36.571	Custom indicator MACD EURUSD,H4: removed
2	23:21:36.744	Custom indicator 小鱼\Laguerre-ACS1 EURUSD,H4: loaded successfully
2	23:21:36.758	Custom indicator MACD EURUSD,H4: loaded successfully
2	23:21:44.691	Custom indicator Laguerre-ACS1 EURJPY,H1: removed
2	23:21:44.693	Custom indicator MACD EURJPY,H1: removed
2	23:21:44.767	Custom indicator 小鱼\Laguerre-ACS1 EURJPY,H1: loaded successfully
2	23:21:44.777	Custom indicator MACD EURJPY,H1: loaded successfully
0	23:24:05.138	'120010550': one click trading has been enabled
1	23:24:12.360	'120010550': order buy limit 1.00 NDX100 opening at 7394.1 failed [Invalid S/L or T/P]
0	23:57:21.425	'120010550': login on PRC-Live through Server 3 (ping: 53.38 ms)
0	23:57:22.036	'120010550': login datacenter on PRC-Live through Server 3 (ping: 53.38 ms)
0	23:57:22.318	'120010550': previous successful authorization performed from 106.181.139.218
0	23:57:40.251	'120010550': ping to current access point Server 3 is 64.37 ms
