0	01:36:40.417	System to be shutdown, request for close FX Trader
0	01:36:40.970	FX Trader build 1170 stopped because system shutdown
0	17:34:19.412	FX Trader build 1170 started (Performance Ronnaru Capital Ltd.)
0	17:34:19.413	Windows 10 Home x64, IE 11, UAC, 8 x Intel Core i7-6700HQ  @ 2.60GHz, Memory: 24991 / 32639 Mb, Disk: 146 / 264 Gb, GMT+9
0	17:34:19.413	Data Folder: C:\Users\tiany\AppData\Roaming\MetaQuotes\Terminal\79214103E7A6FC97F86082D309D0B84B
2	17:34:21.417	Custom indicator 小鱼\Laguerre-ACS1 USDJPY.,H4: loaded successfully
2	17:34:21.428	Custom indicator MACD USDJPY.,H4: loaded successfully
2	17:34:21.537	Custom indicator 小鱼\Laguerre-ACS1 EURJPY.,H4: loaded successfully
2	17:34:21.547	Custom indicator MACD EURJPY.,H4: loaded successfully
2	17:34:21.659	Custom indicator 小鱼\Laguerre-ACS1 EURUSD.,H4: loaded successfully
2	17:34:21.670	Custom indicator MACD EURUSD.,H4: loaded successfully
2	17:34:21.792	Custom indicator 小鱼\Laguerre-ACS1 GBPUSD.,H4: loaded successfully
2	17:34:21.802	Custom indicator MACD GBPUSD.,H4: loaded successfully
2	17:34:21.914	Custom indicator 小鱼\Laguerre-ACS1 GBPJPY.,H4: loaded successfully
2	17:34:21.924	Custom indicator MACD GBPJPY.,H4: loaded successfully
2	17:34:22.046	Custom indicator 小鱼\Laguerre-ACS1 JP225,H4: loaded successfully
2	17:34:22.056	Custom indicator MACD JP225,H4: loaded successfully
2	17:34:22.168	Custom indicator 小鱼\Laguerre-ACS1 NDX100,Daily: loaded successfully
2	17:34:22.178	Custom indicator MACD NDX100,Daily: loaded successfully
2	17:34:22.294	Custom indicator 小鱼\Laguerre-ACS1 SPX500,H4: loaded successfully
2	17:34:22.305	Custom indicator MACD SPX500,H4: loaded successfully
2	17:34:22.417	Custom indicator 小鱼\Laguerre-ACS1 A50,Daily: loaded successfully
2	17:34:22.427	Custom indicator MACD A50,Daily: loaded successfully
2	17:34:22.544	Custom indicator 小鱼\Laguerre-ACS1 XAUUSD.,H1: loaded successfully
2	17:34:22.554	Custom indicator MACD XAUUSD.,H1: loaded successfully
2	17:34:22.676	Custom indicator 小鱼\Laguerre-ACS1 US_OIL,Daily: loaded successfully
2	17:34:22.686	Custom indicator MACD US_OIL,Daily: loaded successfully
0	17:34:24.633	'120010550': login on PRC-Live through Server 7 (ping: 39.46 ms)
0	17:34:25.824	'120010550': login datacenter on PRC-Live through Server 7 (ping: 39.46 ms)
0	17:34:26.360	'120010550': previous successful authorization performed from 106.181.132.196
0	17:34:42.551	'120010550': auto connecting to a better access point Server 3 (ping is 41.21 ms)
0	17:34:42.970	'120010550': login on PRC-Live through Server 3 (ping: 41.21 ms)
0	17:34:43.533	'120010550': login datacenter on PRC-Live through Server 3 (ping: 41.21 ms)
0	17:34:43.898	'120010550': previous successful authorization performed from 106.181.141.115
1	20:28:54.589	'120010550': ping failed
0	20:28:58.498	'120010550': login on PRC-Live through Server 7 (ping: 59.15 ms)
0	20:29:01.349	'120010550': login datacenter on PRC-Live through Server 7 (ping: 59.15 ms)
0	20:29:01.956	'120010550': previous successful authorization performed from 106.181.136.148
0	20:29:18.492	'120010550': auto connecting to a better access point Server 3 (ping is 32.81 ms)
0	20:29:19.069	'120010550': login on PRC-Live through Server 3 (ping: 32.81 ms)
0	20:29:19.815	'120010550': login datacenter on PRC-Live through Server 3 (ping: 32.81 ms)
0	20:29:20.136	'120010550': previous successful authorization performed from 106.181.136.148
1	22:49:12.567	'120010550': ping failed
0	22:49:16.172	'120010550': login on PRC-Live through Server 7 (ping: 75.77 ms)
0	22:49:17.183	'120010550': login datacenter on PRC-Live through Server 7 (ping: 75.77 ms)
0	22:49:17.718	'120010550': previous successful authorization performed from 106.181.136.148
0	22:49:34.507	'120010550': auto connecting to a better access point Server 3 (ping is 62.07 ms)
0	22:49:34.965	'120010550': login on PRC-Live through Server 3 (ping: 62.07 ms)
0	22:49:35.629	'120010550': login datacenter on PRC-Live through Server 3 (ping: 62.07 ms)
0	22:49:36.018	'120010550': previous successful authorization performed from 106.181.136.148
