0	00:36:47.848	System to be shutdown, request for close FX Trader
0	00:36:48.353	FX Trader build 1170 stopped because system shutdown
0	22:36:13.334	FX Trader build 1170 started (Performance Ronnaru Capital Ltd.)
0	22:36:13.335	Windows 10 Home x64, IE 11, UAC, 8 x Intel Core i7-6700HQ  @ 2.60GHz, Memory: 24465 / 32639 Mb, Disk: 152 / 264 Gb, GMT+9
0	22:36:13.335	Data Folder: C:\Users\tiany\AppData\Roaming\MetaQuotes\Terminal\79214103E7A6FC97F86082D309D0B84B
2	22:36:15.164	Custom indicator 小鱼\Laguerre-ACS1 USDJPY,H4: loaded successfully
2	22:36:15.175	Custom indicator MACD USDJPY,H4: loaded successfully
2	22:36:15.316	Custom indicator 小鱼\Laguerre-ACS1 EURJPY,H4: loaded successfully
2	22:36:15.327	Custom indicator MACD EURJPY,H4: loaded successfully
2	22:36:15.464	Custom indicator 小鱼\Laguerre-ACS1 EURUSD,H4: loaded successfully
2	22:36:15.474	Custom indicator MACD EURUSD,H4: loaded successfully
2	22:36:15.637	Custom indicator 小鱼\Laguerre-ACS1 GBPUSD,H4: loaded successfully
2	22:36:15.649	Custom indicator MACD GBPUSD,H4: loaded successfully
2	22:36:15.766	Custom indicator 小鱼\Laguerre-ACS1 GBPJPY,H4: loaded successfully
2	22:36:15.777	Custom indicator MACD GBPJPY,H4: loaded successfully
2	22:36:15.892	Custom indicator 小鱼\Laguerre-ACS1 JP225,H4: loaded successfully
2	22:36:15.903	Custom indicator MACD JP225,H4: loaded successfully
2	22:36:16.018	Custom indicator 小鱼\Laguerre-ACS1 NDX100,Daily: loaded successfully
2	22:36:16.030	Custom indicator MACD NDX100,Daily: loaded successfully
2	22:36:16.147	Custom indicator 小鱼\Laguerre-ACS1 SPX500,Daily: loaded successfully
2	22:36:16.158	Custom indicator MACD SPX500,Daily: loaded successfully
2	22:36:16.280	Custom indicator 小鱼\Laguerre-ACS1 A50,Daily: loaded successfully
2	22:36:16.291	Custom indicator MACD A50,Daily: loaded successfully
2	22:36:16.408	Custom indicator 小鱼\Laguerre-ACS1 CHINA300,Daily: loaded successfully
2	22:36:16.418	Custom indicator MACD CHINA300,Daily: loaded successfully
2	22:36:16.574	Custom indicator 小鱼\Laguerre-ACS1 XAUUSD,Daily: loaded successfully
2	22:36:16.585	Custom indicator MACD XAUUSD,Daily: loaded successfully
2	22:36:16.704	Custom indicator 小鱼\Laguerre-ACS1 US_OIL,Daily: loaded successfully
2	22:36:16.714	Custom indicator MACD US_OIL,Daily: loaded successfully
0	22:36:17.841	'120010550': login on PRC-Live through Server 7 (ping: 30.03 ms)
0	22:36:18.778	'120010550': login datacenter on PRC-Live through Server 7 (ping: 30.03 ms)
0	22:36:19.133	'120010550': previous successful authorization performed from 106.181.139.128
0	22:36:35.001	'120010550': auto connecting to a better access point Server 3 (ping is 46.74 ms)
0	22:36:35.579	'120010550': login on PRC-Live through Server 3 (ping: 46.74 ms)
0	22:36:36.206	'120010550': login datacenter on PRC-Live through Server 3 (ping: 46.74 ms)
0	22:36:36.452	'120010550': previous successful authorization performed from 106.181.135.111
