2	00:00:29.412	Custom indicator SupResZone_MTF USDCAD.,H1: removed
2	00:00:29.414	Custom indicator SupResZone_MTF USDCAD.,H1: removed
2	00:00:29.416	Custom indicator SupResZone_MTF USDCAD.,H1: removed
2	00:00:29.418	Custom indicator SupResZone_MTF USDCAD.,H1: removed
2	00:00:29.419	Custom indicator MACD-2x USDCAD.,H1: removed
2	00:00:29.419	Custom indicator Laguerre-ACS1 USDCAD.,H1: removed
2	00:00:29.430	Custom indicator SupResZone_MTF USDCAD.,H1: loaded successfully
2	00:00:29.441	Custom indicator SupResZone_MTF USDCAD.,H1: loaded successfully
2	00:00:29.453	Custom indicator SupResZone_MTF USDCAD.,H1: loaded successfully
2	00:00:29.464	Custom indicator SupResZone_MTF USDCAD.,H1: loaded successfully
2	00:00:29.478	Custom indicator MACD-2x USDCAD.,H1: loaded successfully
2	00:00:29.563	Custom indicator Laguerre-ACS1 USDCAD.,H1: loaded successfully
2	00:00:44.066	Custom indicator SupResZone_MTF USDCHF.,H1: removed
2	00:00:44.068	Custom indicator SupResZone_MTF USDCHF.,H1: removed
2	00:00:44.070	Custom indicator SupResZone_MTF USDCHF.,H1: removed
2	00:00:44.071	Custom indicator SupResZone_MTF USDCHF.,H1: removed
2	00:00:44.073	Custom indicator MACD-2x USDCHF.,H1: removed
2	00:00:44.073	Custom indicator Laguerre-ACS1 USDCHF.,H1: removed
2	00:00:44.084	Custom indicator SupResZone_MTF USDCHF.,H1: loaded successfully
2	00:00:44.099	Custom indicator SupResZone_MTF USDCHF.,H1: loaded successfully
2	00:00:44.109	Custom indicator SupResZone_MTF USDCHF.,H1: loaded successfully
2	00:00:44.123	Custom indicator SupResZone_MTF USDCHF.,H1: loaded successfully
2	00:00:44.135	Custom indicator MACD-2x USDCHF.,H1: loaded successfully
2	00:00:44.217	Custom indicator Laguerre-ACS1 USDCHF.,H1: loaded successfully
0	00:23:50.463	'120010550': order sell market 0.01 EURAUD. sl: 0.00000 tp: 0.00000
0	00:23:51.050	'120010550': order was opened : #10945005 sell 0.01 EURAUD. at 1.62242 sl: 0.00000 tp: 0.00000
0	00:23:58.189	'120010550': modify order #10945005 sell 0.01 EURAUD. at 1.62242 sl: 0.00000 tp: 0.00000 -> sl: 1.62666 tp: 0.00000
0	00:23:59.068	'120010550': order #10945005 sell 0.01 EURAUD. at 1.62242 was modified -> sl: 1.62666 tp: 0.00000
0	00:24:03.035	'120010550': modify order #10945005 sell 0.01 EURAUD. at 1.62242 sl: 1.62666 tp: 0.00000 -> sl: 1.62726 tp: 0.00000
0	00:24:04.071	'120010550': order #10945005 sell 0.01 EURAUD. at 1.62242 was modified -> sl: 1.62726 tp: 0.00000
0	01:20:50.477	'120010550': modify order #10938722 sell 0.01 XAGUSD. at 14.428 sl: 14.570 tp: 0.000 -> sl: 14.565 tp: 0.000
0	01:20:51.092	'120010550': order #10938722 sell 0.01 XAGUSD. at 14.428 was modified -> sl: 14.565 tp: 0.000
0	01:22:35.038	'120010550': order buy market 0.01 USDCHF. sl: 0.00000 tp: 0.00000
0	01:22:36.112	'120010550': order was opened : #10945198 buy 0.01 USDCHF. at 1.01092 sl: 0.00000 tp: 0.00000
0	01:22:41.693	'120010550': modify order #10945198 buy 0.01 USDCHF. at 1.01092 sl: 0.00000 tp: 0.00000 -> sl: 1.00793 tp: 0.00000
0	01:22:42.143	'120010550': order #10945198 buy 0.01 USDCHF. at 1.01092 was modified -> sl: 1.00793 tp: 0.00000
0	01:22:46.278	'120010550': modify order #10945198 buy 0.01 USDCHF. at 1.01092 sl: 1.00793 tp: 0.00000 -> sl: 1.00793 tp: 1.01402
0	01:22:46.738	'120010550': order #10945198 buy 0.01 USDCHF. at 1.01092 was modified -> sl: 1.00793 tp: 1.01402
0	01:27:16.091	'120010550': modify order #10940583 buy 0.01 AUDJPY. at 76.331 sl: 0.000 tp: 77.010 -> sl: 0.000 tp: 76.438
0	01:27:17.178	'120010550': order #10940583 buy 0.01 AUDJPY. at 76.331 was modified -> sl: 0.000 tp: 76.438
0	01:27:47.752	'120010550': modify order #10945005 sell 0.01 EURAUD. at 1.62242 sl: 1.62726 tp: 0.00000 -> sl: 1.62726 tp: 1.61968
0	01:27:48.042	'120010550': order #10945005 sell 0.01 EURAUD. at 1.62242 was modified -> sl: 1.62726 tp: 1.61968
0	01:27:51.081	'120010550': modify order #10945005 sell 0.01 EURAUD. at 1.62242 sl: 1.62726 tp: 1.61968 -> sl: 1.62726 tp: 1.61931
0	01:27:51.452	'120010550': order #10945005 sell 0.01 EURAUD. at 1.62242 was modified -> sl: 1.62726 tp: 1.61931
0	01:27:57.039	'120010550': modify order #10945005 sell 0.01 EURAUD. at 1.62242 sl: 1.62726 tp: 1.61931 -> sl: 1.62726 tp: 1.61982
0	01:27:58.049	'120010550': order #10945005 sell 0.01 EURAUD. at 1.62242 was modified -> sl: 1.62726 tp: 1.61982
0	01:41:56.798	'120010550': modify order #10938722 sell 0.01 XAGUSD. at 14.428 sl: 14.565 tp: 0.000 -> sl: 14.557 tp: 0.000
0	01:41:57.138	'120010550': order #10938722 sell 0.01 XAGUSD. at 14.428 was modified -> sl: 14.557 tp: 0.000
0	01:42:00.098	'120010550': modify order #10938722 sell 0.01 XAGUSD. at 14.428 sl: 14.557 tp: 0.000 -> sl: 14.551 tp: 0.000
0	01:42:01.166	'120010550': order #10938722 sell 0.01 XAGUSD. at 14.428 was modified -> sl: 14.551 tp: 0.000
0	01:42:04.268	'120010550': modify order #10938722 sell 0.01 XAGUSD. at 14.428 sl: 14.551 tp: 0.000 -> sl: 14.541 tp: 0.000
0	01:42:04.574	'120010550': order #10938722 sell 0.01 XAGUSD. at 14.428 was modified -> sl: 14.541 tp: 0.000
0	01:42:16.706	'120010550': modify order #10944200 sell 0.01 XAUUSD. at 1271.51 sl: 0.00 tp: 0.00 -> sl: 1288.35 tp: 0.00
0	01:42:17.183	'120010550': order #10944200 sell 0.01 XAUUSD. at 1271.51 was modified -> sl: 1288.35 tp: 0.00
0	01:42:23.355	'120010550': modify order #10944556 sell 0.01 XAUUSD. at 1269.70 sl: 0.00 tp: 0.00 -> sl: 1287.38 tp: 0.00
0	01:42:24.010	'120010550': order #10944556 sell 0.01 XAUUSD. at 1269.70 was modified -> sl: 1287.38 tp: 0.00
0	01:42:25.890	'120010550': modify order #10944200 sell 0.01 XAUUSD. at 1271.51 sl: 1288.35 tp: 0.00 -> sl: 1286.36 tp: 0.00
0	01:42:26.227	'120010550': order #10944200 sell 0.01 XAUUSD. at 1271.51 was modified -> sl: 1286.36 tp: 0.00
0	01:42:35.107	'120010550': modify order #10944200 sell 0.01 XAUUSD. at 1271.51 sl: 1286.36 tp: 0.00 -> sl: 1280.32 tp: 0.00
0	01:42:36.025	'120010550': order #10944200 sell 0.01 XAUUSD. at 1271.51 was modified -> sl: 1280.32 tp: 0.00
2	01:44:28.780	Custom indicator MACD-2x USDXXX,H1: removed
2	01:44:28.780	Custom indicator Laguerre-ACS1 USDXXX,H1: removed
2	01:44:28.788	Custom indicator SupResZone_MTF XAUUSD.,H1: removed
2	01:44:28.789	Custom indicator SupResZone_MTF XAUUSD.,H1: removed
2	01:44:28.791	Custom indicator SupResZone_MTF XAUUSD.,H1: removed
2	01:44:28.793	Custom indicator SupResZone_MTF XAUUSD.,H1: removed
2	01:44:28.796	Custom indicator MACD-2x XAUUSD.,H1: removed
2	01:44:28.796	Custom indicator Laguerre-ACS1 XAUUSD.,H1: removed
2	01:44:28.804	Custom indicator SupResZone_MTF XAGUSD.,H1: removed
2	01:44:28.806	Custom indicator SupResZone_MTF XAGUSD.,H1: removed
2	01:44:28.808	Custom indicator SupResZone_MTF XAGUSD.,H1: removed
2	01:44:28.810	Custom indicator SupResZone_MTF XAGUSD.,H1: removed
2	01:44:28.813	Custom indicator MACD-2x XAGUSD.,H1: removed
2	01:44:28.813	Custom indicator Laguerre-ACS1 XAGUSD.,H1: removed
2	01:44:28.847	Custom indicator SupResZone_MTF US_OIL,H1: removed
2	01:44:28.850	Custom indicator SupResZone_MTF US_OIL,H1: removed
2	01:44:28.852	Custom indicator SupResZone_MTF US_OIL,H1: removed
2	01:44:28.853	Custom indicator SupResZone_MTF US_OIL,H1: removed
2	01:44:28.857	Custom indicator MACD-2x US_OIL,H1: removed
2	01:44:28.857	Custom indicator Laguerre-ACS1 US_OIL,H1: removed
2	01:44:28.866	Custom indicator SupResZone_MTF JP225,H1: removed
2	01:44:28.867	Custom indicator SupResZone_MTF JP225,H1: removed
2	01:44:28.869	Custom indicator SupResZone_MTF JP225,H1: removed
2	01:44:28.871	Custom indicator SupResZone_MTF JP225,H1: removed
2	01:44:28.873	Custom indicator MACD-2x JP225,H1: removed
2	01:44:28.874	Custom indicator Laguerre-ACS1 JP225,H1: removed
2	01:44:28.882	Custom indicator SupResZone_MTF SPX500,H1: removed
2	01:44:28.883	Custom indicator SupResZone_MTF SPX500,H1: removed
2	01:44:28.885	Custom indicator SupResZone_MTF SPX500,H1: removed
2	01:44:28.888	Custom indicator SupResZone_MTF SPX500,H1: removed
2	01:44:28.890	Custom indicator MACD-2x SPX500,H1: removed
2	01:44:28.890	Custom indicator Laguerre-ACS1 SPX500,H1: removed
2	01:44:28.899	Custom indicator SupResZone_MTF EURAUD.,H1: removed
2	01:44:28.901	Custom indicator SupResZone_MTF EURAUD.,H1: removed
2	01:44:28.903	Custom indicator SupResZone_MTF EURAUD.,H1: removed
2	01:44:28.905	Custom indicator SupResZone_MTF EURAUD.,H1: removed
2	01:44:28.906	Custom indicator MACD-2x EURAUD.,H1: removed
2	01:44:28.907	Custom indicator Laguerre-ACS1 EURAUD.,H1: removed
2	01:44:28.914	Custom indicator SupResZone_MTF AUDJPY.,H1: removed
2	01:44:28.915	Custom indicator SupResZone_MTF AUDJPY.,H1: removed
2	01:44:28.917	Custom indicator SupResZone_MTF AUDJPY.,H1: removed
2	01:44:28.919	Custom indicator SupResZone_MTF AUDJPY.,H1: removed
2	01:44:28.920	Custom indicator MACD-2x AUDJPY.,H1: removed
2	01:44:28.920	Custom indicator Laguerre-ACS1 AUDJPY.,H1: removed
2	01:44:28.928	Custom indicator SupResZone_MTF AUDUSD.,H1: removed
2	01:44:28.930	Custom indicator SupResZone_MTF AUDUSD.,H1: removed
2	01:44:28.931	Custom indicator SupResZone_MTF AUDUSD.,H1: removed
2	01:44:28.934	Custom indicator SupResZone_MTF AUDUSD.,H1: removed
2	01:44:28.935	Custom indicator MACD-2x AUDUSD.,H1: removed
2	01:44:28.936	Custom indicator Laguerre-ACS1 AUDUSD.,H1: removed
2	01:44:28.944	Custom indicator SupResZone_MTF USDJPY.,H1: removed
2	01:44:28.946	Custom indicator SupResZone_MTF USDJPY.,H1: removed
2	01:44:28.948	Custom indicator SupResZone_MTF USDJPY.,H1: removed
2	01:44:28.950	Custom indicator SupResZone_MTF USDJPY.,H1: removed
2	01:44:28.952	Custom indicator MACD-2x USDJPY.,H1: removed
2	01:44:28.952	Custom indicator Laguerre-ACS1 USDJPY.,H1: removed
2	01:44:28.974	Custom indicator SupResZone_MTF EURJPY.,H1: removed
2	01:44:28.976	Custom indicator SupResZone_MTF EURJPY.,H1: removed
2	01:44:28.978	Custom indicator SupResZone_MTF EURJPY.,H1: removed
2	01:44:28.981	Custom indicator SupResZone_MTF EURJPY.,H1: removed
2	01:44:28.983	Custom indicator MACD-2x EURJPY.,H1: removed
2	01:44:28.983	Custom indicator Laguerre-ACS1 EURJPY.,H1: removed
2	01:44:29.005	Custom indicator SupResZone_MTF EURUSD.,H1: removed
2	01:44:29.007	Custom indicator SupResZone_MTF EURUSD.,H1: removed
2	01:44:29.009	Custom indicator SupResZone_MTF EURUSD.,H1: removed
2	01:44:29.010	Custom indicator SupResZone_MTF EURUSD.,H1: removed
2	01:44:29.012	Custom indicator MACD-2x EURUSD.,H1: removed
2	01:44:29.012	Custom indicator Laguerre-ACS1 EURUSD.,H1: removed
2	01:44:29.030	Custom indicator SupResZone_MTF GBPUSD.,H1: removed
2	01:44:29.031	Custom indicator SupResZone_MTF GBPUSD.,H1: removed
2	01:44:29.032	Custom indicator SupResZone_MTF GBPUSD.,H1: removed
2	01:44:29.034	Custom indicator SupResZone_MTF GBPUSD.,H1: removed
2	01:44:29.036	Custom indicator MACD-2x GBPUSD.,H1: removed
2	01:44:29.036	Custom indicator Laguerre-ACS1 GBPUSD.,H1: removed
2	01:44:29.057	Custom indicator SupResZone_MTF USDCAD.,H1: removed
2	01:44:29.058	Custom indicator SupResZone_MTF USDCAD.,H1: removed
2	01:44:29.060	Custom indicator SupResZone_MTF USDCAD.,H1: removed
2	01:44:29.062	Custom indicator SupResZone_MTF USDCAD.,H1: removed
2	01:44:29.063	Custom indicator MACD-2x USDCAD.,H1: removed
2	01:44:29.063	Custom indicator Laguerre-ACS1 USDCAD.,H1: removed
2	01:44:29.081	Custom indicator SupResZone_MTF USDCHF.,H1: removed
2	01:44:29.083	Custom indicator SupResZone_MTF USDCHF.,H1: removed
2	01:44:29.085	Custom indicator SupResZone_MTF USDCHF.,H1: removed
2	01:44:29.087	Custom indicator SupResZone_MTF USDCHF.,H1: removed
2	01:44:29.089	Custom indicator MACD-2x USDCHF.,H1: removed
2	01:44:29.089	Custom indicator Laguerre-ACS1 USDCHF.,H1: removed
2	01:44:29.107	Custom indicator GMMA Long USDJPY.,H1: removed
2	01:44:29.109	Custom indicator GMMA Short USDJPY.,H1: removed
2	01:44:29.112	Custom indicator 23MTF_MovingAverageIGOR USDJPY.,H1: removed
2	01:44:29.114	Custom indicator 23MTF_MovingAverageIGOR USDJPY.,H1: removed
2	01:44:29.116	Custom indicator SupResZone_MTF USDJPY.,H1: removed
2	01:44:29.118	Custom indicator SupResZone_MTF USDJPY.,H1: removed
2	01:44:29.120	Custom indicator MACD-2x USDJPY.,H1: removed
2	01:44:29.131	Custom indicator MACD-2x USDCNH,Daily: removed
2	01:44:29.134	Custom indicator MACD-2x USDCNH,Daily: removed
2	01:44:29.134	Custom indicator Laguerre-ACS1 USDCNH,Daily: removed
0	01:44:29.574	FX Trader build 1170 stopped
0	21:54:18.853	FX Trader build 1170 started (Performance Ronnaru Capital Ltd.)
0	21:54:18.854	Windows 10 Home x64, IE 11, UAC, 8 x Intel Core i7-6700HQ  @ 2.60GHz, Memory: 24358 / 32639 Mb, Disk: 140 / 264 Gb, GMT+9
0	21:54:18.854	Data Folder: C:\Users\tiany\AppData\Roaming\MetaQuotes\Terminal\79214103E7A6FC97F86082D309D0B84B
2	21:54:20.783	Custom indicator MACD-2x USDXXX,H1: loaded successfully
2	21:54:20.874	Custom indicator Laguerre-ACS1 USDXXX,H1: loaded successfully
2	21:54:20.931	Custom indicator SupResZone_MTF XAUUSD.,H1: loaded successfully
2	21:54:20.942	Custom indicator SupResZone_MTF XAUUSD.,H1: loaded successfully
2	21:54:20.953	Custom indicator SupResZone_MTF XAUUSD.,H1: loaded successfully
2	21:54:20.962	Custom indicator SupResZone_MTF XAUUSD.,H1: loaded successfully
2	21:54:20.973	Custom indicator MACD-2x XAUUSD.,H1: loaded successfully
2	21:54:21.043	Custom indicator Laguerre-ACS1 XAUUSD.,H1: loaded successfully
2	21:54:21.319	Custom indicator SupResZone_MTF XAGUSD.,H1: loaded successfully
2	21:54:21.330	Custom indicator SupResZone_MTF XAGUSD.,H1: loaded successfully
2	21:54:21.340	Custom indicator SupResZone_MTF XAGUSD.,H1: loaded successfully
2	21:54:21.351	Custom indicator SupResZone_MTF XAGUSD.,H1: loaded successfully
2	21:54:21.362	Custom indicator MACD-2x XAGUSD.,H1: loaded successfully
2	21:54:21.438	Custom indicator Laguerre-ACS1 XAGUSD.,H1: loaded successfully
2	21:54:21.640	Custom indicator SupResZone_MTF US_OIL,H1: loaded successfully
2	21:54:21.651	Custom indicator SupResZone_MTF US_OIL,H1: loaded successfully
2	21:54:21.664	Custom indicator SupResZone_MTF US_OIL,H1: loaded successfully
2	21:54:21.675	Custom indicator SupResZone_MTF US_OIL,H1: loaded successfully
2	21:54:21.685	Custom indicator MACD-2x US_OIL,H1: loaded successfully
2	21:54:21.760	Custom indicator Laguerre-ACS1 US_OIL,H1: loaded successfully
2	21:54:22.048	Custom indicator SupResZone_MTF JP225,H1: loaded successfully
2	21:54:22.063	Custom indicator SupResZone_MTF JP225,H1: loaded successfully
2	21:54:22.083	Custom indicator SupResZone_MTF JP225,H1: loaded successfully
2	21:54:22.097	Custom indicator SupResZone_MTF JP225,H1: loaded successfully
2	21:54:22.111	Custom indicator MACD-2x JP225,H1: loaded successfully
2	21:54:22.206	Custom indicator Laguerre-ACS1 JP225,H1: loaded successfully
2	21:54:22.582	Custom indicator SupResZone_MTF SPX500,H1: loaded successfully
2	21:54:22.597	Custom indicator SupResZone_MTF SPX500,H1: loaded successfully
2	21:54:22.618	Custom indicator SupResZone_MTF SPX500,H1: loaded successfully
2	21:54:22.631	Custom indicator SupResZone_MTF SPX500,H1: loaded successfully
2	21:54:22.641	Custom indicator MACD-2x SPX500,H1: loaded successfully
2	21:54:22.715	Custom indicator Laguerre-ACS1 SPX500,H1: loaded successfully
2	21:54:23.008	Custom indicator SupResZone_MTF EURAUD.,H1: loaded successfully
2	21:54:23.019	Custom indicator SupResZone_MTF EURAUD.,H1: loaded successfully
2	21:54:23.029	Custom indicator SupResZone_MTF EURAUD.,H1: loaded successfully
2	21:54:23.040	Custom indicator SupResZone_MTF EURAUD.,H1: loaded successfully
2	21:54:23.050	Custom indicator MACD-2x EURAUD.,H1: loaded successfully
2	21:54:23.138	Custom indicator Laguerre-ACS1 EURAUD.,H1: loaded successfully
2	21:54:23.387	Custom indicator SupResZone_MTF AUDJPY.,H1: loaded successfully
2	21:54:23.399	Custom indicator SupResZone_MTF AUDJPY.,H1: loaded successfully
2	21:54:23.411	Custom indicator SupResZone_MTF AUDJPY.,H1: loaded successfully
2	21:54:23.422	Custom indicator SupResZone_MTF AUDJPY.,H1: loaded successfully
2	21:54:23.433	Custom indicator MACD-2x AUDJPY.,H1: loaded successfully
2	21:54:23.518	Custom indicator Laguerre-ACS1 AUDJPY.,H1: loaded successfully
2	21:54:23.728	Custom indicator SupResZone_MTF AUDUSD.,H1: loaded successfully
2	21:54:23.739	Custom indicator SupResZone_MTF AUDUSD.,H1: loaded successfully
2	21:54:23.754	Custom indicator SupResZone_MTF AUDUSD.,H1: loaded successfully
2	21:54:23.766	Custom indicator SupResZone_MTF AUDUSD.,H1: loaded successfully
2	21:54:23.776	Custom indicator MACD-2x AUDUSD.,H1: loaded successfully
2	21:54:23.854	Custom indicator Laguerre-ACS1 AUDUSD.,H1: loaded successfully
2	21:54:24.055	Custom indicator SupResZone_MTF USDJPY.,H1: loaded successfully
2	21:54:24.065	Custom indicator SupResZone_MTF USDJPY.,H1: loaded successfully
2	21:54:24.076	Custom indicator SupResZone_MTF USDJPY.,H1: loaded successfully
2	21:54:24.087	Custom indicator SupResZone_MTF USDJPY.,H1: loaded successfully
2	21:54:24.099	Custom indicator MACD-2x USDJPY.,H1: loaded successfully
2	21:54:24.178	Custom indicator Laguerre-ACS1 USDJPY.,H1: loaded successfully
2	21:54:24.468	Custom indicator SupResZone_MTF EURJPY.,H1: loaded successfully
2	21:54:24.491	Custom indicator SupResZone_MTF EURJPY.,H1: loaded successfully
2	21:54:24.501	Custom indicator SupResZone_MTF EURJPY.,H1: loaded successfully
2	21:54:24.512	Custom indicator SupResZone_MTF EURJPY.,H1: loaded successfully
2	21:54:24.523	Custom indicator MACD-2x EURJPY.,H1: loaded successfully
2	21:54:24.595	Custom indicator Laguerre-ACS1 EURJPY.,H1: loaded successfully
2	21:54:24.827	Custom indicator SupResZone_MTF EURUSD.,H1: loaded successfully
2	21:54:24.838	Custom indicator SupResZone_MTF EURUSD.,H1: loaded successfully
2	21:54:24.848	Custom indicator SupResZone_MTF EURUSD.,H1: loaded successfully
2	21:54:24.857	Custom indicator SupResZone_MTF EURUSD.,H1: loaded successfully
2	21:54:24.870	Custom indicator MACD-2x EURUSD.,H1: loaded successfully
2	21:54:24.945	Custom indicator Laguerre-ACS1 EURUSD.,H1: loaded successfully
2	21:54:25.201	Custom indicator SupResZone_MTF GBPUSD.,H1: loaded successfully
2	21:54:25.210	Custom indicator SupResZone_MTF GBPUSD.,H1: loaded successfully
2	21:54:25.220	Custom indicator SupResZone_MTF GBPUSD.,H1: loaded successfully
2	21:54:25.230	Custom indicator SupResZone_MTF GBPUSD.,H1: loaded successfully
2	21:54:25.242	Custom indicator MACD-2x GBPUSD.,H1: loaded successfully
2	21:54:25.315	Custom indicator Laguerre-ACS1 GBPUSD.,H1: loaded successfully
2	21:54:25.605	Custom indicator SupResZone_MTF USDCAD.,H1: loaded successfully
2	21:54:25.617	Custom indicator SupResZone_MTF USDCAD.,H1: loaded successfully
2	21:54:25.629	Custom indicator SupResZone_MTF USDCAD.,H1: loaded successfully
2	21:54:25.640	Custom indicator SupResZone_MTF USDCAD.,H1: loaded successfully
2	21:54:25.651	Custom indicator MACD-2x USDCAD.,H1: loaded successfully
2	21:54:25.808	Custom indicator Laguerre-ACS1 USDCAD.,H1: loaded successfully
2	21:54:26.230	Custom indicator SupResZone_MTF USDCHF.,H1: loaded successfully
2	21:54:26.249	Custom indicator SupResZone_MTF USDCHF.,H1: loaded successfully
2	21:54:26.267	Custom indicator SupResZone_MTF USDCHF.,H1: loaded successfully
2	21:54:26.288	Custom indicator SupResZone_MTF USDCHF.,H1: loaded successfully
2	21:54:26.317	Custom indicator MACD-2x USDCHF.,H1: loaded successfully
2	21:54:26.484	Custom indicator Laguerre-ACS1 USDCHF.,H1: loaded successfully
2	21:54:26.810	Custom indicator GMMA Long USDJPY.,H1: loaded successfully
2	21:54:26.829	Custom indicator GMMA Short USDJPY.,H1: loaded successfully
2	21:54:26.840	Custom indicator 23MTF_MovingAverageIGOR USDJPY.,H1: loaded successfully
2	21:54:26.854	Custom indicator 23MTF_MovingAverageIGOR USDJPY.,H1: loaded successfully
2	21:54:26.878	Custom indicator SupResZone_MTF USDJPY.,H1: loaded successfully
2	21:54:26.895	Custom indicator SupResZone_MTF USDJPY.,H1: loaded successfully
2	21:54:26.912	Custom indicator MACD-2x USDJPY.,H1: loaded successfully
2	21:54:27.199	Custom indicator MACD-2x USDCNH,Daily: loaded successfully
2	21:54:27.209	Custom indicator MACD-2x USDCNH,Daily: loaded successfully
2	21:54:27.314	Custom indicator Laguerre-ACS1 USDCNH,Daily: loaded successfully
0	21:54:30.197	'120010550': login on PRC-Live through Server 3 (ping: 38.10 ms)
0	21:54:32.858	'120010550': login datacenter on PRC-Live through Server 3 (ping: 38.10 ms)
0	21:54:33.219	'120010550': previous successful authorization performed from 106.133.93.152
0	21:54:50.673	'120010550': auto connecting to a better access point Server 7 (ping is 47.33 ms)
0	21:54:51.161	'120010550': login on PRC-Live through Server 7 (ping: 47.33 ms)
0	21:54:51.861	'120010550': login datacenter on PRC-Live through Server 7 (ping: 47.33 ms)
0	21:54:52.118	'120010550': previous successful authorization performed from 106.181.142.211
0	21:54:59.510	'120010550': modify order #10946995 sell 0.01 US_OIL at 62.04 sl: 0.00 tp: 0.00 -> sl: 0.00 tp: 61.55
0	21:55:00.743	'120010550': order #10946995 sell 0.01 US_OIL at 62.04 was modified -> sl: 0.00 tp: 61.55
0	21:55:10.023	'120010550': modify order #10946954 sell 0.01 JP225 at 21214 sl: 0 tp: 0 -> sl: 0 tp: 21166
0	21:55:10.751	'120010550': order #10946954 sell 0.01 JP225 at 21214 was modified -> sl: 0 tp: 21166
0	22:46:58.428	'120010550': modify order #10946995 sell 0.01 US_OIL at 62.04 sl: 0.00 tp: 61.55 -> sl: 0.00 tp: 61.81
0	22:46:58.963	'120010550': order #10946995 sell 0.01 US_OIL at 62.04 was modified -> sl: 0.00 tp: 61.81
0	22:49:21.655	'120010550': modify order #10946825 buy 0.01 EURJPY. at 123.375 sl: 0.000 tp: 0.000 -> sl: 122.975 tp: 0.000
0	22:49:22.692	'120010550': order #10946825 buy 0.01 EURJPY. at 123.375 was modified -> sl: 122.975 tp: 0.000
0	22:49:28.973	'120010550': modify order #10945532 buy 0.01 EURJPY. at 123.430 sl: 0.000 tp: 123.600 -> sl: 122.612 tp: 123.600
0	22:49:29.737	'120010550': order #10945532 buy 0.01 EURJPY. at 123.430 was modified -> sl: 122.612 tp: 123.600
0	22:51:10.620	'120010550': modify order #10944783 buy 0.01 EURJPY. at 123.676 sl: 0.000 tp: 0.000 -> sl: 122.484 tp: 0.000
0	22:51:10.975	'120010550': order #10944783 buy 0.01 EURJPY. at 123.676 was modified -> sl: 122.484 tp: 0.000
0	22:52:31.212	'120010550': order sell market 0.01 GBPUSD. sl: 0.00000 tp: 0.00000
0	22:52:31.761	'120010550': order was opened : #10947279 sell 0.01 GBPUSD. at 1.26251 sl: 0.00000 tp: 0.00000
0	22:52:41.727	'120010550': modify order #10946920 sell 0.01 GBPUSD. at 1.26514 sl: 0.00000 tp: 1.26015 -> sl: 1.29864 tp: 1.26015
0	22:52:42.794	'120010550': order #10946920 sell 0.01 GBPUSD. at 1.26514 was modified -> sl: 1.29864 tp: 1.26015
0	22:52:56.106	'120010550': modify order #10946920 sell 0.01 GBPUSD. at 1.26514 sl: 1.29864 tp: 1.26015 -> sl: 1.29805 tp: 1.26015
0	22:52:56.622	'120010550': order #10946920 sell 0.01 GBPUSD. at 1.26514 was modified -> sl: 1.29805 tp: 1.26015
0	22:53:04.266	'120010550': modify order #10946920 sell 0.01 GBPUSD. at 1.26514 sl: 1.29805 tp: 1.26015 -> sl: 1.28593 tp: 1.26015
0	22:53:04.861	'120010550': order #10946920 sell 0.01 GBPUSD. at 1.26514 was modified -> sl: 1.28593 tp: 1.26015
0	22:53:20.054	'120010550': modify order #10939990 buy 0.01 AUDJPY. at 76.276 sl: 0.000 tp: 76.300 -> sl: 75.540 tp: 76.300
0	22:53:20.691	'120010550': order #10939990 buy 0.01 AUDJPY. at 76.276 was modified -> sl: 75.540 tp: 76.300
0	22:53:29.472	'120010550': modify order #10940583 buy 0.01 AUDJPY. at 76.331 sl: 0.000 tp: 76.438 -> sl: 75.504 tp: 76.438
0	22:53:29.751	'120010550': order #10940583 buy 0.01 AUDJPY. at 76.331 was modified -> sl: 75.504 tp: 76.438
0	22:53:35.289	'120010550': modify order #10940583 buy 0.01 AUDJPY. at 76.331 sl: 75.504 tp: 76.438 -> sl: 75.308 tp: 76.438
0	22:53:35.726	'120010550': order #10940583 buy 0.01 AUDJPY. at 76.331 was modified -> sl: 75.308 tp: 76.438
0	22:53:37.907	'120010550': modify order #10939990 buy 0.01 AUDJPY. at 76.276 sl: 75.540 tp: 76.300 -> sl: 75.329 tp: 76.300
0	22:53:38.734	'120010550': order #10939990 buy 0.01 AUDJPY. at 76.276 was modified -> sl: 75.329 tp: 76.300
0	22:53:48.760	'120010550': modify order #10939990 buy 0.01 AUDJPY. at 76.276 sl: 75.329 tp: 76.300 -> sl: 75.113 tp: 76.300
0	22:53:49.790	'120010550': order #10939990 buy 0.01 AUDJPY. at 76.276 was modified -> sl: 75.113 tp: 76.300
0	22:55:01.314	'120010550': modify order #10946954 sell 0.01 JP225 at 21214 sl: 0 tp: 21166 -> sl: 0 tp: 21188
0	22:55:01.539	'120010550': order #10946954 sell 0.01 JP225 at 21214 was modified -> sl: 0 tp: 21188
0	23:14:19.150	'120010550': order sell market 0.01 AUDUSD. sl: 0.00000 tp: 0.00000
0	23:14:19.648	'120010550': order was opened : #10947361 sell 0.01 AUDUSD. at 0.68783 sl: 0.00000 tp: 0.00000
0	23:15:02.723	'120010550': modify order #10947361 sell 0.01 AUDUSD. at 0.68783 sl: 0.00000 tp: 0.00000 -> sl: 0.00000 tp: 0.68701
0	23:15:02.931	'120010550': order #10947361 sell 0.01 AUDUSD. at 0.68783 was modified -> sl: 0.00000 tp: 0.68701
0	23:39:44.582	'120010550': order #10946995 sell 0.01 US_OIL at 62.04 closed due take-profit at price 61.81
0	23:54:55.378	'120010550': modify order #10946954 sell 0.01 JP225 at 21214 sl: 0 tp: 21188 -> sl: 0 tp: 21156
0	23:54:55.725	'120010550': order #10946954 sell 0.01 JP225 at 21214 was modified -> sl: 0 tp: 21156
0	23:55:28.772	'120010550': order sell market 0.03 AUDJPY. sl: 0.000 tp: 0.000
0	23:55:29.174	'120010550': order was opened : #10947524 sell 0.03 AUDJPY. at 75.872 sl: 0.000 tp: 0.000
0	23:55:36.540	'120010550': modify order #10947524 sell 0.03 AUDJPY. at 75.872 sl: 0.000 tp: 0.000 -> sl: 0.000 tp: 75.680
0	23:55:37.828	'120010550': order #10947524 sell 0.03 AUDJPY. at 75.872 was modified -> sl: 0.000 tp: 75.680
0	23:56:08.342	'120010550': modify order #10947361 sell 0.01 AUDUSD. at 0.68783 sl: 0.00000 tp: 0.68701 -> sl: 0.00000 tp: 0.68684
0	23:56:08.897	'120010550': order #10947361 sell 0.01 AUDUSD. at 0.68783 was modified -> sl: 0.00000 tp: 0.68684
0	23:56:41.484	'120010550': order sell market 0.03 EURJPY. sl: 0.000 tp: 0.000
0	23:56:42.773	'120010550': order was opened : #10947528 sell 0.03 EURJPY. at 123.037 sl: 0.000 tp: 0.000
0	23:56:49.526	'120010550': modify order #10947528 sell 0.03 EURJPY. at 123.037 sl: 0.000 tp: 0.000 -> sl: 0.000 tp: 122.591
0	23:56:49.973	'120010550': order #10947528 sell 0.03 EURJPY. at 123.037 was modified -> sl: 0.000 tp: 122.591
0	23:57:08.679	'120010550': order sell market 0.02 EURUSD. sl: 0.00000 tp: 0.00000
0	23:57:08.854	'120010550': order was opened : #10947529 sell 0.02 EURUSD. at 1.11566 sl: 0.00000 tp: 0.00000
0	23:58:12.437	'120010550': modify order #10947524 sell 0.03 AUDJPY. at 75.872 sl: 0.000 tp: 75.680 -> sl: 0.000 tp: 75.482
0	23:58:13.005	'120010550': order #10947524 sell 0.03 AUDJPY. at 75.872 was modified -> sl: 0.000 tp: 75.482
0	23:58:31.860	'120010550': modify order #10940590 sell 0.01 EURAUD. at 1.61022 sl: 0.00000 tp: 1.61022 -> sl: 0.00000 tp: 1.60624
0	23:58:32.628	'120010550': order #10940590 sell 0.01 EURAUD. at 1.61022 was modified -> sl: 0.00000 tp: 1.60624
1	23:58:42.661	'120010550': modification of order #10940590 sell 0.01 EURAUD. at 1.61022 sl: 0.00000 tp: 1.60624 -> sl: 0.00000 tp: 1.62776 failed [Invalid S/L or T/P]
0	23:58:47.555	'120010550': modify order #10940590 sell 0.01 EURAUD. at 1.61022 sl: 0.00000 tp: 1.60624 -> sl: 0.00000 tp: 1.60820
0	23:58:48.690	'120010550': order #10940590 sell 0.01 EURAUD. at 1.61022 was modified -> sl: 0.00000 tp: 1.60820
0	23:58:55.577	'120010550': modify order #10940590 sell 0.01 EURAUD. at 1.61022 sl: 0.00000 tp: 1.60820 -> sl: 1.62776 tp: 1.60820
0	23:58:56.713	'120010550': order #10940590 sell 0.01 EURAUD. at 1.61022 was modified -> sl: 1.62776 tp: 1.60820
0	23:58:59.044	'120010550': modify order #10940590 sell 0.01 EURAUD. at 1.61022 sl: 1.62776 tp: 1.60820 -> sl: 1.62776 tp: 1.60871
0	23:58:59.916	'120010550': order #10940590 sell 0.01 EURAUD. at 1.61022 was modified -> sl: 1.62776 tp: 1.60871
0	23:59:19.277	'120010550': order sell market 0.01 US_OIL sl: 0.00 tp: 0.00
0	23:59:19.543	'120010550': order was opened : #10947534 sell 0.01 US_OIL at 61.70 sl: 0.00 tp: 0.00
0	23:59:25.054	'120010550': modify order #10947534 sell 0.01 US_OIL at 61.70 sl: 0.00 tp: 0.00 -> sl: 0.00 tp: 60.20
0	23:59:25.803	'120010550': order #10947534 sell 0.01 US_OIL at 61.70 was modified -> sl: 0.00 tp: 60.20
0	23:59:45.070	'120010550': modify order #10947524 sell 0.03 AUDJPY. at 75.872 sl: 0.000 tp: 75.482 -> sl: 0.000 tp: 75.670
0	23:59:45.637	'120010550': order #10947524 sell 0.03 AUDJPY. at 75.872 was modified -> sl: 0.000 tp: 75.670
