0	00:03:26.666	FX Trader build 1170 started (Performance Ronnaru Capital Ltd.)
0	00:03:26.667	Windows 10 Home x64, IE 11, UAC, 8 x Intel Core i7-6700HQ  @ 2.60GHz, Memory: 23191 / 32639 Mb, Disk: 140 / 264 Gb, GMT+9
0	00:03:26.667	Data Folder: C:\Users\tiany\AppData\Roaming\MetaQuotes\Terminal\79214103E7A6FC97F86082D309D0B84B
1	00:03:27.895	MQL Base: failed connect to server
2	00:03:28.485	Custom indicator span_model EURAUD.,Daily: loaded successfully
2	00:03:28.496	Custom indicator MACD-2x EURAUD.,Daily: loaded successfully
2	00:03:28.507	Custom indicator MACD-2x EURAUD.,Daily: loaded successfully
2	00:03:28.580	Custom indicator Laguerre-ACS1 EURAUD.,Daily: loaded successfully
2	00:03:28.710	Custom indicator span_model AUDJPY.,H1: loaded successfully
2	00:03:28.721	Custom indicator MACD-2x AUDJPY.,H1: loaded successfully
2	00:03:28.733	Custom indicator MACD-2x AUDJPY.,H1: loaded successfully
2	00:03:28.814	Custom indicator Laguerre-ACS1 AUDJPY.,H1: loaded successfully
2	00:03:28.944	Custom indicator span_model XAUUSD.,M15: loaded successfully
2	00:03:28.954	Custom indicator MACD-2x XAUUSD.,M15: loaded successfully
2	00:03:28.965	Custom indicator MACD-2x XAUUSD.,M15: loaded successfully
2	00:03:29.039	Custom indicator Laguerre-ACS1 XAUUSD.,M15: loaded successfully
2	00:03:29.173	Custom indicator span_model JP225,H1: loaded successfully
2	00:03:29.184	Custom indicator MACD-2x JP225,H1: loaded successfully
2	00:03:29.195	Custom indicator MACD-2x JP225,H1: loaded successfully
2	00:03:29.282	Custom indicator Laguerre-ACS1 JP225,H1: loaded successfully
2	00:03:29.496	Custom indicator span_model US_OIL,Daily: loaded successfully
2	00:03:29.506	Custom indicator MACD-2x US_OIL,Daily: loaded successfully
2	00:03:29.517	Custom indicator MACD-2x US_OIL,Daily: loaded successfully
2	00:03:29.590	Custom indicator Laguerre-ACS1 US_OIL,Daily: loaded successfully
2	00:03:29.742	Custom indicator span_model NDX100,Daily: loaded successfully
2	00:03:29.754	Custom indicator MACD-2x NDX100,Daily: loaded successfully
2	00:03:29.764	Custom indicator MACD-2x NDX100,Daily: loaded successfully
2	00:03:29.840	Custom indicator Laguerre-ACS1 NDX100,Daily: loaded successfully
2	00:03:29.978	Custom indicator span_model SPX500,H1: loaded successfully
2	00:03:29.989	Custom indicator MACD-2x SPX500,H1: loaded successfully
2	00:03:30.000	Custom indicator MACD-2x SPX500,H1: loaded successfully
2	00:03:30.075	Custom indicator Laguerre-ACS1 SPX500,H1: loaded successfully
2	00:03:30.268	Custom indicator span_model USDJPY.,H1: loaded successfully
2	00:03:30.279	Custom indicator MACD-2x USDJPY.,H1: loaded successfully
2	00:03:30.289	Custom indicator MACD-2x USDJPY.,H1: loaded successfully
2	00:03:30.368	Custom indicator Laguerre-ACS1 USDJPY.,H1: loaded successfully
2	00:03:30.575	Custom indicator span_model EURJPY.,Daily: loaded successfully
2	00:03:30.585	Custom indicator MACD-2x EURJPY.,Daily: loaded successfully
2	00:03:30.596	Custom indicator MACD-2x EURJPY.,Daily: loaded successfully
2	00:03:30.673	Custom indicator Laguerre-ACS1 EURJPY.,Daily: loaded successfully
2	00:03:30.861	Custom indicator span_model EURUSD.,M15: loaded successfully
2	00:03:30.872	Custom indicator MACD-2x EURUSD.,M15: loaded successfully
2	00:03:30.883	Custom indicator MACD-2x EURUSD.,M15: loaded successfully
2	00:03:30.958	Custom indicator Laguerre-ACS1 EURUSD.,M15: loaded successfully
2	00:03:31.096	Custom indicator span_model GBPUSD.,Daily: loaded successfully
2	00:03:31.107	Custom indicator MACD-2x GBPUSD.,Daily: loaded successfully
2	00:03:31.117	Custom indicator MACD-2x GBPUSD.,Daily: loaded successfully
2	00:03:31.189	Custom indicator Laguerre-ACS1 GBPUSD.,Daily: loaded successfully
2	00:03:31.330	Custom indicator span_model GBPJPY.,H1: loaded successfully
2	00:03:31.340	Custom indicator MACD-2x GBPJPY.,H1: loaded successfully
2	00:03:31.351	Custom indicator MACD-2x GBPJPY.,H1: loaded successfully
2	00:03:31.424	Custom indicator Laguerre-ACS1 GBPJPY.,H1: loaded successfully
1	00:03:32.469	'120010550': connect failed [No connection]
1	00:03:32.537	MQL5.community: authorization failed
1	00:03:32.820	MQL5.community: authorization failed
0	00:05:00.275	'120010550': login on PRC-Live through Server 8 (ping: n/a)
0	00:05:02.689	'120010550': login datacenter on PRC-Live through Server 8 (ping: n/a)
0	00:05:03.331	'120010550': previous successful authorization performed from 106.133.87.87
0	00:05:22.610	'120010550': auto connecting to a better access point Server 3 (ping is 39.93 ms)
0	00:05:23.145	'120010550': login on PRC-Live through Server 3 (ping: 39.93 ms)
0	00:05:23.804	'120010550': login datacenter on PRC-Live through Server 3 (ping: 39.93 ms)
0	00:05:24.132	'120010550': previous successful authorization performed from 106.181.128.75
0	00:26:38.878	'120010550': order sell market 0.01 XAUUSD. sl: 0.00 tp: 0.00
0	00:26:39.097	'120010550': order was opened : #10873276 sell 0.01 XAUUSD. at 1274.87 sl: 0.00 tp: 0.00
2	00:37:30.279	Custom indicator span_model XAUUSD.,H1: removed
2	00:37:30.281	Custom indicator MACD-2x XAUUSD.,H1: removed
2	00:37:30.283	Custom indicator MACD-2x XAUUSD.,H1: removed
2	00:37:30.283	Custom indicator Laguerre-ACS1 XAUUSD.,H1: removed
2	00:37:30.382	Custom indicator span_model XAUUSD.,H1: loaded successfully
2	00:37:30.393	Custom indicator MACD-2x XAUUSD.,H1: loaded successfully
2	00:37:30.403	Custom indicator MACD-2x XAUUSD.,H1: loaded successfully
2	00:37:30.475	Custom indicator Laguerre-ACS1 XAUUSD.,H1: loaded successfully
0	01:05:33.182	'120010550': order sell market 0.01 XAUUSD. sl: 0.00 tp: 0.00
0	01:05:33.479	'120010550': order was opened : #10873336 sell 0.01 XAUUSD. at 1275.25 sl: 0.00 tp: 0.00
0	01:16:48.312	'120010550': modify order #10868023 sell 0.01 XAUUSD. at 1290.93 sl: 0.00 tp: 0.00 -> sl: 0.00 tp: 1263.47
0	01:16:48.506	'120010550': order #10868023 sell 0.01 XAUUSD. at 1290.93 was modified -> sl: 0.00 tp: 1263.47
0	01:16:58.059	'120010550': modify order #10868023 sell 0.01 XAUUSD. at 1290.93 sl: 0.00 tp: 1263.47 -> sl: 0.00 tp: 1242.21
0	01:16:58.257	'120010550': order #10868023 sell 0.01 XAUUSD. at 1290.93 was modified -> sl: 0.00 tp: 1242.21
0	01:18:21.427	'120010550': order sell market 0.01 XAUUSD. sl: 0.00 tp: 0.00
0	01:18:21.835	'120010550': order was opened : #10873389 sell 0.01 XAUUSD. at 1273.92 sl: 0.00 tp: 0.00
0	01:21:41.583	'120010550': modify order #10868023 sell 0.01 XAUUSD. at 1290.93 sl: 0.00 tp: 0.00 -> sl: 1295.34 tp: 0.00
0	01:21:41.764	'120010550': order #10868023 sell 0.01 XAUUSD. at 1290.93 was modified -> sl: 1295.34 tp: 0.00
2	01:32:36.701	Custom indicator span_model EURAUD.,Daily: removed
2	01:32:36.704	Custom indicator MACD-2x EURAUD.,Daily: removed
2	01:32:36.708	Custom indicator MACD-2x EURAUD.,Daily: removed
2	01:32:36.708	Custom indicator Laguerre-ACS1 EURAUD.,Daily: removed
2	01:32:36.714	Custom indicator span_model AUDJPY.,Daily: removed
2	01:32:36.716	Custom indicator MACD-2x AUDJPY.,Daily: removed
2	01:32:36.718	Custom indicator MACD-2x AUDJPY.,Daily: removed
2	01:32:36.718	Custom indicator Laguerre-ACS1 AUDJPY.,Daily: removed
2	01:32:36.750	Custom indicator span_model XAUUSD.,H1: removed
2	01:32:36.753	Custom indicator MACD-2x XAUUSD.,H1: removed
2	01:32:36.755	Custom indicator MACD-2x XAUUSD.,H1: removed
2	01:32:36.755	Custom indicator Laguerre-ACS1 XAUUSD.,H1: removed
2	01:32:36.761	Custom indicator span_model JP225,Daily: removed
2	01:32:36.763	Custom indicator MACD-2x JP225,Daily: removed
2	01:32:36.765	Custom indicator MACD-2x JP225,Daily: removed
2	01:32:36.765	Custom indicator Laguerre-ACS1 JP225,Daily: removed
2	01:32:36.771	Custom indicator span_model US_OIL,Daily: removed
2	01:32:36.774	Custom indicator MACD-2x US_OIL,Daily: removed
2	01:32:36.776	Custom indicator MACD-2x US_OIL,Daily: removed
2	01:32:36.776	Custom indicator Laguerre-ACS1 US_OIL,Daily: removed
2	01:32:36.780	Custom indicator span_model NDX100,Daily: removed
2	01:32:36.782	Custom indicator MACD-2x NDX100,Daily: removed
2	01:32:36.784	Custom indicator MACD-2x NDX100,Daily: removed
2	01:32:36.784	Custom indicator Laguerre-ACS1 NDX100,Daily: removed
2	01:32:36.790	Custom indicator span_model SPX500,Daily: removed
2	01:32:36.792	Custom indicator MACD-2x SPX500,Daily: removed
2	01:32:36.794	Custom indicator MACD-2x SPX500,Daily: removed
2	01:32:36.794	Custom indicator Laguerre-ACS1 SPX500,Daily: removed
2	01:32:36.800	Custom indicator span_model USDJPY.,Daily: removed
2	01:32:36.802	Custom indicator MACD-2x USDJPY.,Daily: removed
2	01:32:36.804	Custom indicator MACD-2x USDJPY.,Daily: removed
2	01:32:36.804	Custom indicator Laguerre-ACS1 USDJPY.,Daily: removed
2	01:32:36.808	Custom indicator span_model EURJPY.,Daily: removed
2	01:32:36.810	Custom indicator MACD-2x EURJPY.,Daily: removed
2	01:32:36.812	Custom indicator MACD-2x EURJPY.,Daily: removed
2	01:32:36.812	Custom indicator Laguerre-ACS1 EURJPY.,Daily: removed
2	01:32:36.815	Custom indicator span_model EURUSD.,Daily: removed
2	01:32:36.817	Custom indicator MACD-2x EURUSD.,Daily: removed
2	01:32:36.819	Custom indicator MACD-2x EURUSD.,Daily: removed
2	01:32:36.819	Custom indicator Laguerre-ACS1 EURUSD.,Daily: removed
2	01:32:36.824	Custom indicator span_model GBPUSD.,Daily: removed
2	01:32:36.826	Custom indicator MACD-2x GBPUSD.,Daily: removed
2	01:32:36.827	Custom indicator MACD-2x GBPUSD.,Daily: removed
2	01:32:36.827	Custom indicator Laguerre-ACS1 GBPUSD.,Daily: removed
2	01:32:36.834	Custom indicator span_model GBPJPY.,H1: removed
2	01:32:36.837	Custom indicator MACD-2x GBPJPY.,H1: removed
2	01:32:36.839	Custom indicator MACD-2x GBPJPY.,H1: removed
2	01:32:36.839	Custom indicator Laguerre-ACS1 GBPJPY.,H1: removed
0	01:32:37.309	FX Trader build 1170 stopped
0	19:04:33.849	FX Trader build 1170 started (Performance Ronnaru Capital Ltd.)
0	19:04:33.850	Windows 10 Home x64, IE 11, UAC, 8 x Intel Core i7-6700HQ  @ 2.60GHz, Memory: 22962 / 32639 Mb, Disk: 141 / 264 Gb, GMT+9
0	19:04:33.850	Data Folder: C:\Users\tiany\AppData\Roaming\MetaQuotes\Terminal\79214103E7A6FC97F86082D309D0B84B
2	19:04:35.737	Custom indicator span_model EURAUD.,Daily: loaded successfully
2	19:04:35.747	Custom indicator MACD-2x EURAUD.,Daily: loaded successfully
2	19:04:35.758	Custom indicator MACD-2x EURAUD.,Daily: loaded successfully
2	19:04:35.831	Custom indicator Laguerre-ACS1 EURAUD.,Daily: loaded successfully
2	19:04:35.966	Custom indicator span_model AUDJPY.,Daily: loaded successfully
2	19:04:35.980	Custom indicator MACD-2x AUDJPY.,Daily: loaded successfully
2	19:04:35.993	Custom indicator MACD-2x AUDJPY.,Daily: loaded successfully
2	19:04:36.074	Custom indicator Laguerre-ACS1 AUDJPY.,Daily: loaded successfully
2	19:04:36.229	Custom indicator span_model XAUUSD.,H1: loaded successfully
2	19:04:36.241	Custom indicator MACD-2x XAUUSD.,H1: loaded successfully
2	19:04:36.253	Custom indicator MACD-2x XAUUSD.,H1: loaded successfully
2	19:04:36.334	Custom indicator Laguerre-ACS1 XAUUSD.,H1: loaded successfully
2	19:04:36.561	Custom indicator span_model JP225,Daily: loaded successfully
2	19:04:36.574	Custom indicator MACD-2x JP225,Daily: loaded successfully
2	19:04:36.587	Custom indicator MACD-2x JP225,Daily: loaded successfully
2	19:04:36.668	Custom indicator Laguerre-ACS1 JP225,Daily: loaded successfully
2	19:04:36.823	Custom indicator span_model US_OIL,Daily: loaded successfully
2	19:04:36.833	Custom indicator MACD-2x US_OIL,Daily: loaded successfully
2	19:04:36.842	Custom indicator MACD-2x US_OIL,Daily: loaded successfully
2	19:04:36.924	Custom indicator Laguerre-ACS1 US_OIL,Daily: loaded successfully
2	19:04:37.071	Custom indicator span_model NDX100,Daily: loaded successfully
2	19:04:37.082	Custom indicator MACD-2x NDX100,Daily: loaded successfully
2	19:04:37.092	Custom indicator MACD-2x NDX100,Daily: loaded successfully
2	19:04:37.165	Custom indicator Laguerre-ACS1 NDX100,Daily: loaded successfully
2	19:04:37.331	Custom indicator span_model SPX500,Daily: loaded successfully
2	19:04:37.343	Custom indicator MACD-2x SPX500,Daily: loaded successfully
2	19:04:37.356	Custom indicator MACD-2x SPX500,Daily: loaded successfully
2	19:04:37.436	Custom indicator Laguerre-ACS1 SPX500,Daily: loaded successfully
2	19:04:37.581	Custom indicator span_model USDJPY.,Daily: loaded successfully
2	19:04:37.593	Custom indicator MACD-2x USDJPY.,Daily: loaded successfully
2	19:04:37.604	Custom indicator MACD-2x USDJPY.,Daily: loaded successfully
2	19:04:37.688	Custom indicator Laguerre-ACS1 USDJPY.,Daily: loaded successfully
2	19:04:37.881	Custom indicator span_model EURJPY.,Daily: loaded successfully
2	19:04:37.892	Custom indicator MACD-2x EURJPY.,Daily: loaded successfully
2	19:04:37.903	Custom indicator MACD-2x EURJPY.,Daily: loaded successfully
2	19:04:37.981	Custom indicator Laguerre-ACS1 EURJPY.,Daily: loaded successfully
2	19:04:38.216	Custom indicator span_model EURUSD.,Daily: loaded successfully
2	19:04:38.231	Custom indicator MACD-2x EURUSD.,Daily: loaded successfully
2	19:04:38.245	Custom indicator MACD-2x EURUSD.,Daily: loaded successfully
2	19:04:38.357	Custom indicator Laguerre-ACS1 EURUSD.,Daily: loaded successfully
2	19:04:38.598	Custom indicator span_model GBPUSD.,Daily: loaded successfully
2	19:04:38.610	Custom indicator MACD-2x GBPUSD.,Daily: loaded successfully
2	19:04:38.624	Custom indicator MACD-2x GBPUSD.,Daily: loaded successfully
2	19:04:38.702	Custom indicator Laguerre-ACS1 GBPUSD.,Daily: loaded successfully
2	19:04:38.891	Custom indicator span_model GBPJPY.,H1: loaded successfully
2	19:04:38.902	Custom indicator MACD-2x GBPJPY.,H1: loaded successfully
2	19:04:38.913	Custom indicator MACD-2x GBPJPY.,H1: loaded successfully
2	19:04:38.989	Custom indicator Laguerre-ACS1 GBPJPY.,H1: loaded successfully
0	19:04:40.941	'120010550': login on PRC-Live through Server 3 (ping: 39.93 ms)
0	19:04:41.899	'120010550': login datacenter on PRC-Live through Server 3 (ping: 39.93 ms)
0	19:04:42.207	'120010550': previous successful authorization performed from 106.181.137.116
0	19:04:58.567	'120010550': ping to current access point Server 3 is 43.47 ms
2	19:07:25.853	Custom indicator span_model XAUUSD.,H1: removed
2	19:07:25.855	Custom indicator MACD-2x XAUUSD.,H1: removed
2	19:07:25.857	Custom indicator MACD-2x XAUUSD.,H1: removed
2	19:07:25.857	Custom indicator Laguerre-ACS1 XAUUSD.,H1: removed
2	19:07:25.942	Custom indicator span_model XAUUSD.,H1: loaded successfully
2	19:07:25.952	Custom indicator MACD-2x XAUUSD.,H1: loaded successfully
2	19:07:30.652	Custom indicator span_model XAUUSD.,H1: removed
2	19:07:30.654	Custom indicator MACD-2x XAUUSD.,H1: removed
2	19:07:30.667	Custom indicator MACD XAUUSD.,H1: loaded successfully
2	19:08:52.696	Custom indicator MACD XAUUSD.,H1: removed
2	19:08:52.778	Custom indicator span_model XAUUSD.,H1: loaded successfully
2	19:08:52.790	Custom indicator MACD-2x XAUUSD.,H1: loaded successfully
2	19:08:52.800	Custom indicator MACD-2x XAUUSD.,H1: loaded successfully
2	19:08:52.878	Custom indicator Laguerre-ACS1 XAUUSD.,H1: loaded successfully
2	21:13:12.813	Custom indicator span_model EURAUD.,H1: removed
2	21:13:12.819	Custom indicator MACD-2x EURAUD.,H1: removed
2	21:13:12.824	Custom indicator MACD-2x EURAUD.,H1: removed
2	21:13:12.824	Custom indicator Laguerre-ACS1 EURAUD.,H1: removed
2	21:13:12.838	Custom indicator span_model AUDJPY.,Daily: removed
2	21:13:12.845	Custom indicator MACD-2x AUDJPY.,Daily: removed
2	21:13:12.853	Custom indicator MACD-2x AUDJPY.,Daily: removed
2	21:13:12.853	Custom indicator Laguerre-ACS1 AUDJPY.,Daily: removed
2	21:13:12.965	Custom indicator span_model XAUUSD.,M15: removed
2	21:13:12.973	Custom indicator MACD-2x XAUUSD.,M15: removed
2	21:13:12.979	Custom indicator MACD-2x XAUUSD.,M15: removed
2	21:13:12.980	Custom indicator Laguerre-ACS1 XAUUSD.,M15: removed
2	21:13:12.996	Custom indicator span_model JP225,H1: removed
2	21:13:13.003	Custom indicator MACD-2x JP225,H1: removed
2	21:13:13.012	Custom indicator MACD-2x JP225,H1: removed
2	21:13:13.013	Custom indicator Laguerre-ACS1 JP225,H1: removed
2	21:13:13.043	Custom indicator span_model US_OIL,Daily: removed
2	21:13:13.049	Custom indicator MACD-2x US_OIL,Daily: removed
2	21:13:13.056	Custom indicator MACD-2x US_OIL,Daily: removed
2	21:13:13.056	Custom indicator Laguerre-ACS1 US_OIL,Daily: removed
2	21:13:13.075	Custom indicator span_model NDX100,Daily: removed
2	21:13:13.082	Custom indicator MACD-2x NDX100,Daily: removed
2	21:13:13.090	Custom indicator MACD-2x NDX100,Daily: removed
2	21:13:13.090	Custom indicator Laguerre-ACS1 NDX100,Daily: removed
2	21:13:13.119	Custom indicator span_model SPX500,Daily: removed
2	21:13:13.125	Custom indicator MACD-2x SPX500,Daily: removed
2	21:13:13.131	Custom indicator MACD-2x SPX500,Daily: removed
2	21:13:13.131	Custom indicator Laguerre-ACS1 SPX500,Daily: removed
2	21:13:13.244	Custom indicator span_model USDJPY.,H4: removed
2	21:13:13.251	Custom indicator MACD-2x USDJPY.,H4: removed
2	21:13:13.258	Custom indicator MACD-2x USDJPY.,H4: removed
2	21:13:13.258	Custom indicator Laguerre-ACS1 USDJPY.,H4: removed
2	21:13:13.280	Custom indicator span_model EURJPY.,Daily: removed
2	21:13:13.288	Custom indicator MACD-2x EURJPY.,Daily: removed
2	21:13:13.293	Custom indicator MACD-2x EURJPY.,Daily: removed
2	21:13:13.293	Custom indicator Laguerre-ACS1 EURJPY.,Daily: removed
2	21:13:13.319	Custom indicator span_model EURUSD.,H1: removed
2	21:13:13.327	Custom indicator MACD-2x EURUSD.,H1: removed
2	21:13:13.334	Custom indicator MACD-2x EURUSD.,H1: removed
2	21:13:13.334	Custom indicator Laguerre-ACS1 EURUSD.,H1: removed
2	21:13:13.357	Custom indicator span_model GBPUSD.,Daily: removed
2	21:13:13.364	Custom indicator MACD-2x GBPUSD.,Daily: removed
2	21:13:13.369	Custom indicator MACD-2x GBPUSD.,Daily: removed
2	21:13:13.369	Custom indicator Laguerre-ACS1 GBPUSD.,Daily: removed
2	21:13:13.397	Custom indicator span_model GBPJPY.,Daily: removed
2	21:13:13.405	Custom indicator MACD-2x GBPJPY.,Daily: removed
2	21:13:13.411	Custom indicator MACD-2x GBPJPY.,Daily: removed
2	21:13:13.411	Custom indicator Laguerre-ACS1 GBPJPY.,Daily: removed
0	21:13:14.443	FX Trader build 1170 stopped
0	22:32:16.899	FX Trader build 1170 started (Performance Ronnaru Capital Ltd.)
0	22:32:16.899	Windows 10 Home x64, IE 11, UAC, 8 x Intel Core i7-6700HQ  @ 2.60GHz, Memory: 23212 / 32639 Mb, Disk: 141 / 264 Gb, GMT+9
0	22:32:16.899	Data Folder: C:\Users\tiany\AppData\Roaming\MetaQuotes\Terminal\79214103E7A6FC97F86082D309D0B84B
2	22:32:18.794	Custom indicator span_model EURAUD.,H1: loaded successfully
2	22:32:18.805	Custom indicator MACD-2x EURAUD.,H1: loaded successfully
2	22:32:18.815	Custom indicator MACD-2x EURAUD.,H1: loaded successfully
2	22:32:18.882	Custom indicator Laguerre-ACS1 EURAUD.,H1: loaded successfully
2	22:32:19.009	Custom indicator span_model AUDJPY.,Daily: loaded successfully
2	22:32:19.019	Custom indicator MACD-2x AUDJPY.,Daily: loaded successfully
2	22:32:19.030	Custom indicator MACD-2x AUDJPY.,Daily: loaded successfully
2	22:32:19.099	Custom indicator Laguerre-ACS1 AUDJPY.,Daily: loaded successfully
2	22:32:19.222	Custom indicator span_model XAUUSD.,M15: loaded successfully
2	22:32:19.232	Custom indicator MACD-2x XAUUSD.,M15: loaded successfully
2	22:32:19.242	Custom indicator MACD-2x XAUUSD.,M15: loaded successfully
2	22:32:19.311	Custom indicator Laguerre-ACS1 XAUUSD.,M15: loaded successfully
2	22:32:19.462	Custom indicator span_model JP225,H1: loaded successfully
2	22:32:19.472	Custom indicator MACD-2x JP225,H1: loaded successfully
2	22:32:19.481	Custom indicator MACD-2x JP225,H1: loaded successfully
2	22:32:19.554	Custom indicator Laguerre-ACS1 JP225,H1: loaded successfully
2	22:32:19.762	Custom indicator span_model US_OIL,Daily: loaded successfully
2	22:32:19.773	Custom indicator MACD-2x US_OIL,Daily: loaded successfully
2	22:32:19.782	Custom indicator MACD-2x US_OIL,Daily: loaded successfully
2	22:32:19.850	Custom indicator Laguerre-ACS1 US_OIL,Daily: loaded successfully
2	22:32:19.981	Custom indicator span_model NDX100,Daily: loaded successfully
2	22:32:19.991	Custom indicator MACD-2x NDX100,Daily: loaded successfully
2	22:32:20.001	Custom indicator MACD-2x NDX100,Daily: loaded successfully
2	22:32:20.071	Custom indicator Laguerre-ACS1 NDX100,Daily: loaded successfully
2	22:32:20.225	Custom indicator span_model SPX500,Daily: loaded successfully
2	22:32:20.235	Custom indicator MACD-2x SPX500,Daily: loaded successfully
2	22:32:20.245	Custom indicator MACD-2x SPX500,Daily: loaded successfully
2	22:32:20.314	Custom indicator Laguerre-ACS1 SPX500,Daily: loaded successfully
2	22:32:20.454	Custom indicator span_model USDJPY.,H4: loaded successfully
2	22:32:20.466	Custom indicator MACD-2x USDJPY.,H4: loaded successfully
2	22:32:20.476	Custom indicator MACD-2x USDJPY.,H4: loaded successfully
2	22:32:20.544	Custom indicator Laguerre-ACS1 USDJPY.,H4: loaded successfully
2	22:32:20.729	Custom indicator span_model EURJPY.,Daily: loaded successfully
2	22:32:20.740	Custom indicator MACD-2x EURJPY.,Daily: loaded successfully
2	22:32:20.751	Custom indicator MACD-2x EURJPY.,Daily: loaded successfully
2	22:32:20.820	Custom indicator Laguerre-ACS1 EURJPY.,Daily: loaded successfully
2	22:32:20.964	Custom indicator span_model EURUSD.,H1: loaded successfully
2	22:32:20.974	Custom indicator MACD-2x EURUSD.,H1: loaded successfully
2	22:32:20.984	Custom indicator MACD-2x EURUSD.,H1: loaded successfully
2	22:32:21.054	Custom indicator Laguerre-ACS1 EURUSD.,H1: loaded successfully
2	22:32:21.283	Custom indicator span_model GBPUSD.,Daily: loaded successfully
2	22:32:21.293	Custom indicator MACD-2x GBPUSD.,Daily: loaded successfully
2	22:32:21.303	Custom indicator MACD-2x GBPUSD.,Daily: loaded successfully
2	22:32:21.372	Custom indicator Laguerre-ACS1 GBPUSD.,Daily: loaded successfully
2	22:32:21.560	Custom indicator span_model GBPJPY.,Daily: loaded successfully
2	22:32:21.570	Custom indicator MACD-2x GBPJPY.,Daily: loaded successfully
2	22:32:21.578	Custom indicator MACD-2x GBPJPY.,Daily: loaded successfully
2	22:32:21.647	Custom indicator Laguerre-ACS1 GBPJPY.,Daily: loaded successfully
0	22:32:22.892	'120010550': login on PRC-Live through Server 3 (ping: 43.47 ms)
0	22:32:23.506	'120010550': login datacenter on PRC-Live through Server 3 (ping: 43.47 ms)
0	22:32:23.784	'120010550': previous successful authorization performed from 106.181.130.151
0	22:32:39.656	'120010550': ping to current access point Server 3 is 37.00 ms
0	22:37:13.157	'120010550': order #10875409 sell 0.01 XAUUSD. at 1275.72 closed due take-profit at price 1275.11
0	23:08:10.313	'120010550': order #10875494 sell 0.01 XAUUSD. at 1275.69 closed due take-profit at price 1275.00
0	23:20:05.184	'120010550': order #10873862 sell 0.01 XAUUSD. at 1274.95 closed due take-profit at price 1274.00
0	23:45:00.576	'120010550': order sell market 0.01 EURAUD. sl: 0.00000 tp: 0.00000
0	23:45:01.402	'120010550': order was opened : #10876435 sell 0.01 EURAUD. at 1.57417 sl: 0.00000 tp: 0.00000
