2	00:40:13.623	Custom indicator Laguerre-ACS1 USDJPY,H4: removed
2	00:40:13.626	Custom indicator MACD USDJPY,H4: removed
2	00:40:13.636	Custom indicator Laguerre-ACS1 EURJPY,Daily: removed
2	00:40:13.638	Custom indicator MACD EURJPY,Daily: removed
2	00:40:13.646	Custom indicator Laguerre-ACS1 EURUSD,Daily: removed
2	00:40:13.648	Custom indicator MACD EURUSD,Daily: removed
2	00:40:13.660	Custom indicator Laguerre-ACS1 GBPUSD,H4: removed
2	00:40:13.662	Custom indicator MACD GBPUSD,H4: removed
2	00:40:13.685	Custom indicator Laguerre-ACS1 GBPJPY,H4: removed
2	00:40:13.688	Custom indicator MACD GBPJPY,H4: removed
2	00:40:13.711	Custom indicator Laguerre-ACS1 JP225,Daily: removed
2	00:40:13.713	Custom indicator MACD JP225,Daily: removed
2	00:40:13.737	Custom indicator Laguerre-ACS1 NDX100,H1: removed
2	00:40:13.739	Custom indicator MACD NDX100,H1: removed
2	00:40:13.759	Custom indicator Laguerre-ACS1 SPX500,H1: removed
2	00:40:13.762	Custom indicator MACD SPX500,H1: removed
2	00:40:13.781	Custom indicator Laguerre-ACS1 A50,H4: removed
2	00:40:13.783	Custom indicator MACD A50,H4: removed
2	00:40:13.788	Custom indicator Laguerre-ACS1 CHINA300,H4: removed
2	00:40:13.790	Custom indicator MACD CHINA300,H4: removed
2	00:40:13.808	Custom indicator Laguerre-ACS1 XAUUSD,Daily: removed
2	00:40:13.811	Custom indicator MACD XAUUSD,Daily: removed
2	00:40:13.821	Custom indicator Laguerre-ACS1 US_OIL,Daily: removed
2	00:40:13.824	Custom indicator MACD US_OIL,Daily: removed
0	00:40:14.206	FX Trader build 1170 stopped
0	08:33:01.539	FX Trader build 1170 started (Performance Ronnaru Capital Ltd.)
0	08:33:01.539	Windows 10 Home x64, IE 11, UAC, 8 x Intel Core i7-6700HQ  @ 2.60GHz, Memory: 26896 / 32639 Mb, Disk: 148 / 264 Gb, GMT+9
0	08:33:01.539	Data Folder: C:\Users\tiany\AppData\Roaming\MetaQuotes\Terminal\79214103E7A6FC97F86082D309D0B84B
2	08:33:06.545	Custom indicator 小鱼\Laguerre-ACS1 USDJPY,H4: loaded successfully
2	08:33:06.556	Custom indicator MACD USDJPY,H4: loaded successfully
2	08:33:06.753	Custom indicator 小鱼\Laguerre-ACS1 EURJPY,Daily: loaded successfully
2	08:33:06.763	Custom indicator MACD EURJPY,Daily: loaded successfully
2	08:33:06.859	Custom indicator 小鱼\Laguerre-ACS1 EURUSD,Daily: loaded successfully
2	08:33:06.873	Custom indicator MACD EURUSD,Daily: loaded successfully
2	08:33:06.980	Custom indicator 小鱼\Laguerre-ACS1 GBPUSD,H4: loaded successfully
2	08:33:06.991	Custom indicator MACD GBPUSD,H4: loaded successfully
2	08:33:07.123	Custom indicator 小鱼\Laguerre-ACS1 GBPJPY,H4: loaded successfully
2	08:33:07.138	Custom indicator MACD GBPJPY,H4: loaded successfully
2	08:33:07.272	Custom indicator 小鱼\Laguerre-ACS1 JP225,Daily: loaded successfully
2	08:33:07.286	Custom indicator MACD JP225,Daily: loaded successfully
2	08:33:07.419	Custom indicator 小鱼\Laguerre-ACS1 NDX100,H1: loaded successfully
2	08:33:07.429	Custom indicator MACD NDX100,H1: loaded successfully
2	08:33:07.545	Custom indicator 小鱼\Laguerre-ACS1 SPX500,H1: loaded successfully
2	08:33:07.557	Custom indicator MACD SPX500,H1: loaded successfully
2	08:33:07.783	Custom indicator 小鱼\Laguerre-ACS1 A50,H4: loaded successfully
2	08:33:07.805	Custom indicator MACD A50,H4: loaded successfully
2	08:33:08.200	Custom indicator 小鱼\Laguerre-ACS1 CHINA300,H4: loaded successfully
2	08:33:08.224	Custom indicator MACD CHINA300,H4: loaded successfully
2	08:33:08.504	Custom indicator 小鱼\Laguerre-ACS1 XAUUSD,Daily: loaded successfully
2	08:33:08.525	Custom indicator MACD XAUUSD,Daily: loaded successfully
2	08:33:08.776	Custom indicator 小鱼\Laguerre-ACS1 US_OIL,Daily: loaded successfully
2	08:33:08.798	Custom indicator MACD US_OIL,Daily: loaded successfully
0	08:33:10.385	'120010550': login on PRC-Live through Server 3 (ping: 42.88 ms)
0	08:33:11.275	'120010550': login datacenter on PRC-Live through Server 3 (ping: 42.88 ms)
0	08:33:11.674	'120010550': previous successful authorization performed from 106.181.134.165
0	08:33:27.198	'120010550': ping to current access point Server 3 is 37.49 ms
0	08:45:37.468	System to be shutdown, request for close FX Trader
0	08:45:37.725	FX Trader build 1170 stopped because system shutdown
0	22:40:14.320	FX Trader build 1170 started (Performance Ronnaru Capital Ltd.)
0	22:40:14.321	Windows 10 Home x64, IE 11, UAC, 8 x Intel Core i7-6700HQ  @ 2.60GHz, Memory: 26486 / 32639 Mb, Disk: 148 / 264 Gb, GMT+9
0	22:40:14.321	Data Folder: C:\Users\tiany\AppData\Roaming\MetaQuotes\Terminal\79214103E7A6FC97F86082D309D0B84B
2	22:40:16.239	Custom indicator 小鱼\Laguerre-ACS1 USDJPY,H4: loaded successfully
2	22:40:16.249	Custom indicator MACD USDJPY,H4: loaded successfully
2	22:40:16.368	Custom indicator 小鱼\Laguerre-ACS1 EURJPY,Daily: loaded successfully
2	22:40:16.378	Custom indicator MACD EURJPY,Daily: loaded successfully
2	22:40:16.487	Custom indicator 小鱼\Laguerre-ACS1 EURUSD,Daily: loaded successfully
2	22:40:16.498	Custom indicator MACD EURUSD,Daily: loaded successfully
2	22:40:16.604	Custom indicator 小鱼\Laguerre-ACS1 GBPUSD,H4: loaded successfully
2	22:40:16.616	Custom indicator MACD GBPUSD,H4: loaded successfully
2	22:40:16.737	Custom indicator 小鱼\Laguerre-ACS1 GBPJPY,H4: loaded successfully
2	22:40:16.750	Custom indicator MACD GBPJPY,H4: loaded successfully
2	22:40:16.882	Custom indicator 小鱼\Laguerre-ACS1 JP225,Daily: loaded successfully
2	22:40:16.898	Custom indicator MACD JP225,Daily: loaded successfully
2	22:40:17.013	Custom indicator 小鱼\Laguerre-ACS1 NDX100,H1: loaded successfully
2	22:40:17.036	Custom indicator MACD NDX100,H1: loaded successfully
2	22:40:17.154	Custom indicator 小鱼\Laguerre-ACS1 SPX500,H1: loaded successfully
2	22:40:17.165	Custom indicator MACD SPX500,H1: loaded successfully
2	22:40:17.287	Custom indicator 小鱼\Laguerre-ACS1 A50,H4: loaded successfully
2	22:40:17.299	Custom indicator MACD A50,H4: loaded successfully
2	22:40:17.429	Custom indicator 小鱼\Laguerre-ACS1 CHINA300,H4: loaded successfully
2	22:40:17.440	Custom indicator MACD CHINA300,H4: loaded successfully
2	22:40:17.561	Custom indicator 小鱼\Laguerre-ACS1 XAUUSD,Daily: loaded successfully
2	22:40:17.571	Custom indicator MACD XAUUSD,Daily: loaded successfully
2	22:40:17.687	Custom indicator 小鱼\Laguerre-ACS1 US_OIL,Daily: loaded successfully
2	22:40:17.698	Custom indicator MACD US_OIL,Daily: loaded successfully
0	22:40:19.212	'120010550': login on PRC-Live through Server 3 (ping: 37.49 ms)
0	22:40:20.483	'120010550': login datacenter on PRC-Live through Server 3 (ping: 37.49 ms)
0	22:40:20.790	'120010550': previous successful authorization performed from 106.181.134.165
0	22:40:41.090	'120010550': ping to current access point Server 3 is 66.63 ms
2	23:59:49.170	Custom indicator Laguerre-ACS1 USDJPY,H4: removed
2	23:59:49.172	Custom indicator MACD USDJPY,H4: removed
2	23:59:49.177	Custom indicator Laguerre-ACS1 EURJPY,Daily: removed
2	23:59:49.179	Custom indicator MACD EURJPY,Daily: removed
2	23:59:49.183	Custom indicator Laguerre-ACS1 EURUSD,H4: removed
2	23:59:49.185	Custom indicator MACD EURUSD,H4: removed
2	23:59:49.211	Custom indicator Laguerre-ACS1 GBPUSD,H1: removed
2	23:59:49.213	Custom indicator MACD GBPUSD,H1: removed
2	23:59:49.231	Custom indicator Laguerre-ACS1 GBPJPY,H1: removed
2	23:59:49.233	Custom indicator MACD GBPJPY,H1: removed
2	23:59:49.252	Custom indicator Laguerre-ACS1 JP225,H1: removed
2	23:59:49.254	Custom indicator MACD JP225,H1: removed
2	23:59:49.257	Custom indicator Laguerre-ACS1 NDX100,H4: removed
2	23:59:49.259	Custom indicator MACD NDX100,H4: removed
2	23:59:49.265	Custom indicator Laguerre-ACS1 SPX500,H4: removed
2	23:59:49.266	Custom indicator MACD SPX500,H4: removed
2	23:59:49.271	Custom indicator Laguerre-ACS1 A50,H4: removed
2	23:59:49.272	Custom indicator MACD A50,H4: removed
2	23:59:49.276	Custom indicator Laguerre-ACS1 CHINA300,H4: removed
2	23:59:49.278	Custom indicator MACD CHINA300,H4: removed
2	23:59:49.282	Custom indicator Laguerre-ACS1 XAUUSD,Daily: removed
2	23:59:49.284	Custom indicator MACD XAUUSD,Daily: removed
2	23:59:49.291	Custom indicator Laguerre-ACS1 US_OIL,Daily: removed
2	23:59:49.294	Custom indicator MACD US_OIL,Daily: removed
0	23:59:49.705	FX Trader build 1170 stopped
0	23:59:57.797	FX Trader build 1170 started (Performance Ronnaru Capital Ltd.)
0	23:59:57.798	Windows 10 Home x64, IE 11, UAC, 8 x Intel Core i7-6700HQ  @ 2.60GHz, Memory: 26616 / 32639 Mb, Disk: 152 / 264 Gb, GMT+9
0	23:59:57.798	Data Folder: C:\Users\tiany\AppData\Roaming\MetaQuotes\Terminal\79214103E7A6FC97F86082D309D0B84B
2	23:59:59.488	Custom indicator 小鱼\Laguerre-ACS1 USDJPY,H4: loaded successfully
2	23:59:59.498	Custom indicator MACD USDJPY,H4: loaded successfully
2	23:59:59.603	Custom indicator 小鱼\Laguerre-ACS1 EURJPY,Daily: loaded successfully
2	23:59:59.612	Custom indicator MACD EURJPY,Daily: loaded successfully
2	23:59:59.714	Custom indicator 小鱼\Laguerre-ACS1 EURUSD,H4: loaded successfully
2	23:59:59.724	Custom indicator MACD EURUSD,H4: loaded successfully
2	23:59:59.830	Custom indicator 小鱼\Laguerre-ACS1 GBPUSD,H1: loaded successfully
2	23:59:59.840	Custom indicator MACD GBPUSD,H1: loaded successfully
2	23:59:59.945	Custom indicator 小鱼\Laguerre-ACS1 GBPJPY,H1: loaded successfully
2	23:59:59.956	Custom indicator MACD GBPJPY,H1: loaded successfully
