2019-02-20 00:16:53,397 [Worker-17] INFO  o.e.m.c.i.p.ProjectConfigurationManager - Collecting project info '/pom.xml' H:\GtihubRepository\FX\programe\workspace\ohlc\pom.xml
2019-02-20 00:16:54,728 [Worker-17] INFO  o.e.m.c.i.l.LifecycleMappingFactory - Using org.eclipse.m2e.jdt.JarLifecycleMapping lifecycle mapping for MavenProject: ty.fx:ohlc:0.0.1-SNAPSHOT @ H:\GtihubRepository\FX\programe\workspace\ohlc\pom.xml.
2019-02-20 00:16:55,740 [Worker-17] INFO  o.e.m.j.i.AbstractJavaProjectConfigurator - Adding source folder /ohlc/src/main/java
2019-02-20 00:16:55,745 [Worker-17] INFO  o.e.m.j.i.AbstractJavaProjectConfigurator - Adding source folder /ohlc/src/test/java
2019-02-20 00:16:57,255 [Worker-17] INFO  o.e.m.c.i.p.ProjectConfigurationManager - Imported and configured 1 project(s) in 3 sec
2019-02-20 00:16:57,961 [Worker-20] INFO  o.e.m.c.i.embedder.EclipseLogger - Using 'UTF-8' encoding to copy filtered resources.
2019-02-20 00:16:57,962 [Worker-20] INFO  o.e.m.c.i.embedder.EclipseLogger - skip non existing resourceDirectory H:\GtihubRepository\FX\programe\workspace\ohlc\src\main\resources
2019-02-20 00:16:57,964 [Worker-20] INFO  o.e.m.c.i.embedder.EclipseLogger - Using 'UTF-8' encoding to copy filtered resources.
2019-02-20 00:16:57,965 [Worker-20] INFO  o.e.m.c.i.embedder.EclipseLogger - skip non existing resourceDirectory H:\GtihubRepository\FX\programe\workspace\ohlc\src\test\resources
2019-02-20 00:21:04,239 [Worker-27] INFO  o.e.m.c.i.embedder.EclipseLogger - Using 'UTF-8' encoding to copy filtered resources.
2019-02-20 00:21:04,240 [Worker-27] INFO  o.e.m.c.i.embedder.EclipseLogger - skip non existing resourceDirectory H:\GtihubRepository\FX\programe\workspace\ohlc\src\main\resources
2019-02-20 00:21:04,243 [Worker-27] INFO  o.e.m.c.i.embedder.EclipseLogger - Using 'UTF-8' encoding to copy filtered resources.
2019-02-20 00:21:04,244 [Worker-27] INFO  o.e.m.c.i.embedder.EclipseLogger - skip non existing resourceDirectory H:\GtihubRepository\FX\programe\workspace\ohlc\src\test\resources
2019-02-20 00:21:05,466 [Worker-25] INFO  o.e.m.c.i.embedder.EclipseLogger - Using 'UTF-8' encoding to copy filtered resources.
2019-02-20 00:21:05,466 [Worker-25] INFO  o.e.m.c.i.embedder.EclipseLogger - skip non existing resourceDirectory H:\GtihubRepository\FX\programe\workspace\ohlc\src\main\resources
2019-02-20 00:21:05,471 [Worker-25] INFO  o.e.m.c.i.embedder.EclipseLogger - Using 'UTF-8' encoding to copy filtered resources.
2019-02-20 00:21:05,471 [Worker-25] INFO  o.e.m.c.i.embedder.EclipseLogger - skip non existing resourceDirectory H:\GtihubRepository\FX\programe\workspace\ohlc\src\test\resources
2019-02-20 00:21:23,938 [Worker-22] INFO  o.e.m.c.i.embedder.EclipseLogger - Using 'UTF-8' encoding to copy filtered resources.
2019-02-20 00:21:23,939 [Worker-22] INFO  o.e.m.c.i.embedder.EclipseLogger - skip non existing resourceDirectory H:\GtihubRepository\FX\programe\workspace\ohlc\src\main\resources
2019-02-20 00:21:23,940 [Worker-22] INFO  o.e.m.c.i.embedder.EclipseLogger - Using 'UTF-8' encoding to copy filtered resources.
2019-02-20 00:21:23,940 [Worker-22] INFO  o.e.m.c.i.embedder.EclipseLogger - skip non existing resourceDirectory H:\GtihubRepository\FX\programe\workspace\ohlc\src\test\resources
2019-02-20 00:22:04,278 [Worker-30] INFO  o.e.m.c.i.embedder.EclipseLogger - Using 'UTF-8' encoding to copy filtered resources.
2019-02-20 00:22:04,278 [Worker-30] INFO  o.e.m.c.i.embedder.EclipseLogger - skip non existing resourceDirectory H:\GtihubRepository\FX\programe\workspace\ohlc\src\main\resources
2019-02-20 00:22:04,280 [Worker-30] INFO  o.e.m.c.i.embedder.EclipseLogger - Using 'UTF-8' encoding to copy filtered resources.
2019-02-20 00:22:04,280 [Worker-30] INFO  o.e.m.c.i.embedder.EclipseLogger - skip non existing resourceDirectory H:\GtihubRepository\FX\programe\workspace\ohlc\src\test\resources
2019-02-20 00:23:19,758 [Worker-29] INFO  o.e.m.c.i.embedder.EclipseLogger - Using 'UTF-8' encoding to copy filtered resources.
2019-02-20 00:23:19,758 [Worker-29] INFO  o.e.m.c.i.embedder.EclipseLogger - skip non existing resourceDirectory H:\GtihubRepository\FX\programe\workspace\ohlc\src\main\resources
2019-02-20 00:23:19,762 [Worker-29] INFO  o.e.m.c.i.embedder.EclipseLogger - Using 'UTF-8' encoding to copy filtered resources.
2019-02-20 00:23:19,763 [Worker-29] INFO  o.e.m.c.i.embedder.EclipseLogger - skip non existing resourceDirectory H:\GtihubRepository\FX\programe\workspace\ohlc\src\test\resources
2019-02-20 00:23:36,329 [Worker-25] INFO  o.e.m.c.i.embedder.EclipseLogger - Using 'UTF-8' encoding to copy filtered resources.
2019-02-20 00:23:36,329 [Worker-25] INFO  o.e.m.c.i.embedder.EclipseLogger - skip non existing resourceDirectory H:\GtihubRepository\FX\programe\workspace\ohlc\src\main\resources
2019-02-20 00:23:36,331 [Worker-25] INFO  o.e.m.c.i.embedder.EclipseLogger - Using 'UTF-8' encoding to copy filtered resources.
2019-02-20 00:23:36,331 [Worker-25] INFO  o.e.m.c.i.embedder.EclipseLogger - skip non existing resourceDirectory H:\GtihubRepository\FX\programe\workspace\ohlc\src\test\resources
2019-02-20 00:23:44,244 [Worker-22] INFO  o.e.m.c.i.embedder.EclipseLogger - Using 'UTF-8' encoding to copy filtered resources.
2019-02-20 00:23:44,245 [Worker-22] INFO  o.e.m.c.i.embedder.EclipseLogger - skip non existing resourceDirectory H:\GtihubRepository\FX\programe\workspace\ohlc\src\main\resources
2019-02-20 00:23:44,248 [Worker-22] INFO  o.e.m.c.i.embedder.EclipseLogger - Using 'UTF-8' encoding to copy filtered resources.
2019-02-20 00:23:44,248 [Worker-22] INFO  o.e.m.c.i.embedder.EclipseLogger - skip non existing resourceDirectory H:\GtihubRepository\FX\programe\workspace\ohlc\src\test\resources
2019-02-20 00:23:50,668 [Worker-22] INFO  o.e.m.c.i.embedder.EclipseLogger - Using 'UTF-8' encoding to copy filtered resources.
2019-02-20 00:23:50,669 [Worker-22] INFO  o.e.m.c.i.embedder.EclipseLogger - skip non existing resourceDirectory H:\GtihubRepository\FX\programe\workspace\ohlc\src\main\resources
2019-02-20 00:23:50,670 [Worker-22] INFO  o.e.m.c.i.embedder.EclipseLogger - Using 'UTF-8' encoding to copy filtered resources.
2019-02-20 00:23:50,670 [Worker-22] INFO  o.e.m.c.i.embedder.EclipseLogger - skip non existing resourceDirectory H:\GtihubRepository\FX\programe\workspace\ohlc\src\test\resources
2019-02-20 00:24:28,133 [Worker-25] INFO  o.e.m.c.i.embedder.EclipseLogger - Using 'UTF-8' encoding to copy filtered resources.
2019-02-20 00:24:28,133 [Worker-25] INFO  o.e.m.c.i.embedder.EclipseLogger - skip non existing resourceDirectory H:\GtihubRepository\FX\programe\workspace\ohlc\src\main\resources
2019-02-20 00:24:28,134 [Worker-25] INFO  o.e.m.c.i.embedder.EclipseLogger - Using 'UTF-8' encoding to copy filtered resources.
2019-02-20 00:24:28,135 [Worker-25] INFO  o.e.m.c.i.embedder.EclipseLogger - skip non existing resourceDirectory H:\GtihubRepository\FX\programe\workspace\ohlc\src\test\resources
2019-02-20 00:24:42,979 [Worker-24] INFO  o.e.m.c.i.embedder.EclipseLogger - Using 'UTF-8' encoding to copy filtered resources.
2019-02-20 00:24:42,979 [Worker-24] INFO  o.e.m.c.i.embedder.EclipseLogger - skip non existing resourceDirectory H:\GtihubRepository\FX\programe\workspace\ohlc\src\main\resources
2019-02-20 00:24:42,980 [Worker-24] INFO  o.e.m.c.i.embedder.EclipseLogger - Using 'UTF-8' encoding to copy filtered resources.
2019-02-20 00:24:42,981 [Worker-24] INFO  o.e.m.c.i.embedder.EclipseLogger - skip non existing resourceDirectory H:\GtihubRepository\FX\programe\workspace\ohlc\src\test\resources
2019-02-20 00:25:18,730 [Worker-24] INFO  o.e.m.c.i.embedder.EclipseLogger - Using 'UTF-8' encoding to copy filtered resources.
2019-02-20 00:25:18,730 [Worker-24] INFO  o.e.m.c.i.embedder.EclipseLogger - skip non existing resourceDirectory H:\GtihubRepository\FX\programe\workspace\ohlc\src\main\resources
2019-02-20 00:25:18,732 [Worker-24] INFO  o.e.m.c.i.embedder.EclipseLogger - Using 'UTF-8' encoding to copy filtered resources.
2019-02-20 00:25:18,733 [Worker-24] INFO  o.e.m.c.i.embedder.EclipseLogger - skip non existing resourceDirectory H:\GtihubRepository\FX\programe\workspace\ohlc\src\test\resources
2019-02-20 00:25:33,581 [Worker-25] INFO  o.e.m.c.i.embedder.EclipseLogger - Using 'UTF-8' encoding to copy filtered resources.
2019-02-20 00:25:33,582 [Worker-25] INFO  o.e.m.c.i.embedder.EclipseLogger - skip non existing resourceDirectory H:\GtihubRepository\FX\programe\workspace\ohlc\src\main\resources
2019-02-20 00:25:33,583 [Worker-25] INFO  o.e.m.c.i.embedder.EclipseLogger - Using 'UTF-8' encoding to copy filtered resources.
2019-02-20 00:25:33,583 [Worker-25] INFO  o.e.m.c.i.embedder.EclipseLogger - skip non existing resourceDirectory H:\GtihubRepository\FX\programe\workspace\ohlc\src\test\resources
2019-02-20 00:25:39,465 [Worker-22] INFO  o.e.m.c.i.embedder.EclipseLogger - Using 'UTF-8' encoding to copy filtered resources.
2019-02-20 00:25:39,465 [Worker-22] INFO  o.e.m.c.i.embedder.EclipseLogger - skip non existing resourceDirectory H:\GtihubRepository\FX\programe\workspace\ohlc\src\main\resources
2019-02-20 00:25:39,466 [Worker-22] INFO  o.e.m.c.i.embedder.EclipseLogger - Using 'UTF-8' encoding to copy filtered resources.
2019-02-20 00:25:39,466 [Worker-22] INFO  o.e.m.c.i.embedder.EclipseLogger - skip non existing resourceDirectory H:\GtihubRepository\FX\programe\workspace\ohlc\src\test\resources
2019-02-20 00:25:57,881 [Worker-31] INFO  o.e.m.c.i.embedder.EclipseLogger - Using 'UTF-8' encoding to copy filtered resources.
2019-02-20 00:25:57,882 [Worker-31] INFO  o.e.m.c.i.embedder.EclipseLogger - skip non existing resourceDirectory H:\GtihubRepository\FX\programe\workspace\ohlc\src\main\resources
2019-02-20 00:25:57,883 [Worker-31] INFO  o.e.m.c.i.embedder.EclipseLogger - Using 'UTF-8' encoding to copy filtered resources.
2019-02-20 00:25:57,884 [Worker-31] INFO  o.e.m.c.i.embedder.EclipseLogger - skip non existing resourceDirectory H:\GtihubRepository\FX\programe\workspace\ohlc\src\test\resources
2019-02-20 00:26:10,421 [Worker-25] INFO  o.e.m.c.i.embedder.EclipseLogger - Using 'UTF-8' encoding to copy filtered resources.
2019-02-20 00:26:10,421 [Worker-25] INFO  o.e.m.c.i.embedder.EclipseLogger - skip non existing resourceDirectory H:\GtihubRepository\FX\programe\workspace\ohlc\src\main\resources
2019-02-20 00:26:10,423 [Worker-25] INFO  o.e.m.c.i.embedder.EclipseLogger - Using 'UTF-8' encoding to copy filtered resources.
2019-02-20 00:26:10,424 [Worker-25] INFO  o.e.m.c.i.embedder.EclipseLogger - skip non existing resourceDirectory H:\GtihubRepository\FX\programe\workspace\ohlc\src\test\resources
2019-02-20 00:30:11,282 [Worker-34] INFO  o.e.m.c.i.l.LifecycleMappingFactory - Using org.eclipse.m2e.jdt.JarLifecycleMapping lifecycle mapping for MavenProject: ty.fx:ohlc:0.0.1-SNAPSHOT @ H:\GtihubRepository\FX\programe\workspace\ohlc\pom.xml.
2019-02-20 00:30:12,373 [Worker-34] INFO  o.e.m.c.i.e.AbstractTransferListenerAdapter - Downloading https://repo.maven.apache.org/maven2/net/sourceforge/javacsv/javacsv/2.0/javacsv-2.0.pom
2019-02-20 00:30:12,537 [Worker-34] INFO  o.e.m.c.i.e.AbstractTransferListenerAdapter - Downloaded https://repo.maven.apache.org/maven2/net/sourceforge/javacsv/javacsv/2.0/javacsv-2.0.pom
2019-02-20 00:30:12,711 [Worker-34] INFO  o.e.m.c.i.e.AbstractTransferListenerAdapter - Downloading https://repo.maven.apache.org/maven2/net/sourceforge/javacsv/javacsv/2.0/javacsv-2.0.jar
2019-02-20 00:30:13,074 [Worker-34] INFO  o.e.m.c.i.e.AbstractTransferListenerAdapter - Downloaded https://repo.maven.apache.org/maven2/net/sourceforge/javacsv/javacsv/2.0/javacsv-2.0.jar
2019-02-20 00:30:13,546 [Worker-34] INFO  o.e.m.c.i.embedder.EclipseLogger - Using 'UTF-8' encoding to copy filtered resources.
2019-02-20 00:30:13,547 [Worker-34] INFO  o.e.m.c.i.embedder.EclipseLogger - skip non existing resourceDirectory H:\GtihubRepository\FX\programe\workspace\ohlc\src\main\resources
2019-02-20 00:30:13,548 [Worker-34] INFO  o.e.m.c.i.embedder.EclipseLogger - Using 'UTF-8' encoding to copy filtered resources.
2019-02-20 00:30:13,549 [Worker-34] INFO  o.e.m.c.i.embedder.EclipseLogger - skip non existing resourceDirectory H:\GtihubRepository\FX\programe\workspace\ohlc\src\test\resources
2019-02-20 00:30:15,469 [Worker-25] INFO  o.e.m.c.i.l.LifecycleMappingFactory - Using org.eclipse.m2e.jdt.JarLifecycleMapping lifecycle mapping for MavenProject: ty.fx:ohlc:0.0.1-SNAPSHOT @ H:\GtihubRepository\FX\programe\workspace\ohlc\pom.xml.
2019-02-20 00:30:15,925 [Worker-25] INFO  o.e.m.c.i.embedder.EclipseLogger - Using 'UTF-8' encoding to copy filtered resources.
2019-02-20 00:30:15,925 [Worker-25] INFO  o.e.m.c.i.embedder.EclipseLogger - skip non existing resourceDirectory H:\GtihubRepository\FX\programe\workspace\ohlc\src\main\resources
2019-02-20 00:30:15,927 [Worker-25] INFO  o.e.m.c.i.embedder.EclipseLogger - Using 'UTF-8' encoding to copy filtered resources.
2019-02-20 00:30:15,928 [Worker-25] INFO  o.e.m.c.i.embedder.EclipseLogger - skip non existing resourceDirectory H:\GtihubRepository\FX\programe\workspace\ohlc\src\test\resources
2019-02-20 00:31:43,422 [Worker-33] INFO  o.e.m.c.i.embedder.EclipseLogger - Using 'UTF-8' encoding to copy filtered resources.
2019-02-20 00:31:43,423 [Worker-33] INFO  o.e.m.c.i.embedder.EclipseLogger - skip non existing resourceDirectory H:\GtihubRepository\FX\programe\workspace\ohlc\src\main\resources
2019-02-20 00:31:43,424 [Worker-33] INFO  o.e.m.c.i.embedder.EclipseLogger - Using 'UTF-8' encoding to copy filtered resources.
2019-02-20 00:31:43,424 [Worker-33] INFO  o.e.m.c.i.embedder.EclipseLogger - skip non existing resourceDirectory H:\GtihubRepository\FX\programe\workspace\ohlc\src\test\resources
2019-02-20 00:32:21,103 [Worker-32] INFO  o.e.m.c.i.embedder.EclipseLogger - Using 'UTF-8' encoding to copy filtered resources.
2019-02-20 00:32:21,104 [Worker-32] INFO  o.e.m.c.i.embedder.EclipseLogger - skip non existing resourceDirectory H:\GtihubRepository\FX\programe\workspace\ohlc\src\main\resources
2019-02-20 00:32:21,105 [Worker-32] INFO  o.e.m.c.i.embedder.EclipseLogger - Using 'UTF-8' encoding to copy filtered resources.
2019-02-20 00:32:21,105 [Worker-32] INFO  o.e.m.c.i.embedder.EclipseLogger - skip non existing resourceDirectory H:\GtihubRepository\FX\programe\workspace\ohlc\src\test\resources
2019-02-20 00:32:39,421 [Worker-25] INFO  o.e.m.c.i.embedder.EclipseLogger - Using 'UTF-8' encoding to copy filtered resources.
2019-02-20 00:32:39,421 [Worker-25] INFO  o.e.m.c.i.embedder.EclipseLogger - skip non existing resourceDirectory H:\GtihubRepository\FX\programe\workspace\ohlc\src\main\resources
2019-02-20 00:32:39,422 [Worker-25] INFO  o.e.m.c.i.embedder.EclipseLogger - Using 'UTF-8' encoding to copy filtered resources.
2019-02-20 00:32:39,423 [Worker-25] INFO  o.e.m.c.i.embedder.EclipseLogger - skip non existing resourceDirectory H:\GtihubRepository\FX\programe\workspace\ohlc\src\test\resources
2019-02-20 00:35:27,748 [Worker-42] INFO  o.e.m.c.i.embedder.EclipseLogger - Using 'UTF-8' encoding to copy filtered resources.
2019-02-20 00:35:27,748 [Worker-42] INFO  o.e.m.c.i.embedder.EclipseLogger - skip non existing resourceDirectory H:\GtihubRepository\FX\programe\workspace\ohlc\src\main\resources
2019-02-20 00:35:27,749 [Worker-42] INFO  o.e.m.c.i.embedder.EclipseLogger - Using 'UTF-8' encoding to copy filtered resources.
2019-02-20 00:35:27,749 [Worker-42] INFO  o.e.m.c.i.embedder.EclipseLogger - skip non existing resourceDirectory H:\GtihubRepository\FX\programe\workspace\ohlc\src\test\resources
2019-02-20 00:35:36,412 [Worker-41] INFO  o.e.m.c.i.embedder.EclipseLogger - Using 'UTF-8' encoding to copy filtered resources.
2019-02-20 00:35:36,412 [Worker-41] INFO  o.e.m.c.i.embedder.EclipseLogger - skip non existing resourceDirectory H:\GtihubRepository\FX\programe\workspace\ohlc\src\main\resources
2019-02-20 00:35:36,413 [Worker-41] INFO  o.e.m.c.i.embedder.EclipseLogger - Using 'UTF-8' encoding to copy filtered resources.
2019-02-20 00:35:36,414 [Worker-41] INFO  o.e.m.c.i.embedder.EclipseLogger - skip non existing resourceDirectory H:\GtihubRepository\FX\programe\workspace\ohlc\src\test\resources
2019-02-20 00:36:01,781 [Worker-42] INFO  o.e.m.c.i.embedder.EclipseLogger - Using 'UTF-8' encoding to copy filtered resources.
2019-02-20 00:36:01,782 [Worker-42] INFO  o.e.m.c.i.embedder.EclipseLogger - skip non existing resourceDirectory H:\GtihubRepository\FX\programe\workspace\ohlc\src\main\resources
2019-02-20 00:36:01,783 [Worker-42] INFO  o.e.m.c.i.embedder.EclipseLogger - Using 'UTF-8' encoding to copy filtered resources.
2019-02-20 00:36:01,783 [Worker-42] INFO  o.e.m.c.i.embedder.EclipseLogger - skip non existing resourceDirectory H:\GtihubRepository\FX\programe\workspace\ohlc\src\test\resources
2019-02-20 00:36:35,856 [Worker-42] INFO  o.e.m.c.i.embedder.EclipseLogger - Using 'UTF-8' encoding to copy filtered resources.
2019-02-20 00:36:35,856 [Worker-42] INFO  o.e.m.c.i.embedder.EclipseLogger - skip non existing resourceDirectory H:\GtihubRepository\FX\programe\workspace\ohlc\src\main\resources
2019-02-20 00:36:35,860 [Worker-42] INFO  o.e.m.c.i.embedder.EclipseLogger - Using 'UTF-8' encoding to copy filtered resources.
2019-02-20 00:36:35,860 [Worker-42] INFO  o.e.m.c.i.embedder.EclipseLogger - skip non existing resourceDirectory H:\GtihubRepository\FX\programe\workspace\ohlc\src\test\resources
2019-02-20 00:36:44,718 [Worker-43] INFO  o.e.m.c.i.embedder.EclipseLogger - Using 'UTF-8' encoding to copy filtered resources.
2019-02-20 00:36:44,719 [Worker-43] INFO  o.e.m.c.i.embedder.EclipseLogger - skip non existing resourceDirectory H:\GtihubRepository\FX\programe\workspace\ohlc\src\main\resources
2019-02-20 00:36:44,720 [Worker-43] INFO  o.e.m.c.i.embedder.EclipseLogger - Using 'UTF-8' encoding to copy filtered resources.
2019-02-20 00:36:44,721 [Worker-43] INFO  o.e.m.c.i.embedder.EclipseLogger - skip non existing resourceDirectory H:\GtihubRepository\FX\programe\workspace\ohlc\src\test\resources
2019-02-20 00:36:51,132 [Worker-40] INFO  o.e.m.c.i.embedder.EclipseLogger - Using 'UTF-8' encoding to copy filtered resources.
2019-02-20 00:36:51,133 [Worker-40] INFO  o.e.m.c.i.embedder.EclipseLogger - skip non existing resourceDirectory H:\GtihubRepository\FX\programe\workspace\ohlc\src\main\resources
2019-02-20 00:36:51,134 [Worker-40] INFO  o.e.m.c.i.embedder.EclipseLogger - Using 'UTF-8' encoding to copy filtered resources.
2019-02-20 00:36:51,134 [Worker-40] INFO  o.e.m.c.i.embedder.EclipseLogger - skip non existing resourceDirectory H:\GtihubRepository\FX\programe\workspace\ohlc\src\test\resources
2019-02-20 00:36:59,998 [Worker-43] INFO  o.e.m.c.i.embedder.EclipseLogger - Using 'UTF-8' encoding to copy filtered resources.
2019-02-20 00:36:59,998 [Worker-43] INFO  o.e.m.c.i.embedder.EclipseLogger - skip non existing resourceDirectory H:\GtihubRepository\FX\programe\workspace\ohlc\src\main\resources
2019-02-20 00:36:59,999 [Worker-43] INFO  o.e.m.c.i.embedder.EclipseLogger - Using 'UTF-8' encoding to copy filtered resources.
2019-02-20 00:37:00,000 [Worker-43] INFO  o.e.m.c.i.embedder.EclipseLogger - skip non existing resourceDirectory H:\GtihubRepository\FX\programe\workspace\ohlc\src\test\resources
2019-02-20 00:37:08,152 [Worker-41] INFO  o.e.m.c.i.embedder.EclipseLogger - Using 'UTF-8' encoding to copy filtered resources.
2019-02-20 00:37:08,152 [Worker-41] INFO  o.e.m.c.i.embedder.EclipseLogger - skip non existing resourceDirectory H:\GtihubRepository\FX\programe\workspace\ohlc\src\main\resources
2019-02-20 00:37:08,153 [Worker-41] INFO  o.e.m.c.i.embedder.EclipseLogger - Using 'UTF-8' encoding to copy filtered resources.
2019-02-20 00:37:08,154 [Worker-41] INFO  o.e.m.c.i.embedder.EclipseLogger - skip non existing resourceDirectory H:\GtihubRepository\FX\programe\workspace\ohlc\src\test\resources
2019-02-20 00:37:14,120 [Worker-42] INFO  o.e.m.c.i.embedder.EclipseLogger - Using 'UTF-8' encoding to copy filtered resources.
2019-02-20 00:37:14,120 [Worker-42] INFO  o.e.m.c.i.embedder.EclipseLogger - skip non existing resourceDirectory H:\GtihubRepository\FX\programe\workspace\ohlc\src\main\resources
2019-02-20 00:37:14,121 [Worker-42] INFO  o.e.m.c.i.embedder.EclipseLogger - Using 'UTF-8' encoding to copy filtered resources.
2019-02-20 00:37:14,122 [Worker-42] INFO  o.e.m.c.i.embedder.EclipseLogger - skip non existing resourceDirectory H:\GtihubRepository\FX\programe\workspace\ohlc\src\test\resources
2019-02-20 00:37:28,991 [Worker-43] INFO  o.e.m.c.i.embedder.EclipseLogger - Using 'UTF-8' encoding to copy filtered resources.
2019-02-20 00:37:28,991 [Worker-43] INFO  o.e.m.c.i.embedder.EclipseLogger - skip non existing resourceDirectory H:\GtihubRepository\FX\programe\workspace\ohlc\src\main\resources
2019-02-20 00:37:28,993 [Worker-43] INFO  o.e.m.c.i.embedder.EclipseLogger - Using 'UTF-8' encoding to copy filtered resources.
2019-02-20 00:37:28,993 [Worker-43] INFO  o.e.m.c.i.embedder.EclipseLogger - skip non existing resourceDirectory H:\GtihubRepository\FX\programe\workspace\ohlc\src\test\resources
2019-02-20 00:37:42,683 [Worker-41] INFO  o.e.m.c.i.embedder.EclipseLogger - Using 'UTF-8' encoding to copy filtered resources.
2019-02-20 00:37:42,683 [Worker-41] INFO  o.e.m.c.i.embedder.EclipseLogger - skip non existing resourceDirectory H:\GtihubRepository\FX\programe\workspace\ohlc\src\main\resources
2019-02-20 00:37:42,684 [Worker-41] INFO  o.e.m.c.i.embedder.EclipseLogger - Using 'UTF-8' encoding to copy filtered resources.
2019-02-20 00:37:42,684 [Worker-41] INFO  o.e.m.c.i.embedder.EclipseLogger - skip non existing resourceDirectory H:\GtihubRepository\FX\programe\workspace\ohlc\src\test\resources
2019-02-20 00:38:42,104 [Worker-39] INFO  o.e.m.c.i.embedder.EclipseLogger - Using 'UTF-8' encoding to copy filtered resources.
2019-02-20 00:38:42,104 [Worker-39] INFO  o.e.m.c.i.embedder.EclipseLogger - skip non existing resourceDirectory H:\GtihubRepository\FX\programe\workspace\ohlc\src\main\resources
2019-02-20 00:38:42,106 [Worker-39] INFO  o.e.m.c.i.embedder.EclipseLogger - Using 'UTF-8' encoding to copy filtered resources.
2019-02-20 00:38:42,107 [Worker-39] INFO  o.e.m.c.i.embedder.EclipseLogger - skip non existing resourceDirectory H:\GtihubRepository\FX\programe\workspace\ohlc\src\test\resources
2019-02-20 00:40:05,086 [Worker-44] INFO  o.e.m.c.i.embedder.EclipseLogger - Using 'UTF-8' encoding to copy filtered resources.
2019-02-20 00:40:05,086 [Worker-44] INFO  o.e.m.c.i.embedder.EclipseLogger - skip non existing resourceDirectory H:\GtihubRepository\FX\programe\workspace\ohlc\src\main\resources
2019-02-20 00:40:05,087 [Worker-44] INFO  o.e.m.c.i.embedder.EclipseLogger - Using 'UTF-8' encoding to copy filtered resources.
2019-02-20 00:40:05,088 [Worker-44] INFO  o.e.m.c.i.embedder.EclipseLogger - skip non existing resourceDirectory H:\GtihubRepository\FX\programe\workspace\ohlc\src\test\resources
2019-02-20 00:40:16,715 [Worker-45] INFO  o.e.m.c.i.embedder.EclipseLogger - Using 'UTF-8' encoding to copy filtered resources.
2019-02-20 00:40:16,716 [Worker-45] INFO  o.e.m.c.i.embedder.EclipseLogger - skip non existing resourceDirectory H:\GtihubRepository\FX\programe\workspace\ohlc\src\main\resources
2019-02-20 00:40:16,716 [Worker-45] INFO  o.e.m.c.i.embedder.EclipseLogger - Using 'UTF-8' encoding to copy filtered resources.
2019-02-20 00:40:16,717 [Worker-45] INFO  o.e.m.c.i.embedder.EclipseLogger - skip non existing resourceDirectory H:\GtihubRepository\FX\programe\workspace\ohlc\src\test\resources
2019-02-20 00:48:55,562 [Worker-33] INFO  o.e.m.c.i.embedder.EclipseLogger - Using 'UTF-8' encoding to copy filtered resources.
2019-02-20 00:48:55,562 [Worker-33] INFO  o.e.m.c.i.embedder.EclipseLogger - skip non existing resourceDirectory H:\GtihubRepository\FX\programe\workspace\ohlc\src\main\resources
2019-02-20 00:48:55,563 [Worker-33] INFO  o.e.m.c.i.embedder.EclipseLogger - Using 'UTF-8' encoding to copy filtered resources.
2019-02-20 00:48:55,563 [Worker-33] INFO  o.e.m.c.i.embedder.EclipseLogger - skip non existing resourceDirectory H:\GtihubRepository\FX\programe\workspace\ohlc\src\test\resources
2019-02-20 00:49:22,771 [Worker-40] INFO  o.e.m.c.i.embedder.EclipseLogger - Using 'UTF-8' encoding to copy filtered resources.
2019-02-20 00:49:22,771 [Worker-40] INFO  o.e.m.c.i.embedder.EclipseLogger - skip non existing resourceDirectory H:\GtihubRepository\FX\programe\workspace\ohlc\src\main\resources
2019-02-20 00:49:22,773 [Worker-40] INFO  o.e.m.c.i.embedder.EclipseLogger - Using 'UTF-8' encoding to copy filtered resources.
2019-02-20 00:49:22,773 [Worker-40] INFO  o.e.m.c.i.embedder.EclipseLogger - skip non existing resourceDirectory H:\GtihubRepository\FX\programe\workspace\ohlc\src\test\resources
2019-02-20 00:53:30,931 [Worker-46] INFO  o.e.m.c.i.embedder.EclipseLogger - Using 'UTF-8' encoding to copy filtered resources.
2019-02-20 00:53:30,931 [Worker-46] INFO  o.e.m.c.i.embedder.EclipseLogger - skip non existing resourceDirectory H:\GtihubRepository\FX\programe\workspace\ohlc\src\main\resources
2019-02-20 00:53:30,933 [Worker-46] INFO  o.e.m.c.i.embedder.EclipseLogger - Using 'UTF-8' encoding to copy filtered resources.
2019-02-20 00:53:30,933 [Worker-46] INFO  o.e.m.c.i.embedder.EclipseLogger - skip non existing resourceDirectory H:\GtihubRepository\FX\programe\workspace\ohlc\src\test\resources
2019-02-20 00:54:12,871 [Worker-43] INFO  o.e.m.c.i.embedder.EclipseLogger - Using 'UTF-8' encoding to copy filtered resources.
2019-02-20 00:54:12,871 [Worker-43] INFO  o.e.m.c.i.embedder.EclipseLogger - skip non existing resourceDirectory H:\GtihubRepository\FX\programe\workspace\ohlc\src\main\resources
2019-02-20 00:54:12,873 [Worker-43] INFO  o.e.m.c.i.embedder.EclipseLogger - Using 'UTF-8' encoding to copy filtered resources.
2019-02-20 00:54:12,873 [Worker-43] INFO  o.e.m.c.i.embedder.EclipseLogger - skip non existing resourceDirectory H:\GtihubRepository\FX\programe\workspace\ohlc\src\test\resources
2019-02-20 01:02:55,926 [Worker-54] INFO  o.e.m.c.i.embedder.EclipseLogger - Using 'UTF-8' encoding to copy filtered resources.
2019-02-20 01:02:55,926 [Worker-54] INFO  o.e.m.c.i.embedder.EclipseLogger - skip non existing resourceDirectory H:\GtihubRepository\FX\programe\workspace\ohlc\src\main\resources
2019-02-20 01:02:55,927 [Worker-54] INFO  o.e.m.c.i.embedder.EclipseLogger - Using 'UTF-8' encoding to copy filtered resources.
2019-02-20 01:02:55,927 [Worker-54] INFO  o.e.m.c.i.embedder.EclipseLogger - skip non existing resourceDirectory H:\GtihubRepository\FX\programe\workspace\ohlc\src\test\resources
2019-02-20 01:07:23,232 [Worker-53] INFO  o.e.m.c.i.embedder.EclipseLogger - Using 'UTF-8' encoding to copy filtered resources.
2019-02-20 01:07:23,232 [Worker-53] INFO  o.e.m.c.i.embedder.EclipseLogger - skip non existing resourceDirectory H:\GtihubRepository\FX\programe\workspace\ohlc\src\main\resources
2019-02-20 01:07:23,233 [Worker-53] INFO  o.e.m.c.i.embedder.EclipseLogger - Using 'UTF-8' encoding to copy filtered resources.
2019-02-20 01:07:23,234 [Worker-53] INFO  o.e.m.c.i.embedder.EclipseLogger - skip non existing resourceDirectory H:\GtihubRepository\FX\programe\workspace\ohlc\src\test\resources
2019-02-20 01:08:09,175 [Worker-57] INFO  o.e.m.c.i.embedder.EclipseLogger - Using 'UTF-8' encoding to copy filtered resources.
2019-02-20 01:08:09,176 [Worker-57] INFO  o.e.m.c.i.embedder.EclipseLogger - skip non existing resourceDirectory H:\GtihubRepository\FX\programe\workspace\ohlc\src\main\resources
2019-02-20 01:08:09,177 [Worker-57] INFO  o.e.m.c.i.embedder.EclipseLogger - Using 'UTF-8' encoding to copy filtered resources.
2019-02-20 01:08:09,177 [Worker-57] INFO  o.e.m.c.i.embedder.EclipseLogger - skip non existing resourceDirectory H:\GtihubRepository\FX\programe\workspace\ohlc\src\test\resources
2019-02-20 01:14:03,464 [Worker-64] INFO  o.e.m.c.i.embedder.EclipseLogger - Using 'UTF-8' encoding to copy filtered resources.
2019-02-20 01:14:03,464 [Worker-64] INFO  o.e.m.c.i.embedder.EclipseLogger - skip non existing resourceDirectory H:\GtihubRepository\FX\programe\workspace\ohlc\src\main\resources
2019-02-20 01:14:03,465 [Worker-64] INFO  o.e.m.c.i.embedder.EclipseLogger - Using 'UTF-8' encoding to copy filtered resources.
2019-02-20 01:14:03,465 [Worker-64] INFO  o.e.m.c.i.embedder.EclipseLogger - skip non existing resourceDirectory H:\GtihubRepository\FX\programe\workspace\ohlc\src\test\resources
2019-02-20 01:14:20,550 [Worker-62] INFO  o.e.m.c.i.embedder.EclipseLogger - Using 'UTF-8' encoding to copy filtered resources.
2019-02-20 01:14:20,550 [Worker-62] INFO  o.e.m.c.i.embedder.EclipseLogger - skip non existing resourceDirectory H:\GtihubRepository\FX\programe\workspace\ohlc\src\main\resources
2019-02-20 01:14:20,551 [Worker-62] INFO  o.e.m.c.i.embedder.EclipseLogger - Using 'UTF-8' encoding to copy filtered resources.
2019-02-20 01:14:20,551 [Worker-62] INFO  o.e.m.c.i.embedder.EclipseLogger - skip non existing resourceDirectory H:\GtihubRepository\FX\programe\workspace\ohlc\src\test\resources
2019-02-20 01:21:30,729 [Worker-62] INFO  o.e.m.c.i.embedder.EclipseLogger - Using 'UTF-8' encoding to copy filtered resources.
2019-02-20 01:21:30,729 [Worker-62] INFO  o.e.m.c.i.embedder.EclipseLogger - skip non existing resourceDirectory H:\GtihubRepository\FX\programe\workspace\ohlc\src\main\resources
2019-02-20 01:21:30,730 [Worker-62] INFO  o.e.m.c.i.embedder.EclipseLogger - Using 'UTF-8' encoding to copy filtered resources.
2019-02-20 01:21:30,731 [Worker-62] INFO  o.e.m.c.i.embedder.EclipseLogger - skip non existing resourceDirectory H:\GtihubRepository\FX\programe\workspace\ohlc\src\test\resources
2019-02-20 01:22:27,263 [Worker-61] INFO  o.e.m.c.i.embedder.EclipseLogger - Using 'UTF-8' encoding to copy filtered resources.
2019-02-20 01:22:27,263 [Worker-61] INFO  o.e.m.c.i.embedder.EclipseLogger - skip non existing resourceDirectory H:\GtihubRepository\FX\programe\workspace\ohlc\src\main\resources
2019-02-20 01:22:27,264 [Worker-61] INFO  o.e.m.c.i.embedder.EclipseLogger - Using 'UTF-8' encoding to copy filtered resources.
2019-02-20 01:22:27,264 [Worker-61] INFO  o.e.m.c.i.embedder.EclipseLogger - skip non existing resourceDirectory H:\GtihubRepository\FX\programe\workspace\ohlc\src\test\resources
2019-02-20 01:27:07,499 [Worker-57] INFO  o.e.m.c.i.embedder.EclipseLogger - Using 'UTF-8' encoding to copy filtered resources.
2019-02-20 01:27:07,500 [Worker-57] INFO  o.e.m.c.i.embedder.EclipseLogger - skip non existing resourceDirectory H:\GtihubRepository\FX\programe\workspace\ohlc\src\main\resources
2019-02-20 01:27:07,501 [Worker-57] INFO  o.e.m.c.i.embedder.EclipseLogger - Using 'UTF-8' encoding to copy filtered resources.
2019-02-20 01:27:07,501 [Worker-57] INFO  o.e.m.c.i.embedder.EclipseLogger - skip non existing resourceDirectory H:\GtihubRepository\FX\programe\workspace\ohlc\src\test\resources
2019-02-20 01:27:19,058 [Worker-69] INFO  o.e.m.c.i.embedder.EclipseLogger - Using 'UTF-8' encoding to copy filtered resources.
2019-02-20 01:27:19,059 [Worker-69] INFO  o.e.m.c.i.embedder.EclipseLogger - skip non existing resourceDirectory H:\GtihubRepository\FX\programe\workspace\ohlc\src\main\resources
2019-02-20 01:27:19,060 [Worker-69] INFO  o.e.m.c.i.embedder.EclipseLogger - Using 'UTF-8' encoding to copy filtered resources.
2019-02-20 01:27:19,060 [Worker-69] INFO  o.e.m.c.i.embedder.EclipseLogger - skip non existing resourceDirectory H:\GtihubRepository\FX\programe\workspace\ohlc\src\test\resources
2019-02-20 01:27:48,919 [Worker-57] INFO  o.e.m.c.i.embedder.EclipseLogger - Using 'UTF-8' encoding to copy filtered resources.
2019-02-20 01:27:48,920 [Worker-57] INFO  o.e.m.c.i.embedder.EclipseLogger - skip non existing resourceDirectory H:\GtihubRepository\FX\programe\workspace\ohlc\src\main\resources
2019-02-20 01:27:48,921 [Worker-57] INFO  o.e.m.c.i.embedder.EclipseLogger - Using 'UTF-8' encoding to copy filtered resources.
2019-02-20 01:27:48,921 [Worker-57] INFO  o.e.m.c.i.embedder.EclipseLogger - skip non existing resourceDirectory H:\GtihubRepository\FX\programe\workspace\ohlc\src\test\resources
2019-02-20 01:28:08,610 [Worker-57] INFO  o.e.m.c.i.embedder.EclipseLogger - Using 'UTF-8' encoding to copy filtered resources.
2019-02-20 01:28:08,611 [Worker-57] INFO  o.e.m.c.i.embedder.EclipseLogger - skip non existing resourceDirectory H:\GtihubRepository\FX\programe\workspace\ohlc\src\main\resources
2019-02-20 01:28:08,611 [Worker-57] INFO  o.e.m.c.i.embedder.EclipseLogger - Using 'UTF-8' encoding to copy filtered resources.
2019-02-20 01:28:08,612 [Worker-57] INFO  o.e.m.c.i.embedder.EclipseLogger - skip non existing resourceDirectory H:\GtihubRepository\FX\programe\workspace\ohlc\src\test\resources
2019-02-20 01:28:33,844 [Worker-62] INFO  o.e.m.c.i.embedder.EclipseLogger - Using 'UTF-8' encoding to copy filtered resources.
2019-02-20 01:28:33,844 [Worker-62] INFO  o.e.m.c.i.embedder.EclipseLogger - skip non existing resourceDirectory H:\GtihubRepository\FX\programe\workspace\ohlc\src\main\resources
2019-02-20 01:28:33,845 [Worker-62] INFO  o.e.m.c.i.embedder.EclipseLogger - Using 'UTF-8' encoding to copy filtered resources.
2019-02-20 01:28:33,846 [Worker-62] INFO  o.e.m.c.i.embedder.EclipseLogger - skip non existing resourceDirectory H:\GtihubRepository\FX\programe\workspace\ohlc\src\test\resources
2019-02-20 01:29:06,304 [Worker-72] INFO  o.e.m.c.i.embedder.EclipseLogger - Using 'UTF-8' encoding to copy filtered resources.
2019-02-20 01:29:06,304 [Worker-72] INFO  o.e.m.c.i.embedder.EclipseLogger - skip non existing resourceDirectory H:\GtihubRepository\FX\programe\workspace\ohlc\src\main\resources
2019-02-20 01:29:06,305 [Worker-72] INFO  o.e.m.c.i.embedder.EclipseLogger - Using 'UTF-8' encoding to copy filtered resources.
2019-02-20 01:29:06,305 [Worker-72] INFO  o.e.m.c.i.embedder.EclipseLogger - skip non existing resourceDirectory H:\GtihubRepository\FX\programe\workspace\ohlc\src\test\resources
2019-02-20 01:33:23,052 [Worker-61] INFO  o.e.m.c.i.embedder.EclipseLogger - Using 'UTF-8' encoding to copy filtered resources.
2019-02-20 01:33:23,052 [Worker-61] INFO  o.e.m.c.i.embedder.EclipseLogger - skip non existing resourceDirectory H:\GtihubRepository\FX\programe\workspace\ohlc\src\main\resources
2019-02-20 01:33:23,053 [Worker-61] INFO  o.e.m.c.i.embedder.EclipseLogger - Using 'UTF-8' encoding to copy filtered resources.
2019-02-20 01:33:23,054 [Worker-61] INFO  o.e.m.c.i.embedder.EclipseLogger - skip non existing resourceDirectory H:\GtihubRepository\FX\programe\workspace\ohlc\src\test\resources
2019-02-20 01:33:24,071 [Worker-71] INFO  o.e.m.c.i.embedder.EclipseLogger - Using 'UTF-8' encoding to copy filtered resources.
2019-02-20 01:33:24,072 [Worker-71] INFO  o.e.m.c.i.embedder.EclipseLogger - skip non existing resourceDirectory H:\GtihubRepository\FX\programe\workspace\ohlc\src\main\resources
2019-02-20 01:33:24,073 [Worker-71] INFO  o.e.m.c.i.embedder.EclipseLogger - Using 'UTF-8' encoding to copy filtered resources.
2019-02-20 01:33:24,073 [Worker-71] INFO  o.e.m.c.i.embedder.EclipseLogger - skip non existing resourceDirectory H:\GtihubRepository\FX\programe\workspace\ohlc\src\test\resources
2019-02-20 01:35:10,391 [Worker-62] INFO  o.e.m.c.i.embedder.EclipseLogger - Using 'UTF-8' encoding to copy filtered resources.
2019-02-20 01:35:10,391 [Worker-62] INFO  o.e.m.c.i.embedder.EclipseLogger - skip non existing resourceDirectory H:\GtihubRepository\FX\programe\workspace\ohlc\src\main\resources
2019-02-20 01:35:10,392 [Worker-62] INFO  o.e.m.c.i.embedder.EclipseLogger - Using 'UTF-8' encoding to copy filtered resources.
2019-02-20 01:35:10,392 [Worker-62] INFO  o.e.m.c.i.embedder.EclipseLogger - skip non existing resourceDirectory H:\GtihubRepository\FX\programe\workspace\ohlc\src\test\resources
2019-02-20 01:36:08,186 [Worker-69] INFO  o.e.m.c.i.embedder.EclipseLogger - Using 'UTF-8' encoding to copy filtered resources.
2019-02-20 01:36:08,187 [Worker-69] INFO  o.e.m.c.i.embedder.EclipseLogger - skip non existing resourceDirectory H:\GtihubRepository\FX\programe\workspace\ohlc\src\main\resources
2019-02-20 01:36:08,188 [Worker-69] INFO  o.e.m.c.i.embedder.EclipseLogger - Using 'UTF-8' encoding to copy filtered resources.
2019-02-20 01:36:08,188 [Worker-69] INFO  o.e.m.c.i.embedder.EclipseLogger - skip non existing resourceDirectory H:\GtihubRepository\FX\programe\workspace\ohlc\src\test\resources
2019-02-20 01:36:53,711 [Worker-71] INFO  o.e.m.c.i.embedder.EclipseLogger - Using 'UTF-8' encoding to copy filtered resources.
2019-02-20 01:36:53,712 [Worker-71] INFO  o.e.m.c.i.embedder.EclipseLogger - skip non existing resourceDirectory H:\GtihubRepository\FX\programe\workspace\ohlc\src\main\resources
2019-02-20 01:36:53,712 [Worker-71] INFO  o.e.m.c.i.embedder.EclipseLogger - Using 'UTF-8' encoding to copy filtered resources.
2019-02-20 01:36:53,712 [Worker-71] INFO  o.e.m.c.i.embedder.EclipseLogger - skip non existing resourceDirectory H:\GtihubRepository\FX\programe\workspace\ohlc\src\test\resources
2019-02-20 01:37:11,247 [Worker-61] INFO  o.e.m.c.i.embedder.EclipseLogger - Using 'UTF-8' encoding to copy filtered resources.
2019-02-20 01:37:11,248 [Worker-61] INFO  o.e.m.c.i.embedder.EclipseLogger - skip non existing resourceDirectory H:\GtihubRepository\FX\programe\workspace\ohlc\src\main\resources
2019-02-20 01:37:11,249 [Worker-61] INFO  o.e.m.c.i.embedder.EclipseLogger - Using 'UTF-8' encoding to copy filtered resources.
2019-02-20 01:37:11,249 [Worker-61] INFO  o.e.m.c.i.embedder.EclipseLogger - skip non existing resourceDirectory H:\GtihubRepository\FX\programe\workspace\ohlc\src\test\resources
2019-02-20 01:37:35,847 [Worker-57] INFO  o.e.m.c.i.embedder.EclipseLogger - Using 'UTF-8' encoding to copy filtered resources.
2019-02-20 01:37:35,848 [Worker-57] INFO  o.e.m.c.i.embedder.EclipseLogger - skip non existing resourceDirectory H:\GtihubRepository\FX\programe\workspace\ohlc\src\main\resources
2019-02-20 01:37:35,848 [Worker-57] INFO  o.e.m.c.i.embedder.EclipseLogger - Using 'UTF-8' encoding to copy filtered resources.
2019-02-20 01:37:35,849 [Worker-57] INFO  o.e.m.c.i.embedder.EclipseLogger - skip non existing resourceDirectory H:\GtihubRepository\FX\programe\workspace\ohlc\src\test\resources
2019-02-20 01:38:24,112 [Worker-57] INFO  o.e.m.c.i.embedder.EclipseLogger - Using 'UTF-8' encoding to copy filtered resources.
2019-02-20 01:38:24,113 [Worker-57] INFO  o.e.m.c.i.embedder.EclipseLogger - skip non existing resourceDirectory H:\GtihubRepository\FX\programe\workspace\ohlc\src\main\resources
2019-02-20 01:38:24,113 [Worker-57] INFO  o.e.m.c.i.embedder.EclipseLogger - Using 'UTF-8' encoding to copy filtered resources.
2019-02-20 01:38:24,113 [Worker-57] INFO  o.e.m.c.i.embedder.EclipseLogger - skip non existing resourceDirectory H:\GtihubRepository\FX\programe\workspace\ohlc\src\test\resources
2019-02-20 01:46:29,279 [Worker-80] INFO  o.e.m.c.i.embedder.EclipseLogger - Using 'UTF-8' encoding to copy filtered resources.
2019-02-20 01:46:29,279 [Worker-80] INFO  o.e.m.c.i.embedder.EclipseLogger - skip non existing resourceDirectory H:\GtihubRepository\FX\programe\workspace\ohlc\src\main\resources
2019-02-20 01:46:29,281 [Worker-80] INFO  o.e.m.c.i.embedder.EclipseLogger - Using 'UTF-8' encoding to copy filtered resources.
2019-02-20 01:46:29,281 [Worker-80] INFO  o.e.m.c.i.embedder.EclipseLogger - skip non existing resourceDirectory H:\GtihubRepository\FX\programe\workspace\ohlc\src\test\resources
2019-02-20 01:46:31,354 [Worker-88] INFO  o.e.m.c.i.embedder.EclipseLogger - Using 'UTF-8' encoding to copy filtered resources.
2019-02-20 01:46:31,355 [Worker-88] INFO  o.e.m.c.i.embedder.EclipseLogger - skip non existing resourceDirectory H:\GtihubRepository\FX\programe\workspace\ohlc\src\main\resources
2019-02-20 01:46:31,356 [Worker-88] INFO  o.e.m.c.i.embedder.EclipseLogger - Using 'UTF-8' encoding to copy filtered resources.
2019-02-20 01:46:31,356 [Worker-88] INFO  o.e.m.c.i.embedder.EclipseLogger - skip non existing resourceDirectory H:\GtihubRepository\FX\programe\workspace\ohlc\src\test\resources
2019-02-20 01:48:58,898 [Worker-0] INFO  o.e.m.c.i.l.LifecycleMappingFactory - Using org.eclipse.m2e.jdt.JarLifecycleMapping lifecycle mapping for MavenProject: ty.fx:ohlc:0.0.1-SNAPSHOT @ H:\GtihubRepository\FX\programe\workspace\ohlc\pom.xml.
2019-02-20 01:48:59,948 [Worker-0] INFO  o.e.m.c.i.embedder.EclipseLogger - Using 'UTF-8' encoding to copy filtered resources.
2019-02-20 01:48:59,948 [Worker-0] INFO  o.e.m.c.i.embedder.EclipseLogger - skip non existing resourceDirectory H:\GtihubRepository\FX\programe\workspace\ohlc\src\main\resources
2019-02-20 01:48:59,951 [Worker-0] INFO  o.e.m.c.i.embedder.EclipseLogger - Using 'UTF-8' encoding to copy filtered resources.
2019-02-20 01:48:59,951 [Worker-0] INFO  o.e.m.c.i.embedder.EclipseLogger - skip non existing resourceDirectory H:\GtihubRepository\FX\programe\workspace\ohlc\src\test\resources
2019-02-20 01:49:00,760 [Worker-0] INFO  o.e.m.c.i.l.LifecycleMappingFactory - Using org.eclipse.m2e.jdt.JarLifecycleMapping lifecycle mapping for MavenProject: ty.fx:ohlc:0.0.1-SNAPSHOT @ H:\GtihubRepository\FX\programe\workspace\ohlc\pom.xml.
2019-02-20 01:49:01,427 [Worker-4] INFO  o.e.m.c.i.embedder.EclipseLogger - Using 'UTF-8' encoding to copy filtered resources.
2019-02-20 01:49:01,441 [Worker-4] INFO  o.e.m.c.i.embedder.EclipseLogger - skip non existing resourceDirectory H:\GtihubRepository\FX\programe\workspace\ohlc\src\main\resources
2019-02-20 01:49:01,443 [Worker-4] INFO  o.e.m.c.i.embedder.EclipseLogger - Using 'UTF-8' encoding to copy filtered resources.
2019-02-20 01:49:01,443 [Worker-4] INFO  o.e.m.c.i.embedder.EclipseLogger - skip non existing resourceDirectory H:\GtihubRepository\FX\programe\workspace\ohlc\src\test\resources
2019-02-20 01:50:57,692 [Worker-20] INFO  o.e.m.c.i.embedder.EclipseLogger - Using 'UTF-8' encoding to copy filtered resources.
2019-02-20 01:50:57,693 [Worker-20] INFO  o.e.m.c.i.embedder.EclipseLogger - skip non existing resourceDirectory H:\GtihubRepository\FX\programe\workspace\ohlc\src\main\resources
2019-02-20 01:50:57,694 [Worker-20] INFO  o.e.m.c.i.embedder.EclipseLogger - Using 'UTF-8' encoding to copy filtered resources.
2019-02-20 01:50:57,694 [Worker-20] INFO  o.e.m.c.i.embedder.EclipseLogger - skip non existing resourceDirectory H:\GtihubRepository\FX\programe\workspace\ohlc\src\test\resources
2019-02-20 01:51:11,453 [Worker-1] INFO  o.e.m.c.i.embedder.EclipseLogger - Using 'UTF-8' encoding to copy filtered resources.
2019-02-20 01:51:11,453 [Worker-1] INFO  o.e.m.c.i.embedder.EclipseLogger - skip non existing resourceDirectory H:\GtihubRepository\FX\programe\workspace\ohlc\src\main\resources
2019-02-20 01:51:11,454 [Worker-1] INFO  o.e.m.c.i.embedder.EclipseLogger - Using 'UTF-8' encoding to copy filtered resources.
2019-02-20 01:51:11,455 [Worker-1] INFO  o.e.m.c.i.embedder.EclipseLogger - skip non existing resourceDirectory H:\GtihubRepository\FX\programe\workspace\ohlc\src\test\resources
2019-02-20 01:51:26,979 [Worker-22] INFO  o.e.m.c.i.embedder.EclipseLogger - Using 'UTF-8' encoding to copy filtered resources.
2019-02-20 01:51:26,979 [Worker-22] INFO  o.e.m.c.i.embedder.EclipseLogger - skip non existing resourceDirectory H:\GtihubRepository\FX\programe\workspace\ohlc\src\main\resources
2019-02-20 01:51:26,980 [Worker-22] INFO  o.e.m.c.i.embedder.EclipseLogger - Using 'UTF-8' encoding to copy filtered resources.
2019-02-20 01:51:26,981 [Worker-22] INFO  o.e.m.c.i.embedder.EclipseLogger - skip non existing resourceDirectory H:\GtihubRepository\FX\programe\workspace\ohlc\src\test\resources
2019-02-20 01:52:12,833 [Worker-1] INFO  o.e.m.c.i.embedder.EclipseLogger - Using 'UTF-8' encoding to copy filtered resources.
2019-02-20 01:52:12,834 [Worker-1] INFO  o.e.m.c.i.embedder.EclipseLogger - skip non existing resourceDirectory H:\GtihubRepository\FX\programe\workspace\ohlc\src\main\resources
2019-02-20 01:52:12,835 [Worker-1] INFO  o.e.m.c.i.embedder.EclipseLogger - Using 'UTF-8' encoding to copy filtered resources.
2019-02-20 01:52:12,836 [Worker-1] INFO  o.e.m.c.i.embedder.EclipseLogger - skip non existing resourceDirectory H:\GtihubRepository\FX\programe\workspace\ohlc\src\test\resources
2019-02-20 01:52:56,746 [Worker-20] INFO  o.e.m.c.i.embedder.EclipseLogger - Using 'UTF-8' encoding to copy filtered resources.
2019-02-20 01:52:56,746 [Worker-20] INFO  o.e.m.c.i.embedder.EclipseLogger - skip non existing resourceDirectory H:\GtihubRepository\FX\programe\workspace\ohlc\src\main\resources
2019-02-20 01:52:56,747 [Worker-20] INFO  o.e.m.c.i.embedder.EclipseLogger - Using 'UTF-8' encoding to copy filtered resources.
2019-02-20 01:52:56,748 [Worker-20] INFO  o.e.m.c.i.embedder.EclipseLogger - skip non existing resourceDirectory H:\GtihubRepository\FX\programe\workspace\ohlc\src\test\resources
2019-02-20 01:53:33,831 [Worker-0] INFO  o.e.m.c.i.embedder.EclipseLogger - Using 'UTF-8' encoding to copy filtered resources.
2019-02-20 01:53:33,831 [Worker-0] INFO  o.e.m.c.i.embedder.EclipseLogger - skip non existing resourceDirectory H:\GtihubRepository\FX\programe\workspace\ohlc\src\main\resources
2019-02-20 01:53:33,834 [Worker-0] INFO  o.e.m.c.i.embedder.EclipseLogger - Using 'UTF-8' encoding to copy filtered resources.
2019-02-20 01:53:33,834 [Worker-0] INFO  o.e.m.c.i.embedder.EclipseLogger - skip non existing resourceDirectory H:\GtihubRepository\FX\programe\workspace\ohlc\src\test\resources
2019-02-20 01:53:50,413 [Worker-10] INFO  o.e.m.c.i.embedder.EclipseLogger - Using 'UTF-8' encoding to copy filtered resources.
2019-02-20 01:53:50,413 [Worker-10] INFO  o.e.m.c.i.embedder.EclipseLogger - skip non existing resourceDirectory H:\GtihubRepository\FX\programe\workspace\ohlc\src\main\resources
2019-02-20 01:53:50,417 [Worker-10] INFO  o.e.m.c.i.embedder.EclipseLogger - Using 'UTF-8' encoding to copy filtered resources.
2019-02-20 01:53:50,417 [Worker-10] INFO  o.e.m.c.i.embedder.EclipseLogger - skip non existing resourceDirectory H:\GtihubRepository\FX\programe\workspace\ohlc\src\test\resources
2019-02-20 01:54:27,107 [Worker-22] INFO  o.e.m.c.i.embedder.EclipseLogger - Using 'UTF-8' encoding to copy filtered resources.
2019-02-20 01:54:27,107 [Worker-22] INFO  o.e.m.c.i.embedder.EclipseLogger - skip non existing resourceDirectory H:\GtihubRepository\FX\programe\workspace\ohlc\src\main\resources
2019-02-20 01:54:27,108 [Worker-22] INFO  o.e.m.c.i.embedder.EclipseLogger - Using 'UTF-8' encoding to copy filtered resources.
2019-02-20 01:54:27,108 [Worker-22] INFO  o.e.m.c.i.embedder.EclipseLogger - skip non existing resourceDirectory H:\GtihubRepository\FX\programe\workspace\ohlc\src\test\resources
2019-02-20 01:54:51,868 [Worker-10] INFO  o.e.m.c.i.embedder.EclipseLogger - Using 'UTF-8' encoding to copy filtered resources.
2019-02-20 01:54:51,868 [Worker-10] INFO  o.e.m.c.i.embedder.EclipseLogger - skip non existing resourceDirectory H:\GtihubRepository\FX\programe\workspace\ohlc\src\main\resources
2019-02-20 01:54:51,870 [Worker-10] INFO  o.e.m.c.i.embedder.EclipseLogger - Using 'UTF-8' encoding to copy filtered resources.
2019-02-20 01:54:51,870 [Worker-10] INFO  o.e.m.c.i.embedder.EclipseLogger - skip non existing resourceDirectory H:\GtihubRepository\FX\programe\workspace\ohlc\src\test\resources
2019-02-20 01:55:36,446 [Worker-10] INFO  o.e.m.c.i.embedder.EclipseLogger - Using 'UTF-8' encoding to copy filtered resources.
2019-02-20 01:55:36,446 [Worker-10] INFO  o.e.m.c.i.embedder.EclipseLogger - skip non existing resourceDirectory H:\GtihubRepository\FX\programe\workspace\ohlc\src\main\resources
2019-02-20 01:55:36,447 [Worker-10] INFO  o.e.m.c.i.embedder.EclipseLogger - Using 'UTF-8' encoding to copy filtered resources.
2019-02-20 01:55:36,448 [Worker-10] INFO  o.e.m.c.i.embedder.EclipseLogger - skip non existing resourceDirectory H:\GtihubRepository\FX\programe\workspace\ohlc\src\test\resources
2019-02-20 01:57:37,127 [Worker-14] INFO  o.e.m.c.i.embedder.EclipseLogger - Using 'UTF-8' encoding to copy filtered resources.
2019-02-20 01:57:37,128 [Worker-14] INFO  o.e.m.c.i.embedder.EclipseLogger - skip non existing resourceDirectory H:\GtihubRepository\FX\programe\workspace\ohlc\src\main\resources
2019-02-20 01:57:37,129 [Worker-14] INFO  o.e.m.c.i.embedder.EclipseLogger - Using 'UTF-8' encoding to copy filtered resources.
2019-02-20 01:57:37,130 [Worker-14] INFO  o.e.m.c.i.embedder.EclipseLogger - skip non existing resourceDirectory H:\GtihubRepository\FX\programe\workspace\ohlc\src\test\resources
2019-02-20 01:57:48,006 [Worker-0] INFO  o.e.m.c.i.embedder.EclipseLogger - Using 'UTF-8' encoding to copy filtered resources.
2019-02-20 01:57:48,006 [Worker-0] INFO  o.e.m.c.i.embedder.EclipseLogger - skip non existing resourceDirectory H:\GtihubRepository\FX\programe\workspace\ohlc\src\main\resources
2019-02-20 01:57:48,008 [Worker-0] INFO  o.e.m.c.i.embedder.EclipseLogger - Using 'UTF-8' encoding to copy filtered resources.
2019-02-20 01:57:48,008 [Worker-0] INFO  o.e.m.c.i.embedder.EclipseLogger - skip non existing resourceDirectory H:\GtihubRepository\FX\programe\workspace\ohlc\src\test\resources
